# 2025-05-18 02:59:07 -04: Reading parameter file '/home/dianag/PruebasPablo/irace-independent-executions/PSO-X/Scenarios/E3-BH-Mixed-N/Runs/E3-BH-Mixed-N_seed_4040404040/parameters.txt'.
# 2025-05-18 02:59:07 -04: 2 expression(s) specifying forbidden configurations read.
# 2025-05-18 02:59:07 -04: Initialization
# Elitist race
# Elitist new instances: 1
# Elitist limit: 2
# nbIterations: 5
# minNbSurvival: 5
# nbParameters: 8
# seed: 1022354641
# confidence level: 0.95
# budget: 4000
# mu: 5
# deterministic: FALSE

# 2025-05-18 02:59:07 -04: Iteration 1 of 5
# experimentsUsed: 0
# remainingBudget: 4000
# currentBudget: 800
# nbConfigurations: 133
# Markers:
     x No test is performed.
     c Configurations are discarded only due to capping.
     - The test is performed and some configurations are discarded.
     = The test is performed but no configuration is discarded.
     ! The test is performed and configurations could be discarded but elite configurations are preserved.
     . All alive configurations are elite and nothing is discarded.

+-+-----------+-----------+-----------+----------------+-----------+--------+-----+----+------+
| |   Instance|      Alive|       Best|       Mean best| Exp so far|  W time|  rho|KenW|  Qvar|
+-+-----------+-----------+-----------+----------------+-----------+--------+-----+----+------+
|x|          1|        133|         53|     120.8894644|        133|00:00:42|   NA|  NA|    NA|
|x|          2|        133|         53|     515.2088983|        266|00:04:08|+0.68|0.84|0.4937|
|x|          3|        133|         55|     649.7746016|        399|00:04:09|+0.71|0.81|0.3598|
|x|          4|        133|        128|     632.5766036|        532|00:04:06|+0.64|0.73|0.4177|
|-|          5|         35|        128|     552.0086125|        665|00:04:02|+0.02|0.22|1.0087|
|=|          6|         35|        128|     461.1530733|        700|00:00:05|+0.05|0.21|0.9610|
|-|          7|         18|        128|     420.5142735|        735|00:00:04|-0.02|0.13|0.9683|
|=|          8|         18|         88|     389.9279551|        753|00:00:37|-0.01|0.12|0.9676|
|=|          9|         18|         88|     349.9345526|        771|00:00:02|+0.01|0.12|0.9265|
+-+-----------+-----------+-----------+----------------+-----------+--------+-----+----+------+
Best-so-far configuration:          88    mean value:      349.9345526
Description of the best-so-far configuration:
   .ID. particles topology modInfluence branching tSchedule phi1 phi2 inertia
88   88        26        1            1        NA        NA  2.4  1.9    0.65
   .PARENT.
88       NA

# 2025-05-18 03:17:07 -04: Elite configurations (first number is the configuration ID; listed from best to worst according to the sum of ranks):
    particles topology modInfluence branching tSchedule phi1 phi2 inertia
88         26        1            1        NA        NA 2.40 1.90    0.65
53         71        4            0        NA        NA 1.92 1.65    0.73
128        73        4            2        NA        NA 0.27 2.19    0.70
42        102        4            1        NA        NA 2.46 0.94    0.76
130        11        4            1        NA        NA 1.05 2.03    0.75
# 2025-05-18 03:17:07 -04: Iteration 2 of 5
# experimentsUsed: 771
# remainingBudget: 3229
# currentBudget: 807
# nbConfigurations: 85
# Markers:
     x No test is performed.
     c Configurations are discarded only due to capping.
     - The test is performed and some configurations are discarded.
     = The test is performed but no configuration is discarded.
     ! The test is performed and configurations could be discarded but elite configurations are preserved.
     . All alive configurations are elite and nothing is discarded.

+-+-----------+-----------+-----------+----------------+-----------+--------+-----+----+------+
| |   Instance|      Alive|       Best|       Mean best| Exp so far|  W time|  rho|KenW|  Qvar|
+-+-----------+-----------+-----------+----------------+-----------+--------+-----+----+------+
|x|         10|         85|        164|     876.6404962|         85|00:02:56|   NA|  NA|    NA|
|x|          4|         85|        161|     737.1508814|        165|00:02:25|+0.46|0.73|0.3014|
|x|          6|         85|        155|     495.8865571|        245|00:00:21|+0.37|0.58|0.4617|
|x|          1|         85|        128|     407.9465343|        325|00:00:21|+0.39|0.54|0.4556|
|-|          9|         46|        142|     332.1558506|        405|00:00:21|-0.11|0.11|1.0432|
|=|          7|         46|        142|     305.4233209|        446|00:00:09|-0.05|0.13|0.9679|
|=|          3|         46|         88|     389.8429418|        487|00:01:19|-0.03|0.11|0.9527|
|=|          5|         46|         88|     368.3088854|        528|00:01:15|+0.00|0.13|0.9202|
|=|          2|         46|         88|     428.6041946|        569|00:01:18|+0.04|0.14|0.8833|
|-|          8|         27|        180|     411.3611951|        610|00:01:16|-0.02|0.08|0.9623|
|=|         11|         27|        180|     10384.57388|        637|00:00:03|-0.02|0.07|0.9633|
|=|         12|         27|        180|     9521.971779|        664|00:00:23|-0.02|0.07|0.9637|
+-+-----------+-----------+-----------+----------------+-----------+--------+-----+----+------+
Best-so-far configuration:         180    mean value:      9521.971779
Description of the best-so-far configuration:
    .ID. particles topology modInfluence branching tSchedule phi1 phi2 inertia
180  180       108        4            0        NA        NA 1.41 1.94    0.65
    .PARENT.
180       53

# 2025-05-18 03:29:19 -04: Elite configurations (first number is the configuration ID; listed from best to worst according to the sum of ranks):
    particles topology modInfluence branching tSchedule phi1 phi2 inertia
180       108        4            0        NA        NA 1.41 1.94    0.65
88         26        1            1        NA        NA 2.40 1.90    0.65
138        72        1            0        NA        NA 1.45 1.79    0.70
142       107        4            0        NA        NA 0.33 2.49    0.44
53         71        4            0        NA        NA 1.92 1.65    0.73
# 2025-05-18 03:29:19 -04: Iteration 3 of 5
# experimentsUsed: 1435
# remainingBudget: 2565
# currentBudget: 855
# nbConfigurations: 70
# Markers:
     x No test is performed.
     c Configurations are discarded only due to capping.
     - The test is performed and some configurations are discarded.
     = The test is performed but no configuration is discarded.
     ! The test is performed and configurations could be discarded but elite configurations are preserved.
     . All alive configurations are elite and nothing is discarded.

+-+-----------+-----------+-----------+----------------+-----------+--------+-----+----+------+
| |   Instance|      Alive|       Best|       Mean best| Exp so far|  W time|  rho|KenW|  Qvar|
+-+-----------+-----------+-----------+----------------+-----------+--------+-----+----+------+
|x|         13|         70|        249|     909.2032601|         70|00:02:00|   NA|  NA|    NA|
|x|          5|         70|        249|     559.1439825|        135|00:01:54|+0.52|0.76|0.1959|
|x|          2|         70|        249|     675.9903970|        200|00:01:58|+0.64|0.76|0.1541|
|x|         12|         70|        242|     515.2475189|        265|00:00:52|+0.44|0.58|0.3222|
|-|          8|         26|         53|     466.9257221|        330|00:01:52|+0.09|0.27|0.9678|
|-|         10|         16|         53|     535.9433219|        351|00:00:42|+0.01|0.17|0.9190|
|=|         11|         16|         53|     23259.71711|        362|00:00:02|-0.05|0.10|0.9843|
|=|          6|         16|        249|     13063.05758|        373|00:00:01|-0.05|0.08|0.9897|
|=|          7|         16|        249|     11625.12058|        384|00:00:01|-0.01|0.10|0.9657|
|=|          4|         16|        249|     10517.71826|        395|00:00:25|+0.02|0.12|0.9585|
|=|          3|         16|        242|     11865.51109|        406|00:00:25|+0.02|0.11|0.9677|
|=|          9|         16|        275|     10800.09105|        417|00:00:01|+0.03|0.11|0.9503|
|=|          1|         16|        268|     11551.73919|        428|00:00:01|+0.01|0.09|0.9553|
|=|         14|         16|        268|     10766.65771|        444|00:00:27|+0.04|0.11|0.9415|
+-+-----------+-----------+-----------+----------------+-----------+--------+-----+----+------+
Best-so-far configuration:         268    mean value:      10766.65771
Description of the best-so-far configuration:
    .ID. particles topology modInfluence branching tSchedule phi1 phi2 inertia
268  268       136        4            0        NA        NA 1.73 2.48    0.58
    .PARENT.
268      142

# 2025-05-18 03:40:09 -04: Elite configurations (first number is the configuration ID; listed from best to worst according to the sum of ranks):
    particles topology modInfluence branching tSchedule phi1 phi2 inertia
268       136        4            0        NA        NA 1.73 2.48    0.58
275       135        4            0        NA        NA 1.44 2.34    0.55
242        37        1            0        NA        NA 1.39 2.35    0.50
249        94        4            0        NA        NA 1.32 2.01    0.39
180       108        4            0        NA        NA 1.41 1.94    0.65
# 2025-05-18 03:40:09 -04: Iteration 4 of 5
# experimentsUsed: 1879
# remainingBudget: 2121
# currentBudget: 1060
# nbConfigurations: 75
# Markers:
     x No test is performed.
     c Configurations are discarded only due to capping.
     - The test is performed and some configurations are discarded.
     = The test is performed but no configuration is discarded.
     ! The test is performed and configurations could be discarded but elite configurations are preserved.
     . All alive configurations are elite and nothing is discarded.

+-+-----------+-----------+-----------+----------------+-----------+--------+-----+----+------+
| |   Instance|      Alive|       Best|       Mean best| Exp so far|  W time|  rho|KenW|  Qvar|
+-+-----------+-----------+-----------+----------------+-----------+--------+-----+----+------+
|x|         15|         75|        281|     142.3866959|         75|00:00:09|   NA|  NA|    NA|
|x|          1|         75|        338|     136.5928937|        145|00:00:08|-0.02|0.49|0.9091|
|x|          5|         75|        284|     170.7324368|        215|00:01:52|+0.11|0.41|0.7092|
|x|          2|         75|        284|     355.4456140|        285|00:01:57|+0.18|0.38|0.7289|
|-|          6|         58|        323|     286.3830787|        355|00:00:08|-0.11|0.11|1.1086|
|=|          3|         58|        242|     394.7209370|        408|00:01:33|-0.05|0.12|1.0472|
|=|          4|         58|        242|     418.4502364|        461|00:01:31|-0.03|0.12|1.0172|
|=|          7|         58|        242|     381.5415021|        514|00:00:06|+0.02|0.14|0.9948|
|=|          8|         58|        292|     368.4387659|        567|00:01:29|+0.01|0.12|0.9759|
|=|         14|         58|        292|     387.3682443|        620|00:01:29|+0.01|0.11|0.9760|
|=|         13|         58|        242|     450.3894793|        673|00:01:33|+0.02|0.11|0.9725|
|-|          9|         40|        268|     401.1511395|        726|00:00:06|-0.00|0.08|0.9804|
|=|         12|         40|        242|     389.2794197|        761|00:00:28|-0.01|0.07|0.9928|
|=|         11|         40|        242|     9323.212271|        796|00:00:05|-0.00|0.07|0.9834|
|=|         10|         40|        338|     6082.601528|        831|00:01:13|-0.00|0.06|0.9694|
|=|         16|         40|        338|     5705.528874|        871|00:00:05|+0.00|0.07|0.9550|
+-+-----------+-----------+-----------+----------------+-----------+--------+-----+----+------+
Best-so-far configuration:         338    mean value:      5705.528874
Description of the best-so-far configuration:
    .ID. particles topology modInfluence branching tSchedule phi1 phi2 inertia
338  338       155        4            0        NA        NA 1.68  2.3    0.47
    .PARENT.
338      268

# 2025-05-18 03:54:09 -04: Elite configurations (first number is the configuration ID; listed from best to worst according to the sum of ranks):
    particles topology modInfluence branching tSchedule phi1 phi2 inertia
338       155        4            0        NA        NA 1.68 2.30    0.47
286       161        4            0        NA        NA 1.86 2.46    0.35
284       135        4            0        NA        NA 1.73 2.08    0.66
300       119        4            0        NA        NA 1.40 2.37    0.64
328       147        4            0        NA        NA 1.57 2.49    0.51
# 2025-05-18 03:54:09 -04: Iteration 5 of 5
# experimentsUsed: 2750
# remainingBudget: 1250
# currentBudget: 1250
# nbConfigurations: 78
# Markers:
     x No test is performed.
     c Configurations are discarded only due to capping.
     - The test is performed and some configurations are discarded.
     = The test is performed but no configuration is discarded.
     ! The test is performed and configurations could be discarded but elite configurations are preserved.
     . All alive configurations are elite and nothing is discarded.

+-+-----------+-----------+-----------+----------------+-----------+--------+-----+----+------+
| |   Instance|      Alive|       Best|       Mean best| Exp so far|  W time|  rho|KenW|  Qvar|
+-+-----------+-----------+-----------+----------------+-----------+--------+-----+----+------+
|x|         17|         78|        349|     462.5450687|         78|00:02:09|   NA|  NA|    NA|
|x|         15|         78|        349|     302.6121794|        151|00:00:09|+0.50|0.75|0.6153|
|x|         16|         78|        353|     215.7245770|        224|00:00:09|+0.17|0.44|0.8402|
|x|         11|         78|        416|     20257.45790|        297|00:00:08|+0.27|0.45|0.8475|
|=|          2|         78|        416|     16387.90181|        370|00:02:13|+0.05|0.24|0.8899|
|=|         13|         78|        416|     13808.22795|        443|00:02:09|+0.02|0.18|0.8934|
|=|          3|         78|        374|     13784.00777|        516|00:02:11|+0.00|0.14|0.8581|
|=|          7|         78|        374|     12075.79710|        589|00:00:08|+0.01|0.14|0.8654|
|-|          6|         47|        374|     10734.62150|        662|00:00:07|-0.05|0.07|1.0266|
|=|          9|         47|        374|     9663.495079|        704|00:00:05|-0.05|0.06|1.0248|
|=|         14|         47|        374|     8833.430040|        746|00:01:16|-0.01|0.08|1.0023|
|=|         12|         47|        374|     8100.145112|        788|00:00:35|-0.01|0.07|0.9987|
|=|          5|         47|        374|     7496.422176|        830|00:01:15|-0.03|0.05|1.0136|
|=|          1|         47|        338|     6428.231161|        872|00:00:05|-0.02|0.05|1.0062|
|=|          4|         47|        374|     6542.774681|        914|00:01:16|-0.01|0.06|0.9967|
|=|         10|         47|        374|     6191.136005|        956|00:01:28|-0.01|0.06|0.9871|
|=|          8|         47|        417|     7276.542372|        998|00:01:14|-0.01|0.05|0.9840|
|=|         18|         47|        417|     13757.87287|       1045|00:00:05|-0.01|0.05|0.9837|
+-+-----------+-----------+-----------+----------------+-----------+--------+-----+----+------+
Best-so-far configuration:         417    mean value:      13757.87287
Description of the best-so-far configuration:
    .ID. particles topology modInfluence branching tSchedule phi1 phi2 inertia
417  417       131        4            0        NA        NA  1.8 2.47    0.54
    .PARENT.
417      328

# 2025-05-18 04:11:00 -04: Elite configurations (first number is the configuration ID; listed from best to worst according to the sum of ranks):
    particles topology modInfluence branching tSchedule phi1 phi2 inertia
417       131        4            0        NA        NA 1.80 2.47    0.54
338       155        4            0        NA        NA 1.68 2.30    0.47
365       145        4            0        NA        NA 1.77 2.31    0.44
374       162        4            0        NA        NA 2.05 2.46    0.31
416       148        4            0        NA        NA 2.00 2.46    0.40
# 2025-05-18 04:11:00 -04: Iteration 6 of 6
# experimentsUsed: 3795
# remainingBudget: 205
# currentBudget: 205
# nbConfigurations: 15
# Markers:
     x No test is performed.
     c Configurations are discarded only due to capping.
     - The test is performed and some configurations are discarded.
     = The test is performed but no configuration is discarded.
     ! The test is performed and configurations could be discarded but elite configurations are preserved.
     . All alive configurations are elite and nothing is discarded.

+-+-----------+-----------+-----------+----------------+-----------+--------+-----+----+------+
| |   Instance|      Alive|       Best|       Mean best| Exp so far|  W time|  rho|KenW|  Qvar|
+-+-----------+-----------+-----------+----------------+-----------+--------+-----+----+------+
|x|         19|         15|        423|     12.32306060|         15|00:00:02|   NA|  NA|    NA|
|x|         13|         15|        428|     461.2046442|         25|00:00:24|-0.38|0.31|1.4017|
|x|          9|         15|        428|     316.7941235|         35|00:00:01|-0.12|0.25|1.0708|
|x|         14|         15|        428|     370.5524335|         45|00:00:24|-0.02|0.24|0.9698|
|=|          7|         15|        428|     323.3673772|         55|00:00:01|+0.05|0.24|0.9097|
|=|         12|         15|        428|     275.1464390|         65|00:00:11|-0.05|0.12|0.9509|
|=|         16|         15|        417|     244.7186735|         75|00:00:02|-0.04|0.11|0.9561|
|=|          5|         15|        417|     243.2065141|         85|00:00:24|-0.02|0.11|0.9348|
|=|          6|         15|        417|     216.8123046|         95|00:00:01|-0.04|0.07|0.9516|
|=|         15|         15|        428|     213.5658110|        105|00:00:02|-0.03|0.08|0.9450|
|=|         11|         15|        338|     7962.742662|        115|00:00:01|-0.02|0.07|0.9516|
|=|         18|         15|        338|     16299.68567|        125|00:00:01|-0.02|0.07|0.9442|
|=|          1|         15|        338|     15055.34757|        135|00:00:01|-0.01|0.07|0.9360|
|=|          8|         15|        338|     14002.12439|        145|00:00:24|-0.01|0.06|0.9436|
|=|         10|         15|        338|     13128.02319|        155|00:00:28|+0.01|0.08|0.9278|
|=|          2|         15|        338|     12364.38200|        165|00:00:26|+0.02|0.08|0.9187|
|=|          4|         15|        416|     11166.67531|        175|00:00:25|+0.01|0.06|0.9280|
|=|          3|         15|        338|     11072.74870|        185|00:00:26|+0.01|0.07|0.9205|
|=|         17|         15|        416|     10064.21892|        195|00:00:23|+0.01|0.06|0.9240|
+-+-----------+-----------+-----------+----------------+-----------+--------+-----+----+------+
Best-so-far configuration:         416    mean value:      10064.21892
Description of the best-so-far configuration:
    .ID. particles topology modInfluence branching tSchedule phi1 phi2 inertia
416  416       148        4            0        NA        NA    2 2.46     0.4
    .PARENT.
416      286

# 2025-05-18 04:15:20 -04: Elite configurations (first number is the configuration ID; listed from best to worst according to the sum of ranks):
    particles topology modInfluence branching tSchedule phi1 phi2 inertia
416       148        4            0        NA        NA 2.00 2.46    0.40
338       155        4            0        NA        NA 1.68 2.30    0.47
365       145        4            0        NA        NA 1.77 2.31    0.44
423       163        4            0        NA        NA 2.15 2.28    0.30
417       131        4            0        NA        NA 1.80 2.47    0.54
# 2025-05-18 04:15:20 -04: Stopped because there is not enough budget left to race more than the minimum (5).
# You may either increase the budget or set 'minNbSurvival' to a lower value.
# Iteration: 7
# nbIterations: 7
# experimentsUsed: 3990
# timeUsed: 0
# remainingBudget: 10
# currentBudget: 10
# number of elites: 5
# nbConfigurations: 5
# Total CPU user time: 33336.99, CPU sys time: 169.696, Wall-clock time: 4572.786
# 2025-05-18 04:15:20 -04: Starting post-selection:
# Configurations selected: 416, 338, 365, 423, 417, 374, 422, 424, 425, 426.
# Pending instances: 0, 0, 0, 0, 0, 0, 0, 0, 0, 0.
# 2025-05-18 04:15:20 -04: seed: 1022354641
# Configurations: 10
# Available experiments: 10
# minSurvival: 1
# Markers:
     x No test is performed.
     c Configurations are discarded only due to capping.
     - The test is performed and some configurations are discarded.
     = The test is performed but no configuration is discarded.
     ! The test is performed and configurations could be discarded but elite configurations are preserved.
     . All alive configurations are elite and nothing is discarded.

+-+-----------+-----------+-----------+----------------+-----------+--------+-----+----+------+
| |   Instance|      Alive|       Best|       Mean best| Exp so far|  W time|  rho|KenW|  Qvar|
+-+-----------+-----------+-----------+----------------+-----------+--------+-----+----+------+
|.|         17|         10|        374|     474.2165091|          0|00:00:00|   NA|  NA|    NA|
|.|         16|         10|        374|     262.7934028|          0|00:00:00|-0.28|0.36|1.2070|
|.|          9|         10|        374|     182.9813513|          0|00:00:00|-0.14|0.24|1.0183|
|.|          7|         10|        374|     166.8166235|          0|00:00:00|-0.07|0.20|1.0127|
|.|         10|         10|        374|     316.7644706|          0|00:00:00|-0.03|0.18|0.9843|
|.|         11|         10|        374|     15776.50020|          0|00:00:00|-0.02|0.15|0.9611|
|.|          6|         10|        374|     13523.45970|          0|00:00:00|+0.03|0.17|0.9162|
|.|          2|         10|        374|     11946.85327|          0|00:00:00|-0.05|0.09|0.9647|
|.|          1|         10|        374|     10635.71426|          0|00:00:00|-0.07|0.05|0.9678|
|.|         19|         10|        374|     9573.636301|          0|00:00:00|-0.07|0.04|0.9778|
|.|          8|         10|        374|     8736.782640|          0|00:00:00|-0.04|0.05|0.9571|
|.|         13|         10|        374|     8084.427220|          0|00:00:00|-0.05|0.04|0.9520|
|.|         12|         10|        374|     7465.164426|          0|00:00:00|-0.04|0.04|0.9359|
|.|         18|         10|        374|     16926.51077|          0|00:00:00|-0.02|0.06|0.9196|
|.|         15|         10|        374|     15808.63896|          0|00:00:00|+0.00|0.07|0.9077|
|.|          4|         10|        374|     14854.44463|          0|00:00:00|-0.00|0.06|0.9117|
|.|         14|         10|        374|     14011.99375|          0|00:00:00|+0.01|0.06|0.9040|
|.|          5|         10|        374|     13247.53559|          0|00:00:00|-0.01|0.04|0.9099|
|.|          3|         10|        374|     12598.17737|          0|00:00:00|-0.01|0.04|0.9096|
|=|         20|         10|        416|     9938.539691|         10|00:00:02|-0.01|0.04|0.9109|
+-+-----------+-----------+-----------+----------------+-----------+--------+-----+----+------+
Best-so-far configuration:         416    mean value:      9938.539691
Description of the best-so-far configuration:
    .ID. particles topology modInfluence branching tSchedule phi1 phi2 inertia
416  416       148        4            0        NA        NA    2 2.46     0.4
    .PARENT.
416      286

# 2025-05-18 04:15:22 -04: Elite configurations (first number is the configuration ID; listed from best to worst according to the sum of ranks):
    particles topology modInfluence branching tSchedule phi1 phi2 inertia
416       148        4            0        NA        NA 2.00 2.46    0.40
417       131        4            0        NA        NA 1.80 2.47    0.54
338       155        4            0        NA        NA 1.68 2.30    0.47
423       163        4            0        NA        NA 2.15 2.28    0.30
365       145        4            0        NA        NA 1.77 2.31    0.44
# Total CPU user time: 33348.63, CPU sys time: 169.982, Wall-clock time: 4575.167
    .ID. particles topology modInfluence branching tSchedule phi1 phi2 inertia
416  416       148        4            0        NA        NA 2.00 2.46    0.40
417  417       131        4            0        NA        NA 1.80 2.47    0.54
338  338       155        4            0        NA        NA 1.68 2.30    0.47
423  423       163        4            0        NA        NA 2.15 2.28    0.30
365  365       145        4            0        NA        NA 1.77 2.31    0.44
    .PARENT. .RANK.   .WEIGHT.
416      286     99 0.33333333
417      328     99 0.26666667
338      268    100 0.20000000
423      374    100 0.13333333
365      338    103 0.06666667
