# 2025-05-23 09:11:57 -04: Reading parameter file '/home/dianag/PruebasPablo/irace-independent-executions/PSO-X/Scenarios/E9-BL-Unimodal-N/Runs/E9-BL-Unimodal-N_seed_31415926/parameters.txt'.
# 2025-05-23 09:11:57 -04: 2 expression(s) specifying forbidden configurations read.
# 2025-05-23 09:11:57 -04: Initialization
# Elitist race
# Elitist new instances: 1
# Elitist limit: 2
# nbIterations: 5
# minNbSurvival: 5
# nbParameters: 8
# seed: 31415926
# confidence level: 0.95
# budget: 2000
# mu: 5
# deterministic: FALSE

# 2025-05-23 09:11:57 -04: Iteration 1 of 5
# experimentsUsed: 0
# remainingBudget: 2000
# currentBudget: 400
# nbConfigurations: 66
# Markers:
     x No test is performed.
     c Configurations are discarded only due to capping.
     - The test is performed and some configurations are discarded.
     = The test is performed but no configuration is discarded.
     ! The test is performed and configurations could be discarded but elite configurations are preserved.
     . All alive configurations are elite and nothing is discarded.

+-+-----------+-----------+-----------+----------------+-----------+--------+-----+----+------+
| |   Instance|      Alive|       Best|       Mean best| Exp so far|  W time|  rho|KenW|  Qvar|
+-+-----------+-----------+-----------+----------------+-----------+--------+-----+----+------+
|x|          1|         66|          4|    0.5034072537|         66|00:00:20|   NA|  NA|    NA|
|x|          2|         66|          4|    0.5387406228|        132|00:00:21|+0.97|0.98|0.0388|
|x|          3|         66|         43|     18.88679773|        198|00:00:20|+0.87|0.91|0.1775|
|x|          4|         66|         43|     17.65881113|        264|00:00:21|+0.61|0.71|0.3258|
|-|          5|         12|         43|     14.39894366|        330|00:00:19|+0.41|0.53|0.6968|
|-|          6|          5|         43|     1827.185898|        342|00:00:05|+0.05|0.21|0.7756|
+-+-----------+-----------+-----------+----------------+-----------+--------+-----+----+------+
Best-so-far configuration:          43    mean value:      1827.185898
Description of the best-so-far configuration:
   .ID. particles topology modInfluence branching tSchedule phi1 phi2 inertia
43   43        29        0            0        NA        NA 2.42 2.44     0.5
   .PARENT.
43       NA

# 2025-05-23 09:13:45 -04: Elite configurations (first number is the configuration ID; listed from best to worst according to the sum of ranks):
   particles topology modInfluence branching tSchedule phi1 phi2 inertia
43        29        0            0        NA        NA 2.42 2.44    0.50
13         7        2            0        NA        NA 1.75 2.01    0.04
4         70        2            0        NA        NA 1.91 2.16    0.09
39         4        4            0        NA        NA 1.48 0.87    0.16
1         20        4            1        NA        NA 1.29 0.29    0.32
# 2025-05-23 09:13:45 -04: Iteration 2 of 5
# experimentsUsed: 342
# remainingBudget: 1658
# currentBudget: 414
# nbConfigurations: 63
# Markers:
     x No test is performed.
     c Configurations are discarded only due to capping.
     - The test is performed and some configurations are discarded.
     = The test is performed but no configuration is discarded.
     ! The test is performed and configurations could be discarded but elite configurations are preserved.
     . All alive configurations are elite and nothing is discarded.

+-+-----------+-----------+-----------+----------------+-----------+--------+-----+----+------+
| |   Instance|      Alive|       Best|       Mean best| Exp so far|  W time|  rho|KenW|  Qvar|
+-+-----------+-----------+-----------+----------------+-----------+--------+-----+----+------+
|x|          7|         63|        120|     660494.7992|         63|00:00:15|   NA|  NA|    NA|
|x|          4|         63|        103|     361490.7762|        121|00:00:15|+0.36|0.68|0.1734|
|x|          5|         63|        103|     240994.3853|        179|00:00:14|+0.50|0.67|0.1084|
|x|          1|         63|        103|     180745.9154|        237|00:00:14|+0.61|0.71|0.1221|
|-|          6|         17|         72|     170922.8881|        295|00:00:14|+0.20|0.36|0.8622|
|-|          2|         11|         72|     142435.8308|        307|00:00:01|+0.24|0.37|0.7887|
|-|          3|          7|         87|     114169.0052|        313|00:00:01|-0.03|0.12|0.8166|
|=|          8|          7|        102|     96198.72180|        320|00:00:01|+0.02|0.14|0.7883|
|=|          9|          7|        102|     283344.3416|        327|00:00:01|+0.05|0.16|0.7716|
+-+-----------+-----------+-----------+----------------+-----------+--------+-----+----+------+
Best-so-far configuration:         102    mean value:      283344.3416
Description of the best-so-far configuration:
    .ID. particles topology modInfluence branching tSchedule phi1 phi2 inertia
102  102        18        0            0        NA        NA  1.4 2.33    0.21
    .PARENT.
102       43

# 2025-05-23 09:15:06 -04: Elite configurations (first number is the configuration ID; listed from best to worst according to the sum of ranks):
    particles topology modInfluence branching tSchedule phi1 phi2 inertia
102        18        0            0        NA        NA 1.40 2.33    0.21
87          5        1            1        NA        NA 1.35 2.13    0.20
72         79        0            0        NA        NA 1.30 2.49    0.16
13          7        2            0        NA        NA 1.75 2.01    0.04
122         9        5            0        NA         7 1.45 2.10    0.32
# 2025-05-23 09:15:06 -04: Iteration 3 of 5
# experimentsUsed: 669
# remainingBudget: 1331
# currentBudget: 443
# nbConfigurations: 48
# Markers:
     x No test is performed.
     c Configurations are discarded only due to capping.
     - The test is performed and some configurations are discarded.
     = The test is performed but no configuration is discarded.
     ! The test is performed and configurations could be discarded but elite configurations are preserved.
     . All alive configurations are elite and nothing is discarded.

+-+-----------+-----------+-----------+----------------+-----------+--------+-----+----+------+
| |   Instance|      Alive|       Best|       Mean best| Exp so far|  W time|  rho|KenW|  Qvar|
+-+-----------+-----------+-----------+----------------+-----------+--------+-----+----+------+
|x|         10|         48|        160|     16458.01866|         48|00:00:14|   NA|  NA|    NA|
|x|          3|         48|        160|     8262.788411|         91|00:00:14|+0.38|0.69|0.4311|
|x|          1|         48|        102|     11164.11192|        134|00:00:14|+0.38|0.58|0.3954|
|x|          8|         48|        102|     8373.309357|        177|00:00:14|+0.49|0.62|0.3559|
|-|          9|         16|        145|     169526.2483|        220|00:00:15|+0.09|0.27|0.9320|
|-|          6|         11|        145|     142717.7307|        231|00:00:01|+0.14|0.28|0.8299|
|=|          5|         11|        145|     122329.5944|        237|00:00:01|+0.09|0.22|0.8467|
|=|          7|         11|        145|     199027.4670|        243|00:00:01|+0.10|0.21|0.8583|
|-|          2|          8|        145|     176913.3624|        249|00:00:01|+0.17|0.26|0.7337|
|-|          4|          5|        145|     159223.4467|        252|00:00:01|-0.08|0.03|0.8371|
+-+-----------+-----------+-----------+----------------+-----------+--------+-----+----+------+
Best-so-far configuration:         145    mean value:      159223.4467
Description of the best-so-far configuration:
    .ID. particles topology modInfluence branching tSchedule phi1 phi2 inertia
145  145         2        2            2        NA        NA 1.56 1.92    0.09
    .PARENT.
145       87

# 2025-05-23 09:16:27 -04: Elite configurations (first number is the configuration ID; listed from best to worst according to the sum of ranks):
    particles topology modInfluence branching tSchedule phi1 phi2 inertia
145         2        2            2        NA        NA 1.56 1.92    0.09
102        18        0            0        NA        NA 1.40 2.33    0.21
87          5        1            1        NA        NA 1.35 2.13    0.20
136        10        1            1        NA        NA 1.69 2.07    0.02
134        27        0            0        NA        NA 2.00 2.10    0.21
# 2025-05-23 09:16:27 -04: Iteration 4 of 5
# experimentsUsed: 921
# remainingBudget: 1079
# currentBudget: 539
# nbConfigurations: 53
# Markers:
     x No test is performed.
     c Configurations are discarded only due to capping.
     - The test is performed and some configurations are discarded.
     = The test is performed but no configuration is discarded.
     ! The test is performed and configurations could be discarded but elite configurations are preserved.
     . All alive configurations are elite and nothing is discarded.

+-+-----------+-----------+-----------+----------------+-----------+--------+-----+----+------+
| |   Instance|      Alive|       Best|       Mean best| Exp so far|  W time|  rho|KenW|  Qvar|
+-+-----------+-----------+-----------+----------------+-----------+--------+-----+----+------+
|x|         11|         53|        173|    0.2530376516|         53|00:00:07|   NA|  NA|    NA|
|x|          2|         53|        102|    0.3175437237|        101|00:00:06|+0.52|0.76|0.3781|
|x|          8|         53|        173|    0.4186517435|        149|00:00:06|+0.66|0.78|0.2765|
|x|         10|         53|        173|     8499.386477|        197|00:00:06|+0.48|0.61|0.4730|
|-|          6|         20|        102|     7935.226719|        245|00:00:07|-0.06|0.15|0.9529|
|=|          9|         20|        102|     303364.2389|        260|00:00:01|-0.01|0.16|0.9076|
|=|          5|         20|        173|     160186.1919|        275|00:00:01|+0.02|0.16|0.8832|
|=|          7|         20|        173|     210560.4887|        290|00:00:01|+0.01|0.13|0.9109|
|=|          4|         20|        173|     187166.1240|        305|00:00:01|+0.01|0.12|0.9199|
|=|          1|         20|        173|     168449.5537|        320|00:00:01|+0.05|0.14|0.8954|
|=|          3|         20|        173|     153143.2963|        335|00:00:01|+0.05|0.14|0.8982|
|=|         12|         20|        173|     140388.5996|        355|00:00:02|+0.03|0.11|0.9461|
+-+-----------+-----------+-----------+----------------+-----------+--------+-----+----+------+
Best-so-far configuration:         173    mean value:      140388.5996
Description of the best-so-far configuration:
    .ID. particles topology modInfluence branching tSchedule phi1 phi2 inertia
173  173         6        0            1        NA        NA 1.62 2.19    0.05
    .PARENT.
173      136

# 2025-05-23 09:17:13 -04: Elite configurations (first number is the configuration ID; listed from best to worst according to the sum of ranks):
    particles topology modInfluence branching tSchedule phi1 phi2 inertia
173         6        0            1        NA        NA 1.62 2.19    0.05
203        22        0            0        NA        NA 1.64 2.27    0.19
102        18        0            0        NA        NA 1.40 2.33    0.21
145         2        2            2        NA        NA 1.56 1.92    0.09
87          5        1            1        NA        NA 1.35 2.13    0.20
# 2025-05-23 09:17:13 -04: Iteration 5 of 5
# experimentsUsed: 1276
# remainingBudget: 724
# currentBudget: 724
# nbConfigurations: 60
# Markers:
     x No test is performed.
     c Configurations are discarded only due to capping.
     - The test is performed and some configurations are discarded.
     = The test is performed but no configuration is discarded.
     ! The test is performed and configurations could be discarded but elite configurations are preserved.
     . All alive configurations are elite and nothing is discarded.

+-+-----------+-----------+-----------+----------------+-----------+--------+-----+----+------+
| |   Instance|      Alive|       Best|       Mean best| Exp so far|  W time|  rho|KenW|  Qvar|
+-+-----------+-----------+-----------+----------------+-----------+--------+-----+----+------+
|x|         13|         60|        269|     168.4001815|         60|00:00:09|   NA|  NA|    NA|
|x|         12|         60|        220|     95.65471369|        115|00:00:07|-0.08|0.46|0.8473|
|x|          7|         60|        242|     208596.2215|        170|00:00:08|+0.06|0.38|0.7734|
|x|          8|         60|        242|     156447.2921|        225|00:00:08|+0.20|0.40|0.7176|
|-|          2|         29|        242|     125157.9195|        280|00:00:07|+0.02|0.22|1.0023|
|=|         11|         29|        242|     104300.2523|        304|00:00:04|-0.02|0.15|0.9911|
|=|          5|         29|        242|     89400.30343|        328|00:00:04|+0.03|0.17|0.9815|
|=|          3|         29|        258|     74788.41023|        352|00:00:05|+0.02|0.14|0.9414|
|=|         10|         29|        258|     69928.51548|        376|00:00:04|+0.04|0.14|0.9087|
|=|          4|         29|        258|     62936.87221|        400|00:00:05|+0.03|0.12|0.9403|
|=|          1|         29|        258|     57215.38278|        424|00:00:04|+0.02|0.11|0.9484|
|=|          6|         29|        173|     57294.43043|        448|00:00:05|+0.01|0.09|0.9486|
|=|          9|         29|        173|     129611.0409|        472|00:00:04|+0.03|0.10|0.9244|
|=|         14|         29|        258|     149311.9166|        501|00:00:06|+0.00|0.07|0.9478|
+-+-----------+-----------+-----------+----------------+-----------+--------+-----+----+------+
Best-so-far configuration:         258    mean value:      149311.9166
Description of the best-so-far configuration:
    .ID. particles topology modInfluence branching tSchedule phi1 phi2 inertia
258  258         7        0            1        NA        NA 1.53    2     0.1
    .PARENT.
258      173

# 2025-05-23 09:18:41 -04: Elite configurations (first number is the configuration ID; listed from best to worst according to the sum of ranks):
    particles topology modInfluence branching tSchedule phi1 phi2 inertia
258         7        0            1        NA        NA 1.53 2.00    0.10
173         6        0            1        NA        NA 1.62 2.19    0.05
217        11        0            0        NA        NA 1.81 2.14    0.18
263        10        0            1        NA        NA 1.65 1.94    0.15
221         4        0            1        NA        NA 1.39 2.22    0.04
# 2025-05-23 09:18:41 -04: Iteration 6 of 6
# experimentsUsed: 1777
# remainingBudget: 223
# currentBudget: 223
# nbConfigurations: 19
# Markers:
     x No test is performed.
     c Configurations are discarded only due to capping.
     - The test is performed and some configurations are discarded.
     = The test is performed but no configuration is discarded.
     ! The test is performed and configurations could be discarded but elite configurations are preserved.
     . All alive configurations are elite and nothing is discarded.

+-+-----------+-----------+-----------+----------------+-----------+--------+-----+----+------+
| |   Instance|      Alive|       Best|       Mean best| Exp so far|  W time|  rho|KenW|  Qvar|
+-+-----------+-----------+-----------+----------------+-----------+--------+-----+----+------+
|x|         15|         19|        221|     750831.1447|         19|00:00:05|   NA|  NA|    NA|
|x|          7|         19|        275|     706306.3595|         33|00:00:04|+0.04|0.52|0.8018|
|x|          4|         19|        272|     481659.3929|         47|00:00:04|-0.04|0.30|0.9800|
|x|         10|         19|        272|     368966.1761|         61|00:00:04|-0.02|0.24|0.8818|
|=|          5|         19|        272|     295173.0635|         75|00:00:04|+0.12|0.30|0.7382|
|-|          1|         13|        272|     245977.6236|         89|00:00:04|-0.03|0.14|0.9045|
|=|          8|         13|        272|     210838.0245|         97|00:00:01|+0.05|0.18|0.8356|
|=|          6|         13|        272|     198485.3875|        105|00:00:01|-0.02|0.11|0.8916|
|=|         11|         13|        272|     176431.4828|        113|00:00:01|-0.01|0.10|0.8506|
|=|         14|         13|        173|     164847.6317|        121|00:00:02|-0.05|0.06|0.9153|
|=|         13|         13|        272|     144398.8390|        129|00:00:02|-0.05|0.04|0.9296|
|=|         12|         13|        272|     132365.8390|        137|00:00:01|-0.05|0.03|0.9385|
|=|          2|         13|        272|     122183.8865|        145|00:00:02|-0.05|0.03|0.9473|
|=|          9|         13|        272|     202223.9747|        153|00:00:02|-0.04|0.03|0.9244|
|=|          3|         13|        272|     188747.7181|        161|00:00:01|-0.02|0.04|0.8972|
|=|         16|         13|        272|     214811.9810|        174|00:00:02|-0.02|0.04|0.8993|
+-+-----------+-----------+-----------+----------------+-----------+--------+-----+----+------+
Best-so-far configuration:         272    mean value:      214811.9810
Description of the best-so-far configuration:
    .ID. particles topology modInfluence branching tSchedule phi1 phi2 inertia
272  272         7        0            1        NA        NA 1.61 2.05    0.06
    .PARENT.
272      173

# 2025-05-23 09:19:29 -04: Elite configurations (first number is the configuration ID; listed from best to worst according to the sum of ranks):
    particles topology modInfluence branching tSchedule phi1 phi2 inertia
272         7        0            1        NA        NA 1.61 2.05    0.06
283         5        0            1        NA        NA 1.46 2.38    0.06
279         5        0            1        NA        NA 1.59 1.95    0.14
258         7        0            1        NA        NA 1.53 2.00    0.10
173         6        0            1        NA        NA 1.62 2.19    0.05
# 2025-05-23 09:19:29 -04: Iteration 7 of 7
# experimentsUsed: 1951
# remainingBudget: 49
# currentBudget: 49
# nbConfigurations: 7
# Markers:
     x No test is performed.
     c Configurations are discarded only due to capping.
     - The test is performed and some configurations are discarded.
     = The test is performed but no configuration is discarded.
     ! The test is performed and configurations could be discarded but elite configurations are preserved.
     . All alive configurations are elite and nothing is discarded.

+-+-----------+-----------+-----------+----------------+-----------+--------+-----+----+------+
| |   Instance|      Alive|       Best|       Mean best| Exp so far|  W time|  rho|KenW|  Qvar|
+-+-----------+-----------+-----------+----------------+-----------+--------+-----+----+------+
|x|         17|          7|        173|     609138.2965|          7|00:00:02|   NA|  NA|    NA|
|x|          8|          7|        173|     304569.4320|          9|00:00:01|+0.18|0.59|0.2466|
|x|          5|          7|        173|     203046.4730|         11|00:00:01|+0.27|0.52|0.6222|
|x|          2|          7|        173|     152284.9636|         13|00:00:02|+0.03|0.27|0.8198|
|=|          7|          7|        173|     234464.0841|         15|00:00:01|+0.10|0.28|0.7194|
|=|         13|          7|        173|     195433.4595|         17|00:00:02|-0.01|0.16|0.8171|
|=|          4|          7|        173|     167515.9949|         19|00:00:02|+0.04|0.18|0.8144|
|=|         10|          7|        272|     167930.9262|         21|00:00:02|-0.03|0.10|0.8451|
|=|         11|          7|        272|     149271.9616|         23|00:00:02|-0.00|0.11|0.8165|
|=|         15|          7|        272|     217353.0937|         25|00:00:02|+0.00|0.10|0.7850|
|=|          1|          7|        272|     197593.7601|         27|00:00:02|+0.02|0.11|0.7929|
|=|         12|          7|        272|     181127.8499|         29|00:00:02|-0.02|0.07|0.8334|
|=|         16|          7|        272|     213793.0864|         31|00:00:02|-0.00|0.08|0.8131|
|=|          3|          7|        272|     198527.8749|         33|00:00:02|+0.01|0.08|0.7838|
|=|         14|          7|        272|     185312.5256|         35|00:00:02|+0.00|0.07|0.7987|
|=|          6|          7|        272|     180731.5508|         37|00:00:02|+0.02|0.08|0.7800|
|=|          9|          7|        272|     243202.9373|         39|00:00:02|+0.04|0.10|0.7542|
|=|         18|          7|        272|     229692.2728|         46|00:00:02|+0.04|0.10|0.7681|
+-+-----------+-----------+-----------+----------------+-----------+--------+-----+----+------+
Best-so-far configuration:         272    mean value:      229692.2728
Description of the best-so-far configuration:
    .ID. particles topology modInfluence branching tSchedule phi1 phi2 inertia
272  272         7        0            1        NA        NA 1.61 2.05    0.06
    .PARENT.
272      173

# 2025-05-23 09:20:09 -04: Elite configurations (first number is the configuration ID; listed from best to worst according to the sum of ranks):
    particles topology modInfluence branching tSchedule phi1 phi2 inertia
272         7        0            1        NA        NA 1.61 2.05    0.06
283         5        0            1        NA        NA 1.46 2.38    0.06
258         7        0            1        NA        NA 1.53 2.00    0.10
279         5        0            1        NA        NA 1.59 1.95    0.14
173         6        0            1        NA        NA 1.62 2.19    0.05
# 2025-05-23 09:20:09 -04: Stopped because there is not enough budget left to race more than the minimum (5).
# You may either increase the budget or set 'minNbSurvival' to a lower value.
# Iteration: 8
# nbIterations: 8
# experimentsUsed: 1997
# timeUsed: 0
# remainingBudget: 3
# currentBudget: 3
# number of elites: 5
# nbConfigurations: 5
# Total CPU user time: 2617.191, CPU sys time: 61.587, Wall-clock time: 492.065
# 2025-05-23 09:20:09 -04: Starting post-selection:
# Configurations selected: 272, 283, 258.
# Pending instances: 0, 0, 0.
# 2025-05-23 09:20:09 -04: seed: 31415926
# Configurations: 3
# Available experiments: 3
# minSurvival: 1
# Markers:
     x No test is performed.
     c Configurations are discarded only due to capping.
     - The test is performed and some configurations are discarded.
     = The test is performed but no configuration is discarded.
     ! The test is performed and configurations could be discarded but elite configurations are preserved.
     . All alive configurations are elite and nothing is discarded.

+-+-----------+-----------+-----------+----------------+-----------+--------+-----+----+------+
| |   Instance|      Alive|       Best|       Mean best| Exp so far|  W time|  rho|KenW|  Qvar|
+-+-----------+-----------+-----------+----------------+-----------+--------+-----+----+------+
|.|          8|          3|        272|    0.4301287187|          0|00:00:00|   NA|  NA|    NA|
|.|         13|          3|        272|     103.3393657|          0|00:00:00|+1.00|1.00|0.2362|
|.|         11|          3|        272|     68.97447046|          0|00:00:00|+0.00|0.33|0.5231|
|.|         17|          3|        272|     174416.2906|          0|00:00:00|+0.00|0.25|0.6605|
|.|          9|          3|        272|     388082.0568|          0|00:00:00|+0.10|0.28|0.6507|
|.|         14|          3|        272|     323451.3200|          0|00:00:00|-0.10|0.08|0.7274|
|.|         15|          3|        272|     395827.3147|          0|00:00:00|+0.00|0.14|0.6527|
|.|          7|          3|        272|     423209.4199|          0|00:00:00|-0.09|0.05|0.7134|
|.|         18|          3|        272|     376187.3706|          0|00:00:00|-0.03|0.09|0.6657|
|.|         16|          3|        272|     399146.2260|          0|00:00:00|-0.08|0.03|0.7047|
|.|          1|          3|        272|     362860.2440|          0|00:00:00|-0.04|0.06|0.6754|
|.|          3|          3|        272|     332628.5674|          0|00:00:00|-0.04|0.05|0.6797|
|.|          5|          3|        272|     307041.8017|          0|00:00:00|-0.04|0.04|0.6750|
|.|         10|          3|        272|     287316.4248|          0|00:00:00|-0.01|0.06|0.6689|
|.|          2|          3|        272|     268162.0270|          0|00:00:00|-0.04|0.03|0.6879|
|.|          6|          3|        272|     258402.9583|          0|00:00:00|-0.04|0.03|0.6825|
|.|          4|          3|        272|     243203.4160|          0|00:00:00|-0.04|0.02|0.6770|
|.|         12|          3|        272|     229692.2728|          0|00:00:00|-0.04|0.02|0.6852|
|=|         19|          3|        272|     217603.2187|          3|00:00:01|-0.02|0.03|0.6714|
+-+-----------+-----------+-----------+----------------+-----------+--------+-----+----+------+
Best-so-far configuration:         272    mean value:      217603.2187
Description of the best-so-far configuration:
    .ID. particles topology modInfluence branching tSchedule phi1 phi2 inertia
272  272         7        0            1        NA        NA 1.61 2.05    0.06
    .PARENT.
272      173

# 2025-05-23 09:20:10 -04: Elite configurations (first number is the configuration ID; listed from best to worst according to the sum of ranks):
    particles topology modInfluence branching tSchedule phi1 phi2 inertia
272         7        0            1        NA        NA 1.61 2.05    0.06
283         5        0            1        NA        NA 1.46 2.38    0.06
258         7        0            1        NA        NA 1.53 2.00    0.10
# Total CPU user time: 2621.221, CPU sys time: 61.683, Wall-clock time: 493.523
    .ID. particles topology modInfluence branching tSchedule phi1 phi2 inertia
272  272         7        0            1        NA        NA 1.61 2.05    0.06
283  283         5        0            1        NA        NA 1.46 2.38    0.06
258  258         7        0            1        NA        NA 1.53 2.00    0.10
    .PARENT. .RANK.  .WEIGHT.
272      173     36 0.5000000
283      173     36 0.3333333
258      173     42 0.1666667
