# 2025-05-16 14:58:17 -04: Reading parameter file '/home/dianag/PruebasPablo/irace-independent-executions/MMASQAP/Scenarios/E4-BH-SR/Runs/E4-BH-SR_seed_999888777/parameters.txt'.
# 2025-05-16 14:58:18 -04: Initialization
# Elitist race
# Elitist new instances: 1
# Elitist limit: 2
# nbIterations: 3
# minNbSurvival: 3
# nbParameters: 3
# seed: 999888777
# confidence level: 0.95
# budget: 1500
# mu: 5
# deterministic: FALSE

# 2025-05-16 14:58:18 -04: Iteration 1 of 3
# experimentsUsed: 0
# remainingBudget: 1500
# currentBudget: 500
# nbConfigurations: 83
# Markers:
     x No test is performed.
     c Configurations are discarded only due to capping.
     - The test is performed and some configurations are discarded.
     = The test is performed but no configuration is discarded.
     ! The test is performed and configurations could be discarded but elite configurations are preserved.
     . All alive configurations are elite and nothing is discarded.

+-+-----------+-----------+-----------+----------------+-----------+--------+-----+----+------+
| |   Instance|      Alive|       Best|       Mean best| Exp so far|  W time|  rho|KenW|  Qvar|
+-+-----------+-----------+-----------+----------------+-----------+--------+-----+----+------+
|x|          1|         83|         49|     7317462.000|         83|00:00:27|   NA|  NA|    NA|
|x|          2|         83|         59|     7428161.000|        166|00:00:26|+0.79|0.89|0.1267|
|x|          3|         83|         19|     5113667.333|        249|00:00:27|+0.36|0.58|0.4996|
|x|          4|         83|         34|     5636693.000|        332|00:00:26|+0.48|0.61|0.4116|
|-|          5|         37|         59|     4645085.200|        415|00:00:29|-0.06|0.16|1.0012|
|=|          6|         37|         34|     3932794.333|        452|00:00:16|-0.01|0.16|0.9690|
|=|          7|         37|         19|     3435119.429|        489|00:00:17|+0.01|0.15|0.9576|
+-+-----------+-----------+-----------+----------------+-----------+--------+-----+----+------+
Best-so-far configuration:          19    mean value:      3435119.429
Description of the best-so-far configuration:
   .ID. localsearch  rho ants .PARENT.
19   19           3 0.36   68       NA

# 2025-05-16 15:01:08 -04: Elite configurations (first number is the configuration ID; listed from best to worst according to the sum of ranks):
   localsearch  rho ants
19           3 0.36   68
49           3 0.31   94
70           3 0.33   28
# 2025-05-16 15:01:08 -04: Iteration 2 of 3
# experimentsUsed: 489
# remainingBudget: 1011
# currentBudget: 505
# nbConfigurations: 65
# Markers:
     x No test is performed.
     c Configurations are discarded only due to capping.
     - The test is performed and some configurations are discarded.
     = The test is performed but no configuration is discarded.
     ! The test is performed and configurations could be discarded but elite configurations are preserved.
     . All alive configurations are elite and nothing is discarded.

+-+-----------+-----------+-----------+----------------+-----------+--------+-----+----+------+
| |   Instance|      Alive|       Best|       Mean best| Exp so far|  W time|  rho|KenW|  Qvar|
+-+-----------+-----------+-----------+----------------+-----------+--------+-----+----+------+
|x|          8|         65|         70|     7405432.000|         65|00:00:31|   NA|  NA|    NA|
|x|          2|         65|        124|     7463675.000|        127|00:00:30|+0.71|0.85|0.2718|
|x|          5|         65|        145|     5200305.333|        189|00:00:30|+0.24|0.49|0.7425|
|x|          6|         65|        132|     3996977.500|        251|00:00:29|+0.06|0.30|0.9290|
|-|          1|         34|        132|     4661951.600|        313|00:00:29|-0.08|0.14|1.0400|
|=|          7|         34|        145|     3956776.000|        344|00:00:20|-0.07|0.11|1.0102|
|=|          3|         34|        132|     3461103.429|        375|00:00:19|-0.02|0.12|0.9718|
|=|          4|         34|        133|     3929792.750|        406|00:00:20|-0.02|0.11|0.9833|
|=|          9|         34|        133|     3533649.111|        440|00:00:24|-0.01|0.10|0.9734|
+-+-----------+-----------+-----------+----------------+-----------+--------+-----+----+------+
Best-so-far configuration:         133    mean value:      3533649.111
Description of the best-so-far configuration:
    .ID. localsearch  rho ants .PARENT.
133  133           3 0.29    7       70

# 2025-05-16 15:05:03 -04: Elite configurations (first number is the configuration ID; listed from best to worst according to the sum of ranks):
    localsearch  rho ants
133           3 0.29    7
92            3 0.23   70
132           3 0.32   94
# 2025-05-16 15:05:03 -04: Iteration 3 of 3
# experimentsUsed: 929
# remainingBudget: 571
# currentBudget: 571
# nbConfigurations: 59
# Markers:
     x No test is performed.
     c Configurations are discarded only due to capping.
     - The test is performed and some configurations are discarded.
     = The test is performed but no configuration is discarded.
     ! The test is performed and configurations could be discarded but elite configurations are preserved.
     . All alive configurations are elite and nothing is discarded.

+-+-----------+-----------+-----------+----------------+-----------+--------+-----+----+------+
| |   Instance|      Alive|       Best|       Mean best| Exp so far|  W time|  rho|KenW|  Qvar|
+-+-----------+-----------+-----------+----------------+-----------+--------+-----+----+------+
|x|         10|         59|        163|     7434844.000|         59|00:00:31|   NA|  NA|    NA|
|x|          7|         59|        198|     3938051.000|        115|00:00:29|+0.18|0.59|0.7628|
|x|          8|         59|        192|     5095430.667|        171|00:00:29|+0.30|0.53|0.6110|
|x|          9|         59|        149|     3912420.000|        227|00:00:29|+0.15|0.36|0.8004|
|-|          3|         28|        149|     3226910.400|        283|00:00:30|-0.06|0.15|1.0433|
|=|          5|         28|        163|     2801087.000|        308|00:00:17|-0.03|0.14|1.0090|
|=|          1|         28|        187|     3445826.571|        333|00:00:19|-0.02|0.13|0.9995|
|=|          2|         28|        133|     3956710.750|        358|00:00:18|-0.03|0.10|1.0091|
|=|          4|         28|        133|     4316349.778|        383|00:00:18|-0.02|0.09|1.0067|
|=|          6|         28|        173|     3923705.800|        408|00:00:18|-0.03|0.07|1.0068|
|=|         11|         28|        173|     3604229.636|        436|00:00:18|-0.03|0.06|0.9877|
+-+-----------+-----------+-----------+----------------+-----------+--------+-----+----+------+
Best-so-far configuration:         173    mean value:      3604229.636
Description of the best-so-far configuration:
    .ID. localsearch  rho ants .PARENT.
173  173           3 0.31   96      132

# 2025-05-16 15:09:24 -04: Elite configurations (first number is the configuration ID; listed from best to worst according to the sum of ranks):
    localsearch  rho ants
173           3 0.31   96
133           3 0.29    7
198           3 0.24   22
# 2025-05-16 15:09:24 -04: Iteration 4 of 4
# experimentsUsed: 1365
# remainingBudget: 135
# currentBudget: 135
# nbConfigurations: 14
# Markers:
     x No test is performed.
     c Configurations are discarded only due to capping.
     - The test is performed and some configurations are discarded.
     = The test is performed but no configuration is discarded.
     ! The test is performed and configurations could be discarded but elite configurations are preserved.
     . All alive configurations are elite and nothing is discarded.

+-+-----------+-----------+-----------+----------------+-----------+--------+-----+----+------+
| |   Instance|      Alive|       Best|       Mean best| Exp so far|  W time|  rho|KenW|  Qvar|
+-+-----------+-----------+-----------+----------------+-----------+--------+-----+----+------+
|x|         12|         14|        198|     7542688.000|         14|00:00:09|   NA|  NA|    NA|
|x|          9|         14|        208|     3955229.000|         25|00:00:09|-0.34|0.33|0.9937|
|x|         11|         14|        212|     2777624.000|         36|00:00:09|-0.27|0.16|1.1318|
|x|          6|         14|        198|     2177702.000|         47|00:00:08|-0.15|0.14|0.9548|
|=|          4|         14|        198|     3178872.400|         58|00:00:09|-0.01|0.19|0.8162|
|=|          3|         14|        208|     2729386.667|         69|00:00:09|+0.05|0.21|0.7886|
|=|          5|         14|        198|     2436108.286|         80|00:00:09|+0.01|0.15|0.8261|
|=|         10|         14|        198|     3061848.250|         91|00:00:09|+0.05|0.17|0.7740|
|-|          1|         11|        198|     3535071.556|        102|00:00:09|-0.02|0.09|0.9403|
|=|          2|         11|        198|     3934976.800|        110|00:00:05|-0.01|0.09|0.9083|
|=|          8|         11|        173|     4253656.364|        118|00:00:05|+0.02|0.10|0.8860|
|=|          7|         11|        198|     3934353.000|        126|00:00:04|+0.03|0.11|0.8851|
+-+-----------+-----------+-----------+----------------+-----------+--------+-----+----+------+
Best-so-far configuration:         198    mean value:      3934353.000
Description of the best-so-far configuration:
    .ID. localsearch  rho ants .PARENT.
198  198           3 0.24   22      133

# 2025-05-16 15:11:03 -04: Elite configurations (first number is the configuration ID; listed from best to worst according to the sum of ranks):
    localsearch  rho ants
198           3 0.24   22
173           3 0.31   96
212           3 0.30    5
# 2025-05-16 15:11:03 -04: Stopped because there is not enough budget left to race more than the minimum (3).
# You may either increase the budget or set 'minNbSurvival' to a lower value.
# Iteration: 5
# nbIterations: 5
# experimentsUsed: 1491
# timeUsed: 0
# remainingBudget: 9
# currentBudget: 9
# number of elites: 3
# nbConfigurations: 3
# Total CPU user time: 5351.739, CPU sys time: 34.379, Wall-clock time: 765.861
# 2025-05-16 15:11:03 -04: Starting post-selection:
# Configurations selected: 198, 173, 212, 133, 202, 203, 204, 206, 207.
# Pending instances: 0, 0, 0, 0, 0, 0, 0, 0, 0.
# 2025-05-16 15:11:03 -04: seed: 999888777
# Configurations: 9
# Available experiments: 9
# minSurvival: 1
# Markers:
     x No test is performed.
     c Configurations are discarded only due to capping.
     - The test is performed and some configurations are discarded.
     = The test is performed but no configuration is discarded.
     ! The test is performed and configurations could be discarded but elite configurations are preserved.
     . All alive configurations are elite and nothing is discarded.

+-+-----------+-----------+-----------+----------------+-----------+--------+-----+----+------+
| |   Instance|      Alive|       Best|       Mean best| Exp so far|  W time|  rho|KenW|  Qvar|
+-+-----------+-----------+-----------+----------------+-----------+--------+-----+----+------+
|.|          7|          9|        198|     434074.0000|          0|00:00:00|   NA|  NA|    NA|
|.|          2|          9|        198|     3984099.000|          0|00:00:00|+0.27|0.63|0.5934|
|.|          9|          9|        198|     2780406.000|          0|00:00:00|-0.13|0.24|0.9725|
|.|          1|          9|        198|     3915519.000|          0|00:00:00|+0.02|0.26|0.8638|
|.|          6|          9|        198|     3207921.600|          0|00:00:00|-0.10|0.12|0.9691|
|.|         11|          9|        198|     2742862.667|          0|00:00:00|-0.01|0.16|0.9007|
|.|          5|          9|        198|     2446099.429|          0|00:00:00|-0.05|0.10|0.9115|
|.|          3|          9|        198|     2201946.500|          0|00:00:00|-0.05|0.08|0.9258|
|.|          8|          9|        198|     2782662.889|          0|00:00:00|-0.01|0.10|0.8854|
|.|         12|          9|        198|     3258665.400|          0|00:00:00|-0.01|0.09|0.9002|
|.|          4|          9|        198|     3615473.455|          0|00:00:00|+0.01|0.10|0.8751|
|.|         10|          9|        198|     3934353.000|          0|00:00:00|+0.03|0.11|0.8714|
|=|         13|          9|        212|     3669740.000|          9|00:00:09|+0.01|0.09|0.8733|
+-+-----------+-----------+-----------+----------------+-----------+--------+-----+----+------+
Best-so-far configuration:         212    mean value:      3669740.000
Description of the best-so-far configuration:
    .ID. localsearch rho ants .PARENT.
212  212           3 0.3    5      133

# 2025-05-16 15:11:12 -04: Elite configurations (first number is the configuration ID; listed from best to worst according to the sum of ranks):
    localsearch  rho ants
212           3 0.30    5
198           3 0.24   22
133           3 0.29    7
# Total CPU user time: 5392.64, CPU sys time: 34.57, Wall-clock time: 774.905
    .ID. localsearch  rho ants .PARENT. .RANK.  .WEIGHT.
212  212           3 0.30    5      133     53 0.5000000
198  198           3 0.24   22      133     56 0.3333333
133  133           3 0.29    7       70     59 0.1666667
