# 2025-06-05 00:02:26 -04: Reading parameter file '/home/dianag/PruebasPablo/irace-independent-executions/ACOTSP/Scenarios/E1-BL-N/Runs/E1-BL-N_seed_198347562/parameters.txt'.
# 2025-06-05 00:02:26 -04: 1 expression(s) specifying forbidden configurations read.
# 2025-06-05 00:02:26 -04: Initialization
# Elitist race
# Elitist new instances: 1
# Elitist limit: 2
# nbIterations: 5
# minNbSurvival: 5
# nbParameters: 11
# seed: 198347562
# confidence level: 0.95
# budget: 2750
# mu: 5
# deterministic: FALSE

# 2025-06-05 00:02:26 -04: Iteration 1 of 5
# experimentsUsed: 0
# remainingBudget: 2750
# currentBudget: 550
# nbConfigurations: 91
# Markers:
     x No test is performed.
     c Configurations are discarded only due to capping.
     - The test is performed and some configurations are discarded.
     = The test is performed but no configuration is discarded.
     ! The test is performed and configurations could be discarded but elite configurations are preserved.
     . All alive configurations are elite and nothing is discarded.

+-+-----------+-----------+-----------+----------------+-----------+--------+-----+----+------+
| |   Instance|      Alive|       Best|       Mean best| Exp so far|  W time|  rho|KenW|  Qvar|
+-+-----------+-----------+-----------+----------------+-----------+--------+-----+----+------+
|x|          1|         91|         51|     32897313.00|         91|00:02:21|   NA|  NA|    NA|
|x|          2|         91|         44|     32776672.00|        182|00:02:22|+0.98|0.99|0.0044|
|x|          3|         91|         44|     32768604.67|        273|00:02:21|+0.98|0.99|0.0039|
|x|          4|         91|         44|     32713932.00|        364|00:02:20|+0.98|0.98|0.0046|
|-|          5|          6|         44|     32704664.40|        455|00:02:21|+0.22|0.38|0.6420|
|-|          6|          2|         44|     32746934.83|        461|00:00:23|-0.07|0.11|0.5333|
+-+-----------+-----------+-----------+----------------+-----------+--------+-----+----+------+
Best-so-far configuration:          44    mean value:      32746934.83
Description of the best-so-far configuration:
   .ID. algorithm localsearch alpha beta  rho ants q0 rasrank elitistants nnls
44   44      mmas           3  2.14 4.04 0.38   71 NA      NA          NA   11
   dlb .PARENT.
44   1       NA

# 2025-06-05 00:14:38 -04: Elite configurations (first number is the configuration ID; listed from best to worst according to the sum of ranks):
   algorithm localsearch alpha beta  rho ants   q0 rasrank elitistants nnls dlb
44      mmas           3  2.14 4.04 0.38   71   NA      NA          NA   11   1
20       acs           3  2.99 6.69 0.52   63 0.98      NA          NA   47   0
# 2025-06-05 00:14:38 -04: Iteration 2 of 5
# experimentsUsed: 461
# remainingBudget: 2289
# currentBudget: 572
# nbConfigurations: 83
# Markers:
     x No test is performed.
     c Configurations are discarded only due to capping.
     - The test is performed and some configurations are discarded.
     = The test is performed but no configuration is discarded.
     ! The test is performed and configurations could be discarded but elite configurations are preserved.
     . All alive configurations are elite and nothing is discarded.

+-+-----------+-----------+-----------+----------------+-----------+--------+-----+----+------+
| |   Instance|      Alive|       Best|       Mean best| Exp so far|  W time|  rho|KenW|  Qvar|
+-+-----------+-----------+-----------+----------------+-----------+--------+-----+----+------+
|x|          7|         83|        129|     32591656.00|         83|00:02:10|   NA|  NA|    NA|
|x|          5|         83|        129|     32601472.00|        164|00:02:04|+0.98|0.99|0.0011|
|x|          6|         83|        129|     32716664.33|        245|00:02:05|+0.97|0.98|0.0010|
|x|          4|         83|        129|     32649031.50|        326|00:02:05|+0.97|0.98|0.0012|
|-|          3|          6|        129|     32670574.60|        407|00:02:07|+0.17|0.34|0.6297|
|=|          1|          6|        129|     32701128.50|        411|00:00:20|+0.16|0.30|0.6567|
|-|          2|          1|        129|     32678880.57|        415|00:00:18|   NA|  NA|    NA|
+-+-----------+-----------+-----------+----------------+-----------+--------+-----+----+------+
Best-so-far configuration:         129    mean value:      32678880.57
Description of the best-so-far configuration:
    .ID. algorithm localsearch alpha beta  rho ants   q0 rasrank elitistants
129  129       acs           3  2.73 2.45 0.58   55 0.11      NA          NA
    nnls dlb .PARENT.
129   27   1       44

# 2025-06-05 00:25:51 -04: Elite configurations (first number is the configuration ID; listed from best to worst according to the sum of ranks):
    algorithm localsearch alpha beta  rho ants   q0 rasrank elitistants nnls
129       acs           3  2.73 2.45 0.58   55 0.11      NA          NA   27
    dlb
129   1
# 2025-06-05 00:25:51 -04: Iteration 3 of 5
# experimentsUsed: 876
# remainingBudget: 1874
# currentBudget: 624
# nbConfigurations: 78
# Markers:
     x No test is performed.
     c Configurations are discarded only due to capping.
     - The test is performed and some configurations are discarded.
     = The test is performed but no configuration is discarded.
     ! The test is performed and configurations could be discarded but elite configurations are preserved.
     . All alive configurations are elite and nothing is discarded.

+-+-----------+-----------+-----------+----------------+-----------+--------+-----+----+------+
| |   Instance|      Alive|       Best|       Mean best| Exp so far|  W time|  rho|KenW|  Qvar|
+-+-----------+-----------+-----------+----------------+-----------+--------+-----+----+------+
|x|          8|         78|        194|     32605845.00|         78|00:02:00|   NA|  NA|    NA|
|x|          4|         78|        129|     32543317.50|        155|00:02:00|+0.97|0.99|0.0020|
|x|          2|         78|        129|     32544009.33|        232|00:02:02|+0.98|0.98|0.0027|
|x|          6|         78|        129|     32644769.25|        309|00:02:04|+0.97|0.98|0.0022|
|-|          5|          7|        129|     32638073.00|        386|00:02:03|+0.04|0.23|0.8121|
|=|          3|          7|        129|     32657852.00|        392|00:00:10|+0.07|0.22|0.7707|
|=|          7|          7|        129|     32648395.43|        398|00:00:10|+0.14|0.27|0.7059|
|-|          1|          4|        129|     32674083.25|        404|00:00:10|+0.05|0.17|0.7373|
+-+-----------+-----------+-----------+----------------+-----------+--------+-----+----+------+
Best-so-far configuration:         129    mean value:      32674083.25
Description of the best-so-far configuration:
    .ID. algorithm localsearch alpha beta  rho ants   q0 rasrank elitistants
129  129       acs           3  2.73 2.45 0.58   55 0.11      NA          NA
    nnls dlb .PARENT.
129   27   1       44

# 2025-06-05 00:36:34 -04: Elite configurations (first number is the configuration ID; listed from best to worst according to the sum of ranks):
    algorithm localsearch alpha beta  rho ants   q0 rasrank elitistants nnls
129       acs           3  2.73 2.45 0.58   55 0.11      NA          NA   27
176       acs           3  1.93 1.76 0.71   36 0.29      NA          NA   21
194       acs           3  4.44 1.89 0.87   60 0.06      NA          NA   18
211       acs           3  3.60 0.06 0.89   64 0.18      NA          NA   27
    dlb
129   1
176   1
194   1
211   1
# 2025-06-05 00:36:34 -04: Iteration 4 of 5
# experimentsUsed: 1280
# remainingBudget: 1470
# currentBudget: 735
# nbConfigurations: 85
# Markers:
     x No test is performed.
     c Configurations are discarded only due to capping.
     - The test is performed and some configurations are discarded.
     = The test is performed but no configuration is discarded.
     ! The test is performed and configurations could be discarded but elite configurations are preserved.
     . All alive configurations are elite and nothing is discarded.

+-+-----------+-----------+-----------+----------------+-----------+--------+-----+----+------+
| |   Instance|      Alive|       Best|       Mean best| Exp so far|  W time|  rho|KenW|  Qvar|
+-+-----------+-----------+-----------+----------------+-----------+--------+-----+----+------+
|x|          9|         85|        129|     32832584.00|         85|00:01:59|   NA|  NA|    NA|
|x|          7|         85|        129|     32712120.00|        166|00:01:56|+0.83|0.92|0.0008|
|x|          4|         85|        129|     32623457.67|        247|00:01:59|+0.87|0.91|0.0013|
|x|          8|         85|        129|     32627718.75|        328|00:01:59|+0.88|0.91|0.0013|
|-|          1|         14|        297|     32675437.20|        409|00:02:00|-0.05|0.16|0.9514|
|=|          6|         14|        329|     32709159.00|        419|00:00:20|-0.04|0.13|0.9711|
|=|          3|         14|        297|     32711707.86|        429|00:00:20|+0.02|0.16|0.9195|
|=|          5|         14|        297|     32696932.12|        439|00:00:20|+0.05|0.17|0.8909|
|=|          2|         14|        297|     32682857.44|        449|00:00:20|+0.06|0.16|0.9030|
|=|         10|         14|        297|     32666492.80|        463|00:00:21|+0.06|0.16|0.8833|
+-+-----------+-----------+-----------+----------------+-----------+--------+-----+----+------+
Best-so-far configuration:         297    mean value:      32666492.80
Description of the best-so-far configuration:
    .ID. algorithm localsearch alpha beta  rho ants   q0 rasrank elitistants
297  297       acs           3  2.74 2.41 0.73   60 0.18      NA          NA
    nnls dlb .PARENT.
297   13   1      194

# 2025-06-05 00:48:14 -04: Elite configurations (first number is the configuration ID; listed from best to worst according to the sum of ranks):
    algorithm localsearch alpha beta  rho ants   q0 rasrank elitistants nnls
297       acs           3  2.74 2.41 0.73   60 0.18      NA          NA   13
329       acs           3  2.24 4.49 0.85   52 0.53      NA          NA   29
284       acs           3  1.78 2.03 0.55   38 0.14      NA          NA   19
281       acs           3  3.80 0.13 0.67   59 0.24      NA          NA   30
129       acs           3  2.73 2.45 0.58   55 0.11      NA          NA   27
    dlb
297   1
329   1
284   1
281   1
129   1
# 2025-06-05 00:48:14 -04: Iteration 5 of 5
# experimentsUsed: 1743
# remainingBudget: 1007
# currentBudget: 1007
# nbConfigurations: 96
# Markers:
     x No test is performed.
     c Configurations are discarded only due to capping.
     - The test is performed and some configurations are discarded.
     = The test is performed but no configuration is discarded.
     ! The test is performed and configurations could be discarded but elite configurations are preserved.
     . All alive configurations are elite and nothing is discarded.

+-+-----------+-----------+-----------+----------------+-----------+--------+-----+----+------+
| |   Instance|      Alive|       Best|       Mean best| Exp so far|  W time|  rho|KenW|  Qvar|
+-+-----------+-----------+-----------+----------------+-----------+--------+-----+----+------+
|x|         11|         96|        413|     32416745.00|         96|00:02:15|   NA|  NA|    NA|
|x|          8|         96|        415|     32503815.00|        187|00:02:05|+0.58|0.79|0.0007|
|x|          4|         96|        297|     32502480.67|        278|00:02:05|+0.60|0.73|0.0007|
|x|          2|         96|        347|     32516049.00|        369|00:02:04|+0.59|0.70|0.0007|
|-|          5|         28|        347|     32527593.20|        460|00:02:04|-0.10|0.12|1.0595|
|=|          6|         28|        347|     32584548.83|        483|00:00:31|-0.04|0.14|0.9977|
|=|          7|         28|        347|     32586822.29|        506|00:00:31|-0.03|0.12|0.9965|
|=|          1|         28|        347|     32616344.75|        529|00:00:31|-0.03|0.09|0.9968|
|=|          3|         28|        347|     32627667.67|        552|00:00:31|-0.01|0.10|0.9773|
|=|          9|         28|        347|     32652489.30|        575|00:00:31|+0.01|0.11|0.9669|
|=|         10|         28|        347|     32643143.91|        598|00:00:31|+0.01|0.10|0.9591|
|=|         12|         28|        347|     32620618.75|        626|00:00:41|+0.02|0.10|0.9562|
+-+-----------+-----------+-----------+----------------+-----------+--------+-----+----+------+
Best-so-far configuration:         347    mean value:      32620618.75
Description of the best-so-far configuration:
    .ID. algorithm localsearch alpha beta  rho ants   q0 rasrank elitistants
347  347       acs           3  2.63 2.89 0.78   59 0.34      NA          NA
    nnls dlb .PARENT.
347   16   1      297

# 2025-06-05 01:02:40 -04: Elite configurations (first number is the configuration ID; listed from best to worst according to the sum of ranks):
    algorithm localsearch alpha beta  rho ants   q0 rasrank elitistants nnls
347       acs           3  2.63 2.89 0.78   59 0.34      NA          NA   16
421       acs           3  1.94 3.31 0.82   55 0.25      NA          NA   12
297       acs           3  2.74 2.41 0.73   60 0.18      NA          NA   13
415       acs           3  2.79 1.17 0.77   57 0.04      NA          NA   11
333       acs           3  2.75 3.49 0.55   55 0.42      NA          NA   20
    dlb
347   1
421   1
297   1
415   1
333   1
# 2025-06-05 01:02:40 -04: Iteration 6 of 6
# experimentsUsed: 2369
# remainingBudget: 381
# currentBudget: 381
# nbConfigurations: 33
# Markers:
     x No test is performed.
     c Configurations are discarded only due to capping.
     - The test is performed and some configurations are discarded.
     = The test is performed but no configuration is discarded.
     ! The test is performed and configurations could be discarded but elite configurations are preserved.
     . All alive configurations are elite and nothing is discarded.

+-+-----------+-----------+-----------+----------------+-----------+--------+-----+----+------+
| |   Instance|      Alive|       Best|       Mean best| Exp so far|  W time|  rho|KenW|  Qvar|
+-+-----------+-----------+-----------+----------------+-----------+--------+-----+----+------+
|x|         13|         33|        347|     32598948.00|         33|00:00:51|   NA|  NA|    NA|
|x|          6|         33|        347|     32734137.50|         61|00:00:41|+0.73|0.86|0.0005|
|x|          7|         33|        421|     32688692.33|         89|00:00:41|+0.69|0.79|0.0005|
|x|          3|         33|        421|     32695086.75|        117|00:00:41|+0.61|0.71|0.0005|
|-|          9|         14|        421|     32727874.80|        145|00:00:41|-0.02|0.18|0.9560|
|=|         12|         14|        438|     32671431.67|        154|00:00:20|-0.01|0.16|0.9695|
|=|          1|         14|        347|     32694102.43|        163|00:00:20|-0.05|0.10|0.9940|
|=|          5|         14|        347|     32679060.88|        172|00:00:20|-0.03|0.10|0.9729|
|=|         10|         14|        347|     32664686.33|        181|00:00:20|-0.00|0.11|0.9406|
|=|          2|         14|        421|     32651595.20|        190|00:00:20|-0.02|0.08|0.9445|
|=|          8|         14|        421|     32649046.18|        199|00:00:20|+0.01|0.10|0.9214|
|=|         11|         14|        347|     32633811.75|        208|00:00:20|+0.02|0.10|0.9164|
|=|          4|         14|        347|     32618951.77|        217|00:00:20|+0.04|0.12|0.8903|
|-|         14|          9|        347|     32619100.71|        231|00:00:21|-0.03|0.05|0.9018|
|=|         15|          9|        347|     32585681.40|        240|00:00:20|-0.03|0.04|0.9026|
|=|         16|          9|        430|     32585497.62|        249|00:00:20|-0.04|0.03|0.9168|
+-+-----------+-----------+-----------+----------------+-----------+--------+-----+----+------+
Best-so-far configuration:         430    mean value:      32585497.62
Description of the best-so-far configuration:
    .ID. algorithm localsearch alpha beta  rho ants   q0 rasrank elitistants
430  430       acs           3  2.71 2.81 0.82   63 0.18      NA          NA
    nnls dlb .PARENT.
430   15   1      347

# 2025-06-05 01:10:08 -04: Elite configurations (first number is the configuration ID; listed from best to worst according to the sum of ranks):
    algorithm localsearch alpha beta  rho ants   q0 rasrank elitistants nnls
430       acs           3  2.71 2.81 0.82   63 0.18      NA          NA   15
347       acs           3  2.63 2.89 0.78   59 0.34      NA          NA   16
297       acs           3  2.74 2.41 0.73   60 0.18      NA          NA   13
421       acs           3  1.94 3.31 0.82   55 0.25      NA          NA   12
415       acs           3  2.79 1.17 0.77   57 0.04      NA          NA   11
    dlb
430   1
347   1
297   1
421   1
415   1
# 2025-06-05 01:10:08 -04: Iteration 7 of 7
# experimentsUsed: 2618
# remainingBudget: 132
# currentBudget: 132
# nbConfigurations: 12
# Markers:
     x No test is performed.
     c Configurations are discarded only due to capping.
     - The test is performed and some configurations are discarded.
     = The test is performed but no configuration is discarded.
     ! The test is performed and configurations could be discarded but elite configurations are preserved.
     . All alive configurations are elite and nothing is discarded.

+-+-----------+-----------+-----------+----------------+-----------+--------+-----+----+------+
| |   Instance|      Alive|       Best|       Mean best| Exp so far|  W time|  rho|KenW|  Qvar|
+-+-----------+-----------+-----------+----------------+-----------+--------+-----+----+------+
|x|         17|         12|        421|     32458451.00|         12|00:00:21|   NA|  NA|    NA|
|x|          6|         12|        421|     32664296.00|         19|00:00:10|-0.51|0.24|1.4943|
|x|          3|         12|        421|     32680954.00|         26|00:00:10|-0.15|0.24|1.1127|
|x|          2|         12|        421|     32637880.00|         33|00:00:10|-0.03|0.22|0.9183|
|=|          7|         12|        421|     32628103.60|         40|00:00:10|-0.01|0.19|0.8001|
|=|         14|         12|        421|     32636783.67|         47|00:00:10|+0.03|0.19|0.7684|
|=|          4|         12|        430|     32602095.86|         54|00:00:10|+0.10|0.23|0.7200|
|-|         15|          8|        430|     32541055.38|         61|00:00:10|-0.05|0.09|0.9094|
|=|          8|          8|        430|     32545476.56|         64|00:00:10|-0.02|0.10|0.8863|
|=|         11|          8|        430|     32534939.40|         67|00:00:10|-0.00|0.10|0.8624|
|=|         13|          8|        430|     32549467.18|         70|00:00:10|-0.02|0.07|0.8852|
|=|          1|          8|        430|     32572843.83|         73|00:00:10|+0.00|0.09|0.8686|
|=|         12|          8|        347|     32558764.46|         76|00:00:10|+0.03|0.11|0.8464|
|=|          9|          8|        456|     32580791.50|         79|00:00:10|+0.02|0.09|0.8573|
|=|          5|          8|        456|     32581318.87|         82|00:00:10|-0.00|0.06|0.8733|
|=|         10|          8|        456|     32576877.62|         85|00:00:10|+0.01|0.07|0.8614|
|=|         16|          8|        456|     32577311.59|         88|00:00:10|+0.01|0.07|0.8593|
|=|         18|          8|        456|     32567480.17|         96|00:00:10|+0.03|0.08|0.8500|
+-+-----------+-----------+-----------+----------------+-----------+--------+-----+----+------+
Best-so-far configuration:         456    mean value:      32567480.17
Description of the best-so-far configuration:
    .ID. algorithm localsearch alpha beta  rho ants   q0 rasrank elitistants
456  456       acs           3  2.16 3.15 0.72   57 0.33      NA          NA
    nnls dlb .PARENT.
456   15   1      347

# 2025-06-05 01:13:28 -04: Elite configurations (first number is the configuration ID; listed from best to worst according to the sum of ranks):
    algorithm localsearch alpha beta  rho ants   q0 rasrank elitistants nnls
456       acs           3  2.16 3.15 0.72   57 0.33      NA          NA   15
430       acs           3  2.71 2.81 0.82   63 0.18      NA          NA   15
297       acs           3  2.74 2.41 0.73   60 0.18      NA          NA   13
347       acs           3  2.63 2.89 0.78   59 0.34      NA          NA   16
415       acs           3  2.79 1.17 0.77   57 0.04      NA          NA   11
    dlb
456   1
430   1
297   1
347   1
415   1
# 2025-06-05 01:13:28 -04: Iteration 8 of 8
# experimentsUsed: 2714
# remainingBudget: 36
# currentBudget: 36
# nbConfigurations: 6
# Markers:
     x No test is performed.
     c Configurations are discarded only due to capping.
     - The test is performed and some configurations are discarded.
     = The test is performed but no configuration is discarded.
     ! The test is performed and configurations could be discarded but elite configurations are preserved.
     . All alive configurations are elite and nothing is discarded.

+-+-----------+-----------+-----------+----------------+-----------+--------+-----+----+------+
| |   Instance|      Alive|       Best|       Mean best| Exp so far|  W time|  rho|KenW|  Qvar|
+-+-----------+-----------+-----------+----------------+-----------+--------+-----+----+------+
|x|         19|          6|        430|     32511618.00|          6|00:00:10|   NA|  NA|    NA|
|x|          5|          6|        430|     32539543.50|          7|00:00:10|+0.83|0.91|0.2277|
|x|          9|          6|        430|     32652261.67|          8|00:00:10|+0.24|0.49|0.7599|
|x|          3|          6|        456|     32694275.25|          9|00:00:10|+0.32|0.49|0.6181|
|-|          6|          5|        456|     32729004.80|         10|00:00:10|-0.02|0.18|0.8807|
|.|         17|          5|        456|     32690598.33|         10|00:00:00|-0.12|0.07|0.9286|
|.|         12|          5|        456|     32644812.71|         10|00:00:00|-0.06|0.09|0.9121|
|.|          1|          5|        456|     32664658.75|         10|00:00:00|-0.03|0.10|0.8821|
|.|         11|          5|        456|     32642262.00|         10|00:00:00|-0.01|0.10|0.8602|
|.|          7|          5|        456|     32639520.30|         10|00:00:00|+0.01|0.11|0.8241|
|.|         16|          5|        456|     32634496.18|         10|00:00:00|-0.02|0.07|0.8513|
|.|          4|          5|        456|     32618335.17|         10|00:00:00|-0.01|0.08|0.8469|
|.|         10|          5|        456|     32610021.62|         10|00:00:00|-0.01|0.07|0.8449|
|.|         18|          5|        456|     32595044.79|         10|00:00:00|-0.03|0.04|0.8543|
|.|         14|          5|        456|     32598540.20|         10|00:00:00|-0.06|0.02|0.8543|
|.|          2|          5|        456|     32598166.00|         10|00:00:00|-0.05|0.02|0.8425|
|.|         13|          5|        456|     32596600.76|         10|00:00:00|-0.04|0.02|0.8444|
|.|         15|          5|        456|     32568190.72|         10|00:00:00|-0.04|0.02|0.8361|
|.|          8|          5|        456|     32570636.11|         10|00:00:00|-0.04|0.01|0.8376|
+-+-----------+-----------+-----------+----------------+-----------+--------+-----+----+------+
Best-so-far configuration:         456    mean value:      32570636.11
Description of the best-so-far configuration:
    .ID. algorithm localsearch alpha beta  rho ants   q0 rasrank elitistants
456  456       acs           3  2.16 3.15 0.72   57 0.33      NA          NA
    nnls dlb .PARENT.
456   15   1      347

# 2025-06-05 01:14:20 -04: Elite configurations (first number is the configuration ID; listed from best to worst according to the sum of ranks):
    algorithm localsearch alpha beta  rho ants   q0 rasrank elitistants nnls
456       acs           3  2.16 3.15 0.72   57 0.33      NA          NA   15
430       acs           3  2.71 2.81 0.82   63 0.18      NA          NA   15
347       acs           3  2.63 2.89 0.78   59 0.34      NA          NA   16
297       acs           3  2.74 2.41 0.73   60 0.18      NA          NA   13
415       acs           3  2.79 1.17 0.77   57 0.04      NA          NA   11
    dlb
456   1
430   1
347   1
297   1
415   1
# 2025-06-05 01:14:20 -04: Iteration 9 of 9
# experimentsUsed: 2724
# remainingBudget: 26
# currentBudget: 26
# nbConfigurations: 6
# Markers:
     x No test is performed.
     c Configurations are discarded only due to capping.
     - The test is performed and some configurations are discarded.
     = The test is performed but no configuration is discarded.
     ! The test is performed and configurations could be discarded but elite configurations are preserved.
     . All alive configurations are elite and nothing is discarded.

+-+-----------+-----------+-----------+----------------+-----------+--------+-----+----+------+
| |   Instance|      Alive|       Best|       Mean best| Exp so far|  W time|  rho|KenW|  Qvar|
+-+-----------+-----------+-----------+----------------+-----------+--------+-----+----+------+
|x|         20|          6|        297|     32518595.00|          6|00:00:10|   NA|  NA|    NA|
|x|         12|          6|        456|     32477610.50|          7|00:00:10|+0.37|0.69|0.5678|
|x|          3|          6|        456|     32555077.33|          8|00:00:10|+0.58|0.72|0.4051|
|x|          7|          6|        456|     32570019.25|          9|00:00:10|+0.36|0.52|0.4526|
|=|          6|          6|        456|     32629600.00|         10|00:00:10|+0.30|0.44|0.5120|
|-|         10|          5|        456|     32609709.83|         11|00:00:10|-0.09|0.09|0.9374|
|.|          2|          5|        456|     32607258.86|         11|00:00:00|-0.10|0.06|0.9246|
|.|         17|          5|        456|     32593672.25|         11|00:00:00|-0.12|0.02|0.9089|
|.|         18|          5|        456|     32572191.56|         11|00:00:00|-0.11|0.01|0.8891|
|.|         19|          5|        456|     32577716.70|         11|00:00:00|-0.11|0.00|0.8750|
|.|         15|          5|        456|     32532944.27|         11|00:00:00|-0.09|0.01|0.8622|
|.|         14|          5|        456|     32542488.58|         11|00:00:00|-0.07|0.02|0.8398|
|.|          9|          5|        456|     32566216.00|         11|00:00:00|-0.07|0.02|0.8429|
|.|         13|          5|        456|     32566597.50|         11|00:00:00|-0.06|0.02|0.8466|
|.|          4|          5|        456|     32558195.27|         11|00:00:00|-0.06|0.02|0.8402|
|.|          8|          5|        456|     32561723.88|         11|00:00:00|-0.06|0.01|0.8419|
|.|          5|          5|        456|     32563310.82|         11|00:00:00|-0.05|0.01|0.8372|
|.|         16|          5|        456|     32564474.39|         11|00:00:00|-0.04|0.02|0.8262|
|.|          1|          5|        456|     32577058.95|         11|00:00:00|-0.04|0.01|0.8342|
|.|         11|          5|        456|     32571360.40|         11|00:00:00|-0.05|0.01|0.8377|
+-+-----------+-----------+-----------+----------------+-----------+--------+-----+----+------+
Best-so-far configuration:         456    mean value:      32571360.40
Description of the best-so-far configuration:
    .ID. algorithm localsearch alpha beta  rho ants   q0 rasrank elitistants
456  456       acs           3  2.16 3.15 0.72   57 0.33      NA          NA
    nnls dlb .PARENT.
456   15   1      347

# 2025-06-05 01:15:23 -04: Elite configurations (first number is the configuration ID; listed from best to worst according to the sum of ranks):
    algorithm localsearch alpha beta  rho ants   q0 rasrank elitistants nnls
456       acs           3  2.16 3.15 0.72   57 0.33      NA          NA   15
430       acs           3  2.71 2.81 0.82   63 0.18      NA          NA   15
347       acs           3  2.63 2.89 0.78   59 0.34      NA          NA   16
297       acs           3  2.74 2.41 0.73   60 0.18      NA          NA   13
415       acs           3  2.79 1.17 0.77   57 0.04      NA          NA   11
    dlb
456   1
430   1
347   1
297   1
415   1
# 2025-06-05 01:15:23 -04: Stopped because there is not enough budget left to race more than the minimum (5).
# You may either increase the budget or set 'minNbSurvival' to a lower value.
# Iteration: 10
# nbIterations: 10
# experimentsUsed: 2735
# timeUsed: 0
# remainingBudget: 15
# currentBudget: 15
# number of elites: 5
# nbConfigurations: 5
# Total CPU user time: 30801.75, CPU sys time: 231.096, Wall-clock time: 4377.261
# 2025-06-05 01:15:23 -04: Starting post-selection:
# Configurations selected: 456, 430, 347, 297, 415, 421, 333.
# Pending instances: 1, 1, 1, 1, 1, 3, 5.
# 2025-06-05 01:15:23 -04: seed: 198347562
# Configurations: 7
# Available experiments: 15
# minSurvival: 1
# Markers:
     x No test is performed.
     c Configurations are discarded only due to capping.
     - The test is performed and some configurations are discarded.
     = The test is performed but no configuration is discarded.
     ! The test is performed and configurations could be discarded but elite configurations are preserved.
     . All alive configurations are elite and nothing is discarded.

+-+-----------+-----------+-----------+----------------+-----------+--------+-----+----+------+
| |   Instance|      Alive|       Best|       Mean best| Exp so far|  W time|  rho|KenW|  Qvar|
+-+-----------+-----------+-----------+----------------+-----------+--------+-----+----+------+
|.|          1|          7|        415|     32795202.00|          0|00:00:00|   NA|  NA|    NA|
|.|          9|          7|        415|     32824984.00|          0|00:00:00|-0.11|0.45|1.2160|
|.|          5|          7|        415|     32757152.67|          0|00:00:00|-0.32|0.12|1.2008|
|.|         16|          7|        415|     32732649.25|          0|00:00:00|-0.17|0.12|1.0365|
|.|         11|          7|        415|     32673994.40|          0|00:00:00|-0.18|0.06|1.0081|
|.|          6|          7|        415|     32708155.50|          0|00:00:00|-0.07|0.11|0.9325|
|.|         10|          7|        415|     32684127.29|          0|00:00:00|+0.02|0.16|0.8482|
|.|         15|          7|        415|     32619263.00|          0|00:00:00|+0.01|0.13|0.8503|
|.|         13|          7|        415|     32621032.56|          0|00:00:00|+0.02|0.13|0.8558|
|.|         14|          7|        415|     32619189.60|          0|00:00:00|+0.02|0.12|0.8459|
|.|         12|          7|        415|     32597064.45|          0|00:00:00|+0.02|0.11|0.8542|
|.|          8|          7|        415|     32594663.67|          0|00:00:00|+0.00|0.09|0.8602|
|.|          7|          7|        415|     32594191.85|          0|00:00:00|-0.02|0.06|0.8833|
|.|          4|          7|        415|     32586546.43|          0|00:00:00|-0.00|0.07|0.8698|
|.|          3|          7|        415|     32596784.07|          0|00:00:00|+0.00|0.07|0.8692|
|x|         20|          7|        456|     32581768.75|          2|00:00:10|-0.01|0.05|0.8798|
|x|         17|          7|        456|     32576874.47|          3|00:00:10|-0.04|0.03|0.8957|
|x|         19|          7|        456|     32579683.83|          5|00:00:10|-0.04|0.02|0.8947|
|.|          2|          7|        456|     32580361.16|          5|00:00:00|-0.04|0.01|0.8928|
|=|         18|          7|        456|     32571360.40|          6|00:00:10|-0.04|0.02|0.8855|
|=|         21|          7|        456|     32566950.33|         13|00:00:10|-0.03|0.02|0.8767|
+-+-----------+-----------+-----------+----------------+-----------+--------+-----+----+------+
Best-so-far configuration:         456    mean value:      32566950.33
Description of the best-so-far configuration:
    .ID. algorithm localsearch alpha beta  rho ants   q0 rasrank elitistants
456  456       acs           3  2.16 3.15 0.72   57 0.33      NA          NA
    nnls dlb .PARENT.
456   15   1      347

# 2025-06-05 01:16:16 -04: Elite configurations (first number is the configuration ID; listed from best to worst according to the sum of ranks):
    algorithm localsearch alpha beta  rho ants   q0 rasrank elitistants nnls
456       acs           3  2.16 3.15 0.72   57 0.33      NA          NA   15
430       acs           3  2.71 2.81 0.82   63 0.18      NA          NA   15
297       acs           3  2.74 2.41 0.73   60 0.18      NA          NA   13
347       acs           3  2.63 2.89 0.78   59 0.34      NA          NA   16
333       acs           3  2.75 3.49 0.55   55 0.42      NA          NA   20
    dlb
456   1
430   1
297   1
347   1
333   1
# Total CPU user time: 30936.92, CPU sys time: 232.19, Wall-clock time: 4430.008
    .ID. algorithm localsearch alpha beta  rho ants   q0 rasrank elitistants
456  456       acs           3  2.16 3.15 0.72   57 0.33      NA          NA
430  430       acs           3  2.71 2.81 0.82   63 0.18      NA          NA
297  297       acs           3  2.74 2.41 0.73   60 0.18      NA          NA
347  347       acs           3  2.63 2.89 0.78   59 0.34      NA          NA
333  333       acs           3  2.75 3.49 0.55   55 0.42      NA          NA
    nnls dlb .PARENT. .RANK.   .WEIGHT.
456   15   1      347     74 0.33333333
430   15   1      347     78 0.26666667
297   13   1      194     80 0.20000000
347   16   1      297     85 0.13333333
333   20   1      129     90 0.06666667
