# 2025-05-21 23:24:18 -04: Reading parameter file '/home/dianag/PruebasPablo/irace-independent-executions/PSO-X/Scenarios/E7-BH-Multimodal-N/Runs/E7-BH-Multimodal-N_seed_839201/parameters.txt'.
# 2025-05-21 23:24:18 -04: 2 expression(s) specifying forbidden configurations read.
# 2025-05-21 23:24:18 -04: Initialization
# Elitist race
# Elitist new instances: 1
# Elitist limit: 2
# nbIterations: 5
# minNbSurvival: 5
# nbParameters: 8
# seed: 839201
# confidence level: 0.95
# budget: 4000
# mu: 5
# deterministic: FALSE

# 2025-05-21 23:24:18 -04: Iteration 1 of 5
# experimentsUsed: 0
# remainingBudget: 4000
# currentBudget: 800
# nbConfigurations: 133
# Markers:
     x No test is performed.
     c Configurations are discarded only due to capping.
     - The test is performed and some configurations are discarded.
     = The test is performed but no configuration is discarded.
     ! The test is performed and configurations could be discarded but elite configurations are preserved.
     . All alive configurations are elite and nothing is discarded.

+-+-----------+-----------+-----------+----------------+-----------+--------+-----+----+------+
| |   Instance|      Alive|       Best|       Mean best| Exp so far|  W time|  rho|KenW|  Qvar|
+-+-----------+-----------+-----------+----------------+-----------+--------+-----+----+------+
|x|          1|        132|         38|     169.2623854|        132|00:00:37|   NA|  NA|    NA|
|x|          2|        132|        120|     96.99950225|        264|00:01:43|+0.46|0.73|0.5928|
|x|          3|        132|        105|     70.18400406|        396|00:00:35|+0.61|0.74|0.4419|
|x|          4|        132|        105|     100.5590231|        528|00:00:35|+0.66|0.75|0.4866|
|-|          5|         33|         53|     89.86870377|        660|00:00:35|+0.12|0.30|0.7951|
|-|          6|         21|        125|     70.59143868|        693|00:00:22|-0.07|0.11|0.9599|
|=|          7|         21|         38|     94.61502793|        714|00:00:05|-0.01|0.13|0.8985|
|=|          8|         21|         38|     82.84290352|        735|00:00:05|+0.02|0.14|0.9013|
+-+-----------+-----------+-----------+----------------+-----------+--------+-----+----+------+
Best-so-far configuration:          38    mean value:      82.84290352
Description of the best-so-far configuration:
   .ID. particles topology modInfluence branching tSchedule phi1 phi2 inertia
38   38         6        4            0        NA        NA 1.29  0.9    0.76
   .PARENT.
38       NA

# 2025-05-21 23:29:01 -04: Elite configurations (first number is the configuration ID; listed from best to worst according to the sum of ranks):
    particles topology modInfluence branching tSchedule phi1 phi2 inertia
38          6        4            0        NA        NA 1.29 0.90    0.76
53         99        4            2        NA        NA 0.89 1.76    0.79
105         5        5            2        NA         6 2.36 2.41    0.84
75         39        1            0        NA        NA 1.23 1.51    0.80
47        174        4            0        NA        NA 1.83 1.45    0.68
# 2025-05-21 23:29:01 -04: Iteration 2 of 5
# experimentsUsed: 735
# remainingBudget: 3265
# currentBudget: 816
# nbConfigurations: 95
# Markers:
     x No test is performed.
     c Configurations are discarded only due to capping.
     - The test is performed and some configurations are discarded.
     = The test is performed but no configuration is discarded.
     ! The test is performed and configurations could be discarded but elite configurations are preserved.
     . All alive configurations are elite and nothing is discarded.

+-+-----------+-----------+-----------+----------------+-----------+--------+-----+----+------+
| |   Instance|      Alive|       Best|       Mean best| Exp so far|  W time|  rho|KenW|  Qvar|
+-+-----------+-----------+-----------+----------------+-----------+--------+-----+----+------+
|x|          9|         95|        188|     20.80238784|         95|00:00:27|   NA|  NA|    NA|
|x|          3|         95|        181|     10.42561156|        185|00:00:25|+0.03|0.52|0.9797|
|x|          7|         95|        222|     72.63330107|        275|00:00:26|+0.17|0.45|0.8674|
|x|          5|         95|        222|     59.45086187|        365|00:00:25|+0.27|0.45|0.8674|
|-|          2|         42|        222|     52.12224833|        455|00:01:07|-0.03|0.18|1.0255|
|=|          8|         42|         53|     40.64728116|        492|00:00:20|+0.04|0.20|0.9543|
|-|          1|         28|        222|     68.24997443|        529|00:00:20|-0.05|0.10|1.0060|
|=|          6|         28|        159|     52.52308329|        552|00:00:08|-0.02|0.11|0.9763|
|=|          4|         28|        159|     67.49006721|        575|00:00:02|+0.01|0.12|0.9322|
|=|         10|         28|        159|     60.83871011|        603|00:00:02|-0.00|0.10|0.9549|
+-+-----------+-----------+-----------+----------------+-----------+--------+-----+----+------+
Best-so-far configuration:         159    mean value:      60.83871011
Description of the best-so-far configuration:
    .ID. particles topology modInfluence branching tSchedule phi1 phi2 inertia
159  159        75        0            0        NA        NA  1.4 1.52    0.82
    .PARENT.
159       38

# 2025-05-21 23:32:48 -04: Elite configurations (first number is the configuration ID; listed from best to worst according to the sum of ranks):
    particles topology modInfluence branching tSchedule phi1 phi2 inertia
159        75        0            0        NA        NA 1.40 1.52    0.82
53         99        4            2        NA        NA 0.89 1.76    0.79
156       126        4            2        NA        NA 0.20 1.70    0.72
178        94        5            0        NA         6 1.78 2.01    0.63
211        30        1            0        NA        NA 0.99 1.06    0.79
# 2025-05-21 23:32:48 -04: Iteration 3 of 5
# experimentsUsed: 1338
# remainingBudget: 2662
# currentBudget: 887
# nbConfigurations: 85
# Markers:
     x No test is performed.
     c Configurations are discarded only due to capping.
     - The test is performed and some configurations are discarded.
     = The test is performed but no configuration is discarded.
     ! The test is performed and configurations could be discarded but elite configurations are preserved.
     . All alive configurations are elite and nothing is discarded.

+-+-----------+-----------+-----------+----------------+-----------+--------+-----+----+------+
| |   Instance|      Alive|       Best|       Mean best| Exp so far|  W time|  rho|KenW|  Qvar|
+-+-----------+-----------+-----------+----------------+-----------+--------+-----+----+------+
|x|         11|         85|        266|     15271.23001|         85|00:00:27|   NA|  NA|    NA|
|x|          1|         85|        228|     8081.609859|        165|00:00:25|+0.68|0.84|0.3426|
|x|          7|         85|        250|     5320.568199|        245|00:00:26|+0.67|0.78|0.5356|
|x|          9|         85|        211|     4046.969850|        325|00:00:26|+0.38|0.53|0.7096|
|-|          2|         30|        276|     3391.162662|        405|00:01:00|-0.10|0.12|1.0192|
|=|          6|         30|        223|     2773.312619|        430|00:00:09|-0.04|0.13|0.9885|
|=|          8|         30|        276|     2422.684885|        455|00:00:02|-0.02|0.12|0.9424|
|=|          4|         30|        276|     2142.681576|        480|00:00:02|+0.01|0.14|0.9030|
|=|          5|         30|        276|     1904.875282|        505|00:00:03|+0.02|0.13|0.8692|
|=|         10|         30|        276|     1714.418425|        530|00:00:03|+0.02|0.11|0.8634|
|=|          3|         30|        276|     1558.572630|        555|00:00:02|+0.03|0.11|0.8400|
|=|         12|         30|        276|     1428.777689|        585|00:00:03|+0.03|0.11|0.8536|
+-+-----------+-----------+-----------+----------------+-----------+--------+-----+----+------+
Best-so-far configuration:         276    mean value:      1428.777689
Description of the best-so-far configuration:
    .ID. particles topology modInfluence branching tSchedule phi1 phi2 inertia
276  276       102        4            2        NA        NA 0.19 1.93    0.83
    .PARENT.
276      156

# 2025-05-21 23:36:02 -04: Elite configurations (first number is the configuration ID; listed from best to worst according to the sum of ranks):
    particles topology modInfluence branching tSchedule phi1 phi2 inertia
276       102        4            2        NA        NA 0.19 1.93    0.83
296       110        5            0        NA         7 1.95 1.90    0.75
159        75        0            0        NA        NA 1.40 1.52    0.82
239       117        4            2        NA        NA 0.77 2.29    0.76
223        83        4            0        NA        NA 0.91 1.15    0.73
# 2025-05-21 23:36:02 -04: Iteration 4 of 5
# experimentsUsed: 1923
# remainingBudget: 2077
# currentBudget: 1038
# nbConfigurations: 84
# Markers:
     x No test is performed.
     c Configurations are discarded only due to capping.
     - The test is performed and some configurations are discarded.
     = The test is performed but no configuration is discarded.
     ! The test is performed and configurations could be discarded but elite configurations are preserved.
     . All alive configurations are elite and nothing is discarded.

+-+-----------+-----------+-----------+----------------+-----------+--------+-----+----+------+
| |   Instance|      Alive|       Best|       Mean best| Exp so far|  W time|  rho|KenW|  Qvar|
+-+-----------+-----------+-----------+----------------+-----------+--------+-----+----+------+
|x|         13|         84|        361|     182.0937532|         84|00:00:08|   NA|  NA|    NA|
|x|          5|         84|        361|     92.04039111|        163|00:00:08|+0.21|0.61|0.7777|
|x|          6|         84|        307|     197.9905950|        242|00:00:25|-0.06|0.29|0.9815|
|x|         12|         84|        307|     148.7166393|        321|00:00:09|+0.13|0.35|0.8065|
|-|          4|         63|        339|     161.0111091|        400|00:00:08|-0.10|0.12|1.1286|
|=|          2|         63|        339|     138.1406530|        458|00:00:35|-0.07|0.11|1.0937|
|=|          9|         63|        339|     121.3947194|        516|00:00:06|-0.04|0.11|1.0477|
|=|         10|         63|        239|     89.04026723|        574|00:00:06|-0.05|0.08|1.0379|
|=|          8|         63|        339|     94.56151315|        632|00:00:06|-0.03|0.09|1.0188|
|=|          7|         63|        339|     104.2339267|        690|00:00:06|-0.03|0.07|1.0061|
|=|          3|         63|        339|     94.76452513|        748|00:00:05|-0.00|0.09|1.0066|
|=|         11|         63|        350|     1442.750994|        806|00:00:06|-0.02|0.06|1.0186|
|=|          1|         63|        339|     1489.854319|        864|00:00:05|-0.03|0.05|1.0047|
|=|         14|         63|        339|     1385.237262|        927|00:00:07|-0.03|0.05|1.0006|
+-+-----------+-----------+-----------+----------------+-----------+--------+-----+----+------+
Best-so-far configuration:         339    mean value:      1385.237262
Description of the best-so-far configuration:
    .ID. particles topology modInfluence branching tSchedule phi1 phi2 inertia
339  339       107        5            0        NA         7 2.14 1.84    0.69
    .PARENT.
339      296

# 2025-05-21 23:38:30 -04: Elite configurations (first number is the configuration ID; listed from best to worst according to the sum of ranks):
    particles topology modInfluence branching tSchedule phi1 phi2 inertia
339       107        5            0        NA         7 2.14 1.84    0.69
350       108        4            2        NA        NA 0.21 2.05    0.75
323        77        4            2        NA        NA 0.12 1.91    0.78
276       102        4            2        NA        NA 0.19 1.93    0.83
296       110        5            0        NA         7 1.95 1.90    0.75
# 2025-05-21 23:38:30 -04: Iteration 5 of 5
# experimentsUsed: 2850
# remainingBudget: 1150
# currentBudget: 1150
# nbConfigurations: 81
# Markers:
     x No test is performed.
     c Configurations are discarded only due to capping.
     - The test is performed and some configurations are discarded.
     = The test is performed but no configuration is discarded.
     ! The test is performed and configurations could be discarded but elite configurations are preserved.
     . All alive configurations are elite and nothing is discarded.

+-+-----------+-----------+-----------+----------------+-----------+--------+-----+----+------+
| |   Instance|      Alive|       Best|       Mean best| Exp so far|  W time|  rho|KenW|  Qvar|
+-+-----------+-----------+-----------+----------------+-----------+--------+-----+----+------+
|x|         15|         81|        456|    0.2645703082|         81|00:00:08|   NA|  NA|    NA|
|x|          2|         81|        425|     3.041594612|        157|00:00:47|+0.23|0.61|0.7156|
|x|         14|         81|        425|     10.50850504|        233|00:00:08|+0.20|0.46|0.7738|
|x|          7|         81|        425|     55.94199385|        309|00:00:08|+0.20|0.40|0.7282|
|-|          9|         32|        425|     48.92685445|        385|00:00:08|-0.02|0.18|1.0179|
|=|          4|         32|        407|     71.42475401|        412|00:00:03|+0.01|0.17|1.0087|
|=|         12|         32|        407|     61.36371197|        439|00:00:03|-0.04|0.11|1.0381|
|=|          5|         32|        425|     58.39548512|        466|00:00:03|-0.02|0.11|1.0068|
|=|         11|         32|        425|     1888.202988|        493|00:00:03|-0.02|0.10|0.9976|
|=|          6|         32|        425|     1699.601003|        520|00:00:09|-0.01|0.10|0.9989|
|=|         10|         32|        407|     1587.887184|        547|00:00:03|-0.01|0.08|0.9959|
|=|          1|         32|        407|     1473.220047|        574|00:00:03|-0.03|0.06|0.9937|
|=|         13|         32|        407|     1376.698195|        601|00:00:03|-0.02|0.06|0.9835|
|=|          3|         32|        407|     1278.368762|        628|00:00:02|-0.02|0.05|0.9931|
|=|          8|         32|        407|     1193.173327|        655|00:00:03|-0.00|0.06|0.9918|
|=|         16|         32|        407|     1119.926409|        687|00:00:03|+0.01|0.07|0.9892|
+-+-----------+-----------+-----------+----------------+-----------+--------+-----+----+------+
Best-so-far configuration:         407    mean value:      1119.926409
Description of the best-so-far configuration:
    .ID. particles topology modInfluence branching tSchedule phi1 phi2 inertia
407  407        88        4            2        NA        NA 0.24 1.94    0.77
    .PARENT.
407      323

# 2025-05-21 23:40:35 -04: Elite configurations (first number is the configuration ID; listed from best to worst according to the sum of ranks):
    particles topology modInfluence branching tSchedule phi1 phi2 inertia
407        88        4            2        NA        NA 0.24 1.94    0.77
350       108        4            2        NA        NA 0.21 2.05    0.75
385       113        5            0        NA         7 2.04 1.90    0.71
339       107        5            0        NA         7 2.14 1.84    0.69
443       117        4            2        NA        NA 0.39 2.00    0.75
# 2025-05-21 23:40:35 -04: Iteration 6 of 6
# experimentsUsed: 3537
# remainingBudget: 463
# currentBudget: 463
# nbConfigurations: 31
# Markers:
     x No test is performed.
     c Configurations are discarded only due to capping.
     - The test is performed and some configurations are discarded.
     = The test is performed but no configuration is discarded.
     ! The test is performed and configurations could be discarded but elite configurations are preserved.
     . All alive configurations are elite and nothing is discarded.

+-+-----------+-----------+-----------+----------------+-----------+--------+-----+----+------+
| |   Instance|      Alive|       Best|       Mean best| Exp so far|  W time|  rho|KenW|  Qvar|
+-+-----------+-----------+-----------+----------------+-----------+--------+-----+----+------+
|x|         17|         31|        480|     11.94126922|         31|00:00:04|   NA|  NA|    NA|
|x|          8|         31|        478|     6.492578123|         57|00:00:03|-0.08|0.46|0.9304|
|x|         11|         31|        473|     5405.958209|         83|00:00:03|+0.08|0.39|1.0383|
|x|          7|         31|        474|     4143.168588|        109|00:00:03|+0.07|0.30|0.9535|
|=|         16|         31|        385|     3211.452029|        135|00:00:03|+0.08|0.26|0.9901|
|-|          5|         22|        385|     2676.532910|        161|00:00:03|-0.08|0.10|1.0490|
|=|         12|         22|        476|     2284.905207|        178|00:00:02|-0.01|0.13|1.0471|
|=|          9|         22|        478|     2166.765696|        195|00:00:02|-0.01|0.11|1.0351|
|=|         10|         22|        476|     1779.510231|        212|00:00:01|-0.03|0.09|1.0197|
|=|          3|         22|        472|     1599.280591|        229|00:00:02|+0.02|0.12|0.9968|
|=|          1|         22|        472|     1472.673152|        246|00:00:02|-0.01|0.08|1.0030|
|=|         13|         22|        476|     1395.658813|        263|00:00:02|-0.03|0.06|0.9941|
|=|         14|         22|        339|     1477.195621|        280|00:00:02|-0.02|0.05|1.0002|
|=|         15|         22|        476|     1202.382478|        297|00:00:02|-0.02|0.05|0.9832|
|=|          4|         22|        476|     1136.336661|        314|00:00:02|-0.02|0.05|0.9765|
|=|          6|         22|        339|     1212.639252|        331|00:00:06|-0.02|0.04|0.9873|
|=|          2|         22|        472|     1799.004314|        348|00:00:11|-0.02|0.04|0.9699|
|=|         18|         22|        407|     1001.832937|        370|00:00:03|-0.02|0.04|0.9659|
+-+-----------+-----------+-----------+----------------+-----------+--------+-----+----+------+
Best-so-far configuration:         407    mean value:      1001.832937
Description of the best-so-far configuration:
    .ID. particles topology modInfluence branching tSchedule phi1 phi2 inertia
407  407        88        4            2        NA        NA 0.24 1.94    0.77
    .PARENT.
407      323

# 2025-05-21 23:41:38 -04: Elite configurations (first number is the configuration ID; listed from best to worst according to the sum of ranks):
    particles topology modInfluence branching tSchedule phi1 phi2 inertia
407        88        4            2        NA        NA 0.24 1.94    0.77
339       107        5            0        NA         7 2.14 1.84    0.69
472       104        5            0        NA         7 2.04 1.86    0.69
350       108        4            2        NA        NA 0.21 2.05    0.75
443       117        4            2        NA        NA 0.39 2.00    0.75
# 2025-05-21 23:41:38 -04: Iteration 7 of 7
# experimentsUsed: 3907
# remainingBudget: 93
# currentBudget: 93
# nbConfigurations: 9
# Markers:
     x No test is performed.
     c Configurations are discarded only due to capping.
     - The test is performed and some configurations are discarded.
     = The test is performed but no configuration is discarded.
     ! The test is performed and configurations could be discarded but elite configurations are preserved.
     . All alive configurations are elite and nothing is discarded.

+-+-----------+-----------+-----------+----------------+-----------+--------+-----+----+------+
| |   Instance|      Alive|       Best|       Mean best| Exp so far|  W time|  rho|KenW|  Qvar|
+-+-----------+-----------+-----------+----------------+-----------+--------+-----+----+------+
|x|         19|          9|        472|     86310.12778|          9|00:00:02|   NA|  NA|    NA|
|x|         10|          9|        472|     43155.20062|         13|00:00:01|-0.07|0.47|1.3609|
|x|         15|          9|        472|     28770.30996|         17|00:00:01|-0.19|0.21|1.1327|
|x|         17|          9|        486|     238871.2656|         21|00:00:00|-0.01|0.25|0.9329|
|=|         12|          9|        472|     17265.07185|         25|00:00:01|-0.09|0.13|1.0086|
|=|          2|          9|        472|     14391.14390|         29|00:00:05|-0.04|0.13|0.9585|
|=|          9|          9|        472|     12338.26391|         33|00:00:01|-0.06|0.09|0.9637|
|=|         11|          9|        472|     12763.06268|         37|00:00:01|-0.02|0.11|0.9302|
|=|          1|          9|        472|     11367.90002|         41|00:00:01|-0.00|0.11|0.9251|
|=|          4|          9|        472|     10251.25157|         45|00:00:01|+0.02|0.12|0.8827|
|=|          5|          9|        472|     9319.497530|         49|00:00:01|+0.01|0.10|0.9016|
|=|          7|          9|        472|     8559.339597|         53|00:00:01|-0.02|0.07|0.9241|
|=|         13|          9|        472|     8988.012916|         57|00:00:01|+0.00|0.08|0.9039|
|=|         16|          9|        472|     8347.479976|         61|00:00:01|+0.03|0.10|0.8883|
|=|         18|          9|        472|     7806.035311|         65|00:00:01|+0.04|0.10|0.8884|
|=|          3|          9|        472|     7318.160715|         69|00:00:01|+0.03|0.09|0.8915|
|=|          6|          9|        472|     6887.708964|         73|00:00:03|+0.01|0.07|0.9011|
|=|         14|          9|        339|     6895.907763|         77|00:00:01|+0.02|0.08|0.8854|
|=|          8|          9|        339|     6532.979761|         81|00:00:01|+0.02|0.08|0.8808|
|=|         20|          9|        339|     6208.168988|         90|00:00:06|+0.03|0.08|0.8691|
+-+-----------+-----------+-----------+----------------+-----------+--------+-----+----+------+
Best-so-far configuration:         339    mean value:      6208.168988
Description of the best-so-far configuration:
    .ID. particles topology modInfluence branching tSchedule phi1 phi2 inertia
339  339       107        5            0        NA         7 2.14 1.84    0.69
    .PARENT.
339      296

# 2025-05-21 23:42:17 -04: Elite configurations (first number is the configuration ID; listed from best to worst according to the sum of ranks):
    particles topology modInfluence branching tSchedule phi1 phi2 inertia
339       107        5            0        NA         7 2.14 1.84    0.69
472       104        5            0        NA         7 2.04 1.86    0.69
407        88        4            2        NA        NA 0.24 1.94    0.77
350       108        4            2        NA        NA 0.21 2.05    0.75
443       117        4            2        NA        NA 0.39 2.00    0.75
# 2025-05-21 23:42:17 -04: Stopped because there is not enough budget left to race more than the minimum (5).
# You may either increase the budget or set 'minNbSurvival' to a lower value.
# Iteration: 8
# nbIterations: 8
# experimentsUsed: 3997
# timeUsed: 0
# remainingBudget: 3
# currentBudget: 3
# number of elites: 5
# nbConfigurations: 5
# Total CPU user time: 8254.68, CPU sys time: 120.714, Wall-clock time: 1079.118
# 2025-05-21 23:42:17 -04: Starting post-selection:
# Configurations selected: 339, 472, 407.
# Pending instances: 0, 0, 0.
# 2025-05-21 23:42:17 -04: seed: 839201
# Configurations: 3
# Available experiments: 3
# minSurvival: 1
# Markers:
     x No test is performed.
     c Configurations are discarded only due to capping.
     - The test is performed and some configurations are discarded.
     = The test is performed but no configuration is discarded.
     ! The test is performed and configurations could be discarded but elite configurations are preserved.
     . All alive configurations are elite and nothing is discarded.

+-+-----------+-----------+-----------+----------------+-----------+--------+-----+----+------+
| |   Instance|      Alive|       Best|       Mean best| Exp so far|  W time|  rho|KenW|  Qvar|
+-+-----------+-----------+-----------+----------------+-----------+--------+-----+----+------+
|.|         18|          3|        407|     100.8756039|          0|00:00:00|   NA|  NA|    NA|
|.|         16|          3|        407|     61.04912384|          0|00:00:00|-0.50|0.25|0.7774|
|.|          1|          3|        407|     111.3265955|          0|00:00:00|+0.00|0.33|0.5257|
|.|         17|          3|        407|     86.81862454|          0|00:00:00|-0.25|0.06|0.6792|
|.|         15|          3|        407|     69.52018387|          0|00:00:00|-0.20|0.04|0.7047|
|.|          8|          3|        407|     58.00635819|          0|00:00:00|-0.17|0.03|0.7354|
|.|         19|          3|        407|     148503.5453|          0|00:00:00|-0.14|0.02|0.7275|
|.|         11|          3|        407|     132069.7199|          0|00:00:00|-0.12|0.02|0.7509|
|.|          3|          3|        407|     117395.3162|          0|00:00:00|-0.07|0.05|0.7299|
|.|         13|          3|        407|     105677.6282|          0|00:00:00|-0.10|0.01|0.7284|
|.|         10|          3|        407|     96070.60020|          0|00:00:00|-0.07|0.02|0.7318|
|.|          6|          3|        407|     88064.85533|          0|00:00:00|-0.06|0.03|0.7159|
|.|         14|          3|        407|     81292.66979|          0|00:00:00|-0.06|0.02|0.7083|
|.|          4|          3|        407|     75499.14570|          0|00:00:00|-0.07|0.01|0.7117|
|.|         20|          3|        407|     70468.51689|          0|00:00:00|-0.06|0.01|0.6977|
|.|          9|          3|        407|     66065.53865|          0|00:00:00|-0.05|0.02|0.6903|
|.|          7|          3|        407|     62190.10383|          0|00:00:00|-0.04|0.02|0.6809|
|.|          2|          3|        407|     58735.89997|          0|00:00:00|-0.04|0.02|0.6780|
|.|          5|          3|        407|     55644.65725|          0|00:00:00|-0.04|0.02|0.6843|
|.|         12|          3|        407|     52862.47426|          0|00:00:00|-0.04|0.01|0.6910|
|=|         21|          3|        339|     6762.449486|          3|00:00:01|-0.04|0.01|0.6925|
+-+-----------+-----------+-----------+----------------+-----------+--------+-----+----+------+
Best-so-far configuration:         339    mean value:      6762.449486
Description of the best-so-far configuration:
    .ID. particles topology modInfluence branching tSchedule phi1 phi2 inertia
339  339       107        5            0        NA         7 2.14 1.84    0.69
    .PARENT.
339      296

# 2025-05-21 23:42:19 -04: Elite configurations (first number is the configuration ID; listed from best to worst according to the sum of ranks):
    particles topology modInfluence branching tSchedule phi1 phi2 inertia
339       107        5            0        NA         7 2.14 1.84    0.69
407        88        4            2        NA        NA 0.24 1.94    0.77
472       104        5            0        NA         7 2.04 1.86    0.69
# Total CPU user time: 8258.375, CPU sys time: 120.808, Wall-clock time: 1080.744
    .ID. particles topology modInfluence branching tSchedule phi1 phi2 inertia
339  339       107        5            0        NA         7 2.14 1.84    0.69
407  407        88        4            2        NA        NA 0.24 1.94    0.77
472  472       104        5            0        NA         7 2.04 1.86    0.69
    .PARENT. .RANK.  .WEIGHT.
339      296     40 0.5000000
407      323     43 0.3333333
472      385     43 0.1666667
