# 2025-05-12 20:20:04 -04: Reading parameter file '/home/dianag/PruebasPablo/irace-independent-executions/ACOTSP/Scenarios/E1-BL-N/Runs/E1-BL-N_seed_31415926/parameters.txt'.
# 2025-05-12 20:20:04 -04: 1 expression(s) specifying forbidden configurations read.
# 2025-05-12 20:20:04 -04: Initialization
# Elitist race
# Elitist new instances: 1
# Elitist limit: 2
# nbIterations: 5
# minNbSurvival: 5
# nbParameters: 11
# seed: 31415926
# confidence level: 0.95
# budget: 2750
# mu: 5
# deterministic: FALSE

# 2025-05-12 20:20:04 -04: Iteration 1 of 5
# experimentsUsed: 0
# remainingBudget: 2750
# currentBudget: 550
# nbConfigurations: 91
# Markers:
     x No test is performed.
     c Configurations are discarded only due to capping.
     - The test is performed and some configurations are discarded.
     = The test is performed but no configuration is discarded.
     ! The test is performed and configurations could be discarded but elite configurations are preserved.
     . All alive configurations are elite and nothing is discarded.

+-+-----------+-----------+-----------+----------------+-----------+--------+-----+----+------+
| |   Instance|      Alive|       Best|       Mean best| Exp so far|  W time|  rho|KenW|  Qvar|
+-+-----------+-----------+-----------+----------------+-----------+--------+-----+----+------+
|x|          1|         91|         66|     32329151.00|         91|00:02:17|   NA|  NA|    NA|
|x|          2|         91|         66|     32457492.00|        182|00:02:17|+0.97|0.99|0.0006|
|x|          3|         91|         66|     32569635.67|        273|00:02:21|+0.98|0.99|0.0006|
|x|          4|         91|         66|     32534182.75|        364|00:02:28|+0.98|0.99|0.0007|
|-|          5|          4|         66|     32501436.80|        455|00:02:26|+0.04|0.23|0.7199|
+-+-----------+-----------+-----------+----------------+-----------+--------+-----+----+------+
Best-so-far configuration:          66    mean value:      32501436.80
Description of the best-so-far configuration:
   .ID. algorithm localsearch alpha beta  rho ants q0 rasrank elitistants nnls
66   66       ras           3  3.12 2.59 0.81   81 NA       9          NA   31
   dlb .PARENT.
66   0       NA

# 2025-05-12 20:31:54 -04: Elite configurations (first number is the configuration ID; listed from best to worst according to the sum of ranks):
   algorithm localsearch alpha beta  rho ants q0 rasrank elitistants nnls dlb
66       ras           3  3.12 2.59 0.81   81 NA       9          NA   31   0
72      mmas           3  2.50 8.84 0.44   21 NA      NA          NA   48   0
26      mmas           3  2.85 3.76 0.22   15 NA      NA          NA   32   0
59      mmas           3  1.83 2.67 0.36   10 NA      NA          NA   39   0
# 2025-05-12 20:31:54 -04: Iteration 2 of 5
# experimentsUsed: 455
# remainingBudget: 2295
# currentBudget: 573
# nbConfigurations: 84
# Markers:
     x No test is performed.
     c Configurations are discarded only due to capping.
     - The test is performed and some configurations are discarded.
     = The test is performed but no configuration is discarded.
     ! The test is performed and configurations could be discarded but elite configurations are preserved.
     . All alive configurations are elite and nothing is discarded.

+-+-----------+-----------+-----------+----------------+-----------+--------+-----+----+------+
| |   Instance|      Alive|       Best|       Mean best| Exp so far|  W time|  rho|KenW|  Qvar|
+-+-----------+-----------+-----------+----------------+-----------+--------+-----+----+------+
|x|          6|         84|         66|     32453618.00|         84|00:02:43|   NA|  NA|    NA|
|x|          1|         84|        166|     32403208.50|        164|00:02:30|+0.97|0.98|0.0008|
|x|          4|         84|        106|     32388765.00|        244|00:02:29|+0.97|0.98|0.0016|
|x|          5|         84|        106|     32400741.75|        324|00:02:31|+0.96|0.97|0.0024|
|-|          2|         11|        166|     32431412.40|        404|00:02:31|+0.14|0.31|0.8123|
|=|          3|         11|        166|     32474621.67|        411|00:00:17|+0.14|0.29|0.7940|
|-|          7|          6|        166|     32480782.43|        422|00:00:32|-0.06|0.10|0.8671|
|=|          8|          6|        166|     32492422.62|        428|00:00:20|-0.00|0.12|0.8105|
|=|          9|          6|        166|     32478185.33|        434|00:00:19|-0.07|0.05|0.8781|
+-+-----------+-----------+-----------+----------------+-----------+--------+-----+----+------+
Best-so-far configuration:         166    mean value:      32478185.33
Description of the best-so-far configuration:
    .ID. algorithm localsearch alpha beta  rho ants   q0 rasrank elitistants
166  166       acs           3  3.76 0.16 0.91   22 0.17      NA          NA
    nnls dlb .PARENT.
166    8   0       66

# 2025-05-12 20:46:12 -04: Elite configurations (first number is the configuration ID; listed from best to worst according to the sum of ranks):
    algorithm localsearch alpha beta  rho ants   q0 rasrank elitistants nnls
166       acs           3  3.76 0.16 0.91   22 0.17      NA          NA    8
66        ras           3  3.12 2.59 0.81   81   NA       9          NA   31
150      mmas           3  0.95 3.38 0.98   65   NA      NA          NA   38
115      mmas           3  3.28 8.71 0.40   32   NA      NA          NA   40
106       ras           3  3.28 0.17 0.46   90   NA      30          NA   29
    dlb
166   0
66    0
150   1
115   0
106   0
# 2025-05-12 20:46:12 -04: Iteration 3 of 5
# experimentsUsed: 889
# remainingBudget: 1861
# currentBudget: 620
# nbConfigurations: 66
# Markers:
     x No test is performed.
     c Configurations are discarded only due to capping.
     - The test is performed and some configurations are discarded.
     = The test is performed but no configuration is discarded.
     ! The test is performed and configurations could be discarded but elite configurations are preserved.
     . All alive configurations are elite and nothing is discarded.

+-+-----------+-----------+-----------+----------------+-----------+--------+-----+----+------+
| |   Instance|      Alive|       Best|       Mean best| Exp so far|  W time|  rho|KenW|  Qvar|
+-+-----------+-----------+-----------+----------------+-----------+--------+-----+----+------+
|x|         10|         66|        224|     32813420.00|         66|00:02:10|   NA|  NA|    NA|
|x|          1|         66|        202|     32562198.00|        127|00:01:48|+0.81|0.91|0.0015|
|x|          5|         66|        202|     32494462.67|        188|00:01:48|+0.85|0.90|0.0013|
|x|          7|         66|        223|     32489823.25|        249|00:01:50|+0.86|0.89|0.0011|
|-|          3|          9|        223|     32523027.80|        310|00:01:42|+0.32|0.46|0.5364|
|=|          9|          9|        223|     32490116.00|        314|00:00:10|+0.18|0.32|0.6434|
|!|          8|          9|        223|     32494798.43|        318|00:00:12|+0.17|0.29|0.6541|
|-|          6|          8|        223|     32490440.62|        322|00:00:10|+0.21|0.31|0.6084|
|!|          4|          8|        223|     32479520.33|        325|00:00:10|+0.17|0.26|0.6613|
|-|          2|          4|        223|     32478608.90|        328|00:00:10|+0.04|0.13|0.6741|
+-+-----------+-----------+-----------+----------------+-----------+--------+-----+----+------+
Best-so-far configuration:         223    mean value:      32478608.90
Description of the best-so-far configuration:
    .ID. algorithm localsearch alpha beta  rho ants   q0 rasrank elitistants
223  223       acs           3  2.94 0.28 0.31   14 0.16      NA          NA
    nnls dlb .PARENT.
223   14   1      166

# 2025-05-12 20:56:26 -04: Elite configurations (first number is the configuration ID; listed from best to worst according to the sum of ranks):
    algorithm localsearch alpha beta  rho ants   q0 rasrank elitistants nnls
223       acs           3  2.94 0.28 0.31   14 0.16      NA          NA   14
188       acs           3  4.53 1.80 0.97   30 0.16      NA          NA   18
202       ras           3  2.91 4.84 0.60   71   NA       8          NA   28
166       acs           3  3.76 0.16 0.91   22 0.17      NA          NA    8
    dlb
223   1
188   1
202   1
166   0
# 2025-05-12 20:56:26 -04: Iteration 4 of 5
# experimentsUsed: 1217
# remainingBudget: 1533
# currentBudget: 766
# nbConfigurations: 73
# Markers:
     x No test is performed.
     c Configurations are discarded only due to capping.
     - The test is performed and some configurations are discarded.
     = The test is performed but no configuration is discarded.
     ! The test is performed and configurations could be discarded but elite configurations are preserved.
     . All alive configurations are elite and nothing is discarded.

+-+-----------+-----------+-----------+----------------+-----------+--------+-----+----+------+
| |   Instance|      Alive|       Best|       Mean best| Exp so far|  W time|  rho|KenW|  Qvar|
+-+-----------+-----------+-----------+----------------+-----------+--------+-----+----+------+
|x|         11|         73|        271|     32276958.00|         73|00:01:43|   NA|  NA|    NA|
|x|          3|         73|        223|     32491640.50|        142|00:01:38|+0.77|0.88|0.0015|
|x|          2|         73|        223|     32484562.33|        211|00:01:40|+0.76|0.84|0.0013|
|x|         10|         73|        242|     32569054.75|        280|00:01:43|+0.73|0.80|0.0014|
|-|          9|         22|        271|     32527222.20|        349|00:01:37|-0.01|0.19|0.9199|
|=|          4|         22|        271|     32491987.33|        367|00:00:31|+0.02|0.19|0.8837|
|=|          6|         22|        242|     32487064.14|        385|00:00:31|+0.06|0.19|0.8700|
|=|          5|         22|        242|     32469182.75|        403|00:00:31|+0.05|0.17|0.8686|
|-|          1|          8|        242|     32442772.22|        421|00:00:31|+0.16|0.25|0.7325|
|!|          7|          8|        242|     32441280.00|        425|00:00:10|+0.17|0.26|0.7226|
|-|          8|          5|        242|     32449189.00|        429|00:00:10|-0.05|0.04|0.8386|
+-+-----------+-----------+-----------+----------------+-----------+--------+-----+----+------+
Best-so-far configuration:         242    mean value:      32449189.00
Description of the best-so-far configuration:
    .ID. algorithm localsearch alpha beta  rho ants   q0 rasrank elitistants
242  242       acs           3  2.36 0.91 0.18   31 0.34      NA          NA
    nnls dlb .PARENT.
242   11   1      223

# 2025-05-12 21:07:16 -04: Elite configurations (first number is the configuration ID; listed from best to worst according to the sum of ranks):
    algorithm localsearch alpha beta  rho ants   q0 rasrank elitistants nnls
242       acs           3  2.36 0.91 0.18   31 0.34      NA          NA   11
288       acs           3  2.69 1.27 0.27   46 0.24      NA          NA   16
271       acs           3  2.90 0.35 0.13   24 0.31      NA          NA   13
223       acs           3  2.94 0.28 0.31   14 0.16      NA          NA   14
294       acs           3  3.17 1.25 0.40   16 0.05      NA          NA   18
    dlb
242   1
288   1
271   1
223   1
294   1
# 2025-05-12 21:07:16 -04: Iteration 5 of 5
# experimentsUsed: 1646
# remainingBudget: 1104
# currentBudget: 1104
# nbConfigurations: 96
# Markers:
     x No test is performed.
     c Configurations are discarded only due to capping.
     - The test is performed and some configurations are discarded.
     = The test is performed but no configuration is discarded.
     ! The test is performed and configurations could be discarded but elite configurations are preserved.
     . All alive configurations are elite and nothing is discarded.

+-+-----------+-----------+-----------+----------------+-----------+--------+-----+----+------+
| |   Instance|      Alive|       Best|       Mean best| Exp so far|  W time|  rho|KenW|  Qvar|
+-+-----------+-----------+-----------+----------------+-----------+--------+-----+----+------+
|x|         12|         96|        370|     32619218.00|         96|00:02:13|   NA|  NA|    NA|
|x|          2|         96|        389|     32549962.00|        187|00:02:04|+0.51|0.76|0.0004|
|x|          5|         96|        345|     32472349.33|        278|00:02:05|+0.58|0.72|0.0004|
|x|          8|         96|        328|     32486251.25|        369|00:02:04|+0.60|0.70|0.0007|
|-|          4|         34|        328|     32455400.80|        460|00:02:04|-0.12|0.10|1.0960|
|=|          6|         34|        321|     32458171.83|        489|00:00:41|-0.09|0.09|1.0538|
|=|          7|         34|        345|     32437579.57|        518|00:00:41|-0.05|0.10|1.0017|
|=|          1|         34|        345|     32416050.38|        547|00:00:41|-0.03|0.10|0.9921|
|=|          3|         34|        321|     32456436.89|        576|00:00:41|-0.03|0.09|0.9882|
|=|         11|         34|        321|     32442663.90|        605|00:00:41|-0.02|0.08|0.9882|
|=|         10|         34|        242|     32476704.09|        634|00:00:41|-0.01|0.08|0.9808|
|=|          9|         34|        314|     32462214.08|        663|00:00:41|-0.01|0.08|0.9683|
|=|         13|         34|        389|     32456985.00|        697|00:00:51|+0.00|0.08|0.9631|
+-+-----------+-----------+-----------+----------------+-----------+--------+-----+----+------+
Best-so-far configuration:         389    mean value:      32456985.00
Description of the best-so-far configuration:
    .ID. algorithm localsearch alpha beta rho ants   q0 rasrank elitistants
389  389       acs           3  2.62 2.62 0.4   48 0.14      NA          NA
    nnls dlb .PARENT.
389   16   1      288

# 2025-05-12 21:23:31 -04: Elite configurations (first number is the configuration ID; listed from best to worst according to the sum of ranks):
    algorithm localsearch alpha beta  rho ants   q0 rasrank elitistants nnls
389       acs           3  2.62 2.62 0.40   48 0.14      NA          NA   16
345       acs           3  3.55 0.51 0.03   24 0.05      NA          NA   12
242       acs           3  2.36 0.91 0.18   31 0.34      NA          NA   11
321       acs           3  2.48 1.28 0.17   31 0.33      NA          NA   14
314       acs           3  2.22 1.86 0.28   22 0.35      NA          NA   15
    dlb
389   1
345   1
242   1
321   1
314   1
# 2025-05-12 21:23:31 -04: Iteration 6 of 6
# experimentsUsed: 2343
# remainingBudget: 407
# currentBudget: 407
# nbConfigurations: 33
# Markers:
     x No test is performed.
     c Configurations are discarded only due to capping.
     - The test is performed and some configurations are discarded.
     = The test is performed but no configuration is discarded.
     ! The test is performed and configurations could be discarded but elite configurations are preserved.
     . All alive configurations are elite and nothing is discarded.

+-+-----------+-----------+-----------+----------------+-----------+--------+-----+----+------+
| |   Instance|      Alive|       Best|       Mean best| Exp so far|  W time|  rho|KenW|  Qvar|
+-+-----------+-----------+-----------+----------------+-----------+--------+-----+----+------+
|x|         14|         33|        404|     32486417.00|         33|00:00:51|   NA|  NA|    NA|
|x|         12|         33|        242|     32601599.50|         61|00:00:41|+0.18|0.59|0.5784|
|x|          4|         33|        389|     32506685.67|         89|00:00:41|+0.28|0.52|0.5021|
|x|          6|         33|        389|     32485401.50|        117|00:00:41|+0.33|0.50|0.4144|
|-|          7|         22|        389|     32471544.00|        145|00:00:41|-0.08|0.13|0.9938|
|=|          9|         22|        389|     32434647.33|        162|00:00:31|-0.04|0.13|0.9739|
|=|          5|         22|        389|     32420823.71|        179|00:00:31|-0.01|0.13|0.9480|
|=|          1|         22|        345|     32392258.75|        196|00:00:31|+0.01|0.13|0.9304|
|=|         11|         22|        389|     32392229.11|        213|00:00:31|+0.01|0.12|0.9258|
|=|         13|         22|        389|     32388444.10|        230|00:00:31|+0.01|0.11|0.9238|
|=|          3|         22|        345|     32408973.82|        247|00:00:31|+0.01|0.10|0.9308|
|=|         10|         22|        389|     32455960.67|        264|00:00:31|+0.01|0.09|0.9358|
|=|          2|         22|        389|     32456061.38|        281|00:00:31|+0.03|0.11|0.9113|
|=|          8|         22|        242|     32462739.93|        298|00:00:31|+0.03|0.10|0.9099|
|=|         15|         22|        242|     32437570.93|        320|00:00:31|+0.04|0.10|0.9058|
+-+-----------+-----------+-----------+----------------+-----------+--------+-----+----+------+
Best-so-far configuration:         242    mean value:      32437570.93
Description of the best-so-far configuration:
    .ID. algorithm localsearch alpha beta  rho ants   q0 rasrank elitistants
242  242       acs           3  2.36 0.91 0.18   31 0.34      NA          NA
    nnls dlb .PARENT.
242   11   1      223

# 2025-05-12 21:32:22 -04: Elite configurations (first number is the configuration ID; listed from best to worst according to the sum of ranks):
    algorithm localsearch alpha beta  rho ants   q0 rasrank elitistants nnls
242       acs           3  2.36 0.91 0.18   31 0.34      NA          NA   11
345       acs           3  3.55 0.51 0.03   24 0.05      NA          NA   12
389       acs           3  2.62 2.62 0.40   48 0.14      NA          NA   16
321       acs           3  2.48 1.28 0.17   31 0.33      NA          NA   14
393       acs           3  2.15 0.68 0.26   35 0.47      NA          NA   15
    dlb
242   1
345   1
389   1
321   1
393   1
# 2025-05-12 21:32:22 -04: Iteration 7 of 7
# experimentsUsed: 2663
# remainingBudget: 87
# currentBudget: 87
# nbConfigurations: 10
# Markers:
     x No test is performed.
     c Configurations are discarded only due to capping.
     - The test is performed and some configurations are discarded.
     = The test is performed but no configuration is discarded.
     ! The test is performed and configurations could be discarded but elite configurations are preserved.
     . All alive configurations are elite and nothing is discarded.

+-+-----------+-----------+-----------+----------------+-----------+--------+-----+----+------+
| |   Instance|      Alive|       Best|       Mean best| Exp so far|  W time|  rho|KenW|  Qvar|
+-+-----------+-----------+-----------+----------------+-----------+--------+-----+----+------+
|x|         16|         10|        345|     32412547.00|         10|00:00:20|   NA|  NA|    NA|
|x|          8|         10|        393|     32481167.00|         15|00:00:10|+0.22|0.61|0.5527|
|x|         12|         10|        345|     32530787.33|         20|00:00:10|+0.01|0.34|0.8155|
|x|         13|         10|        345|     32471297.75|         25|00:00:10|+0.19|0.40|0.6375|
|=|         14|         10|        393|     32515353.00|         30|00:00:10|+0.15|0.32|0.6832|
|-|          9|          8|        345|     32456923.17|         35|00:00:10|-0.00|0.16|0.8762|
|=|         15|          8|        345|     32396928.86|         38|00:00:10|+0.08|0.21|0.8342|
|=|          1|          8|        345|     32380481.00|         41|00:00:10|+0.09|0.20|0.8128|
|-|          6|          5|        345|     32381206.89|         44|00:00:10|+0.09|0.19|0.7626|
|.|          7|          5|        345|     32377140.10|         44|00:00:00|+0.13|0.22|0.7175|
|.|         11|          5|        345|     32375133.91|         44|00:00:00|+0.08|0.17|0.7729|
|.|         10|          5|        345|     32417801.33|         44|00:00:00|+0.02|0.10|0.7952|
|.|          4|          5|        345|     32413311.62|         44|00:00:00|-0.03|0.05|0.8320|
|.|          2|          5|        345|     32418622.21|         44|00:00:00|-0.04|0.03|0.8351|
|.|          5|          5|        345|     32411287.00|         44|00:00:00|-0.03|0.04|0.8249|
|.|          3|          5|        345|     32430127.88|         44|00:00:00|-0.04|0.03|0.8223|
+-+-----------+-----------+-----------+----------------+-----------+--------+-----+----+------+
Best-so-far configuration:         345    mean value:      32430127.88
Description of the best-so-far configuration:
    .ID. algorithm localsearch alpha beta  rho ants   q0 rasrank elitistants
345  345       acs           3  3.55 0.51 0.03   24 0.05      NA          NA
    nnls dlb .PARENT.
345   12   1      271

# 2025-05-12 21:34:07 -04: Elite configurations (first number is the configuration ID; listed from best to worst according to the sum of ranks):
    algorithm localsearch alpha beta  rho ants   q0 rasrank elitistants nnls
345       acs           3  3.55 0.51 0.03   24 0.05      NA          NA   12
393       acs           3  2.15 0.68 0.26   35 0.47      NA          NA   15
242       acs           3  2.36 0.91 0.18   31 0.34      NA          NA   11
321       acs           3  2.48 1.28 0.17   31 0.33      NA          NA   14
389       acs           3  2.62 2.62 0.40   48 0.14      NA          NA   16
    dlb
345   1
393   1
242   1
321   1
389   1
# 2025-05-12 21:34:07 -04: Iteration 8 of 8
# experimentsUsed: 2707
# remainingBudget: 43
# currentBudget: 43
# nbConfigurations: 7
# Markers:
     x No test is performed.
     c Configurations are discarded only due to capping.
     - The test is performed and some configurations are discarded.
     = The test is performed but no configuration is discarded.
     ! The test is performed and configurations could be discarded but elite configurations are preserved.
     . All alive configurations are elite and nothing is discarded.

+-+-----------+-----------+-----------+----------------+-----------+--------+-----+----+------+
| |   Instance|      Alive|       Best|       Mean best| Exp so far|  W time|  rho|KenW|  Qvar|
+-+-----------+-----------+-----------+----------------+-----------+--------+-----+----+------+
|x|         17|          7|        345|     32352617.00|          7|00:00:10|   NA|  NA|    NA|
|x|         12|          7|        345|     32486705.50|          9|00:00:10|-0.11|0.45|1.2117|
|x|          9|          7|        345|     32413448.33|         11|00:00:10|+0.12|0.41|0.8358|
|x|         11|          7|        345|     32398854.25|         13|00:00:10|-0.05|0.21|0.9661|
|=|          1|          7|        345|     32372152.60|         15|00:00:10|+0.04|0.23|0.8688|
|=|          6|          7|        345|     32374629.50|         17|00:00:10|+0.13|0.28|0.7965|
|-|          7|          6|        345|     32369759.43|         19|00:00:10|+0.02|0.16|0.8620|
|=|          8|          6|        345|     32393417.12|         20|00:00:10|+0.02|0.14|0.8579|
|=|          5|          6|        345|     32383992.33|         21|00:00:10|+0.07|0.17|0.8190|
|=|         15|          6|        345|     32349289.40|         22|00:00:10|+0.08|0.17|0.7983|
|=|          3|          6|        393|     32393487.82|         23|00:00:10|+0.06|0.15|0.8056|
|=|          4|          6|        393|     32390497.92|         24|00:00:10|-0.00|0.08|0.8511|
|=|         10|          6|        393|     32428769.54|         25|00:00:10|-0.04|0.04|0.8688|
|=|         13|          6|        345|     32410360.14|         26|00:00:10|-0.03|0.05|0.8462|
|=|         16|          6|        345|     32410505.93|         27|00:00:10|-0.01|0.06|0.8244|
|=|         14|          6|        393|     32431910.12|         28|00:00:10|-0.01|0.06|0.8279|
|=|          2|          6|        345|     32425568.41|         29|00:00:10|-0.02|0.04|0.8401|
|=|         18|          6|        345|     32429587.00|         35|00:00:10|-0.00|0.05|0.8246|
+-+-----------+-----------+-----------+----------------+-----------+--------+-----+----+------+
Best-so-far configuration:         345    mean value:      32429587.00
Description of the best-so-far configuration:
    .ID. algorithm localsearch alpha beta  rho ants   q0 rasrank elitistants
345  345       acs           3  3.55 0.51 0.03   24 0.05      NA          NA
    nnls dlb .PARENT.
345   12   1      271

# 2025-05-12 21:37:16 -04: Elite configurations (first number is the configuration ID; listed from best to worst according to the sum of ranks):
    algorithm localsearch alpha beta  rho ants   q0 rasrank elitistants nnls
345       acs           3  3.55 0.51 0.03   24 0.05      NA          NA   12
393       acs           3  2.15 0.68 0.26   35 0.47      NA          NA   15
242       acs           3  2.36 0.91 0.18   31 0.34      NA          NA   11
321       acs           3  2.48 1.28 0.17   31 0.33      NA          NA   14
389       acs           3  2.62 2.62 0.40   48 0.14      NA          NA   16
    dlb
345   1
393   1
242   1
321   1
389   1
# 2025-05-12 21:37:16 -04: Stopped because there is not enough budget left to race more than the minimum (5).
# You may either increase the budget or set 'minNbSurvival' to a lower value.
# Iteration: 9
# nbIterations: 9
# experimentsUsed: 2742
# timeUsed: 0
# remainingBudget: 8
# currentBudget: 8
# number of elites: 5
# nbConfigurations: 5
# Total CPU user time: 31689.97, CPU sys time: 224.798, Wall-clock time: 4632.112
# 2025-05-12 21:37:16 -04: Starting post-selection:
# Configurations selected: 345, 393, 242, 321, 389.
# Pending instances: 1, 1, 1, 1, 1.
# 2025-05-12 21:37:16 -04: seed: 31415926
# Configurations: 5
# Available experiments: 8
# minSurvival: 1
# Markers:
     x No test is performed.
     c Configurations are discarded only due to capping.
     - The test is performed and some configurations are discarded.
     = The test is performed but no configuration is discarded.
     ! The test is performed and configurations could be discarded but elite configurations are preserved.
     . All alive configurations are elite and nothing is discarded.

+-+-----------+-----------+-----------+----------------+-----------+--------+-----+----+------+
| |   Instance|      Alive|       Best|       Mean best| Exp so far|  W time|  rho|KenW|  Qvar|
+-+-----------+-----------+-----------+----------------+-----------+--------+-----+----+------+
|.|          8|          5|        393|     32506420.00|          0|00:00:00|   NA|  NA|    NA|
|.|          2|          5|        393|     32532386.00|          0|00:00:00|-0.90|0.05|1.4464|
|.|          6|          5|        393|     32495119.00|          0|00:00:00|-0.43|0.04|1.1171|
|.|         12|          5|        393|     32554786.00|          0|00:00:00|-0.20|0.10|0.8994|
|.|         15|          5|        393|     32447450.80|          0|00:00:00|-0.11|0.11|0.8803|
|.|          3|          5|        393|     32486923.67|          0|00:00:00|-0.12|0.07|0.8715|
|.|          4|          5|        393|     32468450.14|          0|00:00:00|-0.16|0.01|0.9001|
|.|          9|          5|        393|     32450802.25|          0|00:00:00|-0.11|0.03|0.8706|
|.|         14|          5|        393|     32459723.56|          0|00:00:00|-0.10|0.02|0.8829|
|.|         17|          5|        393|     32452195.90|          0|00:00:00|-0.07|0.03|0.8545|
|.|         13|          5|        393|     32442864.45|          0|00:00:00|-0.05|0.04|0.8245|
|.|         18|          5|        393|     32447808.08|          0|00:00:00|-0.01|0.07|0.7957|
|.|          5|          5|        393|     32438924.23|          0|00:00:00|+0.02|0.09|0.7649|
|.|         16|          5|        393|     32440137.79|          0|00:00:00|+0.05|0.11|0.7344|
|.|          7|          5|        393|     32434933.40|          0|00:00:00|+0.08|0.14|0.7091|
|.|         10|          5|        393|     32463251.88|          0|00:00:00|+0.03|0.09|0.7501|
|.|         11|          5|        393|     32453960.06|          0|00:00:00|+0.00|0.06|0.7832|
|.|          1|          5|        393|     32442839.00|          0|00:00:00|+0.01|0.06|0.7889|
|=|         19|          5|        345|     32414875.53|          5|00:00:10|-0.01|0.05|0.8076|
+-+-----------+-----------+-----------+----------------+-----------+--------+-----+----+------+
Best-so-far configuration:         345    mean value:      32414875.53
Description of the best-so-far configuration:
    .ID. algorithm localsearch alpha beta  rho ants   q0 rasrank elitistants
345  345       acs           3  3.55 0.51 0.03   24 0.05      NA          NA
    nnls dlb .PARENT.
345   12   1      271

# 2025-05-12 21:37:27 -04: Elite configurations (first number is the configuration ID; listed from best to worst according to the sum of ranks):
    algorithm localsearch alpha beta  rho ants   q0 rasrank elitistants nnls
345       acs           3  3.55 0.51 0.03   24 0.05      NA          NA   12
393       acs           3  2.15 0.68 0.26   35 0.47      NA          NA   15
242       acs           3  2.36 0.91 0.18   31 0.34      NA          NA   11
321       acs           3  2.48 1.28 0.17   31 0.33      NA          NA   14
389       acs           3  2.62 2.62 0.40   48 0.14      NA          NA   16
    dlb
345   1
393   1
242   1
321   1
389   1
# Total CPU user time: 31742.09, CPU sys time: 225.203, Wall-clock time: 4642.898
    .ID. algorithm localsearch alpha beta  rho ants   q0 rasrank elitistants
345  345       acs           3  3.55 0.51 0.03   24 0.05      NA          NA
393  393       acs           3  2.15 0.68 0.26   35 0.47      NA          NA
242  242       acs           3  2.36 0.91 0.18   31 0.34      NA          NA
321  321       acs           3  2.48 1.28 0.17   31 0.33      NA          NA
389  389       acs           3  2.62 2.62 0.40   48 0.14      NA          NA
    nnls dlb .PARENT. .RANK.   .WEIGHT.
345   12   1      271     50 0.33333333
393   15   1      242     50 0.26666667
242   11   1      223     61 0.20000000
321   14   1      242     61 0.13333333
389   16   1      288     63 0.06666667
