# 2025-06-08 18:04:29 -04: Reading parameter file '/home/dianag/PruebasPablo/irace-independent-executions/MMASQAP/Scenarios/E3-BH-N/Runs/E3-BH-N_seed_600613007/parameters.txt'.
# 2025-06-08 18:04:29 -04: Initialization
# Elitist race
# Elitist new instances: 1
# Elitist limit: 2
# nbIterations: 3
# minNbSurvival: 3
# nbParameters: 3
# seed: 600613007
# confidence level: 0.95
# budget: 1500
# mu: 5
# deterministic: FALSE

# 2025-06-08 18:04:29 -04: Iteration 1 of 3
# experimentsUsed: 0
# remainingBudget: 1500
# currentBudget: 500
# nbConfigurations: 83
# Markers:
     x No test is performed.
     c Configurations are discarded only due to capping.
     - The test is performed and some configurations are discarded.
     = The test is performed but no configuration is discarded.
     ! The test is performed and configurations could be discarded but elite configurations are preserved.
     . All alive configurations are elite and nothing is discarded.

+-+-----------+-----------+-----------+----------------+-----------+--------+-----+----+------+
| |   Instance|      Alive|       Best|       Mean best| Exp so far|  W time|  rho|KenW|  Qvar|
+-+-----------+-----------+-----------+----------------+-----------+--------+-----+----+------+
|x|          1|         83|         29|     7644996.000|         83|00:00:28|   NA|  NA|    NA|
|x|          2|         83|          5|     4103564.000|        166|00:00:30|+0.21|0.61|0.4207|
|x|          3|         83|         50|     2856240.000|        249|00:00:28|+0.34|0.56|0.3990|
|x|          4|         83|         50|     4038534.000|        332|00:00:28|+0.41|0.56|0.3943|
|-|          5|         26|         26|     3317437.600|        415|00:00:28|+0.00|0.20|0.9795|
|-|          6|         12|         50|     4015825.000|        441|00:00:14|-0.02|0.15|0.9555|
|=|          7|         12|         26|     4501876.286|        453|00:00:09|-0.08|0.07|0.9550|
|=|          8|         12|         50|     4022345.500|        465|00:00:10|-0.04|0.09|0.9261|
+-+-----------+-----------+-----------+----------------+-----------+--------+-----+----+------+
Best-so-far configuration:          50    mean value:      4022345.500
Description of the best-so-far configuration:
   .ID. localsearch  rho ants .PARENT.
50   50           3 0.15   22       NA

# 2025-06-08 18:07:28 -04: Elite configurations (first number is the configuration ID; listed from best to worst according to the sum of ranks):
   localsearch  rho ants
50           3 0.15   22
26           3 0.57    8
19           3 0.38   52
# 2025-06-08 18:07:28 -04: Iteration 2 of 3
# experimentsUsed: 465
# remainingBudget: 1035
# currentBudget: 517
# nbConfigurations: 60
# Markers:
     x No test is performed.
     c Configurations are discarded only due to capping.
     - The test is performed and some configurations are discarded.
     = The test is performed but no configuration is discarded.
     ! The test is performed and configurations could be discarded but elite configurations are preserved.
     . All alive configurations are elite and nothing is discarded.

+-+-----------+-----------+-----------+----------------+-----------+--------+-----+----+------+
| |   Instance|      Alive|       Best|       Mean best| Exp so far|  W time|  rho|KenW|  Qvar|
+-+-----------+-----------+-----------+----------------+-----------+--------+-----+----+------+
|x|          9|         60|         92|     7300926.000|         60|00:00:25|   NA|  NA|    NA|
|x|          8|         60|        136|     3986519.000|        117|00:00:24|+0.16|0.58|0.8541|
|x|          1|         60|        118|     5214205.333|        174|00:00:24|+0.38|0.59|0.6076|
|x|          7|         60|        118|     5763089.500|        231|00:00:23|+0.47|0.60|0.4985|
|-|          6|         24|        118|     6111497.600|        288|00:00:23|-0.09|0.13|1.0433|
|=|          5|         24|         98|     5163021.000|        309|00:00:13|-0.09|0.09|1.0410|
|=|          3|         24|         98|     4476572.286|        330|00:00:14|-0.06|0.09|1.0100|
|=|          4|         24|         98|     4865226.000|        351|00:00:14|-0.02|0.11|0.9680|
|=|          2|         24|        118|     4387622.667|        372|00:00:13|-0.02|0.09|0.9692|
|=|         10|         24|        118|     3992178.000|        396|00:00:15|-0.02|0.09|0.9634|
+-+-----------+-----------+-----------+----------------+-----------+--------+-----+----+------+
Best-so-far configuration:         118    mean value:      3992178.000
Description of the best-so-far configuration:
    .ID. localsearch  rho ants .PARENT.
118  118           3 0.47    5       26

# 2025-06-08 18:10:43 -04: Elite configurations (first number is the configuration ID; listed from best to worst according to the sum of ranks):
    localsearch  rho ants
118           3 0.47    5
101           3 0.40    7
26            3 0.57    8
# 2025-06-08 18:10:43 -04: Iteration 3 of 3
# experimentsUsed: 861
# remainingBudget: 639
# currentBudget: 639
# nbConfigurations: 60
# Markers:
     x No test is performed.
     c Configurations are discarded only due to capping.
     - The test is performed and some configurations are discarded.
     = The test is performed but no configuration is discarded.
     ! The test is performed and configurations could be discarded but elite configurations are preserved.
     . All alive configurations are elite and nothing is discarded.

+-+-----------+-----------+-----------+----------------+-----------+--------+-----+----+------+
| |   Instance|      Alive|       Best|       Mean best| Exp so far|  W time|  rho|KenW|  Qvar|
+-+-----------+-----------+-----------+----------------+-----------+--------+-----+----+------+
|x|         11|         60|        118|     446580.0000|         60|00:00:33|   NA|  NA|    NA|
|x|          7|         60|        192|     3923196.000|        117|00:00:30|+0.33|0.66|0.6433|
|x|          8|         60|        118|     2837472.000|        174|00:00:29|+0.30|0.53|0.7445|
|x|          5|         60|        158|     2235441.000|        231|00:00:30|+0.07|0.31|0.9015|
|-|          4|         33|        181|     3304705.200|        288|00:00:31|-0.02|0.18|0.9971|
|=|          9|         33|        181|     3975128.333|        318|00:00:19|-0.03|0.14|1.0033|
|=|          6|         33|        181|     4479299.429|        348|00:00:19|+0.00|0.14|0.9781|
|=|          2|         33|        118|     3989896.750|        378|00:00:19|+0.02|0.14|0.9687|
|=|         10|         33|        118|     3594705.556|        408|00:00:18|+0.05|0.16|0.9311|
|=|          1|         33|        161|     4001716.000|        438|00:00:18|+0.04|0.14|0.9394|
|=|          3|         33|        118|     3669850.909|        468|00:00:18|+0.03|0.12|0.9499|
|=|         12|         33|        118|     3403562.333|        501|00:00:23|+0.03|0.11|0.9510|
+-+-----------+-----------+-----------+----------------+-----------+--------+-----+----+------+
Best-so-far configuration:         118    mean value:      3403562.333
Description of the best-so-far configuration:
    .ID. localsearch  rho ants .PARENT.
118  118           3 0.47    5       26

# 2025-06-08 18:15:36 -04: Elite configurations (first number is the configuration ID; listed from best to worst according to the sum of ranks):
    localsearch  rho ants
118           3 0.47    5
161           3 0.43    6
170           3 0.46    4
# 2025-06-08 18:15:36 -04: Iteration 4 of 4
# experimentsUsed: 1362
# remainingBudget: 138
# currentBudget: 138
# nbConfigurations: 13
# Markers:
     x No test is performed.
     c Configurations are discarded only due to capping.
     - The test is performed and some configurations are discarded.
     = The test is performed but no configuration is discarded.
     ! The test is performed and configurations could be discarded but elite configurations are preserved.
     . All alive configurations are elite and nothing is discarded.

+-+-----------+-----------+-----------+----------------+-----------+--------+-----+----+------+
| |   Instance|      Alive|       Best|       Mean best| Exp so far|  W time|  rho|KenW|  Qvar|
+-+-----------+-----------+-----------+----------------+-----------+--------+-----+----+------+
|x|         13|         13|        161|     289306.0000|         13|00:00:10|   NA|  NA|    NA|
|x|          6|         13|        161|     3889123.000|         23|00:00:09|+0.07|0.53|0.8559|
|x|          4|         13|        201|     5122324.000|         33|00:00:09|-0.03|0.31|0.8933|
|x|         10|         13|        201|     3950037.000|         43|00:00:09|+0.11|0.33|0.8582|
|=|          2|         13|        201|     3269834.400|         53|00:00:08|+0.12|0.30|0.8459|
|=|          3|         13|        161|     2787531.000|         63|00:00:08|+0.07|0.22|0.9010|
|-|         11|          9|        161|     2453128.000|         73|00:00:09|+0.06|0.19|0.8681|
|=|          5|          9|        161|     2201269.750|         79|00:00:05|+0.03|0.15|0.8458|
|=|          9|          9|        161|     2770278.000|         85|00:00:04|+0.01|0.12|0.8828|
|=|         12|          9|        161|     2542957.800|         91|00:00:04|+0.03|0.13|0.8541|
|=|          7|          9|        161|     2986255.818|         97|00:00:05|+0.01|0.10|0.8663|
|=|          8|          9|        118|     2789650.667|        103|00:00:04|+0.03|0.11|0.8439|
|=|          1|          9|        161|     3166265.846|        109|00:00:04|+0.05|0.12|0.8333|
|=|         14|          9|        118|     3464472.286|        118|00:00:09|+0.06|0.13|0.8077|
+-+-----------+-----------+-----------+----------------+-----------+--------+-----+----+------+
Best-so-far configuration:         118    mean value:      3464472.286
Description of the best-so-far configuration:
    .ID. localsearch  rho ants .PARENT.
118  118           3 0.47    5       26

# 2025-06-08 18:17:19 -04: Elite configurations (first number is the configuration ID; listed from best to worst according to the sum of ranks):
    localsearch  rho ants
118           3 0.47    5
161           3 0.43    6
170           3 0.46    4
# 2025-06-08 18:17:19 -04: Iteration 5 of 5
# experimentsUsed: 1480
# remainingBudget: 20
# currentBudget: 20
# nbConfigurations: 4
# Markers:
     x No test is performed.
     c Configurations are discarded only due to capping.
     - The test is performed and some configurations are discarded.
     = The test is performed but no configuration is discarded.
     ! The test is performed and configurations could be discarded but elite configurations are preserved.
     . All alive configurations are elite and nothing is discarded.

+-+-----------+-----------+-----------+----------------+-----------+--------+-----+----+------+
| |   Instance|      Alive|       Best|       Mean best| Exp so far|  W time|  rho|KenW|  Qvar|
+-+-----------+-----------+-----------+----------------+-----------+--------+-----+----+------+
|x|         15|          4|        208|     7576322.000|          4|00:00:04|   NA|  NA|    NA|
|x|          4|          4|        118|     7585103.000|          5|00:00:04|+0.40|0.70|0.5800|
|x|          1|          4|        208|     7612205.333|          6|00:00:04|-0.33|0.11|1.0281|
|x|          6|          4|        118|     7583719.000|          7|00:00:04|-0.30|0.03|0.9607|
|=|         11|          4|        118|     6156291.200|          8|00:00:04|-0.14|0.09|0.8560|
|=|          2|          4|        118|     5221746.667|          9|00:00:04|-0.08|0.10|0.7763|
|=|          8|          4|        118|     4569510.571|         10|00:00:04|-0.08|0.08|0.7960|
|=|         13|          4|        118|     4034896.750|         11|00:00:04|-0.06|0.08|0.7869|
|=|          5|          4|        161|     3636807.333|         12|00:00:04|-0.07|0.05|0.7806|
|=|          7|          4|        118|     4012718.600|         13|00:00:04|-0.07|0.03|0.8002|
|=|         14|          4|        118|     4317677.273|         14|00:00:04|-0.04|0.06|0.7683|
|=|          9|          4|        118|     4568452.667|         15|00:00:04|-0.03|0.06|0.7739|
|=|         10|          4|        118|     4250354.462|         16|00:00:04|-0.04|0.04|0.7819|
|=|         12|          4|        118|     3980642.571|         17|00:00:04|-0.02|0.05|0.7661|
|=|          3|          4|        118|     3739031.067|         18|00:00:04|-0.02|0.04|0.7759|
+-+-----------+-----------+-----------+----------------+-----------+--------+-----+----+------+
Best-so-far configuration:         118    mean value:      3739031.067
Description of the best-so-far configuration:
    .ID. localsearch  rho ants .PARENT.
118  118           3 0.47    5       26

# 2025-06-08 18:18:28 -04: Elite configurations (first number is the configuration ID; listed from best to worst according to the sum of ranks):
    localsearch  rho ants
118           3 0.47    5
161           3 0.43    6
170           3 0.46    4
# 2025-06-08 18:18:28 -04: Stopped because there is not enough budget left to race more than the minimum (3).
# You may either increase the budget or set 'minNbSurvival' to a lower value.
# Iteration: 6
# nbIterations: 6
# experimentsUsed: 1498
# timeUsed: 0
# remainingBudget: 2
# currentBudget: 2
# number of elites: 3
# nbConfigurations: 3
# Total CPU user time: 5392.415, CPU sys time: 35.073, Wall-clock time: 839.012
# 2025-06-08 18:18:28 -04: Starting post-selection:
# Configurations selected: 118, 161.
# Pending instances: 0, 0.
# 2025-06-08 18:18:28 -04: seed: 600613007
# Configurations: 2
# Available experiments: 2
# minSurvival: 1
# Markers:
     x No test is performed.
     c Configurations are discarded only due to capping.
     - The test is performed and some configurations are discarded.
     = The test is performed but no configuration is discarded.
     ! The test is performed and configurations could be discarded but elite configurations are preserved.
     . All alive configurations are elite and nothing is discarded.

+-+-----------+-----------+-----------+----------------+-----------+--------+-----+----+------+
| |   Instance|      Alive|       Best|       Mean best| Exp so far|  W time|  rho|KenW|  Qvar|
+-+-----------+-----------+-----------+----------------+-----------+--------+-----+----+------+
|.|          5|          2|        161|     438262.0000|          0|00:00:00|   NA|  NA|    NA|
|.|          7|          2|        161|     3928749.000|          0|00:00:00|-1.00|0.00|1.0000|
|.|          4|          2|        161|     5156023.333|          0|00:00:00|-0.33|0.11|0.6667|
|.|         14|          2|        161|     5708839.000|          0|00:00:00|+0.00|0.25|0.5000|
|.|         15|          2|        161|     6086869.200|          0|00:00:00|+0.20|0.36|0.4000|
|.|         11|          2|        161|     5146842.667|          0|00:00:00|+0.33|0.44|0.3333|
|.|          8|          2|        161|     4506406.286|          0|00:00:00|+0.43|0.51|0.2857|
|.|          3|          2|        161|     3987844.750|          0|00:00:00|+0.50|0.56|0.2500|
|.|          1|          2|        161|     4394623.556|          0|00:00:00|+0.22|0.31|0.3889|
|.|          6|          2|        161|     4704055.200|          0|00:00:00|+0.07|0.16|0.4667|
|.|         12|          2|        161|     4321602.545|          0|00:00:00|+0.13|0.21|0.4364|
|.|         13|          2|        161|     3985577.833|          0|00:00:00|+0.03|0.11|0.4848|
|.|          9|          2|        161|     4242252.154|          0|00:00:00|-0.03|0.05|0.5128|
|.|         10|          2|        161|     3970134.857|          0|00:00:00|-0.05|0.02|0.5275|
|.|          2|          2|        161|     3741848.800|          0|00:00:00|-0.07|0.00|0.5333|
|=|         16|          2|        118|     3963132.750|          2|00:00:04|-0.07|0.00|0.5333|
+-+-----------+-----------+-----------+----------------+-----------+--------+-----+----+------+
Best-so-far configuration:         118    mean value:      3963132.750
Description of the best-so-far configuration:
    .ID. localsearch  rho ants .PARENT.
118  118           3 0.47    5       26

# 2025-06-08 18:18:32 -04: Elite configurations (first number is the configuration ID; listed from best to worst according to the sum of ranks):
    localsearch  rho ants
118           3 0.47    5
161           3 0.43    6
# Total CPU user time: 5401.552, CPU sys time: 35.126, Wall-clock time: 843.812
    .ID. localsearch  rho ants .PARENT. .RANK.  .WEIGHT.
118  118           3 0.47    5       26     24 0.6666667
161  161           3 0.43    6      101     24 0.3333333
