# 2025-05-17 01:58:08 -04: Reading parameter file '/home/dianag/PruebasPablo/irace-independent-executions/PSO-X/Scenarios/E2-BL-Mixed-SR/Runs/E2-BL-Mixed-SR_seed_123456789/parameters.txt'.
# 2025-05-17 01:58:08 -04: 2 expression(s) specifying forbidden configurations read.
# 2025-05-17 01:58:08 -04: Initialization
# Elitist race
# Elitist new instances: 1
# Elitist limit: 2
# nbIterations: 5
# minNbSurvival: 5
# nbParameters: 8
# seed: 123456789
# confidence level: 0.95
# budget: 2000
# mu: 5
# deterministic: FALSE

# 2025-05-17 01:58:08 -04: Iteration 1 of 5
# experimentsUsed: 0
# remainingBudget: 2000
# currentBudget: 400
# nbConfigurations: 66
# Markers:
     x No test is performed.
     c Configurations are discarded only due to capping.
     - The test is performed and some configurations are discarded.
     = The test is performed but no configuration is discarded.
     ! The test is performed and configurations could be discarded but elite configurations are preserved.
     . All alive configurations are elite and nothing is discarded.

+-+-----------+-----------+-----------+----------------+-----------+--------+-----+----+------+
| |   Instance|      Alive|       Best|       Mean best| Exp so far|  W time|  rho|KenW|  Qvar|
+-+-----------+-----------+-----------+----------------+-----------+--------+-----+----+------+
|x|          1|         66|         52|     132.3840395|         66|00:00:21|   NA|  NA|    NA|
|x|          2|         66|         41|     193.7870909|        132|00:01:55|+0.30|0.65|0.4950|
|x|          3|         66|         44|     333.4173886|        198|00:01:59|+0.41|0.61|0.4599|
|x|          4|         66|         54|     247.3226276|        264|00:00:21|+0.37|0.53|0.4439|
|-|          5|         32|         44|     447.4905236|        330|00:01:22|-0.11|0.11|1.0304|
|=|          6|         32|         44|     1631.864964|        362|00:00:05|-0.03|0.14|0.9414|
|=|          7|         32|         44|     31079.34618|        394|00:00:04|-0.02|0.13|0.9230|
+-+-----------+-----------+-----------+----------------+-----------+--------+-----+----+------+
Best-so-far configuration:          44    mean value:      31079.34618
Description of the best-so-far configuration:
   .ID. particles topology modInfluence branching tSchedule phi1 phi2 inertia
44   44        28        1            0        NA        NA 0.91 0.66     0.5
   .PARENT.
44       NA

# 2025-05-17 02:04:18 -04: Elite configurations (first number is the configuration ID; listed from best to worst according to the sum of ranks):
   particles topology modInfluence branching tSchedule phi1 phi2 inertia
44        28        1            0        NA        NA 0.91 0.66    0.50
54        47        1            0        NA        NA 1.61 1.99    0.30
52        59        4            0        NA        NA 1.77 1.21    0.80
9          6        1            1        NA        NA 0.24 1.17    0.03
59        22        4            1        NA        NA 1.92 1.05    0.86
# 2025-05-17 02:04:18 -04: Iteration 2 of 5
# experimentsUsed: 394
# remainingBudget: 1606
# currentBudget: 401
# nbConfigurations: 54
# Markers:
     x No test is performed.
     c Configurations are discarded only due to capping.
     - The test is performed and some configurations are discarded.
     = The test is performed but no configuration is discarded.
     ! The test is performed and configurations could be discarded but elite configurations are preserved.
     . All alive configurations are elite and nothing is discarded.

+-+-----------+-----------+-----------+----------------+-----------+--------+-----+----+------+
| |   Instance|      Alive|       Best|       Mean best| Exp so far|  W time|  rho|KenW|  Qvar|
+-+-----------+-----------+-----------+----------------+-----------+--------+-----+----+------+
|x|          8|         54|         95|     101.3605848|         54|00:00:17|   NA|  NA|    NA|
|x|          3|         54|         73|     323.3345267|        103|00:01:30|+0.32|0.66|0.5340|
|x|          4|         54|          9|     230.2797757|        152|00:00:17|+0.47|0.65|0.4122|
|x|          1|         54|         93|     220.9653266|        201|00:00:17|+0.39|0.54|0.4238|
|-|          2|         27|         93|     225.6668035|        250|00:01:29|-0.10|0.12|1.0276|
|=|          7|         27|         93|     18489.69585|        272|00:00:03|-0.04|0.13|1.0518|
|=|          6|         27|         93|     16938.32016|        294|00:00:03|-0.04|0.10|0.9839|
|=|          5|         27|         88|     14078.95320|        316|00:00:25|-0.03|0.10|0.9544|
|=|          9|         27|         88|     12516.21788|        343|00:00:04|-0.00|0.11|0.9750|
+-+-----------+-----------+-----------+----------------+-----------+--------+-----+----+------+
Best-so-far configuration:          88    mean value:      12516.21788
Description of the best-so-far configuration:
   .ID. particles topology modInfluence branching tSchedule phi1 phi2 inertia
88   88        79        4            0        NA        NA 1.01 1.95    0.47
   .PARENT.
88       44

# 2025-05-17 02:08:46 -04: Elite configurations (first number is the configuration ID; listed from best to worst according to the sum of ranks):
   particles topology modInfluence branching tSchedule phi1 phi2 inertia
88        79        4            0        NA        NA 1.01 1.95    0.47
93       137        4            2        NA        NA 1.95 2.45    0.63
9          6        1            1        NA        NA 0.24 1.17    0.03
54        47        1            0        NA        NA 1.61 1.99    0.30
72        31        0            0        NA        NA 0.60 1.96    0.30
# 2025-05-17 02:08:46 -04: Iteration 3 of 5
# experimentsUsed: 737
# remainingBudget: 1263
# currentBudget: 421
# nbConfigurations: 46
# Markers:
     x No test is performed.
     c Configurations are discarded only due to capping.
     - The test is performed and some configurations are discarded.
     = The test is performed but no configuration is discarded.
     ! The test is performed and configurations could be discarded but elite configurations are preserved.
     . All alive configurations are elite and nothing is discarded.

+-+-----------+-----------+-----------+----------------+-----------+--------+-----+----+------+
| |   Instance|      Alive|       Best|       Mean best| Exp so far|  W time|  rho|KenW|  Qvar|
+-+-----------+-----------+-----------+----------------+-----------+--------+-----+----+------+
|x|         10|         46|        147|     19.06084989|         46|00:00:12|   NA|  NA|    NA|
|x|          3|         46|        143|     296.5867456|         87|00:01:16|+0.05|0.53|0.6678|
|x|          9|         46|        143|     201.6235480|        128|00:00:11|+0.22|0.48|0.8237|
|x|          2|         46|         93|     218.4733773|        169|00:01:15|+0.15|0.36|0.8266|
|-|          1|         28|         93|     210.9083520|        210|00:00:12|-0.10|0.12|1.0124|
|=|          5|         28|        130|     391.4494515|        233|00:00:33|-0.04|0.13|0.9697|
|=|          6|         28|        130|     1381.519053|        256|00:00:10|+0.04|0.18|0.8939|
|=|          8|         28|        130|     1230.803583|        279|00:00:09|+0.02|0.15|0.9067|
|=|          4|         28|        130|     1094.507278|        302|00:00:09|+0.01|0.12|0.8985|
|=|          7|         28|        130|     10264.53799|        325|00:00:09|-0.01|0.09|0.9332|
|=|         11|         28|        130|     9360.688428|        353|00:00:56|-0.02|0.08|0.9338|
+-+-----------+-----------+-----------+----------------+-----------+--------+-----+----+------+
Best-so-far configuration:         130    mean value:      9360.688428
Description of the best-so-far configuration:
    .ID. particles topology modInfluence branching tSchedule phi1 phi2 inertia
130  130        38        4            0        NA        NA 1.24 1.46    0.46
    .PARENT.
130       88

# 2025-05-17 02:14:03 -04: Elite configurations (first number is the configuration ID; listed from best to worst according to the sum of ranks):
    particles topology modInfluence branching tSchedule phi1 phi2 inertia
130        38        4            0        NA        NA 1.24 1.46    0.46
120        88        4            0        NA        NA 1.87 2.07    0.64
93        137        4            2        NA        NA 1.95 2.45    0.63
88         79        4            0        NA        NA 1.01 1.95    0.47
143        43        1            1        NA        NA 2.11 2.05    0.17
# 2025-05-17 02:14:03 -04: Iteration 4 of 5
# experimentsUsed: 1090
# remainingBudget: 910
# currentBudget: 455
# nbConfigurations: 42
# Markers:
     x No test is performed.
     c Configurations are discarded only due to capping.
     - The test is performed and some configurations are discarded.
     = The test is performed but no configuration is discarded.
     ! The test is performed and configurations could be discarded but elite configurations are preserved.
     . All alive configurations are elite and nothing is discarded.

+-+-----------+-----------+-----------+----------------+-----------+--------+-----+----+------+
| |   Instance|      Alive|       Best|       Mean best| Exp so far|  W time|  rho|KenW|  Qvar|
+-+-----------+-----------+-----------+----------------+-----------+--------+-----+----+------+
|x|         12|         42|        165|     542.4417808|         42|00:01:17|   NA|  NA|    NA|
|x|          6|         42|        183|     3899.361492|         79|00:00:05|+0.08|0.54|0.7637|
|x|          2|         42|        160|     2711.410661|        116|00:01:04|+0.10|0.40|0.7827|
|x|          3|         42|        176|     2212.421172|        153|00:01:05|+0.15|0.36|0.6274|
|-|          9|         32|        179|     1784.831153|        190|00:00:05|-0.09|0.13|0.9133|
|=|          1|         32|        179|     1509.827888|        217|00:00:04|-0.06|0.12|0.8256|
|=|         10|         32|        179|     1305.059061|        244|00:00:03|-0.04|0.11|0.8153|
|=|         11|         32|        179|     1177.672586|        271|00:00:50|-0.02|0.11|0.8105|
|=|          8|         32|        179|     1067.415537|        298|00:00:04|-0.01|0.11|0.8633|
|=|          7|         32|        176|     9848.647855|        325|00:00:03|+0.01|0.11|0.8461|
|=|          5|         32|        130|     9410.738223|        352|00:00:33|-0.01|0.08|0.8742|
|=|          4|         32|        130|     8626.854774|        379|00:00:03|-0.02|0.07|0.8986|
|=|         13|         32|        130|     7969.011178|        411|00:00:04|-0.02|0.06|0.9003|
+-+-----------+-----------+-----------+----------------+-----------+--------+-----+----+------+
Best-so-far configuration:         130    mean value:      7969.011178
Description of the best-so-far configuration:
    .ID. particles topology modInfluence branching tSchedule phi1 phi2 inertia
130  130        38        4            0        NA        NA 1.24 1.46    0.46
    .PARENT.
130       88

# 2025-05-17 02:19:30 -04: Elite configurations (first number is the configuration ID; listed from best to worst according to the sum of ranks):
    particles topology modInfluence branching tSchedule phi1 phi2 inertia
130        38        4            0        NA        NA 1.24 1.46    0.46
176       106        4            0        NA        NA 2.04 1.92    0.52
179        78        4            0        NA        NA 1.91 2.47    0.45
164       149        4            0        NA        NA 1.78 2.37    0.56
162        33        4            1        NA        NA 1.32 1.89    0.34
# 2025-05-17 02:19:30 -04: Iteration 5 of 5
# experimentsUsed: 1501
# remainingBudget: 499
# currentBudget: 499
# nbConfigurations: 40
# Markers:
     x No test is performed.
     c Configurations are discarded only due to capping.
     - The test is performed and some configurations are discarded.
     = The test is performed but no configuration is discarded.
     ! The test is performed and configurations could be discarded but elite configurations are preserved.
     . All alive configurations are elite and nothing is discarded.

+-+-----------+-----------+-----------+----------------+-----------+--------+-----+----+------+
| |   Instance|      Alive|       Best|       Mean best| Exp so far|  W time|  rho|KenW|  Qvar|
+-+-----------+-----------+-----------+----------------+-----------+--------+-----+----+------+
|x|         14|         40|        162|     253.0480988|         40|00:00:43|   NA|  NA|    NA|
|x|          7|         40|        162|     31691.10399|         75|00:00:04|+0.40|0.70|0.4129|
|x|          3|         40|        224|     15940.56151|        110|00:01:03|+0.19|0.46|0.8900|
|x|          4|         40|        162|     15981.00151|        145|00:00:04|+0.18|0.39|0.9242|
|=|         13|         40|        162|     12961.56627|        180|00:00:05|-0.01|0.19|1.0259|
|=|          8|         40|        162|     10827.46780|        215|00:00:05|+0.05|0.21|0.9450|
|-|          9|         26|        201|     9501.253808|        250|00:00:04|-0.07|0.08|1.0300|
|=|          5|         26|        162|     8321.829518|        271|00:00:25|-0.09|0.05|1.0471|
|=|          2|         26|        201|     7614.823214|        292|00:00:38|-0.07|0.05|1.0296|
|=|          1|         26|        207|     8708.637111|        313|00:00:03|-0.06|0.05|1.0156|
|=|         10|         26|        209|     10571.43058|        334|00:00:02|-0.04|0.06|1.0032|
|=|         11|         26|        209|     9712.727745|        355|00:00:38|-0.03|0.06|0.9892|
|=|         12|         26|        179|     8862.664466|        376|00:00:38|-0.03|0.05|0.9966|
|=|          6|         26|        179|     8766.673279|        397|00:00:03|-0.03|0.05|0.9840|
|=|         15|         26|        179|     8191.603922|        423|00:00:03|-0.04|0.03|0.9884|
+-+-----------+-----------+-----------+----------------+-----------+--------+-----+----+------+
Best-so-far configuration:         179    mean value:      8191.603922
Description of the best-so-far configuration:
    .ID. particles topology modInfluence branching tSchedule phi1 phi2 inertia
179  179        78        4            0        NA        NA 1.91 2.47    0.45
    .PARENT.
179      120

# 2025-05-17 02:24:15 -04: Elite configurations (first number is the configuration ID; listed from best to worst according to the sum of ranks):
    particles topology modInfluence branching tSchedule phi1 phi2 inertia
179        78        4            0        NA        NA 1.91 2.47    0.45
209       133        4            0        NA        NA 1.84 2.44    0.63
162        33        4            1        NA        NA 1.32 1.89    0.34
206        59        4            0        NA        NA 1.87 2.19    0.50
176       106        4            0        NA        NA 2.04 1.92    0.52
# 2025-05-17 02:24:15 -04: Iteration 6 of 6
# experimentsUsed: 1924
# remainingBudget: 76
# currentBudget: 76
# nbConfigurations: 9
# Markers:
     x No test is performed.
     c Configurations are discarded only due to capping.
     - The test is performed and some configurations are discarded.
     = The test is performed but no configuration is discarded.
     ! The test is performed and configurations could be discarded but elite configurations are preserved.
     . All alive configurations are elite and nothing is discarded.

+-+-----------+-----------+-----------+----------------+-----------+--------+-----+----+------+
| |   Instance|      Alive|       Best|       Mean best| Exp so far|  W time|  rho|KenW|  Qvar|
+-+-----------+-----------+-----------+----------------+-----------+--------+-----+----+------+
|x|         16|          9|        231|     908.5616997|          9|00:00:25|   NA|  NA|    NA|
|x|          8|          9|        231|     522.8663159|         13|00:00:01|+0.12|0.56|1.1035|
|x|         10|          9|        209|     365.5742013|         17|00:00:01|+0.02|0.34|1.0018|
|x|         12|          9|        179|     428.6439133|         21|00:00:12|-0.05|0.21|0.9783|
|=|          3|          9|        179|     449.8047495|         25|00:00:12|+0.01|0.21|0.9345|
|=|          7|          9|        179|     18855.71244|         29|00:00:01|-0.01|0.16|0.9220|
|=|         13|          9|        179|     16166.58295|         33|00:00:01|-0.07|0.09|0.9340|
|=|          4|          9|        179|     14146.26522|         37|00:00:00|+0.00|0.13|0.8730|
|=|         11|          9|        179|     12606.23211|         41|00:00:12|-0.05|0.07|0.9136|
|=|          9|          9|        179|     11346.85692|         45|00:00:01|-0.03|0.07|0.8839|
|=|          2|          9|        179|     10343.91092|         49|00:00:12|-0.04|0.05|0.8959|
|=|         15|          9|        179|     9493.637750|         53|00:00:01|-0.05|0.04|0.9049|
|=|         14|          9|        162|     5169.951731|         57|00:00:08|-0.03|0.05|0.9066|
|=|          5|          9|        209|     8434.139794|         61|00:00:08|-0.03|0.04|0.9166|
|=|          1|          9|        179|     7750.936842|         65|00:00:01|-0.04|0.03|0.9108|
|=|          6|          9|        209|     7850.766094|         69|00:00:01|-0.04|0.03|0.9017|
+-+-----------+-----------+-----------+----------------+-----------+--------+-----+----+------+
Best-so-far configuration:         209    mean value:      7850.766094
Description of the best-so-far configuration:
    .ID. particles topology modInfluence branching tSchedule phi1 phi2 inertia
209  209       133        4            0        NA        NA 1.84 2.44    0.63
    .PARENT.
209      164

# 2025-05-17 02:25:56 -04: Elite configurations (first number is the configuration ID; listed from best to worst according to the sum of ranks):
    particles topology modInfluence branching tSchedule phi1 phi2 inertia
209       133        4            0        NA        NA 1.84 2.44    0.63
179        78        4            0        NA        NA 1.91 2.47    0.45
230        76        4            0        NA        NA 1.85 2.45    0.43
231        71        4            0        NA        NA 1.79 2.48    0.47
162        33        4            1        NA        NA 1.32 1.89    0.34
# 2025-05-17 02:25:56 -04: Stopped because there is not enough budget left to race more than the minimum (5).
# You may either increase the budget or set 'minNbSurvival' to a lower value.
# Iteration: 7
# nbIterations: 7
# experimentsUsed: 1993
# timeUsed: 0
# remainingBudget: 7
# currentBudget: 7
# number of elites: 5
# nbConfigurations: 5
# Total CPU user time: 11230.17, CPU sys time: 77.337, Wall-clock time: 1667.963
# 2025-05-17 02:25:56 -04: Starting post-selection:
# Configurations selected: 209, 179, 230, 231, 162, 206, 176.
# Pending instances: 0, 0, 0, 0, 0, 0, 0.
# 2025-05-17 02:25:56 -04: seed: 123456789
# Configurations: 7
# Available experiments: 7
# minSurvival: 1
# Markers:
     x No test is performed.
     c Configurations are discarded only due to capping.
     - The test is performed and some configurations are discarded.
     = The test is performed but no configuration is discarded.
     ! The test is performed and configurations could be discarded but elite configurations are preserved.
     . All alive configurations are elite and nothing is discarded.

+-+-----------+-----------+-----------+----------------+-----------+--------+-----+----+------+
| |   Instance|      Alive|       Best|       Mean best| Exp so far|  W time|  rho|KenW|  Qvar|
+-+-----------+-----------+-----------+----------------+-----------+--------+-----+----+------+
|.|          6|          7|        209|     7391.766476|          0|00:00:00|   NA|  NA|    NA|
|.|          2|          7|        209|     3808.751994|          0|00:00:00|+0.71|0.86|0.5073|
|.|         12|          7|        209|     2730.403176|          0|00:00:00|-0.05|0.30|1.0109|
|.|          9|          7|        209|     2051.427147|          0|00:00:00|+0.07|0.30|0.8522|
|.|          7|          7|        209|     24240.08202|          0|00:00:00|+0.06|0.25|0.9085|
|.|          4|          7|        209|     20200.78471|          0|00:00:00|-0.05|0.12|0.9392|
|.|          3|          7|        209|     17395.14752|          0|00:00:00|+0.03|0.16|0.8615|
|.|         15|          7|        209|     15243.84410|          0|00:00:00|+0.00|0.12|0.8848|
|.|         10|          7|        209|     13554.96606|          0|00:00:00|-0.01|0.11|0.9122|
|.|          8|          7|        209|     12213.81430|          0|00:00:00|-0.04|0.06|0.9253|
|.|         16|          7|        209|     11186.13413|          0|00:00:00|-0.06|0.03|0.9346|
|.|         13|          7|        209|     10255.59811|          0|00:00:00|-0.07|0.02|0.9270|
|.|         14|          7|        209|     9532.446863|          0|00:00:00|-0.04|0.04|0.9229|
|.|          5|          7|        209|     8943.051933|          0|00:00:00|-0.04|0.04|0.9177|
|.|          1|          7|        209|     8356.350732|          0|00:00:00|-0.03|0.04|0.9052|
|.|         11|          7|        209|     7850.766094|          0|00:00:00|-0.04|0.03|0.8992|
|=|         17|          7|        209|     7391.959830|          7|00:00:01|-0.03|0.03|0.9053|
+-+-----------+-----------+-----------+----------------+-----------+--------+-----+----+------+
Best-so-far configuration:         209    mean value:      7391.959830
Description of the best-so-far configuration:
    .ID. particles topology modInfluence branching tSchedule phi1 phi2 inertia
209  209       133        4            0        NA        NA 1.84 2.44    0.63
    .PARENT.
209      164

# 2025-05-17 02:25:57 -04: Elite configurations (first number is the configuration ID; listed from best to worst according to the sum of ranks):
    particles topology modInfluence branching tSchedule phi1 phi2 inertia
209       133        4            0        NA        NA 1.84 2.44    0.63
230        76        4            0        NA        NA 1.85 2.45    0.43
179        78        4            0        NA        NA 1.91 2.47    0.45
162        33        4            1        NA        NA 1.32 1.89    0.34
231        71        4            0        NA        NA 1.79 2.48    0.47
# Total CPU user time: 11237.29, CPU sys time: 77.526, Wall-clock time: 1669.222
    .ID. particles topology modInfluence branching tSchedule phi1 phi2 inertia
209  209       133        4            0        NA        NA 1.84 2.44    0.63
230  230        76        4            0        NA        NA 1.85 2.45    0.43
179  179        78        4            0        NA        NA 1.91 2.47    0.45
162  162        33        4            1        NA        NA 1.32 1.89    0.34
231  231        71        4            0        NA        NA 1.79 2.48    0.47
    .PARENT. .RANK.   .WEIGHT.
209      164     59 0.33333333
230      179     64 0.26666667
179      120     65 0.20000000
162      130     67 0.13333333
231      179     68 0.06666667
