# 2025-06-14 04:54:29 -04: Reading parameter file '/home/dianag/PruebasPablo/irace-independent-executions/PSO-X/Scenarios/E10-BL-Unimodal-SR/Runs/E10-BL-Unimodal-SR_seed_600613007/parameters.txt'.
# 2025-06-14 04:54:29 -04: 2 expression(s) specifying forbidden configurations read.
# 2025-06-14 04:54:29 -04: Initialization
# Elitist race
# Elitist new instances: 1
# Elitist limit: 2
# nbIterations: 5
# minNbSurvival: 5
# nbParameters: 8
# seed: 600613007
# confidence level: 0.95
# budget: 2000
# mu: 5
# deterministic: FALSE

# 2025-06-14 04:54:29 -04: Iteration 1 of 5
# experimentsUsed: 0
# remainingBudget: 2000
# currentBudget: 400
# nbConfigurations: 66
# Markers:
     x No test is performed.
     c Configurations are discarded only due to capping.
     - The test is performed and some configurations are discarded.
     = The test is performed but no configuration is discarded.
     ! The test is performed and configurations could be discarded but elite configurations are preserved.
     . All alive configurations are elite and nothing is discarded.

+-+-----------+-----------+-----------+----------------+-----------+--------+-----+----+------+
| |   Instance|      Alive|       Best|       Mean best| Exp so far|  W time|  rho|KenW|  Qvar|
+-+-----------+-----------+-----------+----------------+-----------+--------+-----+----+------+
|x|          1|         66|         51|    0.3359969326|         66|00:00:17|   NA|  NA|    NA|
|x|          2|         66|         51|    0.8932766037|        132|00:00:17|+0.79|0.90|0.2562|
|x|          3|         66|         51|     13530.13835|        198|00:00:16|+0.67|0.78|0.4059|
|x|          4|         66|         51|     358602.2527|        264|00:00:17|+0.72|0.79|0.3757|
|-|          5|         14|         51|     286882.5914|        330|00:00:16|+0.25|0.40|0.7979|
|-|          6|          6|         51|     239068.9374|        344|00:00:02|+0.01|0.17|0.7961|
|=|          7|          6|         51|     336942.0416|        350|00:00:01|+0.07|0.20|0.7851|
|=|          8|          6|         51|     294847.7946|        356|00:00:01|+0.11|0.22|0.7479|
+-+-----------+-----------+-----------+----------------+-----------+--------+-----+----+------+
Best-so-far configuration:          51    mean value:      294847.7946
Description of the best-so-far configuration:
   .ID. particles topology modInfluence branching tSchedule phi1 phi2 inertia
51   51         6        0            1        NA        NA  1.1  1.3    0.49
   .PARENT.
51       NA

# 2025-06-14 04:56:00 -04: Elite configurations (first number is the configuration ID; listed from best to worst according to the sum of ranks):
   particles topology modInfluence branching tSchedule phi1 phi2 inertia
51         6        0            1        NA        NA 1.10 1.30    0.49
3         22        5            1        NA         7 1.69 1.50    0.42
41        37        0            0        NA        NA 2.12 1.22    0.57
59       193        0            0        NA        NA 2.20 1.77    0.66
50        81        2            0        NA        NA 0.79 2.24    0.38
# 2025-06-14 04:56:00 -04: Iteration 2 of 5
# experimentsUsed: 356
# remainingBudget: 1644
# currentBudget: 411
# nbConfigurations: 50
# Markers:
     x No test is performed.
     c Configurations are discarded only due to capping.
     - The test is performed and some configurations are discarded.
     = The test is performed but no configuration is discarded.
     ! The test is performed and configurations could be discarded but elite configurations are preserved.
     . All alive configurations are elite and nothing is discarded.

+-+-----------+-----------+-----------+----------------+-----------+--------+-----+----+------+
| |   Instance|      Alive|       Best|       Mean best| Exp so far|  W time|  rho|KenW|  Qvar|
+-+-----------+-----------+-----------+----------------+-----------+--------+-----+----+------+
|x|          9|         50|         51|     79.12391421|         50|00:00:20|   NA|  NA|    NA|
|x|          5|         50|        111|     43.16339878|         95|00:00:19|+0.56|0.78|0.6434|
|x|          8|         50|        108|     78.82792151|        140|00:00:20|+0.57|0.71|0.5467|
|x|          3|         50|        108|     5046.280215|        185|00:00:20|+0.59|0.69|0.4296|
|-|          1|         16|        108|     4037.111341|        230|00:00:19|+0.02|0.22|0.8264|
|=|          4|         16|        111|     180937.9841|        241|00:00:01|+0.07|0.23|0.8891|
|=|          2|         16|        111|     155089.8998|        252|00:00:01|+0.11|0.24|0.9125|
|-|          6|          9|        111|     135703.7404|        263|00:00:01|+0.11|0.22|0.8403|
|-|          7|          2|        111|     207499.4759|        267|00:00:00|+0.22|0.31|0.3889|
+-+-----------+-----------+-----------+----------------+-----------+--------+-----+----+------+
Best-so-far configuration:         111    mean value:      207499.4759
Description of the best-so-far configuration:
    .ID. particles topology modInfluence branching tSchedule phi1 phi2 inertia
111  111         5        1            2        NA        NA  1.4 1.92    0.38
    .PARENT.
111       51

# 2025-06-14 04:57:46 -04: Elite configurations (first number is the configuration ID; listed from best to worst according to the sum of ranks):
    particles topology modInfluence branching tSchedule phi1 phi2 inertia
111         5        1            2        NA        NA  1.4 1.92    0.38
51          6        0            1        NA        NA  1.1 1.30    0.49
# 2025-06-14 04:57:46 -04: Iteration 3 of 5
# experimentsUsed: 623
# remainingBudget: 1377
# currentBudget: 459
# nbConfigurations: 47
# Markers:
     x No test is performed.
     c Configurations are discarded only due to capping.
     - The test is performed and some configurations are discarded.
     = The test is performed but no configuration is discarded.
     ! The test is performed and configurations could be discarded but elite configurations are preserved.
     . All alive configurations are elite and nothing is discarded.

+-+-----------+-----------+-----------+----------------+-----------+--------+-----+----+------+
| |   Instance|      Alive|       Best|       Mean best| Exp so far|  W time|  rho|KenW|  Qvar|
+-+-----------+-----------+-----------+----------------+-----------+--------+-----+----+------+
|x|         10|         47|        143|     143.1987191|         47|00:00:08|   NA|  NA|    NA|
|x|          4|         47|        140|     784021.9136|         92|00:00:07|-0.11|0.44|0.5592|
|x|          2|         47|        140|     522681.7424|        137|00:00:07|+0.26|0.51|0.4102|
|x|          5|         47|        140|     392012.1543|        182|00:00:07|+0.26|0.45|0.7141|
|-|          1|         18|        140|     313609.7821|        227|00:00:07|-0.03|0.18|0.9630|
|=|          8|         18|        140|     261370.7661|        243|00:00:03|+0.01|0.17|0.9114|
|=|          7|         18|        140|     326450.6944|        259|00:00:03|+0.06|0.19|0.9428|
|-|          9|          5|        140|     285651.2858|        275|00:00:03|+0.07|0.18|0.7418|
+-+-----------+-----------+-----------+----------------+-----------+--------+-----+----+------+
Best configuration for the instances in this race: 140
Best-so-far configuration:         111    mean value:      186772.7161
Description of the best-so-far configuration:
    .ID. particles topology modInfluence branching tSchedule phi1 phi2 inertia
111  111         5        1            2        NA        NA  1.4 1.92    0.38
    .PARENT.
111       51

# 2025-06-14 04:58:34 -04: Elite configurations (first number is the configuration ID; listed from best to worst according to the sum of ranks):
    particles topology modInfluence branching tSchedule phi1 phi2 inertia
111         5        1            2        NA        NA 1.40 1.92    0.38
51          6        0            1        NA        NA 1.10 1.30    0.49
140        13        4            0        NA        NA 1.23 2.50    0.38
120         6        1            2        NA        NA 2.41 2.19    0.45
144        74        0            0        NA        NA 0.62 2.37    0.37
# 2025-06-14 04:58:34 -04: Iteration 4 of 5
# experimentsUsed: 898
# remainingBudget: 1102
# currentBudget: 551
# nbConfigurations: 54
# Markers:
     x No test is performed.
     c Configurations are discarded only due to capping.
     - The test is performed and some configurations are discarded.
     = The test is performed but no configuration is discarded.
     ! The test is performed and configurations could be discarded but elite configurations are preserved.
     . All alive configurations are elite and nothing is discarded.

+-+-----------+-----------+-----------+----------------+-----------+--------+-----+----+------+
| |   Instance|      Alive|       Best|       Mean best| Exp so far|  W time|  rho|KenW|  Qvar|
+-+-----------+-----------+-----------+----------------+-----------+--------+-----+----+------+
|x|         11|         54|        180|     19500.27223|         54|00:00:09|   NA|  NA|    NA|
|x|          8|         54|        180|     9816.183068|        103|00:00:09|+0.57|0.79|0.4722|
|x|          1|         54|        144|     9243.088724|        152|00:00:08|+0.20|0.47|0.7417|
|x|          6|         54|        140|     12288.42539|        204|00:00:08|+0.04|0.28|0.9023|
|-|          3|         22|        140|     11928.68399|        256|00:00:08|-0.07|0.15|0.9710|
|=|          9|         22|        140|     9949.807610|        273|00:00:02|-0.01|0.16|0.9276|
|=|          2|         22|        140|     8528.606534|        290|00:00:02|-0.01|0.14|0.9019|
|=|          5|         22|        140|     7462.954436|        307|00:00:03|-0.02|0.11|0.8976|
|=|         10|         22|        140|     6653.112074|        324|00:00:03|-0.02|0.09|0.8922|
|=|          4|         22|        140|     162774.7463|        341|00:00:02|-0.01|0.09|0.9123|
|=|          7|         22|        140|     213152.5207|        358|00:00:02|+0.01|0.10|0.9250|
|=|         12|         22|        140|     195390.9261|        380|00:00:03|+0.03|0.11|0.9267|
+-+-----------+-----------+-----------+----------------+-----------+--------+-----+----+------+
Best-so-far configuration:         140    mean value:      195390.9261
Description of the best-so-far configuration:
    .ID. particles topology modInfluence branching tSchedule phi1 phi2 inertia
140  140        13        4            0        NA        NA 1.23  2.5    0.38
    .PARENT.
140      111

# 2025-06-14 04:59:41 -04: Elite configurations (first number is the configuration ID; listed from best to worst according to the sum of ranks):
    particles topology modInfluence branching tSchedule phi1 phi2 inertia
140        13        4            0        NA        NA 1.23 2.50    0.38
201         6        4            2        NA        NA 0.92 2.43    0.33
187        23        0            0        NA        NA 1.41 2.28    0.38
189        30        4            0        NA        NA 1.64 2.10    0.35
120         6        1            2        NA        NA 2.41 2.19    0.45
# 2025-06-14 04:59:41 -04: Iteration 5 of 5
# experimentsUsed: 1278
# remainingBudget: 722
# currentBudget: 722
# nbConfigurations: 60
# Markers:
     x No test is performed.
     c Configurations are discarded only due to capping.
     - The test is performed and some configurations are discarded.
     = The test is performed but no configuration is discarded.
     ! The test is performed and configurations could be discarded but elite configurations are preserved.
     . All alive configurations are elite and nothing is discarded.

+-+-----------+-----------+-----------+----------------+-----------+--------+-----+----+------+
| |   Instance|      Alive|       Best|       Mean best| Exp so far|  W time|  rho|KenW|  Qvar|
+-+-----------+-----------+-----------+----------------+-----------+--------+-----+----+------+
|x|         13|         60|        243|     292138.8262|         60|00:00:06|   NA|  NA|    NA|
|x|          1|         60|        218|     237558.2246|        115|00:00:05|+0.38|0.69|0.8292|
|x|          3|         60|        217|     131162.2942|        170|00:00:05|+0.46|0.64|0.6617|
|x|          4|         60|        217|     304336.3793|        225|00:00:05|+0.54|0.65|0.5916|
|-|          2|         23|        218|     289207.0469|        280|00:00:04|+0.10|0.28|0.6437|
|=|         11|         23|        218|     247938.9549|        298|00:00:02|+0.02|0.19|0.7668|
|=|          5|         23|        218|     212519.5773|        316|00:00:01|+0.02|0.16|0.8204|
|=|          7|         23|        218|     294121.5192|        334|00:00:02|+0.01|0.13|0.8599|
|=|          9|         23|        249|     325406.5452|        352|00:00:01|-0.00|0.11|0.8663|
|=|         12|         23|        231|     215640.8107|        370|00:00:02|+0.01|0.11|0.8936|
|=|         10|         23|        249|     266261.0244|        388|00:00:02|+0.02|0.11|0.9138|
|=|          8|         23|        249|     244088.8501|        406|00:00:02|+0.03|0.11|0.9139|
|=|          6|         23|        249|     225312.8317|        424|00:00:02|+0.04|0.12|0.9133|
|-|         14|         17|        231|     154059.0958|        447|00:00:02|-0.01|0.07|0.9126|
|=|         15|         17|        231|     143788.5258|        464|00:00:01|-0.01|0.06|0.9260|
|=|         16|         17|        231|     134814.2863|        481|00:00:02|-0.00|0.06|0.9248|
+-+-----------+-----------+-----------+----------------+-----------+--------+-----+----+------+
Best-so-far configuration:         231    mean value:      134814.2863
Description of the best-so-far configuration:
    .ID. particles topology modInfluence branching tSchedule phi1 phi2 inertia
231  231        20        0            0        NA        NA 1.41 2.29    0.36
    .PARENT.
231      187

# 2025-06-14 05:00:32 -04: Elite configurations (first number is the configuration ID; listed from best to worst according to the sum of ranks):
    particles topology modInfluence branching tSchedule phi1 phi2 inertia
231        20        0            0        NA        NA 1.41 2.29    0.36
140        13        4            0        NA        NA 1.23 2.50    0.38
215        10        0            0        NA        NA 1.38 2.22    0.30
224        32        0            0        NA        NA 1.82 2.02    0.40
201         6        4            2        NA        NA 0.92 2.43    0.33
# 2025-06-14 05:00:32 -04: Iteration 6 of 6
# experimentsUsed: 1759
# remainingBudget: 241
# currentBudget: 241
# nbConfigurations: 18
# Markers:
     x No test is performed.
     c Configurations are discarded only due to capping.
     - The test is performed and some configurations are discarded.
     = The test is performed but no configuration is discarded.
     ! The test is performed and configurations could be discarded but elite configurations are preserved.
     . All alive configurations are elite and nothing is discarded.

+-+-----------+-----------+-----------+----------------+-----------+--------+-----+----+------+
| |   Instance|      Alive|       Best|       Mean best| Exp so far|  W time|  rho|KenW|  Qvar|
+-+-----------+-----------+-----------+----------------+-----------+--------+-----+----+------+
|x|         17|         18|        263|     639792.4640|         18|00:00:02|   NA|  NA|    NA|
|x|          1|         18|        201|     366130.3205|         31|00:00:01|+0.01|0.51|1.3091|
|x|          4|         18|        201|     596179.5490|         44|00:00:02|+0.19|0.46|0.8941|
|x|         10|         18|        201|     447183.5987|         57|00:00:02|-0.13|0.15|1.0959|
|=|          8|         18|        265|     351784.3005|         70|00:00:01|-0.15|0.08|1.0743|
|=|         15|         18|        215|     304560.4825|         83|00:00:01|-0.09|0.09|1.0516|
|=|          9|         18|        265|     251284.3113|         96|00:00:01|-0.08|0.08|1.0214|
|=|          6|         18|        140|     307542.1968|        109|00:00:01|-0.04|0.09|1.0022|
|=|         16|         18|        140|     273391.3980|        122|00:00:01|-0.03|0.08|0.9934|
|=|         14|         18|        140|     246052.3674|        135|00:00:01|-0.01|0.09|0.9631|
|=|         13|         18|        224|     274794.1141|        148|00:00:02|-0.02|0.08|0.9669|
|=|          5|         18|        224|     251894.8838|        161|00:00:01|-0.03|0.06|0.9700|
|=|          3|         18|        268|     241547.1527|        174|00:00:01|-0.03|0.05|0.9647|
|=|          2|         18|        268|     224293.8442|        187|00:00:01|-0.01|0.07|0.9485|
|=|          7|         18|        268|     258087.0433|        200|00:00:01|+0.02|0.08|0.9318|
|=|         11|         18|        268|     246502.2344|        213|00:00:01|+0.01|0.07|0.9321|
|=|         12|         18|        268|     232002.9418|        226|00:00:02|+0.02|0.08|0.9232|
+-+-----------+-----------+-----------+----------------+-----------+--------+-----+----+------+
Best-so-far configuration:         268    mean value:      232002.9418
Description of the best-so-far configuration:
    .ID. particles topology modInfluence branching tSchedule phi1 phi2 inertia
268  268         9        0            0        NA        NA 1.53 2.12    0.27
    .PARENT.
268      215

# 2025-06-14 05:01:01 -04: Elite configurations (first number is the configuration ID; listed from best to worst according to the sum of ranks):
    particles topology modInfluence branching tSchedule phi1 phi2 inertia
268         9        0            0        NA        NA 1.53 2.12    0.27
215        10        0            0        NA        NA 1.38 2.22    0.30
201         6        4            2        NA        NA 0.92 2.43    0.33
267        17        0            0        NA        NA 1.33 2.35    0.33
231        20        0            0        NA        NA 1.41 2.29    0.36
# 2025-06-14 05:01:01 -04: Stopped because there is not enough budget left to race more than the minimum (5).
# You may either increase the budget or set 'minNbSurvival' to a lower value.
# Iteration: 7
# nbIterations: 7
# experimentsUsed: 1985
# timeUsed: 0
# remainingBudget: 15
# currentBudget: 15
# number of elites: 5
# nbConfigurations: 5
# Total CPU user time: 2546.273, CPU sys time: 62.604, Wall-clock time: 391.687
# 2025-06-14 05:01:01 -04: Starting post-selection:
# Configurations selected: 268, 215, 201, 267, 231, 140, 224, 261, 262, 263, 264, 265, 266, 269, 270.
# Pending instances: 0, 0, 0, 0, 0, 0, 0, 0, 0, 0, 0, 0, 0, 0, 0.
# 2025-06-14 05:01:01 -04: seed: 600613007
# Configurations: 15
# Available experiments: 15
# minSurvival: 1
# Markers:
     x No test is performed.
     c Configurations are discarded only due to capping.
     - The test is performed and some configurations are discarded.
     = The test is performed but no configuration is discarded.
     ! The test is performed and configurations could be discarded but elite configurations are preserved.
     . All alive configurations are elite and nothing is discarded.

+-+-----------+-----------+-----------+----------------+-----------+--------+-----+----+------+
| |   Instance|      Alive|       Best|       Mean best| Exp so far|  W time|  rho|KenW|  Qvar|
+-+-----------+-----------+-----------+----------------+-----------+--------+-----+----+------+
|.|         17|         15|        263|     639792.4640|          0|00:00:00|   NA|  NA|    NA|
|.|         12|         15|        263|     319903.5405|          0|00:00:00|+0.19|0.59|0.7368|
|.|         16|         15|        263|     213344.4280|          0|00:00:00|+0.02|0.34|0.9172|
|.|          1|         15|        263|     160008.3955|          0|00:00:00|+0.07|0.30|1.0197|
|.|          2|         15|        263|     128006.9658|          0|00:00:00|+0.13|0.30|0.9341|
|.|         11|         15|        263|     134997.3384|          0|00:00:00|+0.10|0.25|0.9101|
|.|          9|         15|        263|     115721.9144|          0|00:00:00|+0.06|0.20|0.9127|
|.|          5|         15|        263|     101257.1058|          0|00:00:00|+0.02|0.14|0.9554|
|.|         13|         15|        263|     181338.9616|          0|00:00:00|+0.01|0.12|0.9638|
|.|          8|         15|        263|     163229.1629|          0|00:00:00|+0.03|0.12|0.9351|
|.|          4|         15|        263|     221915.7464|          0|00:00:00|+0.01|0.10|0.9361|
|.|          6|         15|        263|     203422.8197|          0|00:00:00|+0.02|0.10|0.9324|
|.|         14|         15|        263|     187774.9987|          0|00:00:00|+0.03|0.10|0.9210|
|.|         15|         15|        263|     174362.5364|          0|00:00:00|+0.03|0.10|0.9064|
|.|          3|         15|        263|     163250.3954|          0|00:00:00|+0.01|0.07|0.9136|
|.|         10|         15|        263|     153059.7959|          0|00:00:00|-0.01|0.06|0.9281|
|.|          7|         15|        263|     200233.5962|          0|00:00:00|+0.01|0.06|0.9196|
|=|         18|         15|        268|     273685.6756|         15|00:00:02|+0.01|0.07|0.9069|
+-+-----------+-----------+-----------+----------------+-----------+--------+-----+----+------+
Best-so-far configuration:         268    mean value:      273685.6756
Description of the best-so-far configuration:
    .ID. particles topology modInfluence branching tSchedule phi1 phi2 inertia
268  268         9        0            0        NA        NA 1.53 2.12    0.27
    .PARENT.
268      215

# 2025-06-14 05:01:03 -04: Elite configurations (first number is the configuration ID; listed from best to worst according to the sum of ranks):
    particles topology modInfluence branching tSchedule phi1 phi2 inertia
268         9        0            0        NA        NA 1.53 2.12    0.27
201         6        4            2        NA        NA 0.92 2.43    0.33
215        10        0            0        NA        NA 1.38 2.22    0.30
265        20        0            0        NA        NA 1.44 2.43    0.30
267        17        0            0        NA        NA 1.33 2.35    0.33
# Total CPU user time: 2560.048, CPU sys time: 63.069, Wall-clock time: 393.794
    .ID. particles topology modInfluence branching tSchedule phi1 phi2 inertia
268  268         9        0            0        NA        NA 1.53 2.12    0.27
201  201         6        4            2        NA        NA 0.92 2.43    0.33
215  215        10        0            0        NA        NA 1.38 2.22    0.30
265  265        20        0            0        NA        NA 1.44 2.43    0.30
267  267        17        0            0        NA        NA 1.33 2.35    0.33
    .PARENT. .RANK.   .WEIGHT.
268      215    122 0.33333333
201      140    123 0.26666667
215      187    125 0.20000000
265      231    128 0.13333333
267      215    130 0.06666667
