# 2025-05-16 08:51:37 -04: Reading parameter file '/home/dianag/PruebasPablo/irace-independent-executions/MMASQAP/Scenarios/E1-BL-N/Runs/E1-BL-N_seed_123456789/parameters.txt'.
# 2025-05-16 08:51:37 -04: Initialization
# Elitist race
# Elitist new instances: 1
# Elitist limit: 2
# nbIterations: 3
# minNbSurvival: 3
# nbParameters: 3
# seed: 123456789
# confidence level: 0.95
# budget: 750
# mu: 5
# deterministic: FALSE

# 2025-05-16 08:51:37 -04: Iteration 1 of 3
# experimentsUsed: 0
# remainingBudget: 750
# currentBudget: 250
# nbConfigurations: 41
# Markers:
     x No test is performed.
     c Configurations are discarded only due to capping.
     - The test is performed and some configurations are discarded.
     = The test is performed but no configuration is discarded.
     ! The test is performed and configurations could be discarded but elite configurations are preserved.
     . All alive configurations are elite and nothing is discarded.

+-+-----------+-----------+-----------+----------------+-----------+--------+-----+----+------+
| |   Instance|      Alive|       Best|       Mean best| Exp so far|  W time|  rho|KenW|  Qvar|
+-+-----------+-----------+-----------+----------------+-----------+--------+-----+----+------+
|x|          1|         41|         39|     7378456.000|         41|00:00:15|   NA|  NA|    NA|
|x|          2|         41|          1|     3997974.000|         82|00:00:15|+0.38|0.69|0.5304|
|x|          3|         41|          1|     5131861.333|        123|00:00:15|+0.55|0.70|0.4063|
|x|          4|         41|         39|     3986720.500|        164|00:00:15|+0.49|0.62|0.4109|
|-|          5|          8|         39|     4691394.800|        205|00:00:15|+0.07|0.25|0.8042|
|=|          6|          8|         39|     5177387.667|        213|00:00:05|+0.01|0.17|0.8507|
|=|          7|          8|          1|     5522359.714|        221|00:00:05|+0.07|0.21|0.7984|
+-+-----------+-----------+-----------+----------------+-----------+--------+-----+----+------+
Best-so-far configuration:           1    mean value:      5522359.714
Description of the best-so-far configuration:
  .ID. localsearch  rho ants .PARENT.
1    1           3 0.33   12       NA

# 2025-05-16 08:53:06 -04: Elite configurations (first number is the configuration ID; listed from best to worst according to the sum of ranks):
   localsearch  rho ants
1            3 0.33   12
39           3 0.28   36
24           3 0.55    3
# 2025-05-16 08:53:06 -04: Iteration 2 of 3
# experimentsUsed: 221
# remainingBudget: 529
# currentBudget: 264
# nbConfigurations: 35
# Markers:
     x No test is performed.
     c Configurations are discarded only due to capping.
     - The test is performed and some configurations are discarded.
     = The test is performed but no configuration is discarded.
     ! The test is performed and configurations could be discarded but elite configurations are preserved.
     . All alive configurations are elite and nothing is discarded.

+-+-----------+-----------+-----------+----------------+-----------+--------+-----+----+------+
| |   Instance|      Alive|       Best|       Mean best| Exp so far|  W time|  rho|KenW|  Qvar|
+-+-----------+-----------+-----------+----------------+-----------+--------+-----+----+------+
|x|          8|         35|         39|     355900.0000|         35|00:00:18|   NA|  NA|    NA|
|x|          5|         35|         39|     3932996.000|         67|00:00:16|+0.12|0.56|0.9566|
|x|          7|         35|         57|     5153884.667|         99|00:00:17|+0.31|0.54|0.6773|
|x|          4|         35|         57|     4000297.000|        131|00:00:16|+0.24|0.43|0.7574|
|-|          3|         13|         57|     4677472.800|        163|00:00:16|-0.05|0.16|0.9538|
|=|          2|         13|         57|     4000088.333|        173|00:00:09|+0.02|0.19|0.9041|
|=|          6|         13|         57|     4515263.714|        183|00:00:09|+0.01|0.15|0.9036|
|=|          1|         13|         57|     4871893.000|        193|00:00:10|+0.07|0.19|0.8498|
|=|          9|         13|         57|     5181808.444|        206|00:00:09|+0.09|0.19|0.8534|
+-+-----------+-----------+-----------+----------------+-----------+--------+-----+----+------+
Best-so-far configuration:          57    mean value:      5181808.444
Description of the best-so-far configuration:
   .ID. localsearch  rho ants .PARENT.
57   57           3 0.59    4       24

# 2025-05-16 08:55:11 -04: Elite configurations (first number is the configuration ID; listed from best to worst according to the sum of ranks):
   localsearch  rho ants
57           3 0.59    4
61           3 0.58    7
39           3 0.28   36
# 2025-05-16 08:55:11 -04: Iteration 3 of 3
# experimentsUsed: 427
# remainingBudget: 323
# currentBudget: 323
# nbConfigurations: 35
# Markers:
     x No test is performed.
     c Configurations are discarded only due to capping.
     - The test is performed and some configurations are discarded.
     = The test is performed but no configuration is discarded.
     ! The test is performed and configurations could be discarded but elite configurations are preserved.
     . All alive configurations are elite and nothing is discarded.

+-+-----------+-----------+-----------+----------------+-----------+--------+-----+----+------+
| |   Instance|      Alive|       Best|       Mean best| Exp so far|  W time|  rho|KenW|  Qvar|
+-+-----------+-----------+-----------+----------------+-----------+--------+-----+----+------+
|x|         10|         35|         61|     712712.0000|         35|00:00:19|   NA|  NA|    NA|
|x|          8|         35|         57|     534935.0000|         67|00:00:18|+0.24|0.62|0.7851|
|x|          5|         35|         61|     2855806.000|         99|00:00:18|+0.36|0.57|0.6747|
|x|          6|         35|         61|     4042312.000|        131|00:00:18|+0.38|0.53|0.5854|
|-|          9|         16|         61|     4765270.000|        163|00:00:18|-0.12|0.10|1.0316|
|=|          4|         16|         61|     4062422.667|        176|00:00:09|-0.04|0.13|0.9730|
|=|          3|         16|        105|     4538138.857|        189|00:00:09|-0.01|0.13|0.9436|
|=|          2|         16|         57|     4048571.500|        202|00:00:08|-0.02|0.10|0.9625|
|=|          7|         16|         57|     4442414.444|        215|00:00:09|+0.01|0.12|0.9381|
|=|          1|         16|         57|     4735002.800|        228|00:00:09|+0.03|0.12|0.9179|
|=|         11|         16|         57|     5002508.364|        244|00:00:09|+0.00|0.09|0.9288|
+-+-----------+-----------+-----------+----------------+-----------+--------+-----+----+------+
Best-so-far configuration:          57    mean value:      5002508.364
Description of the best-so-far configuration:
   .ID. localsearch  rho ants .PARENT.
57   57           3 0.59    4       24

# 2025-05-16 08:57:41 -04: Elite configurations (first number is the configuration ID; listed from best to worst according to the sum of ranks):
   localsearch  rho ants
57           3 0.59    4
61           3 0.58    7
98           3 0.55    2
# 2025-05-16 08:57:41 -04: Iteration 4 of 4
# experimentsUsed: 671
# remainingBudget: 79
# currentBudget: 79
# nbConfigurations: 9
# Markers:
     x No test is performed.
     c Configurations are discarded only due to capping.
     - The test is performed and some configurations are discarded.
     = The test is performed but no configuration is discarded.
     ! The test is performed and configurations could be discarded but elite configurations are preserved.
     . All alive configurations are elite and nothing is discarded.

+-+-----------+-----------+-----------+----------------+-----------+--------+-----+----+------+
| |   Instance|      Alive|       Best|       Mean best| Exp so far|  W time|  rho|KenW|  Qvar|
+-+-----------+-----------+-----------+----------------+-----------+--------+-----+----+------+
|x|         12|          9|        111|     313578.0000|          9|00:00:07|   NA|  NA|    NA|
|x|          5|          9|        111|     3902288.000|         15|00:00:04|+0.23|0.62|0.9489|
|x|          3|          9|        111|     5069027.333|         21|00:00:05|+0.19|0.46|0.7522|
|x|          1|          9|         57|     5645315.500|         27|00:00:04|+0.17|0.38|0.6067|
|=|          9|          9|         57|     6048478.800|         33|00:00:04|+0.15|0.32|0.5025|
|-|          7|          6|         57|     6305925.333|         39|00:00:04|+0.02|0.19|0.8150|
|=|         10|          6|         57|     5507043.429|         42|00:00:04|-0.01|0.13|0.8426|
|=|          2|          6|         57|     4895308.750|         45|00:00:04|+0.06|0.18|0.8056|
|=|          4|          6|         57|     4411333.778|         48|00:00:04|+0.05|0.16|0.7818|
|=|          8|          6|         57|     4005812.200|         51|00:00:04|+0.08|0.17|0.7668|
|=|         11|          6|         57|     4339607.818|         54|00:00:04|+0.07|0.15|0.7740|
|=|          6|          6|         57|     4611833.500|         57|00:00:04|+0.04|0.12|0.7692|
|=|         13|          6|         57|     4806989.846|         63|00:00:05|-0.00|0.08|0.8161|
+-+-----------+-----------+-----------+----------------+-----------+--------+-----+----+------+
Best-so-far configuration:          57    mean value:      4806989.846
Description of the best-so-far configuration:
   .ID. localsearch  rho ants .PARENT.
57   57           3 0.59    4       24

# 2025-05-16 08:58:46 -04: Elite configurations (first number is the configuration ID; listed from best to worst according to the sum of ranks):
    localsearch  rho ants
57            3 0.59    4
61            3 0.58    7
111           3 0.58    5
# 2025-05-16 08:58:46 -04: Iteration 5 of 5
# experimentsUsed: 734
# remainingBudget: 16
# currentBudget: 16
# nbConfigurations: 4
# Markers:
     x No test is performed.
     c Configurations are discarded only due to capping.
     - The test is performed and some configurations are discarded.
     = The test is performed but no configuration is discarded.
     ! The test is performed and configurations could be discarded but elite configurations are preserved.
     . All alive configurations are elite and nothing is discarded.

+-+-----------+-----------+-----------+----------------+-----------+--------+-----+----+------+
| |   Instance|      Alive|       Best|       Mean best| Exp so far|  W time|  rho|KenW|  Qvar|
+-+-----------+-----------+-----------+----------------+-----------+--------+-----+----+------+
|x|          4|          4|         57|     539534.0000|          1|00:00:04|   NA|  NA|    NA|
|x|          2|          4|         57|     576350.0000|          2|00:00:04|-0.25|0.38|0.9910|
|x|         11|          4|         57|     2943421.333|          3|00:00:04|+0.00|0.33|0.7259|
|x|          5|          4|        111|     4083452.000|          4|00:00:04|-0.07|0.19|0.8022|
|=|          1|          4|         57|     4742188.000|          5|00:00:04|-0.04|0.17|0.7516|
|=|          6|          4|         57|     5219542.667|          6|00:00:04|+0.07|0.23|0.6784|
|=|         10|          4|         57|     4575858.286|          7|00:00:04|+0.17|0.29|0.5999|
|-|          8|          3|         57|     4048390.750|          8|00:00:04|+0.00|0.12|0.5374|
|.|          9|          3|         57|     4449806.444|          8|00:00:00|-0.02|0.10|0.5856|
|.|         12|          3|         57|     4036266.800|          8|00:00:00|-0.07|0.03|0.6226|
|.|          3|          3|         57|     4340804.000|          8|00:00:00|-0.06|0.04|0.6166|
|.|          7|          3|         57|     4611833.500|          8|00:00:00|-0.03|0.05|0.5994|
|.|         13|          3|         57|     4806989.846|          8|00:00:00|-0.06|0.03|0.6307|
+-+-----------+-----------+-----------+----------------+-----------+--------+-----+----+------+
Best-so-far configuration:          57    mean value:      4806989.846
Description of the best-so-far configuration:
   .ID. localsearch  rho ants .PARENT.
57   57           3 0.59    4       24

# 2025-05-16 08:59:21 -04: Elite configurations (first number is the configuration ID; listed from best to worst according to the sum of ranks):
    localsearch  rho ants
57            3 0.59    4
61            3 0.58    7
111           3 0.58    5
# 2025-05-16 08:59:21 -04: Stopped because there is not enough budget left to race more than the minimum (3).
# You may either increase the budget or set 'minNbSurvival' to a lower value.
# Iteration: 6
# nbIterations: 6
# experimentsUsed: 742
# timeUsed: 0
# remainingBudget: 8
# currentBudget: 8
# number of elites: 3
# nbConfigurations: 3
# Total CPU user time: 2723.547, CPU sys time: 16.591, Wall-clock time: 463.783
# 2025-05-16 08:59:21 -04: Starting post-selection:
# Configurations selected: 57, 61, 111, 98, 39.
# Pending instances: 1, 1, 1, 1, 3.
# 2025-05-16 08:59:21 -04: seed: 123456789
# Configurations: 5
# Available experiments: 8
# minSurvival: 1
# Markers:
     x No test is performed.
     c Configurations are discarded only due to capping.
     - The test is performed and some configurations are discarded.
     = The test is performed but no configuration is discarded.
     ! The test is performed and configurations could be discarded but elite configurations are preserved.
     . All alive configurations are elite and nothing is discarded.

+-+-----------+-----------+-----------+----------------+-----------+--------+-----+----+------+
| |   Instance|      Alive|       Best|       Mean best| Exp so far|  W time|  rho|KenW|  Qvar|
+-+-----------+-----------+-----------+----------------+-----------+--------+-----+----+------+
|.|          8|          5|         39|     355900.0000|          0|00:00:00|   NA|  NA|    NA|
|.|          5|          5|         39|     3932996.000|          0|00:00:00|-0.80|0.10|1.3765|
|x|         13|          5|         39|     4994560.000|          1|00:00:04|-0.07|0.29|0.9630|
|.|          7|          5|         39|     5651979.000|          1|00:00:00|-0.27|0.05|1.0319|
|.|          9|          5|         39|     6052898.000|          1|00:00:00|-0.08|0.14|0.8881|
|.|          1|          5|         39|     6273824.333|          1|00:00:00|-0.13|0.06|0.9056|
|.|          6|          5|         39|     6464328.286|          1|00:00:00|-0.12|0.04|0.8762|
|.|          4|          5|         39|     5723663.500|          1|00:00:00|-0.06|0.07|0.8286|
|.|          2|          5|         39|     5156994.444|          1|00:00:00|-0.08|0.04|0.8355|
|x|         12|          5|         57|     4671337.600|          2|00:00:04|-0.07|0.03|0.8369|
|.|         11|          5|         57|     4944630.909|          2|00:00:00|-0.07|0.03|0.8392|
|.|          3|          5|         57|     5148093.000|          2|00:00:00|-0.04|0.05|0.8134|
|.|         10|          5|         57|     4806989.846|          2|00:00:00|-0.03|0.05|0.7993|
|=|         14|          5|         57|     4493414.429|          7|00:00:04|-0.04|0.03|0.7939|
+-+-----------+-----------+-----------+----------------+-----------+--------+-----+----+------+
Best-so-far configuration:          57    mean value:      4493414.429
Description of the best-so-far configuration:
   .ID. localsearch  rho ants .PARENT.
57   57           3 0.59    4       24

# 2025-05-16 08:59:35 -04: Elite configurations (first number is the configuration ID; listed from best to worst according to the sum of ranks):
    localsearch  rho ants
57            3 0.59    4
61            3 0.58    7
111           3 0.58    5
# Total CPU user time: 2755.441, CPU sys time: 16.739, Wall-clock time: 477.678
    .ID. localsearch  rho ants .PARENT. .RANK.  .WEIGHT.
57    57           3 0.59    4       24     36 0.5000000
61    61           3 0.58    7        1     40 0.3333333
111  111           3 0.58    5       57     43 0.1666667
