# 2025-06-05 11:05:36 -04: Reading parameter file '/home/dianag/PruebasPablo/irace-independent-executions/ACOTSP/Scenarios/E1-BL-N/Runs/E1-BL-N_seed_999888777/parameters.txt'.
# 2025-06-05 11:05:36 -04: 1 expression(s) specifying forbidden configurations read.
# 2025-06-05 11:05:36 -04: Initialization
# Elitist race
# Elitist new instances: 1
# Elitist limit: 2
# nbIterations: 5
# minNbSurvival: 5
# nbParameters: 11
# seed: 999888777
# confidence level: 0.95
# budget: 2750
# mu: 5
# deterministic: FALSE

# 2025-06-05 11:05:36 -04: Iteration 1 of 5
# experimentsUsed: 0
# remainingBudget: 2750
# currentBudget: 550
# nbConfigurations: 91
# Markers:
     x No test is performed.
     c Configurations are discarded only due to capping.
     - The test is performed and some configurations are discarded.
     = The test is performed but no configuration is discarded.
     ! The test is performed and configurations could be discarded but elite configurations are preserved.
     . All alive configurations are elite and nothing is discarded.

+-+-----------+-----------+-----------+----------------+-----------+--------+-----+----+------+
| |   Instance|      Alive|       Best|       Mean best| Exp so far|  W time|  rho|KenW|  Qvar|
+-+-----------+-----------+-----------+----------------+-----------+--------+-----+----+------+
|x|          1|         91|         87|     32868584.00|         91|00:02:30|   NA|  NA|    NA|
|x|          2|         91|         50|     32584229.50|        182|00:02:29|+0.99|0.99|0.0016|
|x|          3|         91|         50|     32545763.00|        273|00:02:26|+0.99|0.99|0.0016|
|x|          4|         91|         50|     32590673.75|        364|00:02:24|+0.99|0.99|0.0020|
|-|          5|          6|         50|     32620556.00|        455|00:02:32|-0.09|0.13|0.9420|
|=|          6|          6|         50|     32600052.17|        461|00:00:20|+0.04|0.20|0.8413|
|=|          7|          6|         50|     32590359.57|        467|00:00:21|+0.13|0.25|0.7734|
+-+-----------+-----------+-----------+----------------+-----------+--------+-----+----+------+
Best-so-far configuration:          50    mean value:      32590359.57
Description of the best-so-far configuration:
   .ID. algorithm localsearch alpha beta  rho ants q0 rasrank elitistants nnls
50   50      mmas           3  1.09 6.88 0.87   32 NA      NA          NA   47
   dlb .PARENT.
50   0       NA

# 2025-06-05 11:18:41 -04: Elite configurations (first number is the configuration ID; listed from best to worst according to the sum of ranks):
   algorithm localsearch alpha beta  rho ants   q0 rasrank elitistants nnls dlb
50      mmas           3  1.09 6.88 0.87   32   NA      NA          NA   47   0
28       acs           3  3.82 4.85 0.24   42 0.94      NA          NA   11   1
55       ras           3  4.21 0.63 0.50   68   NA      55          NA   30   0
87       ras           3  4.41 8.52 0.06   31   NA       3          NA   24   1
73      mmas           3  2.69 6.33 0.46   10   NA      NA          NA   25   0
# 2025-06-05 11:18:41 -04: Iteration 2 of 5
# experimentsUsed: 467
# remainingBudget: 2283
# currentBudget: 570
# nbConfigurations: 75
# Markers:
     x No test is performed.
     c Configurations are discarded only due to capping.
     - The test is performed and some configurations are discarded.
     = The test is performed but no configuration is discarded.
     ! The test is performed and configurations could be discarded but elite configurations are preserved.
     . All alive configurations are elite and nothing is discarded.

+-+-----------+-----------+-----------+----------------+-----------+--------+-----+----+------+
| |   Instance|      Alive|       Best|       Mean best| Exp so far|  W time|  rho|KenW|  Qvar|
+-+-----------+-----------+-----------+----------------+-----------+--------+-----+----+------+
|x|          8|         75|        126|     32698794.00|         75|00:02:17|   NA|  NA|    NA|
|x|          3|         75|         94|     32586915.50|        145|00:02:08|+0.96|0.98|0.0045|
|x|          2|         75|         94|     32480369.00|        215|00:02:05|+0.96|0.97|0.0050|
|x|          4|         75|         94|     32524330.25|        285|00:02:04|+0.95|0.96|0.0042|
|-|          1|          8|         94|     32594831.20|        355|00:02:02|+0.45|0.56|0.5979|
|-|          7|          7|         94|     32570834.50|        358|00:00:10|+0.42|0.52|0.5560|
|!|          6|          7|         94|     32554212.86|        360|00:00:10|+0.47|0.55|0.4982|
|-|          5|          2|         94|     32550497.12|        362|00:00:10|-0.07|0.06|0.5357|
+-+-----------+-----------+-----------+----------------+-----------+--------+-----+----+------+
Best-so-far configuration:          94    mean value:      32550497.12
Description of the best-so-far configuration:
   .ID. algorithm localsearch alpha beta  rho ants   q0 rasrank elitistants
94   94       acs           3  3.63 4.31 0.79   65 0.04      NA          NA
   nnls dlb .PARENT.
94   32   1       55

# 2025-06-05 11:29:52 -04: Elite configurations (first number is the configuration ID; listed from best to worst according to the sum of ranks):
    algorithm localsearch alpha beta  rho ants   q0 rasrank elitistants nnls
94        acs           3  3.63 4.31 0.79   65 0.04      NA          NA   32
126       acs           3  1.83 1.31 0.42   70 0.96      NA          NA   10
    dlb
94    1
126   1
# 2025-06-05 11:29:52 -04: Iteration 3 of 5
# experimentsUsed: 829
# remainingBudget: 1921
# currentBudget: 640
# nbConfigurations: 72
# Markers:
     x No test is performed.
     c Configurations are discarded only due to capping.
     - The test is performed and some configurations are discarded.
     = The test is performed but no configuration is discarded.
     ! The test is performed and configurations could be discarded but elite configurations are preserved.
     . All alive configurations are elite and nothing is discarded.

+-+-----------+-----------+-----------+----------------+-----------+--------+-----+----+------+
| |   Instance|      Alive|       Best|       Mean best| Exp so far|  W time|  rho|KenW|  Qvar|
+-+-----------+-----------+-----------+----------------+-----------+--------+-----+----+------+
|x|          9|         72|        126|     32789645.00|         72|00:01:54|   NA|  NA|    NA|
|x|          1|         72|        126|     32775390.00|        142|00:01:49|+0.95|0.97|0.0028|
|x|          4|         72|        126|     32736146.67|        212|00:01:49|+0.95|0.97|0.0033|
|x|          3|         72|        126|     32661590.75|        282|00:01:53|+0.95|0.96|0.0029|
|-|          6|          5|        126|     32617524.40|        352|00:01:53|-0.14|0.09|0.8424|
+-+-----------+-----------+-----------+----------------+-----------+--------+-----+----+------+
Best configuration for the instances in this race: 126
Best-so-far configuration:          94    mean value:      32586202.44
Description of the best-so-far configuration:
   .ID. algorithm localsearch alpha beta  rho ants   q0 rasrank elitistants
94   94       acs           3  3.63 4.31 0.79   65 0.04      NA          NA
   nnls dlb .PARENT.
94   32   1       55

# 2025-06-05 11:39:13 -04: Elite configurations (first number is the configuration ID; listed from best to worst according to the sum of ranks):
    algorithm localsearch alpha beta  rho ants   q0 rasrank elitistants nnls
94        acs           3  3.63 4.31 0.79   65 0.04      NA          NA   32
126       acs           3  1.83 1.31 0.42   70 0.96      NA          NA   10
188       acs           3  2.87 2.78 0.55   70 0.75      NA          NA    9
193       acs           3  2.81 6.59 0.51   61 0.01      NA          NA   33
178       acs           3  3.97 7.20 0.62   59 0.17      NA          NA   29
    dlb
94    1
126   1
188   1
193   1
178   1
# 2025-06-05 11:39:13 -04: Iteration 4 of 5
# experimentsUsed: 1181
# remainingBudget: 1569
# currentBudget: 784
# nbConfigurations: 82
# Markers:
     x No test is performed.
     c Configurations are discarded only due to capping.
     - The test is performed and some configurations are discarded.
     = The test is performed but no configuration is discarded.
     ! The test is performed and configurations could be discarded but elite configurations are preserved.
     . All alive configurations are elite and nothing is discarded.

+-+-----------+-----------+-----------+----------------+-----------+--------+-----+----+------+
| |   Instance|      Alive|       Best|       Mean best| Exp so far|  W time|  rho|KenW|  Qvar|
+-+-----------+-----------+-----------+----------------+-----------+--------+-----+----+------+
|x|         10|         82|        188|     32809774.00|         82|00:01:54|   NA|  NA|    NA|
|x|          5|         82|        283|     32658976.00|        162|00:01:54|+0.89|0.95|0.0012|
|x|          6|         82|        188|     32572637.67|        239|00:01:45|+0.91|0.94|0.0013|
|x|          1|         82|        294|     32635373.50|        316|00:01:45|+0.91|0.93|0.0012|
|-|          7|         15|        294|     32601538.60|        396|00:01:54|+0.09|0.27|0.8789|
|=|          4|         15|        294|     32599815.67|        406|00:00:20|+0.11|0.26|0.8842|
|-|          2|         10|        294|     32548261.00|        419|00:00:20|+0.17|0.29|0.7358|
|!|          8|         10|        294|     32573468.00|        427|00:00:10|+0.15|0.26|0.7314|
|!|          9|         10|        294|     32599870.00|        432|00:00:10|+0.15|0.24|0.7337|
|-|          3|          7|        294|     32583526.70|        437|00:00:10|-0.02|0.08|0.8672|
|=|         11|          7|        283|     32582796.36|        444|00:00:10|-0.03|0.06|0.8743|
|=|         12|          7|        283|     32563471.08|        451|00:00:10|-0.05|0.04|0.9017|
+-+-----------+-----------+-----------+----------------+-----------+--------+-----+----+------+
Best-so-far configuration:         283    mean value:      32563471.08
Description of the best-so-far configuration:
    .ID. algorithm localsearch alpha beta  rho ants   q0 rasrank elitistants
283  283       acs           3  1.75 2.48 0.41   63 0.93      NA          NA
    nnls dlb .PARENT.
283   11   1      126

# 2025-06-05 11:50:01 -04: Elite configurations (first number is the configuration ID; listed from best to worst according to the sum of ranks):
    algorithm localsearch alpha beta  rho ants   q0 rasrank elitistants nnls
283       acs           3  1.75 2.48 0.41   63 0.93      NA          NA   11
294       acs           3  3.35 3.13 0.39   60 0.69      NA          NA   15
276       acs           3  2.06 1.15 0.53   48 0.80      NA          NA   12
188       acs           3  2.87 2.78 0.55   70 0.75      NA          NA    9
268       acs           3  2.09 3.68 0.51   63 0.87      NA          NA   17
    dlb
283   1
294   1
276   1
188   1
268   1
# 2025-06-05 11:50:01 -04: Iteration 5 of 5
# experimentsUsed: 1632
# remainingBudget: 1118
# currentBudget: 1118
# nbConfigurations: 90
# Markers:
     x No test is performed.
     c Configurations are discarded only due to capping.
     - The test is performed and some configurations are discarded.
     = The test is performed but no configuration is discarded.
     ! The test is performed and configurations could be discarded but elite configurations are preserved.
     . All alive configurations are elite and nothing is discarded.

+-+-----------+-----------+-----------+----------------+-----------+--------+-----+----+------+
| |   Instance|      Alive|       Best|       Mean best| Exp so far|  W time|  rho|KenW|  Qvar|
+-+-----------+-----------+-----------+----------------+-----------+--------+-----+----+------+
|x|         13|         90|        351|     32950411.00|         90|00:02:04|   NA|  NA|    NA|
|x|          6|         90|        188|     32685243.50|        175|00:01:54|+0.82|0.91|0.0248|
|x|          1|         90|        326|     32741267.33|        260|00:01:54|+0.77|0.85|0.0305|
|x|          5|         90|        326|     32669893.00|        345|00:01:54|+0.77|0.83|0.0297|
|-|         11|         26|        393|     32635507.00|        430|00:01:54|-0.12|0.10|1.0741|
|=|          4|         26|        393|     32633042.17|        451|00:00:31|-0.04|0.13|1.0001|
|=|         12|         26|        393|     32584828.86|        472|00:00:31|-0.01|0.14|0.9643|
|=|         10|         26|        393|     32620339.75|        493|00:00:31|-0.00|0.12|0.9491|
|=|          8|         26|        393|     32630671.56|        514|00:00:31|+0.01|0.12|0.9352|
|=|          7|         26|        369|     32614330.70|        535|00:00:31|-0.02|0.08|0.9644|
|=|          3|         26|        369|     32595079.82|        556|00:00:31|+0.01|0.10|0.9362|
|=|          9|         26|        369|     32613674.92|        577|00:00:31|+0.01|0.09|0.9335|
|=|          2|         26|        369|     32588873.38|        598|00:00:31|+0.01|0.08|0.9399|
|=|         14|         26|        369|     32561764.21|        624|00:00:41|+0.02|0.09|0.9283|
+-+-----------+-----------+-----------+----------------+-----------+--------+-----+----+------+
Best-so-far configuration:         369    mean value:      32561764.21
Description of the best-so-far configuration:
    .ID. algorithm localsearch alpha beta  rho ants   q0 rasrank elitistants
369  369       acs           3  2.03 4.03 0.38   54 0.75      NA          NA
    nnls dlb .PARENT.
369   13   1      283

# 2025-06-05 12:04:36 -04: Elite configurations (first number is the configuration ID; listed from best to worst according to the sum of ranks):
    algorithm localsearch alpha beta  rho ants   q0 rasrank elitistants nnls
369       acs           3  2.03 4.03 0.38   54 0.75      NA          NA   13
311       acs           3  3.63 2.93 0.30   63 0.64      NA          NA   17
393       acs           3  3.92 5.21 0.41   64 0.51      NA          NA   18
294       acs           3  3.35 3.13 0.39   60 0.69      NA          NA   15
268       acs           3  2.09 3.68 0.51   63 0.87      NA          NA   17
    dlb
369   1
311   1
393   1
294   1
268   1
# 2025-06-05 12:04:36 -04: Iteration 6 of 6
# experimentsUsed: 2256
# remainingBudget: 494
# currentBudget: 494
# nbConfigurations: 37
# Markers:
     x No test is performed.
     c Configurations are discarded only due to capping.
     - The test is performed and some configurations are discarded.
     = The test is performed but no configuration is discarded.
     ! The test is performed and configurations could be discarded but elite configurations are preserved.
     . All alive configurations are elite and nothing is discarded.

+-+-----------+-----------+-----------+----------------+-----------+--------+-----+----+------+
| |   Instance|      Alive|       Best|       Mean best| Exp so far|  W time|  rho|KenW|  Qvar|
+-+-----------+-----------+-----------+----------------+-----------+--------+-----+----+------+
|x|         15|         37|        294|     32568915.00|         37|00:00:52|   NA|  NA|    NA|
|x|         14|         37|        369|     32408414.50|         69|00:00:41|+0.49|0.74|0.1818|
|x|          6|         37|        404|     32435460.33|        101|00:00:41|+0.49|0.66|0.2025|
|x|          9|         37|        404|     32519554.25|        133|00:00:41|+0.51|0.64|0.2450|
|-|          1|         14|        311|     32573915.40|        165|00:00:41|-0.08|0.13|1.0393|
|=|          8|         14|        311|     32594993.00|        174|00:00:20|-0.11|0.08|1.0296|
|=|          3|         14|        311|     32566972.29|        183|00:00:20|-0.05|0.10|0.9753|
|=|          4|         14|        311|     32572109.25|        192|00:00:20|-0.07|0.07|0.9692|
|=|          5|         14|        311|     32566012.11|        201|00:00:20|-0.05|0.07|0.9528|
|=|         12|         14|        408|     32541736.50|        210|00:00:20|-0.03|0.07|0.9510|
|=|         13|         14|        408|     32582097.09|        219|00:00:20|-0.03|0.06|0.9467|
|=|          2|         14|        425|     32563745.00|        228|00:00:20|-0.04|0.05|0.9519|
|=|          7|         14|        425|     32553887.38|        237|00:00:20|-0.04|0.04|0.9507|
|=|         10|         14|        425|     32571866.21|        246|00:00:20|-0.02|0.05|0.9380|
|=|         11|         14|        425|     32566455.93|        255|00:00:20|-0.02|0.05|0.9408|
|=|         16|         14|        425|     32532967.75|        269|00:00:21|-0.02|0.04|0.9413|
+-+-----------+-----------+-----------+----------------+-----------+--------+-----+----+------+
Best-so-far configuration:         425    mean value:      32532967.75
Description of the best-so-far configuration:
    .ID. algorithm localsearch alpha beta  rho ants  q0 rasrank elitistants
425  425       acs           3  2.54 3.34 0.39   58 0.7      NA          NA
    nnls dlb .PARENT.
425   14   1      369

# 2025-06-05 12:12:04 -04: Elite configurations (first number is the configuration ID; listed from best to worst according to the sum of ranks):
    algorithm localsearch alpha beta  rho ants   q0 rasrank elitistants nnls
425       acs           3  2.54 3.34 0.39   58 0.70      NA          NA   14
369       acs           3  2.03 4.03 0.38   54 0.75      NA          NA   13
408       acs           3  3.36 3.74 0.35   61 0.66      NA          NA   12
294       acs           3  3.35 3.13 0.39   60 0.69      NA          NA   15
418       acs           3  3.98 6.07 0.33   61 0.56      NA          NA   18
    dlb
425   1
369   1
408   1
294   1
418   1
# 2025-06-05 12:12:04 -04: Iteration 7 of 7
# experimentsUsed: 2525
# remainingBudget: 225
# currentBudget: 225
# nbConfigurations: 17
# Markers:
     x No test is performed.
     c Configurations are discarded only due to capping.
     - The test is performed and some configurations are discarded.
     = The test is performed but no configuration is discarded.
     ! The test is performed and configurations could be discarded but elite configurations are preserved.
     . All alive configurations are elite and nothing is discarded.

+-+-----------+-----------+-----------+----------------+-----------+--------+-----+----+------+
| |   Instance|      Alive|       Best|       Mean best| Exp so far|  W time|  rho|KenW|  Qvar|
+-+-----------+-----------+-----------+----------------+-----------+--------+-----+----+------+
|x|         17|         17|        430|     32507819.00|         17|00:00:31|   NA|  NA|    NA|
|x|          5|         17|        418|     32491969.00|         29|00:00:20|+0.00|0.50|0.3408|
|x|         10|         17|        418|     32601610.33|         41|00:00:20|+0.15|0.43|0.5128|
|x|          7|         17|        418|     32556952.75|         53|00:00:20|+0.18|0.39|0.5316|
|-|         12|         10|        425|     32506644.00|         65|00:00:20|-0.02|0.18|0.8757|
|=|         13|         10|        425|     32590860.83|         70|00:00:10|-0.06|0.12|0.9361|
|=|         14|         10|        425|     32545658.00|         75|00:00:10|-0.04|0.11|0.9257|
|=|          6|         10|        425|     32534746.88|         80|00:00:10|-0.04|0.09|0.9229|
|=|          2|         10|        425|     32506878.22|         85|00:00:10|-0.06|0.06|0.9332|
|=|          1|         10|        425|     32535081.10|         90|00:00:10|-0.03|0.08|0.9033|
|=|          8|         10|        425|     32549270.73|         95|00:00:10|-0.01|0.08|0.8886|
|=|         15|         10|        434|     32556261.58|        100|00:00:10|+0.00|0.09|0.8836|
|=|          9|         10|        434|     32576265.31|        105|00:00:10|-0.03|0.05|0.9117|
|=|          4|         10|        434|     32576052.29|        110|00:00:10|-0.01|0.07|0.8888|
|=|         16|         10|        434|     32534844.27|        115|00:00:10|+0.00|0.07|0.8944|
|=|         11|         10|        434|     32538944.19|        120|00:00:10|-0.00|0.06|0.9007|
|=|          3|         10|        434|     32533381.47|        125|00:00:10|-0.02|0.04|0.9111|
|=|         18|         10|        434|     32556424.11|        135|00:00:20|-0.01|0.04|0.9071|
+-+-----------+-----------+-----------+----------------+-----------+--------+-----+----+------+
Best-so-far configuration:         434    mean value:      32556424.11
Description of the best-so-far configuration:
    .ID. algorithm localsearch alpha beta  rho ants   q0 rasrank elitistants
434  434       acs           3  2.87 3.48 0.39   56 0.56      NA          NA
    nnls dlb .PARENT.
434   13   1      408

# 2025-06-05 12:16:26 -04: Elite configurations (first number is the configuration ID; listed from best to worst according to the sum of ranks):
    algorithm localsearch alpha beta  rho ants   q0 rasrank elitistants nnls
434       acs           3  2.87 3.48 0.39   56 0.56      NA          NA   13
431       acs           3  1.75 3.61 0.38   52 0.76      NA          NA   12
408       acs           3  3.36 3.74 0.35   61 0.66      NA          NA   12
425       acs           3  2.54 3.34 0.39   58 0.70      NA          NA   14
433       acs           3  2.03 4.14 0.38   52 0.61      NA          NA   15
    dlb
434   1
431   1
408   1
425   1
433   1
# 2025-06-05 12:16:26 -04: Iteration 8 of 8
# experimentsUsed: 2660
# remainingBudget: 90
# currentBudget: 90
# nbConfigurations: 9
# Markers:
     x No test is performed.
     c Configurations are discarded only due to capping.
     - The test is performed and some configurations are discarded.
     = The test is performed but no configuration is discarded.
     ! The test is performed and configurations could be discarded but elite configurations are preserved.
     . All alive configurations are elite and nothing is discarded.

+-+-----------+-----------+-----------+----------------+-----------+--------+-----+----+------+
| |   Instance|      Alive|       Best|       Mean best| Exp so far|  W time|  rho|KenW|  Qvar|
+-+-----------+-----------+-----------+----------------+-----------+--------+-----+----+------+
|x|         19|          9|        433|     32442067.00|          9|00:00:20|   NA|  NA|    NA|
|x|         18|          9|        440|     32696936.50|         13|00:00:10|-0.13|0.43|1.0618|
|x|          6|          9|        440|     32608520.33|         17|00:00:10|-0.12|0.26|0.8721|
|x|         14|          9|        440|     32520847.75|         21|00:00:10|+0.15|0.36|0.6583|
|=|          1|          9|        440|     32574511.80|         25|00:00:10|+0.19|0.36|0.5734|
|=|          3|          9|        440|     32538651.50|         29|00:00:10|+0.13|0.28|0.7223|
|=|          5|          9|        440|     32539912.86|         33|00:00:10|+0.08|0.21|0.7028|
|=|         10|          9|        440|     32579671.00|         37|00:00:10|+0.05|0.17|0.7326|
|=|          4|          9|        440|     32584955.22|         41|00:00:10|+0.10|0.20|0.7065|
|-|         13|          7|        434|     32619110.10|         45|00:00:10|-0.03|0.07|0.8881|
|=|         17|          7|        440|     32618657.36|         47|00:00:10|-0.05|0.05|0.8886|
|=|         11|          7|        440|     32608289.83|         49|00:00:10|-0.05|0.04|0.8961|
|=|         16|          7|        440|     32562099.54|         51|00:00:10|-0.03|0.05|0.8861|
|=|         15|          7|        440|     32564452.36|         53|00:00:10|-0.02|0.06|0.8816|
|=|          7|          7|        440|     32559143.67|         55|00:00:10|-0.02|0.04|0.8752|
|=|          8|          7|        440|     32563497.94|         57|00:00:10|-0.01|0.05|0.8676|
|=|         12|          7|        440|     32551508.00|         59|00:00:10|-0.02|0.04|0.8726|
|=|          2|          7|        440|     32534622.50|         61|00:00:10|-0.03|0.03|0.8718|
|=|          9|          7|        440|     32548789.26|         63|00:00:10|-0.02|0.04|0.8724|
|=|         20|          7|        440|     32539523.45|         70|00:00:10|-0.01|0.04|0.8610|
+-+-----------+-----------+-----------+----------------+-----------+--------+-----+----+------+
Best-so-far configuration:         440    mean value:      32539523.45
Description of the best-so-far configuration:
    .ID. algorithm localsearch alpha beta rho ants   q0 rasrank elitistants
440  440       acs           3  2.24 3.54 0.4   52 0.77      NA          NA
    nnls dlb .PARENT.
440   11   1      431

# 2025-06-05 12:20:06 -04: Elite configurations (first number is the configuration ID; listed from best to worst according to the sum of ranks):
    algorithm localsearch alpha beta  rho ants   q0 rasrank elitistants nnls
440       acs           3  2.24 3.54 0.40   52 0.77      NA          NA   11
431       acs           3  1.75 3.61 0.38   52 0.76      NA          NA   12
434       acs           3  2.87 3.48 0.39   56 0.56      NA          NA   13
408       acs           3  3.36 3.74 0.35   61 0.66      NA          NA   12
425       acs           3  2.54 3.34 0.39   58 0.70      NA          NA   14
    dlb
440   1
431   1
434   1
408   1
425   1
# 2025-06-05 12:20:06 -04: Iteration 9 of 9
# experimentsUsed: 2730
# remainingBudget: 20
# currentBudget: 20
# nbConfigurations: 6
# Markers:
     x No test is performed.
     c Configurations are discarded only due to capping.
     - The test is performed and some configurations are discarded.
     = The test is performed but no configuration is discarded.
     ! The test is performed and configurations could be discarded but elite configurations are preserved.
     . All alive configurations are elite and nothing is discarded.

+-+-----------+-----------+-----------+----------------+-----------+--------+-----+----+------+
| |   Instance|      Alive|       Best|       Mean best| Exp so far|  W time|  rho|KenW|  Qvar|
+-+-----------+-----------+-----------+----------------+-----------+--------+-----+----+------+
|x|          4|          6|        408|     32573051.00|          1|00:00:10|   NA|  NA|    NA|
|x|          8|          6|        434|     32623008.50|          2|00:00:10|+0.37|0.69|0.7421|
|x|          2|          6|        440|     32501203.33|          3|00:00:10|+0.12|0.42|0.6859|
|x|         13|          6|        440|     32622986.25|          4|00:00:10|+0.25|0.44|0.6746|
|=|         16|          6|        434|     32503281.00|          5|00:00:10|+0.11|0.29|0.7597|
|=|         12|          6|        434|     32475999.00|          6|00:00:10|+0.09|0.24|0.7921|
|=|         17|          6|        408|     32503782.57|          7|00:00:10|-0.06|0.09|0.8802|
|=|         10|          6|        408|     32542581.25|          8|00:00:10|-0.05|0.08|0.8552|
|=|          3|          6|        408|     32525590.33|          9|00:00:10|-0.05|0.06|0.8358|
|=|         15|          6|        440|     32522409.60|         10|00:00:10|-0.08|0.03|0.8782|
|=|          6|          6|        434|     32520065.27|         11|00:00:10|-0.07|0.03|0.8740|
|=|         18|          6|        440|     32549150.17|         12|00:00:10|-0.05|0.04|0.8555|
|=|          9|          6|        440|     32568737.92|         13|00:00:10|-0.02|0.06|0.8402|
|=|          7|          6|        440|     32562743.93|         14|00:00:10|-0.04|0.04|0.8560|
|=|          1|          6|        440|     32577838.87|         15|00:00:10|-0.04|0.03|0.8504|
|=|         14|          6|        440|     32557838.31|         16|00:00:10|-0.03|0.04|0.8448|
|=|         19|          6|        440|     32552074.59|         17|00:00:10|-0.02|0.04|0.8462|
|=|          5|          6|        440|     32551819.39|         18|00:00:10|-0.04|0.02|0.8596|
|=|         20|          6|        440|     32541906.42|         19|00:00:10|-0.03|0.02|0.8557|
|=|         11|          6|        440|     32539523.45|         20|00:00:10|-0.03|0.02|0.8556|
+-+-----------+-----------+-----------+----------------+-----------+--------+-----+----+------+
Best-so-far configuration:         440    mean value:      32539523.45
Description of the best-so-far configuration:
    .ID. algorithm localsearch alpha beta rho ants   q0 rasrank elitistants
440  440       acs           3  2.24 3.54 0.4   52 0.77      NA          NA
    nnls dlb .PARENT.
440   11   1      431

# 2025-06-05 12:23:35 -04: Elite configurations (first number is the configuration ID; listed from best to worst according to the sum of ranks):
    algorithm localsearch alpha beta  rho ants   q0 rasrank elitistants nnls
440       acs           3  2.24 3.54 0.40   52 0.77      NA          NA   11
442       acs           3  3.06 3.87 0.42   61 0.62      NA          NA   13
431       acs           3  1.75 3.61 0.38   52 0.76      NA          NA   12
434       acs           3  2.87 3.48 0.39   56 0.56      NA          NA   13
408       acs           3  3.36 3.74 0.35   61 0.66      NA          NA   12
    dlb
440   1
442   1
431   1
434   1
408   1
# 2025-06-05 12:23:35 -04: Stopped because budget is exhausted
# Iteration: 10
# nbIterations: 9
# experimentsUsed: 2750
# timeUsed: 0
# remainingBudget: 0
# currentBudget: 20
# number of elites: 5
# nbConfigurations: 6
# Total CPU user time: 31055.01, CPU sys time: 228.217, Wall-clock time: 4679.022
    .ID. algorithm localsearch alpha beta  rho ants   q0 rasrank elitistants
440  440       acs           3  2.24 3.54 0.40   52 0.77      NA          NA
442  442       acs           3  3.06 3.87 0.42   61 0.62      NA          NA
431  431       acs           3  1.75 3.61 0.38   52 0.76      NA          NA
434  434       acs           3  2.87 3.48 0.39   56 0.56      NA          NA
408  408       acs           3  3.36 3.74 0.35   61 0.66      NA          NA
    nnls dlb .PARENT. .RANK.   .WEIGHT.
440   11   1      431     62 0.33333333
442   13   1      434     68 0.26666667
431   12   1      369     69 0.20000000
434   13   1      408     70 0.13333333
408   12   1      311     75 0.06666667
