# 2025-06-10 21:57:02 -04: Reading parameter file '/home/dianag/PruebasPablo/irace-independent-executions/PSO-X/Scenarios/E3-BH-Mixed-N/Runs/E3-BH-Mixed-N_seed_42/parameters.txt'.
# 2025-06-10 21:57:02 -04: 2 expression(s) specifying forbidden configurations read.
# 2025-06-10 21:57:02 -04: Initialization
# Elitist race
# Elitist new instances: 1
# Elitist limit: 2
# nbIterations: 5
# minNbSurvival: 5
# nbParameters: 8
# seed: 42
# confidence level: 0.95
# budget: 4000
# mu: 5
# deterministic: FALSE

# 2025-06-10 21:57:02 -04: Iteration 1 of 5
# experimentsUsed: 0
# remainingBudget: 4000
# currentBudget: 800
# nbConfigurations: 133
# Markers:
     x No test is performed.
     c Configurations are discarded only due to capping.
     - The test is performed and some configurations are discarded.
     = The test is performed but no configuration is discarded.
     ! The test is performed and configurations could be discarded but elite configurations are preserved.
     . All alive configurations are elite and nothing is discarded.

+-+-----------+-----------+-----------+----------------+-----------+--------+-----+----+------+
| |   Instance|      Alive|       Best|       Mean best| Exp so far|  W time|  rho|KenW|  Qvar|
+-+-----------+-----------+-----------+----------------+-----------+--------+-----+----+------+
|x|          1|        133|        121|     8.793977967|        133|00:00:40|   NA|  NA|    NA|
|x|          2|        133|         44|     460.7205598|        266|00:03:04|+0.73|0.86|0.4245|
|x|          3|        133|         35|     472.3133357|        399|00:02:57|+0.47|0.64|0.3675|
|x|          4|        133|         81|     432.7748034|        532|00:02:03|+0.42|0.56|0.4683|
|-|          5|         42|         81|     528.5203607|        665|00:03:03|+0.01|0.21|1.0377|
|=|          6|         42|         81|     448.0036785|        707|00:00:09|+0.04|0.20|0.9912|
|=|          7|         42|         81|     386.3913001|        749|00:00:09|+0.06|0.20|0.9741|
+-+-----------+-----------+-----------+----------------+-----------+--------+-----+----+------+
Best-so-far configuration:          81    mean value:      386.3913001
Description of the best-so-far configuration:
   .ID. particles topology modInfluence branching tSchedule phi1 phi2 inertia
81   81         8        1            1        NA        NA 0.49  2.1    0.66
   .PARENT.
81       NA

# 2025-06-10 22:09:11 -04: Elite configurations (first number is the configuration ID; listed from best to worst according to the sum of ranks):
    particles topology modInfluence branching tSchedule phi1 phi2 inertia
81          8        1            1        NA        NA 0.49 2.10    0.66
44         72        4            0        NA        NA 0.23 2.43    0.65
20        187        4            1        NA        NA 2.23 1.54    0.83
27         25        5            2        NA         2 1.13 1.69    0.78
100        30        5            0        NA         2 1.85 1.83    0.64
# 2025-06-10 22:09:11 -04: Iteration 2 of 5
# experimentsUsed: 749
# remainingBudget: 3251
# currentBudget: 812
# nbConfigurations: 105
# Markers:
     x No test is performed.
     c Configurations are discarded only due to capping.
     - The test is performed and some configurations are discarded.
     = The test is performed but no configuration is discarded.
     ! The test is performed and configurations could be discarded but elite configurations are preserved.
     . All alive configurations are elite and nothing is discarded.

+-+-----------+-----------+-----------+----------------+-----------+--------+-----+----+------+
| |   Instance|      Alive|       Best|       Mean best| Exp so far|  W time|  rho|KenW|  Qvar|
+-+-----------+-----------+-----------+----------------+-----------+--------+-----+----+------+
|x|          8|        105|        197|     67595.63115|        105|00:00:23|   NA|  NA|    NA|
|x|          3|        105|        175|     35880.10651|        205|00:02:13|+0.41|0.71|0.3139|
|x|          2|        105|        205|     33086.97074|        305|00:02:18|+0.19|0.46|0.2254|
|x|          5|        105|        205|     25043.13344|        405|00:02:18|+0.28|0.46|0.1815|
|-|          4|         49|        205|     20104.11437|        505|00:01:32|-0.08|0.14|0.9055|
|=|          1|         49|         81|     17429.78571|        549|00:00:06|-0.08|0.10|0.9651|
|=|          6|         49|         81|     14946.30493|        593|00:00:04|-0.03|0.12|0.9341|
|=|          7|         49|         81|     13080.10644|        637|00:00:05|+0.00|0.13|0.9343|
|=|          9|         49|         81|     11690.83360|        686|00:01:01|+0.02|0.13|0.9134|
+-+-----------+-----------+-----------+----------------+-----------+--------+-----+----+------+
Best-so-far configuration:          81    mean value:      11690.83360
Description of the best-so-far configuration:
   .ID. particles topology modInfluence branching tSchedule phi1 phi2 inertia
81   81         8        1            1        NA        NA 0.49  2.1    0.66
   .PARENT.
81       NA

# 2025-06-10 22:19:16 -04: Elite configurations (first number is the configuration ID; listed from best to worst according to the sum of ranks):
    particles topology modInfluence branching tSchedule phi1 phi2 inertia
81          8        1            1        NA        NA 0.49 2.10    0.66
186       180        4            1        NA        NA 2.23 0.65    0.67
218        47        1            1        NA        NA 0.64 1.48    0.58
208        54        4            1        NA        NA 2.12 2.45    0.63
205       144        4            1        NA        NA 2.16 0.53    0.75
# 2025-06-10 22:19:16 -04: Iteration 3 of 5
# experimentsUsed: 1435
# remainingBudget: 2565
# currentBudget: 855
# nbConfigurations: 90
# Markers:
     x No test is performed.
     c Configurations are discarded only due to capping.
     - The test is performed and some configurations are discarded.
     = The test is performed but no configuration is discarded.
     ! The test is performed and configurations could be discarded but elite configurations are preserved.
     . All alive configurations are elite and nothing is discarded.

+-+-----------+-----------+-----------+----------------+-----------+--------+-----+----+------+
| |   Instance|      Alive|       Best|       Mean best| Exp so far|  W time|  rho|KenW|  Qvar|
+-+-----------+-----------+-----------+----------------+-----------+--------+-----+----+------+
|x|         10|         90|        308|     4.741514511|         90|00:00:14|   NA|  NA|    NA|
|x|          7|         90|        293|     8.797725529|        175|00:00:13|+0.79|0.90|0.2613|
|x|          3|         90|        208|     162.5752068|        260|00:01:48|+0.61|0.74|0.2623|
|x|          2|         90|        208|     349.8281128|        345|00:01:53|+0.46|0.59|0.2262|
|-|          5|         41|        272|     468.9114898|        430|00:01:52|-0.08|0.14|0.9667|
|=|          1|         41|        272|     393.9293239|        466|00:00:05|-0.05|0.12|0.9741|
|=|          9|         41|        272|     415.8147603|        502|00:00:49|-0.03|0.12|0.9557|
|=|          4|         41|        208|     422.0165278|        538|00:00:32|+0.01|0.14|0.9186|
|=|          8|         41|        208|     9980.218843|        574|00:00:04|-0.02|0.10|0.9093|
|=|          6|         41|        208|     8987.599936|        610|00:00:03|+0.01|0.11|0.8814|
|-|         11|         28|        208|     8221.523160|        651|00:01:00|-0.03|0.06|0.9795|
|=|         12|         28|        208|     7541.400534|        679|00:00:04|-0.04|0.05|0.9858|
|=|         13|         28|        208|     6961.586697|        707|00:00:03|-0.01|0.06|0.9639|
+-+-----------+-----------+-----------+----------------+-----------+--------+-----+----+------+
Best-so-far configuration:         208    mean value:      6961.586697
Description of the best-so-far configuration:
    .ID. particles topology modInfluence branching tSchedule phi1 phi2 inertia
208  208        54        4            1        NA        NA 2.12 2.45    0.63
    .PARENT.
208       20

# 2025-06-10 22:28:01 -04: Elite configurations (first number is the configuration ID; listed from best to worst according to the sum of ranks):
    particles topology modInfluence branching tSchedule phi1 phi2 inertia
208        54        4            1        NA        NA 2.12 2.45    0.63
279        30        1            1        NA        NA 0.61 1.77    0.55
272        24        1            0        NA        NA 1.05 2.48    0.51
186       180        4            1        NA        NA 2.23 0.65    0.67
247        52        4            1        NA        NA 1.77 2.33    0.72
# 2025-06-10 22:28:01 -04: Iteration 4 of 5
# experimentsUsed: 2142
# remainingBudget: 1858
# currentBudget: 929
# nbConfigurations: 71
# Markers:
     x No test is performed.
     c Configurations are discarded only due to capping.
     - The test is performed and some configurations are discarded.
     = The test is performed but no configuration is discarded.
     ! The test is performed and configurations could be discarded but elite configurations are preserved.
     . All alive configurations are elite and nothing is discarded.

+-+-----------+-----------+-----------+----------------+-----------+--------+-----+----+------+
| |   Instance|      Alive|       Best|       Mean best| Exp so far|  W time|  rho|KenW|  Qvar|
+-+-----------+-----------+-----------+----------------+-----------+--------+-----+----+------+
|x|         14|         71|        368|     51.84241463|         71|00:00:14|   NA|  NA|    NA|
|x|          1|         71|        340|     56.76706346|        137|00:00:14|-0.50|0.25|0.2462|
|x|         12|         71|        363|     53.92103022|        203|00:00:14|-0.00|0.33|0.4132|
|x|         13|         71|        332|     52.50834210|        269|00:00:13|-0.03|0.22|0.3838|
|=|          7|         71|        272|     40.79702066|        335|00:00:14|+0.03|0.22|0.4954|
|=|          6|         71|        332|     43.11277072|        401|00:00:14|+0.03|0.19|0.4343|
|=|          9|         71|        343|     123.0547411|        467|00:01:25|+0.04|0.18|0.6027|
|-|          4|         50|        335|     152.8699993|        533|00:00:56|-0.07|0.07|0.9994|
|=|          3|         50|        343|     181.5528070|        578|00:01:00|-0.04|0.07|0.9955|
|=|         11|         50|        324|     242.4124515|        623|00:01:01|-0.01|0.09|0.9757|
|=|         10|         50|        324|     220.8236784|        668|00:00:05|+0.02|0.11|0.9736|
|=|          5|         50|        335|     266.3934527|        713|00:01:03|+0.01|0.09|0.9727|
|=|          8|         50|        324|     6885.559144|        758|00:00:05|+0.00|0.08|0.9547|
|=|          2|         50|        343|     7934.837533|        803|00:01:02|+0.00|0.07|0.9453|
|=|         15|         50|        343|     7421.732853|        853|00:01:02|-0.00|0.06|0.9505|
+-+-----------+-----------+-----------+----------------+-----------+--------+-----+----+------+
Best-so-far configuration:         343    mean value:      7421.732853
Description of the best-so-far configuration:
    .ID. particles topology modInfluence branching tSchedule phi1 phi2 inertia
343  343        80        4            1        NA        NA 2.07 2.44     0.7
    .PARENT.
343      208

# 2025-06-10 22:37:08 -04: Elite configurations (first number is the configuration ID; listed from best to worst according to the sum of ranks):
    particles topology modInfluence branching tSchedule phi1 phi2 inertia
343        80        4            1        NA        NA 2.07 2.44    0.70
324        56        4            1        NA        NA 2.32 2.19    0.55
335        42        4            1        NA        NA 2.05 2.33    0.64
330        46        4            1        NA        NA 2.38 2.50    0.70
342        73        4            1        NA        NA 2.46 2.37    0.67
# 2025-06-10 22:37:08 -04: Iteration 5 of 5
# experimentsUsed: 2995
# remainingBudget: 1005
# currentBudget: 1005
# nbConfigurations: 67
# Markers:
     x No test is performed.
     c Configurations are discarded only due to capping.
     - The test is performed and some configurations are discarded.
     = The test is performed but no configuration is discarded.
     ! The test is performed and configurations could be discarded but elite configurations are preserved.
     . All alive configurations are elite and nothing is discarded.

+-+-----------+-----------+-----------+----------------+-----------+--------+-----+----+------+
| |   Instance|      Alive|       Best|       Mean best| Exp so far|  W time|  rho|KenW|  Qvar|
+-+-----------+-----------+-----------+----------------+-----------+--------+-----+----+------+
|x|         16|         67|        408|     240.2088635|         67|00:01:26|   NA|  NA|    NA|
|x|         15|         67|        412|     239.2324532|        129|00:01:24|+0.09|0.54|0.8795|
|x|          5|         67|        429|     467.4142513|        191|00:01:27|+0.22|0.48|0.8021|
|x|          2|         67|        439|     577.7927260|        253|00:01:27|+0.30|0.47|0.7551|
|-|         13|         39|        443|     466.0824277|        315|00:00:07|-0.08|0.13|1.0063|
|=|          6|         39|        443|     394.2060614|        349|00:00:04|-0.05|0.13|0.9965|
|=|          1|         39|        443|     346.7687646|        383|00:00:05|+0.02|0.16|0.9837|
|=|         10|         39|        443|     304.1691039|        417|00:00:03|-0.03|0.10|0.9934|
|=|         11|         39|        443|     333.5387492|        451|00:00:49|-0.04|0.08|0.9877|
|=|          8|         39|        443|     7392.679561|        485|00:00:04|-0.02|0.08|0.9690|
|=|         14|         39|        443|     6728.002719|        519|00:00:04|+0.02|0.11|0.9428|
|=|          3|         39|        443|     6207.370487|        553|00:00:48|+0.01|0.09|0.9519|
|=|         12|         39|        443|     5734.193529|        587|00:00:05|+0.02|0.10|0.9525|
|=|          7|         39|        443|     5325.753109|        621|00:00:04|+0.01|0.08|0.9678|
|=|          9|         39|        389|     7284.939256|        655|00:00:49|+0.01|0.08|0.9543|
|=|          4|         39|        427|     6674.106567|        689|00:00:32|-0.00|0.06|0.9612|
|=|         17|         39|        399|     7614.036401|        728|00:00:05|-0.01|0.05|0.9624|
+-+-----------+-----------+-----------+----------------+-----------+--------+-----+----+------+
Best-so-far configuration:         399    mean value:      7614.036401
Description of the best-so-far configuration:
    .ID. particles topology modInfluence branching tSchedule phi1 phi2 inertia
399  399        71        4            1        NA        NA 2.37 2.33    0.67
    .PARENT.
399      342

# 2025-06-10 22:46:39 -04: Elite configurations (first number is the configuration ID; listed from best to worst according to the sum of ranks):
    particles topology modInfluence branching tSchedule phi1 phi2 inertia
399        71        4            1        NA        NA 2.37 2.33    0.67
427        66        4            1        NA        NA 1.83 2.38    0.65
443        90        4            1        NA        NA 1.86 2.29    0.74
412        89        4            1        NA        NA 2.12 2.40    0.67
389       101        4            1        NA        NA 1.85 2.40    0.57
# 2025-06-10 22:46:39 -04: Iteration 6 of 6
# experimentsUsed: 3723
# remainingBudget: 277
# currentBudget: 277
# nbConfigurations: 20
# Markers:
     x No test is performed.
     c Configurations are discarded only due to capping.
     - The test is performed and some configurations are discarded.
     = The test is performed but no configuration is discarded.
     ! The test is performed and configurations could be discarded but elite configurations are preserved.
     . All alive configurations are elite and nothing is discarded.

+-+-----------+-----------+-----------+----------------+-----------+--------+-----+----+------+
| |   Instance|      Alive|       Best|       Mean best| Exp so far|  W time|  rho|KenW|  Qvar|
+-+-----------+-----------+-----------+----------------+-----------+--------+-----+----+------+
|x|         18|         20|        447|     127.6719639|         20|00:00:02|   NA|  NA|    NA|
|x|          2|         20|        447|     519.4016039|         35|00:00:25|-0.23|0.39|1.1657|
|x|         11|         20|        447|     531.5758404|         50|00:00:24|-0.18|0.22|0.9122|
|x|          5|         20|        447|     626.7492835|         65|00:00:25|-0.13|0.15|0.9840|
|=|          9|         20|        427|     614.7759706|         80|00:00:24|-0.16|0.07|0.9804|
|=|         15|         20|        459|     551.1651643|         95|00:00:24|-0.13|0.06|1.0048|
|=|          8|         20|        459|     11018.02045|        110|00:00:02|-0.06|0.09|0.9602|
|=|          3|         20|        459|     9700.555114|        125|00:00:24|-0.07|0.06|0.9585|
|=|         17|         20|        459|     8642.430426|        140|00:00:02|-0.06|0.06|0.9709|
|=|         13|         20|        459|     7778.618796|        155|00:00:02|-0.05|0.05|0.9662|
|=|         10|         20|        459|     7071.996595|        170|00:00:02|-0.04|0.06|0.9406|
|=|          1|         20|        447|     7017.073466|        185|00:00:02|-0.04|0.05|0.9511|
|=|         16|         20|        412|     6066.875625|        200|00:00:24|-0.02|0.06|0.9517|
|=|          6|         20|        443|     5378.449725|        215|00:00:02|-0.03|0.04|0.9656|
|=|         12|         20|        443|     5023.624411|        230|00:00:01|-0.02|0.05|0.9545|
|=|         14|         20|        443|     4714.725030|        245|00:00:02|-0.01|0.05|0.9412|
|=|          4|         20|        443|     4455.960418|        260|00:00:16|-0.02|0.04|0.9478|
|=|          7|         20|        447|     4722.230362|        275|00:00:02|-0.03|0.03|0.9512|
+-+-----------+-----------+-----------+----------------+-----------+--------+-----+----+------+
Best-so-far configuration:         447    mean value:      4722.230362
Description of the best-so-far configuration:
    .ID. particles topology modInfluence branching tSchedule phi1 phi2 inertia
447  447        89        4            1        NA        NA 2.27 2.35    0.69
    .PARENT.
447      412

# 2025-06-10 22:50:14 -04: Elite configurations (first number is the configuration ID; listed from best to worst according to the sum of ranks):
    particles topology modInfluence branching tSchedule phi1 phi2 inertia
447        89        4            1        NA        NA 2.27 2.35    0.69
427        66        4            1        NA        NA 1.83 2.38    0.65
443        90        4            1        NA        NA 1.86 2.29    0.74
459        89        4            1        NA        NA 2.38 2.06    0.68
399        71        4            1        NA        NA 2.37 2.33    0.67
# 2025-06-10 22:50:14 -04: Stopped because there is not enough budget left to race more than the minimum (5).
# You may either increase the budget or set 'minNbSurvival' to a lower value.
# Iteration: 7
# nbIterations: 7
# experimentsUsed: 3998
# timeUsed: 0
# remainingBudget: 2
# currentBudget: 2
# number of elites: 5
# nbConfigurations: 5
# Total CPU user time: 28739.34, CPU sys time: 170.978, Wall-clock time: 3192.366
# 2025-06-10 22:50:14 -04: Starting post-selection:
# Configurations selected: 447, 427.
# Pending instances: 0, 0.
# 2025-06-10 22:50:14 -04: seed: 42
# Configurations: 2
# Available experiments: 2
# minSurvival: 1
# Markers:
     x No test is performed.
     c Configurations are discarded only due to capping.
     - The test is performed and some configurations are discarded.
     = The test is performed but no configuration is discarded.
     ! The test is performed and configurations could be discarded but elite configurations are preserved.
     . All alive configurations are elite and nothing is discarded.

+-+-----------+-----------+-----------+----------------+-----------+--------+-----+----+------+
| |   Instance|      Alive|       Best|       Mean best| Exp so far|  W time|  rho|KenW|  Qvar|
+-+-----------+-----------+-----------+----------------+-----------+--------+-----+----+------+
|.|         13|          2|        427|     3.971103604|          0|00:00:00|   NA|  NA|    NA|
|.|         10|          2|        427|     4.626164510|          0|00:00:00|+1.00|1.00|0.0000|
|.|          9|          2|        427|     181.8855245|          0|00:00:00|+1.00|1.00|0.0000|
|.|         18|          2|        427|     176.9641599|          0|00:00:00|+0.00|0.25|0.5000|
|.|         12|          2|        427|     153.2569492|          0|00:00:00|-0.20|0.04|0.6000|
|.|          4|          2|        427|     174.9585503|          0|00:00:00|-0.07|0.11|0.5333|
|.|         16|          2|        427|     188.0594312|          0|00:00:00|+0.05|0.18|0.4762|
|.|         11|          2|        427|     233.5837732|          0|00:00:00|+0.14|0.25|0.4286|
|.|          3|          2|        427|     260.5590488|          0|00:00:00|+0.22|0.31|0.3889|
|.|          5|          2|        427|     325.6604721|          0|00:00:00|+0.29|0.36|0.3556|
|.|         15|          2|        427|     321.1147544|          0|00:00:00|+0.13|0.21|0.4364|
|.|          6|          2|        427|     298.9125970|          0|00:00:00|+0.03|0.11|0.4848|
|.|         14|          2|        427|     283.1022087|          0|00:00:00|-0.03|0.05|0.5128|
|.|          8|          2|        427|     7560.980035|          0|00:00:00|-0.05|0.02|0.5275|
|.|          2|          2|        427|     7117.677906|          0|00:00:00|-0.07|0.00|0.5333|
|.|          7|          2|        427|     6673.578269|          0|00:00:00|-0.05|0.02|0.5250|
|.|         17|          2|        427|     6292.141189|          0|00:00:00|-0.06|0.00|0.5294|
|.|          1|          2|        427|     5952.058502|          0|00:00:00|-0.06|0.00|0.5294|
|=|         19|          2|        447|     4873.688359|          2|00:00:01|-0.05|0.00|0.5263|
+-+-----------+-----------+-----------+----------------+-----------+--------+-----+----+------+
Best-so-far configuration:         447    mean value:      4873.688359
Description of the best-so-far configuration:
    .ID. particles topology modInfluence branching tSchedule phi1 phi2 inertia
447  447        89        4            1        NA        NA 2.27 2.35    0.69
    .PARENT.
447      412

# 2025-06-10 22:50:16 -04: Elite configurations (first number is the configuration ID; listed from best to worst according to the sum of ranks):
    particles topology modInfluence branching tSchedule phi1 phi2 inertia
447        89        4            1        NA        NA 2.27 2.35    0.69
427        66        4            1        NA        NA 1.83 2.38    0.65
# Total CPU user time: 28742.39, CPU sys time: 171.042, Wall-clock time: 3193.939
    .ID. particles topology modInfluence branching tSchedule phi1 phi2 inertia
447  447        89        4            1        NA        NA 2.27 2.35    0.69
427  427        66        4            1        NA        NA 1.83 2.38    0.65
    .PARENT. .RANK.  .WEIGHT.
447      412     28 0.6666667
427      343     29 0.3333333
