# 2025-05-18 13:14:42 -04: Reading parameter file '/home/dianag/PruebasPablo/irace-independent-executions/PSO-X/Scenarios/E4-BH-Mixed-SR/Runs/E4-BH-Mixed-SR_seed_4040404040/parameters.txt'.
# 2025-05-18 13:14:42 -04: 2 expression(s) specifying forbidden configurations read.
# 2025-05-18 13:14:42 -04: Initialization
# Elitist race
# Elitist new instances: 1
# Elitist limit: 2
# nbIterations: 5
# minNbSurvival: 5
# nbParameters: 8
# seed: 1307045933
# confidence level: 0.95
# budget: 4000
# mu: 5
# deterministic: FALSE

# 2025-05-18 13:14:42 -04: Iteration 1 of 5
# experimentsUsed: 0
# remainingBudget: 4000
# currentBudget: 800
# nbConfigurations: 133
# Markers:
     x No test is performed.
     c Configurations are discarded only due to capping.
     - The test is performed and some configurations are discarded.
     = The test is performed but no configuration is discarded.
     ! The test is performed and configurations could be discarded but elite configurations are preserved.
     . All alive configurations are elite and nothing is discarded.

+-+-----------+-----------+-----------+----------------+-----------+--------+-----+----+------+
| |   Instance|      Alive|       Best|       Mean best| Exp so far|  W time|  rho|KenW|  Qvar|
+-+-----------+-----------+-----------+----------------+-----------+--------+-----+----+------+
|x|          1|        132|         17|     546.7322402|        132|00:04:04|   NA|  NA|    NA|
|x|          2|        132|         17|     39854.46055|        264|00:00:47|+0.23|0.62|0.5870|
|x|          3|        132|         98|     31587.16662|        396|00:02:53|+0.36|0.57|0.4780|
|x|          4|        132|         98|     23702.93277|        528|00:00:49|+0.41|0.55|0.4512|
|-|          5|         58|         98|     18974.72664|        660|00:00:51|-0.05|0.16|0.9911|
|=|          6|         58|        103|     16987.03354|        718|00:00:22|+0.00|0.17|0.9453|
|=|          7|         58|        103|     14594.76133|        776|00:01:53|+0.04|0.17|0.9377|
+-+-----------+-----------+-----------+----------------+-----------+--------+-----+----+------+
Best-so-far configuration:         103    mean value:      14594.76133
Description of the best-so-far configuration:
    .ID. particles topology modInfluence branching tSchedule phi1 phi2 inertia
103  103       161        4            0        NA        NA  1.3  2.5    0.45
    .PARENT.
103       NA

# 2025-05-18 13:26:25 -04: Elite configurations (first number is the configuration ID; listed from best to worst according to the sum of ranks):
    particles topology modInfluence branching tSchedule phi1 phi2 inertia
103       161        4            0        NA        NA 1.30 2.50    0.45
98         49        4            2        NA        NA 0.21 2.03    0.62
109       168        5            0        NA         9 1.22 1.17    0.31
53         35        1            2        NA        NA 0.85 1.77    0.76
11         88        1            0        NA        NA 0.50 2.20    0.63
# 2025-05-18 13:26:25 -04: Iteration 2 of 5
# experimentsUsed: 776
# remainingBudget: 3224
# currentBudget: 806
# nbConfigurations: 105
# Markers:
     x No test is performed.
     c Configurations are discarded only due to capping.
     - The test is performed and some configurations are discarded.
     = The test is performed but no configuration is discarded.
     ! The test is performed and configurations could be discarded but elite configurations are preserved.
     . All alive configurations are elite and nothing is discarded.

+-+-----------+-----------+-----------+----------------+-----------+--------+-----+----+------+
| |   Instance|      Alive|       Best|       Mean best| Exp so far|  W time|  rho|KenW|  Qvar|
+-+-----------+-----------+-----------+----------------+-----------+--------+-----+----+------+
|x|          8|        105|        168|     100.2801310|        105|00:00:35|   NA|  NA|    NA|
|x|          1|        105|        103|     351.6235576|        205|00:02:51|+0.38|0.69|0.7007|
|x|          6|        105|        103|     236.3249936|        305|00:00:31|+0.45|0.64|0.5257|
|x|          2|        105|        157|     20107.75031|        405|00:00:33|+0.50|0.62|0.4842|
|-|          3|         47|        191|     18563.18926|        505|00:02:06|-0.08|0.14|1.0596|
|=|          5|         47|        191|     15479.69305|        547|00:00:22|-0.08|0.10|1.0307|
|=|          4|         47|        103|     14581.12407|        589|00:00:21|-0.04|0.11|0.9713|
|=|          7|         47|        191|     11645.62197|        631|00:01:21|-0.01|0.12|0.9570|
|=|          9|         47|        103|     12181.38961|        678|00:00:21|+0.04|0.15|0.9148|
+-+-----------+-----------+-----------+----------------+-----------+--------+-----+----+------+
Best-so-far configuration:         103    mean value:      12181.38961
Description of the best-so-far configuration:
    .ID. particles topology modInfluence branching tSchedule phi1 phi2 inertia
103  103       161        4            0        NA        NA  1.3  2.5    0.45
    .PARENT.
103       NA

# 2025-05-18 13:35:28 -04: Elite configurations (first number is the configuration ID; listed from best to worst according to the sum of ranks):
    particles topology modInfluence branching tSchedule phi1 phi2 inertia
103       161        4            0        NA        NA 1.30 2.50    0.45
191        67        1            0        NA        NA 0.81 2.24    0.26
98         49        4            2        NA        NA 0.21 2.03    0.62
151       124        4            0        NA        NA 0.98 2.14    0.48
164       158        4            0        NA        NA 1.67 2.19    0.46
# 2025-05-18 13:35:28 -04: Iteration 3 of 5
# experimentsUsed: 1454
# remainingBudget: 2546
# currentBudget: 848
# nbConfigurations: 89
# Markers:
     x No test is performed.
     c Configurations are discarded only due to capping.
     - The test is performed and some configurations are discarded.
     = The test is performed but no configuration is discarded.
     ! The test is performed and configurations could be discarded but elite configurations are preserved.
     . All alive configurations are elite and nothing is discarded.

+-+-----------+-----------+-----------+----------------+-----------+--------+-----+----+------+
| |   Instance|      Alive|       Best|       Mean best| Exp so far|  W time|  rho|KenW|  Qvar|
+-+-----------+-----------+-----------+----------------+-----------+--------+-----+----+------+
|x|         10|         89|        255|     167.5533811|         89|00:02:34|   NA|  NA|    NA|
|x|          3|         89|        247|     211.1086571|        173|00:01:37|+0.56|0.78|0.4532|
|x|          6|         89|        280|     155.2264486|        257|00:00:12|+0.21|0.47|0.4623|
|x|          5|         89|        280|     123.1341117|        341|00:00:15|+0.36|0.52|0.3891|
|-|          7|         39|        280|     145.3137145|        425|00:02:23|+0.02|0.21|1.0059|
|=|          8|         39|        280|     147.5047984|        459|00:00:04|-0.02|0.15|1.0010|
|=|          4|         39|        247|     128.6984080|        493|00:00:04|-0.00|0.14|0.9685|
|=|          9|         39|        247|     1033.599743|        527|00:00:05|+0.00|0.13|0.9695|
|=|          1|         39|        103|     989.3031409|        561|00:01:04|-0.02|0.09|0.9439|
|=|          2|         39|        103|     10986.69820|        595|00:00:04|-0.01|0.09|0.9197|
|=|         11|         39|        103|     9991.271249|        634|00:00:04|+0.03|0.11|0.8953|
+-+-----------+-----------+-----------+----------------+-----------+--------+-----+----+------+
Best-so-far configuration:         103    mean value:      9991.271249
Description of the best-so-far configuration:
    .ID. particles topology modInfluence branching tSchedule phi1 phi2 inertia
103  103       161        4            0        NA        NA  1.3  2.5    0.45
    .PARENT.
103       NA

# 2025-05-18 13:44:00 -04: Elite configurations (first number is the configuration ID; listed from best to worst according to the sum of ranks):
    particles topology modInfluence branching tSchedule phi1 phi2 inertia
103       161        4            0        NA        NA 1.30 2.50    0.45
151       124        4            0        NA        NA 0.98 2.14    0.48
247        74        4            2        NA        NA 0.08 2.43    0.86
284       122        4            0        NA        NA 0.60 2.29    0.20
295        40        4            2        NA        NA 0.34 2.47    0.77
# 2025-05-18 13:44:00 -04: Iteration 4 of 5
# experimentsUsed: 2088
# remainingBudget: 1912
# currentBudget: 956
# nbConfigurations: 84
# Markers:
     x No test is performed.
     c Configurations are discarded only due to capping.
     - The test is performed and some configurations are discarded.
     = The test is performed but no configuration is discarded.
     ! The test is performed and configurations could be discarded but elite configurations are preserved.
     . All alive configurations are elite and nothing is discarded.

+-+-----------+-----------+-----------+----------------+-----------+--------+-----+----+------+
| |   Instance|      Alive|       Best|       Mean best| Exp so far|  W time|  rho|KenW|  Qvar|
+-+-----------+-----------+-----------+----------------+-----------+--------+-----+----+------+
|x|         12|         84|        373|     841.1555699|         84|00:02:31|   NA|  NA|    NA|
|x|         10|         84|        350|     555.3608851|        163|00:02:15|+0.43|0.71|0.2675|
|x|          4|         84|        376|     386.9249025|        242|00:00:16|+0.41|0.60|0.2847|
|x|          7|         84|        376|     343.7222041|        321|00:02:15|+0.46|0.59|0.2350|
|-|          9|         36|        376|     1746.274417|        400|00:00:16|-0.12|0.10|1.1021|
|=|          2|         36|        376|     26861.65219|        431|00:00:04|-0.13|0.06|1.0881|
|=|          1|         36|        103|     15754.15865|        462|00:00:53|-0.09|0.07|1.0686|
|=|          5|         36|        376|     20272.13291|        493|00:00:05|-0.08|0.05|1.0466|
|=|          6|         36|        103|     12257.09570|        524|00:00:03|-0.05|0.06|1.0199|
|=|         11|         36|        103|     11035.08631|        555|00:00:03|-0.04|0.06|1.0148|
|=|          3|         36|        376|     14768.09114|        586|00:00:36|-0.05|0.05|1.0161|
|=|          8|         36|        103|     9234.434538|        617|00:00:05|-0.04|0.05|1.0111|
|=|         13|         36|        365|     8476.927065|        653|00:00:30|-0.04|0.04|1.0132|
+-+-----------+-----------+-----------+----------------+-----------+--------+-----+----+------+
Best-so-far configuration:         365    mean value:      8476.927065
Description of the best-so-far configuration:
    .ID. particles topology modInfluence branching tSchedule phi1 phi2 inertia
365  365        95        4            0        NA        NA 1.22 2.27    0.46
    .PARENT.
365      151

# 2025-05-18 13:53:58 -04: Elite configurations (first number is the configuration ID; listed from best to worst according to the sum of ranks):
    particles topology modInfluence branching tSchedule phi1 phi2 inertia
365        95        4            0        NA        NA 1.22 2.27    0.46
327       150        4            0        NA        NA 1.45 2.49    0.51
103       161        4            0        NA        NA 1.30 2.50    0.45
341       143        4            0        NA        NA 1.67 2.49    0.46
363        95        4            0        NA        NA 1.02 2.36    0.50
# 2025-05-18 13:53:58 -04: Iteration 5 of 5
# experimentsUsed: 2741
# remainingBudget: 1259
# currentBudget: 1259
# nbConfigurations: 94
# Markers:
     x No test is performed.
     c Configurations are discarded only due to capping.
     - The test is performed and some configurations are discarded.
     = The test is performed but no configuration is discarded.
     ! The test is performed and configurations could be discarded but elite configurations are preserved.
     . All alive configurations are elite and nothing is discarded.

+-+-----------+-----------+-----------+----------------+-----------+--------+-----+----+------+
| |   Instance|      Alive|       Best|       Mean best| Exp so far|  W time|  rho|KenW|  Qvar|
+-+-----------+-----------+-----------+----------------+-----------+--------+-----+----+------+
|x|         14|         94|        408|     112.0961242|         94|00:00:11|   NA|  NA|    NA|
|x|          3|         94|        425|     178.0906699|        183|00:01:41|+0.23|0.61|0.2248|
|x|          8|         94|        403|     170.8504659|        272|00:00:11|-0.03|0.31|0.3646|
|x|         12|         94|        365|     354.7636993|        361|00:02:36|+0.06|0.29|0.3244|
|=|          2|         94|        403|     12048.88981|        450|00:00:10|+0.02|0.21|0.4435|
|=|          7|         94|        363|     8438.339015|        539|00:02:33|+0.04|0.20|0.3856|
|=|         13|         94|        363|     7237.132030|        628|00:01:10|+0.04|0.17|0.5347|
|=|          1|         94|        363|     6404.082367|        717|00:02:33|+0.02|0.14|0.5500|
|=|          9|         94|        363|     6516.926644|        806|00:00:12|+0.03|0.14|0.5118|
|-|          4|         67|        424|     10380.66245|        895|00:00:11|-0.06|0.04|1.0281|
|=|          6|         67|        424|     9437.493463|        957|00:00:06|-0.05|0.05|1.0262|
|=|          5|         67|        424|     8653.272725|       1019|00:00:09|-0.04|0.04|1.0115|
|=|         11|         67|        408|     9570.831252|       1081|00:00:06|-0.04|0.04|1.0013|
|=|         10|         67|        408|     8903.452719|       1143|00:01:44|-0.02|0.05|0.9897|
|=|         15|         67|        363|     3965.056749|       1210|00:01:54|-0.03|0.04|0.9941|
+-+-----------+-----------+-----------+----------------+-----------+--------+-----+----+------+
Best-so-far configuration:         363    mean value:      3965.056749
Description of the best-so-far configuration:
    .ID. particles topology modInfluence branching tSchedule phi1 phi2 inertia
363  363        95        4            0        NA        NA 1.02 2.36     0.5
    .PARENT.
363      151

# 2025-05-18 14:09:33 -04: Elite configurations (first number is the configuration ID; listed from best to worst according to the sum of ranks):
    particles topology modInfluence branching tSchedule phi1 phi2 inertia
363        95        4            0        NA        NA 1.02 2.36    0.50
408       157        4            0        NA        NA 1.29 2.43    0.56
475       156        4            0        NA        NA 1.38 2.44    0.52
476       100        4            0        NA        NA 1.18 2.28    0.49
365        95        4            0        NA        NA 1.22 2.27    0.46
# 2025-05-18 14:09:33 -04: Iteration 6 of 6
# experimentsUsed: 3951
# remainingBudget: 49
# currentBudget: 49
# nbConfigurations: 7
# Markers:
     x No test is performed.
     c Configurations are discarded only due to capping.
     - The test is performed and some configurations are discarded.
     = The test is performed but no configuration is discarded.
     ! The test is performed and configurations could be discarded but elite configurations are preserved.
     . All alive configurations are elite and nothing is discarded.

+-+-----------+-----------+-----------+----------------+-----------+--------+-----+----+------+
| |   Instance|      Alive|       Best|       Mean best| Exp so far|  W time|  rho|KenW|  Qvar|
+-+-----------+-----------+-----------+----------------+-----------+--------+-----+----+------+
|x|         16|          7|        365|     113.9198088|          7|00:00:00|   NA|  NA|    NA|
|x|          1|          7|        365|     337.6390223|          9|00:00:12|+0.75|0.88|0.3958|
|x|          6|          7|        365|     226.7768553|         11|00:00:00|+0.74|0.83|0.3553|
|x|          4|          7|        365|     182.5200868|         13|00:00:01|+0.27|0.46|0.6171|
|=|         11|          7|        365|     154.0380951|         15|00:00:00|+0.08|0.26|0.7804|
|=|          3|          7|        365|     167.5741531|         17|00:00:08|+0.09|0.24|0.8120|
|=|          9|          7|        365|     1212.539130|         19|00:00:00|+0.04|0.18|0.8380|
|=|         13|          7|        475|     1059.414343|         21|00:00:05|-0.02|0.11|0.8892|
|=|          5|          7|        475|     944.6599500|         23|00:00:00|-0.09|0.03|0.9097|
|=|         15|          7|        475|     897.9137560|         25|00:00:11|-0.05|0.05|0.9152|
|=|         12|          7|        475|     898.9482144|         27|00:00:12|-0.07|0.02|0.9301|
|=|         10|          7|        365|     844.0750336|         29|00:00:12|-0.06|0.03|0.9155|
|=|          7|          7|        475|     796.8653349|         31|00:00:12|-0.05|0.03|0.9087|
|=|          8|          7|        475|     749.9031505|         33|00:00:01|-0.02|0.05|0.8998|
|=|          2|          7|        475|     7942.730830|         35|00:00:01|-0.01|0.06|0.8934|
|=|         14|          7|        365|     6933.088687|         37|00:00:00|-0.02|0.04|0.8968|
|=|         17|          7|        476|     5627.616161|         44|00:00:01|-0.01|0.05|0.8884|
+-+-----------+-----------+-----------+----------------+-----------+--------+-----+----+------+
Best-so-far configuration:         476    mean value:      5627.616161
Description of the best-so-far configuration:
    .ID. particles topology modInfluence branching tSchedule phi1 phi2 inertia
476  476       100        4            0        NA        NA 1.18 2.28    0.49
    .PARENT.
476      365

# 2025-05-18 14:10:57 -04: Elite configurations (first number is the configuration ID; listed from best to worst according to the sum of ranks):
    particles topology modInfluence branching tSchedule phi1 phi2 inertia
476       100        4            0        NA        NA 1.18 2.28    0.49
365        95        4            0        NA        NA 1.22 2.27    0.46
475       156        4            0        NA        NA 1.38 2.44    0.52
408       157        4            0        NA        NA 1.29 2.43    0.56
363        95        4            0        NA        NA 1.02 2.36    0.50
# 2025-05-18 14:10:57 -04: Stopped because there is not enough budget left to race more than the minimum (5).
# You may either increase the budget or set 'minNbSurvival' to a lower value.
# Iteration: 7
# nbIterations: 7
# experimentsUsed: 3995
# timeUsed: 0
# remainingBudget: 5
# currentBudget: 5
# number of elites: 5
# nbConfigurations: 5
# Total CPU user time: 24093.61, CPU sys time: 158.039, Wall-clock time: 3375.179
# 2025-05-18 14:10:57 -04: Starting post-selection:
# Configurations selected: 476, 365, 475, 408, 363.
# Pending instances: 0, 0, 0, 0, 0.
# 2025-05-18 14:10:57 -04: seed: 1307045933
# Configurations: 5
# Available experiments: 5
# minSurvival: 1
# Markers:
     x No test is performed.
     c Configurations are discarded only due to capping.
     - The test is performed and some configurations are discarded.
     = The test is performed but no configuration is discarded.
     ! The test is performed and configurations could be discarded but elite configurations are preserved.
     . All alive configurations are elite and nothing is discarded.

+-+-----------+-----------+-----------+----------------+-----------+--------+-----+----+------+
| |   Instance|      Alive|       Best|       Mean best| Exp so far|  W time|  rho|KenW|  Qvar|
+-+-----------+-----------+-----------+----------------+-----------+--------+-----+----+------+
|.|          4|          5|        365|     49.74978143|          0|00:00:00|   NA|  NA|    NA|
|.|         16|          5|        365|     81.83479510|          0|00:00:00|+0.30|0.65|0.5018|
|.|          8|          5|        365|     99.72720238|          0|00:00:00|+0.60|0.73|0.4092|
|.|         17|          5|        365|     95.67478866|          0|00:00:00|+0.30|0.47|0.5743|
|.|          1|          5|        365|     188.8114781|          0|00:00:00|+0.30|0.44|0.5467|
|.|          5|          5|        365|     162.7774888|          0|00:00:00|-0.01|0.16|0.7769|
|.|          6|          5|        365|     140.2453506|          0|00:00:00|+0.06|0.19|0.7228|
|.|          7|          5|        365|     154.7642322|          0|00:00:00|+0.03|0.15|0.7234|
|.|          9|          5|        365|     968.9380945|          0|00:00:00|+0.03|0.14|0.7354|
|.|         12|          5|        365|     963.0282655|          0|00:00:00|-0.01|0.09|0.7804|
|.|         10|          5|        365|     892.6564552|          0|00:00:00|-0.02|0.07|0.7908|
|.|         15|          5|        365|     858.0183182|          0|00:00:00|+0.01|0.09|0.7776|
|.|         11|          5|        365|     795.1023036|          0|00:00:00|-0.01|0.07|0.7951|
|.|          2|          5|        365|     7900.463685|          0|00:00:00|-0.03|0.05|0.8208|
|.|          3|          5|        365|     7389.449735|          0|00:00:00|-0.02|0.05|0.8280|
|.|         13|          5|        365|     6929.655501|          0|00:00:00|-0.04|0.02|0.8395|
|.|         14|          5|        365|     6530.172738|          0|00:00:00|-0.05|0.01|0.8442|
|=|         18|          5|        365|     6168.136416|          5|00:00:01|-0.05|0.01|0.8438|
+-+-----------+-----------+-----------+----------------+-----------+--------+-----+----+------+
Best-so-far configuration:         365    mean value:      6168.136416
Description of the best-so-far configuration:
    .ID. particles topology modInfluence branching tSchedule phi1 phi2 inertia
365  365        95        4            0        NA        NA 1.22 2.27    0.46
    .PARENT.
365      151

# 2025-05-18 14:10:58 -04: Elite configurations (first number is the configuration ID; listed from best to worst according to the sum of ranks):
    particles topology modInfluence branching tSchedule phi1 phi2 inertia
365        95        4            0        NA        NA 1.22 2.27    0.46
475       156        4            0        NA        NA 1.38 2.44    0.52
408       157        4            0        NA        NA 1.29 2.43    0.56
476       100        4            0        NA        NA 1.18 2.28    0.49
363        95        4            0        NA        NA 1.02 2.36    0.50
# Total CPU user time: 24098.04, CPU sys time: 158.175, Wall-clock time: 3376.411
    .ID. particles topology modInfluence branching tSchedule phi1 phi2 inertia
365  365        95        4            0        NA        NA 1.22 2.27    0.46
475  475       156        4            0        NA        NA 1.38 2.44    0.52
408  408       157        4            0        NA        NA 1.29 2.43    0.56
476  476       100        4            0        NA        NA 1.18 2.28    0.49
363  363        95        4            0        NA        NA 1.02 2.36    0.50
    .PARENT. .RANK.   .WEIGHT.
365      151     51 0.33333333
475      327     53 0.26666667
408      327     54 0.20000000
476      365     55 0.13333333
363      151     57 0.06666667
