# 2025-06-14 15:44:51 -04: Reading parameter file '/home/dianag/PruebasPablo/irace-independent-executions/PSO-X/Scenarios/E9-BL-Unimodal-N/Runs/E9-BL-Unimodal-N_seed_731073107/parameters.txt'.
# 2025-06-14 15:44:51 -04: 2 expression(s) specifying forbidden configurations read.
# 2025-06-14 15:44:52 -04: Initialization
# Elitist race
# Elitist new instances: 1
# Elitist limit: 2
# nbIterations: 5
# minNbSurvival: 5
# nbParameters: 8
# seed: 731073107
# confidence level: 0.95
# budget: 2000
# mu: 5
# deterministic: FALSE

# 2025-06-14 15:44:52 -04: Iteration 1 of 5
# experimentsUsed: 0
# remainingBudget: 2000
# currentBudget: 400
# nbConfigurations: 66
# Markers:
     x No test is performed.
     c Configurations are discarded only due to capping.
     - The test is performed and some configurations are discarded.
     = The test is performed but no configuration is discarded.
     ! The test is performed and configurations could be discarded but elite configurations are preserved.
     . All alive configurations are elite and nothing is discarded.

+-+-----------+-----------+-----------+----------------+-----------+--------+-----+----+------+
| |   Instance|      Alive|       Best|       Mean best| Exp so far|  W time|  rho|KenW|  Qvar|
+-+-----------+-----------+-----------+----------------+-----------+--------+-----+----+------+
|x|          1|         66|         62|     713319.7473|         66|00:00:20|   NA|  NA|    NA|
|x|          2|         66|         54|     446028.1115|        132|00:00:19|+0.69|0.84|0.5454|
|x|          3|         66|         48|     589409.4304|        198|00:00:19|+0.39|0.60|0.9091|
|x|          4|         66|         13|     692195.1438|        264|00:00:20|+0.41|0.56|0.7865|
|-|          5|         27|         13|     553756.4161|        330|00:00:19|-0.06|0.15|0.8659|
|=|          6|         27|         48|     294735.9325|        357|00:00:16|+0.04|0.20|0.8632|
|-|          7|         12|         48|     252631.1806|        384|00:00:16|+0.07|0.21|0.8465|
|=|          8|         12|         62|     93868.26095|        396|00:00:03|+0.11|0.22|0.8150|
+-+-----------+-----------+-----------+----------------+-----------+--------+-----+----+------+
Best-so-far configuration:          62    mean value:      93868.26095
Description of the best-so-far configuration:
   .ID. particles topology modInfluence branching tSchedule phi1 phi2 inertia
62   62         7        0            1        NA        NA 2.49 1.74    0.08
   .PARENT.
62       NA

# 2025-06-14 15:47:09 -04: Elite configurations (first number is the configuration ID; listed from best to worst according to the sum of ranks):
   particles topology modInfluence branching tSchedule phi1 phi2 inertia
62         7        0            1        NA        NA 2.49 1.74    0.08
48        11        1            0        NA        NA 0.95 2.11    0.49
37         5        4            2        NA        NA 1.65 1.41    0.02
54        74        0            0        NA        NA 0.17 1.95    0.55
43        18        1            1        NA        NA 1.50 0.94    0.30
# 2025-06-14 15:47:09 -04: Iteration 2 of 5
# experimentsUsed: 396
# remainingBudget: 1604
# currentBudget: 401
# nbConfigurations: 49
# Markers:
     x No test is performed.
     c Configurations are discarded only due to capping.
     - The test is performed and some configurations are discarded.
     = The test is performed but no configuration is discarded.
     ! The test is performed and configurations could be discarded but elite configurations are preserved.
     . All alive configurations are elite and nothing is discarded.

+-+-----------+-----------+-----------+----------------+-----------+--------+-----+----+------+
| |   Instance|      Alive|       Best|       Mean best| Exp so far|  W time|  rho|KenW|  Qvar|
+-+-----------+-----------+-----------+----------------+-----------+--------+-----+----+------+
|x|          9|         49|         54|     10385.74499|         49|00:00:10|   NA|  NA|    NA|
|x|          5|         49|         68|     13336.76446|         93|00:00:11|-0.03|0.49|0.8319|
|x|          3|         49|        103|     10684.01331|        137|00:00:10|+0.23|0.49|0.5842|
|x|          4|         49|        103|     8045.818121|        181|00:00:11|+0.26|0.45|0.5682|
|-|          8|         24|        103|     6436.750074|        225|00:00:11|-0.05|0.16|0.7419|
|=|          2|         24|        103|     16068.06720|        244|00:00:06|-0.05|0.13|0.7926|
|=|          1|         24|        110|     201162.1137|        263|00:00:07|-0.02|0.13|0.8001|
|=|          6|         24|        110|     176016.9728|        282|00:00:05|+0.03|0.15|0.8078|
|-|          7|         15|        110|     156459.6785|        301|00:00:06|-0.01|0.10|0.9367|
|=|         10|         15|        110|     227594.9419|        316|00:00:05|+0.01|0.11|0.9392|
|=|         11|         15|        110|     206919.5996|        331|00:00:05|+0.01|0.10|0.9239|
+-+-----------+-----------+-----------+----------------+-----------+--------+-----+----+------+
Best-so-far configuration:         110    mean value:      206919.5996
Description of the best-so-far configuration:
    .ID. particles topology modInfluence branching tSchedule phi1 phi2 inertia
110  110        42        0            0        NA        NA 1.62 2.12    0.26
    .PARENT.
110       62

# 2025-06-14 15:48:41 -04: Elite configurations (first number is the configuration ID; listed from best to worst according to the sum of ranks):
    particles topology modInfluence branching tSchedule phi1 phi2 inertia
110        42        0            0        NA        NA 1.62 2.12    0.26
62          7        0            1        NA        NA 2.49 1.74    0.08
103        82        0            0        NA        NA 1.89 1.31    0.05
85         16        0            1        NA        NA 1.54 1.04    0.35
37          5        4            2        NA        NA 1.65 1.41    0.02
# 2025-06-14 15:48:41 -04: Iteration 3 of 5
# experimentsUsed: 727
# remainingBudget: 1273
# currentBudget: 424
# nbConfigurations: 39
# Markers:
     x No test is performed.
     c Configurations are discarded only due to capping.
     - The test is performed and some configurations are discarded.
     = The test is performed but no configuration is discarded.
     ! The test is performed and configurations could be discarded but elite configurations are preserved.
     . All alive configurations are elite and nothing is discarded.

+-+-----------+-----------+-----------+----------------+-----------+--------+-----+----+------+
| |   Instance|      Alive|       Best|       Mean best| Exp so far|  W time|  rho|KenW|  Qvar|
+-+-----------+-----------+-----------+----------------+-----------+--------+-----+----+------+
|x|         12|         39|        125|     68.80481772|         39|00:00:13|   NA|  NA|    NA|
|x|          9|         39|        125|     18922.06618|         73|00:00:12|+0.37|0.69|0.5103|
|x|          8|         39|        110|     14378.18344|        107|00:00:12|+0.29|0.53|0.3977|
|x|          2|         39|        110|     18980.02000|        141|00:00:12|+0.44|0.58|0.3429|
|-|         10|         22|        110|     188746.4784|        175|00:00:12|-0.10|0.12|0.9650|
|=|          3|         22|        110|     157289.2638|        192|00:00:05|-0.11|0.07|0.9586|
|=|          4|         22|        110|     134844.2713|        209|00:00:05|-0.09|0.07|0.9247|
|=|          1|         22|        110|     284505.5942|        226|00:00:04|-0.06|0.07|0.8953|
|=|         11|         22|        110|     252912.3256|        243|00:00:05|-0.03|0.08|0.8799|
|=|          7|         22|        110|     227621.2255|        260|00:00:05|-0.02|0.08|0.8502|
|=|          5|         22|        110|     206928.4358|        277|00:00:04|+0.00|0.09|0.8498|
|=|          6|         22|         62|     121248.5628|        294|00:00:05|+0.04|0.12|0.8296|
|-|         13|         14|         62|     111922.6308|        316|00:00:05|+0.01|0.09|0.9189|
|=|         14|         14|         62|     146665.2978|        330|00:00:02|+0.03|0.10|0.9019|
|-|         15|          6|         62|     136887.6279|        344|00:00:02|+0.05|0.12|0.7734|
|=|         16|          6|         62|     128347.6147|        350|00:00:01|+0.01|0.07|0.8108|
|=|         17|          6|         62|     120797.7814|        356|00:00:01|+0.03|0.09|0.7870|
+-+-----------+-----------+-----------+----------------+-----------+--------+-----+----+------+
Best-so-far configuration:          62    mean value:      120797.7814
Description of the best-so-far configuration:
   .ID. particles topology modInfluence branching tSchedule phi1 phi2 inertia
62   62         7        0            1        NA        NA 2.49 1.74    0.08
   .PARENT.
62       NA

# 2025-06-14 15:50:33 -04: Elite configurations (first number is the configuration ID; listed from best to worst according to the sum of ranks):
    particles topology modInfluence branching tSchedule phi1 phi2 inertia
62          7        0            1        NA        NA 2.49 1.74    0.08
124         6        0            0        NA        NA 2.27 1.85    0.12
110        42        0            0        NA        NA 1.62 2.12    0.26
37          5        4            2        NA        NA 1.65 1.41    0.02
135        47        0            0        NA        NA 1.10 2.11    0.06
# 2025-06-14 15:50:33 -04: Iteration 4 of 5
# experimentsUsed: 1083
# remainingBudget: 917
# currentBudget: 458
# nbConfigurations: 30
# Markers:
     x No test is performed.
     c Configurations are discarded only due to capping.
     - The test is performed and some configurations are discarded.
     = The test is performed but no configuration is discarded.
     ! The test is performed and configurations could be discarded but elite configurations are preserved.
     . All alive configurations are elite and nothing is discarded.

+-+-----------+-----------+-----------+----------------+-----------+--------+-----+----+------+
| |   Instance|      Alive|       Best|       Mean best| Exp so far|  W time|  rho|KenW|  Qvar|
+-+-----------+-----------+-----------+----------------+-----------+--------+-----+----+------+
|x|         18|         30|        166|     541646.4828|         30|00:00:08|   NA|  NA|    NA|
|x|         13|         30|         62|     286778.6876|         55|00:00:07|+0.51|0.75|0.0000|
|x|          3|         30|        164|     207345.4358|         80|00:00:07|+0.25|0.50|0.6182|
|x|         14|         30|        164|     298405.0743|        105|00:00:07|+0.21|0.41|0.4638|
|-|          7|         13|        164|     238724.2266|        130|00:00:08|+0.19|0.35|0.7313|
|-|         12|         10|        145|     202436.7864|        138|00:00:01|+0.29|0.41|0.6565|
|!|          8|         10|        145|     173517.3106|        143|00:00:01|+0.19|0.31|0.7366|
|=|         16|         10|        145|     151853.7615|        148|00:00:02|+0.04|0.16|0.8715|
|=|          2|         10|        145|     137910.5406|        153|00:00:01|+0.02|0.13|0.8850|
|=|          4|         10|        145|     124139.5892|        158|00:00:01|+0.01|0.11|0.9061|
|=|          9|         10|        145|     124924.0333|        163|00:00:01|+0.01|0.10|0.9274|
|=|          6|         10|        145|     114513.7597|        168|00:00:01|+0.00|0.09|0.9049|
|=|          5|         10|        145|     105705.0442|        173|00:00:01|-0.01|0.07|0.9020|
|=|         17|         10|        145|     98154.71409|        178|00:00:01|+0.02|0.09|0.8734|
|=|          1|         10|        145|     128039.6673|        183|00:00:01|+0.04|0.11|0.8459|
|-|         10|          9|        145|     157765.9794|        188|00:00:01|+0.07|0.13|0.8262|
|=|         11|          9|        145|     148497.8924|        192|00:00:01|+0.06|0.11|0.8306|
|-|         15|          5|        145|     140248.0234|        196|00:00:01|+0.01|0.07|0.8178|
+-+-----------+-----------+-----------+----------------+-----------+--------+-----+----+------+
Best-so-far configuration:         145    mean value:      140248.0234
Description of the best-so-far configuration:
    .ID. particles topology modInfluence branching tSchedule phi1 phi2 inertia
145  145         4        0            1        NA        NA 2.47 1.43    0.02
    .PARENT.
145       62

# 2025-06-14 15:51:36 -04: Elite configurations (first number is the configuration ID; listed from best to worst according to the sum of ranks):
    particles topology modInfluence branching tSchedule phi1 phi2 inertia
145         4        0            1        NA        NA 2.47 1.43    0.02
152         5        0            1        NA        NA 2.43 2.06    0.05
164         7        0            1        NA        NA 2.08 2.30    0.12
62          7        0            1        NA        NA 2.49 1.74    0.08
124         6        0            0        NA        NA 2.27 1.85    0.12
# 2025-06-14 15:51:36 -04: Iteration 5 of 5
# experimentsUsed: 1279
# remainingBudget: 721
# currentBudget: 721
# nbConfigurations: 42
# Markers:
     x No test is performed.
     c Configurations are discarded only due to capping.
     - The test is performed and some configurations are discarded.
     = The test is performed but no configuration is discarded.
     ! The test is performed and configurations could be discarded but elite configurations are preserved.
     . All alive configurations are elite and nothing is discarded.

+-+-----------+-----------+-----------+----------------+-----------+--------+-----+----+------+
| |   Instance|      Alive|       Best|       Mean best| Exp so far|  W time|  rho|KenW|  Qvar|
+-+-----------+-----------+-----------+----------------+-----------+--------+-----+----+------+
|x|         19|         42|        183|     9.645833628|         42|00:00:09|   NA|  NA|    NA|
|x|          8|         42|        171|     5.723520652|         79|00:00:08|+0.00|0.50|0.7046|
|x|         13|         42|        184|     7.058998965|        116|00:00:08|+0.13|0.42|0.7152|
|x|          3|         42|        184|     5.931486244|        153|00:00:07|+0.13|0.35|0.8390|
|-|          9|         27|        184|     13625.93220|        190|00:00:08|-0.02|0.19|0.9284|
|=|         14|         27|        184|     224425.8509|        212|00:00:05|-0.04|0.13|0.9566|
|=|         11|         27|        184|     192393.6021|        234|00:00:06|-0.03|0.12|0.9560|
|=|          6|         27|        181|     116197.0743|        256|00:00:05|+0.01|0.13|0.9238|
|=|         17|         27|        184|     149639.5924|        278|00:00:05|+0.03|0.13|0.9199|
|=|          4|         27|        184|     134695.4104|        300|00:00:05|+0.04|0.13|0.9211|
|=|          2|         27|        184|     131509.2304|        322|00:00:05|+0.05|0.14|0.9069|
|-|          5|         19|        184|     120550.1648|        344|00:00:06|-0.05|0.03|0.9775|
|=|         12|         19|        181|     75225.71162|        358|00:00:04|-0.04|0.04|0.9501|
|=|          7|         19|        181|     69852.48501|        372|00:00:03|-0.03|0.05|0.9275|
|=|         10|         19|        181|     105043.6880|        386|00:00:03|-0.03|0.04|0.9405|
|=|         16|         19|        184|     124316.8444|        400|00:00:03|-0.03|0.03|0.9492|
|=|         15|         19|        145|     78500.77375|        414|00:00:03|-0.02|0.04|0.9306|
|=|          1|         19|        145|     104496.7870|        428|00:00:03|-0.01|0.05|0.9097|
|=|         18|         19|        145|     132867.1719|        442|00:00:03|-0.01|0.04|0.9171|
|=|         20|         19|        145|     128811.6235|        461|00:00:04|-0.01|0.04|0.9144|
+-+-----------+-----------+-----------+----------------+-----------+--------+-----+----+------+
Best-so-far configuration:         145    mean value:      128811.6235
Description of the best-so-far configuration:
    .ID. particles topology modInfluence branching tSchedule phi1 phi2 inertia
145  145         4        0            1        NA        NA 2.47 1.43    0.02
    .PARENT.
145       62

# 2025-06-14 15:53:30 -04: Elite configurations (first number is the configuration ID; listed from best to worst according to the sum of ranks):
    particles topology modInfluence branching tSchedule phi1 phi2 inertia
145         4        0            1        NA        NA 2.47 1.43    0.02
181         9        0            1        NA        NA 2.29 1.90    0.04
184        13        0            1        NA        NA 2.42 1.81    0.08
152         5        0            1        NA        NA 2.43 2.06    0.05
62          7        0            1        NA        NA 2.49 1.74    0.08
# 2025-06-14 15:53:30 -04: Iteration 6 of 6
# experimentsUsed: 1740
# remainingBudget: 260
# currentBudget: 260
# nbConfigurations: 17
# Markers:
     x No test is performed.
     c Configurations are discarded only due to capping.
     - The test is performed and some configurations are discarded.
     = The test is performed but no configuration is discarded.
     ! The test is performed and configurations could be discarded but elite configurations are preserved.
     . All alive configurations are elite and nothing is discarded.

+-+-----------+-----------+-----------+----------------+-----------+--------+-----+----+------+
| |   Instance|      Alive|       Best|       Mean best| Exp so far|  W time|  rho|KenW|  Qvar|
+-+-----------+-----------+-----------+----------------+-----------+--------+-----+----+------+
|x|         21|         17|        213|     48202.31751|         17|00:00:04|   NA|  NA|    NA|
|x|         13|         17|        145|     26085.14685|         29|00:00:03|-0.01|0.50|0.8365|
|x|         12|         17|        145|     17407.76230|         41|00:00:03|+0.33|0.55|0.7763|
|x|         11|         17|        145|     13107.94692|         53|00:00:04|+0.14|0.35|0.8561|
|-|         15|          9|        145|     10486.40748|         65|00:00:03|-0.02|0.18|0.7936|
|=|          3|          9|        145|     8755.131977|         69|00:00:01|-0.08|0.10|0.8422|
|=|         20|          9|        145|     14898.14222|         73|00:00:01|-0.05|0.10|0.8545|
|=|         18|          9|        145|     93477.63685|         77|00:00:01|-0.04|0.09|0.9164|
|=|          2|          9|        145|     86020.65201|         81|00:00:02|-0.00|0.11|0.8621|
|=|          8|          9|        145|     77418.63236|         85|00:00:01|+0.02|0.12|0.8356|
|=|         10|          9|        145|     125258.8168|         89|00:00:01|+0.03|0.12|0.8339|
|=|          1|          9|        145|     160356.3331|         93|00:00:01|+0.05|0.13|0.8081|
|=|         17|          9|        145|     148021.2631|         97|00:00:01|+0.07|0.14|0.7980|
|=|          7|          9|        145|     137448.3546|        101|00:00:01|+0.07|0.13|0.7867|
|-|          5|          8|        145|     128285.1615|        105|00:00:01|-0.01|0.06|0.8514|
|=|         14|          8|        145|     155950.1004|        108|00:00:01|+0.01|0.07|0.8310|
|=|          6|          8|        145|     146776.6092|        111|00:00:01|-0.00|0.06|0.8312|
|=|          9|          8|        145|     145998.3796|        114|00:00:01|-0.02|0.04|0.8536|
|=|         16|          8|        145|     138325.2500|        117|00:00:01|-0.02|0.03|0.8657|
|=|         19|          8|        145|     131409.5797|        120|00:00:01|-0.02|0.03|0.8824|
|=|          4|          8|        145|     125161.5534|        123|00:00:01|-0.02|0.03|0.8824|
|=|         22|          8|        145|     167235.1871|        131|00:00:01|-0.01|0.03|0.8725|
+-+-----------+-----------+-----------+----------------+-----------+--------+-----+----+------+
Best-so-far configuration:         145    mean value:      167235.1871
Description of the best-so-far configuration:
    .ID. particles topology modInfluence branching tSchedule phi1 phi2 inertia
145  145         4        0            1        NA        NA 2.47 1.43    0.02
    .PARENT.
145       62

# 2025-06-14 15:54:15 -04: Elite configurations (first number is the configuration ID; listed from best to worst according to the sum of ranks):
    particles topology modInfluence branching tSchedule phi1 phi2 inertia
145         4        0            1        NA        NA 2.47 1.43    0.02
213         4        0            1        NA        NA 2.41 1.52    0.12
181         9        0            1        NA        NA 2.29 1.90    0.04
184        13        0            1        NA        NA 2.42 1.81    0.08
152         5        0            1        NA        NA 2.43 2.06    0.05
# 2025-06-14 15:54:15 -04: Iteration 7 of 7
# experimentsUsed: 1871
# remainingBudget: 129
# currentBudget: 129
# nbConfigurations: 10
# Markers:
     x No test is performed.
     c Configurations are discarded only due to capping.
     - The test is performed and some configurations are discarded.
     = The test is performed but no configuration is discarded.
     ! The test is performed and configurations could be discarded but elite configurations are preserved.
     . All alive configurations are elite and nothing is discarded.

+-+-----------+-----------+-----------+----------------+-----------+--------+-----+----+------+
| |   Instance|      Alive|       Best|       Mean best| Exp so far|  W time|  rho|KenW|  Qvar|
+-+-----------+-----------+-----------+----------------+-----------+--------+-----+----+------+
|x|         23|         10|        213|    0.2264389910|         10|00:00:03|   NA|  NA|    NA|
|x|         13|         10|        145|     5.196471635|         15|00:00:03|+0.05|0.53|0.5675|
|x|         19|         10|        184|     11.16444515|         20|00:00:02|-0.09|0.28|0.8648|
|x|         11|         10|        184|     58.40067190|         25|00:00:03|-0.08|0.19|0.8628|
|=|          2|         10|        145|     5319.102221|         30|00:00:02|-0.00|0.20|0.8019|
|=|          7|         10|        181|     8048.436966|         35|00:00:03|+0.12|0.26|0.6945|
|=|          5|         10|        181|     6898.722315|         40|00:00:03|+0.11|0.24|0.7240|
|=|          3|         10|        181|     6036.745854|         45|00:00:03|+0.02|0.14|0.8033|
|=|         17|         10|        184|     11098.36157|         50|00:00:03|+0.03|0.14|0.8126|
|=|         12|         10|        145|     2674.868400|         55|00:00:03|+0.08|0.17|0.7616|
|=|          9|         10|        181|     10046.79596|         60|00:00:03|+0.05|0.14|0.8013|
|-|         20|          8|        181|     12351.30150|         65|00:00:04|-0.02|0.07|0.8628|
|=|          4|          8|        181|     11416.50265|         68|00:00:02|-0.02|0.06|0.8520|
|=|         21|          8|        181|     14822.55995|         71|00:00:02|-0.01|0.07|0.8443|
|=|         22|          8|        181|     86156.94181|         74|00:00:02|+0.02|0.09|0.8128|
|=|          1|          8|        145|     116302.8155|         77|00:00:02|+0.05|0.11|0.7840|
|=|          8|          8|        181|     131964.0368|         80|00:00:02|+0.06|0.11|0.7741|
|=|         10|          8|        181|     157839.3975|         83|00:00:02|+0.05|0.10|0.7928|
|-|          6|          5|        181|     149532.0893|         86|00:00:02|-0.02|0.03|0.7986|
|.|         16|          5|        181|     142068.0995|         86|00:00:00|-0.02|0.03|0.8106|
|.|         15|          5|        181|     135303.0433|         86|00:00:00|-0.03|0.02|0.8003|
|.|         14|          5|        181|     168572.0141|         86|00:00:00|-0.02|0.03|0.7916|
|.|         18|          5|        181|     188442.4000|         86|00:00:00|-0.02|0.02|0.8050|
+-+-----------+-----------+-----------+----------------+-----------+--------+-----+----+------+
Best-so-far configuration:         181    mean value:      188442.4000
Description of the best-so-far configuration:
    .ID. particles topology modInfluence branching tSchedule phi1 phi2 inertia
181  181         9        0            1        NA        NA 2.29  1.9    0.04
    .PARENT.
181      152

# 2025-06-14 15:55:10 -04: Elite configurations (first number is the configuration ID; listed from best to worst according to the sum of ranks):
    particles topology modInfluence branching tSchedule phi1 phi2 inertia
181         9        0            1        NA        NA 2.29 1.90    0.04
213         4        0            1        NA        NA 2.41 1.52    0.12
145         4        0            1        NA        NA 2.47 1.43    0.02
184        13        0            1        NA        NA 2.42 1.81    0.08
152         5        0            1        NA        NA 2.43 2.06    0.05
# 2025-06-14 15:55:10 -04: Iteration 8 of 8
# experimentsUsed: 1957
# remainingBudget: 43
# currentBudget: 43
# nbConfigurations: 6
# Markers:
     x No test is performed.
     c Configurations are discarded only due to capping.
     - The test is performed and some configurations are discarded.
     = The test is performed but no configuration is discarded.
     ! The test is performed and configurations could be discarded but elite configurations are preserved.
     . All alive configurations are elite and nothing is discarded.

+-+-----------+-----------+-----------+----------------+-----------+--------+-----+----+------+
| |   Instance|      Alive|       Best|       Mean best| Exp so far|  W time|  rho|KenW|  Qvar|
+-+-----------+-----------+-----------+----------------+-----------+--------+-----+----+------+
|x|         24|          6|        152|     55.88776281|          6|00:00:03|   NA|  NA|    NA|
|x|         22|          6|        213|     454281.7067|          7|00:00:03|+0.66|0.83|0.0114|
|x|         15|          6|        213|     302854.5595|          8|00:00:02|+0.73|0.82|0.0213|
|x|         14|          6|        213|     362699.0452|          9|00:00:03|+0.79|0.84|0.0333|
|-|         18|          5|        213|     414433.2930|         10|00:00:03|+0.18|0.34|0.6239|
|.|          8|          5|        213|     345361.1524|         10|00:00:00|+0.05|0.21|0.6893|
|.|         20|          5|        213|     302932.6478|         10|00:00:00|+0.01|0.15|0.7259|
|.|         12|          5|        213|     265073.2516|         10|00:00:00|+0.06|0.18|0.6573|
|.|         10|          5|        213|     304276.8649|         10|00:00:00|-0.03|0.08|0.7728|
|.|         13|          5|        213|     273850.3102|         10|00:00:00|-0.04|0.06|0.7951|
|.|          7|          5|        213|     248954.8976|         10|00:00:00|-0.02|0.07|0.7585|
|.|         16|          5|        213|     228225.8798|         10|00:00:00|-0.05|0.04|0.7998|
|.|          3|          5|        213|     210677.8444|         10|00:00:00|-0.06|0.02|0.8072|
|.|         11|          5|        213|     195644.4093|         10|00:00:00|-0.06|0.01|0.8160|
|.|          5|          5|        213|     182601.4739|         10|00:00:00|-0.06|0.01|0.8203|
|.|         23|          5|        213|     171188.8959|         10|00:00:00|-0.05|0.02|0.7991|
|.|          4|          5|        213|     161131.0474|         10|00:00:00|-0.05|0.01|0.8083|
|.|         19|          5|        213|     152179.9647|         10|00:00:00|-0.04|0.01|0.8150|
|.|          6|          5|        213|     144170.5267|         10|00:00:00|-0.04|0.02|0.8088|
|.|          9|          5|        213|     144024.4590|         10|00:00:00|-0.02|0.03|0.8049|
|.|          1|          5|        213|     163447.2805|         10|00:00:00|-0.03|0.02|0.8018|
|.|          2|          5|        213|     157087.1261|         10|00:00:00|-0.02|0.02|0.7937|
|.|         17|          5|        213|     150257.2709|         10|00:00:00|-0.03|0.01|0.8044|
|.|         21|          5|        213|     146004.9812|         10|00:00:00|-0.02|0.02|0.7950|
+-+-----------+-----------+-----------+----------------+-----------+--------+-----+----+------+
Best-so-far configuration:         213    mean value:      146004.9812
Description of the best-so-far configuration:
    .ID. particles topology modInfluence branching tSchedule phi1 phi2 inertia
213  213         4        0            1        NA        NA 2.41 1.52    0.12
    .PARENT.
213      145

# 2025-06-14 15:55:26 -04: Elite configurations (first number is the configuration ID; listed from best to worst according to the sum of ranks):
    particles topology modInfluence branching tSchedule phi1 phi2 inertia
213         4        0            1        NA        NA 2.41 1.52    0.12
181         9        0            1        NA        NA 2.29 1.90    0.04
145         4        0            1        NA        NA 2.47 1.43    0.02
152         5        0            1        NA        NA 2.43 2.06    0.05
184        13        0            1        NA        NA 2.42 1.81    0.08
# 2025-06-14 15:55:26 -04: Iteration 9 of 9
# experimentsUsed: 1967
# remainingBudget: 33
# currentBudget: 33
# nbConfigurations: 6
# Markers:
     x No test is performed.
     c Configurations are discarded only due to capping.
     - The test is performed and some configurations are discarded.
     = The test is performed but no configuration is discarded.
     ! The test is performed and configurations could be discarded but elite configurations are preserved.
     . All alive configurations are elite and nothing is discarded.

+-+-----------+-----------+-----------+----------------+-----------+--------+-----+----+------+
| |   Instance|      Alive|       Best|       Mean best| Exp so far|  W time|  rho|KenW|  Qvar|
+-+-----------+-----------+-----------+----------------+-----------+--------+-----+----+------+
|x|         25|          6|        225|     2.762868355|          6|00:00:01|   NA|  NA|    NA|
|x|         10|          6|        184|     270629.4045|          7|00:00:01|+0.09|0.54|0.6400|
|x|         19|          6|        184|     180422.9889|          8|00:00:01|+0.18|0.45|0.6131|
|x|          2|          6|        184|     160229.0992|          9|00:00:01|-0.18|0.11|0.8942|
|=|         13|          6|        184|     128185.3944|         10|00:00:01|-0.11|0.11|0.8025|
|=|         11|          6|        184|     106854.5135|         11|00:00:01|-0.07|0.11|0.8284|
|=|         15|          6|        184|     91592.01659|         12|00:00:01|-0.10|0.05|0.8628|
|=|         23|          6|        145|     78782.44577|         13|00:00:01|-0.10|0.04|0.8369|
|=|         18|          6|        184|     135762.2259|         14|00:00:01|-0.05|0.06|0.8116|
|=|         20|          6|        181|     130930.7095|         15|00:00:01|-0.05|0.05|0.8294|
|=|         24|          6|        181|     119101.3107|         16|00:00:01|-0.06|0.04|0.8197|
|=|         21|          6|        181|     114101.3103|         17|00:00:01|-0.03|0.05|0.8055|
|=|         16|          6|        213|     104612.9565|         18|00:00:01|-0.02|0.06|0.8105|
|=|         22|          6|        213|     162033.1724|         19|00:00:01|+0.00|0.07|0.7932|
|=|          3|          6|        213|     151237.7223|         20|00:00:01|-0.00|0.07|0.7936|
|=|          8|          6|        181|     153394.3523|         21|00:00:01|+0.00|0.07|0.7822|
|=|          6|          6|        181|     144371.1870|         22|00:00:01|-0.00|0.06|0.7926|
|=|          7|          6|        181|     136350.5955|         23|00:00:01|+0.01|0.06|0.7862|
|=|         14|          6|        181|     174817.4273|         24|00:00:01|+0.02|0.07|0.7716|
|=|         17|          6|        181|     166076.5792|         25|00:00:01|+0.01|0.06|0.7847|
|=|         12|          6|        181|     158172.5653|         26|00:00:01|+0.02|0.07|0.7655|
|=|          1|          6|        145|     161194.4313|         27|00:00:01|+0.04|0.08|0.7577|
|=|          4|          6|        145|     154194.7180|         28|00:00:01|+0.04|0.08|0.7439|
|=|          5|          6|        181|     178035.7208|         29|00:00:01|+0.05|0.09|0.7431|
|=|          9|          6|        181|     173399.4134|         30|00:00:01|+0.03|0.07|0.7653|
+-+-----------+-----------+-----------+----------------+-----------+--------+-----+----+------+
Best-so-far configuration:         181    mean value:      173399.4134
Description of the best-so-far configuration:
    .ID. particles topology modInfluence branching tSchedule phi1 phi2 inertia
181  181         9        0            1        NA        NA 2.29  1.9    0.04
    .PARENT.
181      152

# 2025-06-14 15:56:05 -04: Elite configurations (first number is the configuration ID; listed from best to worst according to the sum of ranks):
    particles topology modInfluence branching tSchedule phi1 phi2 inertia
181         9        0            1        NA        NA 2.29 1.90    0.04
145         4        0            1        NA        NA 2.47 1.43    0.02
213         4        0            1        NA        NA 2.41 1.52    0.12
152         5        0            1        NA        NA 2.43 2.06    0.05
184        13        0            1        NA        NA 2.42 1.81    0.08
# 2025-06-14 15:56:05 -04: Stopped because there is not enough budget left to race more than the minimum (5).
# You may either increase the budget or set 'minNbSurvival' to a lower value.
# Iteration: 10
# nbIterations: 10
# experimentsUsed: 1997
# timeUsed: 0
# remainingBudget: 3
# currentBudget: 3
# number of elites: 5
# nbConfigurations: 5
# Total CPU user time: 3338.229, CPU sys time: 63.742, Wall-clock time: 674.095
# 2025-06-14 15:56:06 -04: Starting post-selection:
# Configurations selected: 181, 145, 213.
# Pending instances: 0, 0, 0.
# 2025-06-14 15:56:06 -04: seed: 731073107
# Configurations: 3
# Available experiments: 3
# minSurvival: 1
# Markers:
     x No test is performed.
     c Configurations are discarded only due to capping.
     - The test is performed and some configurations are discarded.
     = The test is performed but no configuration is discarded.
     ! The test is performed and configurations could be discarded but elite configurations are preserved.
     . All alive configurations are elite and nothing is discarded.

+-+-----------+-----------+-----------+----------------+-----------+--------+-----+----+------+
| |   Instance|      Alive|       Best|       Mean best| Exp so far|  W time|  rho|KenW|  Qvar|
+-+-----------+-----------+-----------+----------------+-----------+--------+-----+----+------+
|.|         13|          3|        145|     10.14218460|          0|00:00:00|   NA|  NA|    NA|
|.|          1|          3|        145|     273219.5772|          0|00:00:00|+0.50|0.75|0.5555|
|.|         20|          3|        145|     199398.4527|          0|00:00:00|-0.33|0.11|0.9307|
|.|          8|          3|        145|     149548.9534|          0|00:00:00|-0.25|0.06|0.8322|
|.|         10|          3|        145|     240371.2950|          0|00:00:00|-0.05|0.16|0.6990|
|.|         15|          3|        145|     200309.4541|          0|00:00:00|-0.10|0.08|0.7559|
|.|          6|          3|        145|     171693.9249|          0|00:00:00|-0.07|0.08|0.7376|
|.|          7|          3|        145|     150232.2524|          0|00:00:00|+0.02|0.14|0.6868|
|.|         21|          3|        145|     139335.3523|          0|00:00:00|-0.07|0.05|0.7261|
|.|         18|          3|        145|     189755.2270|          0|00:00:00|-0.08|0.03|0.7273|
|.|         12|          3|        145|     172509.5694|          0|00:00:00|-0.09|0.01|0.7316|
|.|         22|          3|        145|     245698.8965|          0|00:00:00|-0.09|0.00|0.7262|
|.|          5|          3|        145|     226799.0166|          0|00:00:00|-0.08|0.01|0.7137|
|.|         25|          3|        145|     210599.3114|          0|00:00:00|-0.07|0.01|0.7173|
|.|         17|          3|        145|     196559.3855|          0|00:00:00|-0.07|0.00|0.7124|
|.|          4|          3|        145|     184286.9881|          0|00:00:00|-0.06|0.00|0.7082|
|.|         23|          3|        145|     173446.5918|          0|00:00:00|-0.06|0.00|0.7082|
|.|         11|          3|        145|     163822.2534|          0|00:00:00|-0.05|0.01|0.7046|
|.|         14|          3|        145|     185248.6708|          0|00:00:00|-0.05|0.00|0.7035|
|.|         19|          3|        145|     175986.8295|          0|00:00:00|-0.04|0.01|0.7009|
|.|          3|          3|        145|     167611.2069|          0|00:00:00|-0.03|0.02|0.6954|
|.|         16|          3|        145|     160002.0119|          0|00:00:00|-0.04|0.01|0.6977|
|.|          2|          3|        145|     154191.6972|          0|00:00:00|-0.04|0.01|0.6968|
|.|          9|          3|        145|     153299.0629|          0|00:00:00|-0.04|0.01|0.6950|
|.|         24|          3|        145|     147169.8979|          0|00:00:00|-0.04|0.00|0.6943|
|=|         26|          3|        213|     169737.3875|          3|00:00:01|-0.04|0.00|0.6916|
+-+-----------+-----------+-----------+----------------+-----------+--------+-----+----+------+
Best-so-far configuration:         213    mean value:      169737.3875
Description of the best-so-far configuration:
    .ID. particles topology modInfluence branching tSchedule phi1 phi2 inertia
213  213         4        0            1        NA        NA 2.41 1.52    0.12
    .PARENT.
213      145

# 2025-06-14 15:56:07 -04: Elite configurations (first number is the configuration ID; listed from best to worst according to the sum of ranks):
    particles topology modInfluence branching tSchedule phi1 phi2 inertia
213         4        0            1        NA        NA 2.41 1.52    0.12
181         9        0            1        NA        NA 2.29 1.90    0.04
145         4        0            1        NA        NA 2.47 1.43    0.02
# Total CPU user time: 3342.229, CPU sys time: 63.85, Wall-clock time: 675.714
    .ID. particles topology modInfluence branching tSchedule phi1 phi2 inertia
213  213         4        0            1        NA        NA 2.41 1.52    0.12
181  181         9        0            1        NA        NA 2.29 1.90    0.04
145  145         4        0            1        NA        NA 2.47 1.43    0.02
    .PARENT. .RANK.  .WEIGHT.
213      145     51 0.5000000
181      152     52 0.3333333
145       62     53 0.1666667
