# 2025-05-17 23:33:21 -04: Reading parameter file '/home/dianag/PruebasPablo/irace-independent-executions/PSO-X/Scenarios/E3-BH-Mixed-N/Runs/E3-BH-Mixed-N_seed_2314/parameters.txt'.
# 2025-05-17 23:33:21 -04: 2 expression(s) specifying forbidden configurations read.
# 2025-05-17 23:33:21 -04: Initialization
# Elitist race
# Elitist new instances: 1
# Elitist limit: 2
# nbIterations: 5
# minNbSurvival: 5
# nbParameters: 8
# seed: 2314
# confidence level: 0.95
# budget: 4000
# mu: 5
# deterministic: FALSE

# 2025-05-17 23:33:21 -04: Iteration 1 of 5
# experimentsUsed: 0
# remainingBudget: 4000
# currentBudget: 800
# nbConfigurations: 133
# Markers:
     x No test is performed.
     c Configurations are discarded only due to capping.
     - The test is performed and some configurations are discarded.
     = The test is performed but no configuration is discarded.
     ! The test is performed and configurations could be discarded but elite configurations are preserved.
     . All alive configurations are elite and nothing is discarded.

+-+-----------+-----------+-----------+----------------+-----------+--------+-----+----+------+
| |   Instance|      Alive|       Best|       Mean best| Exp so far|  W time|  rho|KenW|  Qvar|
+-+-----------+-----------+-----------+----------------+-----------+--------+-----+----+------+
|x|          1|        133|        130|     106.8268902|        133|00:00:47|   NA|  NA|    NA|
|x|          2|        133|         22|     28049.59150|        266|00:00:46|+0.09|0.54|0.6934|
|x|          3|        133|         22|     19015.51361|        399|00:04:40|+0.37|0.58|0.5042|
|x|          4|        133|         22|     14268.06789|        532|00:00:50|+0.46|0.60|0.4559|
|-|          5|         51|         22|     11536.91958|        665|00:00:45|-0.02|0.19|0.9297|
|=|          6|         51|         11|     18519.07176|        716|00:01:32|+0.04|0.20|0.9329|
|=|          7|         51|         11|     15898.86997|        767|00:00:19|+0.02|0.16|0.9348|
+-+-----------+-----------+-----------+----------------+-----------+--------+-----+----+------+
Best-so-far configuration:          11    mean value:      15898.86997
Description of the best-so-far configuration:
   .ID. particles topology modInfluence branching tSchedule phi1 phi2 inertia
11   11       112        4            2        NA        NA 0.23 2.08    0.82
   .PARENT.
11       NA

# 2025-05-17 23:43:04 -04: Elite configurations (first number is the configuration ID; listed from best to worst according to the sum of ranks):
    particles topology modInfluence branching tSchedule phi1 phi2 inertia
11        112        4            2        NA        NA 0.23 2.08    0.82
8         175        4            2        NA        NA 1.01 1.92    0.88
37         97        1            1        NA        NA 1.60 1.10    0.89
112        46        1            0        NA        NA 1.77 1.39    0.61
102       176        0            0        NA        NA 1.38 0.69    0.63
# 2025-05-17 23:43:04 -04: Iteration 2 of 5
# experimentsUsed: 767
# remainingBudget: 3233
# currentBudget: 808
# nbConfigurations: 105
# Markers:
     x No test is performed.
     c Configurations are discarded only due to capping.
     - The test is performed and some configurations are discarded.
     = The test is performed but no configuration is discarded.
     ! The test is performed and configurations could be discarded but elite configurations are preserved.
     . All alive configurations are elite and nothing is discarded.

+-+-----------+-----------+-----------+----------------+-----------+--------+-----+----+------+
| |   Instance|      Alive|       Best|       Mean best| Exp so far|  W time|  rho|KenW|  Qvar|
+-+-----------+-----------+-----------+----------------+-----------+--------+-----+----+------+
|x|          8|        105|        174|     7175.755975|        105|00:00:48|   NA|  NA|    NA|
|x|          5|        105|        174|     3679.700775|        205|00:00:46|+0.61|0.80|0.0569|
|x|          2|        105|        174|     29908.16500|        305|00:00:45|+0.31|0.54|0.2645|
|x|          1|        105|        174|     22468.25598|        405|00:00:46|+0.37|0.53|0.3294|
|-|          6|         40|        174|     18156.75096|        505|00:03:14|-0.06|0.15|1.0310|
|=|          4|         40|        174|     15135.22158|        540|00:00:06|+0.02|0.18|0.9808|
|-|          3|         28|        174|     13103.38841|        575|00:01:15|+0.01|0.15|0.9257|
|=|          7|         28|        174|     11488.89597|        598|00:00:03|-0.04|0.09|0.9629|
|=|          9|         28|        174|     10214.30452|        626|00:00:04|-0.02|0.09|0.9485|
+-+-----------+-----------+-----------+----------------+-----------+--------+-----+----+------+
Best-so-far configuration:         174    mean value:      10214.30452
Description of the best-so-far configuration:
    .ID. particles topology modInfluence branching tSchedule phi1 phi2 inertia
174  174       178        4            2        NA        NA 0.21 2.16    0.76
    .PARENT.
174       11

# 2025-05-17 23:50:56 -04: Elite configurations (first number is the configuration ID; listed from best to worst according to the sum of ranks):
    particles topology modInfluence branching tSchedule phi1 phi2 inertia
174       178        4            2        NA        NA 0.21 2.16    0.76
212       125        4            0        NA        NA 1.04 2.33    0.71
11        112        4            2        NA        NA 0.23 2.08    0.82
157       120        4            2        NA        NA 0.19 2.35    0.67
186        32        4            2        NA        NA 0.26 1.91    0.87
# 2025-05-17 23:50:56 -04: Iteration 3 of 5
# experimentsUsed: 1393
# remainingBudget: 2607
# currentBudget: 869
# nbConfigurations: 91
# Markers:
     x No test is performed.
     c Configurations are discarded only due to capping.
     - The test is performed and some configurations are discarded.
     = The test is performed but no configuration is discarded.
     ! The test is performed and configurations could be discarded but elite configurations are preserved.
     . All alive configurations are elite and nothing is discarded.

+-+-----------+-----------+-----------+----------------+-----------+--------+-----+----+------+
| |   Instance|      Alive|       Best|       Mean best| Exp so far|  W time|  rho|KenW|  Qvar|
+-+-----------+-----------+-----------+----------------+-----------+--------+-----+----+------+
|x|         10|         91|        247|     244.6644758|         91|00:01:53|   NA|  NA|    NA|
|x|          4|         91|        247|     126.4934584|        177|00:00:27|+0.88|0.94|0.5140|
|x|          3|         91|        186|     399.4357451|        263|00:03:00|+0.86|0.91|0.3764|
|x|          9|         91|        244|     436.6281687|        349|00:00:25|+0.47|0.60|0.4099|
|-|          5|         42|        277|     418.2404630|        435|00:00:25|-0.08|0.14|1.0131|
|=|          1|         42|        277|     369.7322973|        472|00:00:05|+0.02|0.18|0.9099|
|-|          6|         25|        277|     446.8102344|        509|00:01:07|+0.01|0.15|0.9594|
|=|          2|         25|        277|     13581.90191|        529|00:00:03|-0.03|0.10|0.9865|
|=|          7|         25|        277|     12090.27195|        549|00:00:03|+0.00|0.11|0.9694|
|=|          8|         25|        277|     11601.35667|        569|00:00:03|+0.01|0.11|0.9495|
|=|         11|         25|        277|     17324.27148|        594|00:00:03|+0.02|0.11|0.9639|
+-+-----------+-----------+-----------+----------------+-----------+--------+-----+----+------+
Best-so-far configuration:         277    mean value:      17324.27148
Description of the best-so-far configuration:
    .ID. particles topology modInfluence branching tSchedule phi1 phi2 inertia
277  277       107        4            0        NA        NA 1.15 2.21    0.51
    .PARENT.
277      212

# 2025-05-17 23:58:34 -04: Elite configurations (first number is the configuration ID; listed from best to worst according to the sum of ranks):
    particles topology modInfluence branching tSchedule phi1 phi2 inertia
277       107        4            0        NA        NA 1.15 2.21    0.51
268       106        4            0        NA        NA 1.25 2.36    0.54
284        77        4            2        NA        NA 0.23 2.12    0.75
286       118        4            0        NA        NA 0.77 2.28    0.63
267       107        4            2        NA        NA 0.80 2.32    0.75
# 2025-05-17 23:58:34 -04: Iteration 4 of 5
# experimentsUsed: 1987
# remainingBudget: 2013
# currentBudget: 1006
# nbConfigurations: 88
# Markers:
     x No test is performed.
     c Configurations are discarded only due to capping.
     - The test is performed and some configurations are discarded.
     = The test is performed but no configuration is discarded.
     ! The test is performed and configurations could be discarded but elite configurations are preserved.
     . All alive configurations are elite and nothing is discarded.

+-+-----------+-----------+-----------+----------------+-----------+--------+-----+----+------+
| |   Instance|      Alive|       Best|       Mean best| Exp so far|  W time|  rho|KenW|  Qvar|
+-+-----------+-----------+-----------+----------------+-----------+--------+-----+----+------+
|x|         12|         88|        326|     539.0994699|         88|00:02:34|   NA|  NA|    NA|
|x|          8|         88|        334|     3834.338450|        171|00:00:19|-0.47|0.27|1.1444|
|x|          2|         88|        334|     38943.16316|        254|00:00:18|-0.13|0.25|0.9865|
|x|          9|         88|        334|     29211.02151|        337|00:00:18|+0.05|0.29|0.8678|
|=|         10|         88|        377|     23074.60427|        420|00:01:38|-0.00|0.20|0.9276|
|=|          6|         88|        277|     19207.43310|        503|00:02:26|+0.05|0.21|0.8713|
|-|          3|         50|        277|     16591.61138|        586|00:02:44|-0.09|0.07|1.0299|
|=|          7|         50|        277|     14537.31400|        631|00:00:06|-0.06|0.07|0.9989|
|=|          1|         50|        277|     12936.18927|        676|00:00:05|-0.04|0.08|0.9698|
|=|          5|         50|        277|     11653.99619|        721|00:00:05|-0.03|0.08|0.9607|
|=|          4|         50|        277|     10597.46521|        766|00:00:06|-0.02|0.07|0.9374|
|=|         11|         50|        277|     15927.12808|        811|00:00:05|-0.02|0.07|0.9436|
|=|         13|         50|        277|     14768.43196|        861|00:00:59|-0.02|0.06|0.9503|
+-+-----------+-----------+-----------+----------------+-----------+--------+-----+----+------+
Best-so-far configuration:         277    mean value:      14768.43196
Description of the best-so-far configuration:
    .ID. particles topology modInfluence branching tSchedule phi1 phi2 inertia
277  277       107        4            0        NA        NA 1.15 2.21    0.51
    .PARENT.
277      212

# 2025-05-18 00:10:23 -04: Elite configurations (first number is the configuration ID; listed from best to worst according to the sum of ranks):
    particles topology modInfluence branching tSchedule phi1 phi2 inertia
277       107        4            0        NA        NA 1.15 2.21    0.51
392        69        4            2        NA        NA 0.15 2.19    0.79
331       138        4            0        NA        NA 1.43 2.33    0.45
346       147        4            0        NA        NA 1.15 2.40    0.34
284        77        4            2        NA        NA 0.23 2.12    0.75
# 2025-05-18 00:10:23 -04: Iteration 5 of 5
# experimentsUsed: 2848
# remainingBudget: 1152
# currentBudget: 1152
# nbConfigurations: 86
# Markers:
     x No test is performed.
     c Configurations are discarded only due to capping.
     - The test is performed and some configurations are discarded.
     = The test is performed but no configuration is discarded.
     ! The test is performed and configurations could be discarded but elite configurations are preserved.
     . All alive configurations are elite and nothing is discarded.

+-+-----------+-----------+-----------+----------------+-----------+--------+-----+----+------+
| |   Instance|      Alive|       Best|       Mean best| Exp so far|  W time|  rho|KenW|  Qvar|
+-+-----------+-----------+-----------+----------------+-----------+--------+-----+----+------+
|x|         14|         86|        464|     28.55857704|         86|00:01:15|   NA|  NA|    NA|
|x|          7|         86|        480|     90.18333293|        167|00:00:24|+0.09|0.55|0.6114|
|x|          5|         86|        480|     97.75541006|        248|00:00:24|+0.16|0.44|0.4076|
|x|          3|         86|        425|     307.7705785|        329|00:02:42|+0.11|0.33|0.3887|
|-|         11|         59|        449|     16771.76479|        410|00:00:24|-0.08|0.13|1.0718|
|=|          8|         59|        277|     13826.03611|        464|00:00:07|-0.07|0.11|1.0362|
|=|         10|         59|        277|     11998.68229|        518|00:00:59|-0.04|0.11|1.0178|
|=|          9|         59|        277|     10500.54050|        572|00:00:07|-0.03|0.10|1.0124|
|=|          2|         59|        277|     21059.09640|        626|00:00:06|-0.03|0.09|1.0140|
|=|         12|         59|        277|     19009.04183|        680|00:01:31|-0.03|0.07|1.0037|
|=|          4|         59|        277|     17283.87034|        734|00:00:08|-0.03|0.06|1.0064|
|=|          1|         59|        277|     15854.14710|        788|00:00:06|-0.02|0.06|0.9965|
|=|          6|         59|        277|     14704.54178|        842|00:01:34|-0.01|0.07|0.9883|
|=|         13|         59|        277|     13715.93726|        896|00:01:00|-0.01|0.07|0.9957|
|=|         15|         59|        277|     12826.47538|        955|00:01:43|-0.00|0.07|0.9964|
+-+-----------+-----------+-----------+----------------+-----------+--------+-----+----+------+
Best-so-far configuration:         277    mean value:      12826.47538
Description of the best-so-far configuration:
    .ID. particles topology modInfluence branching tSchedule phi1 phi2 inertia
277  277       107        4            0        NA        NA 1.15 2.21    0.51
    .PARENT.
277      212

# 2025-05-18 00:23:01 -04: Elite configurations (first number is the configuration ID; listed from best to worst according to the sum of ranks):
    particles topology modInfluence branching tSchedule phi1 phi2 inertia
277       107        4            0        NA        NA 1.15 2.21    0.51
434       100        4            0        NA        NA 1.14 2.19    0.48
457       100        4            0        NA        NA 1.04 2.04    0.60
405       136        4            0        NA        NA 1.36 2.37    0.53
470       149        4            0        NA        NA 1.38 2.28    0.41
# 2025-05-18 00:23:01 -04: Iteration 6 of 6
# experimentsUsed: 3803
# remainingBudget: 197
# currentBudget: 197
# nbConfigurations: 17
# Markers:
     x No test is performed.
     c Configurations are discarded only due to capping.
     - The test is performed and some configurations are discarded.
     = The test is performed but no configuration is discarded.
     ! The test is performed and configurations could be discarded but elite configurations are preserved.
     . All alive configurations are elite and nothing is discarded.

+-+-----------+-----------+-----------+----------------+-----------+--------+-----+----+------+
| |   Instance|      Alive|       Best|       Mean best| Exp so far|  W time|  rho|KenW|  Qvar|
+-+-----------+-----------+-----------+----------------+-----------+--------+-----+----+------+
|x|         16|         17|        434|     5.517719426|         17|00:00:02|   NA|  NA|    NA|
|x|         15|         17|        485|     115.2926693|         29|00:00:25|-0.02|0.49|0.9156|
|x|          6|         17|        485|     380.0949192|         41|00:00:25|+0.05|0.37|0.9181|
|x|          9|         17|        470|     290.9899394|         53|00:00:02|-0.06|0.20|1.0418|
|=|         13|         17|        405|     403.7966239|         65|00:00:16|+0.01|0.20|0.9465|
|=|          1|         17|        405|     360.4454856|         77|00:00:02|-0.00|0.16|0.9407|
|=|          3|         17|        405|     435.1967814|         89|00:00:29|+0.05|0.18|0.8969|
|=|         12|         17|        405|     450.4352082|        101|00:00:24|+0.01|0.13|0.9261|
|=|         14|         17|        434|     405.6611930|        113|00:00:11|-0.01|0.11|0.9460|
|=|          5|         17|        470|     379.8216918|        125|00:00:01|+0.02|0.12|0.9164|
|=|          2|         17|        434|     10497.88901|        137|00:00:01|+0.02|0.11|0.9267|
|=|          8|         17|        434|     10223.98900|        149|00:00:02|+0.04|0.12|0.9068|
|-|          7|         12|        434|     9450.418215|        161|00:00:01|+0.01|0.09|0.9175|
|=|          4|         12|        434|     8777.233930|        168|00:00:01|+0.01|0.08|0.9090|
|=|         11|         12|        277|     12757.94497|        175|00:00:01|+0.02|0.09|0.9026|
|=|         10|         12|        277|     12025.23337|        182|00:00:08|+0.02|0.08|0.9010|
|=|         17|         12|        470|     11776.32673|        194|00:00:23|+0.01|0.07|0.9014|
+-+-----------+-----------+-----------+----------------+-----------+--------+-----+----+------+
Best-so-far configuration:         470    mean value:      11776.32673
Description of the best-so-far configuration:
    .ID. particles topology modInfluence branching tSchedule phi1 phi2 inertia
470  470       149        4            0        NA        NA 1.38 2.28    0.41
    .PARENT.
470      331

# 2025-05-18 00:26:05 -04: Elite configurations (first number is the configuration ID; listed from best to worst according to the sum of ranks):
    particles topology modInfluence branching tSchedule phi1 phi2 inertia
470       149        4            0        NA        NA 1.38 2.28    0.41
277       107        4            0        NA        NA 1.15 2.21    0.51
434       100        4            0        NA        NA 1.14 2.19    0.48
405       136        4            0        NA        NA 1.36 2.37    0.53
457       100        4            0        NA        NA 1.04 2.04    0.60
# 2025-05-18 00:26:05 -04: Stopped because there is not enough budget left to race more than the minimum (5).
# You may either increase the budget or set 'minNbSurvival' to a lower value.
# Iteration: 7
# nbIterations: 7
# experimentsUsed: 3997
# timeUsed: 0
# remainingBudget: 3
# currentBudget: 3
# number of elites: 5
# nbConfigurations: 5
# Total CPU user time: 22548.27, CPU sys time: 151.064, Wall-clock time: 3163.596
# 2025-05-18 00:26:05 -04: Starting post-selection:
# Configurations selected: 470, 277, 434.
# Pending instances: 0, 0, 0.
# 2025-05-18 00:26:05 -04: seed: 2314
# Configurations: 3
# Available experiments: 3
# minSurvival: 1
# Markers:
     x No test is performed.
     c Configurations are discarded only due to capping.
     - The test is performed and some configurations are discarded.
     = The test is performed but no configuration is discarded.
     ! The test is performed and configurations could be discarded but elite configurations are preserved.
     . All alive configurations are elite and nothing is discarded.

+-+-----------+-----------+-----------+----------------+-----------+--------+-----+----+------+
| |   Instance|      Alive|       Best|       Mean best| Exp so far|  W time|  rho|KenW|  Qvar|
+-+-----------+-----------+-----------+----------------+-----------+--------+-----+----+------+
|.|          1|          3|        277|     127.1914690|          0|00:00:00|   NA|  NA|    NA|
|.|          5|          3|        277|     120.7249631|          0|00:00:00|+1.00|1.00|0.0193|
|.|         10|          3|        277|     425.3364311|          0|00:00:00|+1.00|1.00|0.0119|
|.|          6|          3|        277|     546.3217875|          0|00:00:00|+1.00|1.00|0.0113|
|.|          3|          3|        277|     616.3936454|          0|00:00:00|+0.40|0.52|0.1880|
|.|          2|          3|        277|     18101.58531|          0|00:00:00|+0.43|0.53|0.1924|
|.|          9|          3|        277|     15517.57997|          0|00:00:00|+0.50|0.57|0.1827|
|.|         15|          3|        277|     13624.63361|          0|00:00:00|+0.23|0.33|0.4487|
|.|         11|          3|        277|     20394.49872|          0|00:00:00|+0.22|0.31|0.4901|
|.|         13|          3|        277|     18441.45670|          0|00:00:00|+0.12|0.21|0.5306|
|.|         12|          3|        277|     16815.73797|          0|00:00:00|+0.05|0.13|0.6154|
|.|          8|          3|        277|     16014.51973|          0|00:00:00|+0.07|0.15|0.5979|
|.|          7|          3|        277|     14794.72839|          0|00:00:00|+0.10|0.17|0.5657|
|.|         16|          3|        277|     13738.43374|          0|00:00:00|+0.03|0.10|0.6192|
|.|         17|          3|        277|     12854.40160|          0|00:00:00|-0.01|0.06|0.6561|
|.|          4|          3|        277|     12053.01121|          0|00:00:00|-0.04|0.03|0.6766|
|.|         14|          3|        277|     11345.98150|          0|00:00:00|-0.05|0.01|0.6917|
|=|         18|          3|        277|     10718.06752|          3|00:00:01|-0.04|0.02|0.6902|
+-+-----------+-----------+-----------+----------------+-----------+--------+-----+----+------+
Best-so-far configuration:         277    mean value:      10718.06752
Description of the best-so-far configuration:
    .ID. particles topology modInfluence branching tSchedule phi1 phi2 inertia
277  277       107        4            0        NA        NA 1.15 2.21    0.51
    .PARENT.
277      212

# 2025-05-18 00:26:06 -04: Elite configurations (first number is the configuration ID; listed from best to worst according to the sum of ranks):
    particles topology modInfluence branching tSchedule phi1 phi2 inertia
277       107        4            0        NA        NA 1.15 2.21    0.51
470       149        4            0        NA        NA 1.38 2.28    0.41
434       100        4            0        NA        NA 1.14 2.19    0.48
# Total CPU user time: 22551.64, CPU sys time: 151.139, Wall-clock time: 3165.024
    .ID. particles topology modInfluence branching tSchedule phi1 phi2 inertia
277  277       107        4            0        NA        NA 1.15 2.21    0.51
470  470       149        4            0        NA        NA 1.38 2.28    0.41
434  434       100        4            0        NA        NA 1.14 2.19    0.48
    .PARENT. .RANK.  .WEIGHT.
277      212     34 0.5000000
470      331     35 0.3333333
434      277     39 0.1666667
