# 2025-05-16 09:41:06 -04: Reading parameter file '/home/dianag/PruebasPablo/irace-independent-executions/MMASQAP/Scenarios/E2-BL-SR/Runs/E2-BL-SR_seed_839201/parameters.txt'.
# 2025-05-16 09:41:07 -04: Initialization
# Elitist race
# Elitist new instances: 1
# Elitist limit: 2
# nbIterations: 3
# minNbSurvival: 3
# nbParameters: 3
# seed: 839201
# confidence level: 0.95
# budget: 750
# mu: 5
# deterministic: FALSE

# 2025-05-16 09:41:07 -04: Iteration 1 of 3
# experimentsUsed: 0
# remainingBudget: 750
# currentBudget: 250
# nbConfigurations: 41
# Markers:
     x No test is performed.
     c Configurations are discarded only due to capping.
     - The test is performed and some configurations are discarded.
     = The test is performed but no configuration is discarded.
     ! The test is performed and configurations could be discarded but elite configurations are preserved.
     . All alive configurations are elite and nothing is discarded.

+-+-----------+-----------+-----------+----------------+-----------+--------+-----+----+------+
| |   Instance|      Alive|       Best|       Mean best| Exp so far|  W time|  rho|KenW|  Qvar|
+-+-----------+-----------+-----------+----------------+-----------+--------+-----+----+------+
|x|          1|         41|         23|     7202204.000|         41|00:00:15|   NA|  NA|    NA|
|x|          2|         41|         25|     3857417.000|         82|00:00:15|+0.18|0.59|0.5926|
|x|          3|         41|         29|     2753439.333|        123|00:00:15|+0.35|0.57|0.4670|
|x|          4|         41|         29|     3924284.000|        164|00:00:14|+0.44|0.58|0.4298|
|-|          5|         13|         29|     4675538.800|        205|00:00:14|+0.08|0.26|0.8659|
|-|          6|          7|         39|     5128773.000|        218|00:00:09|+0.03|0.19|0.8475|
|=|          7|          7|         39|     5455200.571|        225|00:00:04|+0.10|0.23|0.7921|
|=|          8|          7|         18|     5710109.250|        232|00:00:05|+0.09|0.20|0.8079|
+-+-----------+-----------+-----------+----------------+-----------+--------+-----+----+------+
Best-so-far configuration:          18    mean value:      5710109.250
Description of the best-so-far configuration:
   .ID. localsearch  rho ants .PARENT.
18   18           3 0.46   19       NA

# 2025-05-16 09:42:42 -04: Elite configurations (first number is the configuration ID; listed from best to worst according to the sum of ranks):
   localsearch  rho ants
18           3 0.46   19
39           3 0.23   61
9            3 0.67   22
# 2025-05-16 09:42:42 -04: Iteration 2 of 3
# experimentsUsed: 232
# remainingBudget: 518
# currentBudget: 259
# nbConfigurations: 31
# Markers:
     x No test is performed.
     c Configurations are discarded only due to capping.
     - The test is performed and some configurations are discarded.
     = The test is performed but no configuration is discarded.
     ! The test is performed and configurations could be discarded but elite configurations are preserved.
     . All alive configurations are elite and nothing is discarded.

+-+-----------+-----------+-----------+----------------+-----------+--------+-----+----+------+
| |   Instance|      Alive|       Best|       Mean best| Exp so far|  W time|  rho|KenW|  Qvar|
+-+-----------+-----------+-----------+----------------+-----------+--------+-----+----+------+
|x|          9|         31|         63|     7673730.000|         31|00:00:14|   NA|  NA|    NA|
|x|          7|         31|         39|     7545599.000|         59|00:00:12|+0.70|0.85|0.2250|
|x|          2|         31|         53|     5196139.333|         87|00:00:12|+0.19|0.46|0.7355|
|x|          5|         31|         53|     5809300.000|        115|00:00:13|+0.35|0.52|0.5720|
|-|          3|         13|         39|     4757434.400|        143|00:00:12|-0.08|0.14|0.9441|
|=|          6|         13|         39|     5205425.000|        153|00:00:08|+0.02|0.18|0.8359|
|=|          1|         13|         39|     5491461.143|        163|00:00:08|+0.09|0.22|0.7715|
|-|          4|         10|         39|     5732979.500|        173|00:00:08|-0.04|0.09|0.9522|
|=|          8|         10|         18|     5930868.000|        180|00:00:04|-0.06|0.06|0.9669|
|=|         10|         10|         53|     6059839.200|        190|00:00:08|-0.06|0.05|0.9688|
+-+-----------+-----------+-----------+----------------+-----------+--------+-----+----+------+
Best-so-far configuration:          53    mean value:      6059839.200
Description of the best-so-far configuration:
   .ID. localsearch  rho ants .PARENT.
53   53           3 0.34   14       18

# 2025-05-16 09:44:28 -04: Elite configurations (first number is the configuration ID; listed from best to worst according to the sum of ranks):
   localsearch  rho ants
53           3 0.34   14
39           3 0.23   61
18           3 0.46   19
# 2025-05-16 09:44:28 -04: Iteration 3 of 3
# experimentsUsed: 422
# remainingBudget: 328
# currentBudget: 328
# nbConfigurations: 32
# Markers:
     x No test is performed.
     c Configurations are discarded only due to capping.
     - The test is performed and some configurations are discarded.
     = The test is performed but no configuration is discarded.
     ! The test is performed and configurations could be discarded but elite configurations are preserved.
     . All alive configurations are elite and nothing is discarded.

+-+-----------+-----------+-----------+----------------+-----------+--------+-----+----+------+
| |   Instance|      Alive|       Best|       Mean best| Exp so far|  W time|  rho|KenW|  Qvar|
+-+-----------+-----------+-----------+----------------+-----------+--------+-----+----+------+
|x|         11|         32|         74|     378122.0000|         32|00:00:16|   NA|  NA|    NA|
|x|          4|         32|         81|     3891366.000|         61|00:00:14|+0.22|0.61|0.8598|
|x|         10|         32|         81|     4987932.667|         90|00:00:14|+0.30|0.53|0.7083|
|x|          9|         32|         81|     5663410.500|        119|00:00:15|+0.38|0.54|0.5808|
|-|          3|         18|         72|     4645462.400|        148|00:00:15|-0.03|0.17|0.9298|
|=|          5|         18|         85|     5148854.667|        163|00:00:09|-0.00|0.17|0.8583|
|=|          8|         18|         85|     5486614.286|        178|00:00:09|+0.03|0.17|0.7944|
|=|          6|         18|         92|     5728459.750|        193|00:00:09|+0.04|0.16|0.7771|
|=|          7|         18|         92|     5914234.889|        208|00:00:09|+0.07|0.17|0.7474|
|-|          1|         14|         92|     6040839.000|        223|00:00:10|-0.07|0.04|0.9848|
|=|          2|         14|         92|     5536863.273|        234|00:00:09|-0.06|0.03|0.9792|
|=|         12|         14|         72|     5126394.833|        248|00:00:10|-0.06|0.03|0.9778|
+-+-----------+-----------+-----------+----------------+-----------+--------+-----+----+------+
Best-so-far configuration:          72    mean value:      5126394.833
Description of the best-so-far configuration:
   .ID. localsearch  rho ants .PARENT.
72   72           3 0.49   11       53

# 2025-05-16 09:46:53 -04: Elite configurations (first number is the configuration ID; listed from best to worst according to the sum of ranks):
   localsearch  rho ants
72           3 0.49   11
92           3 0.10   17
73           3 0.21   58
# 2025-05-16 09:46:53 -04: Iteration 4 of 4
# experimentsUsed: 670
# remainingBudget: 80
# currentBudget: 80
# nbConfigurations: 8
# Markers:
     x No test is performed.
     c Configurations are discarded only due to capping.
     - The test is performed and some configurations are discarded.
     = The test is performed but no configuration is discarded.
     ! The test is performed and configurations could be discarded but elite configurations are preserved.
     . All alive configurations are elite and nothing is discarded.

+-+-----------+-----------+-----------+----------------+-----------+--------+-----+----+------+
| |   Instance|      Alive|       Best|       Mean best| Exp so far|  W time|  rho|KenW|  Qvar|
+-+-----------+-----------+-----------+----------------+-----------+--------+-----+----+------+
|x|         13|          8|         99|     7458146.000|          8|00:00:05|   NA|  NA|    NA|
|x|         10|          8|         99|     7311880.000|         13|00:00:05|+0.36|0.68|0.4875|
|x|          7|          8|         99|     7345188.000|         18|00:00:04|+0.52|0.68|0.5365|
|x|          6|          8|         99|     7369783.500|         23|00:00:04|+0.29|0.47|0.6317|
|=|          4|          8|         99|     7379899.600|         28|00:00:04|+0.06|0.25|0.7952|
|=|         11|          8|         99|     6214064.333|         33|00:00:04|+0.10|0.25|0.7517|
|=|          9|          8|        103|     6429735.429|         38|00:00:04|+0.06|0.20|0.7755|
|=|          2|          8|        103|     5689507.750|         43|00:00:04|+0.00|0.13|0.8398|
|=|         12|          8|         99|     5114142.222|         48|00:00:04|-0.02|0.09|0.8731|
|=|          1|          8|         72|     5328920.400|         53|00:00:04|-0.04|0.06|0.8993|
|=|          3|          8|         72|     4893500.909|         58|00:00:05|-0.02|0.08|0.8828|
|=|          5|          8|         99|     5119888.833|         63|00:00:04|-0.00|0.08|0.8652|
|=|          8|          8|         99|     5303269.231|         68|00:00:04|-0.00|0.07|0.8791|
|=|         14|          8|         73|     4953102.143|         76|00:00:04|-0.03|0.05|0.8961|
+-+-----------+-----------+-----------+----------------+-----------+--------+-----+----+------+
Best-so-far configuration:          73    mean value:      4953102.143
Description of the best-so-far configuration:
   .ID. localsearch  rho ants .PARENT.
73   73           3 0.21   58       39

# 2025-05-16 09:48:01 -04: Elite configurations (first number is the configuration ID; listed from best to worst according to the sum of ranks):
   localsearch  rho ants
73           3 0.21   58
99           3 0.53    3
92           3 0.10   17
# 2025-05-16 09:48:01 -04: Stopped because there is not enough budget left to race more than the minimum (3).
# You may either increase the budget or set 'minNbSurvival' to a lower value.
# Iteration: 5
# nbIterations: 5
# experimentsUsed: 746
# timeUsed: 0
# remainingBudget: 4
# currentBudget: 4
# number of elites: 3
# nbConfigurations: 3
# Total CPU user time: 2546.446, CPU sys time: 16.538, Wall-clock time: 414.389
# 2025-05-16 09:48:01 -04: Starting post-selection:
# Configurations selected: 73, 99, 92, 72.
# Pending instances: 0, 0, 0, 0.
# 2025-05-16 09:48:01 -04: seed: 839201
# Configurations: 4
# Available experiments: 4
# minSurvival: 1
# Markers:
     x No test is performed.
     c Configurations are discarded only due to capping.
     - The test is performed and some configurations are discarded.
     = The test is performed but no configuration is discarded.
     ! The test is performed and configurations could be discarded but elite configurations are preserved.
     . All alive configurations are elite and nothing is discarded.

+-+-----------+-----------+-----------+----------------+-----------+--------+-----+----+------+
| |   Instance|      Alive|       Best|       Mean best| Exp so far|  W time|  rho|KenW|  Qvar|
+-+-----------+-----------+-----------+----------------+-----------+--------+-----+----+------+
|.|          3|          4|         72|     539306.0000|          0|00:00:00|   NA|  NA|    NA|
|.|         12|          4|         72|     544116.0000|          0|00:00:00|+0.00|0.50|0.5365|
|.|         10|          4|         72|     2761072.667|          0|00:00:00|-0.14|0.24|0.5656|
|.|         13|          4|         72|     3944050.500|          0|00:00:00|+0.00|0.25|0.6529|
|.|          1|          4|         72|     4596556.800|          0|00:00:00|-0.19|0.05|0.8425|
|.|          2|          4|         72|     3912247.333|          0|00:00:00|-0.17|0.03|0.8829|
|.|          6|          4|         72|     4415717.429|          0|00:00:00|-0.10|0.06|0.8335|
|.|          4|          4|         72|     4791002.250|          0|00:00:00|-0.01|0.11|0.7722|
|.|         14|          4|         72|     4299585.556|          0|00:00:00|-0.06|0.06|0.8159|
|.|          5|          4|         72|     4636546.400|          0|00:00:00|-0.09|0.02|0.8218|
|.|          8|          4|         72|     4897952.909|          0|00:00:00|-0.10|0.00|0.8194|
|.|          9|          4|         72|     5130934.833|          0|00:00:00|-0.09|0.00|0.8077|
|.|          7|          4|         72|     5307437.385|          0|00:00:00|-0.08|0.01|0.7982|
|.|         11|          4|         72|     4955569.571|          0|00:00:00|-0.07|0.00|0.7992|
|=|         15|          4|         99|     4649369.067|          4|00:00:04|-0.06|0.01|0.7891|
+-+-----------+-----------+-----------+----------------+-----------+--------+-----+----+------+
Best-so-far configuration:          99    mean value:      4649369.067
Description of the best-so-far configuration:
   .ID. localsearch  rho ants .PARENT.
99   99           3 0.53    3       72

# 2025-05-16 09:48:06 -04: Elite configurations (first number is the configuration ID; listed from best to worst according to the sum of ranks):
   localsearch  rho ants
99           3 0.53    3
72           3 0.49   11
92           3 0.10   17
# Total CPU user time: 2564.206, CPU sys time: 16.63, Wall-clock time: 419.125
   .ID. localsearch  rho ants .PARENT. .RANK.  .WEIGHT.
99   99           3 0.53    3       72   35.5 0.5000000
72   72           3 0.49   11       53   36.5 0.3333333
92   92           3 0.10   17       53   38.5 0.1666667
