# 2025-05-24 19:57:21 -04: Reading parameter file '/home/dianag/PruebasPablo/irace-independent-executions/PSO-X/Scenarios/E11-BH-Unimodal-N/Runs/E11-BH-Unimodal-N_seed_8675309/parameters.txt'.
# 2025-05-24 19:57:21 -04: 2 expression(s) specifying forbidden configurations read.
# 2025-05-24 19:57:21 -04: Initialization
# Elitist race
# Elitist new instances: 1
# Elitist limit: 2
# nbIterations: 5
# minNbSurvival: 5
# nbParameters: 8
# seed: 8675309
# confidence level: 0.95
# budget: 4000
# mu: 5
# deterministic: FALSE

# 2025-05-24 19:57:21 -04: Iteration 1 of 5
# experimentsUsed: 0
# remainingBudget: 4000
# currentBudget: 800
# nbConfigurations: 133
# Markers:
     x No test is performed.
     c Configurations are discarded only due to capping.
     - The test is performed and some configurations are discarded.
     = The test is performed but no configuration is discarded.
     ! The test is performed and configurations could be discarded but elite configurations are preserved.
     . All alive configurations are elite and nothing is discarded.

+-+-----------+-----------+-----------+----------------+-----------+--------+-----+----+------+
| |   Instance|      Alive|       Best|       Mean best| Exp so far|  W time|  rho|KenW|  Qvar|
+-+-----------+-----------+-----------+----------------+-----------+--------+-----+----+------+
|x|          1|        133|         75|     5094.579810|        133|00:00:37|   NA|  NA|    NA|
|x|          2|        133|         59|     12058.09343|        266|00:00:37|+0.24|0.62|0.9850|
|x|          3|        133|         59|     8043.205221|        399|00:00:37|+0.41|0.61|0.9695|
|x|          4|        133|         59|     6036.355294|        532|00:00:40|+0.36|0.52|0.8236|
|-|          5|         57|         62|     186428.1348|        665|00:00:39|-0.01|0.19|0.9979|
|-|          6|         32|         59|     1203815.720|        722|00:00:12|+0.03|0.19|0.9573|
|-|          7|         19|         95|     402163.1377|        754|00:00:03|+0.05|0.18|0.9376|
|=|          8|         19|         95|     351914.0242|        773|00:00:04|+0.02|0.14|0.9628|
|=|          9|         19|         95|     313373.1405|        792|00:00:02|+0.00|0.12|0.9546|
+-+-----------+-----------+-----------+----------------+-----------+--------+-----+----+------+
Best-so-far configuration:          95    mean value:      313373.1405
Description of the best-so-far configuration:
   .ID. particles topology modInfluence branching tSchedule phi1 phi2 inertia
95   95        35        0            0        NA        NA 2.35 1.22    0.01
   .PARENT.
95       NA

# 2025-05-24 20:00:57 -04: Elite configurations (first number is the configuration ID; listed from best to worst according to the sum of ranks):
   particles topology modInfluence branching tSchedule phi1 phi2 inertia
95        35        0            0        NA        NA 2.35 1.22    0.01
59       142        4            0        NA        NA 2.44 2.17    0.38
99        10        4            1        NA        NA 1.41 2.15    0.57
3          9        0            2        NA        NA 1.94 2.21    0.62
56        18        5            2        NA         9 0.26 2.49    0.27
# 2025-05-24 20:00:57 -04: Iteration 2 of 5
# experimentsUsed: 792
# remainingBudget: 3208
# currentBudget: 802
# nbConfigurations: 84
# Markers:
     x No test is performed.
     c Configurations are discarded only due to capping.
     - The test is performed and some configurations are discarded.
     = The test is performed but no configuration is discarded.
     ! The test is performed and configurations could be discarded but elite configurations are preserved.
     . All alive configurations are elite and nothing is discarded.

+-+-----------+-----------+-----------+----------------+-----------+--------+-----+----+------+
| |   Instance|      Alive|       Best|       Mean best| Exp so far|  W time|  rho|KenW|  Qvar|
+-+-----------+-----------+-----------+----------------+-----------+--------+-----+----+------+
