# 2025-05-17 03:28:13 -04: Reading parameter file '/home/dianag/PruebasPablo/irace-independent-executions/PSO-X/Scenarios/E2-BL-Mixed-SR/Runs/E2-BL-Mixed-SR_seed_777000777/parameters.txt'.
# 2025-05-17 03:28:13 -04: 2 expression(s) specifying forbidden configurations read.
# 2025-05-17 03:28:13 -04: Initialization
# Elitist race
# Elitist new instances: 1
# Elitist limit: 2
# nbIterations: 5
# minNbSurvival: 5
# nbParameters: 8
# seed: 777000777
# confidence level: 0.95
# budget: 2000
# mu: 5
# deterministic: FALSE

# 2025-05-17 03:28:13 -04: Iteration 1 of 5
# experimentsUsed: 0
# remainingBudget: 2000
# currentBudget: 400
# nbConfigurations: 66
# Markers:
     x No test is performed.
     c Configurations are discarded only due to capping.
     - The test is performed and some configurations are discarded.
     = The test is performed but no configuration is discarded.
     ! The test is performed and configurations could be discarded but elite configurations are preserved.
     . All alive configurations are elite and nothing is discarded.

+-+-----------+-----------+-----------+----------------+-----------+--------+-----+----+------+
| |   Instance|      Alive|       Best|       Mean best| Exp so far|  W time|  rho|KenW|  Qvar|
+-+-----------+-----------+-----------+----------------+-----------+--------+-----+----+------+
|x|          1|         66|         27|     535.5671103|         66|00:02:12|   NA|  NA|    NA|
|x|          2|         66|         53|     305.3081945|        132|00:00:30|+0.46|0.73|0.3981|
|x|          3|         66|         40|     25149.46484|        198|00:00:30|+0.32|0.55|0.4490|
|x|          4|         66|         14|     25743.56275|        264|00:00:28|+0.44|0.58|0.3851|
|-|          5|         28|         14|     20625.93109|        330|00:00:28|-0.01|0.20|0.9807|
|=|          6|         28|         62|     15192.28054|        358|00:00:43|+0.02|0.19|0.9231|
|=|          7|         28|         14|     14863.06136|        386|00:00:13|+0.05|0.18|0.9047|
+-+-----------+-----------+-----------+----------------+-----------+--------+-----+----+------+
Best-so-far configuration:          14    mean value:      14863.06136
Description of the best-so-far configuration:
   .ID. particles topology modInfluence branching tSchedule phi1 phi2 inertia
14   14       171        4            0        NA        NA 2.34 2.04    0.62
   .PARENT.
14       NA

# 2025-05-17 03:33:20 -04: Elite configurations (first number is the configuration ID; listed from best to worst according to the sum of ranks):
   particles topology modInfluence branching tSchedule phi1 phi2 inertia
14       171        4            0        NA        NA 2.34 2.04    0.62
40       162        4            1        NA        NA 2.46 1.46    0.69
62        33        1            1        NA        NA 0.41 2.18    0.52
35       125        4            2        NA        NA 1.36 1.30    0.75
7        109        4            0        NA        NA 1.56 1.89    0.57
# 2025-05-17 03:33:20 -04: Iteration 2 of 5
# experimentsUsed: 386
# remainingBudget: 1614
# currentBudget: 403
# nbConfigurations: 54
# Markers:
     x No test is performed.
     c Configurations are discarded only due to capping.
     - The test is performed and some configurations are discarded.
     = The test is performed but no configuration is discarded.
     ! The test is performed and configurations could be discarded but elite configurations are preserved.
     . All alive configurations are elite and nothing is discarded.

+-+-----------+-----------+-----------+----------------+-----------+--------+-----+----+------+
| |   Instance|      Alive|       Best|       Mean best| Exp so far|  W time|  rho|KenW|  Qvar|
+-+-----------+-----------+-----------+----------------+-----------+--------+-----+----+------+
|x|          8|         54|        113|     29.52651553|         54|00:00:46|   NA|  NA|    NA|
|x|          5|         54|         74|     55.63682807|        103|00:00:19|+0.27|0.64|0.4499|
|x|          2|         54|         71|     106.0009482|        152|00:00:21|+0.39|0.59|0.3624|
|x|          3|         54|         71|     28165.79360|        201|00:00:19|+0.25|0.44|0.3603|
|-|          1|         36|         14|     20626.98489|        250|00:01:30|-0.12|0.10|0.9966|
|=|          7|         36|         14|     17197.29448|        281|00:00:18|-0.04|0.13|0.9157|
|=|          6|         36|         62|     13030.19059|        312|00:00:39|-0.00|0.14|0.8647|
|=|          4|         36|         14|     13009.24543|        343|00:00:17|+0.01|0.13|0.8283|
|=|          9|         36|         14|     11664.16568|        379|00:01:15|+0.04|0.15|0.7929|
+-+-----------+-----------+-----------+----------------+-----------+--------+-----+----+------+
Best-so-far configuration:          14    mean value:      11664.16568
Description of the best-so-far configuration:
   .ID. particles topology modInfluence branching tSchedule phi1 phi2 inertia
14   14       171        4            0        NA        NA 2.34 2.04    0.62
   .PARENT.
14       NA

# 2025-05-17 03:39:09 -04: Elite configurations (first number is the configuration ID; listed from best to worst according to the sum of ranks):
    particles topology modInfluence branching tSchedule phi1 phi2 inertia
14        171        4            0        NA        NA 2.34 2.04    0.62
85        107        4            2        NA        NA 1.26 2.44    0.77
89        155        4            2        NA        NA 0.87 2.09    0.76
62         33        1            1        NA        NA 0.41 2.18    0.52
115       173        4            0        NA        NA 1.57 2.08    0.57
# 2025-05-17 03:39:09 -04: Iteration 3 of 5
# experimentsUsed: 765
# remainingBudget: 1235
# currentBudget: 411
# nbConfigurations: 45
# Markers:
     x No test is performed.
     c Configurations are discarded only due to capping.
     - The test is performed and some configurations are discarded.
     = The test is performed but no configuration is discarded.
     ! The test is performed and configurations could be discarded but elite configurations are preserved.
     . All alive configurations are elite and nothing is discarded.

+-+-----------+-----------+-----------+----------------+-----------+--------+-----+----+------+
| |   Instance|      Alive|       Best|       Mean best| Exp so far|  W time|  rho|KenW|  Qvar|
+-+-----------+-----------+-----------+----------------+-----------+--------+-----+----+------+
|x|         10|         45|        142|     212.6260233|         45|00:01:24|   NA|  NA|    NA|
|x|          9|         45|        119|     545.0879243|         85|00:01:22|+0.64|0.82|0.2463|
|x|          6|         45|        142|     506.2145867|        125|00:00:52|+0.27|0.51|0.4778|
|x|          8|         45|        142|     387.8187993|        165|00:00:39|+0.22|0.42|0.5759|
|-|          4|         27|        142|     311.7646387|        205|00:00:13|-0.10|0.12|1.0289|
|=|          3|         27|         89|     16829.17703|        227|00:00:04|-0.06|0.11|0.9883|
|=|          5|         27|         89|     14451.00413|        249|00:00:03|-0.02|0.12|0.9332|
|=|          2|         27|        142|     17992.29466|        271|00:00:03|-0.02|0.10|0.9472|
|=|          1|         27|        142|     16063.61227|        293|00:00:38|-0.03|0.09|0.9318|
|=|          7|         27|        142|     14462.09767|        315|00:00:04|-0.01|0.09|0.9072|
|=|         11|         27|        142|     13147.77078|        342|00:00:03|+0.01|0.10|0.8872|
+-+-----------+-----------+-----------+----------------+-----------+--------+-----+----+------+
Best-so-far configuration:         142    mean value:      13147.77078
Description of the best-so-far configuration:
    .ID. particles topology modInfluence branching tSchedule phi1 phi2 inertia
142  142       158        4            2        NA        NA 0.35  2.4    0.82
    .PARENT.
142       85

# 2025-05-17 03:44:37 -04: Elite configurations (first number is the configuration ID; listed from best to worst according to the sum of ranks):
    particles topology modInfluence branching tSchedule phi1 phi2 inertia
142       158        4            2        NA        NA 0.35 2.40    0.82
89        155        4            2        NA        NA 0.87 2.09    0.76
85        107        4            2        NA        NA 1.26 2.44    0.77
62         33        1            1        NA        NA 0.41 2.18    0.52
14        171        4            0        NA        NA 2.34 2.04    0.62
# 2025-05-17 03:44:37 -04: Iteration 4 of 5
# experimentsUsed: 1107
# remainingBudget: 893
# currentBudget: 446
# nbConfigurations: 41
# Markers:
     x No test is performed.
     c Configurations are discarded only due to capping.
     - The test is performed and some configurations are discarded.
     = The test is performed but no configuration is discarded.
     ! The test is performed and configurations could be discarded but elite configurations are preserved.
     . All alive configurations are elite and nothing is discarded.

+-+-----------+-----------+-----------+----------------+-----------+--------+-----+----+------+
| |   Instance|      Alive|       Best|       Mean best| Exp so far|  W time|  rho|KenW|  Qvar|
+-+-----------+-----------+-----------+----------------+-----------+--------+-----+----+------+
|x|         12|         41|         85|     909.3204953|         41|00:01:19|   NA|  NA|    NA|
|x|         11|         41|         85|     456.4789216|         77|00:00:18|-0.05|0.47|0.6825|
|x|          2|         41|         85|     313.2382725|        113|00:00:19|+0.09|0.39|0.4792|
|x|          9|         41|        191|     448.2347868|        149|00:01:14|+0.22|0.41|0.4166|
|-|          7|         21|        191|     367.9694881|        185|00:00:18|-0.03|0.17|0.6570|
|=|          1|         21|        191|     414.0217884|        201|00:00:27|-0.08|0.10|0.7710|
|=|         10|         21|        142|     386.8740829|        217|00:00:27|-0.06|0.09|0.8172|
|=|          4|         21|        142|     339.4583221|        233|00:00:02|-0.01|0.11|0.8214|
|=|          8|         21|        142|     305.3664460|        249|00:00:12|-0.03|0.08|0.8786|
|=|          5|         21|        142|     295.5368127|        265|00:00:02|-0.04|0.06|0.8879|
|=|          6|         21|        172|     295.3870261|        281|00:00:17|-0.02|0.07|0.8783|
|=|          3|         21|        172|     10341.16615|        297|00:00:03|+0.00|0.08|0.8721|
|=|         13|         21|        172|     9615.626848|        318|00:00:38|+0.01|0.08|0.9106|
+-+-----------+-----------+-----------+----------------+-----------+--------+-----+----+------+
Best-so-far configuration:         172    mean value:      9615.626848
Description of the best-so-far configuration:
    .ID. particles topology modInfluence branching tSchedule phi1 phi2 inertia
172  172       138        4            2        NA        NA 0.57 2.45    0.74
    .PARENT.
172      142

# 2025-05-17 03:50:21 -04: Elite configurations (first number is the configuration ID; listed from best to worst according to the sum of ranks):
    particles topology modInfluence branching tSchedule phi1 phi2 inertia
172       138        4            2        NA        NA 0.57 2.45    0.74
173       127        4            2        NA        NA 0.19 2.32    0.80
142       158        4            2        NA        NA 0.35 2.40    0.82
85        107        4            2        NA        NA 1.26 2.44    0.77
89        155        4            2        NA        NA 0.87 2.09    0.76
# 2025-05-17 03:50:21 -04: Iteration 5 of 5
# experimentsUsed: 1425
# remainingBudget: 575
# currentBudget: 575
# nbConfigurations: 45
# Markers:
     x No test is performed.
     c Configurations are discarded only due to capping.
     - The test is performed and some configurations are discarded.
     = The test is performed but no configuration is discarded.
     ! The test is performed and configurations could be discarded but elite configurations are preserved.
     . All alive configurations are elite and nothing is discarded.

+-+-----------+-----------+-----------+----------------+-----------+--------+-----+----+------+
| |   Instance|      Alive|       Best|       Mean best| Exp so far|  W time|  rho|KenW|  Qvar|
+-+-----------+-----------+-----------+----------------+-----------+--------+-----+----+------+
|x|         14|         45|        231|     212.2939892|         45|00:00:50|   NA|  NA|    NA|
|x|          9|         45|        218|     543.2457551|         85|00:01:13|+0.46|0.73|0.7373|
|x|         12|         45|        218|     665.4780044|        125|00:01:08|+0.21|0.47|0.6754|
|x|          6|         45|        218|     603.6029861|        165|00:00:45|-0.10|0.17|0.8449|
|=|          5|         45|        209|     514.3153050|        205|00:00:05|-0.05|0.16|0.7671|
|=|         13|         45|         85|     571.9638890|        245|00:01:07|+0.02|0.19|0.8526|
|=|          8|         45|        207|     502.8691624|        285|00:00:31|+0.00|0.14|0.9204|
|=|          1|         45|         85|     505.0818915|        325|00:01:06|+0.01|0.13|0.8807|
|=|          2|         45|        207|     457.5989825|        365|00:00:07|-0.00|0.11|0.8714|
|=|         11|         45|         85|     407.1049455|        405|00:00:06|+0.00|0.10|0.8311|
|=|          4|         45|        172|     372.7635086|        445|00:00:05|+0.00|0.10|0.8050|
|=|          7|         45|        207|     350.4646089|        485|00:00:07|+0.02|0.10|0.7831|
|=|          3|         45|        209|     6754.773310|        525|00:00:05|+0.02|0.10|0.7993|
|=|         10|         45|        209|     6289.918521|        565|00:01:06|+0.03|0.10|0.8012|
+-+-----------+-----------+-----------+----------------+-----------+--------+-----+----+------+
Best-so-far configuration:         209    mean value:      6289.918521
Description of the best-so-far configuration:
    .ID. particles topology modInfluence branching tSchedule phi1 phi2 inertia
209  209       152        4            2        NA        NA 0.28 2.27    0.75
    .PARENT.
209      173

# 2025-05-17 03:58:49 -04: Elite configurations (first number is the configuration ID; listed from best to worst according to the sum of ranks):
    particles topology modInfluence branching tSchedule phi1 phi2 inertia
209       152        4            2        NA        NA 0.28 2.27    0.75
172       138        4            2        NA        NA 0.57 2.45    0.74
207       124        4            2        NA        NA 0.71 2.45    0.76
205       143        4            2        NA        NA 0.51 2.47    0.78
173       127        4            2        NA        NA 0.19 2.32    0.80
# 2025-05-17 03:58:49 -04: Stopped because there is not enough budget left to race more than the minimum (5).
# You may either increase the budget or set 'minNbSurvival' to a lower value.
# Iteration: 6
# nbIterations: 6
# experimentsUsed: 1990
# timeUsed: 0
# remainingBudget: 10
# currentBudget: 10
# number of elites: 5
# nbConfigurations: 5
# Total CPU user time: 12579.74, CPU sys time: 76.307, Wall-clock time: 1835.674
# 2025-05-17 03:58:49 -04: Starting post-selection:
# Configurations selected: 209, 172, 207, 205, 173, 142, 85, 89, 192, 193.
# Pending instances: 0, 0, 0, 0, 0, 0, 0, 0, 0, 0.
# 2025-05-17 03:58:49 -04: seed: 777000777
# Configurations: 10
# Available experiments: 10
# minSurvival: 1
# Markers:
     x No test is performed.
     c Configurations are discarded only due to capping.
     - The test is performed and some configurations are discarded.
     = The test is performed but no configuration is discarded.
     ! The test is performed and configurations could be discarded but elite configurations are preserved.
     . All alive configurations are elite and nothing is discarded.

+-+-----------+-----------+-----------+----------------+-----------+--------+-----+----+------+
| |   Instance|      Alive|       Best|       Mean best| Exp so far|  W time|  rho|KenW|  Qvar|
+-+-----------+-----------+-----------+----------------+-----------+--------+-----+----+------+
|.|          5|         10|         85|     142.0444255|          0|00:00:00|   NA|  NA|    NA|
|.|         14|         10|         85|     187.2017509|          0|00:00:00|-0.70|0.15|1.2724|
|.|         11|         10|         85|     126.0136166|          0|00:00:00|-0.24|0.17|0.8624|
|.|         10|         10|         85|     163.8255756|          0|00:00:00|-0.27|0.04|0.9481|
|.|         12|         10|         85|     312.9245595|          0|00:00:00|-0.16|0.07|0.9184|
|.|          3|         10|         85|     18172.76313|          0|00:00:00|-0.06|0.12|0.8765|
|.|          9|         10|         85|     15706.06727|          0|00:00:00|-0.05|0.10|0.8878|
|.|          7|         10|         85|     13749.24988|          0|00:00:00|-0.05|0.08|0.9102|
|.|          8|         10|         85|     12225.25136|          0|00:00:00|-0.06|0.06|0.9349|
|.|          4|         10|         85|     11005.24257|          0|00:00:00|-0.04|0.06|0.9126|
|.|          6|         10|         85|     10035.06784|          0|00:00:00|-0.04|0.05|0.9002|
|.|          2|         10|         85|     9201.041935|          0|00:00:00|-0.04|0.05|0.8828|
|.|          1|         10|         85|     8537.547059|          0|00:00:00|-0.04|0.04|0.8848|
|.|         13|         10|         85|     7992.639890|          0|00:00:00|-0.03|0.05|0.8715|
|=|         15|         10|        209|     5875.684460|         10|00:00:02|-0.03|0.04|0.8790|
+-+-----------+-----------+-----------+----------------+-----------+--------+-----+----+------+
Best-so-far configuration:         209    mean value:      5875.684460
Description of the best-so-far configuration:
    .ID. particles topology modInfluence branching tSchedule phi1 phi2 inertia
209  209       152        4            2        NA        NA 0.28 2.27    0.75
    .PARENT.
209      173

# 2025-05-17 03:58:51 -04: Elite configurations (first number is the configuration ID; listed from best to worst according to the sum of ranks):
    particles topology modInfluence branching tSchedule phi1 phi2 inertia
209       152        4            2        NA        NA 0.28 2.27    0.75
207       124        4            2        NA        NA 0.71 2.45    0.76
205       143        4            2        NA        NA 0.51 2.47    0.78
172       138        4            2        NA        NA 0.57 2.45    0.74
173       127        4            2        NA        NA 0.19 2.32    0.80
# Total CPU user time: 12591.11, CPU sys time: 76.585, Wall-clock time: 1838.039
    .ID. particles topology modInfluence branching tSchedule phi1 phi2 inertia
209  209       152        4            2        NA        NA 0.28 2.27    0.75
207  207       124        4            2        NA        NA 0.71 2.45    0.76
205  205       143        4            2        NA        NA 0.51 2.47    0.78
172  172       138        4            2        NA        NA 0.57 2.45    0.74
173  173       127        4            2        NA        NA 0.19 2.32    0.80
    .PARENT. .RANK.   .WEIGHT.
209      173     70 0.33333333
207      172     72 0.26666667
205      172     76 0.20000000
172      142     79 0.13333333
173      142     80 0.06666667
