# 2025-06-09 00:54:21 -04: Reading parameter file '/home/dianag/PruebasPablo/irace-independent-executions/PSO-X/Scenarios/E1-BL-Mixed-N/Runs/E1-BL-Mixed-N_seed_20250512/parameters.txt'.
# 2025-06-09 00:54:21 -04: 2 expression(s) specifying forbidden configurations read.
# 2025-06-09 00:54:21 -04: Initialization
# Elitist race
# Elitist new instances: 1
# Elitist limit: 2
# nbIterations: 5
# minNbSurvival: 5
# nbParameters: 8
# seed: 20250512
# confidence level: 0.95
# budget: 2000
# mu: 5
# deterministic: FALSE

# 2025-06-09 00:54:22 -04: Iteration 1 of 5
# experimentsUsed: 0
# remainingBudget: 2000
# currentBudget: 400
# nbConfigurations: 66
# Markers:
     x No test is performed.
     c Configurations are discarded only due to capping.
     - The test is performed and some configurations are discarded.
     = The test is performed but no configuration is discarded.
     ! The test is performed and configurations could be discarded but elite configurations are preserved.
     . All alive configurations are elite and nothing is discarded.

+-+-----------+-----------+-----------+----------------+-----------+--------+-----+----+------+
| |   Instance|      Alive|       Best|       Mean best| Exp so far|  W time|  rho|KenW|  Qvar|
+-+-----------+-----------+-----------+----------------+-----------+--------+-----+----+------+
|x|          1|         66|         64|     30.15967074|         66|00:00:58|   NA|  NA|    NA|
|x|          2|         66|          4|     18.08843915|        132|00:00:23|+0.49|0.74|0.4810|
|x|          3|         66|         36|     315.3885905|        198|00:01:42|+0.51|0.67|0.3833|
|x|          4|         66|         12|     325.4341775|        264|00:01:13|+0.47|0.60|0.5047|
|-|          5|         27|         12|     356.6063674|        330|00:01:37|-0.02|0.19|1.0722|
|=|          6|         27|         12|     23918.37467|        357|00:00:03|+0.04|0.20|0.9833|
|=|          7|         27|         12|     20636.07171|        384|00:00:42|+0.02|0.16|0.9360|
+-+-----------+-----------+-----------+----------------+-----------+--------+-----+----+------+
Best-so-far configuration:          12    mean value:      20636.07171
Description of the best-so-far configuration:
   .ID. particles topology modInfluence branching tSchedule phi1 phi2 inertia
12   12        88        4            1        NA        NA 2.18  1.6     0.8
   .PARENT.
12       NA

# 2025-06-09 01:01:03 -04: Elite configurations (first number is the configuration ID; listed from best to worst according to the sum of ranks):
   particles topology modInfluence branching tSchedule phi1 phi2 inertia
12        88        4            1        NA        NA 2.18 1.60    0.80
15       137        5            0        NA         7 0.31 2.23    0.13
44       109        5            0        NA         5 0.89 2.03    0.57
36        22        5            0        NA         5 2.30 1.25    0.40
63       192        5            0        NA         9 2.36 1.43    0.61
# 2025-06-09 01:01:03 -04: Iteration 2 of 5
# experimentsUsed: 384
# remainingBudget: 1616
# currentBudget: 404
# nbConfigurations: 54
# Markers:
     x No test is performed.
     c Configurations are discarded only due to capping.
     - The test is performed and some configurations are discarded.
     = The test is performed but no configuration is discarded.
     ! The test is performed and configurations could be discarded but elite configurations are preserved.
     . All alive configurations are elite and nothing is discarded.

+-+-----------+-----------+-----------+----------------+-----------+--------+-----+----+------+
| |   Instance|      Alive|       Best|       Mean best| Exp so far|  W time|  rho|KenW|  Qvar|
+-+-----------+-----------+-----------+----------------+-----------+--------+-----+----+------+
|x|          8|         54|         97|     526.9405768|         54|00:01:14|   NA|  NA|    NA|
|x|          2|         54|        111|     268.3072581|        103|00:00:11|+0.73|0.86|0.3806|
|x|          6|         54|        111|     30181.87756|        152|00:00:10|+0.46|0.64|0.3935|
|x|          4|         54|        111|     22698.97930|        201|00:00:47|+0.44|0.58|0.4343|
|-|          7|         29|         83|     13389.99720|        250|00:01:17|-0.07|0.14|1.0427|
|=|          5|         29|         83|     11238.26223|        274|00:00:37|-0.05|0.13|1.0171|
|=|          3|         29|         68|     27516.85766|        298|00:00:38|+0.00|0.14|0.9834|
|=|          1|         29|         68|     24081.21123|        322|00:00:18|+0.04|0.16|0.9710|
|=|          9|         29|         68|     21473.12910|        351|00:00:39|+0.05|0.16|0.9427|
+-+-----------+-----------+-----------+----------------+-----------+--------+-----+----+------+
Best-so-far configuration:          68    mean value:      21473.12910
Description of the best-so-far configuration:
   .ID. particles topology modInfluence branching tSchedule phi1 phi2 inertia
68   68        67        4            0        NA        NA 2.16 1.93    0.74
   .PARENT.
68       12

# 2025-06-09 01:06:59 -04: Elite configurations (first number is the configuration ID; listed from best to worst according to the sum of ranks):
   particles topology modInfluence branching tSchedule phi1 phi2 inertia
68        67        4            0        NA        NA 2.16 1.93    0.74
15       137        5            0        NA         7 0.31 2.23    0.13
12        88        4            1        NA        NA 2.18 1.60    0.80
70       158        5            0        NA         9 1.25 2.43    0.17
94       178        5            0        NA         5 0.46 1.87    0.30
# 2025-06-09 01:06:59 -04: Iteration 3 of 5
# experimentsUsed: 735
# remainingBudget: 1265
# currentBudget: 421
# nbConfigurations: 46
# Markers:
     x No test is performed.
     c Configurations are discarded only due to capping.
     - The test is performed and some configurations are discarded.
     = The test is performed but no configuration is discarded.
     ! The test is performed and configurations could be discarded but elite configurations are preserved.
     . All alive configurations are elite and nothing is discarded.

+-+-----------+-----------+-----------+----------------+-----------+--------+-----+----+------+
| |   Instance|      Alive|       Best|       Mean best| Exp so far|  W time|  rho|KenW|  Qvar|
+-+-----------+-----------+-----------+----------------+-----------+--------+-----+----+------+
|x|         10|         46|        142|     12.57086228|         46|00:00:17|   NA|  NA|    NA|
|x|          4|         46|        142|     150.6419620|         87|00:00:38|+0.36|0.68|0.6894|
|x|          1|         46|        119|     123.2453260|        128|00:00:31|+0.17|0.45|0.6864|
|x|          6|         46|        119|     21541.74350|        169|00:00:17|+0.20|0.40|0.6164|
|-|          8|         25|        119|     17342.56337|        210|00:01:00|-0.13|0.10|1.0506|
|=|          7|         25|        119|     14616.24491|        230|00:00:28|-0.11|0.07|1.0366|
|=|          2|         25|        119|     12528.81273|        250|00:00:02|-0.08|0.07|1.0150|
|=|          9|         25|        119|     11035.90555|        270|00:00:25|-0.06|0.07|0.9957|
|=|          5|         25|        119|     9862.966780|        290|00:00:25|-0.03|0.08|0.9909|
|=|          3|         25|        119|     8967.622104|        310|00:00:26|-0.01|0.10|0.9698|
|=|         11|         25|        119|     8235.170567|        335|00:00:37|+0.03|0.12|0.9371|
+-+-----------+-----------+-----------+----------------+-----------+--------+-----+----+------+
Best-so-far configuration:         119    mean value:      8235.170567
Description of the best-so-far configuration:
    .ID. particles topology modInfluence branching tSchedule phi1 phi2 inertia
119  119        93        4            1        NA        NA 2.34  1.1    0.71
    .PARENT.
119       12

# 2025-06-09 01:12:12 -04: Elite configurations (first number is the configuration ID; listed from best to worst according to the sum of ranks):
    particles topology modInfluence branching tSchedule phi1 phi2 inertia
119        93        4            1        NA        NA 2.34 1.10    0.71
136       111        4            0        NA        NA 1.92 1.17    0.63
68         67        4            0        NA        NA 2.16 1.93    0.74
118        70        1            1        NA        NA 1.97 2.38    0.70
155        87        4            1        NA        NA 2.00 1.99    0.70
# 2025-06-09 01:12:12 -04: Iteration 4 of 5
# experimentsUsed: 1070
# remainingBudget: 930
# currentBudget: 465
# nbConfigurations: 43
# Markers:
     x No test is performed.
     c Configurations are discarded only due to capping.
     - The test is performed and some configurations are discarded.
     = The test is performed but no configuration is discarded.
     ! The test is performed and configurations could be discarded but elite configurations are preserved.
     . All alive configurations are elite and nothing is discarded.

+-+-----------+-----------+-----------+----------------+-----------+--------+-----+----+------+
| |   Instance|      Alive|       Best|       Mean best| Exp so far|  W time|  rho|KenW|  Qvar|
+-+-----------+-----------+-----------+----------------+-----------+--------+-----+----+------+
|x|         12|         43|        182|     228.9393614|         43|00:01:08|   NA|  NA|    NA|
|x|          7|         43|        177|     555.6862787|         81|00:01:04|+0.44|0.72|0.5358|
|x|         10|         43|        182|     379.2222100|        119|00:00:13|+0.05|0.37|0.6673|
|x|          3|         43|        182|     511.5882335|        157|00:00:58|+0.20|0.40|0.6523|
|=|          6|         43|        182|     39014.74300|        195|00:00:13|+0.03|0.22|0.7505|
|=|          8|         43|        119|     14753.99702|        233|00:00:57|+0.07|0.22|0.6826|
|-|          2|         31|        119|     12646.88597|        271|00:00:13|-0.09|0.06|1.0066|
|=|          9|         31|        119|     11139.21964|        297|00:00:45|-0.05|0.08|0.9630|
|=|         11|         31|        119|     10002.71247|        323|00:00:45|-0.04|0.07|0.9424|
|=|          1|         31|        119|     9005.632232|        349|00:00:25|-0.02|0.08|0.9324|
|=|          5|         31|        119|     8230.525356|        375|00:00:45|-0.01|0.09|0.9349|
|=|          4|         31|        160|     8327.672205|        401|00:00:32|+0.01|0.09|0.9189|
|=|         13|         31|        160|     7689.436231|        432|00:00:12|+0.00|0.08|0.9204|
+-+-----------+-----------+-----------+----------------+-----------+--------+-----+----+------+
Best-so-far configuration:         160    mean value:      7689.436231
Description of the best-so-far configuration:
    .ID. particles topology modInfluence branching tSchedule phi1 phi2 inertia
160  160        86        1            1        NA        NA  2.3 2.35    0.64
    .PARENT.
160      118

# 2025-06-09 01:20:31 -04: Elite configurations (first number is the configuration ID; listed from best to worst according to the sum of ranks):
    particles topology modInfluence branching tSchedule phi1 phi2 inertia
160        86        1            1        NA        NA 2.30 2.35    0.64
181        69        4            1        NA        NA 2.42 1.10    0.67
167        90        4            1        NA        NA 2.36 1.76    0.74
119        93        4            1        NA        NA 2.34 1.10    0.71
155        87        4            1        NA        NA 2.00 1.99    0.70
# 2025-06-09 01:20:31 -04: Iteration 5 of 5
# experimentsUsed: 1502
# remainingBudget: 498
# currentBudget: 498
# nbConfigurations: 40
# Markers:
     x No test is performed.
     c Configurations are discarded only due to capping.
     - The test is performed and some configurations are discarded.
     = The test is performed but no configuration is discarded.
     ! The test is performed and configurations could be discarded but elite configurations are preserved.
     . All alive configurations are elite and nothing is discarded.

+-+-----------+-----------+-----------+----------------+-----------+--------+-----+----+------+
| |   Instance|      Alive|       Best|       Mean best| Exp so far|  W time|  rho|KenW|  Qvar|
+-+-----------+-----------+-----------+----------------+-----------+--------+-----+----+------+
|x|         14|         40|        213|     263.0557262|         40|00:00:33|   NA|  NA|    NA|
|x|          8|         40|        208|     612.9174187|         75|00:00:49|-0.49|0.25|0.9097|
|x|          2|         40|        208|     409.9410242|        110|00:00:04|-0.10|0.27|1.0654|
|x|         12|         40|        208|     374.4303674|        145|00:00:48|-0.08|0.19|0.8809|
|=|          3|         40|        229|     408.8503551|        180|00:00:50|+0.03|0.22|0.8415|
|=|         10|         40|        228|     424.7048460|        215|00:00:04|-0.02|0.15|0.9261|
|=|          7|         40|        228|     504.0333477|        250|00:00:55|+0.02|0.16|0.8584|
|=|          1|         40|        208|     427.8910811|        285|00:00:22|+0.03|0.16|0.8638|
|=|          4|         40|        228|     427.1818173|        320|00:00:32|+0.04|0.15|0.8443|
|-|          9|         27|        228|     441.1987186|        355|00:00:49|-0.06|0.05|0.9880|
|=|         13|         27|        228|     403.8435205|        377|00:00:03|-0.03|0.06|0.9833|
|=|         11|         27|        228|     446.1400228|        399|00:00:37|-0.02|0.06|0.9706|
|=|          6|         27|        228|     11065.69709|        421|00:00:03|-0.02|0.06|0.9565|
|=|          5|         27|        228|     10309.45238|        443|00:00:35|-0.01|0.06|0.9396|
|=|         15|         27|        160|     7254.757183|        470|00:00:03|-0.01|0.06|0.9546|
+-+-----------+-----------+-----------+----------------+-----------+--------+-----+----+------+
Best-so-far configuration:         160    mean value:      7254.757183
Description of the best-so-far configuration:
    .ID. particles topology modInfluence branching tSchedule phi1 phi2 inertia
160  160        86        1            1        NA        NA  2.3 2.35    0.64
    .PARENT.
160      118

# 2025-06-09 01:27:45 -04: Elite configurations (first number is the configuration ID; listed from best to worst according to the sum of ranks):
    particles topology modInfluence branching tSchedule phi1 phi2 inertia
160        86        1            1        NA        NA 2.30 2.35    0.64
208        54        1            1        NA        NA 2.24 2.29    0.64
228        73        4            1        NA        NA 2.12 2.04    0.69
181        69        4            1        NA        NA 2.42 1.10    0.67
167        90        4            1        NA        NA 2.36 1.76    0.74
# 2025-06-09 01:27:45 -04: Iteration 6 of 6
# experimentsUsed: 1972
# remainingBudget: 28
# currentBudget: 28
# nbConfigurations: 6
# Markers:
     x No test is performed.
     c Configurations are discarded only due to capping.
     - The test is performed and some configurations are discarded.
     = The test is performed but no configuration is discarded.
     ! The test is performed and configurations could be discarded but elite configurations are preserved.
     . All alive configurations are elite and nothing is discarded.

+-+-----------+-----------+-----------+----------------+-----------+--------+-----+----+------+
| |   Instance|      Alive|       Best|       Mean best| Exp so far|  W time|  rho|KenW|  Qvar|
+-+-----------+-----------+-----------+----------------+-----------+--------+-----+----+------+
|x|         16|          6|        167|     177.6782956|          6|00:00:01|   NA|  NA|    NA|
|x|          3|          6|        167|     543.3941499|          7|00:00:12|+0.77|0.89|0.3365|
|x|         15|          6|        167|     2870.067463|          8|00:00:01|+0.50|0.67|0.2952|
|x|         14|          6|        167|     2331.153604|          9|00:00:07|+0.56|0.67|0.2632|
|-|         12|          5|        167|     1919.113425|         10|00:00:11|+0.22|0.38|0.4248|
|.|          6|          5|        167|     23843.18272|         10|00:00:00|+0.07|0.23|0.6782|
|.|          8|          5|        167|     20518.39712|         10|00:00:00|+0.05|0.18|0.7436|
|.|          4|          5|        167|     17991.90622|         10|00:00:00|+0.00|0.13|0.7958|
|.|          1|          5|        167|     15996.39653|         10|00:00:00|-0.05|0.07|0.8316|
|.|         11|          5|        167|     14487.78895|         10|00:00:00|-0.08|0.03|0.8590|
|.|          9|          5|        167|     13223.26465|         10|00:00:00|-0.09|0.00|0.8697|
|.|         13|          5|        167|     12124.41271|         10|00:00:00|-0.08|0.01|0.8666|
|.|          5|          5|        167|     11228.59907|         10|00:00:00|-0.06|0.02|0.8554|
|.|         10|          5|        167|     10427.55659|         10|00:00:00|-0.05|0.02|0.8482|
|.|          2|          5|        167|     9732.669227|         10|00:00:00|-0.03|0.04|0.8347|
|.|          7|          5|        167|     9184.274398|         10|00:00:00|-0.04|0.03|0.8378|
+-+-----------+-----------+-----------+----------------+-----------+--------+-----+----+------+
Best configuration for the instances in this race: 167
Best-so-far configuration:         208    mean value:      6571.651187
Description of the best-so-far configuration:
    .ID. particles topology modInfluence branching tSchedule phi1 phi2 inertia
208  208        54        1            1        NA        NA 2.24 2.29    0.64
    .PARENT.
208      160

# 2025-06-09 01:28:20 -04: Elite configurations (first number is the configuration ID; listed from best to worst according to the sum of ranks):
    particles topology modInfluence branching tSchedule phi1 phi2 inertia
208        54        1            1        NA        NA 2.24 2.29    0.64
160        86        1            1        NA        NA 2.30 2.35    0.64
228        73        4            1        NA        NA 2.12 2.04    0.69
167        90        4            1        NA        NA 2.36 1.76    0.74
181        69        4            1        NA        NA 2.42 1.10    0.67
# 2025-06-09 01:28:20 -04: Iteration 7 of 7
# experimentsUsed: 1982
# remainingBudget: 18
# currentBudget: 18
# nbConfigurations: 6
# Markers:
     x No test is performed.
     c Configurations are discarded only due to capping.
     - The test is performed and some configurations are discarded.
     = The test is performed but no configuration is discarded.
     ! The test is performed and configurations could be discarded but elite configurations are preserved.
     . All alive configurations are elite and nothing is discarded.

+-+-----------+-----------+-----------+----------------+-----------+--------+-----+----+------+
| |   Instance|      Alive|       Best|       Mean best| Exp so far|  W time|  rho|KenW|  Qvar|
+-+-----------+-----------+-----------+----------------+-----------+--------+-----+----+------+
|x|          2|          6|        208|     3.988235191|          1|00:00:01|   NA|  NA|    NA|
|x|          8|          6|        208|     273.6687858|          2|00:00:11|+0.77|0.89|0.1383|
|x|         14|          6|        208|     409.9410242|          3|00:00:08|+0.31|0.54|0.5089|
|x|          5|          6|        208|     426.6763790|          4|00:00:11|+0.35|0.51|0.5401|
|=|          7|          6|        208|     534.7292265|          5|00:00:13|+0.24|0.39|0.6268|
|=|         10|          6|        208|     448.0681770|          6|00:00:01|+0.10|0.25|0.7471|
|=|         12|          6|        208|     422.3296370|          7|00:00:12|+0.14|0.27|0.7339|
|=|         11|          6|        208|     483.5127721|          8|00:00:12|+0.08|0.19|0.7974|
|=|          3|          6|        208|     531.1112027|          9|00:00:12|+0.02|0.13|0.8408|
|=|         16|          6|        208|     498.1094547|         10|00:00:01|+0.04|0.14|0.8267|
|=|          6|          6|        208|     8704.853444|         11|00:00:00|+0.06|0.15|0.8130|
|=|          9|          6|        208|     8077.545867|         12|00:00:11|-0.01|0.08|0.8539|
|=|         13|          6|        208|     7458.643626|         13|00:00:01|+0.00|0.08|0.8390|
|=|          1|          6|        208|     6928.155151|         14|00:00:05|+0.01|0.08|0.8251|
|=|          4|          6|        208|     6485.971659|         15|00:00:07|+0.03|0.10|0.8073|
|=|         15|          6|        208|     6571.651187|         16|00:00:01|+0.00|0.06|0.8282|
+-+-----------+-----------+-----------+----------------+-----------+--------+-----+----+------+
Best-so-far configuration:         208    mean value:      6571.651187
Description of the best-so-far configuration:
    .ID. particles topology modInfluence branching tSchedule phi1 phi2 inertia
208  208        54        1            1        NA        NA 2.24 2.29    0.64
    .PARENT.
208      160

# 2025-06-09 01:30:15 -04: Elite configurations (first number is the configuration ID; listed from best to worst according to the sum of ranks):
    particles topology modInfluence branching tSchedule phi1 phi2 inertia
208        54        1            1        NA        NA 2.24 2.29    0.64
228        73        4            1        NA        NA 2.12 2.04    0.69
160        86        1            1        NA        NA 2.30 2.35    0.64
167        90        4            1        NA        NA 2.36 1.76    0.74
181        69        4            1        NA        NA 2.42 1.10    0.67
# 2025-06-09 01:30:15 -04: Stopped because there is not enough budget left to race more than the minimum (5).
# You may either increase the budget or set 'minNbSurvival' to a lower value.
# Iteration: 8
# nbIterations: 8
# experimentsUsed: 1998
# timeUsed: 0
# remainingBudget: 2
# currentBudget: 2
# number of elites: 5
# nbConfigurations: 5
# Total CPU user time: 16536.89, CPU sys time: 86.905, Wall-clock time: 2153.412
# 2025-06-09 01:30:15 -04: Starting post-selection:
# Configurations selected: 208, 228.
# Pending instances: 0, 0.
# 2025-06-09 01:30:15 -04: seed: 20250512
# Configurations: 2
# Available experiments: 2
# minSurvival: 1
# Markers:
     x No test is performed.
     c Configurations are discarded only due to capping.
     - The test is performed and some configurations are discarded.
     = The test is performed but no configuration is discarded.
     ! The test is performed and configurations could be discarded but elite configurations are preserved.
     . All alive configurations are elite and nothing is discarded.

+-+-----------+-----------+-----------+----------------+-----------+--------+-----+----+------+
| |   Instance|      Alive|       Best|       Mean best| Exp so far|  W time|  rho|KenW|  Qvar|
+-+-----------+-----------+-----------+----------------+-----------+--------+-----+----+------+
|.|          9|          2|        228|     567.3508308|          0|00:00:00|   NA|  NA|    NA|
|.|         13|          2|        228|     298.8211849|          0|00:00:00|+1.00|1.00|0.0000|
|.|          5|          2|        228|     358.6378658|          0|00:00:00|-0.33|0.11|0.6667|
|.|          2|          2|        228|     270.0205916|          0|00:00:00|-0.33|0.00|0.6667|
|.|         14|          2|        228|     378.9650438|          0|00:00:00|-0.20|0.04|0.6000|
|.|          7|          2|        228|     479.1382629|          0|00:00:00|-0.07|0.11|0.5333|
|.|          6|          2|        228|     20196.45878|          0|00:00:00|+0.05|0.18|0.4762|
|.|          4|          2|        228|     17707.28601|          0|00:00:00|-0.07|0.06|0.5357|
|.|         16|          2|        228|     15762.89713|          0|00:00:00|+0.00|0.11|0.5000|
|.|         10|          2|        228|     14187.96893|          0|00:00:00|-0.07|0.04|0.5333|
|.|          1|          2|        228|     12901.18324|          0|00:00:00|-0.02|0.07|0.5091|
|.|          3|          2|        228|     11901.85675|          0|00:00:00|-0.06|0.03|0.5303|
|.|         12|          2|        228|     11005.81659|          0|00:00:00|-0.08|0.01|0.5385|
|.|         15|          2|        228|     10787.61451|          0|00:00:00|-0.05|0.02|0.5275|
|.|          8|          2|        228|     10105.31369|          0|00:00:00|-0.03|0.04|0.5143|
|.|         11|          2|        228|     9530.694185|          0|00:00:00|-0.05|0.02|0.5250|
|=|         17|          2|        208|     6201.699905|          2|00:00:01|-0.06|0.00|0.5294|
+-+-----------+-----------+-----------+----------------+-----------+--------+-----+----+------+
Best-so-far configuration:         208    mean value:      6201.699905
Description of the best-so-far configuration:
    .ID. particles topology modInfluence branching tSchedule phi1 phi2 inertia
208  208        54        1            1        NA        NA 2.24 2.29    0.64
    .PARENT.
208      160

# 2025-06-09 01:30:16 -04: Elite configurations (first number is the configuration ID; listed from best to worst according to the sum of ranks):
    particles topology modInfluence branching tSchedule phi1 phi2 inertia
208        54        1            1        NA        NA 2.24 2.29    0.64
228        73        4            1        NA        NA 2.12 2.04    0.69
# Total CPU user time: 16539.42, CPU sys time: 86.97, Wall-clock time: 2154.732
    .ID. particles topology modInfluence branching tSchedule phi1 phi2 inertia
208  208        54        1            1        NA        NA 2.24 2.29    0.64
228  228        73        4            1        NA        NA 2.12 2.04    0.69
    .PARENT. .RANK.  .WEIGHT.
208      160     25 0.6666667
228      155     26 0.3333333
