# 2025-06-09 12:26:48 -04: Reading parameter file '/home/dianag/PruebasPablo/irace-independent-executions/PSO-X/Scenarios/E2-BL-Mixed-SR/Runs/E2-BL-Mixed-SR_seed_909090909/parameters.txt'.
# 2025-06-09 12:26:48 -04: 2 expression(s) specifying forbidden configurations read.
# 2025-06-09 12:26:48 -04: Initialization
# Elitist race
# Elitist new instances: 1
# Elitist limit: 2
# nbIterations: 5
# minNbSurvival: 5
# nbParameters: 8
# seed: 909090909
# confidence level: 0.95
# budget: 2000
# mu: 5
# deterministic: FALSE

# 2025-06-09 12:26:48 -04: Iteration 1 of 5
# experimentsUsed: 0
# remainingBudget: 2000
# currentBudget: 400
# nbConfigurations: 66
# Markers:
     x No test is performed.
     c Configurations are discarded only due to capping.
     - The test is performed and some configurations are discarded.
     = The test is performed but no configuration is discarded.
     ! The test is performed and configurations could be discarded but elite configurations are preserved.
     . All alive configurations are elite and nothing is discarded.

+-+-----------+-----------+-----------+----------------+-----------+--------+-----+----+------+
| |   Instance|      Alive|       Best|       Mean best| Exp so far|  W time|  rho|KenW|  Qvar|
+-+-----------+-----------+-----------+----------------+-----------+--------+-----+----+------+
|x|          1|         66|         54|     470.2036939|         66|00:01:27|   NA|  NA|    NA|
|x|          2|         66|         54|     250.1000833|        132|00:00:45|+0.22|0.61|0.7075|
|x|          3|         66|         16|     350.1392985|        198|00:01:28|+0.12|0.41|0.7874|
|x|          4|         66|         30|     318.4299045|        264|00:00:18|+0.18|0.39|0.8406|
|-|          5|         35|         11|     266.9101040|        330|00:00:18|-0.07|0.15|1.0585|
|=|          6|         35|          5|     223.4218992|        365|00:00:08|+0.02|0.18|1.0064|
|=|          7|         35|          5|     201.4466709|        400|00:00:10|+0.03|0.17|0.9439|
+-+-----------+-----------+-----------+----------------+-----------+--------+-----+----+------+
Best-so-far configuration:           5    mean value:      201.4466709
Description of the best-so-far configuration:
  .ID. particles topology modInfluence branching tSchedule phi1 phi2 inertia
5    5       144        4            2        NA        NA  1.9 2.15    0.71
  .PARENT.
5       NA

# 2025-06-09 12:31:27 -04: Elite configurations (first number is the configuration ID; listed from best to worst according to the sum of ranks):
   particles topology modInfluence branching tSchedule phi1 phi2 inertia
5        144        4            2        NA        NA 1.90 2.15    0.71
11       182        4            1        NA        NA 1.74 1.99    0.77
30       129        4            0        NA        NA 2.09 1.49    0.67
27        64        1            1        NA        NA 1.51 1.76    0.40
40       191        4            1        NA        NA 1.63 1.33    0.61
# 2025-06-09 12:31:27 -04: Iteration 2 of 5
# experimentsUsed: 400
# remainingBudget: 1600
# currentBudget: 400
# nbConfigurations: 54
# Markers:
     x No test is performed.
     c Configurations are discarded only due to capping.
     - The test is performed and some configurations are discarded.
     = The test is performed but no configuration is discarded.
     ! The test is performed and configurations could be discarded but elite configurations are preserved.
     . All alive configurations are elite and nothing is discarded.

+-+-----------+-----------+-----------+----------------+-----------+--------+-----+----+------+
| |   Instance|      Alive|       Best|       Mean best| Exp so far|  W time|  rho|KenW|  Qvar|
+-+-----------+-----------+-----------+----------------+-----------+--------+-----+----+------+
|x|          8|         54|         96|     231.5317458|         54|00:00:56|   NA|  NA|    NA|
|x|          4|         54|         30|     371.0240656|        103|00:00:22|-0.07|0.47|0.7980|
|x|          5|         54|         78|     455.1558976|        152|00:00:20|+0.17|0.45|0.5329|
|x|          1|         54|         27|     508.0158351|        201|00:01:14|+0.17|0.37|0.4819|
|-|          6|         28|        109|     388.8542942|        250|00:00:20|-0.09|0.13|1.0687|
|=|          3|         28|        109|     414.5543753|        273|00:00:40|-0.01|0.16|1.0047|
|=|          2|         28|         94|     354.8290276|        296|00:00:20|-0.03|0.12|1.0021|
|=|          7|         28|         94|     316.0061133|        319|00:00:07|-0.01|0.12|0.9552|
|=|          9|         28|         94|     383.6869428|        347|00:00:45|+0.03|0.14|0.8977|
+-+-----------+-----------+-----------+----------------+-----------+--------+-----+----+------+
Best-so-far configuration:          94    mean value:      383.6869428
Description of the best-so-far configuration:
   .ID. particles topology modInfluence branching tSchedule phi1 phi2 inertia
94   94        81        4            0        NA        NA 2.38 2.23    0.35
   .PARENT.
94        5

# 2025-06-09 12:36:36 -04: Elite configurations (first number is the configuration ID; listed from best to worst according to the sum of ranks):
   particles topology modInfluence branching tSchedule phi1 phi2 inertia
94        81        4            0        NA        NA 2.38 2.23    0.35
99       108        4            2        NA        NA 1.76 2.47    0.80
30       129        4            0        NA        NA 2.09 1.49    0.67
68       175        4            2        NA        NA 0.44 2.05    0.57
90       141        1            0        NA        NA 1.92 1.81    0.46
# 2025-06-09 12:36:36 -04: Iteration 3 of 5
# experimentsUsed: 747
# remainingBudget: 1253
# currentBudget: 417
# nbConfigurations: 46
# Markers:
     x No test is performed.
     c Configurations are discarded only due to capping.
     - The test is performed and some configurations are discarded.
     = The test is performed but no configuration is discarded.
     ! The test is performed and configurations could be discarded but elite configurations are preserved.
     . All alive configurations are elite and nothing is discarded.

+-+-----------+-----------+-----------+----------------+-----------+--------+-----+----+------+
| |   Instance|      Alive|       Best|       Mean best| Exp so far|  W time|  rho|KenW|  Qvar|
+-+-----------+-----------+-----------+----------------+-----------+--------+-----+----+------+
|x|         10|         46|        119|     7061.810945|         46|00:00:20|   NA|  NA|    NA|
|x|          1|         46|        134|     3841.185317|         87|00:01:03|+0.07|0.54|0.2066|
|x|          8|         46|        134|     2918.970413|        128|00:00:46|+0.23|0.49|0.5047|
|x|          5|         46|        134|     2208.695409|        169|00:00:20|+0.30|0.47|0.4011|
|-|          7|         21|        134|     1774.091900|        210|00:00:20|+0.06|0.25|0.8436|
|=|          2|         21|        120|     1352.300284|        226|00:00:11|+0.05|0.21|0.8303|
|=|          3|         21|        147|     1274.028455|        242|00:00:24|-0.03|0.12|0.8800|
|=|          6|         21|        147|     1115.640121|        258|00:00:02|-0.03|0.10|0.8972|
|=|          9|         21|        147|     1090.824178|        274|00:00:28|+0.00|0.11|0.8560|
|=|          4|         21|        140|     1060.022296|        290|00:00:02|-0.02|0.08|0.8606|
|=|         11|         21|        140|     1015.564688|        311|00:00:36|+0.01|0.10|0.8197|
+-+-----------+-----------+-----------+----------------+-----------+--------+-----+----+------+
Best-so-far configuration:         140    mean value:      1015.564688
Description of the best-so-far configuration:
    .ID. particles topology modInfluence branching tSchedule phi1 phi2 inertia
140  140       140        4            0        NA        NA 2.39 2.07    0.53
    .PARENT.
140       94

# 2025-06-09 12:41:13 -04: Elite configurations (first number is the configuration ID; listed from best to worst according to the sum of ranks):
    particles topology modInfluence branching tSchedule phi1 phi2 inertia
140       140        4            0        NA        NA 2.39 2.07    0.53
94         81        4            0        NA        NA 2.38 2.23    0.35
147       139        4            0        NA        NA 1.64 2.43    0.66
134       133        4            0        NA        NA 1.50 1.39    0.58
122       119        4            0        NA        NA 2.00 1.79    0.64
# 2025-06-09 12:41:13 -04: Iteration 4 of 5
# experimentsUsed: 1058
# remainingBudget: 942
# currentBudget: 471
# nbConfigurations: 43
# Markers:
     x No test is performed.
     c Configurations are discarded only due to capping.
     - The test is performed and some configurations are discarded.
     = The test is performed but no configuration is discarded.
     ! The test is performed and configurations could be discarded but elite configurations are preserved.
     . All alive configurations are elite and nothing is discarded.

+-+-----------+-----------+-----------+----------------+-----------+--------+-----+----+------+
| |   Instance|      Alive|       Best|       Mean best| Exp so far|  W time|  rho|KenW|  Qvar|
+-+-----------+-----------+-----------+----------------+-----------+--------+-----+----+------+
|x|         12|         43|        157|     3.684379092|         43|00:00:04|   NA|  NA|    NA|
|x|          2|         43|        178|     16.90315239|         81|00:00:22|+0.22|0.61|0.6798|
|x|          6|         43|         94|     13.41214438|        119|00:00:03|+0.35|0.57|0.6662|
|x|         10|         43|        178|     1828.236103|        157|00:00:04|+0.00|0.25|0.9116|
|=|          9|         43|        178|     1648.430314|        195|00:00:57|-0.05|0.16|0.9251|
|=|          7|         43|        178|     1379.150914|        233|00:00:05|-0.02|0.15|0.8865|
|=|          5|         43|        178|     1192.896540|        271|00:00:04|+0.04|0.18|0.8485|
|-|          8|         28|        193|     1048.230077|        309|00:00:31|-0.05|0.08|0.9355|
|=|         11|         28|        193|     1044.482666|        332|00:00:37|-0.05|0.06|0.9359|
|=|          1|         28|        178|     1013.922553|        355|00:00:35|-0.04|0.07|0.9257|
|=|          4|         28|        178|     936.1933597|        378|00:00:03|-0.02|0.07|0.9291|
|=|          3|         28|        178|     904.1216263|        401|00:00:36|-0.01|0.08|0.9172|
|=|         13|         28|        178|     9990.658657|        429|00:00:03|+0.02|0.09|0.8943|
+-+-----------+-----------+-----------+----------------+-----------+--------+-----+----+------+
Best-so-far configuration:         178    mean value:      9990.658657
Description of the best-so-far configuration:
    .ID. particles topology modInfluence branching tSchedule phi1 phi2 inertia
178  178       146        4            0        NA        NA  1.6 2.37    0.47
    .PARENT.
178      147

# 2025-06-09 12:45:23 -04: Elite configurations (first number is the configuration ID; listed from best to worst according to the sum of ranks):
    particles topology modInfluence branching tSchedule phi1 phi2 inertia
178       146        4            0        NA        NA 1.60 2.37    0.47
163        98        4            0        NA        NA 2.17 2.21    0.49
183        62        4            0        NA        NA 2.25 2.34    0.21
94         81        4            0        NA        NA 2.38 2.23    0.35
175       190        4            0        NA        NA 2.24 2.42    0.44
# 2025-06-09 12:45:23 -04: Iteration 5 of 5
# experimentsUsed: 1487
# remainingBudget: 513
# currentBudget: 513
# nbConfigurations: 41
# Markers:
     x No test is performed.
     c Configurations are discarded only due to capping.
     - The test is performed and some configurations are discarded.
     = The test is performed but no configuration is discarded.
     ! The test is performed and configurations could be discarded but elite configurations are preserved.
     . All alive configurations are elite and nothing is discarded.

+-+-----------+-----------+-----------+----------------+-----------+--------+-----+----+------+
| |   Instance|      Alive|       Best|       Mean best| Exp so far|  W time|  rho|KenW|  Qvar|
+-+-----------+-----------+-----------+----------------+-----------+--------+-----+----+------+
|x|         14|         41|        183|     908.3569581|         41|00:01:01|   NA|  NA|    NA|
|x|          3|         41|        202|     721.2825479|         77|00:00:48|-0.36|0.32|1.3419|
|x|          2|         41|        183|     491.8819194|        113|00:00:23|-0.04|0.31|1.0249|
|x|         13|         41|        206|     23223.08071|        149|00:00:03|-0.05|0.21|1.0027|
|=|          5|         41|        206|     18594.17823|        185|00:00:03|+0.01|0.20|0.9320|
|=|          9|         41|        206|     15655.02920|        221|00:00:55|+0.01|0.17|0.9143|
|=|         11|         41|        206|     13495.60134|        257|00:00:48|+0.02|0.16|0.9133|
|=|          6|         41|        206|     11809.42607|        293|00:00:03|+0.01|0.14|0.9402|
|=|          8|         41|        205|     13007.81716|        329|00:00:31|-0.01|0.11|0.9456|
|=|          1|         41|        178|     12331.90330|        365|00:00:47|-0.01|0.09|0.9516|
|=|          4|         41|        178|     11225.26677|        401|00:00:04|+0.00|0.09|0.9288|
|=|          7|         41|        178|     10292.55737|        437|00:00:04|+0.01|0.09|0.9195|
|=|         12|         41|        178|     9501.122561|        473|00:00:03|-0.01|0.07|0.9466|
|=|         10|         41|        178|     9341.996581|        509|00:00:03|-0.00|0.07|0.9333|
+-+-----------+-----------+-----------+----------------+-----------+--------+-----+----+------+
Best-so-far configuration:         178    mean value:      9341.996581
Description of the best-so-far configuration:
    .ID. particles topology modInfluence branching tSchedule phi1 phi2 inertia
178  178       146        4            0        NA        NA  1.6 2.37    0.47
    .PARENT.
178      147

# 2025-06-09 12:51:08 -04: Elite configurations (first number is the configuration ID; listed from best to worst according to the sum of ranks):
    particles topology modInfluence branching tSchedule phi1 phi2 inertia
178       146        4            0        NA        NA 1.60 2.37    0.47
202        75        4            0        NA        NA 2.44 2.34    0.34
205       162        4            0        NA        NA 1.59 2.44    0.56
198       165        4            0        NA        NA 1.16 2.31    0.38
216       107        4            0        NA        NA 2.36 2.20    0.55
# 2025-06-09 12:51:08 -04: Stopped because there is not enough budget left to race more than the minimum (5).
# You may either increase the budget or set 'minNbSurvival' to a lower value.
# Iteration: 6
# nbIterations: 6
# experimentsUsed: 1996
# timeUsed: 0
# remainingBudget: 4
# currentBudget: 4
# number of elites: 5
# nbConfigurations: 5
# Total CPU user time: 11753.69, CPU sys time: 77.427, Wall-clock time: 1459.603
# 2025-06-09 12:51:08 -04: Starting post-selection:
# Configurations selected: 178, 202, 205, 198.
# Pending instances: 0, 0, 0, 0.
# 2025-06-09 12:51:08 -04: seed: 909090909
# Configurations: 4
# Available experiments: 4
# minSurvival: 1
# Markers:
     x No test is performed.
     c Configurations are discarded only due to capping.
     - The test is performed and some configurations are discarded.
     = The test is performed but no configuration is discarded.
     ! The test is performed and configurations could be discarded but elite configurations are preserved.
     . All alive configurations are elite and nothing is discarded.

+-+-----------+-----------+-----------+----------------+-----------+--------+-----+----+------+
| |   Instance|      Alive|       Best|       Mean best| Exp so far|  W time|  rho|KenW|  Qvar|
+-+-----------+-----------+-----------+----------------+-----------+--------+-----+----+------+
|.|         14|          4|        202|     909.1263853|          0|00:00:00|   NA|  NA|    NA|
|.|         12|          4|        202|     456.4593887|          0|00:00:00|+1.00|1.00|0.0065|
|.|          4|          4|        202|     354.7317700|          0|00:00:00|+0.87|0.91|0.2393|
|.|         11|          4|        202|     401.5161939|          0|00:00:00|+0.57|0.68|0.3257|
|.|          1|          4|        202|     416.0189668|          0|00:00:00|+0.52|0.62|0.4239|
|.|          6|          4|        202|     347.4070117|          0|00:00:00|+0.53|0.61|0.4078|
|.|          3|          4|        202|     373.9829686|          0|00:00:00|+0.56|0.62|0.4037|
|.|          7|          4|        202|     332.4129777|          0|00:00:00|+0.23|0.33|0.6239|
|.|          9|          4|        202|     398.7557774|          0|00:00:00|+0.06|0.16|0.7220|
|.|         13|          4|        202|     19872.07214|          0|00:00:00|-0.02|0.08|0.7775|
|.|         10|          4|        202|     18759.35618|          0|00:00:00|-0.06|0.03|0.8062|
|.|          2|          4|        202|     17198.83610|          0|00:00:00|-0.07|0.02|0.7996|
|.|          5|          4|        202|     15882.85679|          0|00:00:00|-0.08|0.01|0.7997|
|.|          8|          4|        202|     14831.42757|          0|00:00:00|-0.06|0.01|0.7844|
|=|         15|          4|        178|     8721.474768|          4|00:00:01|-0.06|0.01|0.7722|
+-+-----------+-----------+-----------+----------------+-----------+--------+-----+----+------+
Best-so-far configuration:         178    mean value:      8721.474768
Description of the best-so-far configuration:
    .ID. particles topology modInfluence branching tSchedule phi1 phi2 inertia
178  178       146        4            0        NA        NA  1.6 2.37    0.47
    .PARENT.
178      147

# 2025-06-09 12:51:09 -04: Elite configurations (first number is the configuration ID; listed from best to worst according to the sum of ranks):
    particles topology modInfluence branching tSchedule phi1 phi2 inertia
178       146        4            0        NA        NA 1.60 2.37    0.47
205       162        4            0        NA        NA 1.59 2.44    0.56
202        75        4            0        NA        NA 2.44 2.34    0.34
198       165        4            0        NA        NA 1.16 2.31    0.38
# Total CPU user time: 11757.42, CPU sys time: 77.573, Wall-clock time: 1460.901
    .ID. particles topology modInfluence branching tSchedule phi1 phi2 inertia
178  178       146        4            0        NA        NA 1.60 2.37    0.47
205  205       162        4            0        NA        NA 1.59 2.44    0.56
202  202        75        4            0        NA        NA 2.44 2.34    0.34
198  198       165        4            0        NA        NA 1.16 2.31    0.38
    .PARENT. .RANK. .WEIGHT.
178      147     35      0.4
205      178     37      0.3
202       94     38      0.2
198      178     40      0.1
