# 2025-06-06 19:57:17 -04: Reading parameter file '/home/dianag/PruebasPablo/irace-independent-executions/ACOTSP/Scenarios/E3-BH-N/Runs/E3-BH-N_seed_246813579/parameters.txt'.
# 2025-06-06 19:57:17 -04: 1 expression(s) specifying forbidden configurations read.
# 2025-06-06 19:57:17 -04: Initialization
# Elitist race
# Elitist new instances: 1
# Elitist limit: 2
# nbIterations: 5
# minNbSurvival: 5
# nbParameters: 11
# seed: 246813579
# confidence level: 0.95
# budget: 5500
# mu: 5
# deterministic: FALSE

# 2025-06-06 19:57:17 -04: Iteration 1 of 5
# experimentsUsed: 0
# remainingBudget: 5500
# currentBudget: 1100
# nbConfigurations: 183
# Markers:
     x No test is performed.
     c Configurations are discarded only due to capping.
     - The test is performed and some configurations are discarded.
     = The test is performed but no configuration is discarded.
     ! The test is performed and configurations could be discarded but elite configurations are preserved.
     . All alive configurations are elite and nothing is discarded.

+-+-----------+-----------+-----------+----------------+-----------+--------+-----+----+------+
| |   Instance|      Alive|       Best|       Mean best| Exp so far|  W time|  rho|KenW|  Qvar|
+-+-----------+-----------+-----------+----------------+-----------+--------+-----+----+------+
|x|          1|        183|         19|     32432545.00|        183|00:04:44|   NA|  NA|    NA|
|x|          2|        183|        103|     32414587.00|        366|00:04:48|+0.98|0.99|0.0015|
|x|          3|        183|          2|     32612460.33|        549|00:04:41|+0.98|0.98|0.0017|
|x|          4|        183|          2|     32550928.00|        732|00:04:42|+0.98|0.98|0.0016|
|-|          5|          7|          2|     32547599.20|        915|00:04:43|+0.55|0.64|0.3555|
|-|          6|          3|          2|     32576655.67|        922|00:00:11|+0.23|0.36|0.3940|
+-+-----------+-----------+-----------+----------------+-----------+--------+-----+----+------+
Best-so-far configuration:           2    mean value:      32576655.67
Description of the best-so-far configuration:
  .ID. algorithm localsearch alpha beta  rho ants q0 rasrank elitistants nnls
2    2      mmas           3  1.35 6.91 0.76   39 NA      NA          NA   22
  dlb .PARENT.
2   1       NA

# 2025-06-06 20:21:09 -04: Elite configurations (first number is the configuration ID; listed from best to worst according to the sum of ranks):
    algorithm localsearch alpha beta  rho ants   q0 rasrank elitistants nnls
2        mmas           3  1.35 6.91 0.76   39   NA      NA          NA   22
19       mmas           2  1.19 0.97 0.55   66   NA      NA          NA   18
173       acs           3  4.14 4.60 0.48   36 0.66      NA          NA   33
    dlb
2     1
19    1
173   1
# 2025-06-06 20:21:09 -04: Iteration 2 of 5
# experimentsUsed: 922
# remainingBudget: 4578
# currentBudget: 1144
# nbConfigurations: 166
# Markers:
     x No test is performed.
     c Configurations are discarded only due to capping.
     - The test is performed and some configurations are discarded.
     = The test is performed but no configuration is discarded.
     ! The test is performed and configurations could be discarded but elite configurations are preserved.
     . All alive configurations are elite and nothing is discarded.

+-+-----------+-----------+-----------+----------------+-----------+--------+-----+----+------+
| |   Instance|      Alive|       Best|       Mean best| Exp so far|  W time|  rho|KenW|  Qvar|
+-+-----------+-----------+-----------+----------------+-----------+--------+-----+----+------+
|x|          7|        166|        257|     32851574.00|        166|00:03:54|   NA|  NA|    NA|
|x|          4|        166|        257|     32615966.00|        329|00:03:50|+0.98|0.99|0.0018|
|x|          5|        166|        257|     32566310.00|        492|00:03:49|+0.98|0.99|0.0017|
|x|          2|        166|        257|     32539446.25|        655|00:03:48|+0.98|0.99|0.0016|
|-|          6|          7|        257|     32568267.40|        818|00:03:49|+0.64|0.71|0.2802|
|-|          1|          5|        257|     32548647.17|        822|00:00:10|+0.46|0.55|0.3392|
+-+-----------+-----------+-----------+----------------+-----------+--------+-----+----+------+
Best configuration for the instances in this race: 257
Best-so-far configuration:           2    mean value:      32629100.14
Description of the best-so-far configuration:
  .ID. algorithm localsearch alpha beta  rho ants q0 rasrank elitistants nnls
2    2      mmas           3  1.35 6.91 0.76   39 NA      NA          NA   22
  dlb .PARENT.
2   1       NA

# 2025-06-06 20:40:33 -04: Elite configurations (first number is the configuration ID; listed from best to worst according to the sum of ranks):
    algorithm localsearch alpha beta  rho ants   q0 rasrank elitistants nnls
2        mmas           3  1.35 6.91 0.76   39   NA      NA          NA   22
19       mmas           2  1.19 0.97 0.55   66   NA      NA          NA   18
173       acs           3  4.14 4.60 0.48   36 0.66      NA          NA   33
257      mmas           3  1.02 2.60 0.72   29   NA      NA          NA    9
193      mmas           3  1.22 5.84 0.62   29   NA      NA          NA   26
    dlb
2     1
19    1
173   1
257   1
193   1
# 2025-06-06 20:40:33 -04: Iteration 3 of 5
# experimentsUsed: 1744
# remainingBudget: 3756
# currentBudget: 1252
# nbConfigurations: 160
# Markers:
     x No test is performed.
     c Configurations are discarded only due to capping.
     - The test is performed and some configurations are discarded.
     = The test is performed but no configuration is discarded.
     ! The test is performed and configurations could be discarded but elite configurations are preserved.
     . All alive configurations are elite and nothing is discarded.

+-+-----------+-----------+-----------+----------------+-----------+--------+-----+----+------+
| |   Instance|      Alive|       Best|       Mean best| Exp so far|  W time|  rho|KenW|  Qvar|
+-+-----------+-----------+-----------+----------------+-----------+--------+-----+----+------+
|x|          8|        160|        359|     32279840.00|        160|00:03:44|   NA|  NA|    NA|
|x|          2|        160|        362|     32389503.00|        315|00:03:39|+0.96|0.98|0.0013|
|x|          4|        160|        362|     32388865.67|        470|00:03:38|+0.96|0.97|0.0019|
|x|          3|        160|        359|     32496252.75|        627|00:03:40|+0.96|0.97|0.0019|
|-|          6|         14|        257|     32540850.00|        782|00:03:39|+0.09|0.27|0.8109|
|-|          5|         12|        257|     32528541.33|        791|00:00:20|+0.14|0.28|0.7343|
|=|          1|         12|        257|     32517399.14|        798|00:00:10|+0.11|0.24|0.7851|
|-|          7|          8|        257|     32559171.00|        805|00:00:10|+0.00|0.13|0.8514|
|=|          9|          8|        257|     32561123.56|        813|00:00:10|-0.01|0.10|0.8616|
|=|         10|          8|        495|     32568999.50|        821|00:00:10|+0.01|0.11|0.8549|
+-+-----------+-----------+-----------+----------------+-----------+--------+-----+----+------+
Best-so-far configuration:         495    mean value:      32568999.50
Description of the best-so-far configuration:
    .ID. algorithm localsearch alpha beta  rho ants  q0 rasrank elitistants
495  495       acs           3  1.71  5.5 0.96   60 0.8      NA          NA
    nnls dlb .PARENT.
495   18   1        2

# 2025-06-06 20:59:59 -04: Elite configurations (first number is the configuration ID; listed from best to worst according to the sum of ranks):
    algorithm localsearch alpha beta  rho ants   q0 rasrank elitistants nnls
495       acs           3  1.71 5.50 0.96   60 0.80      NA          NA   18
257      mmas           3  1.02 2.60 0.72   29   NA      NA          NA    9
377       acs           3  4.58 6.84 0.23   57 0.58      NA          NA   42
362       acs           3  4.61 5.11 0.26   58 0.76      NA          NA   27
359       acs           3  4.65 5.03 0.37   70 0.68      NA          NA   32
    dlb
495   1
257   1
377   1
362   1
359   1
# 2025-06-06 20:59:59 -04: Iteration 4 of 5
# experimentsUsed: 2565
# remainingBudget: 2935
# currentBudget: 1467
# nbConfigurations: 137
# Markers:
     x No test is performed.
     c Configurations are discarded only due to capping.
     - The test is performed and some configurations are discarded.
     = The test is performed but no configuration is discarded.
     ! The test is performed and configurations could be discarded but elite configurations are preserved.
     . All alive configurations are elite and nothing is discarded.

+-+-----------+-----------+-----------+----------------+-----------+--------+-----+----+------+
| |   Instance|      Alive|       Best|       Mean best| Exp so far|  W time|  rho|KenW|  Qvar|
+-+-----------+-----------+-----------+----------------+-----------+--------+-----+----+------+
|x|         11|        137|        510|     32406557.00|        137|00:03:09|   NA|  NA|    NA|
|x|          4|        137|        632|     32376064.50|        269|00:03:01|+0.90|0.95|0.0025|
|x|          2|        137|        632|     32372968.33|        401|00:03:01|+0.89|0.93|0.0025|
|x|          5|        137|        632|     32397247.00|        533|00:03:02|+0.89|0.92|0.0031|
|-|          7|         17|        632|     32496670.40|        665|00:03:01|+0.12|0.29|0.7677|
|=|          3|         17|        632|     32553427.67|        677|00:00:21|+0.02|0.19|0.8578|
|=|         10|         17|        632|     32564494.43|        689|00:00:20|+0.03|0.17|0.8747|
|=|          8|         17|        632|     32531067.88|        701|00:00:21|+0.06|0.18|0.8629|
|=|          9|         17|        632|     32530080.22|        713|00:00:20|+0.01|0.12|0.9091|
|=|          6|         17|        632|     32550016.90|        725|00:00:20|+0.03|0.12|0.8984|
|=|          1|         17|        632|     32537397.91|        737|00:00:21|+0.05|0.13|0.8840|
|=|         12|         17|        632|     32543443.83|        754|00:00:31|+0.03|0.11|0.9075|
+-+-----------+-----------+-----------+----------------+-----------+--------+-----+----+------+
Best-so-far configuration:         632    mean value:      32543443.83
Description of the best-so-far configuration:
    .ID. algorithm localsearch alpha beta rho ants q0 rasrank elitistants nnls
632  632      mmas           3  0.92 3.75 0.8   11 NA      NA          NA   20
    dlb .PARENT.
632   1      257

# 2025-06-06 21:17:52 -04: Elite configurations (first number is the configuration ID; listed from best to worst according to the sum of ranks):
    algorithm localsearch alpha beta  rho ants   q0 rasrank elitistants nnls
632      mmas           3  0.92 3.75 0.80   11   NA      NA          NA   20
495       acs           3  1.71 5.50 0.96   60 0.80      NA          NA   18
523       acs           3  4.53 5.56 0.19   61 0.99      NA          NA   20
534       acs           3  3.63 4.52 0.44   62 0.60      NA          NA   26
621       acs           3  2.09 5.25 0.94   56 0.84      NA          NA   17
    dlb
632   1
495   1
523   1
534   1
621   1
# 2025-06-06 21:17:52 -04: Iteration 5 of 5
# experimentsUsed: 3319
# remainingBudget: 2181
# currentBudget: 2181
# nbConfigurations: 172
# Markers:
     x No test is performed.
     c Configurations are discarded only due to capping.
     - The test is performed and some configurations are discarded.
     = The test is performed but no configuration is discarded.
     ! The test is performed and configurations could be discarded but elite configurations are preserved.
     . All alive configurations are elite and nothing is discarded.

+-+-----------+-----------+-----------+----------------+-----------+--------+-----+----+------+
| |   Instance|      Alive|       Best|       Mean best| Exp so far|  W time|  rho|KenW|  Qvar|
+-+-----------+-----------+-----------+----------------+-----------+--------+-----+----+------+
|x|         13|        172|        720|     32491029.00|        172|00:03:52|   NA|  NA|    NA|
|x|         12|        172|        785|     32553239.50|        339|00:03:49|+0.76|0.88|0.0098|
|x|          4|        172|        654|     32483569.33|        506|00:03:48|+0.76|0.84|0.0111|
|x|         11|        172|        680|     32487999.25|        673|00:03:48|+0.77|0.83|0.0117|
|-|          9|         50|        642|     32486706.80|        840|00:03:48|-0.08|0.13|1.0603|
|=|          1|         50|        685|     32468798.67|        885|00:01:02|-0.01|0.16|1.0051|
|=|          6|         50|        685|     32504165.57|        930|00:01:02|-0.00|0.14|0.9856|
|=|          2|         50|        685|     32493772.25|        975|00:01:02|+0.01|0.13|0.9706|
|=|         10|         50|        643|     32505833.78|       1020|00:01:02|+0.03|0.14|0.9511|
|=|          3|         50|        643|     32535050.80|       1065|00:01:02|+0.03|0.13|0.9427|
|=|          8|         50|        643|     32511731.73|       1110|00:01:02|+0.02|0.11|0.9504|
|-|          5|         29|        643|     32510502.08|       1155|00:01:02|-0.04|0.05|0.9842|
|=|          7|         29|        643|     32541307.00|       1179|00:00:31|-0.03|0.05|0.9883|
|=|         14|         29|        643|     32558104.93|       1208|00:00:41|-0.02|0.05|0.9788|
+-+-----------+-----------+-----------+----------------+-----------+--------+-----+----+------+
Best-so-far configuration:         643    mean value:      32558104.93
Description of the best-so-far configuration:
    .ID. algorithm localsearch alpha beta  rho ants   q0 rasrank elitistants
643  643       acs           3   1.9 4.94 0.88   56 0.62      NA          NA
    nnls dlb .PARENT.
643   12   1      495

# 2025-06-06 21:45:30 -04: Elite configurations (first number is the configuration ID; listed from best to worst according to the sum of ranks):
    algorithm localsearch alpha beta  rho ants   q0 rasrank elitistants nnls
643       acs           3  1.90 4.94 0.88   56 0.62      NA          NA   12
764       acs           3  1.63 4.98 0.98   49 0.77      NA          NA   16
647       acs           3  2.46 6.40 0.99   60 0.65      NA          NA   15
706       acs           3  1.86 4.39 0.90   54 0.65      NA          NA   11
656       acs           3  1.71 4.66 0.91   59 0.61      NA          NA   12
    dlb
643   1
764   1
647   1
706   1
656   1
# 2025-06-06 21:45:30 -04: Iteration 6 of 6
# experimentsUsed: 4527
# remainingBudget: 973
# currentBudget: 973
# nbConfigurations: 69
# Markers:
     x No test is performed.
     c Configurations are discarded only due to capping.
     - The test is performed and some configurations are discarded.
     = The test is performed but no configuration is discarded.
     ! The test is performed and configurations could be discarded but elite configurations are preserved.
     . All alive configurations are elite and nothing is discarded.

+-+-----------+-----------+-----------+----------------+-----------+--------+-----+----+------+
| |   Instance|      Alive|       Best|       Mean best| Exp so far|  W time|  rho|KenW|  Qvar|
+-+-----------+-----------+-----------+----------------+-----------+--------+-----+----+------+
|x|         15|         69|        643|     32758896.00|         69|00:01:33|   NA|  NA|    NA|
|x|         13|         69|        643|     32647334.50|        133|00:01:23|-0.12|0.44|0.8433|
|x|          8|         69|        643|     32524403.33|        197|00:01:23|+0.06|0.37|0.6856|
|x|         11|         69|        805|     32498717.25|        261|00:01:23|+0.11|0.33|0.6181|
|-|          7|         46|        805|     32576407.20|        325|00:01:23|-0.11|0.12|1.0704|
|=|          9|         46|        805|     32555106.50|        366|00:01:02|-0.05|0.12|1.0285|
|=|          5|         46|        805|     32542274.71|        407|00:01:02|-0.04|0.11|1.0172|
|=|          3|         46|        805|     32579218.88|        448|00:01:02|-0.04|0.09|1.0047|
|=|         12|         46|        805|     32590922.22|        489|00:01:02|-0.03|0.08|1.0127|
|=|          2|         46|        803|     32590454.00|        530|00:01:02|-0.02|0.08|1.0002|
|=|          6|         46|        863|     32582391.91|        571|00:01:02|-0.01|0.08|0.9862|
|=|          1|         46|        863|     32571651.00|        612|00:01:02|-0.01|0.07|0.9891|
|=|         14|         46|        643|     32583599.62|        653|00:01:02|-0.01|0.07|0.9913|
|=|         10|         46|        643|     32585594.93|        694|00:01:02|+0.00|0.07|0.9807|
|=|          4|         46|        643|     32571491.00|        735|00:01:02|-0.00|0.06|0.9798|
|=|         16|         46|        643|     32568636.69|        781|00:01:02|-0.01|0.06|0.9820|
+-+-----------+-----------+-----------+----------------+-----------+--------+-----+----+------+
Best-so-far configuration:         643    mean value:      32568636.69
Description of the best-so-far configuration:
    .ID. algorithm localsearch alpha beta  rho ants   q0 rasrank elitistants
643  643       acs           3   1.9 4.94 0.88   56 0.62      NA          NA
    nnls dlb .PARENT.
643   12   1      495

# 2025-06-06 22:04:07 -04: Elite configurations (first number is the configuration ID; listed from best to worst according to the sum of ranks):
    algorithm localsearch alpha beta  rho ants   q0 rasrank elitistants nnls
643       acs           3  1.90 4.94 0.88   56 0.62      NA          NA   12
823       acs           3  1.57 4.77 0.86   56 0.90      NA          NA   11
811       acs           3  2.07 4.36 0.90   57 0.67      NA          NA   14
855       acs           3  2.18 7.19 1.00   57 0.60      NA          NA   15
826       acs           3  1.78 4.96 0.94   56 0.62      NA          NA   10
    dlb
643   1
823   1
811   1
855   1
826   1
# 2025-06-06 22:04:07 -04: Iteration 7 of 7
# experimentsUsed: 5308
# remainingBudget: 192
# currentBudget: 192
# nbConfigurations: 16
# Markers:
     x No test is performed.
     c Configurations are discarded only due to capping.
     - The test is performed and some configurations are discarded.
     = The test is performed but no configuration is discarded.
     ! The test is performed and configurations could be discarded but elite configurations are preserved.
     . All alive configurations are elite and nothing is discarded.

+-+-----------+-----------+-----------+----------------+-----------+--------+-----+----+------+
| |   Instance|      Alive|       Best|       Mean best| Exp so far|  W time|  rho|KenW|  Qvar|
+-+-----------+-----------+-----------+----------------+-----------+--------+-----+----+------+
|x|         17|         16|        826|     32757657.00|         16|00:00:21|   NA|  NA|    NA|
|x|          9|         16|        826|     32612981.00|         27|00:00:20|+0.36|0.68|0.2452|
|x|         15|         16|        826|     32686943.00|         38|00:00:21|+0.41|0.60|0.2339|
|x|          6|         16|        826|     32674499.25|         49|00:00:20|+0.49|0.62|0.2055|
|-|         16|          9|        826|     32647066.00|         60|00:00:20|-0.17|0.06|1.0490|
|=|         13|          9|        826|     32628516.67|         64|00:00:10|-0.07|0.11|0.9643|
|=|          4|          9|        826|     32591110.14|         68|00:00:10|+0.02|0.16|0.8948|
|=|         10|          9|        826|     32597294.62|         72|00:00:10|+0.01|0.13|0.8983|
|=|          7|          9|        826|     32626286.89|         76|00:00:10|+0.02|0.13|0.8873|
|=|          3|          9|        826|     32647937.70|         80|00:00:10|-0.01|0.09|0.9060|
|=|          1|          9|        826|     32625733.45|         84|00:00:10|-0.01|0.08|0.9105|
|=|          5|          9|        823|     32613918.08|         88|00:00:10|-0.02|0.07|0.9006|
|=|         11|          9|        823|     32600828.77|         92|00:00:10|-0.00|0.07|0.8920|
|=|          2|          9|        823|     32586683.29|         96|00:00:10|-0.00|0.07|0.8856|
|=|         14|          9|        826|     32603303.33|        100|00:00:10|+0.01|0.07|0.8827|
|=|         12|          9|        823|     32602080.44|        104|00:00:10|+0.00|0.07|0.8836|
|=|          8|          9|        826|     32585904.82|        108|00:00:10|-0.00|0.06|0.8973|
|=|         18|          9|        823|     32612741.17|        117|00:00:20|+0.01|0.06|0.8958|
+-+-----------+-----------+-----------+----------------+-----------+--------+-----+----+------+
Best-so-far configuration:         823    mean value:      32612741.17
Description of the best-so-far configuration:
    .ID. algorithm localsearch alpha beta  rho ants  q0 rasrank elitistants
823  823       acs           3  1.57 4.77 0.86   56 0.9      NA          NA
    nnls dlb .PARENT.
823   11   1      706

# 2025-06-06 22:08:18 -04: Elite configurations (first number is the configuration ID; listed from best to worst according to the sum of ranks):
    algorithm localsearch alpha beta  rho ants   q0 rasrank elitistants nnls
823       acs           3  1.57 4.77 0.86   56 0.90      NA          NA   11
826       acs           3  1.78 4.96 0.94   56 0.62      NA          NA   10
811       acs           3  2.07 4.36 0.90   57 0.67      NA          NA   14
855       acs           3  2.18 7.19 1.00   57 0.60      NA          NA   15
875       acs           3  1.77 4.62 0.82   56 0.67      NA          NA   12
    dlb
823   1
826   1
811   1
855   1
875   1
# 2025-06-06 22:08:18 -04: Iteration 8 of 8
# experimentsUsed: 5425
# remainingBudget: 75
# currentBudget: 75
# nbConfigurations: 8
# Markers:
     x No test is performed.
     c Configurations are discarded only due to capping.
     - The test is performed and some configurations are discarded.
     = The test is performed but no configuration is discarded.
     ! The test is performed and configurations could be discarded but elite configurations are preserved.
     . All alive configurations are elite and nothing is discarded.

+-+-----------+-----------+-----------+----------------+-----------+--------+-----+----+------+
| |   Instance|      Alive|       Best|       Mean best| Exp so far|  W time|  rho|KenW|  Qvar|
+-+-----------+-----------+-----------+----------------+-----------+--------+-----+----+------+
|x|         19|          8|        875|     32279098.00|          8|00:00:10|   NA|  NA|    NA|
|x|          7|          8|        875|     32567529.50|         11|00:00:10|+0.21|0.61|0.8229|
|x|          6|          8|        826|     32607691.33|         14|00:00:10|-0.03|0.31|0.6811|
|x|          3|          8|        875|     32655731.75|         17|00:00:10|-0.16|0.13|0.9058|
|=|         11|          8|        811|     32624594.40|         20|00:00:10|-0.06|0.15|0.7956|
|=|         12|          8|        823|     32626427.83|         23|00:00:10|-0.03|0.15|0.7626|
|=|          1|          8|        823|     32591296.43|         26|00:00:10|-0.01|0.13|0.8113|
|=|          5|          8|        823|     32575894.75|         29|00:00:10|+0.05|0.17|0.7693|
|=|          2|          8|        823|     32556661.11|         32|00:00:10|+0.03|0.13|0.8154|
|=|         18|          8|        823|     32609769.40|         35|00:00:10|+0.02|0.12|0.8264|
|=|         10|          8|        823|     32613682.18|         38|00:00:10|-0.01|0.08|0.8527|
|=|         14|          8|        823|     32630632.42|         41|00:00:10|+0.01|0.09|0.8235|
|=|          4|          8|        823|     32606972.54|         44|00:00:10|+0.04|0.11|0.8051|
|=|         13|          8|        823|     32602507.86|         47|00:00:10|+0.04|0.11|0.7974|
|=|         17|          8|        823|     32613842.87|         50|00:00:10|+0.06|0.12|0.7939|
|=|         15|          8|        823|     32628470.88|         53|00:00:10|+0.06|0.12|0.7845|
|-|         16|          6|        823|     32621766.06|         56|00:00:10|-0.03|0.03|0.8539|
|=|          8|          6|        823|     32604351.83|         57|00:00:10|-0.03|0.02|0.8633|
|=|          9|          6|        823|     32598325.68|         58|00:00:10|-0.03|0.02|0.8578|
|=|         20|          6|        823|     32592782.20|         64|00:00:10|-0.03|0.02|0.8494|
+-+-----------+-----------+-----------+----------------+-----------+--------+-----+----+------+
Best-so-far configuration:         823    mean value:      32592782.20
Description of the best-so-far configuration:
    .ID. algorithm localsearch alpha beta  rho ants  q0 rasrank elitistants
823  823       acs           3  1.57 4.77 0.86   56 0.9      NA          NA
    nnls dlb .PARENT.
823   11   1      706

# 2025-06-06 22:11:48 -04: Elite configurations (first number is the configuration ID; listed from best to worst according to the sum of ranks):
    algorithm localsearch alpha beta  rho ants   q0 rasrank elitistants nnls
823       acs           3  1.57 4.77 0.86   56 0.90      NA          NA   11
826       acs           3  1.78 4.96 0.94   56 0.62      NA          NA   10
811       acs           3  2.07 4.36 0.90   57 0.67      NA          NA   14
855       acs           3  2.18 7.19 1.00   57 0.60      NA          NA   15
875       acs           3  1.77 4.62 0.82   56 0.67      NA          NA   12
    dlb
823   1
826   1
811   1
855   1
875   1
# 2025-06-06 22:11:48 -04: Stopped because there is not enough budget left to race more than the minimum (5).
# You may either increase the budget or set 'minNbSurvival' to a lower value.
# Iteration: 9
# nbIterations: 9
# experimentsUsed: 5489
# timeUsed: 0
# remainingBudget: 11
# currentBudget: 11
# number of elites: 5
# nbConfigurations: 5
# Total CPU user time: 59826.32, CPU sys time: 458.674, Wall-clock time: 8071.314
# 2025-06-06 22:11:48 -04: Starting post-selection:
# Configurations selected: 823, 826, 811, 855, 875, 643.
# Pending instances: 1, 1, 1, 1, 1, 3.
# 2025-06-06 22:11:49 -04: seed: 246813579
# Configurations: 6
# Available experiments: 11
# minSurvival: 1
# Markers:
     x No test is performed.
     c Configurations are discarded only due to capping.
     - The test is performed and some configurations are discarded.
     = The test is performed but no configuration is discarded.
     ! The test is performed and configurations could be discarded but elite configurations are preserved.
     . All alive configurations are elite and nothing is discarded.

+-+-----------+-----------+-----------+----------------+-----------+--------+-----+----+------+
| |   Instance|      Alive|       Best|       Mean best| Exp so far|  W time|  rho|KenW|  Qvar|
+-+-----------+-----------+-----------+----------------+-----------+--------+-----+----+------+
|.|          4|          6|        823|     32323054.00|          0|00:00:00|   NA|  NA|    NA|
|.|         11|          6|        823|     32383405.50|          0|00:00:00|+0.77|0.89|0.2065|
|.|         16|          6|        823|     32427100.00|          0|00:00:00|+0.12|0.42|0.6786|
|.|          8|          6|        823|     32397402.50|          0|00:00:00|+0.14|0.36|0.7491|
|x|         19|          6|        811|     32379570.40|          1|00:00:10|-0.05|0.16|0.8714|
|.|         15|          6|        811|     32454446.00|          1|00:00:00|-0.07|0.11|0.9223|
|.|         12|          6|        811|     32475910.71|          1|00:00:00|-0.12|0.04|0.9229|
|.|         14|          6|        811|     32513757.88|          1|00:00:00|-0.12|0.02|0.9195|
|x|         20|          6|        811|     32508364.67|          2|00:00:10|-0.07|0.05|0.9001|
|.|          6|          6|        811|     32525327.90|          2|00:00:00|-0.04|0.06|0.8979|
|.|         13|          6|        811|     32528885.00|          2|00:00:00|-0.05|0.05|0.9086|
|.|          2|          6|        811|     32525208.50|          2|00:00:00|-0.06|0.03|0.9012|
|.|          7|          6|        811|     32551996.62|          2|00:00:00|-0.06|0.02|0.8998|
|.|          5|          6|        811|     32549204.79|          2|00:00:00|-0.06|0.01|0.8875|
|.|          1|          6|        811|     32539132.73|          2|00:00:00|-0.06|0.01|0.8747|
|.|         18|          6|        811|     32573601.94|          2|00:00:00|-0.04|0.02|0.8641|
|.|         10|          6|        811|     32578504.82|          2|00:00:00|-0.04|0.02|0.8653|
|.|         17|          6|        811|     32592637.94|          2|00:00:00|-0.03|0.03|0.8573|
|.|          3|          6|        811|     32601830.95|          2|00:00:00|-0.04|0.01|0.8672|
|.|          9|          6|        811|     32595813.10|          2|00:00:00|-0.03|0.02|0.8601|
|=|         21|          6|        823|     32612824.48|          8|00:00:10|-0.04|0.01|0.8639|
+-+-----------+-----------+-----------+----------------+-----------+--------+-----+----+------+
Best-so-far configuration:         823    mean value:      32612824.48
Description of the best-so-far configuration:
    .ID. algorithm localsearch alpha beta  rho ants  q0 rasrank elitistants
823  823       acs           3  1.57 4.77 0.86   56 0.9      NA          NA
    nnls dlb .PARENT.
823   11   1      706

# 2025-06-06 22:12:20 -04: Elite configurations (first number is the configuration ID; listed from best to worst according to the sum of ranks):
    algorithm localsearch alpha beta  rho ants   q0 rasrank elitistants nnls
823       acs           3  1.57 4.77 0.86   56 0.90      NA          NA   11
826       acs           3  1.78 4.96 0.94   56 0.62      NA          NA   10
811       acs           3  2.07 4.36 0.90   57 0.67      NA          NA   14
855       acs           3  2.18 7.19 1.00   57 0.60      NA          NA   15
875       acs           3  1.77 4.62 0.82   56 0.67      NA          NA   12
    dlb
823   1
826   1
811   1
855   1
875   1
# Total CPU user time: 59909.27, CPU sys time: 459.314, Wall-clock time: 8102.845
    .ID. algorithm localsearch alpha beta  rho ants   q0 rasrank elitistants
823  823       acs           3  1.57 4.77 0.86   56 0.90      NA          NA
826  826       acs           3  1.78 4.96 0.94   56 0.62      NA          NA
811  811       acs           3  2.07 4.36 0.90   57 0.67      NA          NA
855  855       acs           3  2.18 7.19 1.00   57 0.60      NA          NA
875  875       acs           3  1.77 4.62 0.82   56 0.67      NA          NA
    nnls dlb .PARENT. .RANK.   .WEIGHT.
823   11   1      706     69 0.33333333
826   10   1      706     70 0.26666667
811   14   1      706     72 0.20000000
855   15   1      647     74 0.13333333
875   12   1      811     77 0.06666667
