# 2025-05-23 20:25:42 -04: Reading parameter file '/home/dianag/PruebasPablo/irace-independent-executions/PSO-X/Scenarios/E10-BL-Unimodal-SR/Runs/E10-BL-Unimodal-SR_seed_777000777/parameters.txt'.
# 2025-05-23 20:25:42 -04: 2 expression(s) specifying forbidden configurations read.
# 2025-05-23 20:25:42 -04: Initialization
# Elitist race
# Elitist new instances: 1
# Elitist limit: 2
# nbIterations: 5
# minNbSurvival: 5
# nbParameters: 8
# seed: 777000777
# confidence level: 0.95
# budget: 2000
# mu: 5
# deterministic: FALSE

# 2025-05-23 20:25:42 -04: Iteration 1 of 5
# experimentsUsed: 0
# remainingBudget: 2000
# currentBudget: 400
# nbConfigurations: 66
# Markers:
     x No test is performed.
     c Configurations are discarded only due to capping.
     - The test is performed and some configurations are discarded.
     = The test is performed but no configuration is discarded.
     ! The test is performed and configurations could be discarded but elite configurations are preserved.
     . All alive configurations are elite and nothing is discarded.

+-+-----------+-----------+-----------+----------------+-----------+--------+-----+----+------+
| |   Instance|      Alive|       Best|       Mean best| Exp so far|  W time|  rho|KenW|  Qvar|
+-+-----------+-----------+-----------+----------------+-----------+--------+-----+----+------+
|x|          1|         66|         24|     593958.0237|         66|00:00:27|   NA|  NA|    NA|
|x|          2|         66|         24|     296979.2513|        132|00:00:25|+0.97|0.99|0.0885|
|x|          3|         66|         24|     197986.6981|        198|00:00:25|+0.93|0.95|0.1655|
|x|          4|         66|         24|     454350.9088|        264|00:00:26|+0.94|0.96|0.1501|
|-|          5|          5|         24|     363480.8055|        330|00:00:25|+0.18|0.34|0.5271|
+-+-----------+-----------+-----------+----------------+-----------+--------+-----+----+------+
Best-so-far configuration:          24    mean value:      363480.8055
Description of the best-so-far configuration:
   .ID. particles topology modInfluence branching tSchedule phi1 phi2 inertia
24   24        17        4            1        NA        NA 1.51 2.01       0
   .PARENT.
24       NA

# 2025-05-23 20:27:54 -04: Elite configurations (first number is the configuration ID; listed from best to worst according to the sum of ranks):
   particles topology modInfluence branching tSchedule phi1 phi2 inertia
24        17        4            1        NA        NA 1.51 2.01    0.00
22         4        1            2        NA        NA 1.67 0.29    0.28
36         7        3            2        NA        NA 1.40 1.35    0.41
8         97        2            0        NA        NA 1.12 2.40    0.37
30        41        0            0        NA        NA 2.45 1.08    0.56
# 2025-05-23 20:27:54 -04: Iteration 2 of 5
# experimentsUsed: 330
# remainingBudget: 1670
# currentBudget: 417
# nbConfigurations: 63
# Markers:
     x No test is performed.
     c Configurations are discarded only due to capping.
     - The test is performed and some configurations are discarded.
     = The test is performed but no configuration is discarded.
     ! The test is performed and configurations could be discarded but elite configurations are preserved.
     . All alive configurations are elite and nothing is discarded.

+-+-----------+-----------+-----------+----------------+-----------+--------+-----+----+------+
| |   Instance|      Alive|       Best|       Mean best| Exp so far|  W time|  rho|KenW|  Qvar|
+-+-----------+-----------+-----------+----------------+-----------+--------+-----+----+------+
|x|          6|         63|         82|    0.2810686943|         63|00:00:08|   NA|  NA|    NA|
|x|          4|         63|        124|     381610.7037|        121|00:00:08|+0.89|0.94|0.3706|
|x|          5|         63|         82|     360396.1838|        179|00:00:07|+0.85|0.90|0.2438|
|x|          1|         63|         82|     469244.5864|        237|00:00:07|+0.84|0.88|0.1869|
|-|          2|         16|        101|     400560.9230|        295|00:00:08|+0.16|0.33|0.6967|
|-|          3|         10|         75|     285990.6804|        306|00:00:01|-0.01|0.16|0.8607|
|=|          7|         10|         75|     245136.6357|        316|00:00:01|+0.08|0.21|0.7911|
|=|          8|         10|         75|     677781.2999|        326|00:00:01|+0.08|0.20|0.7828|
+-+-----------+-----------+-----------+----------------+-----------+--------+-----+----+------+
Best-so-far configuration:          75    mean value:      677781.2999
Description of the best-so-far configuration:
   .ID. particles topology modInfluence branching tSchedule phi1 phi2 inertia
75   75        12        4            1        NA        NA 1.28    1    0.12
   .PARENT.
75       24

# 2025-05-23 20:28:39 -04: Elite configurations (first number is the configuration ID; listed from best to worst according to the sum of ranks):
    particles topology modInfluence branching tSchedule phi1 phi2 inertia
75         12        4            1        NA        NA 1.28 1.00    0.12
119         8        4            1        NA        NA 1.10 1.28    0.13
24         17        4            1        NA        NA 1.51 2.01    0.00
82          3        2            1        NA        NA 1.96 1.13    0.29
91         14        4            1        NA        NA 1.61 1.94    0.06
# 2025-05-23 20:28:39 -04: Iteration 3 of 5
# experimentsUsed: 656
# remainingBudget: 1344
# currentBudget: 448
# nbConfigurations: 54
# Markers:
     x No test is performed.
     c Configurations are discarded only due to capping.
     - The test is performed and some configurations are discarded.
     = The test is performed but no configuration is discarded.
     ! The test is performed and configurations could be discarded but elite configurations are preserved.
     . All alive configurations are elite and nothing is discarded.

+-+-----------+-----------+-----------+----------------+-----------+--------+-----+----+------+
| |   Instance|      Alive|       Best|       Mean best| Exp so far|  W time|  rho|KenW|  Qvar|
+-+-----------+-----------+-----------+----------------+-----------+--------+-----+----+------+
|x|          9|         54|        149|    0.6886614601|         54|00:00:07|   NA|  NA|    NA|
|x|          7|         54|         24|     5.764241000|        103|00:00:07|+0.71|0.86|0.0268|
|x|          3|         54|        131|     4.678069704|        152|00:00:07|+0.71|0.81|0.0335|
|x|          4|         54|        131|     218314.4014|        201|00:00:07|+0.75|0.81|0.0700|
|-|          6|         14|        149|     148080.1728|        250|00:00:07|+0.06|0.25|0.9238|
|=|          1|         14|        149|     227554.4194|        259|00:00:01|+0.04|0.20|0.9158|
|=|          8|         14|        149|     394771.6208|        268|00:00:01|+0.12|0.24|0.8449|
|=|          5|         14|        149|     345425.2271|        277|00:00:01|+0.09|0.20|0.8950|
|-|          2|          6|        149|     307044.6994|        286|00:00:01|+0.11|0.21|0.7707|
|-|         10|          3|        149|     276361.8236|        292|00:00:01|+0.10|0.19|0.5360|
+-+-----------+-----------+-----------+----------------+-----------+--------+-----+----+------+
Best-so-far configuration:         149    mean value:      276361.8236
Description of the best-so-far configuration:
    .ID. particles topology modInfluence branching tSchedule phi1 phi2 inertia
149  149         3        4            1        NA        NA 2.21 1.64    0.18
    .PARENT.
149       24

# 2025-05-23 20:29:23 -04: Elite configurations (first number is the configuration ID; listed from best to worst according to the sum of ranks):
    particles topology modInfluence branching tSchedule phi1 phi2 inertia
149         3        4            1        NA        NA 2.21 1.64    0.18
131        13        4            1        NA        NA 1.47 2.40    0.27
119         8        4            1        NA        NA 1.10 1.28    0.13
# 2025-05-23 20:29:23 -04: Iteration 4 of 5
# experimentsUsed: 948
# remainingBudget: 1052
# currentBudget: 526
# nbConfigurations: 50
# Markers:
     x No test is performed.
     c Configurations are discarded only due to capping.
     - The test is performed and some configurations are discarded.
     = The test is performed but no configuration is discarded.
     ! The test is performed and configurations could be discarded but elite configurations are preserved.
     . All alive configurations are elite and nothing is discarded.

+-+-----------+-----------+-----------+----------------+-----------+--------+-----+----+------+
| |   Instance|      Alive|       Best|       Mean best| Exp so far|  W time|  rho|KenW|  Qvar|
+-+-----------+-----------+-----------+----------------+-----------+--------+-----+----+------+
|x|         11|         50|        149|     67.95290095|         50|00:00:05|   NA|  NA|    NA|
|x|          5|         50|        174|     34.35671839|         97|00:00:05|+0.54|0.77|0.4583|
|x|         10|         50|        174|     93.60728106|        144|00:00:06|-0.11|0.26|0.7096|
|x|          8|         50|        174|     338139.9522|        191|00:00:05|+0.14|0.35|0.5352|
|-|          6|         20|        174|     270512.0131|        238|00:00:04|+0.14|0.31|0.8371|
|-|          9|          8|        174|     225426.8059|        255|00:00:02|+0.32|0.44|0.6424|
|-|          3|          4|        149|     199765.8317|        260|00:00:01|+0.37|0.46|0.3509|
+-+-----------+-----------+-----------+----------------+-----------+--------+-----+----+------+
Best-so-far configuration:         149    mean value:      251244.1990
Description of the best-so-far configuration:
    .ID. particles topology modInfluence branching tSchedule phi1 phi2 inertia
149  149         3        4            1        NA        NA 2.21 1.64    0.18
    .PARENT.
149       24

# 2025-05-23 20:29:53 -04: Elite configurations (first number is the configuration ID; listed from best to worst according to the sum of ranks):
    particles topology modInfluence branching tSchedule phi1 phi2 inertia
149         3        4            1        NA        NA 2.21 1.64    0.18
131        13        4            1        NA        NA 1.47 2.40    0.27
119         8        4            1        NA        NA 1.10 1.28    0.13
174         3        4            1        NA        NA 2.34 1.56    0.27
# 2025-05-23 20:29:53 -04: Iteration 5 of 5
# experimentsUsed: 1208
# remainingBudget: 792
# currentBudget: 792
# nbConfigurations: 69
# Markers:
     x No test is performed.
     c Configurations are discarded only due to capping.
     - The test is performed and some configurations are discarded.
     = The test is performed but no configuration is discarded.
     ! The test is performed and configurations could be discarded but elite configurations are preserved.
     . All alive configurations are elite and nothing is discarded.

+-+-----------+-----------+-----------+----------------+-----------+--------+-----+----+------+
| |   Instance|      Alive|       Best|       Mean best| Exp so far|  W time|  rho|KenW|  Qvar|
+-+-----------+-----------+-----------+----------------+-----------+--------+-----+----+------+
|x|         12|         69|        275|     193.7104986|         69|00:00:08|   NA|  NA|    NA|
|x|          2|         69|        222|     101.2921651|        135|00:00:06|+0.12|0.56|1.0408|
|x|          6|         69|        229|     73.35620399|        200|00:00:05|-0.04|0.30|1.1085|
|x|          9|         69|        229|     55.14232336|        265|00:00:06|+0.11|0.33|0.8443|
|-|          3|         33|        229|     44.26739428|        330|00:00:06|-0.08|0.13|0.9778|
|=|          8|         33|        229|     261420.3665|        359|00:00:03|+0.00|0.17|0.8872|
|=|          7|         33|        229|     224076.2208|        389|00:00:03|+0.01|0.15|0.9000|
|=|         10|         33|        229|     196092.4121|        418|00:00:03|+0.01|0.13|0.9340|
|=|         11|         33|        229|     174316.1731|        447|00:00:03|+0.05|0.16|0.8915|
|-|          5|         11|        229|     156884.5967|        476|00:00:02|+0.06|0.16|0.8085|
|=|          4|         11|        229|     216946.2351|        484|00:00:01|+0.07|0.16|0.7994|
|-|          1|          7|        229|     239849.5977|        492|00:00:00|-0.04|0.04|0.9017|
|=|         13|          7|        229|     228107.5704|        499|00:00:00|-0.04|0.04|0.9069|
|=|         14|          7|        229|     211821.4495|        506|00:00:01|-0.05|0.02|0.9003|
+-+-----------+-----------+-----------+----------------+-----------+--------+-----+----+------+
Best-so-far configuration:         229    mean value:      211821.4495
Description of the best-so-far configuration:
    .ID. particles topology modInfluence branching tSchedule phi1 phi2 inertia
229  229         6        4            1        NA        NA 2.04 1.67     0.1
    .PARENT.
229      149

# 2025-05-23 20:30:50 -04: Elite configurations (first number is the configuration ID; listed from best to worst according to the sum of ranks):
    particles topology modInfluence branching tSchedule phi1 phi2 inertia
229         6        4            1        NA        NA 2.04 1.67    0.10
174         3        4            1        NA        NA 2.34 1.56    0.27
273         4        4            1        NA        NA 2.26 1.50    0.18
248         3        4            1        NA        NA 2.32 1.76    0.29
149         3        4            1        NA        NA 2.21 1.64    0.18
# 2025-05-23 20:30:50 -04: Iteration 6 of 6
# experimentsUsed: 1714
# remainingBudget: 286
# currentBudget: 286
# nbConfigurations: 23
# Markers:
     x No test is performed.
     c Configurations are discarded only due to capping.
     - The test is performed and some configurations are discarded.
     = The test is performed but no configuration is discarded.
     ! The test is performed and configurations could be discarded but elite configurations are preserved.
     . All alive configurations are elite and nothing is discarded.

+-+-----------+-----------+-----------+----------------+-----------+--------+-----+----+------+
| |   Instance|      Alive|       Best|       Mean best| Exp so far|  W time|  rho|KenW|  Qvar|
+-+-----------+-----------+-----------+----------------+-----------+--------+-----+----+------+
|x|         15|         23|        302|     42685.21115|         23|00:00:02|   NA|  NA|    NA|
|x|         11|         23|        248|     24759.92070|         41|00:00:02|+0.56|0.78|0.5646|
|x|          3|         23|        291|     16837.86401|         59|00:00:02|+0.37|0.58|0.5811|
|x|          8|         23|        248|     388739.8670|         77|00:00:02|+0.45|0.59|0.4335|
|-|         10|         11|        248|     311033.9908|         95|00:00:02|+0.02|0.22|0.8413|
|=|          7|         11|        296|     265481.4016|        101|00:00:01|-0.06|0.12|0.9853|
|=|          6|         11|        296|     227555.5236|        107|00:00:01|+0.01|0.15|0.9563|
|=|         14|         11|        296|     199125.1304|        113|00:00:01|-0.02|0.11|0.9449|
|=|          1|         11|        296|     255404.0545|        119|00:00:01|-0.02|0.09|0.9493|
|=|          5|         11|        273|     210955.9166|        125|00:00:01|-0.05|0.06|0.9526|
|=|         12|         11|        273|     191797.6100|        131|00:00:01|-0.02|0.07|0.9406|
|=|          4|         11|        296|     250104.7335|        137|00:00:01|-0.02|0.06|0.9380|
|=|         13|         11|        296|     234862.2989|        143|00:00:01|-0.04|0.04|0.9250|
|=|          9|         11|        296|     218086.4759|        149|00:00:01|-0.03|0.05|0.9188|
|=|          2|         11|        229|     201747.5177|        155|00:00:01|-0.03|0.04|0.9277|
|=|         16|         11|        229|     194072.4614|        166|00:00:01|-0.03|0.03|0.9283|
+-+-----------+-----------+-----------+----------------+-----------+--------+-----+----+------+
Best-so-far configuration:         229    mean value:      194072.4614
Description of the best-so-far configuration:
    .ID. particles topology modInfluence branching tSchedule phi1 phi2 inertia
229  229         6        4            1        NA        NA 2.04 1.67     0.1
    .PARENT.
229      149

# 2025-05-23 20:31:17 -04: Elite configurations (first number is the configuration ID; listed from best to worst according to the sum of ranks):
    particles topology modInfluence branching tSchedule phi1 phi2 inertia
229         6        4            1        NA        NA 2.04 1.67    0.10
291         3        4            1        NA        NA 2.38 1.59    0.29
174         3        4            1        NA        NA 2.34 1.56    0.27
302         2        4            1        NA        NA 2.17 1.55    0.16
149         3        4            1        NA        NA 2.21 1.64    0.18
# 2025-05-23 20:31:17 -04: Iteration 7 of 7
# experimentsUsed: 1880
# remainingBudget: 120
# currentBudget: 120
# nbConfigurations: 11
# Markers:
     x No test is performed.
     c Configurations are discarded only due to capping.
     - The test is performed and some configurations are discarded.
     = The test is performed but no configuration is discarded.
     ! The test is performed and configurations could be discarded but elite configurations are preserved.
     . All alive configurations are elite and nothing is discarded.

+-+-----------+-----------+-----------+----------------+-----------+--------+-----+----+------+
| |   Instance|      Alive|       Best|       Mean best| Exp so far|  W time|  rho|KenW|  Qvar|
+-+-----------+-----------+-----------+----------------+-----------+--------+-----+----+------+
|x|         17|         11|        306|     946688.0239|         11|00:00:02|   NA|  NA|    NA|
|x|         13|         11|        302|     548992.1210|         17|00:00:01|+0.70|0.85|0.0883|
|x|          1|         11|        306|     531585.7162|         23|00:00:01|+0.48|0.65|0.4797|
|x|         14|         11|        306|     398690.0623|         29|00:00:00|-0.01|0.24|0.7890|
|=|          3|         11|        306|     318952.1818|         35|00:00:01|+0.08|0.26|0.7083|
|=|          8|         11|        306|     500985.8978|         41|00:00:01|+0.16|0.30|0.6371|
|-|          6|          7|        306|     429416.5205|         47|00:00:01|-0.04|0.11|0.8872|
|=|         12|          7|        306|     375775.7554|         49|00:00:01|-0.08|0.06|0.9194|
|=|         16|          7|        306|     349293.8590|         51|00:00:00|-0.07|0.05|0.9189|
|=|          7|          7|        306|     314365.5521|         53|00:00:00|-0.03|0.08|0.9000|
|=|          2|          7|        306|     285786.9104|         55|00:00:00|-0.05|0.04|0.9075|
|=|         10|          7|        229|     308129.3536|         57|00:00:01|-0.05|0.04|0.9046|
|=|         15|          7|        306|     245617.3227|         59|00:00:00|-0.06|0.02|0.9133|
|=|          9|          7|        306|     228073.2744|         61|00:00:01|-0.04|0.03|0.9084|
|=|          5|          7|        306|     212868.4192|         63|00:00:00|-0.04|0.02|0.9065|
|=|         11|          7|        306|     199568.2914|         65|00:00:01|-0.04|0.02|0.9079|
|=|          4|          7|        306|     231329.5192|         67|00:00:01|-0.04|0.02|0.9086|
|=|         18|          7|        306|     218477.9041|         74|00:00:01|-0.04|0.01|0.9014|
+-+-----------+-----------+-----------+----------------+-----------+--------+-----+----+------+
Best-so-far configuration:         306    mean value:      218477.9041
Description of the best-so-far configuration:
    .ID. particles topology modInfluence branching tSchedule phi1 phi2 inertia
306  306         3        4            1        NA        NA 2.06 1.71    0.15
    .PARENT.
306      229

# 2025-05-23 20:31:38 -04: Elite configurations (first number is the configuration ID; listed from best to worst according to the sum of ranks):
    particles topology modInfluence branching tSchedule phi1 phi2 inertia
306         3        4            1        NA        NA 2.06 1.71    0.15
291         3        4            1        NA        NA 2.38 1.59    0.29
305         5        4            1        NA        NA 2.14 1.80    0.15
174         3        4            1        NA        NA 2.34 1.56    0.27
302         2        4            1        NA        NA 2.17 1.55    0.16
# 2025-05-23 20:31:38 -04: Iteration 8 of 8
# experimentsUsed: 1954
# remainingBudget: 46
# currentBudget: 46
# nbConfigurations: 7
# Markers:
     x No test is performed.
     c Configurations are discarded only due to capping.
     - The test is performed and some configurations are discarded.
     = The test is performed but no configuration is discarded.
     ! The test is performed and configurations could be discarded but elite configurations are preserved.
     . All alive configurations are elite and nothing is discarded.

+-+-----------+-----------+-----------+----------------+-----------+--------+-----+----+------+
| |   Instance|      Alive|       Best|       Mean best| Exp so far|  W time|  rho|KenW|  Qvar|
+-+-----------+-----------+-----------+----------------+-----------+--------+-----+----+------+
|x|         19|          7|        291|     62.51654518|          7|00:00:01|   NA|  NA|    NA|
|x|         12|          7|        291|     155.9299378|          9|00:00:01|-0.68|0.16|1.2503|
|x|          4|          7|        305|     206116.6851|         11|00:00:01|-0.30|0.13|0.9389|
|x|         14|          7|        305|     154614.7852|         13|00:00:01|-0.27|0.04|0.9228|
|=|         15|          7|        306|     157787.5445|         15|00:00:01|-0.17|0.06|0.9015|
|=|         18|          7|        291|     133645.8513|         17|00:00:01|-0.13|0.06|0.8610|
|=|          9|          7|        305|     96943.41240|         19|00:00:00|-0.04|0.10|0.7998|
|=|          5|          7|        291|     100234.5253|         21|00:00:01|-0.03|0.10|0.8120|
|=|         13|          7|        291|     91892.62023|         23|00:00:00|+0.02|0.13|0.7649|
|=|          2|          7|        302|     63317.05549|         25|00:00:01|+0.04|0.13|0.7812|
|=|         17|          7|        305|     163040.5906|         27|00:00:01|+0.07|0.15|0.7410|
|=|         10|          7|        291|     165768.8449|         29|00:00:00|+0.06|0.14|0.7532|
|-|          6|          5|        291|     153017.4145|         31|00:00:01|-0.07|0.02|0.8408|
|.|          7|          5|        291|     142088.5491|         31|00:00:00|-0.07|0.01|0.8468|
|.|         16|          5|        291|     142337.0485|         31|00:00:00|-0.07|0.00|0.8436|
|.|          1|          5|        291|     178979.2511|         31|00:00:00|-0.06|0.00|0.8485|
|.|         11|          5|        291|     168454.9497|         31|00:00:00|-0.05|0.01|0.8379|
|.|          3|          5|        291|     159096.3696|         31|00:00:00|-0.04|0.02|0.8271|
|.|          8|          5|        291|     234700.9097|         31|00:00:00|-0.05|0.01|0.8337|
+-+-----------+-----------+-----------+----------------+-----------+--------+-----+----+------+
Best configuration for the instances in this race: 291
Best-so-far configuration:         306    mean value:      206982.7091
Description of the best-so-far configuration:
    .ID. particles topology modInfluence branching tSchedule phi1 phi2 inertia
306  306         3        4            1        NA        NA 2.06 1.71    0.15
    .PARENT.
306      229

# 2025-05-23 20:31:53 -04: Elite configurations (first number is the configuration ID; listed from best to worst according to the sum of ranks):
    particles topology modInfluence branching tSchedule phi1 phi2 inertia
306         3        4            1        NA        NA 2.06 1.71    0.15
291         3        4            1        NA        NA 2.38 1.59    0.29
174         3        4            1        NA        NA 2.34 1.56    0.27
302         2        4            1        NA        NA 2.17 1.55    0.16
305         5        4            1        NA        NA 2.14 1.80    0.15
# 2025-05-23 20:31:53 -04: Stopped because there is not enough budget left to race more than the minimum (5).
# You may either increase the budget or set 'minNbSurvival' to a lower value.
# Iteration: 9
# nbIterations: 9
# experimentsUsed: 1985
# timeUsed: 0
# remainingBudget: 15
# currentBudget: 15
# number of elites: 5
# nbConfigurations: 5
# Total CPU user time: 2334.085, CPU sys time: 61.539, Wall-clock time: 371.238
# 2025-05-23 20:31:53 -04: Starting post-selection:
# Configurations selected: 306, 291, 174, 302, 305, 229, 149, 273.
# Pending instances: 1, 1, 1, 1, 1, 2, 2, 4.
# 2025-05-23 20:31:53 -04: seed: 777000777
# Configurations: 8
# Available experiments: 15
# minSurvival: 1
# Markers:
     x No test is performed.
     c Configurations are discarded only due to capping.
     - The test is performed and some configurations are discarded.
     = The test is performed but no configuration is discarded.
     ! The test is performed and configurations could be discarded but elite configurations are preserved.
     . All alive configurations are elite and nothing is discarded.

+-+-----------+-----------+-----------+----------------+-----------+--------+-----+----+------+
| |   Instance|      Alive|       Best|       Mean best| Exp so far|  W time|  rho|KenW|  Qvar|
+-+-----------+-----------+-----------+----------------+-----------+--------+-----+----+------+
|.|         13|          8|        302|     5047.933352|          0|00:00:00|   NA|  NA|    NA|
|x|         19|          8|        291|     12609.94791|          3|00:00:01|+0.40|0.70|0.2522|
|.|          5|          8|        291|     8406.754067|          3|00:00:00|+0.36|0.57|0.4844|
|.|         11|          8|        291|     6321.597139|          3|00:00:00|+0.37|0.53|0.4421|
|.|         12|          8|        291|     5107.146377|          3|00:00:00|+0.15|0.32|0.7177|
|.|          6|          8|        291|     4255.997087|          3|00:00:00|+0.18|0.32|0.7304|
|x|         17|          8|        291|     169645.4421|          4|00:00:01|+0.09|0.22|0.7458|
|.|         15|          8|        291|     154745.6316|          4|00:00:00|+0.10|0.21|0.6935|
|.|          4|          8|        291|     220989.8327|          4|00:00:00|+0.07|0.17|0.7198|
|.|          9|          8|        291|     198890.9223|          4|00:00:00|-0.01|0.10|0.8213|
|.|         16|          8|        291|     194065.9330|          4|00:00:00|-0.02|0.08|0.8422|
|x|         18|          8|        291|     177893.8069|          5|00:00:00|-0.01|0.07|0.8271|
|.|          7|          8|        291|     164210.6909|          5|00:00:00|-0.02|0.05|0.8611|
|.|          3|          8|        291|     152481.3921|          5|00:00:00|-0.01|0.06|0.8546|
|.|          2|          8|        291|     142315.9962|          5|00:00:00|-0.03|0.04|0.8854|
|.|          8|          8|        291|     233145.1609|          5|00:00:00|-0.03|0.04|0.8786|
|.|          1|          8|        291|     262290.2861|          5|00:00:00|-0.04|0.02|0.9008|
|.|         10|          8|        291|     247730.2697|          5|00:00:00|-0.04|0.01|0.9025|
|.|         14|          8|        291|     234700.9097|          5|00:00:00|-0.04|0.02|0.9058|
|=|         20|          8|        306|     196633.5929|         13|00:00:01|-0.03|0.02|0.9014|
+-+-----------+-----------+-----------+----------------+-----------+--------+-----+----+------+
Best-so-far configuration:         306    mean value:      196633.5929
Description of the best-so-far configuration:
    .ID. particles topology modInfluence branching tSchedule phi1 phi2 inertia
306  306         3        4            1        NA        NA 2.06 1.71    0.15
    .PARENT.
306      229

# 2025-05-23 20:31:58 -04: Elite configurations (first number is the configuration ID; listed from best to worst according to the sum of ranks):
    particles topology modInfluence branching tSchedule phi1 phi2 inertia
306         3        4            1        NA        NA 2.06 1.71    0.15
174         3        4            1        NA        NA 2.34 1.56    0.27
291         3        4            1        NA        NA 2.38 1.59    0.29
302         2        4            1        NA        NA 2.17 1.55    0.16
305         5        4            1        NA        NA 2.14 1.80    0.15
# Total CPU user time: 2346.146, CPU sys time: 61.972, Wall-clock time: 375.615
    .ID. particles topology modInfluence branching tSchedule phi1 phi2 inertia
306  306         3        4            1        NA        NA 2.06 1.71    0.15
174  174         3        4            1        NA        NA 2.34 1.56    0.27
291  291         3        4            1        NA        NA 2.38 1.59    0.29
302  302         2        4            1        NA        NA 2.17 1.55    0.16
305  305         5        4            1        NA        NA 2.14 1.80    0.15
    .PARENT. .RANK.   .WEIGHT.
306      229     75 0.33333333
174      149     86 0.26666667
291      174     88 0.20000000
302      174     91 0.13333333
305      229     92 0.06666667
