# 2025-06-12 16:06:04 -04: Reading parameter file '/home/dianag/PruebasPablo/irace-independent-executions/PSO-X/Scenarios/E6-BL-Multimodal-SR/Runs/E6-BL-Multimodal-SR_seed_123456789/parameters.txt'.
# 2025-06-12 16:06:04 -04: 2 expression(s) specifying forbidden configurations read.
# 2025-06-12 16:06:04 -04: Initialization
# Elitist race
# Elitist new instances: 1
# Elitist limit: 2
# nbIterations: 5
# minNbSurvival: 5
# nbParameters: 8
# seed: 123456789
# confidence level: 0.95
# budget: 2000
# mu: 5
# deterministic: FALSE

# 2025-06-12 16:06:04 -04: Iteration 1 of 5
# experimentsUsed: 0
# remainingBudget: 2000
# currentBudget: 400
# nbConfigurations: 66
# Markers:
     x No test is performed.
     c Configurations are discarded only due to capping.
     - The test is performed and some configurations are discarded.
     = The test is performed but no configuration is discarded.
     ! The test is performed and configurations could be discarded but elite configurations are preserved.
     . All alive configurations are elite and nothing is discarded.

+-+-----------+-----------+-----------+----------------+-----------+--------+-----+----+------+
| |   Instance|      Alive|       Best|       Mean best| Exp so far|  W time|  rho|KenW|  Qvar|
+-+-----------+-----------+-----------+----------------+-----------+--------+-----+----+------+
|x|          1|         66|         47|     101.5061343|         66|00:00:19|   NA|  NA|    NA|
|x|          2|         66|         15|     104.0107297|        132|00:00:19|+0.84|0.92|0.5759|
|x|          3|         66|         15|     41786.30202|        198|00:00:28|+0.53|0.69|0.6140|
|x|          4|         66|         47|     13169.15709|        264|00:00:47|+0.51|0.63|0.6287|
|-|          5|         16|         15|     25082.29199|        330|00:00:18|+0.12|0.29|0.8184|
|-|          6|          7|         47|     8783.989713|        346|00:00:04|+0.02|0.18|0.8930|
|=|          7|          7|         47|     7546.558692|        353|00:00:01|+0.09|0.22|0.8426|
|=|          8|          7|         47|     6608.243113|        360|00:00:06|+0.01|0.13|0.8929|
+-+-----------+-----------+-----------+----------------+-----------+--------+-----+----+------+
Best-so-far configuration:          47    mean value:      6608.243113
Description of the best-so-far configuration:
   .ID. particles topology modInfluence branching tSchedule phi1 phi2 inertia
47   47       176        5            0        NA         6 0.73 2.44    0.45
   .PARENT.
47       NA

# 2025-06-12 16:08:31 -04: Elite configurations (first number is the configuration ID; listed from best to worst according to the sum of ranks):
   particles topology modInfluence branching tSchedule phi1 phi2 inertia
47       176        5            0        NA         6 0.73 2.44    0.45
15        86        0            0        NA        NA 0.38 1.77    0.61
18        42        5            1        NA         9 1.55 2.48    0.18
23       179        0            0        NA        NA 1.08 1.07    0.58
42       170        0            0        NA        NA 2.06 2.05    0.87
# 2025-06-12 16:08:31 -04: Iteration 2 of 5
# experimentsUsed: 360
# remainingBudget: 1640
# currentBudget: 410
# nbConfigurations: 50
# Markers:
     x No test is performed.
     c Configurations are discarded only due to capping.
     - The test is performed and some configurations are discarded.
     = The test is performed but no configuration is discarded.
     ! The test is performed and configurations could be discarded but elite configurations are preserved.
     . All alive configurations are elite and nothing is discarded.

+-+-----------+-----------+-----------+----------------+-----------+--------+-----+----+------+
| |   Instance|      Alive|       Best|       Mean best| Exp so far|  W time|  rho|KenW|  Qvar|
+-+-----------+-----------+-----------+----------------+-----------+--------+-----+----+------+
|x|          9|         50|         88|     167.5087509|         50|00:00:15|   NA|  NA|    NA|
|x|          2|         50|         42|     93.56418659|         95|00:00:14|+0.67|0.84|0.3583|
|x|          6|         50|         47|     219.6431500|        140|00:00:15|+0.56|0.71|0.3334|
|x|          4|         50|        106|     56.07712592|        185|00:00:34|+0.47|0.61|0.4629|
|-|          5|         20|         47|     142.1583335|        230|00:00:15|-0.02|0.18|0.9071|
|=|          7|         20|        106|     56.05856203|        245|00:00:04|+0.05|0.21|0.8351|
|=|          3|         20|         47|     7562.493866|        260|00:00:06|+0.07|0.20|0.7929|
|-|          1|         11|         47|     6629.870399|        275|00:00:04|-0.04|0.09|0.9124|
|=|          8|         11|         47|     5897.666361|        281|00:00:06|-0.03|0.08|0.9242|
|=|         10|         11|         47|     5307.945172|        292|00:00:01|-0.01|0.09|0.9172|
+-+-----------+-----------+-----------+----------------+-----------+--------+-----+----+------+
Best-so-far configuration:          47    mean value:      5307.945172
Description of the best-so-far configuration:
   .ID. particles topology modInfluence branching tSchedule phi1 phi2 inertia
47   47       176        5            0        NA         6 0.73 2.44    0.45
   .PARENT.
47       NA

# 2025-06-12 16:10:29 -04: Elite configurations (first number is the configuration ID; listed from best to worst according to the sum of ranks):
    particles topology modInfluence branching tSchedule phi1 phi2 inertia
47        176        5            0        NA         6 0.73 2.44    0.45
15         86        0            0        NA        NA 0.38 1.77    0.61
106       192        0            0        NA        NA 0.27 1.87    0.74
18         42        5            1        NA         9 1.55 2.48    0.18
42        170        0            0        NA        NA 2.06 2.05    0.87
# 2025-06-12 16:10:29 -04: Iteration 3 of 5
# experimentsUsed: 652
# remainingBudget: 1348
# currentBudget: 449
# nbConfigurations: 45
# Markers:
     x No test is performed.
     c Configurations are discarded only due to capping.
     - The test is performed and some configurations are discarded.
     = The test is performed but no configuration is discarded.
     ! The test is performed and configurations could be discarded but elite configurations are preserved.
     . All alive configurations are elite and nothing is discarded.

+-+-----------+-----------+-----------+----------------+-----------+--------+-----+----+------+
| |   Instance|      Alive|       Best|       Mean best| Exp so far|  W time|  rho|KenW|  Qvar|
+-+-----------+-----------+-----------+----------------+-----------+--------+-----+----+------+
|x|         11|         45|        134|     20.89253701|         45|00:00:19|   NA|  NA|    NA|
|x|          8|         45|        145|     29.18155562|         85|00:00:40|+0.22|0.61|0.7851|
|x|          7|         45|        143|     56.61308042|        125|00:00:18|-0.08|0.28|1.0589|
|x|          5|         45|        133|     58.05849281|        165|00:00:19|+0.06|0.30|0.9895|
|=|          9|         45|        139|     75.79552687|        205|00:00:18|+0.09|0.27|0.9223|
|-|          1|         25|        131|     95.58960127|        245|00:00:17|-0.04|0.14|1.0671|
|=|          2|         25|        133|     121.6159704|        265|00:00:13|-0.00|0.14|1.0039|
|=|          6|         25|        133|     106.5238894|        285|00:00:13|-0.01|0.12|0.9962|
|=|          3|         25|        133|     7323.274848|        305|00:00:14|+0.02|0.13|0.9631|
|=|          4|         25|         47|     5309.997309|        325|00:00:18|+0.01|0.11|0.9717|
|=|         10|         25|         47|     4827.311596|        345|00:00:13|+0.01|0.10|0.9757|
|=|         12|         25|         47|     4426.170038|        370|00:00:14|+0.01|0.10|0.9645|
+-+-----------+-----------+-----------+----------------+-----------+--------+-----+----+------+
Best-so-far configuration:          47    mean value:      4426.170038
Description of the best-so-far configuration:
   .ID. particles topology modInfluence branching tSchedule phi1 phi2 inertia
47   47       176        5            0        NA         6 0.73 2.44    0.45
   .PARENT.
47       NA

# 2025-06-12 16:14:14 -04: Elite configurations (first number is the configuration ID; listed from best to worst according to the sum of ranks):
    particles topology modInfluence branching tSchedule phi1 phi2 inertia
47        176        5            0        NA         6 0.73 2.44    0.45
131       170        5            0        NA         5 0.62 2.28    0.23
133        79        0            0        NA        NA 0.86 2.06    0.56
106       192        0            0        NA        NA 0.27 1.87    0.74
139       138        0            0        NA        NA 2.04 2.41    0.88
# 2025-06-12 16:14:14 -04: Iteration 4 of 5
# experimentsUsed: 1022
# remainingBudget: 978
# currentBudget: 489
# nbConfigurations: 42
# Markers:
     x No test is performed.
     c Configurations are discarded only due to capping.
     - The test is performed and some configurations are discarded.
     = The test is performed but no configuration is discarded.
     ! The test is performed and configurations could be discarded but elite configurations are preserved.
     . All alive configurations are elite and nothing is discarded.

+-+-----------+-----------+-----------+----------------+-----------+--------+-----+----+------+
| |   Instance|      Alive|       Best|       Mean best| Exp so far|  W time|  rho|KenW|  Qvar|
+-+-----------+-----------+-----------+----------------+-----------+--------+-----+----+------+
|x|         13|         42|        175|     20.71225035|         42|00:00:22|   NA|  NA|    NA|
|x|         12|         42|        184|     16.75228148|         79|00:00:21|-0.24|0.38|1.2365|
|x|         10|         42|        184|     11.32566325|        116|00:00:20|-0.03|0.31|1.0277|
|x|          3|         42|        177|     18046.62712|        153|00:00:27|+0.10|0.33|0.8727|
|=|          4|         42|        184|     25313.56685|        190|00:00:40|+0.03|0.22|0.9649|
|-|          9|         26|        184|     21125.29352|        227|00:00:20|-0.06|0.11|1.0129|
|=|          1|         26|        131|     8416.045026|        248|00:00:02|-0.07|0.08|1.0060|
|=|          6|         26|        131|     7364.135329|        269|00:00:02|-0.03|0.10|0.9867|
|=|         11|         26|        131|     6548.227622|        290|00:00:03|-0.04|0.07|0.9951|
|=|          5|         26|        131|     5895.438583|        311|00:00:02|-0.02|0.09|0.9848|
|=|          7|         26|         47|     4786.331376|        332|00:00:02|-0.01|0.08|0.9873|
|=|          8|         26|        131|     4931.157404|        353|00:00:18|-0.00|0.08|0.9768|
|=|          2|         26|        179|     6185.196619|        374|00:00:03|-0.00|0.07|0.9593|
|=|         14|         26|        131|     4379.793448|        400|00:00:02|-0.00|0.07|0.9632|
+-+-----------+-----------+-----------+----------------+-----------+--------+-----+----+------+
Best-so-far configuration:         131    mean value:      4379.793448
Description of the best-so-far configuration:
    .ID. particles topology modInfluence branching tSchedule phi1 phi2 inertia
131  131       170        5            0        NA         5 0.62 2.28    0.23
    .PARENT.
131       47

# 2025-06-12 16:17:25 -04: Elite configurations (first number is the configuration ID; listed from best to worst according to the sum of ranks):
    particles topology modInfluence branching tSchedule phi1 phi2 inertia
131       170        5            0        NA         5 0.62 2.28    0.23
179       177        5            0        NA         7 0.80 2.11    0.58
47        176        5            0        NA         6 0.73 2.44    0.45
167       153        0            0        NA        NA 1.66 2.23    0.73
164       184        5            0        NA         5 0.77 2.02    0.49
# 2025-06-12 16:17:25 -04: Iteration 5 of 5
# experimentsUsed: 1422
# remainingBudget: 578
# currentBudget: 578
# nbConfigurations: 43
# Markers:
     x No test is performed.
     c Configurations are discarded only due to capping.
     - The test is performed and some configurations are discarded.
     = The test is performed but no configuration is discarded.
     ! The test is performed and configurations could be discarded but elite configurations are preserved.
     . All alive configurations are elite and nothing is discarded.

+-+-----------+-----------+-----------+----------------+-----------+--------+-----+----+------+
| |   Instance|      Alive|       Best|       Mean best| Exp so far|  W time|  rho|KenW|  Qvar|
+-+-----------+-----------+-----------+----------------+-----------+--------+-----+----+------+
|x|         15|         43|        208|     170.6889099|         43|00:00:14|   NA|  NA|    NA|
|x|          4|         43|        211|     110.1226454|         81|00:00:28|+0.51|0.75|0.5815|
|x|          5|         43|        211|     80.77280694|        119|00:00:14|+0.27|0.52|0.5840|
|x|         11|         43|        179|     73.64353539|        157|00:00:14|+0.20|0.40|0.7094|
|=|          8|         43|        179|     66.58082333|        195|00:00:31|+0.00|0.20|0.8934|
|=|          9|         43|        179|     89.89299229|        233|00:00:14|+0.04|0.20|0.8723|
|=|         13|         43|        179|     80.04968421|        271|00:00:14|-0.01|0.13|0.9279|
|=|          2|         43|        179|     77.27717523|        309|00:00:14|+0.02|0.14|0.9148|
|-|         10|         20|        179|     68.73605293|        347|00:00:14|-0.04|0.08|0.9818|
|=|         14|         20|        179|     61.95048917|        362|00:00:02|-0.04|0.06|0.9999|
|=|         12|         20|        179|     57.54764722|        377|00:00:02|-0.03|0.06|0.9811|
|=|          1|         20|        211|     120.9932867|        392|00:00:01|-0.04|0.05|0.9900|
|=|          3|         20|        179|     6194.198501|        407|00:00:04|-0.04|0.04|0.9972|
|=|          6|         20|        131|     4387.207912|        422|00:00:02|-0.04|0.03|1.0015|
|=|          7|         20|        179|     5376.168164|        437|00:00:02|-0.04|0.03|0.9997|
|=|         16|         20|        179|     6094.092759|        457|00:00:02|-0.03|0.04|0.9871|
+-+-----------+-----------+-----------+----------------+-----------+--------+-----+----+------+
Best-so-far configuration:         179    mean value:      6094.092759
Description of the best-so-far configuration:
    .ID. particles topology modInfluence branching tSchedule phi1 phi2 inertia
179  179       177        5            0        NA         7  0.8 2.11    0.58
    .PARENT.
179       47

# 2025-06-12 16:20:27 -04: Elite configurations (first number is the configuration ID; listed from best to worst according to the sum of ranks):
    particles topology modInfluence branching tSchedule phi1 phi2 inertia
179       177        5            0        NA         7 0.80 2.11    0.58
131       170        5            0        NA         5 0.62 2.28    0.23
211       136        0            0        NA        NA 1.30 2.10    0.82
215       166        5            0        NA         6 0.84 2.41    0.48
167       153        0            0        NA        NA 1.66 2.23    0.73
# 2025-06-12 16:20:27 -04: Iteration 6 of 6
# experimentsUsed: 1879
# remainingBudget: 121
# currentBudget: 121
# nbConfigurations: 11
# Markers:
     x No test is performed.
     c Configurations are discarded only due to capping.
     - The test is performed and some configurations are discarded.
     = The test is performed but no configuration is discarded.
     ! The test is performed and configurations could be discarded but elite configurations are preserved.
     . All alive configurations are elite and nothing is discarded.

+-+-----------+-----------+-----------+----------------+-----------+--------+-----+----+------+
| |   Instance|      Alive|       Best|       Mean best| Exp so far|  W time|  rho|KenW|  Qvar|
+-+-----------+-----------+-----------+----------------+-----------+--------+-----+----+------+
|x|         17|         11|        167|     1.997416006|         11|00:00:01|   NA|  NA|    NA|
|x|          9|         11|        211|     99.38785551|         17|00:00:01|-0.04|0.48|0.8333|
|x|          1|         11|        211|     371.9917129|         23|00:00:01|-0.04|0.31|0.8298|
|x|          2|         11|        211|     279.0919567|         29|00:00:01|+0.06|0.29|0.7683|
|=|          3|         11|        167|     25612.66150|         35|00:00:02|-0.11|0.11|0.9839|
|=|          7|         11|        211|     22982.73431|         41|00:00:01|-0.05|0.13|0.8985|
|=|          8|         11|        211|     19705.09505|         47|00:00:06|-0.01|0.13|0.8903|
|=|         16|         11|        211|     19296.07188|         53|00:00:01|+0.03|0.15|0.8708|
|=|          4|         11|        211|     17154.37880|         59|00:00:06|+0.06|0.17|0.8202|
|=|          6|         11|        179|     9719.503276|         65|00:00:01|+0.01|0.11|0.8760|
|=|         13|         11|        179|     8837.820236|         71|00:00:01|+0.00|0.10|0.9020|
|=|          5|         11|        179|     8103.152122|         77|00:00:01|+0.03|0.11|0.8815|
|=|         12|         11|        211|     11880.49964|         83|00:00:01|+0.01|0.08|0.9010|
|=|         10|         11|        179|     6946.553698|         89|00:00:01|+0.01|0.08|0.8978|
|=|         14|         11|        179|     6483.508812|         95|00:00:00|+0.00|0.07|0.9043|
|=|         15|         11|        179|     6092.919887|        101|00:00:01|-0.00|0.06|0.9045|
|=|         11|         11|        179|     5735.739700|        107|00:00:01|+0.01|0.07|0.8958|
|=|         18|         11|        179|     5417.092619|        118|00:00:01|+0.01|0.07|0.8977|
+-+-----------+-----------+-----------+----------------+-----------+--------+-----+----+------+
Best-so-far configuration:         179    mean value:      5417.092619
Description of the best-so-far configuration:
    .ID. particles topology modInfluence branching tSchedule phi1 phi2 inertia
179  179       177        5            0        NA         7  0.8 2.11    0.58
    .PARENT.
179       47

# 2025-06-12 16:21:01 -04: Elite configurations (first number is the configuration ID; listed from best to worst according to the sum of ranks):
    particles topology modInfluence branching tSchedule phi1 phi2 inertia
179       177        5            0        NA         7 0.80 2.11    0.58
167       153        0            0        NA        NA 1.66 2.23    0.73
211       136        0            0        NA        NA 1.30 2.10    0.82
228       196        5            0        NA         6 0.86 1.94    0.52
131       170        5            0        NA         5 0.62 2.28    0.23
# 2025-06-12 16:21:01 -04: Stopped because there is not enough budget left to race more than the minimum (5).
# You may either increase the budget or set 'minNbSurvival' to a lower value.
# Iteration: 7
# nbIterations: 7
# experimentsUsed: 1997
# timeUsed: 0
# remainingBudget: 3
# currentBudget: 3
# number of elites: 5
# nbConfigurations: 5
# Total CPU user time: 5337.026, CPU sys time: 62.118, Wall-clock time: 896.999
# 2025-06-12 16:21:01 -04: Starting post-selection:
# Configurations selected: 179, 167, 211.
# Pending instances: 0, 0, 0.
# 2025-06-12 16:21:01 -04: seed: 123456789
# Configurations: 3
# Available experiments: 3
# minSurvival: 1
# Markers:
     x No test is performed.
     c Configurations are discarded only due to capping.
     - The test is performed and some configurations are discarded.
     = The test is performed but no configuration is discarded.
     ! The test is performed and configurations could be discarded but elite configurations are preserved.
     . All alive configurations are elite and nothing is discarded.

+-+-----------+-----------+-----------+----------------+-----------+--------+-----+----+------+
| |   Instance|      Alive|       Best|       Mean best| Exp so far|  W time|  rho|KenW|  Qvar|
+-+-----------+-----------+-----------+----------------+-----------+--------+-----+----+------+
|.|          8|          3|        179|     38.32997513|          0|00:00:00|   NA|  NA|    NA|
|.|          7|          3|        179|     77.67488770|          0|00:00:00|+0.50|0.75|0.2843|
|.|         11|          3|        179|     58.73549649|          0|00:00:00|-0.33|0.11|0.8226|
|.|          6|          3|        179|     44.28215825|          0|00:00:00|-0.08|0.19|0.7295|
|.|          2|          3|        179|     46.99964907|          0|00:00:00|-0.20|0.04|0.8171|
|.|         16|          3|        179|     2849.659988|          0|00:00:00|-0.17|0.03|0.7978|
|.|         15|          3|        179|     2476.006562|          0|00:00:00|-0.14|0.02|0.7505|
|.|         14|          3|        179|     2166.615794|          0|00:00:00|-0.09|0.05|0.7318|
|.|          9|          3|        179|     1948.820021|          0|00:00:00|-0.11|0.01|0.7364|
|.|         17|          3|        179|     1754.147094|          0|00:00:00|-0.08|0.03|0.7343|
|.|          4|          3|        179|     1596.299954|          0|00:00:00|-0.09|0.01|0.7332|
|.|          3|          3|        179|     7052.251266|          0|00:00:00|-0.07|0.02|0.7208|
|.|         13|          3|        179|     6511.385003|          0|00:00:00|-0.08|0.01|0.7186|
|.|         10|          3|        179|     6046.315151|          0|00:00:00|-0.05|0.02|0.7123|
|.|          5|          3|        179|     5644.680999|          0|00:00:00|-0.04|0.03|0.7024|
|.|         12|          3|        179|     5292.733388|          0|00:00:00|-0.04|0.03|0.6994|
|.|         18|          3|        179|     4981.401555|          0|00:00:00|-0.04|0.02|0.7010|
|.|          1|          3|        179|     5417.092619|          0|00:00:00|-0.05|0.01|0.7044|
|=|         19|          3|        179|     5132.967821|          3|00:00:01|-0.03|0.02|0.7000|
+-+-----------+-----------+-----------+----------------+-----------+--------+-----+----+------+
Best-so-far configuration:         179    mean value:      5132.967821
Description of the best-so-far configuration:
    .ID. particles topology modInfluence branching tSchedule phi1 phi2 inertia
179  179       177        5            0        NA         7  0.8 2.11    0.58
    .PARENT.
179       47

# 2025-06-12 16:21:03 -04: Elite configurations (first number is the configuration ID; listed from best to worst according to the sum of ranks):
    particles topology modInfluence branching tSchedule phi1 phi2 inertia
179       177        5            0        NA         7 0.80 2.11    0.58
167       153        0            0        NA        NA 1.66 2.23    0.73
211       136        0            0        NA        NA 1.30 2.10    0.82
# Total CPU user time: 5339.88, CPU sys time: 62.211, Wall-clock time: 898.443
    .ID. particles topology modInfluence branching tSchedule phi1 phi2 inertia
179  179       177        5            0        NA         7 0.80 2.11    0.58
167  167       153        0            0        NA        NA 1.66 2.23    0.73
211  211       136        0            0        NA        NA 1.30 2.10    0.82
    .PARENT. .RANK.  .WEIGHT.
179       47     35 0.5000000
167      139     38 0.3333333
211      167     41 0.1666667
