# 2025-06-06 13:05:24 -04: Reading parameter file '/home/dianag/PruebasPablo/irace-independent-executions/ACOTSP/Scenarios/E3-BH-N/Runs/E3-BH-N_seed_666999000/parameters.txt'.
# 2025-06-06 13:05:24 -04: 1 expression(s) specifying forbidden configurations read.
# 2025-06-06 13:05:24 -04: Initialization
# Elitist race
# Elitist new instances: 1
# Elitist limit: 2
# nbIterations: 5
# minNbSurvival: 5
# nbParameters: 11
# seed: 666999000
# confidence level: 0.95
# budget: 5500
# mu: 5
# deterministic: FALSE

# 2025-06-06 13:05:24 -04: Iteration 1 of 5
# experimentsUsed: 0
# remainingBudget: 5500
# currentBudget: 1100
# nbConfigurations: 183
# Markers:
     x No test is performed.
     c Configurations are discarded only due to capping.
     - The test is performed and some configurations are discarded.
     = The test is performed but no configuration is discarded.
     ! The test is performed and configurations could be discarded but elite configurations are preserved.
     . All alive configurations are elite and nothing is discarded.

+-+-----------+-----------+-----------+----------------+-----------+--------+-----+----+------+
| |   Instance|      Alive|       Best|       Mean best| Exp so far|  W time|  rho|KenW|  Qvar|
+-+-----------+-----------+-----------+----------------+-----------+--------+-----+----+------+
|x|          1|        183|        140|     32698363.00|        183|00:05:00|   NA|  NA|    NA|
|x|          2|        183|        140|     32731817.00|        366|00:04:59|+0.99|0.99|0.0027|
|x|          3|        183|        140|     32760839.67|        549|00:05:02|+0.98|0.99|0.0029|
|x|          4|        183|        140|     32683753.75|        732|00:04:58|+0.98|0.99|0.0024|
|-|          5|          6|        140|     32676091.20|        915|00:04:59|+0.44|0.55|0.4626|
|-|          6|          2|        140|     32639392.67|        921|00:00:15|+0.33|0.44|0.3333|
+-+-----------+-----------+-----------+----------------+-----------+--------+-----+----+------+
Best-so-far configuration:         140    mean value:      32639392.67
Description of the best-so-far configuration:
    .ID. algorithm localsearch alpha beta  rho ants   q0 rasrank elitistants
140  140       acs           3  3.71 3.54 0.39   70 0.63      NA          NA
    nnls dlb .PARENT.
140   27   1       NA

# 2025-06-06 13:30:40 -04: Elite configurations (first number is the configuration ID; listed from best to worst according to the sum of ranks):
    algorithm localsearch alpha beta  rho ants   q0 rasrank elitistants nnls
140       acs           3  3.71 3.54 0.39   70 0.63      NA          NA   27
87        acs           3  3.96 2.49 0.48   31 0.29      NA          NA   45
    dlb
140   1
87    1
# 2025-06-06 13:30:40 -04: Iteration 2 of 5
# experimentsUsed: 921
# remainingBudget: 4579
# currentBudget: 1144
# nbConfigurations: 165
# Markers:
     x No test is performed.
     c Configurations are discarded only due to capping.
     - The test is performed and some configurations are discarded.
     = The test is performed but no configuration is discarded.
     ! The test is performed and configurations could be discarded but elite configurations are preserved.
     . All alive configurations are elite and nothing is discarded.

+-+-----------+-----------+-----------+----------------+-----------+--------+-----+----+------+
| |   Instance|      Alive|       Best|       Mean best| Exp so far|  W time|  rho|KenW|  Qvar|
+-+-----------+-----------+-----------+----------------+-----------+--------+-----+----+------+
|x|          7|        165|        304|     32551934.00|        165|00:04:11|   NA|  NA|    NA|
|x|          4|        165|        304|     32480876.00|        328|00:04:10|+0.97|0.98|0.0016|
|x|          3|        165|        222|     32584526.00|        491|00:04:10|+0.97|0.98|0.0017|
|x|          6|        165|        256|     32565199.25|        654|00:04:09|+0.97|0.98|0.0017|
|-|          5|         11|        195|     32576415.60|        817|00:04:10|+0.29|0.44|0.6672|
|-|          1|          7|        195|     32603213.33|        826|00:00:20|+0.12|0.27|0.6605|
|-|          2|          5|        195|     32624258.71|        831|00:00:10|+0.02|0.16|0.8293|
+-+-----------+-----------+-----------+----------------+-----------+--------+-----+----+------+
Best-so-far configuration:         195    mean value:      32624258.71
Description of the best-so-far configuration:
    .ID. algorithm localsearch alpha beta  rho ants   q0 rasrank elitistants
195  195       acs           3  4.94  6.3 0.75   70 0.69      NA          NA
    nnls dlb .PARENT.
195   25   1      140

# 2025-06-06 13:52:05 -04: Elite configurations (first number is the configuration ID; listed from best to worst according to the sum of ranks):
    algorithm localsearch alpha beta  rho ants   q0 rasrank elitistants nnls
195       acs           3  4.94 6.30 0.75   70 0.69      NA          NA   25
304       acs           3  3.56 2.92 0.76   63 0.86      NA          NA   21
140       acs           3  3.71 3.54 0.39   70 0.63      NA          NA   27
222       acs           3  3.49 0.62 0.63   38 0.12      NA          NA   10
256       acs           3  3.73 4.24 0.49   63 0.31      NA          NA   30
    dlb
195   1
304   1
140   1
222   1
256   1
# 2025-06-06 13:52:05 -04: Iteration 3 of 5
# experimentsUsed: 1752
# remainingBudget: 3748
# currentBudget: 1249
# nbConfigurations: 160
# Markers:
     x No test is performed.
     c Configurations are discarded only due to capping.
     - The test is performed and some configurations are discarded.
     = The test is performed but no configuration is discarded.
     ! The test is performed and configurations could be discarded but elite configurations are preserved.
     . All alive configurations are elite and nothing is discarded.

+-+-----------+-----------+-----------+----------------+-----------+--------+-----+----+------+
| |   Instance|      Alive|       Best|       Mean best| Exp so far|  W time|  rho|KenW|  Qvar|
+-+-----------+-----------+-----------+----------------+-----------+--------+-----+----+------+
|x|          8|        160|        479|     32704634.00|        160|00:03:49|   NA|  NA|    NA|
|x|          1|        160|        461|     32708143.00|        315|00:03:45|+0.96|0.98|0.0014|
|x|          6|        160|        374|     32599940.33|        470|00:03:45|+0.95|0.96|0.0021|
|x|          5|        160|        374|     32587914.50|        625|00:03:42|+0.95|0.96|0.0024|
|-|          7|         14|        374|     32582448.80|        780|00:03:44|+0.05|0.24|0.8094|
|=|          3|         14|        374|     32628550.17|        789|00:00:20|+0.03|0.19|0.8339|
|=|          2|         14|        374|     32648511.29|        798|00:00:20|+0.03|0.17|0.8790|
|=|          4|         14|        374|     32605265.50|        807|00:00:20|+0.05|0.17|0.8607|
|=|          9|         14|        374|     32606070.22|        821|00:00:20|+0.02|0.13|0.8906|
+-+-----------+-----------+-----------+----------------+-----------+--------+-----+----+------+
Best-so-far configuration:         374    mean value:      32606070.22
Description of the best-so-far configuration:
    .ID. algorithm localsearch alpha beta  rho ants   q0 rasrank elitistants
374  374       acs           3  2.04 4.76 0.75   57 0.51      NA          NA
    nnls dlb .PARENT.
374   10   1      304

# 2025-06-06 14:12:14 -04: Elite configurations (first number is the configuration ID; listed from best to worst according to the sum of ranks):
    algorithm localsearch alpha beta  rho ants   q0 rasrank elitistants nnls
374       acs           3  2.04 4.76 0.75   57 0.51      NA          NA   10
448       acs           3  3.34 4.87 0.56   64 0.43      NA          NA   19
408       acs           3  3.80 5.46 0.36   66 0.34      NA          NA    9
491       acs           3  2.73 1.17 0.76   58 0.73      NA          NA   21
195       acs           3  4.94 6.30 0.75   70 0.69      NA          NA   25
    dlb
374   1
448   1
408   1
491   1
195   1
# 2025-06-06 14:12:15 -04: Iteration 4 of 5
# experimentsUsed: 2573
# remainingBudget: 2927
# currentBudget: 1463
# nbConfigurations: 150
# Markers:
     x No test is performed.
     c Configurations are discarded only due to capping.
     - The test is performed and some configurations are discarded.
     = The test is performed but no configuration is discarded.
     ! The test is performed and configurations could be discarded but elite configurations are preserved.
     . All alive configurations are elite and nothing is discarded.

+-+-----------+-----------+-----------+----------------+-----------+--------+-----+----+------+
| |   Instance|      Alive|       Best|       Mean best| Exp so far|  W time|  rho|KenW|  Qvar|
+-+-----------+-----------+-----------+----------------+-----------+--------+-----+----+------+
|x|         10|        150|        502|     32493188.00|        150|00:03:19|   NA|  NA|    NA|
|x|          6|        150|        374|     32441194.00|        295|00:03:17|+0.86|0.93|0.0049|
|x|          1|        150|        374|     32531216.33|        440|00:03:17|+0.87|0.91|0.0043|
|x|          5|        150|        374|     32536371.50|        585|00:03:16|+0.86|0.90|0.0042|
|-|          4|         22|        374|     32489606.20|        730|00:03:17|+0.02|0.22|0.9066|
|=|          7|         22|        571|     32502844.67|        747|00:00:31|+0.03|0.19|0.9197|
|=|          3|         22|        598|     32544620.29|        764|00:00:31|+0.06|0.19|0.9002|
|=|          8|         22|        598|     32573071.75|        781|00:00:31|+0.04|0.16|0.9171|
|=|          2|         22|        571|     32594148.00|        798|00:00:31|+0.06|0.16|0.8933|
|=|          9|         22|        571|     32589909.50|        815|00:00:31|+0.03|0.13|0.9177|
|=|         11|         22|        571|     32584033.18|        837|00:00:31|+0.04|0.13|0.9147|
+-+-----------+-----------+-----------+----------------+-----------+--------+-----+----+------+
Best-so-far configuration:         571    mean value:      32584033.18
Description of the best-so-far configuration:
    .ID. algorithm localsearch alpha beta  rho ants   q0 rasrank elitistants
571  571       acs           3  3.64 4.32 0.49   58 0.21      NA          NA
    nnls dlb .PARENT.
571   13   1      408

# 2025-06-06 14:31:51 -04: Elite configurations (first number is the configuration ID; listed from best to worst according to the sum of ranks):
    algorithm localsearch alpha beta  rho ants   q0 rasrank elitistants nnls
571       acs           3  3.64 4.32 0.49   58 0.21      NA          NA   13
598       acs           3  4.45 2.98 0.38   66 0.52      NA          NA   14
626       acs           3  1.70 4.80 0.74   53 0.41      NA          NA   11
638       acs           3  2.89 0.79 0.96   63 0.73      NA          NA   19
576       acs           3  2.27 5.30 0.63   61 0.50      NA          NA   10
    dlb
571   1
598   1
626   1
638   1
576   1
# 2025-06-06 14:31:51 -04: Iteration 5 of 5
# experimentsUsed: 3410
# remainingBudget: 2090
# currentBudget: 2090
# nbConfigurations: 178
# Markers:
     x No test is performed.
     c Configurations are discarded only due to capping.
     - The test is performed and some configurations are discarded.
     = The test is performed but no configuration is discarded.
     ! The test is performed and configurations could be discarded but elite configurations are preserved.
     . All alive configurations are elite and nothing is discarded.

+-+-----------+-----------+-----------+----------------+-----------+--------+-----+----+------+
| |   Instance|      Alive|       Best|       Mean best| Exp so far|  W time|  rho|KenW|  Qvar|
+-+-----------+-----------+-----------+----------------+-----------+--------+-----+----+------+
|x|         12|        178|        719|     32534068.00|        178|00:03:59|   NA|  NA|    NA|
|x|          5|        178|        803|     32538850.00|        351|00:03:49|+0.65|0.83|0.0073|
|x|          9|        178|        803|     32525593.67|        524|00:03:49|+0.68|0.78|0.0074|
|x|         10|        178|        755|     32537199.25|        697|00:03:49|+0.66|0.74|0.0054|
|-|          4|         68|        803|     32500838.40|        870|00:03:49|-0.12|0.10|1.0944|
|=|          3|         68|        803|     32544548.17|        933|00:01:23|-0.05|0.13|1.0232|
|=|         11|         68|        735|     32534199.14|        996|00:01:23|-0.02|0.12|1.0036|
|=|          1|         68|        735|     32556534.00|       1059|00:01:23|-0.01|0.12|0.9933|
|=|          8|         68|        735|     32575671.56|       1122|00:01:23|+0.01|0.12|0.9718|
|=|          7|         68|        735|     32575416.20|       1185|00:01:23|+0.02|0.12|0.9632|
|=|          2|         68|        715|     32593973.82|       1248|00:01:23|+0.02|0.11|0.9604|
|-|          6|         53|        683|     32581266.92|       1311|00:01:23|-0.02|0.06|1.0081|
|=|         13|         53|        715|     32576086.69|       1364|00:01:12|-0.02|0.06|1.0022|
|=|         14|         53|        638|     32571683.86|       1417|00:01:12|-0.02|0.05|0.9996|
+-+-----------+-----------+-----------+----------------+-----------+--------+-----+----+------+
Best-so-far configuration:         638    mean value:      32571683.86
Description of the best-so-far configuration:
    .ID. algorithm localsearch alpha beta  rho ants   q0 rasrank elitistants
638  638       acs           3  2.89 0.79 0.96   63 0.73      NA          NA
    nnls dlb .PARENT.
638   19   1      491

# 2025-06-06 15:03:21 -04: Elite configurations (first number is the configuration ID; listed from best to worst according to the sum of ranks):
    algorithm localsearch alpha beta  rho ants   q0 rasrank elitistants nnls
638       acs           3  2.89 0.79 0.96   63 0.73      NA          NA   19
815       acs           3  4.41 4.03 0.35   66 0.50      NA          NA   10
715       acs           3  4.48 3.23 0.39   68 0.47      NA          NA   10
697       acs           3  1.93 6.09 0.72   48 0.22      NA          NA   12
803       acs           3  3.62 3.89 0.39   58 0.15      NA          NA    8
    dlb
638   1
815   1
715   1
697   1
803   1
# 2025-06-06 15:03:21 -04: Iteration 6 of 6
# experimentsUsed: 4827
# remainingBudget: 673
# currentBudget: 673
# nbConfigurations: 49
# Markers:
     x No test is performed.
     c Configurations are discarded only due to capping.
     - The test is performed and some configurations are discarded.
     = The test is performed but no configuration is discarded.
     ! The test is performed and configurations could be discarded but elite configurations are preserved.
     . All alive configurations are elite and nothing is discarded.

+-+-----------+-----------+-----------+----------------+-----------+--------+-----+----+------+
| |   Instance|      Alive|       Best|       Mean best| Exp so far|  W time|  rho|KenW|  Qvar|
+-+-----------+-----------+-----------+----------------+-----------+--------+-----+----+------+
|x|         15|         49|        845|     32455513.00|         49|00:01:12|   NA|  NA|    NA|
|x|          5|         49|        845|     32508657.50|         93|00:01:02|+0.51|0.75|0.2654|
|x|          4|         49|        845|     32451260.33|        137|00:01:02|+0.46|0.64|0.2537|
|x|          1|         49|        815|     32517320.75|        181|00:01:02|+0.43|0.57|0.2611|
|-|          9|         26|        815|     32522907.40|        225|00:01:02|-0.06|0.15|1.0282|
|=|          2|         26|        803|     32550188.50|        246|00:00:31|-0.03|0.14|0.9919|
|=|         10|         26|        803|     32552826.00|        267|00:00:31|-0.04|0.11|0.9922|
|=|          8|         26|        820|     32575090.75|        288|00:00:31|-0.01|0.12|0.9701|
|=|          3|         26|        820|     32600301.00|        309|00:00:31|-0.01|0.10|0.9673|
|=|         12|         26|        803|     32596104.70|        330|00:00:31|+0.03|0.12|0.9305|
|=|         14|         26|        803|     32587772.82|        351|00:00:31|+0.03|0.12|0.9287|
|=|         13|         26|        803|     32584551.25|        372|00:00:31|+0.02|0.10|0.9388|
|=|         11|         26|        833|     32575723.77|        393|00:00:31|+0.03|0.10|0.9351|
|=|          7|         26|        833|     32572442.43|        414|00:00:31|+0.04|0.10|0.9245|
|=|          6|         26|        833|     32561287.73|        435|00:00:31|+0.03|0.09|0.9307|
|=|         16|         26|        815|     32584579.31|        461|00:00:41|+0.03|0.09|0.9301|
+-+-----------+-----------+-----------+----------------+-----------+--------+-----+----+------+
Best-so-far configuration:         815    mean value:      32584579.31
Description of the best-so-far configuration:
    .ID. algorithm localsearch alpha beta  rho ants  q0 rasrank elitistants
815  815       acs           3  4.41 4.03 0.35   66 0.5      NA          NA
    nnls dlb .PARENT.
815   10   1      598

# 2025-06-06 15:14:40 -04: Elite configurations (first number is the configuration ID; listed from best to worst according to the sum of ranks):
    algorithm localsearch alpha beta  rho ants   q0 rasrank elitistants nnls
815       acs           3  4.41 4.03 0.35   66 0.50      NA          NA   10
833       acs           3  3.88 4.05 0.42   62 0.24      NA          NA    9
715       acs           3  4.48 3.23 0.39   68 0.47      NA          NA   10
820       acs           3  4.19 3.51 0.40   64 0.53      NA          NA   12
803       acs           3  3.62 3.89 0.39   58 0.15      NA          NA    8
    dlb
815   1
833   1
715   1
820   1
803   1
# 2025-06-06 15:14:40 -04: Iteration 7 of 7
# experimentsUsed: 5288
# remainingBudget: 212
# currentBudget: 212
# nbConfigurations: 17
# Markers:
     x No test is performed.
     c Configurations are discarded only due to capping.
     - The test is performed and some configurations are discarded.
     = The test is performed but no configuration is discarded.
     ! The test is performed and configurations could be discarded but elite configurations are preserved.
     . All alive configurations are elite and nothing is discarded.

+-+-----------+-----------+-----------+----------------+-----------+--------+-----+----+------+
| |   Instance|      Alive|       Best|       Mean best| Exp so far|  W time|  rho|KenW|  Qvar|
+-+-----------+-----------+-----------+----------------+-----------+--------+-----+----+------+
|x|         17|         17|        869|     32681945.00|         17|00:00:31|   NA|  NA|    NA|
|x|         13|         17|        871|     32606040.00|         29|00:00:20|+0.39|0.70|0.1928|
|x|         14|         17|        871|     32573118.33|         41|00:00:20|+0.33|0.55|0.2499|
|x|          6|         17|        815|     32521355.75|         53|00:00:20|+0.16|0.37|0.4506|
|-|         16|         13|        815|     32597686.00|         65|00:00:20|-0.05|0.16|0.9134|
|=|          5|         13|        815|     32592950.67|         73|00:00:10|+0.01|0.17|0.8598|
|=|          1|         13|        815|     32604222.86|         81|00:00:10|+0.02|0.16|0.8654|
|=|          2|         13|        815|     32630092.38|         89|00:00:10|-0.03|0.10|0.9195|
|=|          7|         13|        815|     32617535.44|         97|00:00:10|-0.01|0.10|0.9112|
|=|          4|         13|        815|     32590806.80|        105|00:00:10|-0.03|0.07|0.9317|
|=|          8|         13|        815|     32603203.73|        113|00:00:10|-0.04|0.05|0.9460|
|=|         10|         13|        815|     32597405.17|        121|00:00:10|-0.01|0.07|0.9159|
|=|          3|         13|        815|     32615107.23|        129|00:00:10|-0.01|0.07|0.9097|
|=|         12|         13|        815|     32613104.93|        137|00:00:10|+0.01|0.08|0.8901|
|=|         11|         13|        815|     32604592.73|        145|00:00:10|+0.02|0.08|0.8919|
|=|          9|         13|        815|     32600884.06|        153|00:00:10|+0.04|0.10|0.8687|
|-|         15|         10|        815|     32593649.94|        161|00:00:10|-0.02|0.04|0.9152|
|=|         18|         10|        815|     32598070.50|        171|00:00:20|-0.01|0.05|0.9070|
|=|         19|         10|        815|     32594034.74|        181|00:00:20|+0.00|0.05|0.9019|
+-+-----------+-----------+-----------+----------------+-----------+--------+-----+----+------+
Best-so-far configuration:         815    mean value:      32594034.74
Description of the best-so-far configuration:
    .ID. algorithm localsearch alpha beta  rho ants  q0 rasrank elitistants
815  815       acs           3  4.41 4.03 0.35   66 0.5      NA          NA
    nnls dlb .PARENT.
815   10   1      598

# 2025-06-06 15:19:23 -04: Elite configurations (first number is the configuration ID; listed from best to worst according to the sum of ranks):
    algorithm localsearch alpha beta  rho ants   q0 rasrank elitistants nnls
815       acs           3  4.41 4.03 0.35   66 0.50      NA          NA   10
715       acs           3  4.48 3.23 0.39   68 0.47      NA          NA   10
833       acs           3  3.88 4.05 0.42   62 0.24      NA          NA    9
803       acs           3  3.62 3.89 0.39   58 0.15      NA          NA    8
820       acs           3  4.19 3.51 0.40   64 0.53      NA          NA   12
    dlb
815   1
715   1
833   1
803   1
820   1
# 2025-06-06 15:19:23 -04: Iteration 8 of 8
# experimentsUsed: 5469
# remainingBudget: 31
# currentBudget: 31
# nbConfigurations: 6
# Markers:
     x No test is performed.
     c Configurations are discarded only due to capping.
     - The test is performed and some configurations are discarded.
     = The test is performed but no configuration is discarded.
     ! The test is performed and configurations could be discarded but elite configurations are preserved.
     . All alive configurations are elite and nothing is discarded.

+-+-----------+-----------+-----------+----------------+-----------+--------+-----+----+------+
| |   Instance|      Alive|       Best|       Mean best| Exp so far|  W time|  rho|KenW|  Qvar|
+-+-----------+-----------+-----------+----------------+-----------+--------+-----+----+------+
|x|         20|          6|        820|     32203698.00|          6|00:00:10|   NA|  NA|    NA|
|x|          7|          6|        820|     32352622.00|          7|00:00:10|+0.49|0.74|0.5301|
|x|          5|          6|        820|     32440911.67|          8|00:00:10|+0.39|0.59|0.6872|
|x|          1|          6|        815|     32508087.50|          9|00:00:10|+0.32|0.49|0.5520|
|-|         15|          5|        815|     32502050.80|         10|00:00:10|-0.20|0.04|0.9672|
|.|          9|          5|        815|     32509251.33|         10|00:00:00|-0.18|0.02|0.9320|
|.|         11|          5|        815|     32505847.14|         10|00:00:00|-0.13|0.03|0.8875|
|.|         18|          5|        815|     32526768.75|         10|00:00:00|-0.07|0.06|0.8537|
|.|         19|          5|        815|     32526171.22|         10|00:00:00|-0.08|0.04|0.8532|
|.|          4|          5|        815|     32508579.00|         10|00:00:00|-0.06|0.04|0.8324|
|.|          3|          5|        815|     32537574.73|         10|00:00:00|-0.06|0.03|0.8339|
|.|         13|          5|        815|     32530868.58|         10|00:00:00|-0.05|0.03|0.8379|
|.|         12|          5|        815|     32535192.15|         10|00:00:00|-0.05|0.03|0.8347|
|.|         16|          5|        815|     32561464.64|         10|00:00:00|-0.05|0.03|0.8384|
|.|          6|          5|        815|     32548705.40|         10|00:00:00|-0.04|0.03|0.8331|
|.|         17|          5|        815|     32560585.06|         10|00:00:00|-0.03|0.03|0.8256|
|.|          2|          5|        815|     32575325.88|         10|00:00:00|-0.04|0.02|0.8331|
|.|          8|          5|        815|     32583761.83|         10|00:00:00|-0.05|0.01|0.8400|
|.|         14|          5|        815|     32580377.84|         10|00:00:00|-0.04|0.01|0.8327|
|.|         10|          5|        815|     32578040.00|         10|00:00:00|-0.04|0.01|0.8363|
+-+-----------+-----------+-----------+----------------+-----------+--------+-----+----+------+
Best-so-far configuration:         815    mean value:      32578040.00
Description of the best-so-far configuration:
    .ID. algorithm localsearch alpha beta  rho ants  q0 rasrank elitistants
815  815       acs           3  4.41 4.03 0.35   66 0.5      NA          NA
    nnls dlb .PARENT.
815   10   1      598

# 2025-06-06 15:20:15 -04: Elite configurations (first number is the configuration ID; listed from best to worst according to the sum of ranks):
    algorithm localsearch alpha beta  rho ants   q0 rasrank elitistants nnls
815       acs           3  4.41 4.03 0.35   66 0.50      NA          NA   10
715       acs           3  4.48 3.23 0.39   68 0.47      NA          NA   10
833       acs           3  3.88 4.05 0.42   62 0.24      NA          NA    9
803       acs           3  3.62 3.89 0.39   58 0.15      NA          NA    8
820       acs           3  4.19 3.51 0.40   64 0.53      NA          NA   12
    dlb
815   1
715   1
833   1
803   1
820   1
# 2025-06-06 15:20:15 -04: Iteration 9 of 9
# experimentsUsed: 5479
# remainingBudget: 21
# currentBudget: 21
# nbConfigurations: 6
# Markers:
     x No test is performed.
     c Configurations are discarded only due to capping.
     - The test is performed and some configurations are discarded.
     = The test is performed but no configuration is discarded.
     ! The test is performed and configurations could be discarded but elite configurations are preserved.
     . All alive configurations are elite and nothing is discarded.

+-+-----------+-----------+-----------+----------------+-----------+--------+-----+----+------+
| |   Instance|      Alive|       Best|       Mean best| Exp so far|  W time|  rho|KenW|  Qvar|
+-+-----------+-----------+-----------+----------------+-----------+--------+-----+----+------+
|x|         18|          6|        715|     32629819.00|          1|00:00:10|   NA|  NA|    NA|
|x|          3|          6|        715|     32709718.00|          2|00:00:10|+0.09|0.54|0.8047|
|x|          4|          6|        833|     32583400.33|          3|00:00:10|-0.33|0.11|0.9484|
|x|          1|          6|        833|     32605645.00|          4|00:00:10|-0.13|0.15|0.8747|
|=|         11|          6|        833|     32569579.40|          5|00:00:10|+0.05|0.24|0.7322|
|=|          5|          6|        833|     32581199.17|          6|00:00:10|-0.08|0.10|0.8786|
|=|          9|          6|        833|     32569477.43|          7|00:00:10|-0.01|0.13|0.8129|
|=|          7|          6|        833|     32564515.88|          8|00:00:10|+0.01|0.14|0.7674|
|=|          6|          6|        815|     32556662.56|          9|00:00:10|+0.03|0.13|0.7996|
|=|         13|          6|        815|     32546706.40|         10|00:00:10|+0.07|0.16|0.7890|
|=|         12|          6|        833|     32547264.36|         11|00:00:10|+0.06|0.15|0.7772|
|=|          2|          6|        715|     32567879.75|         12|00:00:10|+0.04|0.12|0.7990|
|=|         20|          6|        715|     32541656.15|         13|00:00:10|+0.04|0.12|0.7950|
|=|          8|          6|        715|     32556897.64|         14|00:00:10|+0.04|0.10|0.7995|
|=|         10|          6|        715|     32556394.60|         15|00:00:10|+0.06|0.12|0.7818|
|=|         16|          6|        715|     32577957.50|         16|00:00:10|+0.06|0.12|0.7845|
|=|         19|          6|        715|     32576409.94|         17|00:00:10|+0.05|0.11|0.7901|
|=|         17|          6|        815|     32586857.22|         18|00:00:10|+0.05|0.11|0.7883|
|-|         14|          5|        815|     32583310.32|         19|00:00:10|-0.05|0.00|0.8433|
|.|         15|          5|        815|     32578040.00|         19|00:00:00|-0.04|0.01|0.8363|
+-+-----------+-----------+-----------+----------------+-----------+--------+-----+----+------+
Best-so-far configuration:         815    mean value:      32578040.00
Description of the best-so-far configuration:
    .ID. algorithm localsearch alpha beta  rho ants  q0 rasrank elitistants
815  815       acs           3  4.41 4.03 0.35   66 0.5      NA          NA
    nnls dlb .PARENT.
815   10   1      598

# 2025-06-06 15:23:33 -04: Elite configurations (first number is the configuration ID; listed from best to worst according to the sum of ranks):
    algorithm localsearch alpha beta  rho ants   q0 rasrank elitistants nnls
815       acs           3  4.41 4.03 0.35   66 0.50      NA          NA   10
715       acs           3  4.48 3.23 0.39   68 0.47      NA          NA   10
833       acs           3  3.88 4.05 0.42   62 0.24      NA          NA    9
803       acs           3  3.62 3.89 0.39   58 0.15      NA          NA    8
820       acs           3  4.19 3.51 0.40   64 0.53      NA          NA   12
    dlb
815   1
715   1
833   1
803   1
820   1
# 2025-06-06 15:23:33 -04: Stopped because there is not enough budget left to race more than the minimum (5).
# You may either increase the budget or set 'minNbSurvival' to a lower value.
# Iteration: 10
# nbIterations: 10
# experimentsUsed: 5498
# timeUsed: 0
# remainingBudget: 2
# currentBudget: 2
# number of elites: 5
# nbConfigurations: 5
# Total CPU user time: 60476.96, CPU sys time: 460.29, Wall-clock time: 8289.852
# 2025-06-06 15:23:34 -04: Starting post-selection:
# Configurations selected: 815, 715.
# Pending instances: 0, 0.
# 2025-06-06 15:23:34 -04: seed: 666999000
# Configurations: 2
# Available experiments: 2
# minSurvival: 1
# Markers:
     x No test is performed.
     c Configurations are discarded only due to capping.
     - The test is performed and some configurations are discarded.
     = The test is performed but no configuration is discarded.
     ! The test is performed and configurations could be discarded but elite configurations are preserved.
     . All alive configurations are elite and nothing is discarded.

+-+-----------+-----------+-----------+----------------+-----------+--------+-----+----+------+
| |   Instance|      Alive|       Best|       Mean best| Exp so far|  W time|  rho|KenW|  Qvar|
+-+-----------+-----------+-----------+----------------+-----------+--------+-----+----+------+
|.|         17|          2|        815|     32738780.00|          0|00:00:00|   NA|  NA|    NA|
|.|         14|          2|        815|     32629123.00|          0|00:00:00|+1.00|1.00|0.0000|
|.|         11|          2|        815|     32581222.67|          0|00:00:00|-0.33|0.11|0.6667|
|.|         15|          2|        815|     32555393.00|          0|00:00:00|-0.33|0.00|0.6667|
|.|          4|          2|        815|     32514364.20|          0|00:00:00|-0.20|0.04|0.6000|
|.|          9|          2|        815|     32519512.50|          0|00:00:00|-0.20|0.00|0.6000|
|.|          1|          2|        815|     32541275.86|          0|00:00:00|-0.14|0.02|0.5714|
|.|         19|          2|        815|     32538790.25|          0|00:00:00|-0.07|0.06|0.5357|
|.|          5|          2|        815|     32542177.33|          0|00:00:00|+0.00|0.11|0.5000|
|.|          6|          2|        815|     32524967.20|          0|00:00:00|+0.07|0.16|0.4667|
|.|         18|          2|        815|     32538444.73|          0|00:00:00|-0.02|0.07|0.5091|
|.|          7|          2|        815|     32536664.33|          0|00:00:00|+0.03|0.11|0.4848|
|.|          3|          2|        815|     32559038.77|          0|00:00:00|-0.03|0.05|0.5128|
|.|         20|          2|        815|     32538688.86|          0|00:00:00|-0.05|0.02|0.5275|
|.|          2|          2|        815|     32556854.87|          0|00:00:00|-0.07|0.00|0.5333|
|.|         16|          2|        815|     32578489.38|          0|00:00:00|-0.07|0.00|0.5333|
|.|         10|          2|        815|     32575850.06|          0|00:00:00|-0.06|0.00|0.5294|
|.|         13|          2|        815|     32569252.89|          0|00:00:00|-0.05|0.01|0.5229|
|.|          8|          2|        815|     32577564.47|          0|00:00:00|-0.03|0.02|0.5146|
|.|         12|          2|        815|     32578040.00|          0|00:00:00|-0.04|0.01|0.5211|
|=|         21|          2|        815|     32591122.62|          2|00:00:10|-0.05|0.00|0.5238|
+-+-----------+-----------+-----------+----------------+-----------+--------+-----+----+------+
Best-so-far configuration:         815    mean value:      32591122.62
Description of the best-so-far configuration:
    .ID. algorithm localsearch alpha beta  rho ants  q0 rasrank elitistants
815  815       acs           3  4.41 4.03 0.35   66 0.5      NA          NA
    nnls dlb .PARENT.
815   10   1      598

# 2025-06-06 15:23:44 -04: Elite configurations (first number is the configuration ID; listed from best to worst according to the sum of ranks):
    algorithm localsearch alpha beta  rho ants   q0 rasrank elitistants nnls
815       acs           3  4.41 4.03 0.35   66 0.50      NA          NA   10
715       acs           3  4.48 3.23 0.39   68 0.47      NA          NA   10
    dlb
815   1
715   1
# Total CPU user time: 60497.61, CPU sys time: 460.472, Wall-clock time: 8300.384
    .ID. algorithm localsearch alpha beta  rho ants   q0 rasrank elitistants
815  815       acs           3  4.41 4.03 0.35   66 0.50      NA          NA
715  715       acs           3  4.48 3.23 0.39   68 0.47      NA          NA
    nnls dlb .PARENT. .RANK.  .WEIGHT.
815   10   1      598     31 0.6666667
715   10   1      598     32 0.3333333
