# 2025-06-05 15:00:43 -04: Reading parameter file '/home/dianag/PruebasPablo/irace-independent-executions/ACOTSP/Scenarios/E2-BL-SR/Runs/E2-BL-SR_seed_9876543210/parameters.txt'.
# 2025-06-05 15:00:43 -04: 1 expression(s) specifying forbidden configurations read.
# 2025-06-05 15:00:43 -04: Initialization
# Elitist race
# Elitist new instances: 1
# Elitist limit: 2
# nbIterations: 5
# minNbSurvival: 5
# nbParameters: 11
# seed: 843243099
# confidence level: 0.95
# budget: 2750
# mu: 5
# deterministic: FALSE

# 2025-06-05 15:00:44 -04: Iteration 1 of 5
# experimentsUsed: 0
# remainingBudget: 2750
# currentBudget: 550
# nbConfigurations: 91
# Markers:
     x No test is performed.
     c Configurations are discarded only due to capping.
     - The test is performed and some configurations are discarded.
     = The test is performed but no configuration is discarded.
     ! The test is performed and configurations could be discarded but elite configurations are preserved.
     . All alive configurations are elite and nothing is discarded.

+-+-----------+-----------+-----------+----------------+-----------+--------+-----+----+------+
| |   Instance|      Alive|       Best|       Mean best| Exp so far|  W time|  rho|KenW|  Qvar|
+-+-----------+-----------+-----------+----------------+-----------+--------+-----+----+------+
|x|          1|         91|         10|     32594257.00|         91|00:02:19|   NA|  NA|    NA|
|x|          2|         91|         10|     32564778.50|        182|00:02:20|+0.96|0.98|0.0035|
|x|          3|         91|         10|     32483205.33|        273|00:02:19|+0.97|0.98|0.0034|
|x|          4|         91|         10|     32504940.75|        364|00:02:18|+0.98|0.98|0.0033|
|-|          5|          4|         10|     32509615.80|        455|00:02:17|+0.64|0.71|0.1808|
+-+-----------+-----------+-----------+----------------+-----------+--------+-----+----+------+
Best-so-far configuration:          10    mean value:      32509615.80
Description of the best-so-far configuration:
   .ID. algorithm localsearch alpha beta  rho ants   q0 rasrank elitistants
10   10       acs           3     4 4.21 0.77   63 0.31      NA          NA
   nnls dlb .PARENT.
10    7   1       NA

# 2025-06-05 15:12:18 -04: Elite configurations (first number is the configuration ID; listed from best to worst according to the sum of ranks):
   algorithm localsearch alpha beta  rho ants   q0 rasrank elitistants nnls dlb
10       acs           3  4.00 4.21 0.77   63 0.31      NA          NA    7   1
69       acs           3  2.01 0.85 0.18   13 0.42      NA          NA   15   0
67      mmas           3  2.64 7.10 0.55   97   NA      NA          NA   21   0
71      mmas           2  0.76 3.35 0.92   85   NA      NA          NA   50   1
# 2025-06-05 15:12:18 -04: Iteration 2 of 5
# experimentsUsed: 455
# remainingBudget: 2295
# currentBudget: 573
# nbConfigurations: 84
# Markers:
     x No test is performed.
     c Configurations are discarded only due to capping.
     - The test is performed and some configurations are discarded.
     = The test is performed but no configuration is discarded.
     ! The test is performed and configurations could be discarded but elite configurations are preserved.
     . All alive configurations are elite and nothing is discarded.

+-+-----------+-----------+-----------+----------------+-----------+--------+-----+----+------+
| |   Instance|      Alive|       Best|       Mean best| Exp so far|  W time|  rho|KenW|  Qvar|
+-+-----------+-----------+-----------+----------------+-----------+--------+-----+----+------+
|x|          6|         84|        116|     32412521.00|         84|00:02:05|   NA|  NA|    NA|
|x|          3|         84|        116|     32381604.00|        164|00:02:01|+0.97|0.99|0.0024|
|x|          1|         84|         10|     32457443.67|        244|00:02:01|+0.98|0.98|0.0017|
|x|          4|         84|         10|     32485619.50|        324|00:02:01|+0.97|0.98|0.0017|
|-|          2|          6|         10|     32495555.60|        404|00:02:02|+0.45|0.56|0.3248|
|-|          5|          3|         10|     32501015.67|        406|00:00:10|+0.43|0.53|0.5130|
+-+-----------+-----------+-----------+----------------+-----------+--------+-----+----+------+
Best-so-far configuration:          10    mean value:      32501015.67
Description of the best-so-far configuration:
   .ID. algorithm localsearch alpha beta  rho ants   q0 rasrank elitistants
10   10       acs           3     4 4.21 0.77   63 0.31      NA          NA
   nnls dlb .PARENT.
10    7   1       NA

# 2025-06-05 15:22:41 -04: Elite configurations (first number is the configuration ID; listed from best to worst according to the sum of ranks):
    algorithm localsearch alpha beta  rho ants   q0 rasrank elitistants nnls
10        acs           3  4.00 4.21 0.77   63 0.31      NA          NA    7
116       acs           3  1.81 6.30 0.80   58 0.88      NA          NA   41
136       acs           3  3.21 4.65 0.42   50 0.51      NA          NA   29
    dlb
10    1
116   1
136   0
# 2025-06-05 15:22:41 -04: Iteration 3 of 5
# experimentsUsed: 861
# remainingBudget: 1889
# currentBudget: 629
# nbConfigurations: 80
# Markers:
     x No test is performed.
     c Configurations are discarded only due to capping.
     - The test is performed and some configurations are discarded.
     = The test is performed but no configuration is discarded.
     ! The test is performed and configurations could be discarded but elite configurations are preserved.
     . All alive configurations are elite and nothing is discarded.

+-+-----------+-----------+-----------+----------------+-----------+--------+-----+----+------+
| |   Instance|      Alive|       Best|       Mean best| Exp so far|  W time|  rho|KenW|  Qvar|
+-+-----------+-----------+-----------+----------------+-----------+--------+-----+----+------+
|x|          7|         80|        221|     33066042.00|         80|00:02:00|   NA|  NA|    NA|
|x|          3|         80|        221|     32669549.50|        157|00:01:54|+0.97|0.98|0.0017|
|x|          4|         80|        177|     32616478.00|        234|00:01:54|+0.94|0.96|0.0019|
|x|          2|         80|        177|     32578624.75|        311|00:01:58|+0.95|0.97|0.0020|
|-|          1|         11|        176|     32606065.20|        388|00:01:55|+0.09|0.27|0.8017|
|=|          5|         11|        176|     32589671.83|        396|00:00:10|+0.09|0.24|0.7962|
|-|          6|          9|        176|     32553847.14|        404|00:00:10|-0.02|0.13|0.9011|
|=|          8|          9|        176|     32556779.88|        413|00:00:20|+0.05|0.17|0.8424|
|=|          9|          9|        176|     32515262.89|        422|00:00:20|+0.07|0.18|0.8141|
+-+-----------+-----------+-----------+----------------+-----------+--------+-----+----+------+
Best-so-far configuration:         176    mean value:      32515262.89
Description of the best-so-far configuration:
    .ID. algorithm localsearch alpha beta  rho ants   q0 rasrank elitistants
176  176       acs           3   4.8  3.6 0.23   63 0.73      NA          NA
    nnls dlb .PARENT.
176    6   0       10

# 2025-06-05 15:33:27 -04: Elite configurations (first number is the configuration ID; listed from best to worst according to the sum of ranks):
    algorithm localsearch alpha beta  rho ants   q0 rasrank elitistants nnls
176       acs           3  4.80 3.60 0.23   63 0.73      NA          NA    6
177       acs           3  2.42 6.87 0.83   25 0.37      NA          NA   17
223       acs           3  4.35 2.15 0.64   76 0.68      NA          NA   14
245       acs           3  2.81 2.91 0.81   58 0.54      NA          NA   11
221       acs           3  3.58 2.14 0.51   55 0.17      NA          NA    9
    dlb
176   0
177   1
223   1
245   1
221   1
# 2025-06-05 15:33:27 -04: Iteration 4 of 5
# experimentsUsed: 1283
# remainingBudget: 1467
# currentBudget: 733
# nbConfigurations: 77
# Markers:
     x No test is performed.
     c Configurations are discarded only due to capping.
     - The test is performed and some configurations are discarded.
     = The test is performed but no configuration is discarded.
     ! The test is performed and configurations could be discarded but elite configurations are preserved.
     . All alive configurations are elite and nothing is discarded.

+-+-----------+-----------+-----------+----------------+-----------+--------+-----+----+------+
| |   Instance|      Alive|       Best|       Mean best| Exp so far|  W time|  rho|KenW|  Qvar|
+-+-----------+-----------+-----------+----------------+-----------+--------+-----+----+------+
|x|         10|         77|        261|     32515262.00|         77|00:01:46|   NA|  NA|    NA|
|x|          4|         77|        262|     32518083.00|        149|00:01:38|+0.82|0.91|0.0038|
|x|          8|         77|        262|     32531570.67|        221|00:01:38|+0.78|0.86|0.0025|
|x|          1|         77|        281|     32540116.25|        293|00:01:40|+0.78|0.84|0.0026|
|-|          7|         17|        281|     32646253.60|        365|00:01:39|+0.04|0.23|0.9436|
|=|          5|         17|        281|     32627373.17|        377|00:00:20|+0.04|0.20|0.9288|
|=|          6|         17|        281|     32591264.71|        389|00:00:20|-0.02|0.13|0.9489|
|=|          2|         17|        261|     32570665.00|        401|00:00:20|+0.01|0.13|0.9326|
|=|          3|         17|        261|     32539630.00|        413|00:00:20|-0.01|0.10|0.9527|
|=|          9|         17|        261|     32500150.30|        425|00:00:20|-0.00|0.10|0.9384|
|=|         11|         17|        261|     32501321.18|        442|00:00:31|+0.00|0.09|0.9248|
+-+-----------+-----------+-----------+----------------+-----------+--------+-----+----+------+
Best-so-far configuration:         261    mean value:      32501321.18
Description of the best-so-far configuration:
    .ID. algorithm localsearch alpha beta  rho ants   q0 rasrank elitistants
261  261       acs           3  3.22 0.73 0.56   52 0.04      NA          NA
    nnls dlb .PARENT.
261   14   1      221

# 2025-06-05 15:44:07 -04: Elite configurations (first number is the configuration ID; listed from best to worst according to the sum of ranks):
    algorithm localsearch alpha beta  rho ants   q0 rasrank elitistants nnls
261       acs           3  3.22 0.73 0.56   52 0.04      NA          NA   14
262       acs           3  4.65 1.03 0.46   61 0.63      NA          NA   13
281       acs           3  5.00 1.42 0.59   73 0.55      NA          NA   11
290       acs           3  4.37 4.68 0.33   66 0.55      NA          NA    6
287       acs           3  4.97 2.59 0.27   71 0.74      NA          NA   13
    dlb
261   1
262   1
281   1
290   0
287   1
# 2025-06-05 15:44:07 -04: Iteration 5 of 5
# experimentsUsed: 1725
# remainingBudget: 1025
# currentBudget: 1025
# nbConfigurations: 90
# Markers:
     x No test is performed.
     c Configurations are discarded only due to capping.
     - The test is performed and some configurations are discarded.
     = The test is performed but no configuration is discarded.
     ! The test is performed and configurations could be discarded but elite configurations are preserved.
     . All alive configurations are elite and nothing is discarded.

+-+-----------+-----------+-----------+----------------+-----------+--------+-----+----+------+
| |   Instance|      Alive|       Best|       Mean best| Exp so far|  W time|  rho|KenW|  Qvar|
+-+-----------+-----------+-----------+----------------+-----------+--------+-----+----+------+
|x|         12|         90|        333|     32814389.00|         90|00:02:05|   NA|  NA|    NA|
|x|          2|         90|        355|     32646703.00|        175|00:01:54|+0.71|0.86|0.0018|
|x|          7|         90|        359|     32802020.00|        260|00:01:54|+0.72|0.81|0.0017|
|x|          4|         90|        355|     32709067.75|        345|00:01:54|+0.72|0.79|0.0016|
|-|         11|         22|        355|     32672423.40|        430|00:01:54|-0.10|0.12|1.0226|
|=|          3|         22|        355|     32600670.17|        447|00:00:31|-0.03|0.14|0.9598|
|=|         10|         22|        355|     32599922.86|        464|00:00:31|-0.00|0.14|0.9347|
|=|          5|         22|        355|     32583978.12|        481|00:00:31|+0.04|0.16|0.8951|
|=|          8|         22|        355|     32586928.33|        498|00:00:31|+0.04|0.15|0.8970|
|=|          9|         22|        355|     32538254.40|        515|00:00:31|+0.05|0.15|0.8811|
|=|          1|         22|        355|     32540281.27|        532|00:00:31|+0.04|0.13|0.8924|
|=|          6|         22|        355|     32526014.08|        549|00:00:31|+0.04|0.12|0.8950|
|=|         13|         22|        355|     32524584.08|        571|00:00:31|+0.02|0.09|0.9175|
+-+-----------+-----------+-----------+----------------+-----------+--------+-----+----+------+
Best-so-far configuration:         355    mean value:      32524584.08
Description of the best-so-far configuration:
    .ID. algorithm localsearch alpha beta rho ants   q0 rasrank elitistants
355  355       acs           3  3.06 0.77 0.7   53 0.07      NA          NA
    nnls dlb .PARENT.
355   13   1      261

# 2025-06-05 15:58:00 -04: Elite configurations (first number is the configuration ID; listed from best to worst according to the sum of ranks):
    algorithm localsearch alpha beta  rho ants   q0 rasrank elitistants nnls
355       acs           3  3.06 0.77 0.70   53 0.07      NA          NA   13
399       acs           3  3.14 1.21 0.53   52 0.00      NA          NA   15
261       acs           3  3.22 0.73 0.56   52 0.04      NA          NA   14
343       acs           3  3.74 0.41 0.57   60 0.59      NA          NA   10
337       acs           3  4.40 1.08 0.82   70 0.59      NA          NA   10
    dlb
355   1
399   1
261   1
343   1
337   1
# 2025-06-05 15:58:00 -04: Iteration 6 of 6
# experimentsUsed: 2296
# remainingBudget: 454
# currentBudget: 454
# nbConfigurations: 37
# Markers:
     x No test is performed.
     c Configurations are discarded only due to capping.
     - The test is performed and some configurations are discarded.
     = The test is performed but no configuration is discarded.
     ! The test is performed and configurations could be discarded but elite configurations are preserved.
     . All alive configurations are elite and nothing is discarded.

+-+-----------+-----------+-----------+----------------+-----------+--------+-----+----+------+
| |   Instance|      Alive|       Best|       Mean best| Exp so far|  W time|  rho|KenW|  Qvar|
+-+-----------+-----------+-----------+----------------+-----------+--------+-----+----+------+
|x|         14|         37|        414|     32745163.00|         37|00:00:52|   NA|  NA|    NA|
|x|          5|         37|        410|     32613084.00|         69|00:00:41|+0.31|0.65|0.3209|
|x|          4|         37|        410|     32571956.33|        101|00:00:41|+0.34|0.56|0.3833|
|x|         10|         37|        337|     32565951.25|        133|00:00:42|+0.30|0.48|0.3792|
|-|          7|         20|        433|     32665695.80|        165|00:00:41|-0.05|0.16|1.0038|
|=|          3|         20|        399|     32599442.50|        180|00:00:21|-0.06|0.12|1.0008|
|=|          8|         20|        407|     32593411.57|        195|00:00:20|-0.06|0.09|1.0095|
|=|         12|         20|        407|     32630096.62|        210|00:00:20|-0.05|0.08|1.0005|
|=|          1|         20|        399|     32621865.22|        225|00:00:21|-0.03|0.09|0.9811|
|=|          9|         20|        337|     32575141.70|        240|00:00:20|-0.02|0.08|0.9773|
|=|         13|         20|        337|     32568365.00|        255|00:00:21|-0.01|0.08|0.9601|
|=|         11|         20|        399|     32566825.67|        270|00:00:21|-0.01|0.08|0.9505|
|=|          2|         20|        399|     32564019.62|        285|00:00:21|-0.00|0.07|0.9447|
|=|          6|         20|        399|     32549553.21|        300|00:00:21|-0.00|0.07|0.9403|
|=|         15|         20|        399|     32523041.53|        320|00:00:31|-0.02|0.05|0.9482|
+-+-----------+-----------+-----------+----------------+-----------+--------+-----+----+------+
Best-so-far configuration:         399    mean value:      32523041.53
Description of the best-so-far configuration:
    .ID. algorithm localsearch alpha beta  rho ants q0 rasrank elitistants nnls
399  399       acs           3  3.14 1.21 0.53   52  0      NA          NA   15
    dlb .PARENT.
399   1      261

# 2025-06-05 16:05:20 -04: Elite configurations (first number is the configuration ID; listed from best to worst according to the sum of ranks):
    algorithm localsearch alpha beta  rho ants   q0 rasrank elitistants nnls
399       acs           3  3.14 1.21 0.53   52 0.00      NA          NA   15
261       acs           3  3.22 0.73 0.56   52 0.04      NA          NA   14
429       acs           3  4.60 1.70 0.77   75 0.61      NA          NA   12
430       acs           3  3.71 1.21 0.60   56 0.02      NA          NA   16
337       acs           3  4.40 1.08 0.82   70 0.59      NA          NA   10
    dlb
399   1
261   1
429   1
430   1
337   1
# 2025-06-05 16:05:20 -04: Iteration 7 of 7
# experimentsUsed: 2616
# remainingBudget: 134
# currentBudget: 134
# nbConfigurations: 13
# Markers:
     x No test is performed.
     c Configurations are discarded only due to capping.
     - The test is performed and some configurations are discarded.
     = The test is performed but no configuration is discarded.
     ! The test is performed and configurations could be discarded but elite configurations are preserved.
     . All alive configurations are elite and nothing is discarded.

+-+-----------+-----------+-----------+----------------+-----------+--------+-----+----+------+
| |   Instance|      Alive|       Best|       Mean best| Exp so far|  W time|  rho|KenW|  Qvar|
+-+-----------+-----------+-----------+----------------+-----------+--------+-----+----+------+
|x|         16|         13|        444|     32491281.00|         13|00:00:21|   NA|  NA|    NA|
|x|         15|         13|        430|     32330524.00|         21|00:00:10|+0.24|0.62|0.6823|
|x|          1|         13|        429|     32402621.67|         29|00:00:10|+0.18|0.46|0.6874|
|x|         14|         13|        337|     32495951.75|         37|00:00:10|+0.22|0.41|0.7308|
|-|         13|         10|        429|     32494459.60|         45|00:00:10|-0.08|0.14|0.9468|
|=|         11|         10|        429|     32498596.00|         50|00:00:10|-0.01|0.16|0.8720|
|=|         12|         10|        429|     32552502.00|         55|00:00:10|+0.00|0.15|0.8730|
|=|          5|         10|        430|     32544418.75|         60|00:00:10|+0.04|0.16|0.8263|
|=|          3|         10|        430|     32509655.56|         65|00:00:10|+0.05|0.16|0.8241|
|=|          4|         10|        399|     32502403.20|         70|00:00:10|+0.01|0.11|0.8638|
|=|          2|         10|        399|     32504943.55|         75|00:00:10|-0.02|0.07|0.8867|
|=|          8|         10|        430|     32521514.67|         80|00:00:10|-0.02|0.06|0.9059|
|=|          6|         10|        430|     32507928.69|         85|00:00:10|-0.00|0.07|0.8873|
|=|         10|         10|        430|     32513821.93|         90|00:00:10|-0.00|0.07|0.8873|
|=|          7|         10|        399|     32546579.27|         95|00:00:10|+0.01|0.07|0.8749|
|=|          9|         10|        429|     32523110.69|        100|00:00:10|+0.01|0.07|0.8703|
|=|         17|         10|        429|     32524069.71|        110|00:00:20|+0.01|0.06|0.8756|
+-+-----------+-----------+-----------+----------------+-----------+--------+-----+----+------+
Best-so-far configuration:         429    mean value:      32524069.71
Description of the best-so-far configuration:
    .ID. algorithm localsearch alpha beta  rho ants   q0 rasrank elitistants
429  429       acs           3   4.6  1.7 0.77   75 0.61      NA          NA
    nnls dlb .PARENT.
429   12   1      337

# 2025-06-05 16:08:40 -04: Elite configurations (first number is the configuration ID; listed from best to worst according to the sum of ranks):
    algorithm localsearch alpha beta  rho ants   q0 rasrank elitistants nnls
429       acs           3  4.60 1.70 0.77   75 0.61      NA          NA   12
337       acs           3  4.40 1.08 0.82   70 0.59      NA          NA   10
261       acs           3  3.22 0.73 0.56   52 0.04      NA          NA   14
399       acs           3  3.14 1.21 0.53   52 0.00      NA          NA   15
430       acs           3  3.71 1.21 0.60   56 0.02      NA          NA   16
    dlb
429   1
337   1
261   1
399   1
430   1
# 2025-06-05 16:08:40 -04: Iteration 8 of 8
# experimentsUsed: 2726
# remainingBudget: 24
# currentBudget: 24
# nbConfigurations: 6
# Markers:
     x No test is performed.
     c Configurations are discarded only due to capping.
     - The test is performed and some configurations are discarded.
     = The test is performed but no configuration is discarded.
     ! The test is performed and configurations could be discarded but elite configurations are preserved.
     . All alive configurations are elite and nothing is discarded.

+-+-----------+-----------+-----------+----------------+-----------+--------+-----+----+------+
| |   Instance|      Alive|       Best|       Mean best| Exp so far|  W time|  rho|KenW|  Qvar|
+-+-----------+-----------+-----------+----------------+-----------+--------+-----+----+------+
|x|         18|          6|        446|     32206836.00|          6|00:00:10|   NA|  NA|    NA|
|x|         14|          6|        337|     32497893.50|          7|00:00:10|-0.14|0.43|1.0268|
|x|          8|          6|        429|     32527809.00|          8|00:00:10|-0.20|0.20|0.9533|
|x|         12|          6|        337|     32610563.75|          9|00:00:10|-0.01|0.24|0.8214|
|=|         11|          6|        430|     32592810.80|         10|00:00:10|-0.11|0.11|0.9293|
|=|         15|          6|        430|     32517344.50|         11|00:00:10|-0.06|0.12|0.9068|
|=|          2|          6|        429|     32514972.14|         12|00:00:10|-0.04|0.10|0.9004|
|=|          4|          6|        429|     32511915.62|         13|00:00:10|-0.06|0.07|0.9088|
|=|         13|          6|        429|     32506671.89|         14|00:00:10|-0.02|0.09|0.8789|
|=|          1|          6|        429|     32508973.80|         15|00:00:10|-0.04|0.07|0.8873|
|=|          3|          6|        429|     32493845.82|         16|00:00:10|-0.06|0.04|0.9002|
|=|         10|          6|        429|     32500571.00|         17|00:00:10|-0.06|0.03|0.8988|
|=|          5|          6|        429|     32502631.23|         18|00:00:10|-0.07|0.01|0.9006|
|=|         16|          6|        429|     32505121.07|         19|00:00:10|-0.06|0.02|0.8912|
|=|          6|          6|        446|     32498039.47|         20|00:00:10|-0.05|0.02|0.8772|
|=|          7|          6|        446|     32531554.00|         21|00:00:10|-0.05|0.02|0.8753|
|=|         17|          6|        446|     32536304.41|         22|00:00:10|-0.05|0.02|0.8763|
|=|          9|          6|        429|     32506581.83|         23|00:00:10|-0.03|0.02|0.8667|
+-+-----------+-----------+-----------+----------------+-----------+--------+-----+----+------+
Best-so-far configuration:         429    mean value:      32506581.83
Description of the best-so-far configuration:
    .ID. algorithm localsearch alpha beta  rho ants   q0 rasrank elitistants
429  429       acs           3   4.6  1.7 0.77   75 0.61      NA          NA
    nnls dlb .PARENT.
429   12   1      337

# 2025-06-05 16:11:47 -04: Elite configurations (first number is the configuration ID; listed from best to worst according to the sum of ranks):
    algorithm localsearch alpha beta  rho ants   q0 rasrank elitistants nnls
429       acs           3  4.60 1.70 0.77   75 0.61      NA          NA   12
446       acs           3  4.41 0.47 0.80   72 0.62      NA          NA   11
337       acs           3  4.40 1.08 0.82   70 0.59      NA          NA   10
430       acs           3  3.71 1.21 0.60   56 0.02      NA          NA   16
261       acs           3  3.22 0.73 0.56   52 0.04      NA          NA   14
    dlb
429   1
446   1
337   1
430   1
261   1
# 2025-06-05 16:11:47 -04: Stopped because there is not enough budget left to race more than the minimum (5).
# You may either increase the budget or set 'minNbSurvival' to a lower value.
# Iteration: 9
# nbIterations: 9
# experimentsUsed: 2749
# timeUsed: 0
# remainingBudget: 1
# currentBudget: 1
# number of elites: 5
# nbConfigurations: 5
# Total CPU user time: 30050.25, CPU sys time: 229.838, Wall-clock time: 4263.904
    .ID. algorithm localsearch alpha beta  rho ants   q0 rasrank elitistants
429  429       acs           3  4.60 1.70 0.77   75 0.61      NA          NA
446  446       acs           3  4.41 0.47 0.80   72 0.62      NA          NA
337  337       acs           3  4.40 1.08 0.82   70 0.59      NA          NA
430  430       acs           3  3.71 1.21 0.60   56 0.02      NA          NA
261  261       acs           3  3.22 0.73 0.56   52 0.04      NA          NA
    nnls dlb .PARENT. .RANK.   .WEIGHT.
429   12   1      337     57 0.33333333
446   11   1      337     58 0.26666667
337   10   1      281     62 0.20000000
430   16   1      399     64 0.13333333
261   14   1      221     66 0.06666667
