# 2025-05-16 14:33:48 -04: Reading parameter file '/home/dianag/PruebasPablo/irace-independent-executions/MMASQAP/Scenarios/E4-BH-SR/Runs/E4-BH-SR_seed_11235813/parameters.txt'.
# 2025-05-16 14:33:48 -04: Initialization
# Elitist race
# Elitist new instances: 1
# Elitist limit: 2
# nbIterations: 3
# minNbSurvival: 3
# nbParameters: 3
# seed: 11235813
# confidence level: 0.95
# budget: 1500
# mu: 5
# deterministic: FALSE

# 2025-05-16 14:33:48 -04: Iteration 1 of 3
# experimentsUsed: 0
# remainingBudget: 1500
# currentBudget: 500
# nbConfigurations: 83
# Markers:
     x No test is performed.
     c Configurations are discarded only due to capping.
     - The test is performed and some configurations are discarded.
     = The test is performed but no configuration is discarded.
     ! The test is performed and configurations could be discarded but elite configurations are preserved.
     . All alive configurations are elite and nothing is discarded.

+-+-----------+-----------+-----------+----------------+-----------+--------+-----+----+------+
| |   Instance|      Alive|       Best|       Mean best| Exp so far|  W time|  rho|KenW|  Qvar|
+-+-----------+-----------+-----------+----------------+-----------+--------+-----+----+------+
|x|          1|         83|         48|     7312150.000|         83|00:00:28|   NA|  NA|    NA|
|x|          2|         83|         26|     3939687.000|        166|00:00:28|+0.37|0.68|0.5135|
|x|          3|         83|         11|     2847070.000|        249|00:00:28|+0.34|0.56|0.4562|
|x|          4|         83|          4|     2237952.500|        332|00:00:29|+0.37|0.53|0.3996|
|-|          5|         32|          4|     3300659.200|        415|00:00:28|-0.11|0.11|1.1053|
|=|          6|         32|         40|     4010920.333|        447|00:00:15|-0.02|0.15|1.0133|
|=|          7|         32|         48|     4496332.571|        479|00:00:16|+0.05|0.18|0.9515|
+-+-----------+-----------+-----------+----------------+-----------+--------+-----+----+------+
Best-so-far configuration:          48    mean value:      4496332.571
Description of the best-so-far configuration:
   .ID. localsearch  rho ants .PARENT.
48   48           3 0.47    1       NA

# 2025-05-16 14:36:44 -04: Elite configurations (first number is the configuration ID; listed from best to worst according to the sum of ranks):
   localsearch  rho ants
48           3 0.47    1
74           3 0.26   14
40           3 0.53   57
# 2025-05-16 14:36:44 -04: Iteration 2 of 3
# experimentsUsed: 479
# remainingBudget: 1021
# currentBudget: 510
# nbConfigurations: 66
# Markers:
     x No test is performed.
     c Configurations are discarded only due to capping.
     - The test is performed and some configurations are discarded.
     = The test is performed but no configuration is discarded.
     ! The test is performed and configurations could be discarded but elite configurations are preserved.
     . All alive configurations are elite and nothing is discarded.

+-+-----------+-----------+-----------+----------------+-----------+--------+-----+----+------+
| |   Instance|      Alive|       Best|       Mean best| Exp so far|  W time|  rho|KenW|  Qvar|
+-+-----------+-----------+-----------+----------------+-----------+--------+-----+----+------+
|x|          8|         66|        144|     7121592.000|         66|00:00:29|   NA|  NA|    NA|
|x|          5|         66|        108|     7330721.000|        129|00:00:27|+0.81|0.91|0.2498|
|x|          1|         66|        108|     7326151.333|        192|00:00:28|+0.78|0.86|0.2196|
|x|          7|         66|         48|     7350654.500|        255|00:00:28|+0.79|0.84|0.2193|
|-|          6|         18|         48|     7390759.200|        318|00:00:27|-0.09|0.13|1.0498|
|=|          2|         18|        108|     6252200.000|        333|00:00:09|-0.08|0.10|1.0247|
|=|          4|         18|         48|     5419692.571|        348|00:00:09|-0.05|0.10|0.9883|
|=|          3|         18|         48|     4825461.000|        363|00:00:09|-0.06|0.07|1.0047|
|=|          9|         18|        128|     5129167.111|        381|00:00:14|-0.03|0.08|0.9749|
+-+-----------+-----------+-----------+----------------+-----------+--------+-----+----+------+
Best-so-far configuration:         128    mean value:      5129167.111
Description of the best-so-far configuration:
    .ID. localsearch  rho ants .PARENT.
128  128           3 0.39    4       48

# 2025-05-16 14:39:50 -04: Elite configurations (first number is the configuration ID; listed from best to worst according to the sum of ranks):
    localsearch  rho ants
128           3 0.39    4
48            3 0.47    1
108           3 0.36    4
# 2025-05-16 14:39:50 -04: Iteration 3 of 3
# experimentsUsed: 860
# remainingBudget: 640
# currentBudget: 640
# nbConfigurations: 66
# Markers:
     x No test is performed.
     c Configurations are discarded only due to capping.
     - The test is performed and some configurations are discarded.
     = The test is performed but no configuration is discarded.
     ! The test is performed and configurations could be discarded but elite configurations are preserved.
     . All alive configurations are elite and nothing is discarded.

+-+-----------+-----------+-----------+----------------+-----------+--------+-----+----+------+
| |   Instance|      Alive|       Best|       Mean best| Exp so far|  W time|  rho|KenW|  Qvar|
+-+-----------+-----------+-----------+----------------+-----------+--------+-----+----+------+
|x|         10|         66|        128|     375394.0000|         66|00:00:33|   NA|  NA|    NA|
|x|          4|         66|        166|     398336.0000|        129|00:00:31|+0.15|0.57|0.7369|
|x|          7|         66|        128|     2735764.667|        192|00:00:31|+0.28|0.52|0.6257|
|x|          5|         66|        128|     3936664.000|        255|00:00:31|+0.36|0.52|0.5381|
|-|          1|         24|        128|     4611650.800|        318|00:00:30|-0.11|0.11|1.0632|
|=|          2|         24|        128|     3935283.333|        339|00:00:13|-0.07|0.11|1.0124|
|=|          6|         24|        128|     4449326.571|        360|00:00:14|-0.08|0.08|1.0112|
|=|          8|         24|        128|     4786331.250|        381|00:00:14|-0.06|0.07|1.0078|
|=|          9|         24|        128|     5096858.667|        402|00:00:14|-0.02|0.09|0.9794|
|=|          3|         24|        128|     4653789.800|        423|00:00:14|-0.03|0.08|0.9786|
|=|         11|         24|        108|     4924018.182|        447|00:00:15|-0.03|0.07|0.9814|
+-+-----------+-----------+-----------+----------------+-----------+--------+-----+----+------+
Best-so-far configuration:         108    mean value:      4924018.182
Description of the best-so-far configuration:
    .ID. localsearch  rho ants .PARENT.
108  108           3 0.36    4       48

# 2025-05-16 14:43:55 -04: Elite configurations (first number is the configuration ID; listed from best to worst according to the sum of ranks):
    localsearch  rho ants
108           3 0.36    4
168           3 0.42    7
128           3 0.39    4
# 2025-05-16 14:43:55 -04: Iteration 4 of 4
# experimentsUsed: 1307
# remainingBudget: 193
# currentBudget: 193
# nbConfigurations: 18
# Markers:
     x No test is performed.
     c Configurations are discarded only due to capping.
     - The test is performed and some configurations are discarded.
     = The test is performed but no configuration is discarded.
     ! The test is performed and configurations could be discarded but elite configurations are preserved.
     . All alive configurations are elite and nothing is discarded.

+-+-----------+-----------+-----------+----------------+-----------+--------+-----+----+------+
| |   Instance|      Alive|       Best|       Mean best| Exp so far|  W time|  rho|KenW|  Qvar|
+-+-----------+-----------+-----------+----------------+-----------+--------+-----+----+------+
|x|         12|         18|        108|     545844.0000|         18|00:00:09|   NA|  NA|    NA|
|x|          8|         18|        108|     3838787.000|         33|00:00:09|+0.19|0.59|0.6185|
|x|          4|         18|        168|     2704268.667|         48|00:00:08|+0.23|0.49|0.7300|
|x|         11|         18|        214|     3923895.000|         63|00:00:09|+0.35|0.51|0.5790|
|-|          5|         12|        108|     4645078.000|         78|00:00:09|-0.04|0.16|0.9540|
|=|          9|         12|        108|     5137674.000|         87|00:00:08|-0.02|0.15|0.9274|
|=|          2|         12|        214|     4483259.714|         96|00:00:08|-0.01|0.14|0.9039|
|=|          6|         12|        108|     4866454.000|        105|00:00:09|+0.03|0.15|0.8773|
|=|          1|         12|        214|     5138915.111|        114|00:00:09|+0.07|0.18|0.8376|
|=|          7|         12|        214|     5367397.000|        123|00:00:09|+0.06|0.16|0.8594|
|=|          3|         12|        168|     4937774.545|        132|00:00:08|+0.05|0.13|0.8725|
|=|         10|         12|        168|     4558179.167|        141|00:00:08|+0.05|0.12|0.8758|
|-|         13|          8|        168|     4234943.846|        153|00:00:10|-0.01|0.07|0.8570|
|=|         14|          8|        168|     3959805.857|        161|00:00:05|+0.01|0.08|0.8364|
|=|         15|          8|        168|     4191615.333|        169|00:00:05|+0.00|0.07|0.8543|
+-+-----------+-----------+-----------+----------------+-----------+--------+-----+----+------+
Best-so-far configuration:         168    mean value:      4191615.333
Description of the best-so-far configuration:
    .ID. localsearch  rho ants .PARENT.
168  168           3 0.42    7      128

# 2025-05-16 14:46:07 -04: Elite configurations (first number is the configuration ID; listed from best to worst according to the sum of ranks):
    localsearch  rho ants
168           3 0.42    7
214           3 0.38    7
128           3 0.39    4
# 2025-05-16 14:46:07 -04: Iteration 5 of 5
# experimentsUsed: 1476
# remainingBudget: 24
# currentBudget: 24
# nbConfigurations: 4
# Markers:
     x No test is performed.
     c Configurations are discarded only due to capping.
     - The test is performed and some configurations are discarded.
     = The test is performed but no configuration is discarded.
     ! The test is performed and configurations could be discarded but elite configurations are preserved.
     . All alive configurations are elite and nothing is discarded.

+-+-----------+-----------+-----------+----------------+-----------+--------+-----+----+------+
| |   Instance|      Alive|       Best|       Mean best| Exp so far|  W time|  rho|KenW|  Qvar|
+-+-----------+-----------+-----------+----------------+-----------+--------+-----+----+------+
|x|         16|          4|        168|     7394880.000|          4|00:00:04|   NA|  NA|    NA|
|x|         15|          4|        214|     7417661.000|          5|00:00:04|-0.40|0.30|1.1189|
|x|          7|          4|        168|     7412700.667|          6|00:00:04|-0.40|0.07|1.0227|
|x|         14|          4|        214|     5659785.500|          7|00:00:04|-0.10|0.17|0.8003|
|=|         11|          4|        214|     6044785.600|          8|00:00:04|+0.04|0.23|0.6981|
|=|          6|          4|        214|     6297715.000|          9|00:00:04|+0.05|0.21|0.6696|
|=|         13|          4|        168|     5444287.714|         10|00:00:04|+0.03|0.17|0.6652|
|=|          2|          4|        168|     4832407.250|         11|00:00:04|+0.10|0.21|0.6230|
|=|          8|          4|        168|     5089085.333|         12|00:00:04|+0.01|0.12|0.7327|
|=|          1|          4|        214|     5314291.600|         13|00:00:04|+0.05|0.15|0.6991|
|=|          5|          4|        214|     5516956.182|         14|00:00:04|+0.05|0.13|0.7186|
|=|         12|          4|        214|     5102961.833|         15|00:00:04|+0.08|0.16|0.6812|
|=|         10|          4|        214|     4740177.231|         16|00:00:04|+0.04|0.11|0.7083|
|=|          9|          4|        128|     4941866.000|         17|00:00:04|+0.02|0.09|0.7219|
|=|          3|          4|        168|     4656522.133|         18|00:00:04|+0.00|0.07|0.7443|
|=|          4|          4|        168|     4391819.375|         19|00:00:04|+0.01|0.07|0.7399|
|=|         17|          4|        168|     4175590.706|         23|00:00:04|+0.02|0.07|0.7389|
+-+-----------+-----------+-----------+----------------+-----------+--------+-----+----+------+
Best-so-far configuration:         168    mean value:      4175590.706
Description of the best-so-far configuration:
    .ID. localsearch  rho ants .PARENT.
168  168           3 0.42    7      128

# 2025-05-16 14:47:22 -04: Elite configurations (first number is the configuration ID; listed from best to worst according to the sum of ranks):
    localsearch  rho ants
168           3 0.42    7
214           3 0.38    7
128           3 0.39    4
# 2025-05-16 14:47:22 -04: Stopped because there is not enough budget left to race more than the minimum (3).
# You may either increase the budget or set 'minNbSurvival' to a lower value.
# Iteration: 6
# nbIterations: 6
# experimentsUsed: 1499
# timeUsed: 0
# remainingBudget: 1
# currentBudget: 1
# number of elites: 3
# nbConfigurations: 3
# Total CPU user time: 5208.949, CPU sys time: 34.308, Wall-clock time: 814.038
    .ID. localsearch  rho ants .PARENT. .RANK.  .WEIGHT.
168  168           3 0.42    7      128     37 0.5000000
214  214           3 0.38    7      108     41 0.3333333
128  128           3 0.39    4       48     41 0.1666667
