# 2025-05-24 21:53:07 -04: Reading parameter file '/home/dianag/PruebasPablo/irace-independent-executions/PSO-X/Scenarios/E11-BH-Unimodal-N/Runs/E11-BH-Unimodal-N_seed_999888777/parameters.txt'.
# 2025-05-24 21:53:07 -04: 2 expression(s) specifying forbidden configurations read.
# 2025-05-24 21:53:07 -04: Initialization
# Elitist race
# Elitist new instances: 1
# Elitist limit: 2
# nbIterations: 5
# minNbSurvival: 5
# nbParameters: 8
# seed: 999888777
# confidence level: 0.95
# budget: 4000
# mu: 5
# deterministic: FALSE

# 2025-05-24 21:53:07 -04: Iteration 1 of 5
# experimentsUsed: 0
# remainingBudget: 4000
# currentBudget: 800
# nbConfigurations: 133
# Markers:
     x No test is performed.
     c Configurations are discarded only due to capping.
     - The test is performed and some configurations are discarded.
     = The test is performed but no configuration is discarded.
     ! The test is performed and configurations could be discarded but elite configurations are preserved.
     . All alive configurations are elite and nothing is discarded.

+-+-----------+-----------+-----------+----------------+-----------+--------+-----+----+------+
| |   Instance|      Alive|       Best|       Mean best| Exp so far|  W time|  rho|KenW|  Qvar|
+-+-----------+-----------+-----------+----------------+-----------+--------+-----+----+------+
|x|          1|        133|          9|    0.4439137460|        133|00:00:33|   NA|  NA|    NA|
|x|          2|        133|         56|     15418.11748|        266|00:00:34|+0.51|0.76|0.5348|
|x|          3|        133|         56|     10279.11886|        399|00:00:33|+0.64|0.76|0.4038|
|x|          4|        133|         56|     279349.6639|        532|00:00:34|+0.72|0.79|0.3132|
|-|          5|         27|         56|     223479.7959|        665|00:00:32|+0.02|0.22|0.9685|
|-|          6|         11|         56|     348307.9438|        692|00:00:03|+0.18|0.32|0.8744|
|-|          7|          6|         14|     255078.2742|        703|00:00:02|+0.02|0.16|0.8030|
|=|          8|          6|         14|     223221.1972|        709|00:00:03|-0.06|0.08|0.8532|
|=|          9|          6|         14|     198418.8930|        715|00:00:02|+0.00|0.12|0.8042|
+-+-----------+-----------+-----------+----------------+-----------+--------+-----+----+------+
Best-so-far configuration:          14    mean value:      198418.8930
Description of the best-so-far configuration:
   .ID. particles topology modInfluence branching tSchedule phi1 phi2 inertia
14   14         3        1            2        NA        NA 1.14 2.23    0.25
   .PARENT.
14       NA

# 2025-05-24 21:56:08 -04: Elite configurations (first number is the configuration ID; listed from best to worst according to the sum of ranks):
    particles topology modInfluence branching tSchedule phi1 phi2 inertia
14          3        1            2        NA        NA 1.14 2.23    0.25
126        14        1            1        NA        NA 1.87 2.10    0.19
56         18        0            0        NA        NA 0.94 1.56    0.21
90         26        0            1        NA        NA 2.48 1.93    0.58
9         127        0            0        NA        NA 1.45 1.92    0.37
# 2025-05-24 21:56:08 -04: Iteration 2 of 5
# experimentsUsed: 715
# remainingBudget: 3285
# currentBudget: 821
# nbConfigurations: 86
# Markers:
     x No test is performed.
     c Configurations are discarded only due to capping.
     - The test is performed and some configurations are discarded.
     = The test is performed but no configuration is discarded.
     ! The test is performed and configurations could be discarded but elite configurations are preserved.
     . All alive configurations are elite and nothing is discarded.

+-+-----------+-----------+-----------+----------------+-----------+--------+-----+----+------+
| |   Instance|      Alive|       Best|       Mean best| Exp so far|  W time|  rho|KenW|  Qvar|
+-+-----------+-----------+-----------+----------------+-----------+--------+-----+----+------+
|x|         10|         86|        145|    0.7229933728|         86|00:00:22|   NA|  NA|    NA|
|x|          9|         86|        145|    0.5769434360|        167|00:00:21|+0.84|0.92|0.7535|
|x|          5|         86|         14|    0.5099196968|        248|00:00:21|+0.75|0.84|0.6960|
|x|          7|         86|        145|     6.845926832|        329|00:00:23|+0.55|0.67|0.5865|
|-|          3|         22|        145|     5.669143343|        410|00:00:22|+0.16|0.32|0.9538|
|-|          6|         10|        145|     416905.3290|        427|00:00:04|+0.13|0.28|0.7821|
|=|          1|         10|         14|     121862.1362|        432|00:00:01|+0.08|0.21|0.8500|
|=|          8|         10|         14|     106657.0765|        437|00:00:02|+0.00|0.13|0.8954|
|=|          4|         10|        145|     352286.0734|        442|00:00:01|+0.03|0.14|0.8716|
|=|          2|         10|        145|     323311.6336|        447|00:00:01|-0.03|0.08|0.9106|
|=|         11|         10|        145|     294510.7366|        457|00:00:03|-0.02|0.07|0.9130|
+-+-----------+-----------+-----------+----------------+-----------+--------+-----+----+------+
Best-so-far configuration:         145    mean value:      294510.7366
Description of the best-so-far configuration:
    .ID. particles topology modInfluence branching tSchedule phi1 phi2 inertia
145  145        16        0            1        NA        NA 1.39 2.46    0.31
    .PARENT.
145       14

# 2025-05-24 21:58:16 -04: Elite configurations (first number is the configuration ID; listed from best to worst according to the sum of ranks):
    particles topology modInfluence branching tSchedule phi1 phi2 inertia
145        16        0            1        NA        NA 1.39 2.46    0.31
14          3        1            2        NA        NA 1.14 2.23    0.25
56         18        0            0        NA        NA 0.94 1.56    0.21
126        14        1            1        NA        NA 1.87 2.10    0.19
149         3        4            1        NA        NA 1.74 1.30    0.39
# 2025-05-24 21:58:16 -04: Iteration 3 of 5
# experimentsUsed: 1172
# remainingBudget: 2828
# currentBudget: 942
# nbConfigurations: 83
# Markers:
     x No test is performed.
     c Configurations are discarded only due to capping.
     - The test is performed and some configurations are discarded.
     = The test is performed but no configuration is discarded.
     ! The test is performed and configurations could be discarded but elite configurations are preserved.
     . All alive configurations are elite and nothing is discarded.

+-+-----------+-----------+-----------+----------------+-----------+--------+-----+----+------+
| |   Instance|      Alive|       Best|       Mean best| Exp so far|  W time|  rho|KenW|  Qvar|
+-+-----------+-----------+-----------+----------------+-----------+--------+-----+----+------+
|x|         12|         83|        274|     29.56898600|         83|00:00:14|   NA|  NA|    NA|
|x|          4|         83|        278|     282509.4821|        161|00:00:12|-0.29|0.35|0.7825|
|x|          3|         83|        223|     211567.7830|        239|00:00:12|+0.02|0.34|0.5356|
|x|          6|         83|        223|     433340.7938|        317|00:00:13|+0.22|0.41|0.4097|
|-|         10|         29|        223|     346672.7972|        395|00:00:12|+0.01|0.21|0.9508|
|=|         11|         29|        223|     288902.7118|        419|00:00:04|+0.07|0.22|0.8831|
|=|          1|         29|        223|     247630.9687|        443|00:00:04|+0.07|0.20|0.8956|
|=|          2|         29|        223|     243223.0892|        467|00:00:03|+0.00|0.13|0.9438|
|=|          7|         29|        266|     207089.4363|        491|00:00:04|+0.01|0.12|0.9412|
|=|          8|         29|        223|     194602.3863|        515|00:00:04|+0.00|0.10|0.9427|
|=|          5|         29|        223|     176911.2810|        539|00:00:04|+0.03|0.12|0.9240|
|=|          9|         29|        223|     162168.7119|        563|00:00:04|+0.03|0.11|0.9321|
|-|         13|         17|        223|     235138.4321|        592|00:00:04|-0.02|0.06|0.9689|
|=|         14|         17|        223|     218343.0509|        609|00:00:03|-0.03|0.04|0.9543|
|=|         15|         17|        223|     204969.0687|        626|00:00:03|-0.03|0.04|0.9581|
+-+-----------+-----------+-----------+----------------+-----------+--------+-----+----+------+
Best-so-far configuration:         223    mean value:      204969.0687
Description of the best-so-far configuration:
    .ID. particles topology modInfluence branching tSchedule phi1 phi2 inertia
223  223         5        0            1        NA        NA 2.02 2.14    0.35
    .PARENT.
223      145

# 2025-05-24 22:00:03 -04: Elite configurations (first number is the configuration ID; listed from best to worst according to the sum of ranks):
    particles topology modInfluence branching tSchedule phi1 phi2 inertia
223         5        0            1        NA        NA 2.02 2.14    0.35
266         3        4            2        NA        NA 1.13 2.26    0.17
287         7        0            2        NA        NA 0.61 2.04    0.13
14          3        1            2        NA        NA 1.14 2.23    0.25
240        14        4            1        NA        NA 2.03 1.34    0.26
# 2025-05-24 22:00:03 -04: Iteration 4 of 5
# experimentsUsed: 1798
# remainingBudget: 2202
# currentBudget: 1101
# nbConfigurations: 73
# Markers:
     x No test is performed.
     c Configurations are discarded only due to capping.
     - The test is performed and some configurations are discarded.
     = The test is performed but no configuration is discarded.
     ! The test is performed and configurations could be discarded but elite configurations are preserved.
     . All alive configurations are elite and nothing is discarded.

+-+-----------+-----------+-----------+----------------+-----------+--------+-----+----+------+
| |   Instance|      Alive|       Best|       Mean best| Exp so far|  W time|  rho|KenW|  Qvar|
+-+-----------+-----------+-----------+----------------+-----------+--------+-----+----+------+
|x|         16|         73|        340|    0.3274832314|         73|00:00:12|   NA|  NA|    NA|
|x|          8|         73|        343|     94.00240078|        141|00:00:14|+0.05|0.52|0.9892|
|x|          7|         73|        353|     62.74292391|        209|00:00:13|+0.26|0.51|0.8608|
|x|         14|         73|        353|     47.80496772|        277|00:00:12|+0.31|0.48|0.7991|
|-|         13|         31|        300|     206851.0474|        345|00:00:14|-0.01|0.20|0.9088|
|=|         15|         31|        303|     188853.8833|        371|00:00:07|-0.02|0.15|0.9332|
|=|          6|         31|        303|     397075.7150|        397|00:00:08|+0.03|0.16|0.8949|
|-|          3|         17|        303|     347441.3539|        423|00:00:07|-0.01|0.12|0.9360|
|=|         11|         17|        303|     308845.7983|        435|00:00:03|+0.03|0.13|0.9141|
|=|          4|         17|        300|     346923.8726|        447|00:00:03|+0.01|0.11|0.9201|
|=|         12|         17|        223|     260196.9600|        459|00:00:03|+0.01|0.10|0.9302|
|=|         10|         17|        300|     289122.0610|        471|00:00:03|+0.01|0.09|0.9326|
|=|          5|         17|        300|     266881.9224|        483|00:00:02|+0.04|0.11|0.9092|
|=|          2|         17|        300|     253387.6213|        495|00:00:02|+0.01|0.08|0.9253|
|=|          9|         17|        300|     236495.1412|        507|00:00:03|+0.01|0.08|0.9294|
|=|          1|         17|        300|     221714.2207|        519|00:00:03|-0.00|0.06|0.9400|
|=|         17|         17|        300|     208672.9400|        536|00:00:03|+0.00|0.06|0.9347|
+-+-----------+-----------+-----------+----------------+-----------+--------+-----+----+------+
Best-so-far configuration:         300    mean value:      208672.9400
Description of the best-so-far configuration:
    .ID. particles topology modInfluence branching tSchedule phi1 phi2 inertia
300  300         8        0            1        NA        NA 2.34 2.19    0.31
    .PARENT.
300      223

# 2025-05-24 22:02:03 -04: Elite configurations (first number is the configuration ID; listed from best to worst according to the sum of ranks):
    particles topology modInfluence branching tSchedule phi1 phi2 inertia
300         8        0            1        NA        NA 2.34 2.19    0.31
317        11        0            1        NA        NA 1.96 2.26    0.32
223         5        0            1        NA        NA 2.02 2.14    0.35
303         7        0            1        NA        NA 2.13 1.82    0.42
319         3        0            1        NA        NA 1.99 2.26    0.29
# 2025-05-24 22:02:03 -04: Iteration 5 of 5
# experimentsUsed: 2334
# remainingBudget: 1666
# currentBudget: 1666
# nbConfigurations: 97
# Markers:
     x No test is performed.
     c Configurations are discarded only due to capping.
     - The test is performed and some configurations are discarded.
     = The test is performed but no configuration is discarded.
     ! The test is performed and configurations could be discarded but elite configurations are preserved.
     . All alive configurations are elite and nothing is discarded.

+-+-----------+-----------+-----------+----------------+-----------+--------+-----+----+------+
| |   Instance|      Alive|       Best|       Mean best| Exp so far|  W time|  rho|KenW|  Qvar|
+-+-----------+-----------+-----------+----------------+-----------+--------+-----+----+------+
|x|         18|         97|        403|     160.5227544|         97|00:00:19|   NA|  NA|    NA|
|x|         11|         97|        399|     120.1748560|        189|00:00:16|-0.34|0.33|1.2627|
|x|          7|         97|        387|     87.16169908|        281|00:00:16|-0.14|0.24|1.0943|
|x|         16|         97|        387|     65.46066626|        373|00:00:15|+0.00|0.25|0.9703|
|=|          6|         97|        387|     179426.3914|        465|00:00:16|+0.02|0.21|0.9251|
|-|          4|         48|        387|     254744.9635|        557|00:00:16|-0.05|0.13|1.0044|
|=|         10|         48|        406|     256858.0915|        600|00:00:06|-0.01|0.14|0.9710|
|=|          1|         48|        363|     195336.5376|        643|00:00:07|+0.00|0.13|0.9598|
|=|         17|         48|        363|     173633.8358|        686|00:00:07|+0.02|0.13|0.9545|
|=|          5|         48|        363|     156270.4774|        729|00:00:06|+0.01|0.11|0.9436|
|=|         13|         48|        363|     242776.3866|        772|00:00:07|+0.02|0.11|0.9346|
|=|         14|         48|        363|     222553.1577|        815|00:00:07|+0.00|0.08|0.9480|
|=|         12|         48|        387|     194612.8679|        858|00:00:08|-0.00|0.07|0.9580|
|=|          2|         48|        369|     224659.6818|        901|00:00:07|-0.01|0.06|0.9677|
|=|         15|         48|        363|     193669.8809|        944|00:00:08|-0.01|0.05|0.9727|
|=|          9|         48|        363|     181565.5383|        987|00:00:07|-0.01|0.05|0.9695|
|=|          3|         48|        363|     170885.2529|       1030|00:00:06|-0.00|0.06|0.9559|
|=|          8|         48|        363|     161404.3928|       1073|00:00:08|-0.01|0.05|0.9618|
|=|         19|         48|        363|     152909.4392|       1121|00:00:08|-0.01|0.05|0.9540|
+-+-----------+-----------+-----------+----------------+-----------+--------+-----+----+------+
Best-so-far configuration:         363    mean value:      152909.4392
Description of the best-so-far configuration:
    .ID. particles topology modInfluence branching tSchedule phi1 phi2 inertia
363  363         5        0            1        NA        NA 2.11  2.1    0.36
    .PARENT.
363      223

# 2025-05-24 22:05:21 -04: Elite configurations (first number is the configuration ID; listed from best to worst according to the sum of ranks):
    particles topology modInfluence branching tSchedule phi1 phi2 inertia
363         5        0            1        NA        NA 2.11 2.10    0.36
387         5        0            1        NA        NA 2.22 2.27    0.22
381         6        0            1        NA        NA 2.35 1.96    0.37
377         5        0            1        NA        NA 2.03 1.86    0.28
447        15        0            1        NA        NA 2.36 2.19    0.29
# 2025-05-24 22:05:21 -04: Iteration 6 of 6
# experimentsUsed: 3455
# remainingBudget: 545
# currentBudget: 545
# nbConfigurations: 32
# Markers:
     x No test is performed.
     c Configurations are discarded only due to capping.
     - The test is performed and some configurations are discarded.
     = The test is performed but no configuration is discarded.
     ! The test is performed and configurations could be discarded but elite configurations are preserved.
     . All alive configurations are elite and nothing is discarded.

+-+-----------+-----------+-----------+----------------+-----------+--------+-----+----+------+
| |   Instance|      Alive|       Best|       Mean best| Exp so far|  W time|  rho|KenW|  Qvar|
+-+-----------+-----------+-----------+----------------+-----------+--------+-----+----+------+
|x|         20|         32|        462|     181.6924392|         32|00:00:07|   NA|  NA|    NA|
|x|         18|         32|        471|     180.1522949|         59|00:00:06|+0.34|0.67|0.6739|
|x|         10|         32|        466|     126.4360443|         86|00:00:06|-0.01|0.32|0.9987|
|x|         15|         32|        474|     4786.884280|        113|00:00:05|-0.08|0.19|1.0177|
|=|         17|         32|        466|     6712.446899|        140|00:00:06|-0.03|0.17|1.0003|
|=|         14|         32|        466|     5594.198283|        167|00:00:06|-0.01|0.16|1.0223|
|=|          9|         32|        466|     4795.080497|        194|00:00:05|-0.00|0.14|0.9838|
|=|         12|         32|        466|     4223.081149|        221|00:00:06|-0.00|0.12|0.9863|
|=|         13|         32|        466|     94663.00826|        248|00:00:06|+0.01|0.12|0.9597|
|=|          7|         32|        466|     85197.89935|        275|00:00:06|+0.03|0.12|0.9518|
|=|          3|         32|        466|     77452.71215|        302|00:00:05|+0.02|0.11|0.9478|
|=|          6|         32|        466|     222212.2057|        329|00:00:06|+0.02|0.10|0.9311|
|=|          4|         32|        447|     236336.6598|        356|00:00:06|+0.02|0.09|0.9361|
|=|          5|         32|        470|     216558.7844|        383|00:00:06|+0.03|0.10|0.9152|
|=|          8|         32|        447|     204837.9097|        410|00:00:06|+0.02|0.09|0.9308|
|-|         11|         24|        475|     156053.2486|        437|00:00:06|-0.01|0.05|0.9408|
|=|         16|         24|        387|     150189.4249|        456|00:00:03|-0.00|0.06|0.9296|
|=|          2|         24|        447|     174757.5709|        475|00:00:04|-0.01|0.05|0.9444|
|=|          1|         24|        447|     165559.8284|        494|00:00:03|-0.01|0.05|0.9476|
|=|         19|         24|        470|     159163.7766|        513|00:00:02|-0.01|0.04|0.9376|
|=|         21|         24|        477|     186621.3771|        537|00:00:03|-0.01|0.04|0.9424|
+-+-----------+-----------+-----------+----------------+-----------+--------+-----+----+------+
Best-so-far configuration:         477    mean value:      186621.3771
Description of the best-so-far configuration:
    .ID. particles topology modInfluence branching tSchedule phi1 phi2 inertia
477  477         7        0            1        NA        NA 2.27 2.31    0.21
    .PARENT.
477      387

# 2025-05-24 22:07:22 -04: Elite configurations (first number is the configuration ID; listed from best to worst according to the sum of ranks):
    particles topology modInfluence branching tSchedule phi1 phi2 inertia
477         7        0            1        NA        NA 2.27 2.31    0.21
476         8        0            1        NA        NA 2.19 1.95    0.27
466         9        0            1        NA        NA 2.19 2.18    0.39
447        15        0            1        NA        NA 2.36 2.19    0.29
377         5        0            1        NA        NA 2.03 1.86    0.28
# 2025-05-24 22:07:22 -04: Stopped because there is not enough budget left to race more than the minimum (5).
# You may either increase the budget or set 'minNbSurvival' to a lower value.
# Iteration: 7
# nbIterations: 7
# experimentsUsed: 3992
# timeUsed: 0
# remainingBudget: 8
# currentBudget: 8
# number of elites: 5
# nbConfigurations: 5
# Total CPU user time: 6388.297, CPU sys time: 127.076, Wall-clock time: 854.788
# 2025-05-24 22:07:22 -04: Starting post-selection:
# Configurations selected: 477, 476, 466, 447, 377, 363, 387, 381.
# Pending instances: 0, 0, 0, 0, 0, 0, 0, 0.
# 2025-05-24 22:07:22 -04: seed: 999888777
# Configurations: 8
# Available experiments: 8
# minSurvival: 1
# Markers:
     x No test is performed.
     c Configurations are discarded only due to capping.
     - The test is performed and some configurations are discarded.
     = The test is performed but no configuration is discarded.
     ! The test is performed and configurations could be discarded but elite configurations are preserved.
     . All alive configurations are elite and nothing is discarded.

+-+-----------+-----------+-----------+----------------+-----------+--------+-----+----+------+
| |   Instance|      Alive|       Best|       Mean best| Exp so far|  W time|  rho|KenW|  Qvar|
+-+-----------+-----------+-----------+----------------+-----------+--------+-----+----+------+
|.|         15|          8|        363|     16092.85199|          0|00:00:00|   NA|  NA|    NA|
|.|         10|          8|        363|     8046.727190|          0|00:00:00|+0.10|0.55|0.8660|
|.|         20|          8|        363|     5434.824659|          0|00:00:00|-0.02|0.32|0.9036|
|.|          7|          8|        363|     4078.966455|          0|00:00:00|-0.02|0.24|0.9172|
|.|         21|          8|        363|     149486.4483|          0|00:00:00|-0.07|0.14|0.9297|
|.|          1|          8|        363|     124572.1113|          0|00:00:00|-0.00|0.16|0.8669|
|.|         18|          8|        363|     106803.9850|          0|00:00:00|+0.02|0.16|0.8497|
|.|         17|          8|        363|     93455.01458|          0|00:00:00|+0.02|0.14|0.8689|
|.|         16|          8|        363|     83071.17060|          0|00:00:00|-0.05|0.06|0.9233|
|.|          2|          8|        363|     96567.84067|          0|00:00:00|-0.03|0.07|0.9074|
|.|         14|          8|        363|     87797.82234|          0|00:00:00|-0.04|0.06|0.9248|
|.|          8|          8|        363|     80500.48478|          0|00:00:00|-0.01|0.08|0.9026|
|.|          5|          8|        363|     74308.15915|          0|00:00:00|-0.03|0.05|0.9053|
|.|          4|          8|        363|     110860.6988|          0|00:00:00|-0.04|0.03|0.9222|
|.|         19|          8|        363|     103470.0038|          0|00:00:00|-0.05|0.02|0.9166|
|.|         13|          8|        363|     166242.8460|          0|00:00:00|-0.04|0.03|0.9014|
|.|          9|          8|        363|     156463.8785|          0|00:00:00|-0.02|0.04|0.8898|
|.|         11|          8|        363|     147774.5365|          0|00:00:00|-0.03|0.02|0.8805|
|.|          6|          8|        363|     191385.6029|          0|00:00:00|-0.04|0.01|0.8900|
|.|          3|          8|        363|     181816.3571|          0|00:00:00|-0.04|0.01|0.8993|
|.|         12|          8|        363|     173171.7495|          0|00:00:00|-0.04|0.01|0.9017|
|=|         22|          8|        466|     185849.1399|          8|00:00:01|-0.03|0.02|0.8954|
+-+-----------+-----------+-----------+----------------+-----------+--------+-----+----+------+
Best-so-far configuration:         466    mean value:      185849.1399
Description of the best-so-far configuration:
    .ID. particles topology modInfluence branching tSchedule phi1 phi2 inertia
466  466         9        0            1        NA        NA 2.19 2.18    0.39
    .PARENT.
466      363

# 2025-05-24 22:07:23 -04: Elite configurations (first number is the configuration ID; listed from best to worst according to the sum of ranks):
    particles topology modInfluence branching tSchedule phi1 phi2 inertia
466         9        0            1        NA        NA 2.19 2.18    0.39
476         8        0            1        NA        NA 2.19 1.95    0.27
477         7        0            1        NA        NA 2.27 2.31    0.21
377         5        0            1        NA        NA 2.03 1.86    0.28
447        15        0            1        NA        NA 2.36 2.19    0.29
# Total CPU user time: 6397.82, CPU sys time: 127.321, Wall-clock time: 856.539
    .ID. particles topology modInfluence branching tSchedule phi1 phi2 inertia
466  466         9        0            1        NA        NA 2.19 2.18    0.39
476  476         8        0            1        NA        NA 2.19 1.95    0.27
477  477         7        0            1        NA        NA 2.27 2.31    0.21
377  377         5        0            1        NA        NA 2.03 1.86    0.28
447  447        15        0            1        NA        NA 2.36 2.19    0.29
    .PARENT. .RANK.   .WEIGHT.
466      363     91 0.33333333
476      377     91 0.26666667
477      387     91 0.20000000
377      223    102 0.13333333
447      300    103 0.06666667
