# 2025-06-05 13:49:25 -04: Reading parameter file '/home/dianag/PruebasPablo/irace-independent-executions/ACOTSP/Scenarios/E2-BL-SR/Runs/E2-BL-SR_seed_20250512/parameters.txt'.
# 2025-06-05 13:49:25 -04: 1 expression(s) specifying forbidden configurations read.
# 2025-06-05 13:49:25 -04: Initialization
# Elitist race
# Elitist new instances: 1
# Elitist limit: 2
# nbIterations: 5
# minNbSurvival: 5
# nbParameters: 11
# seed: 20250512
# confidence level: 0.95
# budget: 2750
# mu: 5
# deterministic: FALSE

# 2025-06-05 13:49:25 -04: Iteration 1 of 5
# experimentsUsed: 0
# remainingBudget: 2750
# currentBudget: 550
# nbConfigurations: 91
# Markers:
     x No test is performed.
     c Configurations are discarded only due to capping.
     - The test is performed and some configurations are discarded.
     = The test is performed but no configuration is discarded.
     ! The test is performed and configurations could be discarded but elite configurations are preserved.
     . All alive configurations are elite and nothing is discarded.

+-+-----------+-----------+-----------+----------------+-----------+--------+-----+----+------+
| |   Instance|      Alive|       Best|       Mean best| Exp so far|  W time|  rho|KenW|  Qvar|
+-+-----------+-----------+-----------+----------------+-----------+--------+-----+----+------+
|x|          1|         91|         83|     32291569.00|         91|00:02:27|   NA|  NA|    NA|
|x|          2|         91|         10|     32445388.00|        182|00:02:27|+0.98|0.99|0.0012|
|x|          3|         91|         10|     32405429.33|        273|00:02:27|+0.97|0.98|0.0014|
|x|          4|         91|         10|     32517726.25|        364|00:02:26|+0.97|0.98|0.0015|
|-|          5|          6|         10|     32534940.60|        455|00:02:26|+0.75|0.80|0.2280|
|-|          6|          2|         10|     32553029.17|        461|00:00:10|+0.33|0.44|0.3333|
+-+-----------+-----------+-----------+----------------+-----------+--------+-----+----+------+
Best-so-far configuration:          10    mean value:      32553029.17
Description of the best-so-far configuration:
   .ID. algorithm localsearch alpha beta  rho ants q0 rasrank elitistants nnls
10   10       acs           3  2.04 6.42 0.46   51  1      NA          NA   15
   dlb .PARENT.
10   1       NA

# 2025-06-05 14:01:51 -04: Elite configurations (first number is the configuration ID; listed from best to worst according to the sum of ranks):
   algorithm localsearch alpha beta  rho ants   q0 rasrank elitistants nnls dlb
10       acs           3  2.04 6.42 0.46   51 1.00      NA          NA   15   1
83       acs           3  2.63 1.49 0.19   34 0.38      NA          NA   19   1
# 2025-06-05 14:01:51 -04: Iteration 2 of 5
# experimentsUsed: 461
# remainingBudget: 2289
# currentBudget: 572
# nbConfigurations: 83
# Markers:
     x No test is performed.
     c Configurations are discarded only due to capping.
     - The test is performed and some configurations are discarded.
     = The test is performed but no configuration is discarded.
     ! The test is performed and configurations could be discarded but elite configurations are preserved.
     . All alive configurations are elite and nothing is discarded.

+-+-----------+-----------+-----------+----------------+-----------+--------+-----+----+------+
| |   Instance|      Alive|       Best|       Mean best| Exp so far|  W time|  rho|KenW|  Qvar|
+-+-----------+-----------+-----------+----------------+-----------+--------+-----+----+------+
|x|          7|         83|         83|     32630327.00|         83|00:02:04|   NA|  NA|    NA|
|x|          2|         83|         10|     32618910.00|        164|00:02:02|+0.96|0.98|0.0011|
|x|          1|         83|         83|     32496961.67|        245|00:02:03|+0.97|0.98|0.0016|
|x|          4|         83|         83|     32595999.50|        326|00:02:02|+0.96|0.97|0.0019|
|-|          6|          4|         10|     32614616.40|        407|00:02:00|+0.60|0.68|0.3035|
+-+-----------+-----------+-----------+----------------+-----------+--------+-----+----+------+
Best-so-far configuration:          10    mean value:      32571770.29
Description of the best-so-far configuration:
   .ID. algorithm localsearch alpha beta  rho ants q0 rasrank elitistants nnls
10   10       acs           3  2.04 6.42 0.46   51  1      NA          NA   15
   dlb .PARENT.
10   1       NA

# 2025-06-05 14:12:05 -04: Elite configurations (first number is the configuration ID; listed from best to worst according to the sum of ranks):
    algorithm localsearch alpha beta  rho ants   q0 rasrank elitistants nnls
10        acs           3  2.04 6.42 0.46   51 1.00      NA          NA   15
83        acs           3  2.63 1.49 0.19   34 0.38      NA          NA   19
132       acs           3  3.59 4.93 0.23   26 0.64      NA          NA   18
109       acs           3  3.61 4.62 0.18   57 0.39      NA          NA   28
    dlb
10    1
83    1
132   1
109   0
# 2025-06-05 14:12:05 -04: Iteration 3 of 5
# experimentsUsed: 868
# remainingBudget: 1882
# currentBudget: 627
# nbConfigurations: 81
# Markers:
     x No test is performed.
     c Configurations are discarded only due to capping.
     - The test is performed and some configurations are discarded.
     = The test is performed but no configuration is discarded.
     ! The test is performed and configurations could be discarded but elite configurations are preserved.
     . All alive configurations are elite and nothing is discarded.

+-+-----------+-----------+-----------+----------------+-----------+--------+-----+----+------+
| |   Instance|      Alive|       Best|       Mean best| Exp so far|  W time|  rho|KenW|  Qvar|
+-+-----------+-----------+-----------+----------------+-----------+--------+-----+----+------+
|x|          8|         81|        197|     32785919.00|         81|00:01:59|   NA|  NA|    NA|
|x|          2|         81|        197|     32666427.50|        158|00:01:58|+0.96|0.98|0.0008|
|x|          5|         81|        210|     32662455.33|        237|00:01:58|+0.95|0.96|0.0007|
|x|          4|         81|        198|     32721339.75|        314|00:01:55|+0.94|0.96|0.0010|
|-|          6|         14|        198|     32700076.60|        391|00:01:54|+0.17|0.33|0.6182|
|-|          7|         13|        198|     32683196.83|        401|00:00:20|+0.19|0.32|0.6026|
|-|          3|         10|        198|     32627373.00|        412|00:00:20|+0.29|0.40|0.5067|
|-|          1|          5|        198|     32582308.50|        418|00:00:10|+0.10|0.21|0.7509|
+-+-----------+-----------+-----------+----------------+-----------+--------+-----+----+------+
Best-so-far configuration:         198    mean value:      32582308.50
Description of the best-so-far configuration:
    .ID. algorithm localsearch alpha beta  rho ants  q0 rasrank elitistants
198  198       acs           3  2.11 2.85 0.24   25 0.2      NA          NA
    nnls dlb .PARENT.
198   17   1       83

# 2025-06-05 14:22:43 -04: Elite configurations (first number is the configuration ID; listed from best to worst according to the sum of ranks):
    algorithm localsearch alpha beta  rho ants   q0 rasrank elitistants nnls
198       acs           3  2.11 2.85 0.24   25 0.20      NA          NA   17
224       acs           3  3.87 1.05 0.23   21 0.57      NA          NA   24
10        acs           3  2.04 6.42 0.46   51 1.00      NA          NA   15
185       acs           3  2.41 2.30 0.34   49 0.11      NA          NA   20
210       acs           3  3.06 2.40 0.02   25 0.55      NA          NA   10
    dlb
198   1
224   1
10    1
185   1
210   0
# 2025-06-05 14:22:43 -04: Iteration 4 of 5
# experimentsUsed: 1286
# remainingBudget: 1464
# currentBudget: 732
# nbConfigurations: 85
# Markers:
     x No test is performed.
     c Configurations are discarded only due to capping.
     - The test is performed and some configurations are discarded.
     = The test is performed but no configuration is discarded.
     ! The test is performed and configurations could be discarded but elite configurations are preserved.
     . All alive configurations are elite and nothing is discarded.

+-+-----------+-----------+-----------+----------------+-----------+--------+-----+----+------+
| |   Instance|      Alive|       Best|       Mean best| Exp so far|  W time|  rho|KenW|  Qvar|
+-+-----------+-----------+-----------+----------------+-----------+--------+-----+----+------+
|x|          9|         85|        281|     32445444.00|         85|00:01:55|   NA|  NA|    NA|
|x|          4|         85|        253|     32662350.00|        165|00:01:50|+0.77|0.89|0.0005|
|x|          6|         85|        253|     32651561.67|        245|00:01:49|+0.74|0.83|0.0005|
|x|          1|         85|        281|     32551432.25|        325|00:01:49|+0.76|0.82|0.0006|
|-|          2|         13|        281|     32550303.80|        405|00:01:50|+0.09|0.27|0.8269|
|=|          7|         13|        281|     32563226.17|        413|00:00:10|+0.09|0.24|0.8280|
|=|          8|         13|        281|     32593452.43|        421|00:00:10|+0.11|0.24|0.7964|
|=|          3|         13|        281|     32554764.38|        429|00:00:10|+0.10|0.21|0.8130|
|=|          5|         13|        281|     32560221.22|        437|00:00:10|+0.09|0.19|0.8222|
|-|         10|          3|        281|     32562684.00|        450|00:00:20|+0.03|0.13|0.6618|
+-+-----------+-----------+-----------+----------------+-----------+--------+-----+----+------+
Best-so-far configuration:         281    mean value:      32562684.00
Description of the best-so-far configuration:
    .ID. algorithm localsearch alpha beta  rho ants   q0 rasrank elitistants
281  281       acs           3  3.14 0.44 0.29   43 0.12      NA          NA
    nnls dlb .PARENT.
281   16   1      198

# 2025-06-05 14:33:01 -04: Elite configurations (first number is the configuration ID; listed from best to worst according to the sum of ranks):
    algorithm localsearch alpha beta  rho ants   q0 rasrank elitistants nnls
281       acs           3  3.14 0.44 0.29   43 0.12      NA          NA   16
198       acs           3  2.11 2.85 0.24   25 0.20      NA          NA   17
253       acs           3  2.08 4.91 0.17   25 0.23      NA          NA   19
    dlb
281   1
198   1
253   1
# 2025-06-05 14:33:01 -04: Iteration 5 of 5
# experimentsUsed: 1736
# remainingBudget: 1014
# currentBudget: 1014
# nbConfigurations: 94
# Markers:
     x No test is performed.
     c Configurations are discarded only due to capping.
     - The test is performed and some configurations are discarded.
     = The test is performed but no configuration is discarded.
     ! The test is performed and configurations could be discarded but elite configurations are preserved.
     . All alive configurations are elite and nothing is discarded.

+-+-----------+-----------+-----------+----------------+-----------+--------+-----+----+------+
| |   Instance|      Alive|       Best|       Mean best| Exp so far|  W time|  rho|KenW|  Qvar|
+-+-----------+-----------+-----------+----------------+-----------+--------+-----+----+------+
|x|         11|         94|        349|     32347026.00|         94|00:02:05|   NA|  NA|    NA|
|x|          7|         94|        349|     32473630.00|        185|00:02:04|+0.61|0.80|0.0024|
|x|          8|         94|        391|     32591552.33|        276|00:02:05|+0.59|0.73|0.0030|
|x|          4|         94|        345|     32668457.00|        367|00:02:05|+0.58|0.68|0.0023|
|-|          9|         34|        348|     32622011.40|        458|00:02:05|-0.02|0.19|0.9938|
|=|          3|         34|        350|     32571909.50|        489|00:00:41|-0.02|0.15|0.9926|
|=|          2|         34|        281|     32569407.29|        520|00:00:41|+0.00|0.14|0.9713|
|=|          5|         34|        281|     32573715.88|        551|00:00:41|+0.02|0.14|0.9538|
|=|          6|         34|        281|     32578756.78|        582|00:00:41|+0.05|0.15|0.9270|
|-|         10|         14|        281|     32579366.00|        613|00:00:41|-0.03|0.07|0.9674|
|=|          1|         14|        281|     32550755.55|        624|00:00:21|-0.03|0.07|0.9500|
|=|         12|         14|        281|     32514545.92|        638|00:00:20|-0.01|0.08|0.9340|
+-+-----------+-----------+-----------+----------------+-----------+--------+-----+----+------+
Best-so-far configuration:         281    mean value:      32514545.92
Description of the best-so-far configuration:
    .ID. algorithm localsearch alpha beta  rho ants   q0 rasrank elitistants
281  281       acs           3  3.14 0.44 0.29   43 0.12      NA          NA
    nnls dlb .PARENT.
281   16   1      198

# 2025-06-05 14:47:38 -04: Elite configurations (first number is the configuration ID; listed from best to worst according to the sum of ranks):
    algorithm localsearch alpha beta  rho ants   q0 rasrank elitistants nnls
281       acs           3  3.14 0.44 0.29   43 0.12      NA          NA   16
198       acs           3  2.11 2.85 0.24   25 0.20      NA          NA   17
348       acs           3  2.84 0.79 0.37   35 0.02      NA          NA   15
350       acs           3  3.74 0.82 0.15   49 0.25      NA          NA   16
345       acs           3  3.26 0.80 0.27   46 0.22      NA          NA   19
    dlb
281   1
198   1
348   1
350   1
345   1
# 2025-06-05 14:47:38 -04: Iteration 6 of 6
# experimentsUsed: 2374
# remainingBudget: 376
# currentBudget: 376
# nbConfigurations: 33
# Markers:
     x No test is performed.
     c Configurations are discarded only due to capping.
     - The test is performed and some configurations are discarded.
     = The test is performed but no configuration is discarded.
     ! The test is performed and configurations could be discarded but elite configurations are preserved.
     . All alive configurations are elite and nothing is discarded.

+-+-----------+-----------+-----------+----------------+-----------+--------+-----+----+------+
| |   Instance|      Alive|       Best|       Mean best| Exp so far|  W time|  rho|KenW|  Qvar|
+-+-----------+-----------+-----------+----------------+-----------+--------+-----+----+------+
|x|         13|         33|        345|     32073977.00|         33|00:00:52|   NA|  NA|    NA|
|x|         10|         33|        345|     32329411.50|         61|00:00:41|+0.30|0.65|0.1467|
|x|          9|         33|        281|     32377458.00|         89|00:00:41|+0.41|0.61|0.1281|
|x|          5|         33|        281|     32434062.50|        117|00:00:41|+0.30|0.48|0.1418|
|-|          7|         13|        281|     32472817.60|        145|00:00:41|-0.01|0.19|0.9534|
|=|          2|         13|        281|     32484979.67|        153|00:00:10|+0.02|0.18|0.9510|
|=|          8|         13|        281|     32526384.00|        161|00:00:10|+0.08|0.21|0.8889|
|=|         12|         13|        281|     32475116.00|        169|00:00:10|+0.06|0.18|0.8906|
|=|         11|         13|        281|     32470266.56|        177|00:00:10|+0.03|0.14|0.9023|
|=|          1|         13|        281|     32449705.00|        185|00:00:10|+0.01|0.11|0.9218|
|=|          3|         13|        281|     32434636.18|        193|00:00:10|+0.00|0.09|0.9214|
|=|          6|         13|        281|     32450006.83|        201|00:00:10|+0.01|0.09|0.9159|
|=|          4|         13|        281|     32482817.85|        209|00:00:10|+0.01|0.08|0.9235|
|=|         14|         13|        281|     32500656.79|        222|00:00:20|+0.00|0.07|0.9271|
+-+-----------+-----------+-----------+----------------+-----------+--------+-----+----+------+
Best-so-far configuration:         281    mean value:      32500656.79
Description of the best-so-far configuration:
    .ID. algorithm localsearch alpha beta  rho ants   q0 rasrank elitistants
281  281       acs           3  3.14 0.44 0.29   43 0.12      NA          NA
    nnls dlb .PARENT.
281   16   1      198

# 2025-06-05 14:53:02 -04: Elite configurations (first number is the configuration ID; listed from best to worst according to the sum of ranks):
    algorithm localsearch alpha beta  rho ants   q0 rasrank elitistants nnls
281       acs           3  3.14 0.44 0.29   43 0.12      NA          NA   16
350       acs           3  3.74 0.82 0.15   49 0.25      NA          NA   16
445       acs           3  3.20 1.13 0.25   43 0.33      NA          NA   14
198       acs           3  2.11 2.85 0.24   25 0.20      NA          NA   17
425       acs           3  3.71 0.17 0.22   44 0.21      NA          NA   19
    dlb
281   1
350   1
445   1
198   1
425   1
# 2025-06-05 14:53:02 -04: Iteration 7 of 7
# experimentsUsed: 2596
# remainingBudget: 154
# currentBudget: 154
# nbConfigurations: 14
# Markers:
     x No test is performed.
     c Configurations are discarded only due to capping.
     - The test is performed and some configurations are discarded.
     = The test is performed but no configuration is discarded.
     ! The test is performed and configurations could be discarded but elite configurations are preserved.
     . All alive configurations are elite and nothing is discarded.

+-+-----------+-----------+-----------+----------------+-----------+--------+-----+----+------+
| |   Instance|      Alive|       Best|       Mean best| Exp so far|  W time|  rho|KenW|  Qvar|
+-+-----------+-----------+-----------+----------------+-----------+--------+-----+----+------+
|x|         15|         14|        350|     32603094.00|         14|00:00:21|   NA|  NA|    NA|
|x|          9|         14|        350|     32506581.50|         23|00:00:20|+0.42|0.71|0.4313|
|x|         14|         14|        350|     32566610.33|         32|00:00:20|+0.37|0.58|0.5792|
|x|          4|         14|        350|     32648188.75|         41|00:00:20|+0.24|0.43|0.6540|
|=|          8|         14|        350|     32681786.80|         50|00:00:20|+0.17|0.33|0.7687|
|=|         10|         14|        281|     32674064.00|         59|00:00:20|+0.11|0.26|0.8241|
|-|          7|          7|        350|     32658229.00|         68|00:00:20|+0.13|0.26|0.8071|
|=|          1|          7|        350|     32618853.00|         70|00:00:10|+0.09|0.21|0.8446|
|=|          5|          7|        350|     32615955.11|         72|00:00:10|+0.04|0.15|0.8876|
|=|         13|          7|        350|     32566985.30|         74|00:00:10|+0.05|0.15|0.8613|
|=|         11|          7|        350|     32552229.27|         76|00:00:10|+0.01|0.10|0.8862|
|=|         12|          7|        350|     32510543.17|         78|00:00:10|+0.01|0.09|0.8723|
|=|          3|          7|        350|     32495281.77|         80|00:00:10|+0.01|0.08|0.8668|
|=|          2|          7|        350|     32502775.36|         82|00:00:10|+0.00|0.07|0.8686|
|=|          6|          7|        281|     32509290.87|         84|00:00:10|-0.01|0.05|0.8749|
|=|         16|          7|        350|     32525109.31|         91|00:00:10|-0.03|0.03|0.8884|
+-+-----------+-----------+-----------+----------------+-----------+--------+-----+----+------+
Best-so-far configuration:         350    mean value:      32525109.31
Description of the best-so-far configuration:
    .ID. algorithm localsearch alpha beta  rho ants   q0 rasrank elitistants
350  350       acs           3  3.74 0.82 0.15   49 0.25      NA          NA
    nnls dlb .PARENT.
350   16   1      281

# 2025-06-05 14:57:02 -04: Elite configurations (first number is the configuration ID; listed from best to worst according to the sum of ranks):
    algorithm localsearch alpha beta  rho ants   q0 rasrank elitistants nnls
350       acs           3  3.74 0.82 0.15   49 0.25      NA          NA   16
281       acs           3  3.14 0.44 0.29   43 0.12      NA          NA   16
425       acs           3  3.71 0.17 0.22   44 0.21      NA          NA   19
445       acs           3  3.20 1.13 0.25   43 0.33      NA          NA   14
455       acs           3  2.93 1.58 0.30   51 0.44      NA          NA   16
    dlb
350   1
281   1
425   1
445   1
455   1
# 2025-06-05 14:57:02 -04: Iteration 8 of 8
# experimentsUsed: 2687
# remainingBudget: 63
# currentBudget: 63
# nbConfigurations: 8
# Markers:
     x No test is performed.
     c Configurations are discarded only due to capping.
     - The test is performed and some configurations are discarded.
     = The test is performed but no configuration is discarded.
     ! The test is performed and configurations could be discarded but elite configurations are preserved.
     . All alive configurations are elite and nothing is discarded.

+-+-----------+-----------+-----------+----------------+-----------+--------+-----+----+------+
| |   Instance|      Alive|       Best|       Mean best| Exp so far|  W time|  rho|KenW|  Qvar|
+-+-----------+-----------+-----------+----------------+-----------+--------+-----+----+------+
|x|         17|          8|        445|     32655771.00|          8|00:00:10|   NA|  NA|    NA|
|x|          2|          8|        445|     32600107.50|         11|00:00:10|+0.14|0.57|0.0832|
|x|          6|          8|        445|     32616236.33|         14|00:00:10|+0.09|0.39|0.1609|
|x|         13|          8|        445|     32490384.25|         17|00:00:10|+0.25|0.44|0.1151|
|-|          1|          7|        445|     32458137.60|         20|00:00:10|-0.07|0.14|0.9017|
|=|         14|          7|        445|     32496862.50|         22|00:00:10|-0.06|0.11|0.8999|
|=|          4|          7|        281|     32549439.57|         24|00:00:10|-0.07|0.08|0.8786|
|=|         12|          7|        445|     32498809.50|         26|00:00:10|-0.05|0.08|0.8756|
|=|          7|          7|        281|     32510017.22|         28|00:00:10|-0.02|0.09|0.8450|
|=|         16|          7|        445|     32528217.60|         30|00:00:10|-0.03|0.07|0.8397|
|=|          3|          7|        425|     32503006.36|         32|00:00:10|-0.02|0.07|0.8446|
|=|         15|          7|        425|     32513048.50|         34|00:00:10|+0.01|0.10|0.8166|
|=|          8|          7|        281|     32539481.38|         36|00:00:10|+0.01|0.09|0.8232|
|=|          5|          7|        281|     32544081.00|         38|00:00:10|+0.04|0.10|0.8051|
|=|         11|          7|        445|     32534794.47|         40|00:00:10|+0.04|0.10|0.8014|
|=|         10|          7|        281|     32539590.88|         42|00:00:10|+0.05|0.11|0.7965|
|=|          9|          7|        281|     32534052.82|         44|00:00:10|+0.06|0.11|0.7881|
|=|         18|          7|        350|     32541751.00|         51|00:00:10|+0.05|0.11|0.7964|
+-+-----------+-----------+-----------+----------------+-----------+--------+-----+----+------+
Best-so-far configuration:         350    mean value:      32541751.00
Description of the best-so-far configuration:
    .ID. algorithm localsearch alpha beta  rho ants   q0 rasrank elitistants
350  350       acs           3  3.74 0.82 0.15   49 0.25      NA          NA
    nnls dlb .PARENT.
350   16   1      281

# 2025-06-05 15:00:11 -04: Elite configurations (first number is the configuration ID; listed from best to worst according to the sum of ranks):
    algorithm localsearch alpha beta  rho ants   q0 rasrank elitistants nnls
350       acs           3  3.74 0.82 0.15   49 0.25      NA          NA   16
281       acs           3  3.14 0.44 0.29   43 0.12      NA          NA   16
455       acs           3  2.93 1.58 0.30   51 0.44      NA          NA   16
425       acs           3  3.71 0.17 0.22   44 0.21      NA          NA   19
445       acs           3  3.20 1.13 0.25   43 0.33      NA          NA   14
    dlb
350   1
281   1
455   1
425   1
445   1
# 2025-06-05 15:00:11 -04: Stopped because there is not enough budget left to race more than the minimum (5).
# You may either increase the budget or set 'minNbSurvival' to a lower value.
# Iteration: 9
# nbIterations: 9
# experimentsUsed: 2738
# timeUsed: 0
# remainingBudget: 12
# currentBudget: 12
# number of elites: 5
# nbConfigurations: 5
# Total CPU user time: 30251.94, CPU sys time: 228.268, Wall-clock time: 4246.613
# 2025-06-05 15:00:11 -04: Starting post-selection:
# Configurations selected: 350, 281, 455, 425, 445, 198.
# Pending instances: 1, 1, 1, 1, 1, 3.
# 2025-06-05 15:00:12 -04: seed: 20250512
# Configurations: 6
# Available experiments: 12
# minSurvival: 1
# Markers:
     x No test is performed.
     c Configurations are discarded only due to capping.
     - The test is performed and some configurations are discarded.
     = The test is performed but no configuration is discarded.
     ! The test is performed and configurations could be discarded but elite configurations are preserved.
     . All alive configurations are elite and nothing is discarded.

+-+-----------+-----------+-----------+----------------+-----------+--------+-----+----+------+
| |   Instance|      Alive|       Best|       Mean best| Exp so far|  W time|  rho|KenW|  Qvar|
+-+-----------+-----------+-----------+----------------+-----------+--------+-----+----+------+
|.|          8|          6|        281|     32774810.00|          0|00:00:00|   NA|  NA|    NA|
|.|          9|          6|        281|     32610127.00|          0|00:00:00|+0.66|0.83|0.3171|
|.|         10|          6|        281|     32601701.00|          0|00:00:00|+0.35|0.57|0.6652|
|.|          2|          6|        281|     32587723.25|          0|00:00:00|+0.08|0.31|0.9055|
|.|         11|          6|        281|     32556472.80|          0|00:00:00|-0.03|0.18|0.9731|
|.|         14|          6|        281|     32585821.17|          0|00:00:00|-0.06|0.11|0.9565|
|.|         16|          6|        281|     32607014.86|          0|00:00:00|-0.03|0.12|0.9101|
|.|         13|          6|        281|     32543898.12|          0|00:00:00|+0.03|0.15|0.8495|
|.|          4|          6|        281|     32580859.44|          0|00:00:00|+0.04|0.15|0.8464|
|.|          5|          6|        281|     32583161.10|          0|00:00:00|+0.01|0.11|0.8588|
|.|         15|          6|        281|     32587434.45|          0|00:00:00|+0.03|0.11|0.8310|
|.|          1|          6|        281|     32560535.83|          0|00:00:00|+0.01|0.09|0.8567|
|.|          6|          6|        281|     32565039.54|          0|00:00:00|-0.03|0.05|0.8648|
|.|          7|          6|        281|     32569525.14|          0|00:00:00|-0.04|0.03|0.8792|
|x|         18|          6|        281|     32576516.73|          1|00:00:10|-0.05|0.02|0.8798|
|.|          3|          6|        281|     32558231.19|          1|00:00:00|-0.05|0.02|0.8717|
|x|         17|          6|        281|     32566885.71|          2|00:00:10|-0.05|0.01|0.8788|
|.|         12|          6|        281|     32541849.83|          2|00:00:00|-0.05|0.01|0.8751|
|=|         19|          6|        350|     32545696.68|          8|00:00:10|-0.04|0.02|0.8640|
+-+-----------+-----------+-----------+----------------+-----------+--------+-----+----+------+
Best-so-far configuration:         350    mean value:      32545696.68
Description of the best-so-far configuration:
    .ID. algorithm localsearch alpha beta  rho ants   q0 rasrank elitistants
350  350       acs           3  3.74 0.82 0.15   49 0.25      NA          NA
    nnls dlb .PARENT.
350   16   1      281

# 2025-06-05 15:00:43 -04: Elite configurations (first number is the configuration ID; listed from best to worst according to the sum of ranks):
    algorithm localsearch alpha beta  rho ants   q0 rasrank elitistants nnls
350       acs           3  3.74 0.82 0.15   49 0.25      NA          NA   16
281       acs           3  3.14 0.44 0.29   43 0.12      NA          NA   16
425       acs           3  3.71 0.17 0.22   44 0.21      NA          NA   19
455       acs           3  2.93 1.58 0.30   51 0.44      NA          NA   16
445       acs           3  3.20 1.13 0.25   43 0.33      NA          NA   14
    dlb
350   1
281   1
425   1
455   1
445   1
# Total CPU user time: 30334.92, CPU sys time: 228.902, Wall-clock time: 4278.039
    .ID. algorithm localsearch alpha beta  rho ants   q0 rasrank elitistants
350  350       acs           3  3.74 0.82 0.15   49 0.25      NA          NA
281  281       acs           3  3.14 0.44 0.29   43 0.12      NA          NA
425  425       acs           3  3.71 0.17 0.22   44 0.21      NA          NA
455  455       acs           3  2.93 1.58 0.30   51 0.44      NA          NA
445  445       acs           3  3.20 1.13 0.25   43 0.33      NA          NA
    nnls dlb .PARENT. .RANK.   .WEIGHT.
350   16   1      281     59 0.33333333
281   16   1      198     63 0.26666667
425   19   1      281     68 0.20000000
455   16   1      445     68 0.13333333
445   14   1      350     69 0.06666667
