# 2025-06-05 01:16:16 -04: Reading parameter file '/home/dianag/PruebasPablo/irace-independent-executions/ACOTSP/Scenarios/E1-BL-N/Runs/E1-BL-N_seed_2314/parameters.txt'.
# 2025-06-05 01:16:16 -04: 1 expression(s) specifying forbidden configurations read.
# 2025-06-05 01:16:16 -04: Initialization
# Elitist race
# Elitist new instances: 1
# Elitist limit: 2
# nbIterations: 5
# minNbSurvival: 5
# nbParameters: 11
# seed: 2314
# confidence level: 0.95
# budget: 2750
# mu: 5
# deterministic: FALSE

# 2025-06-05 01:16:16 -04: Iteration 1 of 5
# experimentsUsed: 0
# remainingBudget: 2750
# currentBudget: 550
# nbConfigurations: 91
# Markers:
     x No test is performed.
     c Configurations are discarded only due to capping.
     - The test is performed and some configurations are discarded.
     = The test is performed but no configuration is discarded.
     ! The test is performed and configurations could be discarded but elite configurations are preserved.
     . All alive configurations are elite and nothing is discarded.

+-+-----------+-----------+-----------+----------------+-----------+--------+-----+----+------+
| |   Instance|      Alive|       Best|       Mean best| Exp so far|  W time|  rho|KenW|  Qvar|
+-+-----------+-----------+-----------+----------------+-----------+--------+-----+----+------+
|x|          1|         91|         51|     32698404.00|         91|00:02:17|   NA|  NA|    NA|
|x|          2|         91|         51|     32739561.50|        182|00:02:16|+0.99|1.00|0.0012|
|x|          3|         91|         51|     32842896.00|        273|00:02:18|+0.99|0.99|0.0026|
|x|          4|         91|         51|     32789307.00|        364|00:02:24|+0.98|0.99|0.0021|
|-|          5|          5|          9|     32750180.60|        455|00:02:23|+0.11|0.29|0.6603|
+-+-----------+-----------+-----------+----------------+-----------+--------+-----+----+------+
Best-so-far configuration:           9    mean value:      32750180.60
Description of the best-so-far configuration:
  .ID. algorithm localsearch alpha beta  rho ants q0 rasrank elitistants nnls
9    9      mmas           3  1.54 7.67 0.51   15 NA      NA          NA    6
  dlb .PARENT.
9   1       NA

# 2025-06-05 01:27:57 -04: Elite configurations (first number is the configuration ID; listed from best to worst according to the sum of ranks):
   algorithm localsearch alpha beta  rho ants   q0 rasrank elitistants nnls dlb
9       mmas           3  1.54 7.67 0.51   15   NA      NA          NA    6   1
20      mmas           3  3.89 1.10 0.36   72   NA      NA          NA   27   0
82       acs           2  3.46 5.87 0.92   62 0.77      NA          NA   21   0
69       ras           3  3.93 2.43 0.64   41   NA      83          NA   25   0
13       ras           3  3.42 3.92 0.14   99   NA      30          NA   23   1
# 2025-06-05 01:27:57 -04: Iteration 2 of 5
# experimentsUsed: 455
# remainingBudget: 2295
# currentBudget: 573
# nbConfigurations: 85
# Markers:
     x No test is performed.
     c Configurations are discarded only due to capping.
     - The test is performed and some configurations are discarded.
     = The test is performed but no configuration is discarded.
     ! The test is performed and configurations could be discarded but elite configurations are preserved.
     . All alive configurations are elite and nothing is discarded.

+-+-----------+-----------+-----------+----------------+-----------+--------+-----+----+------+
| |   Instance|      Alive|       Best|       Mean best| Exp so far|  W time|  rho|KenW|  Qvar|
+-+-----------+-----------+-----------+----------------+-----------+--------+-----+----+------+
|x|          6|         85|         93|     32727097.00|         85|00:02:09|   NA|  NA|    NA|
|x|          2|         85|         93|     32719530.50|        165|00:02:04|+0.97|0.98|0.0028|
|x|          4|         85|         93|     32676319.33|        245|00:02:04|+0.97|0.98|0.0020|
|x|          5|         85|         93|     32565470.00|        325|00:02:03|+0.97|0.98|0.0018|
|-|          3|         10|         93|     32649950.20|        405|00:02:04|+0.49|0.59|0.4387|
|-|          1|          1|         93|     32656621.17|        410|00:00:22|   NA|  NA|    NA|
+-+-----------+-----------+-----------+----------------+-----------+--------+-----+----+------+
Best-so-far configuration:          93    mean value:      32656621.17
Description of the best-so-far configuration:
   .ID. algorithm localsearch alpha beta  rho ants   q0 rasrank elitistants
93   93       acs           3  2.93 2.11 0.31   64 0.94      NA          NA
   nnls dlb .PARENT.
93    9   1        9

# 2025-06-05 01:38:47 -04: Elite configurations (first number is the configuration ID; listed from best to worst according to the sum of ranks):
   algorithm localsearch alpha beta  rho ants   q0 rasrank elitistants nnls dlb
93       acs           3  2.93 2.11 0.31   64 0.94      NA          NA    9   1
# 2025-06-05 01:38:47 -04: Iteration 3 of 5
# experimentsUsed: 865
# remainingBudget: 1885
# currentBudget: 628
# nbConfigurations: 79
# Markers:
     x No test is performed.
     c Configurations are discarded only due to capping.
     - The test is performed and some configurations are discarded.
     = The test is performed but no configuration is discarded.
     ! The test is performed and configurations could be discarded but elite configurations are preserved.
     . All alive configurations are elite and nothing is discarded.

+-+-----------+-----------+-----------+----------------+-----------+--------+-----+----+------+
| |   Instance|      Alive|       Best|       Mean best| Exp so far|  W time|  rho|KenW|  Qvar|
+-+-----------+-----------+-----------+----------------+-----------+--------+-----+----+------+
|x|          7|         79|        200|     32678457.00|         79|00:01:46|   NA|  NA|    NA|
|x|          5|         79|        194|     32501086.50|        157|00:01:46|+0.96|0.98|0.0078|
|x|          4|         79|        194|     32527399.67|        235|00:01:46|+0.92|0.95|0.0052|
|x|          1|         79|        207|     32563845.75|        313|00:01:46|+0.91|0.93|0.0052|
|-|          2|         10|        207|     32586831.00|        391|00:01:46|+0.23|0.39|0.6363|
|-|          3|          5|        207|     32647641.33|        400|00:00:20|-0.01|0.16|0.7616|
+-+-----------+-----------+-----------+----------------+-----------+--------+-----+----+------+
Best configuration for the instances in this race: 207
Best-so-far configuration:          93    mean value:      32676767.00
Description of the best-so-far configuration:
   .ID. algorithm localsearch alpha beta  rho ants   q0 rasrank elitistants
93   93       acs           3  2.93 2.11 0.31   64 0.94      NA          NA
   nnls dlb .PARENT.
93    9   1        9

# 2025-06-05 01:48:01 -04: Elite configurations (first number is the configuration ID; listed from best to worst according to the sum of ranks):
    algorithm localsearch alpha beta  rho ants   q0 rasrank elitistants nnls
93        acs           3  2.93 2.11 0.31   64 0.94      NA          NA    9
207       acs           3  2.75 1.41 0.07   29 0.34      NA          NA   10
188       acs           3  2.67 6.66 0.41   43 0.60      NA          NA   11
194       acs           3  3.72 0.60 0.24   51 0.45      NA          NA    7
200       acs           3  2.31 2.54 0.42   37 0.26      NA          NA   21
    dlb
93    1
207   1
188   1
194   0
200   1
# 2025-06-05 01:48:01 -04: Iteration 4 of 5
# experimentsUsed: 1265
# remainingBudget: 1485
# currentBudget: 742
# nbConfigurations: 86
# Markers:
     x No test is performed.
     c Configurations are discarded only due to capping.
     - The test is performed and some configurations are discarded.
     = The test is performed but no configuration is discarded.
     ! The test is performed and configurations could be discarded but elite configurations are preserved.
     . All alive configurations are elite and nothing is discarded.

+-+-----------+-----------+-----------+----------------+-----------+--------+-----+----+------+
| |   Instance|      Alive|       Best|       Mean best| Exp so far|  W time|  rho|KenW|  Qvar|
+-+-----------+-----------+-----------+----------------+-----------+--------+-----+----+------+
|x|          8|         86|        326|     32489044.00|         86|00:01:56|   NA|  NA|    NA|
|x|          4|         86|        270|     32531326.00|        167|00:01:54|+0.88|0.94|0.0005|
|x|          3|         86|        329|     32677157.33|        248|00:01:54|+0.86|0.91|0.0006|
|x|          5|         86|        329|     32564349.00|        329|00:01:54|+0.87|0.90|0.0007|
|-|          2|         19|        329|     32591724.60|        410|00:01:54|-0.07|0.15|0.9863|
|=|          7|         19|        329|     32616729.00|        424|00:00:20|-0.03|0.14|0.9624|
|=|          1|         19|        329|     32624846.86|        438|00:00:20|-0.02|0.13|0.9554|
|=|          6|         19|        329|     32635415.25|        456|00:00:31|+0.03|0.16|0.9220|
|=|          9|         19|        329|     32630698.22|        475|00:00:31|+0.04|0.15|0.9163|
+-+-----------+-----------+-----------+----------------+-----------+--------+-----+----+------+
Best-so-far configuration:         329    mean value:      32630698.22
Description of the best-so-far configuration:
    .ID. algorithm localsearch alpha beta  rho ants   q0 rasrank elitistants
329  329       acs           3  2.79 5.31 0.23   53 0.75      NA          NA
    nnls dlb .PARENT.
329   11   1      188

# 2025-06-05 01:59:19 -04: Elite configurations (first number is the configuration ID; listed from best to worst according to the sum of ranks):
    algorithm localsearch alpha beta  rho ants   q0 rasrank elitistants nnls
329       acs           3  2.79 5.31 0.23   53 0.75      NA          NA   11
256       acs           3  3.23 0.13 0.44   59 0.89      NA          NA   19
270       acs           3  3.11 1.86 0.36   60 0.89      NA          NA   18
207       acs           3  2.75 1.41 0.07   29 0.34      NA          NA   10
278       acs           3  2.76 5.10 0.68   58 0.36      NA          NA   13
    dlb
329   1
256   1
270   1
207   1
278   1
# 2025-06-05 01:59:19 -04: Iteration 5 of 5
# experimentsUsed: 1740
# remainingBudget: 1010
# currentBudget: 1010
# nbConfigurations: 105
# Markers:
     x No test is performed.
     c Configurations are discarded only due to capping.
     - The test is performed and some configurations are discarded.
     = The test is performed but no configuration is discarded.
     ! The test is performed and configurations could be discarded but elite configurations are preserved.
     . All alive configurations are elite and nothing is discarded.

+-+-----------+-----------+-----------+----------------+-----------+--------+-----+----+------+
| |   Instance|      Alive|       Best|       Mean best| Exp so far|  W time|  rho|KenW|  Qvar|
+-+-----------+-----------+-----------+----------------+-----------+--------+-----+----+------+
|x|         10|        105|        337|     32546779.00|        105|00:02:25|   NA|  NA|    NA|
|x|          5|        105|        337|     32382927.50|        205|00:02:15|+0.74|0.87|0.0825|
|x|          9|        105|        399|     32477568.00|        305|00:02:15|+0.69|0.79|0.0936|
|x|          6|        105|        399|     32537635.75|        405|00:02:15|+0.67|0.75|0.1010|
|-|          4|         29|        341|     32549001.40|        505|00:02:15|-0.07|0.15|1.0220|
|=|          2|         29|        337|     32555459.67|        529|00:00:31|-0.03|0.14|0.9934|
|=|          1|         29|        337|     32566752.86|        553|00:00:31|-0.01|0.13|0.9614|
|=|          3|         29|        337|     32613226.75|        577|00:00:31|+0.02|0.14|0.9320|
|=|          8|         29|        337|     32603925.33|        601|00:00:31|+0.05|0.15|0.9082|
|=|          7|         29|        337|     32618199.00|        625|00:00:31|+0.05|0.15|0.9063|
|-|         11|         18|        337|     32613226.64|        654|00:00:41|-0.07|0.02|1.0022|
|=|         12|         18|        337|     32619332.25|        672|00:00:31|-0.07|0.02|1.0003|
|=|         13|         18|        329|     32658177.92|        690|00:00:31|-0.06|0.03|0.9972|
+-+-----------+-----------+-----------+----------------+-----------+--------+-----+----+------+
Best-so-far configuration:         329    mean value:      32658177.92
Description of the best-so-far configuration:
    .ID. algorithm localsearch alpha beta  rho ants   q0 rasrank elitistants
329  329       acs           3  2.79 5.31 0.23   53 0.75      NA          NA
    nnls dlb .PARENT.
329   11   1      188

# 2025-06-05 02:15:08 -04: Elite configurations (first number is the configuration ID; listed from best to worst according to the sum of ranks):
    algorithm localsearch alpha beta  rho ants   q0 rasrank elitistants nnls
329       acs           3  2.79 5.31 0.23   53 0.75      NA          NA   11
337       acs           3  2.38 3.20 0.03   19 0.41      NA          NA   10
362       acs           3  2.74 5.92 0.20   54 0.71      NA          NA   11
407       acs           3  2.94 0.80 0.10   38 0.13      NA          NA    9
397       acs           3  3.78 1.13 0.46   64 0.69      NA          NA   21
    dlb
329   1
337   1
362   1
407   1
397   1
# 2025-06-05 02:15:08 -04: Iteration 6 of 6
# experimentsUsed: 2430
# remainingBudget: 320
# currentBudget: 320
# nbConfigurations: 27
# Markers:
     x No test is performed.
     c Configurations are discarded only due to capping.
     - The test is performed and some configurations are discarded.
     = The test is performed but no configuration is discarded.
     ! The test is performed and configurations could be discarded but elite configurations are preserved.
     . All alive configurations are elite and nothing is discarded.

+-+-----------+-----------+-----------+----------------+-----------+--------+-----+----+------+
| |   Instance|      Alive|       Best|       Mean best| Exp so far|  W time|  rho|KenW|  Qvar|
+-+-----------+-----------+-----------+----------------+-----------+--------+-----+----+------+
|x|         14|         27|        441|     32355113.00|         27|00:00:41|   NA|  NA|    NA|
|x|         11|         27|        443|     32472544.00|         49|00:00:31|+0.21|0.61|0.2797|
|x|          2|         27|        443|     32527229.33|         71|00:00:31|+0.45|0.63|0.1984|
|x|          5|         27|        443|     32461800.00|         93|00:00:31|+0.50|0.63|0.1893|
|-|         13|          9|        443|     32573667.20|        115|00:00:31|+0.05|0.24|0.8749|
|=|          8|          9|        443|     32560850.17|        119|00:00:10|+0.08|0.23|0.8481|
|=|         12|          9|        362|     32587598.71|        123|00:00:10|+0.00|0.15|0.9238|
|=|          1|          9|        362|     32602751.00|        127|00:00:10|-0.04|0.09|0.9410|
|=|          4|          9|        443|     32599274.33|        131|00:00:10|+0.00|0.11|0.9002|
|=|          6|          9|        362|     32609756.90|        135|00:00:10|-0.01|0.09|0.9003|
|=|          9|          9|        329|     32602143.64|        139|00:00:10|-0.02|0.07|0.9110|
|=|          7|          9|        329|     32613777.58|        143|00:00:10|-0.04|0.04|0.9365|
|=|          3|          9|        329|     32641652.46|        147|00:00:10|-0.06|0.02|0.9412|
|=|         10|          9|        362|     32646676.50|        151|00:00:10|-0.05|0.03|0.9304|
|=|         15|          9|        362|     32622443.93|        160|00:00:20|-0.05|0.02|0.9304|
+-+-----------+-----------+-----------+----------------+-----------+--------+-----+----+------+
Best-so-far configuration:         362    mean value:      32622443.93
Description of the best-so-far configuration:
    .ID. algorithm localsearch alpha beta rho ants   q0 rasrank elitistants
362  362       acs           3  2.74 5.92 0.2   54 0.71      NA          NA
    nnls dlb .PARENT.
362   11   1      329

# 2025-06-05 02:19:51 -04: Elite configurations (first number is the configuration ID; listed from best to worst according to the sum of ranks):
    algorithm localsearch alpha beta  rho ants   q0 rasrank elitistants nnls
362       acs           3  2.74 5.92 0.20   54 0.71      NA          NA   11
329       acs           3  2.79 5.31 0.23   53 0.75      NA          NA   11
443       acs           3  3.85 2.17 0.49   66 0.58      NA          NA   17
337       acs           3  2.38 3.20 0.03   19 0.41      NA          NA   10
444       acs           3  3.14 3.88 0.23   52 0.68      NA          NA   11
    dlb
362   1
329   1
443   1
337   1
444   1
# 2025-06-05 02:19:51 -04: Iteration 7 of 7
# experimentsUsed: 2590
# remainingBudget: 160
# currentBudget: 160
# nbConfigurations: 14
# Markers:
     x No test is performed.
     c Configurations are discarded only due to capping.
     - The test is performed and some configurations are discarded.
     = The test is performed but no configuration is discarded.
     ! The test is performed and configurations could be discarded but elite configurations are preserved.
     . All alive configurations are elite and nothing is discarded.

+-+-----------+-----------+-----------+----------------+-----------+--------+-----+----+------+
| |   Instance|      Alive|       Best|       Mean best| Exp so far|  W time|  rho|KenW|  Qvar|
+-+-----------+-----------+-----------+----------------+-----------+--------+-----+----+------+
|x|         16|         14|        329|     32662885.00|         14|00:00:21|   NA|  NA|    NA|
|x|         12|         14|        454|     32634210.00|         23|00:00:20|-0.03|0.48|1.0196|
|x|         13|         14|        454|     32764799.67|         32|00:00:20|+0.12|0.41|0.8290|
|x|         15|         14|        362|     32650257.75|         41|00:00:20|+0.09|0.32|0.8313|
|=|         10|         14|        362|     32641772.40|         50|00:00:20|+0.07|0.26|0.8544|
|=|          5|         14|        362|     32586474.50|         59|00:00:20|+0.02|0.19|0.8720|
|=|          4|         14|        362|     32584040.43|         68|00:00:20|+0.06|0.20|0.8131|
|-|          2|         12|        362|     32593509.62|         77|00:00:20|-0.05|0.08|0.9456|
|=|          1|         12|        362|     32606321.56|         84|00:00:10|-0.04|0.08|0.9308|
|=|          7|         12|        362|     32616805.70|         91|00:00:10|-0.04|0.07|0.9253|
|=|          8|         12|        362|     32607950.91|         98|00:00:10|+0.00|0.09|0.8872|
|=|         11|         12|        443|     32608339.00|        105|00:00:10|-0.01|0.08|0.8986|
|=|          3|         12|        362|     32631336.69|        112|00:00:10|-0.01|0.06|0.9034|
|=|          9|         12|        329|     32626771.64|        119|00:00:10|-0.03|0.04|0.9204|
|=|          6|         12|        329|     32632279.80|        126|00:00:10|-0.04|0.03|0.9294|
|=|         14|         12|        329|     32620365.94|        133|00:00:10|-0.04|0.03|0.9363|
|=|         17|         12|        329|     32633678.94|        145|00:00:20|-0.03|0.03|0.9356|
+-+-----------+-----------+-----------+----------------+-----------+--------+-----+----+------+
Best-so-far configuration:         329    mean value:      32633678.94
Description of the best-so-far configuration:
    .ID. algorithm localsearch alpha beta  rho ants   q0 rasrank elitistants
329  329       acs           3  2.79 5.31 0.23   53 0.75      NA          NA
    nnls dlb .PARENT.
329   11   1      188

# 2025-06-05 02:24:22 -04: Elite configurations (first number is the configuration ID; listed from best to worst according to the sum of ranks):
    algorithm localsearch alpha beta  rho ants   q0 rasrank elitistants nnls
329       acs           3  2.79 5.31 0.23   53 0.75      NA          NA   11
362       acs           3  2.74 5.92 0.20   54 0.71      NA          NA   11
461       acs           3  2.68 5.79 0.22   53 0.75      NA          NA    8
443       acs           3  3.85 2.17 0.49   66 0.58      NA          NA   17
454       acs           3  2.69 5.22 0.22   55 0.73      NA          NA   13
    dlb
329   1
362   1
461   1
443   1
454   1
# 2025-06-05 02:24:22 -04: Stopped because there is not enough budget left to race more than the minimum (5).
# You may either increase the budget or set 'minNbSurvival' to a lower value.
# Iteration: 8
# nbIterations: 8
# experimentsUsed: 2735
# timeUsed: 0
# remainingBudget: 15
# currentBudget: 15
# number of elites: 5
# nbConfigurations: 5
# Total CPU user time: 29737.06, CPU sys time: 228.268, Wall-clock time: 4086.015
# 2025-06-05 02:24:22 -04: Starting post-selection:
# Configurations selected: 329, 362, 461, 443, 454, 337, 444, 407, 397.
# Pending instances: 1, 1, 1, 1, 1, 1, 1, 3, 3.
# 2025-06-05 02:24:22 -04: seed: 2314
# Configurations: 9
# Available experiments: 15
# minSurvival: 1
# Markers:
     x No test is performed.
     c Configurations are discarded only due to capping.
     - The test is performed and some configurations are discarded.
     = The test is performed but no configuration is discarded.
     ! The test is performed and configurations could be discarded but elite configurations are preserved.
     . All alive configurations are elite and nothing is discarded.

+-+-----------+-----------+-----------+----------------+-----------+--------+-----+----+------+
| |   Instance|      Alive|       Best|       Mean best| Exp so far|  W time|  rho|KenW|  Qvar|
+-+-----------+-----------+-----------+----------------+-----------+--------+-----+----+------+
|.|         11|          9|        329|     32536119.00|          0|00:00:00|   NA|  NA|    NA|
|.|          2|          9|        329|     32618673.00|          0|00:00:00|+0.10|0.55|0.8640|
|.|          9|          9|        329|     32610102.67|          0|00:00:00|-0.09|0.27|0.9472|
|.|         10|          9|        329|     32621699.25|          0|00:00:00|-0.07|0.20|0.8875|
|.|         15|          9|        329|     32550359.20|          0|00:00:00|-0.11|0.11|0.9395|
|.|          3|          9|        329|     32621324.50|          0|00:00:00|-0.11|0.08|0.9278|
|x|         17|          9|        337|     32635383.43|          2|00:00:10|-0.07|0.08|0.9172|
|.|          7|          9|        337|     32649293.25|          2|00:00:00|-0.07|0.06|0.9277|
|.|          5|          9|        337|     32601491.33|          2|00:00:00|-0.03|0.08|0.8968|
|x|         16|          9|        329|     32620519.40|          4|00:00:10|-0.02|0.09|0.9010|
|.|          4|          9|        329|     32613901.00|          4|00:00:00|+0.01|0.10|0.8801|
|.|         14|          9|        329|     32599547.42|          4|00:00:00|+0.00|0.08|0.8958|
|.|         13|          9|        329|     32632449.08|          4|00:00:00|+0.02|0.10|0.8870|
|.|          6|          9|        329|     32637945.14|          4|00:00:00|+0.01|0.08|0.9000|
|.|          1|          9|        329|     32640319.07|          4|00:00:00|-0.01|0.05|0.9107|
|.|         12|          9|        329|     32641558.62|          4|00:00:00|-0.03|0.04|0.9218|
|.|          8|          9|        329|     32633678.94|          4|00:00:00|-0.03|0.03|0.9226|
|=|         18|          9|        362|     32612668.06|         13|00:00:20|-0.03|0.03|0.9251|
+-+-----------+-----------+-----------+----------------+-----------+--------+-----+----+------+
Best-so-far configuration:         362    mean value:      32612668.06
Description of the best-so-far configuration:
    .ID. algorithm localsearch alpha beta rho ants   q0 rasrank elitistants
362  362       acs           3  2.74 5.92 0.2   54 0.71      NA          NA
    nnls dlb .PARENT.
362   11   1      329

# 2025-06-05 02:25:04 -04: Elite configurations (first number is the configuration ID; listed from best to worst according to the sum of ranks):
    algorithm localsearch alpha beta  rho ants   q0 rasrank elitistants nnls
362       acs           3  2.74 5.92 0.20   54 0.71      NA          NA   11
454       acs           3  2.69 5.22 0.22   55 0.73      NA          NA   13
329       acs           3  2.79 5.31 0.23   53 0.75      NA          NA   11
443       acs           3  3.85 2.17 0.49   66 0.58      NA          NA   17
461       acs           3  2.68 5.79 0.22   53 0.75      NA          NA    8
    dlb
362   1
454   1
329   1
443   1
461   1
# Total CPU user time: 29871.86, CPU sys time: 229.373, Wall-clock time: 4127.758
    .ID. algorithm localsearch alpha beta  rho ants   q0 rasrank elitistants
362  362       acs           3  2.74 5.92 0.20   54 0.71      NA          NA
454  454       acs           3  2.69 5.22 0.22   55 0.73      NA          NA
329  329       acs           3  2.79 5.31 0.23   53 0.75      NA          NA
443  443       acs           3  3.85 2.17 0.49   66 0.58      NA          NA
461  461       acs           3  2.68 5.79 0.22   53 0.75      NA          NA
    nnls dlb .PARENT. .RANK.   .WEIGHT.
362   11   1      329     80 0.33333333
454   13   1      329     81 0.26666667
329   11   1      188     84 0.20000000
443   17   1      397     86 0.13333333
461    8   1      362     91 0.06666667
