# 2025-05-16 14:59:42 -04: Reading parameter file '/home/dianag/PruebasPablo/irace-independent-executions/MMASQAP/Scenarios/E4-BH-SR/Runs/E4-BH-SR_seed_555666333/parameters.txt'.
# 2025-05-16 14:59:42 -04: Initialization
# Elitist race
# Elitist new instances: 1
# Elitist limit: 2
# nbIterations: 3
# minNbSurvival: 3
# nbParameters: 3
# seed: 555666333
# confidence level: 0.95
# budget: 1500
# mu: 5
# deterministic: FALSE

# 2025-05-16 14:59:42 -04: Iteration 1 of 3
# experimentsUsed: 0
# remainingBudget: 1500
# currentBudget: 500
# nbConfigurations: 83
# Markers:
     x No test is performed.
     c Configurations are discarded only due to capping.
     - The test is performed and some configurations are discarded.
     = The test is performed but no configuration is discarded.
     ! The test is performed and configurations could be discarded but elite configurations are preserved.
     . All alive configurations are elite and nothing is discarded.

+-+-----------+-----------+-----------+----------------+-----------+--------+-----+----+------+
| |   Instance|      Alive|       Best|       Mean best| Exp so far|  W time|  rho|KenW|  Qvar|
+-+-----------+-----------+-----------+----------------+-----------+--------+-----+----+------+
|x|          1|         83|          9|     7548110.000|         83|00:00:28|   NA|  NA|    NA|
|x|          2|         83|         53|     3995295.000|        166|00:00:29|+0.31|0.65|0.5118|
|x|          3|         83|         53|     2760801.333|        249|00:00:29|+0.27|0.51|0.4914|
|x|          4|         83|          4|     2179599.000|        332|00:00:29|+0.28|0.46|0.4860|
|-|          5|         43|          4|     1840085.600|        415|00:00:29|-0.15|0.08|1.1105|
|=|          6|         43|         70|     1601445.333|        458|00:00:17|-0.08|0.10|1.0543|
+-+-----------+-----------+-----------+----------------+-----------+--------+-----+----+------+
Best-so-far configuration:          70    mean value:      1601445.333
Description of the best-so-far configuration:
   .ID. localsearch  rho ants .PARENT.
70   70           3 0.31    3       NA

# 2025-05-16 15:02:27 -04: Elite configurations (first number is the configuration ID; listed from best to worst according to the sum of ranks):
   localsearch  rho ants
70           3 0.31    3
4            3 0.86   28
38           2 0.38   21
# 2025-05-16 15:02:27 -04: Iteration 2 of 3
# experimentsUsed: 458
# remainingBudget: 1042
# currentBudget: 521
# nbConfigurations: 77
# Markers:
     x No test is performed.
     c Configurations are discarded only due to capping.
     - The test is performed and some configurations are discarded.
     = The test is performed but no configuration is discarded.
     ! The test is performed and configurations could be discarded but elite configurations are preserved.
     . All alive configurations are elite and nothing is discarded.

+-+-----------+-----------+-----------+----------------+-----------+--------+-----+----+------+
| |   Instance|      Alive|       Best|       Mean best| Exp so far|  W time|  rho|KenW|  Qvar|
+-+-----------+-----------+-----------+----------------+-----------+--------+-----+----+------+
|x|          7|         77|         92|     469336.0000|         77|00:00:32|   NA|  NA|    NA|
|x|          4|         77|         92|     441601.0000|        151|00:00:30|+0.04|0.52|0.4750|
|x|          5|         77|        134|     453286.0000|        225|00:00:30|+0.06|0.37|0.5614|
|x|          6|         77|        134|     446046.0000|        299|00:00:30|+0.04|0.28|0.6239|
|-|          1|         44|        146|     1866744.800|        373|00:00:29|-0.09|0.13|1.0767|
|=|          3|         44|        102|     1604379.667|        414|00:00:20|-0.03|0.14|1.0197|
|=|          2|         44|        146|     1437299.714|        455|00:00:20|-0.01|0.14|0.9927|
|=|          8|         44|        146|     2178333.000|        499|00:00:21|+0.01|0.14|0.9702|
+-+-----------+-----------+-----------+----------------+-----------+--------+-----+----+------+
Best-so-far configuration:         146    mean value:      2178333.000
Description of the best-so-far configuration:
    .ID. localsearch  rho ants .PARENT.
146  146           3 0.81   28        4

# 2025-05-16 15:06:04 -04: Elite configurations (first number is the configuration ID; listed from best to worst according to the sum of ranks):
    localsearch  rho ants
146           3 0.81   28
124           3 0.27   15
102           3 0.35   21
# 2025-05-16 15:06:04 -04: Iteration 3 of 3
# experimentsUsed: 957
# remainingBudget: 543
# currentBudget: 543
# nbConfigurations: 63
# Markers:
     x No test is performed.
     c Configurations are discarded only due to capping.
     - The test is performed and some configurations are discarded.
     = The test is performed but no configuration is discarded.
     ! The test is performed and configurations could be discarded but elite configurations are preserved.
     . All alive configurations are elite and nothing is discarded.

+-+-----------+-----------+-----------+----------------+-----------+--------+-----+----+------+
| |   Instance|      Alive|       Best|       Mean best| Exp so far|  W time|  rho|KenW|  Qvar|
+-+-----------+-----------+-----------+----------------+-----------+--------+-----+----+------+
|x|          9|         63|        215|     7540164.000|         63|00:00:32|   NA|  NA|    NA|
|x|          3|         63|        160|     3918989.000|        123|00:00:30|+0.28|0.64|0.7093|
|x|          8|         63|        160|     5066082.000|        183|00:00:31|+0.43|0.62|0.5450|
|x|          7|         63|        102|     3920481.000|        243|00:00:30|+0.31|0.48|0.6008|
|-|          5|         33|        158|     3232847.200|        303|00:00:30|-0.10|0.12|1.0384|
|=|          1|         33|        158|     3950605.000|        333|00:00:19|-0.02|0.15|0.9355|
|=|          4|         33|        158|     3446217.429|        363|00:00:19|-0.01|0.13|0.9391|
|=|          2|         33|        158|     3070064.500|        393|00:00:19|+0.00|0.13|0.9363|
|=|          6|         33|        124|     2773940.889|        423|00:00:18|-0.00|0.11|0.9494|
|=|         10|         33|        187|     3228639.600|        456|00:00:20|+0.00|0.10|0.9330|
+-+-----------+-----------+-----------+----------------+-----------+--------+-----+----+------+
Best-so-far configuration:         187    mean value:      3228639.600
Description of the best-so-far configuration:
    .ID. localsearch  rho ants .PARENT.
187  187           3 0.35   22      102

# 2025-05-16 15:10:16 -04: Elite configurations (first number is the configuration ID; listed from best to worst according to the sum of ranks):
    localsearch  rho ants
187           3 0.35   22
203           3 0.54   10
158           3 0.37   18
# 2025-05-16 15:10:16 -04: Iteration 4 of 4
# experimentsUsed: 1413
# remainingBudget: 87
# currentBudget: 87
# nbConfigurations: 10
# Markers:
     x No test is performed.
     c Configurations are discarded only due to capping.
     - The test is performed and some configurations are discarded.
     = The test is performed but no configuration is discarded.
     ! The test is performed and configurations could be discarded but elite configurations are preserved.
     . All alive configurations are elite and nothing is discarded.

+-+-----------+-----------+-----------+----------------+-----------+--------+-----+----+------+
| |   Instance|      Alive|       Best|       Mean best| Exp so far|  W time|  rho|KenW|  Qvar|
+-+-----------+-----------+-----------+----------------+-----------+--------+-----+----+------+
|x|         11|         10|        158|     7504098.000|         10|00:00:07|   NA|  NA|    NA|
|x|          9|         10|        187|     7540268.000|         17|00:00:04|+0.37|0.68|0.1117|
|x|         10|         10|        187|     7462961.333|         24|00:00:04|+0.51|0.67|0.0869|
|x|          8|         10|        224|     7436459.000|         31|00:00:04|+0.43|0.57|0.1320|
|-|          1|          8|        224|     7459302.000|         38|00:00:04|-0.17|0.06|1.0298|
|=|          2|          8|        224|     6288714.000|         43|00:00:04|-0.12|0.06|0.9764|
|=|          6|          8|        187|     5450575.429|         48|00:00:04|-0.08|0.07|0.9629|
|=|          5|          8|        222|     4830542.750|         53|00:00:04|-0.09|0.05|0.9607|
|=|          7|          8|        187|     4345523.556|         58|00:00:04|-0.06|0.05|0.9355|
|=|          4|          8|        187|     3952687.400|         63|00:00:04|-0.03|0.07|0.9040|
|=|          3|          8|        218|     3621647.273|         68|00:00:04|-0.02|0.07|0.8969|
|=|         12|          8|        218|     3951434.667|         76|00:00:04|+0.02|0.10|0.8622|
+-+-----------+-----------+-----------+----------------+-----------+--------+-----+----+------+
Best-so-far configuration:         218    mean value:      3951434.667
Description of the best-so-far configuration:
    .ID. localsearch  rho ants .PARENT.
218  218           3 0.53   11      203

# 2025-05-16 15:11:15 -04: Elite configurations (first number is the configuration ID; listed from best to worst according to the sum of ranks):
    localsearch  rho ants
218           3 0.53   11
158           3 0.37   18
203           3 0.54   10
# 2025-05-16 15:11:15 -04: Stopped because there is not enough budget left to race more than the minimum (3).
# You may either increase the budget or set 'minNbSurvival' to a lower value.
# Iteration: 5
# nbIterations: 5
# experimentsUsed: 1489
# timeUsed: 0
# remainingBudget: 11
# currentBudget: 11
# number of elites: 3
# nbConfigurations: 3
# Total CPU user time: 4965.901, CPU sys time: 34.455, Wall-clock time: 692.823
# 2025-05-16 15:11:15 -04: Starting post-selection:
# Configurations selected: 218, 158, 203, 187, 146, 124.
# Pending instances: 1, 1, 1, 1, 3, 3.
# 2025-05-16 15:11:15 -04: seed: 555666333
# Configurations: 6
# Available experiments: 11
# minSurvival: 1
# Markers:
     x No test is performed.
     c Configurations are discarded only due to capping.
     - The test is performed and some configurations are discarded.
     = The test is performed but no configuration is discarded.
     ! The test is performed and configurations could be discarded but elite configurations are preserved.
     . All alive configurations are elite and nothing is discarded.

+-+-----------+-----------+-----------+----------------+-----------+--------+-----+----+------+
| |   Instance|      Alive|       Best|       Mean best| Exp so far|  W time|  rho|KenW|  Qvar|
+-+-----------+-----------+-----------+----------------+-----------+--------+-----+----+------+
|.|          3|          6|        203|     291350.0000|          0|00:00:00|   NA|  NA|    NA|
|.|          8|          6|        203|     3827026.000|          0|00:00:00|-0.14|0.43|0.8603|
|.|          6|          6|        203|     2690078.667|          0|00:00:00|-0.26|0.16|1.0273|
|.|          4|          6|        203|     2123324.000|          0|00:00:00|-0.29|0.03|1.0076|
|.|          7|          6|        203|     1793060.800|          0|00:00:00|-0.22|0.02|1.0089|
|.|          9|          6|        203|     2753221.000|          0|00:00:00|-0.15|0.04|0.9493|
|.|          2|          6|        203|     2421810.857|          0|00:00:00|-0.14|0.02|0.9184|
|.|          5|          6|        203|     2179243.750|          0|00:00:00|-0.14|0.01|0.9252|
|x|         11|          6|        158|     2774071.556|          2|00:00:05|-0.10|0.02|0.9050|
|.|         10|          6|        158|     3228812.000|          2|00:00:00|-0.10|0.01|0.9182|
|x|         12|          6|        203|     3623562.727|          4|00:00:04|-0.08|0.01|0.8899|
|.|          1|          6|        203|     3950979.500|          4|00:00:00|-0.07|0.02|0.8716|
|=|         13|          6|        158|     4232023.846|         10|00:00:04|-0.05|0.03|0.8646|
+-+-----------+-----------+-----------+----------------+-----------+--------+-----+----+------+
Best-so-far configuration:         158    mean value:      4232023.846
Description of the best-so-far configuration:
    .ID. localsearch  rho ants .PARENT.
158  158           3 0.37   18      124

# 2025-05-16 15:11:29 -04: Elite configurations (first number is the configuration ID; listed from best to worst according to the sum of ranks):
    localsearch  rho ants
158           3 0.37   18
124           3 0.27   15
203           3 0.54   10
# Total CPU user time: 5011.697, CPU sys time: 34.703, Wall-clock time: 707.12
    .ID. localsearch  rho ants .PARENT. .RANK.  .WEIGHT.
158  158           3 0.37   18      124   39.5 0.5000000
124  124           3 0.27   15       70   44.0 0.3333333
203  203           3 0.54   10      146   44.5 0.1666667
