# 2025-05-23 10:38:44 -04: Reading parameter file '/home/dianag/PruebasPablo/irace-independent-executions/PSO-X/Scenarios/E9-BL-Unimodal-N/Runs/E9-BL-Unimodal-N_seed_246813579/parameters.txt'.
# 2025-05-23 10:38:44 -04: 2 expression(s) specifying forbidden configurations read.
# 2025-05-23 10:38:44 -04: Initialization
# Elitist race
# Elitist new instances: 1
# Elitist limit: 2
# nbIterations: 5
# minNbSurvival: 5
# nbParameters: 8
# seed: 246813579
# confidence level: 0.95
# budget: 2000
# mu: 5
# deterministic: FALSE

# 2025-05-23 10:38:44 -04: Iteration 1 of 5
# experimentsUsed: 0
# remainingBudget: 2000
# currentBudget: 400
# nbConfigurations: 66
# Markers:
     x No test is performed.
     c Configurations are discarded only due to capping.
     - The test is performed and some configurations are discarded.
     = The test is performed but no configuration is discarded.
     ! The test is performed and configurations could be discarded but elite configurations are preserved.
     . All alive configurations are elite and nothing is discarded.

+-+-----------+-----------+-----------+----------------+-----------+--------+-----+----+------+
| |   Instance|      Alive|       Best|       Mean best| Exp so far|  W time|  rho|KenW|  Qvar|
+-+-----------+-----------+-----------+----------------+-----------+--------+-----+----+------+
|x|          1|         65|         58|     489.4180823|         65|00:00:18|   NA|  NA|    NA|
|x|          2|         65|         44|     6785.576830|        130|00:00:17|+0.40|0.70|0.6547|
|x|          3|         65|         44|     4560.592480|        195|00:00:17|+0.49|0.66|0.6102|
|x|          4|         65|         22|     14950.83860|        260|00:00:18|+0.50|0.62|0.5446|
|-|          5|         19|         22|     11963.13421|        325|00:00:17|+0.08|0.27|0.8690|
|=|          6|         19|         44|     322107.2224|        344|00:00:04|+0.07|0.23|0.8588|
|=|          7|         19|         44|     483256.1348|        363|00:00:04|+0.07|0.20|0.8455|
+-+-----------+-----------+-----------+----------------+-----------+--------+-----+----+------+
Best-so-far configuration:          44    mean value:      483256.1348
Description of the best-so-far configuration:
   .ID. particles topology modInfluence branching tSchedule phi1 phi2 inertia
44   44       177        5            0        NA         9 0.51 2.37     0.5
   .PARENT.
44       NA

# 2025-05-23 10:40:21 -04: Elite configurations (first number is the configuration ID; listed from best to worst according to the sum of ranks):
   particles topology modInfluence branching tSchedule phi1 phi2 inertia
44       177        5            0        NA         9 0.51 2.37    0.50
20        87        0            0        NA        NA 0.87 1.86    0.57
22       137        1            0        NA        NA 1.49 2.48    0.35
58       171        0            0        NA        NA 1.69 2.13    0.87
23        49        1            0        NA        NA 0.40 1.70    0.63
# 2025-05-23 10:40:21 -04: Iteration 2 of 5
# experimentsUsed: 363
# remainingBudget: 1637
# currentBudget: 409
# nbConfigurations: 55
# Markers:
     x No test is performed.
     c Configurations are discarded only due to capping.
     - The test is performed and some configurations are discarded.
     = The test is performed but no configuration is discarded.
     ! The test is performed and configurations could be discarded but elite configurations are preserved.
     . All alive configurations are elite and nothing is discarded.

+-+-----------+-----------+-----------+----------------+-----------+--------+-----+----+------+
| |   Instance|      Alive|       Best|       Mean best| Exp so far|  W time|  rho|KenW|  Qvar|
+-+-----------+-----------+-----------+----------------+-----------+--------+-----+----+------+
|x|          8|         55|         58|     507.0041421|         55|00:00:18|   NA|  NA|    NA|
|x|          1|         55|         58|     498.2111122|        105|00:00:18|+0.72|0.86|0.5275|
|x|          3|         55|         58|     364.6259625|        155|00:00:18|+0.78|0.85|0.3857|
|x|          6|         55|         94|     1047324.903|        205|00:00:18|+0.76|0.82|0.4140|
|-|          5|         11|         97|     198040.4153|        255|00:00:17|+0.17|0.33|0.7141|
|=|          4|         11|         94|     698234.3731|        261|00:00:01|+0.05|0.21|0.7524|
|=|          7|         11|         97|     327818.9659|        267|00:00:01|-0.03|0.12|0.8979|
|=|          2|         11|         97|     286842.0866|        273|00:00:01|-0.03|0.10|0.9429|
|=|          9|         11|         97|     254972.6964|        284|00:00:01|-0.01|0.10|0.9405|
+-+-----------+-----------+-----------+----------------+-----------+--------+-----+----+------+
Best-so-far configuration:          97    mean value:      254972.6964
Description of the best-so-far configuration:
   .ID. particles topology modInfluence branching tSchedule phi1 phi2 inertia
97   97        17        0            0        NA        NA 0.78 2.05    0.45
   .PARENT.
97       20

# 2025-05-23 10:41:58 -04: Elite configurations (first number is the configuration ID; listed from best to worst according to the sum of ranks):
   particles topology modInfluence branching tSchedule phi1 phi2 inertia
97        17        0            0        NA        NA 0.78 2.05    0.45
44       177        5            0        NA         9 0.51 2.37    0.50
69        24        4            0        NA        NA 0.82 2.40    0.26
20        87        0            0        NA        NA 0.87 1.86    0.57
94        91        0            0        NA        NA 1.36 2.41    0.83
# 2025-05-23 10:41:58 -04: Iteration 3 of 5
# experimentsUsed: 647
# remainingBudget: 1353
# currentBudget: 451
# nbConfigurations: 49
# Markers:
     x No test is performed.
     c Configurations are discarded only due to capping.
     - The test is performed and some configurations are discarded.
     = The test is performed but no configuration is discarded.
     ! The test is performed and configurations could be discarded but elite configurations are preserved.
     . All alive configurations are elite and nothing is discarded.

+-+-----------+-----------+-----------+----------------+-----------+--------+-----+----+------+
| |   Instance|      Alive|       Best|       Mean best| Exp so far|  W time|  rho|KenW|  Qvar|
+-+-----------+-----------+-----------+----------------+-----------+--------+-----+----+------+
|x|         10|         49|        121|     871334.7677|         49|00:00:12|   NA|  NA|    NA|
|x|          1|         49|        118|     525051.8091|         93|00:00:11|+0.64|0.82|0.4449|
|x|          9|         49|        157|     322092.2072|        137|00:00:11|+0.21|0.47|0.3237|
|x|          6|         49|        157|     487063.5400|        181|00:00:11|+0.41|0.56|0.2459|
|-|          5|         14|        157|     389650.8904|        225|00:00:11|+0.02|0.22|0.9520|
|=|          4|         14|        157|     324743.7771|        234|00:00:01|-0.08|0.10|0.9970|
|=|          2|         14|        157|     278352.2904|        243|00:00:01|-0.03|0.12|0.9679|
|=|          3|         14|        157|     243566.4858|        252|00:00:01|+0.02|0.14|0.9420|
|=|          7|         14|        157|     314943.5880|        261|00:00:01|+0.06|0.16|0.9154|
|=|          8|         14|        157|     294236.7361|        270|00:00:01|+0.03|0.12|0.9233|
|=|         11|         14|        157|     267488.0624|        284|00:00:01|+0.05|0.14|0.9029|
+-+-----------+-----------+-----------+----------------+-----------+--------+-----+----+------+
Best-so-far configuration:         157    mean value:      267488.0624
Description of the best-so-far configuration:
    .ID. particles topology modInfluence branching tSchedule phi1 phi2 inertia
157  157         7        4            0        NA        NA 0.75 2.47    0.25
    .PARENT.
157       69

# 2025-05-23 10:43:05 -04: Elite configurations (first number is the configuration ID; listed from best to worst according to the sum of ranks):
    particles topology modInfluence branching tSchedule phi1 phi2 inertia
157         7        4            0        NA        NA 0.75 2.47    0.25
135        20        0            0        NA        NA 0.96 2.40    0.60
151         4        0            0        NA        NA 1.35 1.89    0.47
97         17        0            0        NA        NA 0.78 2.05    0.45
69         24        4            0        NA        NA 0.82 2.40    0.26
# 2025-05-23 10:43:05 -04: Iteration 4 of 5
# experimentsUsed: 931
# remainingBudget: 1069
# currentBudget: 534
# nbConfigurations: 49
# Markers:
     x No test is performed.
     c Configurations are discarded only due to capping.
     - The test is performed and some configurations are discarded.
     = The test is performed but no configuration is discarded.
     ! The test is performed and configurations could be discarded but elite configurations are preserved.
     . All alive configurations are elite and nothing is discarded.

+-+-----------+-----------+-----------+----------------+-----------+--------+-----+----+------+
| |   Instance|      Alive|       Best|       Mean best| Exp so far|  W time|  rho|KenW|  Qvar|
+-+-----------+-----------+-----------+----------------+-----------+--------+-----+----+------+
|x|         12|         49|        166|     128.0656036|         49|00:00:08|   NA|  NA|    NA|
|x|         10|         49|        198|     485584.2159|         93|00:00:06|+0.06|0.53|0.3807|
|x|          5|         49|        157|     318404.6891|        137|00:00:06|+0.24|0.49|0.3120|
|x|          6|         49|        157|     484297.9014|        181|00:00:06|+0.36|0.52|0.2445|
|-|          9|         23|        157|     387441.1330|        225|00:00:07|-0.07|0.14|1.0873|
|=|          7|         23|        157|     470527.6784|        243|00:00:02|+0.02|0.18|1.0191|
|=|          2|         23|        157|     403309.9201|        261|00:00:01|+0.06|0.20|0.9524|
|-|         11|         14|        157|     352896.3458|        279|00:00:01|+0.06|0.18|0.8712|
|=|          8|         14|        199|     302231.4680|        288|00:00:01|-0.00|0.11|0.9232|
|=|          3|         14|        199|     272014.6670|        297|00:00:01|+0.02|0.11|0.9391|
|=|          4|         14|        199|     247301.4425|        306|00:00:01|+0.01|0.10|0.9385|
|=|          1|         14|        182|     263586.9310|        315|00:00:01|-0.01|0.08|0.9368|
|=|         13|         14|        182|     243311.0608|        329|00:00:01|-0.00|0.08|0.9183|
+-+-----------+-----------+-----------+----------------+-----------+--------+-----+----+------+
Best-so-far configuration:         182    mean value:      243311.0608
Description of the best-so-far configuration:
    .ID. particles topology modInfluence branching tSchedule phi1 phi2 inertia
182  182        12        0            0        NA        NA 1.38 2.01    0.31
    .PARENT.
182      151

# 2025-05-23 10:43:54 -04: Elite configurations (first number is the configuration ID; listed from best to worst according to the sum of ranks):
    particles topology modInfluence branching tSchedule phi1 phi2 inertia
182        12        0            0        NA        NA 1.38 2.01    0.31
199        18        0            0        NA        NA 1.79 2.19    0.35
157         7        4            0        NA        NA 0.75 2.47    0.25
184         7        4            0        NA        NA 1.09 2.22    0.21
175        25        4            0        NA        NA 0.71 2.39    0.24
# 2025-05-23 10:43:54 -04: Iteration 5 of 5
# experimentsUsed: 1260
# remainingBudget: 740
# currentBudget: 740
# nbConfigurations: 57
# Markers:
     x No test is performed.
     c Configurations are discarded only due to capping.
     - The test is performed and some configurations are discarded.
     = The test is performed but no configuration is discarded.
     ! The test is performed and configurations could be discarded but elite configurations are preserved.
     . All alive configurations are elite and nothing is discarded.

+-+-----------+-----------+-----------+----------------+-----------+--------+-----+----+------+
| |   Instance|      Alive|       Best|       Mean best| Exp so far|  W time|  rho|KenW|  Qvar|
+-+-----------+-----------+-----------+----------------+-----------+--------+-----+----+------+
|x|         14|         57|        231|    0.7420916747|         57|00:00:06|   NA|  NA|    NA|
|x|         13|         57|        231|    0.6022382608|        109|00:00:05|+0.44|0.72|0.1793|
|x|          9|         57|        216|     4.436854541|        161|00:00:06|+0.42|0.61|0.7608|
|x|          4|         57|        212|     47.57620445|        213|00:00:06|+0.08|0.31|0.9035|
|-|          3|         37|        212|     51.58997933|        265|00:00:05|-0.10|0.12|1.0323|
|=|          8|         37|        206|     5894.876415|        297|00:00:05|-0.03|0.14|1.0146|
|=|         11|         37|        217|     4374.969234|        329|00:00:04|-0.00|0.14|0.9502|
|=|         12|         37|        217|     3851.847702|        361|00:00:05|+0.01|0.13|0.9229|
|=|          5|         37|        217|     3423.894725|        393|00:00:04|+0.02|0.13|0.8829|
|=|          6|         37|        217|     113631.6293|        425|00:00:05|+0.03|0.13|0.8474|
|-|          7|         20|        217|     173864.0786|        457|00:00:04|+0.01|0.10|0.9322|
|=|          2|         20|        217|     159375.6724|        472|00:00:01|+0.03|0.11|0.9125|
|=|          1|         20|        217|     148523.4269|        487|00:00:01|+0.01|0.08|0.9201|
|=|         10|         20|        211|     162203.6276|        502|00:00:01|+0.02|0.09|0.9108|
|=|         15|         20|        211|     151390.0866|        522|00:00:01|+0.02|0.09|0.9034|
+-+-----------+-----------+-----------+----------------+-----------+--------+-----+----+------+
Best-so-far configuration:         211    mean value:      151390.0866
Description of the best-so-far configuration:
    .ID. particles topology modInfluence branching tSchedule phi1 phi2 inertia
211  211        20        0            0        NA        NA 1.28 2.28    0.17
    .PARENT.
211      182

# 2025-05-23 10:45:03 -04: Elite configurations (first number is the configuration ID; listed from best to worst according to the sum of ranks):
    particles topology modInfluence branching tSchedule phi1 phi2 inertia
211        20        0            0        NA        NA 1.28 2.28    0.17
217        13        0            0        NA        NA 1.95 2.21    0.23
212         5        0            0        NA        NA 1.51 1.86    0.21
249        19        0            0        NA        NA 1.94 2.46    0.34
206        27        0            0        NA        NA 2.04 2.46    0.40
# 2025-05-23 10:45:03 -04: Iteration 6 of 6
# experimentsUsed: 1782
# remainingBudget: 218
# currentBudget: 218
# nbConfigurations: 18
# Markers:
     x No test is performed.
     c Configurations are discarded only due to capping.
     - The test is performed and some configurations are discarded.
     = The test is performed but no configuration is discarded.
     ! The test is performed and configurations could be discarded but elite configurations are preserved.
     . All alive configurations are elite and nothing is discarded.

+-+-----------+-----------+-----------+----------------+-----------+--------+-----+----+------+
| |   Instance|      Alive|       Best|       Mean best| Exp so far|  W time|  rho|KenW|  Qvar|
+-+-----------+-----------+-----------+----------------+-----------+--------+-----+----+------+
|x|         16|         18|        212|     404858.8624|         18|00:00:03|   NA|  NA|    NA|
|x|          1|         18|        212|     209531.9725|         31|00:00:02|+0.65|0.83|0.3855|
|x|         12|         18|        268|     244187.1020|         44|00:00:02|-0.03|0.31|0.8774|
|x|          3|         18|        268|     183156.2810|         57|00:00:02|+0.17|0.38|0.6532|
|=|          9|         18|        249|     175893.3065|         70|00:00:02|+0.12|0.29|0.8483|
|=|          6|         18|        249|     296339.2197|         83|00:00:02|+0.11|0.26|0.7885|
|=|         13|         18|        217|     277370.6238|         96|00:00:02|+0.09|0.22|0.8573|
|-|         10|         11|        266|     364492.0521|        109|00:00:02|-0.04|0.09|0.8949|
|=|          7|         11|        268|     366911.1712|        115|00:00:00|+0.01|0.12|0.8547|
|=|          4|         11|        268|     330238.3986|        121|00:00:01|-0.03|0.07|0.8825|
|=|         15|         11|        268|     300216.7688|        127|00:00:01|-0.03|0.06|0.8946|
|=|          8|         11|        268|     292194.5609|        133|00:00:01|-0.05|0.03|0.9272|
|=|          2|         11|        268|     269718.2860|        139|00:00:01|-0.04|0.04|0.9226|
|=|         11|         11|        268|     250452.7692|        145|00:00:01|-0.04|0.04|0.9196|
|=|          5|         11|        217|     247824.1765|        151|00:00:01|-0.05|0.02|0.9349|
|=|         14|         11|        268|     219146.2431|        157|00:00:01|-0.04|0.03|0.9242|
|=|         17|         11|        217|     218679.0614|        168|00:00:01|-0.04|0.02|0.9291|
+-+-----------+-----------+-----------+----------------+-----------+--------+-----+----+------+
Best-so-far configuration:         217    mean value:      218679.0614
Description of the best-so-far configuration:
    .ID. particles topology modInfluence branching tSchedule phi1 phi2 inertia
217  217        13        0            0        NA        NA 1.95 2.21    0.23
    .PARENT.
217      199

# 2025-05-23 10:45:34 -04: Elite configurations (first number is the configuration ID; listed from best to worst according to the sum of ranks):
    particles topology modInfluence branching tSchedule phi1 phi2 inertia
217        13        0            0        NA        NA 1.95 2.21    0.23
268         8        0            0        NA        NA 1.38 2.22    0.15
261        17        0            0        NA        NA 1.96 2.19    0.25
211        20        0            0        NA        NA 1.28 2.28    0.17
212         5        0            0        NA        NA 1.51 1.86    0.21
# 2025-05-23 10:45:34 -04: Iteration 7 of 7
# experimentsUsed: 1950
# remainingBudget: 50
# currentBudget: 50
# nbConfigurations: 7
# Markers:
     x No test is performed.
     c Configurations are discarded only due to capping.
     - The test is performed and some configurations are discarded.
     = The test is performed but no configuration is discarded.
     ! The test is performed and configurations could be discarded but elite configurations are preserved.
     . All alive configurations are elite and nothing is discarded.

+-+-----------+-----------+-----------+----------------+-----------+--------+-----+----+------+
| |   Instance|      Alive|       Best|       Mean best| Exp so far|  W time|  rho|KenW|  Qvar|
+-+-----------+-----------+-----------+----------------+-----------+--------+-----+----+------+
|x|         18|          7|        217|     11.86057088|          7|00:00:01|   NA|  NA|    NA|
|x|          3|          7|        261|     36.80843067|          9|00:00:01|+0.39|0.70|0.6428|
|x|         17|          7|        261|     78.72866942|         11|00:00:00|+0.24|0.49|0.6596|
|x|          7|          7|        269|     148003.1013|         13|00:00:00|+0.06|0.29|0.8314|
|=|          2|          7|        269|     118403.0807|         15|00:00:00|+0.09|0.27|0.8492|
|=|          5|          7|        269|     98669.28004|         17|00:00:00|+0.07|0.23|0.7587|
|=|         16|          7|        269|     220963.3945|         19|00:00:01|+0.05|0.19|0.7203|
|=|          4|          7|        269|     193365.2659|         21|00:00:01|+0.02|0.14|0.7679|
|=|         12|          7|        269|     171902.2690|         23|00:00:00|-0.03|0.08|0.8177|
|=|         10|          7|        269|     226565.0632|         25|00:00:01|+0.01|0.11|0.7698|
|=|          1|          7|        269|     207019.7373|         27|00:00:00|+0.05|0.14|0.7381|
|=|         14|          7|        269|     189768.1786|         29|00:00:00|+0.02|0.10|0.7941|
|=|          6|          7|        268|     254044.9984|         31|00:00:01|-0.00|0.07|0.8120|
|=|          9|          7|        269|     260152.6074|         33|00:00:01|-0.03|0.04|0.8424|
|=|         15|          7|        269|     242809.1256|         35|00:00:01|-0.02|0.05|0.8346|
|=|         11|          7|        269|     227633.5988|         37|00:00:00|-0.02|0.05|0.8353|
|=|         13|          7|        269|     214243.4139|         39|00:00:00|-0.01|0.05|0.8269|
|=|          8|          7|        269|     207034.8997|         41|00:00:00|-0.01|0.04|0.8360|
|=|         19|          7|        269|     196138.3520|         48|00:00:01|-0.00|0.05|0.8198|
+-+-----------+-----------+-----------+----------------+-----------+--------+-----+----+------+
Best-so-far configuration:         269    mean value:      196138.3520
Description of the best-so-far configuration:
    .ID. particles topology modInfluence branching tSchedule phi1 phi2 inertia
269  269        11        0            0        NA        NA  2.1 2.07    0.29
    .PARENT.
269      217

# 2025-05-23 10:45:52 -04: Elite configurations (first number is the configuration ID; listed from best to worst according to the sum of ranks):
    particles topology modInfluence branching tSchedule phi1 phi2 inertia
269        11        0            0        NA        NA 2.10 2.07    0.29
211        20        0            0        NA        NA 1.28 2.28    0.17
268         8        0            0        NA        NA 1.38 2.22    0.15
261        17        0            0        NA        NA 1.96 2.19    0.25
217        13        0            0        NA        NA 1.95 2.21    0.23
# 2025-05-23 10:45:52 -04: Stopped because there is not enough budget left to race more than the minimum (5).
# You may either increase the budget or set 'minNbSurvival' to a lower value.
# Iteration: 8
# nbIterations: 8
# experimentsUsed: 1998
# timeUsed: 0
# remainingBudget: 2
# currentBudget: 2
# number of elites: 5
# nbConfigurations: 5
# Total CPU user time: 2734.649, CPU sys time: 60.241, Wall-clock time: 428.383
# 2025-05-23 10:45:52 -04: Starting post-selection:
# Configurations selected: 269, 211.
# Pending instances: 0, 0.
# 2025-05-23 10:45:52 -04: seed: 246813579
# Configurations: 2
# Available experiments: 2
# minSurvival: 1
# Markers:
     x No test is performed.
     c Configurations are discarded only due to capping.
     - The test is performed and some configurations are discarded.
     = The test is performed but no configuration is discarded.
     ! The test is performed and configurations could be discarded but elite configurations are preserved.
     . All alive configurations are elite and nothing is discarded.

+-+-----------+-----------+-----------+----------------+-----------+--------+-----+----+------+
| |   Instance|      Alive|       Best|       Mean best| Exp so far|  W time|  rho|KenW|  Qvar|
+-+-----------+-----------+-----------+----------------+-----------+--------+-----+----+------+
|.|          4|          2|        269|     178.3653968|          0|00:00:00|   NA|  NA|    NA|
|.|         19|          2|        269|     89.42944997|          0|00:00:00|-1.00|0.00|1.0000|
|.|          5|          2|        269|     59.71183766|          0|00:00:00|-0.33|0.11|0.6667|
|.|         14|          2|        269|     45.04210887|          0|00:00:00|-0.33|0.00|0.6667|
|.|         13|          2|        269|     36.12474989|          0|00:00:00|-0.20|0.04|0.6000|
|.|         11|          2|        269|     30.22017278|          0|00:00:00|-0.07|0.11|0.5333|
|.|         18|          2|        269|     27.91159745|          0|00:00:00|-0.14|0.02|0.5714|
|.|         10|          2|        269|     89840.69907|          0|00:00:00|-0.07|0.06|0.5357|
|.|          7|          2|        269|     145609.2755|          0|00:00:00|+0.00|0.11|0.5000|
|.|         15|          2|        269|     131048.3859|          0|00:00:00|+0.07|0.16|0.4667|
|.|         17|          2|        269|     119151.2395|          0|00:00:00|+0.13|0.21|0.4364|
|.|          8|          2|        269|     116262.8160|          0|00:00:00|+0.03|0.11|0.4848|
|.|          6|          2|        269|     212312.1598|          0|00:00:00|-0.03|0.05|0.5128|
|.|          2|          2|        269|     197147.2197|          0|00:00:00|-0.05|0.02|0.5275|
|.|         12|          2|        269|     184017.2913|          0|00:00:00|-0.07|0.00|0.5333|
|.|          3|          2|        269|     172520.0033|          0|00:00:00|-0.05|0.02|0.5250|
|.|          1|          2|        269|     163052.1489|          0|00:00:00|-0.03|0.03|0.5147|
|.|         16|          2|        269|     207034.1451|          0|00:00:00|-0.01|0.05|0.5033|
|.|          9|          2|        269|     196138.3520|          0|00:00:00|+0.02|0.07|0.4912|
|=|         20|          2|        269|     186331.4485|          2|00:00:00|+0.04|0.09|0.4789|
+-+-----------+-----------+-----------+----------------+-----------+--------+-----+----+------+
Best-so-far configuration:         269    mean value:      186331.4485
Description of the best-so-far configuration:
    .ID. particles topology modInfluence branching tSchedule phi1 phi2 inertia
269  269        11        0            0        NA        NA  2.1 2.07    0.29
    .PARENT.
269      217

# 2025-05-23 10:45:53 -04: Elite configurations (first number is the configuration ID; listed from best to worst according to the sum of ranks):
    particles topology modInfluence branching tSchedule phi1 phi2 inertia
269        11        0            0        NA        NA 2.10 2.07    0.29
211        20        0            0        NA        NA 1.28 2.28    0.17
# Total CPU user time: 2736.202, CPU sys time: 60.31, Wall-clock time: 429.393
    .ID. particles topology modInfluence branching tSchedule phi1 phi2 inertia
269  269        11        0            0        NA        NA 2.10 2.07    0.29
211  211        20        0            0        NA        NA 1.28 2.28    0.17
    .PARENT. .RANK.  .WEIGHT.
269      217     27 0.6666667
211      182     33 0.3333333
