# 2025-05-16 09:12:57 -04: Reading parameter file '/home/dianag/PruebasPablo/irace-independent-executions/MMASQAP/Scenarios/E1-BL-N/Runs/E1-BL-N_seed_1357924680/parameters.txt'.
# 2025-05-16 09:12:57 -04: Initialization
# Elitist race
# Elitist new instances: 1
# Elitist limit: 2
# nbIterations: 3
# minNbSurvival: 3
# nbParameters: 3
# seed: 1357924680
# confidence level: 0.95
# budget: 750
# mu: 5
# deterministic: FALSE

# 2025-05-16 09:12:57 -04: Iteration 1 of 3
# experimentsUsed: 0
# remainingBudget: 750
# currentBudget: 250
# nbConfigurations: 41
# Markers:
     x No test is performed.
     c Configurations are discarded only due to capping.
     - The test is performed and some configurations are discarded.
     = The test is performed but no configuration is discarded.
     ! The test is performed and configurations could be discarded but elite configurations are preserved.
     . All alive configurations are elite and nothing is discarded.

+-+-----------+-----------+-----------+----------------+-----------+--------+-----+----+------+
| |   Instance|      Alive|       Best|       Mean best| Exp so far|  W time|  rho|KenW|  Qvar|
+-+-----------+-----------+-----------+----------------+-----------+--------+-----+----+------+
|x|          1|         41|         16|     7305430.000|         41|00:00:16|   NA|  NA|    NA|
|x|          2|         41|         33|     3806875.000|         82|00:00:16|+0.39|0.70|0.4390|
|x|          3|         41|         33|     4960954.667|        123|00:00:16|+0.48|0.65|0.3860|
|x|          4|         41|         22|     3832950.500|        164|00:00:15|+0.39|0.54|0.4222|
|-|          5|         17|         22|     3130618.000|        205|00:00:15|+0.01|0.20|0.9357|
|=|          6|         17|         22|     3845806.000|        222|00:00:09|+0.13|0.27|0.8324|
|-|          7|          7|         22|     4306403.714|        239|00:00:09|+0.09|0.22|0.7819|
|-|          8|          5|         33|     3822857.250|        246|00:00:05|+0.03|0.15|0.7824|
+-+-----------+-----------+-----------+----------------+-----------+--------+-----+----+------+
Best-so-far configuration:          33    mean value:      3822857.250
Description of the best-so-far configuration:
   .ID. localsearch  rho ants .PARENT.
33   33           3 0.36   32       NA

# 2025-05-16 09:14:41 -04: Elite configurations (first number is the configuration ID; listed from best to worst according to the sum of ranks):
   localsearch  rho ants
33           3 0.36   32
7            3 0.32    9
22           3 0.59    6
# 2025-05-16 09:14:41 -04: Iteration 2 of 3
# experimentsUsed: 246
# remainingBudget: 504
# currentBudget: 252
# nbConfigurations: 30
# Markers:
     x No test is performed.
     c Configurations are discarded only due to capping.
     - The test is performed and some configurations are discarded.
     = The test is performed but no configuration is discarded.
     ! The test is performed and configurations could be discarded but elite configurations are preserved.
     . All alive configurations are elite and nothing is discarded.

+-+-----------+-----------+-----------+----------------+-----------+--------+-----+----+------+
| |   Instance|      Alive|       Best|       Mean best| Exp so far|  W time|  rho|KenW|  Qvar|
+-+-----------+-----------+-----------+----------------+-----------+--------+-----+----+------+
|x|          9|         30|         54|     7388768.000|         30|00:00:15|   NA|  NA|    NA|
|x|          1|         30|         44|     7348119.000|         57|00:00:14|+0.71|0.86|0.1387|
|x|          6|         30|         44|     7366344.000|         84|00:00:15|+0.68|0.79|0.1288|
|x|          5|         30|          7|     5610328.500|        111|00:00:14|+0.50|0.63|0.3398|
|-|          2|         16|         44|     4542521.200|        138|00:00:14|-0.09|0.13|1.0188|
|=|          8|         16|         44|     3861082.000|        151|00:00:09|-0.07|0.11|0.9901|
|=|          3|         16|         44|     4349143.429|        164|00:00:09|-0.04|0.11|0.9598|
|=|          4|         16|         44|     3861253.000|        177|00:00:09|-0.05|0.08|0.9940|
|=|          7|         16|         44|     4217977.778|        190|00:00:09|-0.02|0.09|0.9685|
|=|         10|         16|         44|     4555853.600|        206|00:00:09|-0.01|0.09|0.9515|
+-+-----------+-----------+-----------+----------------+-----------+--------+-----+----+------+
Best-so-far configuration:          44    mean value:      4555853.600
Description of the best-so-far configuration:
   .ID. localsearch  rho ants .PARENT.
44   44           3 0.29    3        7

# 2025-05-16 09:16:43 -04: Elite configurations (first number is the configuration ID; listed from best to worst according to the sum of ranks):
   localsearch  rho ants
44           3 0.29    3
63           3 0.31   21
33           3 0.36   32
# 2025-05-16 09:16:43 -04: Iteration 3 of 3
# experimentsUsed: 452
# remainingBudget: 298
# currentBudget: 298
# nbConfigurations: 29
# Markers:
     x No test is performed.
     c Configurations are discarded only due to capping.
     - The test is performed and some configurations are discarded.
     = The test is performed but no configuration is discarded.
     ! The test is performed and configurations could be discarded but elite configurations are preserved.
     . All alive configurations are elite and nothing is discarded.

+-+-----------+-----------+-----------+----------------+-----------+--------+-----+----+------+
| |   Instance|      Alive|       Best|       Mean best| Exp so far|  W time|  rho|KenW|  Qvar|
+-+-----------+-----------+-----------+----------------+-----------+--------+-----+----+------+
|x|         11|         29|         90|     357216.0000|         29|00:00:16|   NA|  NA|    NA|
|x|         10|         29|         44|     3978355.000|         55|00:00:14|+0.33|0.66|0.6105|
|x|          6|         29|         44|     5119834.667|         81|00:00:15|+0.36|0.57|0.4503|
|x|          3|         29|         44|     5659254.000|        107|00:00:15|+0.36|0.52|0.3860|
|-|          7|         18|         44|     5941758.400|        133|00:00:14|-0.13|0.10|1.0506|
|=|          9|         18|         44|     6183657.000|        148|00:00:09|-0.06|0.12|0.9835|
|=|          8|         18|         44|     5365118.286|        163|00:00:09|-0.05|0.10|0.9923|
|=|          5|         18|         44|     4734711.000|        178|00:00:09|-0.06|0.08|0.9982|
|=|          4|         18|         91|     4259722.667|        193|00:00:09|-0.05|0.06|1.0112|
|=|          2|         18|         91|     3862894.800|        208|00:00:09|-0.02|0.08|0.9882|
|=|          1|         18|         44|     4174410.000|        223|00:00:09|-0.02|0.07|0.9862|
|=|         12|         18|         90|     4445891.500|        241|00:00:13|-0.01|0.07|0.9781|
+-+-----------+-----------+-----------+----------------+-----------+--------+-----+----+------+
Best-so-far configuration:          90    mean value:      4445891.500
Description of the best-so-far configuration:
   .ID. localsearch  rho ants .PARENT.
90   90           3 0.27    4       44

# 2025-05-16 09:19:10 -04: Elite configurations (first number is the configuration ID; listed from best to worst according to the sum of ranks):
   localsearch  rho ants
90           3 0.27    4
44           3 0.29    3
93           3 0.40    5
# 2025-05-16 09:19:10 -04: Iteration 4 of 4
# experimentsUsed: 693
# remainingBudget: 57
# currentBudget: 57
# nbConfigurations: 7
# Markers:
     x No test is performed.
     c Configurations are discarded only due to capping.
     - The test is performed and some configurations are discarded.
     = The test is performed but no configuration is discarded.
     ! The test is performed and configurations could be discarded but elite configurations are preserved.
     . All alive configurations are elite and nothing is discarded.

+-+-----------+-----------+-----------+----------------+-----------+--------+-----+----+------+
| |   Instance|      Alive|       Best|       Mean best| Exp so far|  W time|  rho|KenW|  Qvar|
+-+-----------+-----------+-----------+----------------+-----------+--------+-----+----+------+
|x|         13|          7|         90|     656094.0000|          7|00:00:04|   NA|  NA|    NA|
|x|          1|          7|         98|     3981936.000|         11|00:00:04|-0.45|0.27|1.2473|
|x|          5|          7|         95|     2759836.000|         15|00:00:04|-0.26|0.16|1.0999|
|x|          7|          7|         95|     3836412.000|         19|00:00:05|-0.05|0.21|0.9181|
|=|          9|          7|         95|     4540939.600|         23|00:00:04|+0.10|0.28|0.8143|
|=|          6|          7|         95|     5018230.000|         27|00:00:04|+0.11|0.26|0.8157|
|=|         10|          7|         95|     5388990.571|         31|00:00:04|+0.09|0.22|0.8296|
|=|         12|          7|         90|     5644242.250|         35|00:00:05|+0.05|0.17|0.8327|
|=|          2|          7|         90|     5049692.222|         39|00:00:04|+0.00|0.11|0.8735|
|=|         11|          7|         90|     4580444.600|         43|00:00:05|+0.04|0.14|0.8381|
|=|          3|          7|         90|     4827785.636|         47|00:00:05|+0.04|0.13|0.8474|
|=|          4|          7|         90|     4462046.833|         51|00:00:04|+0.02|0.11|0.8676|
|=|          8|          7|         95|     4152311.077|         55|00:00:04|+0.01|0.08|0.8730|
+-+-----------+-----------+-----------+----------------+-----------+--------+-----+----+------+
Best-so-far configuration:          95    mean value:      4152311.077
Description of the best-so-far configuration:
   .ID. localsearch  rho ants .PARENT.
95   95           3 0.42    1       93

# 2025-05-16 09:20:13 -04: Elite configurations (first number is the configuration ID; listed from best to worst according to the sum of ranks):
   localsearch  rho ants
95           3 0.42    1
96           3 0.29    2
90           3 0.27    4
# 2025-05-16 09:20:13 -04: Stopped because there is not enough budget left to race more than the minimum (3).
# You may either increase the budget or set 'minNbSurvival' to a lower value.
# Iteration: 5
# nbIterations: 5
# experimentsUsed: 748
# timeUsed: 0
# remainingBudget: 2
# currentBudget: 2
# number of elites: 3
# nbConfigurations: 3
# Total CPU user time: 2762.929, CPU sys time: 16.911, Wall-clock time: 436.314
# 2025-05-16 09:20:13 -04: Starting post-selection:
# Configurations selected: 95, 96.
# Pending instances: 0, 0.
# 2025-05-16 09:20:13 -04: seed: 1357924680
# Configurations: 2
# Available experiments: 2
# minSurvival: 1
# Markers:
     x No test is performed.
     c Configurations are discarded only due to capping.
     - The test is performed and some configurations are discarded.
     = The test is performed but no configuration is discarded.
     ! The test is performed and configurations could be discarded but elite configurations are preserved.
     . All alive configurations are elite and nothing is discarded.

+-+-----------+-----------+-----------+----------------+-----------+--------+-----+----+------+
| |   Instance|      Alive|       Best|       Mean best| Exp so far|  W time|  rho|KenW|  Qvar|
+-+-----------+-----------+-----------+----------------+-----------+--------+-----+----+------+
|.|          2|          2|         96|     292954.0000|          0|00:00:00|   NA|  NA|    NA|
|.|          4|          2|         96|     365619.0000|          0|00:00:00|+1.00|1.00|0.0000|
|.|          8|          2|         96|     393052.0000|          0|00:00:00|+1.00|1.00|0.0000|
|.|          3|          2|         96|     2117511.500|          0|00:00:00|+0.00|0.25|0.5000|
|.|          6|          2|         96|     3175753.600|          0|00:00:00|-0.20|0.04|0.6000|
|.|          7|          2|         96|     3822973.000|          0|00:00:00|-0.07|0.11|0.5333|
|.|          5|          2|         96|     3320836.000|          0|00:00:00|-0.14|0.02|0.5714|
|.|          1|          2|         96|     3822047.000|          0|00:00:00|-0.14|0.00|0.5714|
|.|         11|          2|         96|     3437985.111|          0|00:00:00|-0.11|0.01|0.5556|
|.|         12|          2|         96|     3838287.400|          0|00:00:00|-0.07|0.04|0.5333|
|.|          9|          2|         96|     4162643.455|          0|00:00:00|-0.02|0.07|0.5091|
|.|         10|          2|         96|     4448210.833|          0|00:00:00|-0.06|0.03|0.5303|
|.|         13|          2|         96|     4156522.615|          0|00:00:00|-0.08|0.01|0.5385|
|=|         14|          2|         95|     3886141.571|          2|00:00:04|-0.08|0.00|0.5385|
+-+-----------+-----------+-----------+----------------+-----------+--------+-----+----+------+
Best-so-far configuration:          95    mean value:      3886141.571
Description of the best-so-far configuration:
   .ID. localsearch  rho ants .PARENT.
95   95           3 0.42    1       93

# 2025-05-16 09:20:18 -04: Elite configurations (first number is the configuration ID; listed from best to worst according to the sum of ranks):
   localsearch  rho ants
95           3 0.42    1
96           3 0.29    2
# Total CPU user time: 2771.98, CPU sys time: 16.96, Wall-clock time: 441.105
   .ID. localsearch  rho ants .PARENT. .RANK.  .WEIGHT.
95   95           3 0.42    1       93     21 0.6666667
96   96           3 0.29    2       90     21 0.3333333
