# 2025-06-13 06:18:04 -04: Reading parameter file '/home/dianag/PruebasPablo/irace-independent-executions/PSO-X/Scenarios/E8-BH-Multimodal-SR/Runs/E8-BH-Multimodal-SR_seed_777000777/parameters.txt'.
# 2025-06-13 06:18:04 -04: 2 expression(s) specifying forbidden configurations read.
# 2025-06-13 06:18:04 -04: Initialization
# Elitist race
# Elitist new instances: 1
# Elitist limit: 2
# nbIterations: 5
# minNbSurvival: 5
# nbParameters: 8
# seed: 777000777
# confidence level: 0.95
# budget: 4000
# mu: 5
# deterministic: FALSE

# 2025-06-13 06:18:04 -04: Iteration 1 of 5
# experimentsUsed: 0
# remainingBudget: 4000
# currentBudget: 800
# nbConfigurations: 133
# Markers:
     x No test is performed.
     c Configurations are discarded only due to capping.
     - The test is performed and some configurations are discarded.
     = The test is performed but no configuration is discarded.
     ! The test is performed and configurations could be discarded but elite configurations are preserved.
     . All alive configurations are elite and nothing is discarded.

+-+-----------+-----------+-----------+----------------+-----------+--------+-----+----+------+
| |   Instance|      Alive|       Best|       Mean best| Exp so far|  W time|  rho|KenW|  Qvar|
+-+-----------+-----------+-----------+----------------+-----------+--------+-----+----+------+
|x|          1|        132|         96|     48683.82527|        132|00:00:58|   NA|  NA|    NA|
|x|          2|        132|         74|     39208.98379|        264|00:01:07|+0.66|0.83|0.2816|
|x|          3|        132|         74|     31733.25589|        396|00:00:40|+0.61|0.74|0.3587|
|x|          4|        132|          1|     29343.03590|        528|00:00:38|+0.43|0.57|0.5314|
|-|          5|         37|        100|     57385.81088|        660|00:00:39|-0.03|0.18|0.8052|
|=|          6|         37|         56|     26677.67757|        697|00:00:15|-0.05|0.12|0.8778|
|=|          7|         37|         73|     22953.67707|        734|00:00:15|+0.00|0.14|0.8182|
+-+-----------+-----------+-----------+----------------+-----------+--------+-----+----+------+
Best-so-far configuration:          73    mean value:      22953.67707
Description of the best-so-far configuration:
   .ID. particles topology modInfluence branching tSchedule phi1 phi2 inertia
73   73        14        2            1        NA        NA 0.55 2.43    0.74
   .PARENT.
73       NA

# 2025-06-13 06:22:41 -04: Elite configurations (first number is the configuration ID; listed from best to worst according to the sum of ranks):
    particles topology modInfluence branching tSchedule phi1 phi2 inertia
73         14        2            1        NA        NA 0.55 2.43    0.74
26         50        0            0        NA        NA 2.21 1.66    0.72
1         144        0            0        NA        NA 1.66 1.12    0.70
56        171        1            0        NA        NA 1.00 2.17    0.48
100       161        5            0        NA         2 0.36 1.61    0.84
# 2025-06-13 06:22:41 -04: Iteration 2 of 5
# experimentsUsed: 734
# remainingBudget: 3266
# currentBudget: 816
# nbConfigurations: 106
# Markers:
     x No test is performed.
     c Configurations are discarded only due to capping.
     - The test is performed and some configurations are discarded.
     = The test is performed but no configuration is discarded.
     ! The test is performed and configurations could be discarded but elite configurations are preserved.
     . All alive configurations are elite and nothing is discarded.

+-+-----------+-----------+-----------+----------------+-----------+--------+-----+----+------+
| |   Instance|      Alive|       Best|       Mean best| Exp so far|  W time|  rho|KenW|  Qvar|
+-+-----------+-----------+-----------+----------------+-----------+--------+-----+----+------+
|x|          8|        106|        100|     14837.90337|        106|00:00:28|   NA|  NA|    NA|
|x|          5|        106|        225|     7908.264009|        207|00:00:25|+0.26|0.63|0.5382|
|x|          2|        106|        100|     4946.269695|        308|00:00:46|+0.40|0.60|0.4865|
|x|          1|        106|        174|     45994.06400|        409|00:00:39|+0.49|0.61|0.4290|
|-|          3|         43|        174|     40206.81231|        510|00:00:27|-0.02|0.18|0.8896|
|=|          7|         43|        191|     18382.76792|        548|00:00:15|+0.00|0.17|0.8431|
|=|          6|         43|        191|     15759.65737|        586|00:00:15|-0.00|0.14|0.8955|
|=|          4|         43|        192|     17624.12047|        624|00:00:15|-0.01|0.12|0.8568|
|=|          9|         43|          1|     14776.24356|        667|00:00:16|+0.02|0.13|0.8063|
+-+-----------+-----------+-----------+----------------+-----------+--------+-----+----+------+
Best-so-far configuration:           1    mean value:      14776.24356
Description of the best-so-far configuration:
  .ID. particles topology modInfluence branching tSchedule phi1 phi2 inertia
1    1       144        0            0        NA        NA 1.66 1.12     0.7
  .PARENT.
1       NA

# 2025-06-13 06:26:32 -04: Elite configurations (first number is the configuration ID; listed from best to worst according to the sum of ranks):
    particles topology modInfluence branching tSchedule phi1 phi2 inertia
1         144        0            0        NA        NA 1.66 1.12    0.70
174       183        1            0        NA        NA 1.24 2.21    0.52
195        53        4            0        NA        NA 1.26 1.85    0.39
192       112        0            0        NA        NA 0.01 2.46    0.67
56        171        1            0        NA        NA 1.00 2.17    0.48
# 2025-06-13 06:26:32 -04: Iteration 3 of 5
# experimentsUsed: 1401
# remainingBudget: 2599
# currentBudget: 866
# nbConfigurations: 91
# Markers:
     x No test is performed.
     c Configurations are discarded only due to capping.
     - The test is performed and some configurations are discarded.
     = The test is performed but no configuration is discarded.
     ! The test is performed and configurations could be discarded but elite configurations are preserved.
     . All alive configurations are elite and nothing is discarded.

+-+-----------+-----------+-----------+----------------+-----------+--------+-----+----+------+
| |   Instance|      Alive|       Best|       Mean best| Exp so far|  W time|  rho|KenW|  Qvar|
+-+-----------+-----------+-----------+----------------+-----------+--------+-----+----+------+
|x|         10|         91|        262|     20.83267063|         91|00:00:24|   NA|  NA|    NA|
|x|          3|         91|        299|     8412.957896|        177|00:00:24|-0.05|0.48|1.0624|
|x|          7|         91|        312|     5601.576620|        263|00:00:22|+0.20|0.47|0.7797|
|x|          2|         91|        312|     4201.258419|        349|00:00:40|+0.33|0.50|0.6708|
|-|          9|         42|          1|     3514.415951|        435|00:00:22|-0.05|0.16|0.9432|
|=|          8|         42|          1|     5524.570652|        472|00:00:14|-0.05|0.13|0.8859|
|=|          6|         42|        242|     4683.103830|        509|00:00:15|-0.04|0.11|0.9100|
|=|          4|         42|        242|     4097.760416|        546|00:00:14|-0.03|0.10|0.9119|
|=|          5|         42|        242|     3642.497261|        583|00:00:15|-0.02|0.10|0.8992|
|=|          1|         42|          1|     13300.71315|        620|00:00:18|-0.00|0.10|0.8819|
|=|         11|         42|          1|     12093.48618|        662|00:00:29|-0.01|0.09|0.8945|
+-+-----------+-----------+-----------+----------------+-----------+--------+-----+----+------+
Best-so-far configuration:           1    mean value:      12093.48618
Description of the best-so-far configuration:
  .ID. particles topology modInfluence branching tSchedule phi1 phi2 inertia
1    1       144        0            0        NA        NA 1.66 1.12     0.7
  .PARENT.
1       NA

# 2025-06-13 06:30:36 -04: Elite configurations (first number is the configuration ID; listed from best to worst according to the sum of ranks):
    particles topology modInfluence branching tSchedule phi1 phi2 inertia
1         144        0            0        NA        NA 1.66 1.12    0.70
243       136        1            0        NA        NA 1.51 2.15    0.48
280       154        1            0        NA        NA 1.63 2.04    0.38
242       140        1            0        NA        NA 1.33 2.22    0.41
296        72        4            0        NA        NA 1.52 2.43    0.11
# 2025-06-13 06:30:36 -04: Iteration 4 of 5
# experimentsUsed: 2063
# remainingBudget: 1937
# currentBudget: 968
# nbConfigurations: 85
# Markers:
     x No test is performed.
     c Configurations are discarded only due to capping.
     - The test is performed and some configurations are discarded.
     = The test is performed but no configuration is discarded.
     ! The test is performed and configurations could be discarded but elite configurations are preserved.
     . All alive configurations are elite and nothing is discarded.

+-+-----------+-----------+-----------+----------------+-----------+--------+-----+----+------+
| |   Instance|      Alive|       Best|       Mean best| Exp so far|  W time|  rho|KenW|  Qvar|
+-+-----------+-----------+-----------+----------------+-----------+--------+-----+----+------+
|x|         12|         85|        378|     180.1431180|         85|00:00:24|   NA|  NA|    NA|
|x|          4|         85|        384|     102.4599691|        165|00:00:22|+0.49|0.74|0.3081|
|x|          9|         85|        360|     79.45536823|        245|00:00:22|+0.26|0.51|0.2424|
|x|          3|         85|        343|     4083.381597|        325|00:00:24|+0.33|0.50|0.4455|
|-|          1|         54|        243|     24913.58256|        405|00:00:35|-0.11|0.11|1.0736|
|=|          2|         54|        360|     14293.38620|        454|00:00:15|-0.06|0.11|1.0300|
|=|          7|         54|        360|     12251.65198|        503|00:00:04|-0.05|0.10|1.0250|
|=|          8|         54|          1|     16649.95680|        552|00:00:05|-0.04|0.09|1.0065|
|=|         10|         54|          1|     14802.28820|        601|00:00:05|-0.03|0.08|1.0161|
|=|         11|         54|          1|     13324.18103|        650|00:00:29|-0.03|0.07|1.0153|
|=|          5|         54|          1|     12112.92766|        699|00:00:04|-0.02|0.07|0.9902|
|=|          6|         54|        343|     12158.02244|        748|00:00:05|-0.01|0.08|0.9775|
|=|         13|         54|        343|     11225.63891|        802|00:00:38|+0.00|0.08|0.9727|
+-+-----------+-----------+-----------+----------------+-----------+--------+-----+----+------+
Best-so-far configuration:         343    mean value:      11225.63891
Description of the best-so-far configuration:
    .ID. particles topology modInfluence branching tSchedule phi1 phi2 inertia
343  343       120        1            0        NA        NA 1.14  2.2    0.51
    .PARENT.
343      242

# 2025-06-13 06:34:36 -04: Elite configurations (first number is the configuration ID; listed from best to worst according to the sum of ranks):
    particles topology modInfluence branching tSchedule phi1 phi2 inertia
343       120        1            0        NA        NA 1.14 2.20    0.51
385       134        1            0        NA        NA 1.67 2.41    0.39
381       148        1            0        NA        NA 1.75 2.26    0.42
379       142        1            0        NA        NA 1.31 2.32    0.36
1         144        0            0        NA        NA 1.66 1.12    0.70
# 2025-06-13 06:34:36 -04: Iteration 5 of 5
# experimentsUsed: 2865
# remainingBudget: 1135
# currentBudget: 1135
# nbConfigurations: 85
# Markers:
     x No test is performed.
     c Configurations are discarded only due to capping.
     - The test is performed and some configurations are discarded.
     = The test is performed but no configuration is discarded.
     ! The test is performed and configurations could be discarded but elite configurations are preserved.
     . All alive configurations are elite and nothing is discarded.

+-+-----------+-----------+-----------+----------------+-----------+--------+-----+----+------+
| |   Instance|      Alive|       Best|       Mean best| Exp so far|  W time|  rho|KenW|  Qvar|
+-+-----------+-----------+-----------+----------------+-----------+--------+-----+----+------+
|x|         14|         85|        443|    0.7514185951|         85|00:00:09|   NA|  NA|    NA|
|x|          4|         85|        439|    0.6077461060|        165|00:00:07|-0.03|0.49|0.0295|
|x|         12|         85|        452|     55.11163072|        245|00:00:08|+0.03|0.35|0.0187|
|x|          3|         85|        452|     4191.279108|        325|00:00:09|+0.02|0.26|0.2688|
|=|          5|         85|        452|     3353.080844|        405|00:00:07|+0.06|0.25|0.2190|
|-|          2|         45|        452|     2794.291658|        485|00:00:23|-0.09|0.09|1.0482|
|=|          1|         45|        452|     15531.62956|        525|00:00:09|-0.05|0.10|1.0228|
|=|         13|         45|        452|     13595.13029|        565|00:00:26|-0.04|0.09|1.0071|
|=|         11|         45|        452|     12087.68622|        605|00:00:23|-0.02|0.09|0.9984|
|=|          9|         45|        425|     11585.34192|        645|00:00:03|-0.02|0.08|0.9959|
|=|          8|         45|        452|     11360.43352|        685|00:00:04|-0.02|0.07|0.9970|
|=|          6|         45|        425|     11028.13768|        725|00:00:03|-0.01|0.08|0.9830|
|=|          7|         45|        475|     10378.05152|        765|00:00:04|-0.01|0.07|0.9900|
|=|         10|         45|        475|     9638.257353|        805|00:00:04|+0.00|0.07|0.9838|
|=|         15|         45|        452|     8345.318446|        850|00:00:03|+0.01|0.07|0.9763|
+-+-----------+-----------+-----------+----------------+-----------+--------+-----+----+------+
Best-so-far configuration:         452    mean value:      8345.318446
Description of the best-so-far configuration:
    .ID. particles topology modInfluence branching tSchedule phi1 phi2 inertia
452  452       103        4            0        NA        NA 1.17 2.39    0.53
    .PARENT.
452      343

# 2025-06-13 06:37:07 -04: Elite configurations (first number is the configuration ID; listed from best to worst according to the sum of ranks):
    particles topology modInfluence branching tSchedule phi1 phi2 inertia
452       103        4            0        NA        NA 1.17 2.39    0.53
475       121        1            0        NA        NA 1.77 2.35    0.43
439       112        1            0        NA        NA 1.83 2.43    0.33
343       120        1            0        NA        NA 1.14 2.20    0.51
408       120        1            0        NA        NA 1.23 2.16    0.54
# 2025-06-13 06:37:07 -04: Iteration 6 of 6
# experimentsUsed: 3715
# remainingBudget: 285
# currentBudget: 285
# nbConfigurations: 22
# Markers:
     x No test is performed.
     c Configurations are discarded only due to capping.
     - The test is performed and some configurations are discarded.
     = The test is performed but no configuration is discarded.
     ! The test is performed and configurations could be discarded but elite configurations are preserved.
     . All alive configurations are elite and nothing is discarded.

+-+-----------+-----------+-----------+----------------+-----------+--------+-----+----+------+
| |   Instance|      Alive|       Best|       Mean best| Exp so far|  W time|  rho|KenW|  Qvar|
+-+-----------+-----------+-----------+----------------+-----------+--------+-----+----+------+
|x|         16|         22|        490|     179.5518934|         22|00:00:02|   NA|  NA|    NA|
|x|          9|         22|        343|     113.3723626|         39|00:00:01|+0.08|0.54|0.9120|
|x|          6|         22|        475|     86.45055739|         56|00:00:02|-0.07|0.29|1.0567|
|x|          7|         22|        475|     65.11240529|         73|00:00:01|-0.03|0.23|0.9867|
|=|          8|         22|        475|     3256.267484|         90|00:00:02|-0.07|0.15|1.0173|
|=|          2|         22|        489|     2648.794083|        107|00:00:05|-0.07|0.11|1.0229|
|=|         14|         22|        489|     2270.525499|        124|00:00:02|-0.05|0.10|1.0125|
|=|          3|         22|        475|     4081.707457|        141|00:00:02|-0.03|0.10|0.9985|
|=|         13|         22|        475|     3632.590537|        158|00:00:12|-0.01|0.10|0.9765|
|=|         12|         22|        452|     3318.876157|        175|00:00:02|-0.00|0.10|0.9605|
|=|          5|         22|        452|     3017.186305|        192|00:00:02|+0.01|0.10|0.9560|
|=|         11|         22|        475|     2745.994732|        209|00:00:11|+0.02|0.10|0.9575|
|=|         15|         22|        452|     2568.477493|        226|00:00:02|+0.01|0.08|0.9606|
|=|          4|         22|        452|     2385.044333|        243|00:00:02|+0.01|0.08|0.9551|
|=|         10|         22|        452|     2227.436862|        260|00:00:02|+0.02|0.08|0.9442|
|=|          1|         22|        452|     7835.450618|        277|00:00:04|+0.03|0.09|0.9387|
+-+-----------+-----------+-----------+----------------+-----------+--------+-----+----+------+
Best-so-far configuration:         452    mean value:      7835.450618
Description of the best-so-far configuration:
    .ID. particles topology modInfluence branching tSchedule phi1 phi2 inertia
452  452       103        4            0        NA        NA 1.17 2.39    0.53
    .PARENT.
452      343

# 2025-06-13 06:38:09 -04: Elite configurations (first number is the configuration ID; listed from best to worst according to the sum of ranks):
    particles topology modInfluence branching tSchedule phi1 phi2 inertia
452       103        4            0        NA        NA 1.17 2.39    0.53
475       121        1            0        NA        NA 1.77 2.35    0.43
485       124        1            0        NA        NA 1.88 2.47    0.39
495       106        4            0        NA        NA 1.12 2.49    0.50
439       112        1            0        NA        NA 1.83 2.43    0.33
# 2025-06-13 06:38:09 -04: Stopped because there is not enough budget left to race more than the minimum (5).
# You may either increase the budget or set 'minNbSurvival' to a lower value.
# Iteration: 7
# nbIterations: 7
# experimentsUsed: 3992
# timeUsed: 0
# remainingBudget: 8
# currentBudget: 8
# number of elites: 5
# nbConfigurations: 5
# Total CPU user time: 8922.554, CPU sys time: 124.817, Wall-clock time: 1205.372
# 2025-06-13 06:38:09 -04: Starting post-selection:
# Configurations selected: 452, 475, 485, 495, 439, 343, 408, 480.
# Pending instances: 0, 0, 0, 0, 0, 0, 0, 0.
# 2025-06-13 06:38:09 -04: seed: 777000777
# Configurations: 8
# Available experiments: 8
# minSurvival: 1
# Markers:
     x No test is performed.
     c Configurations are discarded only due to capping.
     - The test is performed and some configurations are discarded.
     = The test is performed but no configuration is discarded.
     ! The test is performed and configurations could be discarded but elite configurations are preserved.
     . All alive configurations are elite and nothing is discarded.

+-+-----------+-----------+-----------+----------------+-----------+--------+-----+----+------+
| |   Instance|      Alive|       Best|       Mean best| Exp so far|  W time|  rho|KenW|  Qvar|
+-+-----------+-----------+-----------+----------------+-----------+--------+-----+----+------+
|.|          3|          8|        343|     16098.43308|          0|00:00:00|   NA|  NA|    NA|
|.|          8|          8|        343|     15881.96559|          0|00:00:00|+0.60|0.80|0.4375|
|.|         11|          8|        343|     10596.66519|          0|00:00:00|+0.23|0.49|0.6838|
|.|         12|          8|        343|     8002.017102|          0|00:00:00|+0.14|0.36|0.8299|
|.|         15|          8|        343|     6445.771663|          0|00:00:00|-0.03|0.17|0.9432|
|.|          5|          8|        343|     5371.523623|          0|00:00:00|+0.01|0.17|0.8705|
|.|         14|          8|        343|     4604.305022|          0|00:00:00|-0.05|0.10|0.9112|
|.|         16|          8|        343|     4055.047952|          0|00:00:00|-0.08|0.06|0.9293|
|.|          9|          8|        343|     3606.319986|          0|00:00:00|-0.08|0.04|0.9416|
|.|          7|          8|        343|     3245.808873|          0|00:00:00|-0.07|0.04|0.9360|
|.|         13|          8|        343|     2954.102301|          0|00:00:00|-0.07|0.03|0.9316|
|.|          4|          8|        343|     2707.970793|          0|00:00:00|-0.06|0.03|0.9218|
|.|          6|          8|        343|     2501.273310|          0|00:00:00|-0.06|0.02|0.9300|
|.|          2|          8|        343|     2322.660773|          0|00:00:00|-0.06|0.02|0.9234|
|.|          1|          8|        343|     9756.292430|          0|00:00:00|-0.06|0.01|0.9165|
|.|         10|          8|        343|     9147.833600|          0|00:00:00|-0.04|0.03|0.9028|
|=|         17|          8|        452|     7379.600386|          8|00:00:01|-0.04|0.02|0.9100|
+-+-----------+-----------+-----------+----------------+-----------+--------+-----+----+------+
Best-so-far configuration:         452    mean value:      7379.600386
Description of the best-so-far configuration:
    .ID. particles topology modInfluence branching tSchedule phi1 phi2 inertia
452  452       103        4            0        NA        NA 1.17 2.39    0.53
    .PARENT.
452      343

# 2025-06-13 06:38:10 -04: Elite configurations (first number is the configuration ID; listed from best to worst according to the sum of ranks):
    particles topology modInfluence branching tSchedule phi1 phi2 inertia
452       103        4            0        NA        NA 1.17 2.39    0.53
475       121        1            0        NA        NA 1.77 2.35    0.43
485       124        1            0        NA        NA 1.88 2.47    0.39
480       106        4            0        NA        NA 1.15 2.37    0.51
495       106        4            0        NA        NA 1.12 2.49    0.50
# Total CPU user time: 8929.339, CPU sys time: 125.067, Wall-clock time: 1206.564
    .ID. particles topology modInfluence branching tSchedule phi1 phi2 inertia
452  452       103        4            0        NA        NA 1.17 2.39    0.53
475  475       121        1            0        NA        NA 1.77 2.35    0.43
485  485       124        1            0        NA        NA 1.88 2.47    0.39
480  480       106        4            0        NA        NA 1.15 2.37    0.51
495  495       106        4            0        NA        NA 1.12 2.49    0.50
    .PARENT. .RANK.   .WEIGHT.
452      343     68 0.33333333
475      385     72 0.26666667
485      475     72 0.20000000
480      452     76 0.13333333
495      452     78 0.06666667
