# 2025-06-06 10:38:26 -04: Reading parameter file '/home/dianag/PruebasPablo/irace-independent-executions/ACOTSP/Scenarios/E3-BH-N/Runs/E3-BH-N_seed_4040404040/parameters.txt'.
# 2025-06-06 10:38:26 -04: 1 expression(s) specifying forbidden configurations read.
# 2025-06-06 10:38:27 -04: Initialization
# Elitist race
# Elitist new instances: 1
# Elitist limit: 2
# nbIterations: 5
# minNbSurvival: 5
# nbParameters: 11
# seed: 428852616
# confidence level: 0.95
# budget: 5500
# mu: 5
# deterministic: FALSE

# 2025-06-06 10:38:27 -04: Iteration 1 of 5
# experimentsUsed: 0
# remainingBudget: 5500
# currentBudget: 1100
# nbConfigurations: 183
# Markers:
     x No test is performed.
     c Configurations are discarded only due to capping.
     - The test is performed and some configurations are discarded.
     = The test is performed but no configuration is discarded.
     ! The test is performed and configurations could be discarded but elite configurations are preserved.
     . All alive configurations are elite and nothing is discarded.

+-+-----------+-----------+-----------+----------------+-----------+--------+-----+----+------+
| |   Instance|      Alive|       Best|       Mean best| Exp so far|  W time|  rho|KenW|  Qvar|
+-+-----------+-----------+-----------+----------------+-----------+--------+-----+----+------+
|x|          1|        183|         98|     32746508.00|        183|00:04:41|   NA|  NA|    NA|
|x|          2|        183|         38|     32629234.50|        366|00:04:45|+0.97|0.99|0.0018|
|x|          3|        183|         38|     32677839.00|        549|00:04:42|+0.98|0.99|0.0016|
|x|          4|        183|         38|     32632062.00|        732|00:04:42|+0.98|0.98|0.0016|
|-|          5|         11|         38|     32561915.80|        915|00:04:42|+0.10|0.28|0.9624|
|=|          6|         11|         38|     32533480.00|        926|00:00:23|+0.10|0.25|0.9107|
|-|          7|          5|         38|     32537143.43|        937|00:00:21|+0.09|0.22|0.7544|
+-+-----------+-----------+-----------+----------------+-----------+--------+-----+----+------+
Best-so-far configuration:          38    mean value:      32537143.43
Description of the best-so-far configuration:
   .ID. algorithm localsearch alpha beta  rho ants  q0 rasrank elitistants nnls
38   38       acs           3   3.4 8.62 0.15   47 0.5      NA          NA   39
   dlb .PARENT.
38   0       NA

# 2025-06-06 11:02:45 -04: Elite configurations (first number is the configuration ID; listed from best to worst according to the sum of ranks):
   algorithm localsearch alpha beta  rho ants   q0 rasrank elitistants nnls dlb
38       acs           3  3.40 8.62 0.15   47 0.50      NA          NA   39   0
98       ras           3  2.97 0.88 0.34   64   NA      50          NA   21   1
18       ras           3  4.57 1.27 0.57   82   NA      68          NA   45   1
51       acs           2  4.18 4.56 0.43   56 0.04      NA          NA   32   0
86       acs           2  2.42 0.41 0.51    6 0.17      NA          NA   33   1
# 2025-06-06 11:02:45 -04: Iteration 2 of 5
# experimentsUsed: 937
# remainingBudget: 4563
# currentBudget: 1140
# nbConfigurations: 146
# Markers:
     x No test is performed.
     c Configurations are discarded only due to capping.
     - The test is performed and some configurations are discarded.
     = The test is performed but no configuration is discarded.
     ! The test is performed and configurations could be discarded but elite configurations are preserved.
     . All alive configurations are elite and nothing is discarded.

+-+-----------+-----------+-----------+----------------+-----------+--------+-----+----+------+
| |   Instance|      Alive|       Best|       Mean best| Exp so far|  W time|  rho|KenW|  Qvar|
+-+-----------+-----------+-----------+----------------+-----------+--------+-----+----+------+
|x|          8|        146|        308|     32577767.00|        146|00:04:03|   NA|  NA|    NA|
|x|          2|        146|        185|     32522086.50|        287|00:03:55|+0.97|0.98|0.0013|
|x|          5|        146|        185|     32434835.33|        428|00:03:55|+0.97|0.98|0.0011|
|x|          6|        146|        185|     32418334.25|        569|00:03:57|+0.97|0.98|0.0013|
|-|          4|         13|        194|     32431192.60|        710|00:03:57|+0.14|0.31|0.7790|
|-|          1|         12|        308|     32498792.33|        718|00:00:25|+0.18|0.32|0.7125|
|=|          3|         12|        185|     32545228.00|        725|00:00:25|+0.12|0.24|0.8045|
|=|          7|         12|         38|     32548694.00|        732|00:00:27|+0.03|0.15|0.8859|
|=|          9|         12|         98|     32550209.00|        744|00:00:33|+0.06|0.17|0.8585|
+-+-----------+-----------+-----------+----------------+-----------+--------+-----+----+------+
Best-so-far configuration:          98    mean value:      32550209.00
Description of the best-so-far configuration:
   .ID. algorithm localsearch alpha beta  rho ants q0 rasrank elitistants nnls
98   98       ras           3  2.97 0.88 0.34   64 NA      50          NA   21
   dlb .PARENT.
98   1       NA

# 2025-06-06 11:24:27 -04: Elite configurations (first number is the configuration ID; listed from best to worst according to the sum of ranks):
    algorithm localsearch alpha beta  rho ants   q0 rasrank elitistants nnls
98        ras           3  2.97 0.88 0.34   64   NA      50          NA   21
246      mmas           3  3.91 6.77 0.18   17   NA      NA          NA   34
38        acs           3  3.40 8.62 0.15   47 0.50      NA          NA   39
194       acs           3  3.70 8.36 0.13   51 0.81      NA          NA   48
185       ras           3  3.30 1.72 0.35   66   NA      23          NA   20
    dlb
98    1
246   0
38    0
194   1
185   1
# 2025-06-06 11:24:27 -04: Iteration 3 of 5
# experimentsUsed: 1681
# remainingBudget: 3819
# currentBudget: 1273
# nbConfigurations: 131
# Markers:
     x No test is performed.
     c Configurations are discarded only due to capping.
     - The test is performed and some configurations are discarded.
     = The test is performed but no configuration is discarded.
     ! The test is performed and configurations could be discarded but elite configurations are preserved.
     . All alive configurations are elite and nothing is discarded.

+-+-----------+-----------+-----------+----------------+-----------+--------+-----+----+------+
| |   Instance|      Alive|       Best|       Mean best| Exp so far|  W time|  rho|KenW|  Qvar|
+-+-----------+-----------+-----------+----------------+-----------+--------+-----+----+------+
|x|         10|        131|        344|     32403344.00|        131|00:04:25|   NA|  NA|    NA|
|x|          9|        131|        344|     32410356.50|        257|00:04:06|+0.93|0.97|0.0015|
|x|          6|        131|        344|     32384229.00|        383|00:04:04|+0.94|0.96|0.0017|
|x|          5|        131|        344|     32345049.75|        509|00:04:02|+0.94|0.96|0.0017|
|-|          8|         14|        344|     32374053.60|        635|00:04:04|+0.23|0.38|0.7001|
|-|          4|         10|        344|     32388396.00|        644|00:00:21|+0.38|0.48|0.5580|
|-|          1|          9|        344|     32429402.00|        649|00:00:20|+0.46|0.54|0.4857|
|!|          2|          9|        344|     32428628.38|        653|00:00:20|+0.44|0.51|0.4894|
|!|          7|          9|        344|     32441247.44|        657|00:00:20|+0.45|0.51|0.4997|
|-|          3|          4|        344|     32460818.60|        661|00:00:19|-0.02|0.08|0.7446|
+-+-----------+-----------+-----------+----------------+-----------+--------+-----+----+------+
Best-so-far configuration:         344    mean value:      32460818.60
Description of the best-so-far configuration:
    .ID. algorithm localsearch alpha beta  rho ants   q0 rasrank elitistants
344  344       acs           3  3.17 2.39 0.66   68 0.88      NA          NA
    nnls dlb .PARENT.
344   24   1      185

# 2025-06-06 11:46:53 -04: Elite configurations (first number is the configuration ID; listed from best to worst according to the sum of ranks):
    algorithm localsearch alpha beta  rho ants   q0 rasrank elitistants nnls
344       acs           3  3.17 2.39 0.66   68 0.88      NA          NA   24
429       acs           3  3.43 5.48 0.63   65 0.55      NA          NA   43
367       acs           3  3.90 0.19 0.60   12 0.74      NA          NA   14
376       acs           3  3.62 6.10 0.13   52 0.79      NA          NA   44
    dlb
344   1
429   1
367   1
376   0
# 2025-06-06 11:46:53 -04: Iteration 4 of 5
# experimentsUsed: 2342
# remainingBudget: 3158
# currentBudget: 1579
# nbConfigurations: 147
# Markers:
     x No test is performed.
     c Configurations are discarded only due to capping.
     - The test is performed and some configurations are discarded.
     = The test is performed but no configuration is discarded.
     ! The test is performed and configurations could be discarded but elite configurations are preserved.
     . All alive configurations are elite and nothing is discarded.

+-+-----------+-----------+-----------+----------------+-----------+--------+-----+----+------+
| |   Instance|      Alive|       Best|       Mean best| Exp so far|  W time|  rho|KenW|  Qvar|
+-+-----------+-----------+-----------+----------------+-----------+--------+-----+----+------+
|x|         11|        147|        549|     32486845.00|        147|00:03:43|   NA|  NA|    NA|
|x|          3|        147|        344|     32566136.00|        290|00:03:33|+0.83|0.91|0.0033|
|x|          8|        147|        344|     32540780.33|        433|00:03:32|+0.84|0.90|0.0026|
|x|          4|        147|        576|     32527547.25|        576|00:03:29|+0.83|0.87|0.0028|
|-|          5|         25|        576|     32456152.40|        719|00:03:29|+0.08|0.26|0.9112|
|-|          1|         11|        576|     32484283.00|        740|00:00:31|+0.25|0.37|0.6573|
|!|          9|         11|        576|     32475274.86|        747|00:00:10|+0.20|0.32|0.6754|
|!|         10|         11|        344|     32475764.00|        754|00:00:10|+0.22|0.32|0.6880|
|-|          2|         10|        576|     32460836.89|        761|00:00:10|+0.21|0.30|0.7023|
|!|          7|         10|        576|     32460396.40|        767|00:00:10|+0.15|0.24|0.7598|
|-|          6|          6|        576|     32442845.82|        773|00:00:10|-0.02|0.08|0.8111|
|=|         12|          6|        576|     32447388.33|        779|00:00:10|+0.03|0.11|0.7761|
|=|         13|          6|        576|     32463947.85|        785|00:00:10|+0.04|0.11|0.7735|
+-+-----------+-----------+-----------+----------------+-----------+--------+-----+----+------+
Best-so-far configuration:         576    mean value:      32463947.85
Description of the best-so-far configuration:
    .ID. algorithm localsearch alpha beta  rho ants   q0 rasrank elitistants
576  576       acs           3  2.84 3.12 0.43   57 0.65      NA          NA
    nnls dlb .PARENT.
576   22   1      344

# 2025-06-06 12:06:26 -04: Elite configurations (first number is the configuration ID; listed from best to worst according to the sum of ranks):
    algorithm localsearch alpha beta  rho ants   q0 rasrank elitistants nnls
576       acs           3  2.84 3.12 0.43   57 0.65      NA          NA   22
520       acs           3  2.84 0.28 0.58   69 0.98      NA          NA   26
344       acs           3  3.17 2.39 0.66   68 0.88      NA          NA   24
559       acs           3  4.70 6.76 0.78   68 0.51      NA          NA   29
583       acs           3  3.24 5.69 0.65   67 0.72      NA          NA   32
    dlb
576   1
520   1
344   1
559   1
583   1
# 2025-06-06 12:06:26 -04: Iteration 5 of 5
# experimentsUsed: 3127
# remainingBudget: 2373
# currentBudget: 2373
# nbConfigurations: 174
# Markers:
     x No test is performed.
     c Configurations are discarded only due to capping.
     - The test is performed and some configurations are discarded.
     = The test is performed but no configuration is discarded.
     ! The test is performed and configurations could be discarded but elite configurations are preserved.
     . All alive configurations are elite and nothing is discarded.

+-+-----------+-----------+-----------+----------------+-----------+--------+-----+----+------+
| |   Instance|      Alive|       Best|       Mean best| Exp so far|  W time|  rho|KenW|  Qvar|
+-+-----------+-----------+-----------+----------------+-----------+--------+-----+----+------+
|x|         14|        174|        612|     32289796.00|        174|00:03:48|   NA|  NA|    NA|
|x|          8|        174|        695|     32388807.00|        343|00:03:48|+0.69|0.84|0.0054|
|x|          5|        174|        695|     32312567.67|        512|00:03:48|+0.66|0.77|0.0072|
|x|          3|        174|        666|     32415105.50|        681|00:03:48|+0.66|0.75|0.0072|
|-|         13|         65|        625|     32467585.40|        850|00:03:48|-0.10|0.12|1.0903|
|=|         11|         65|        754|     32470985.00|        910|00:01:23|-0.04|0.13|1.0328|
|=|          6|         65|        665|     32440011.00|        970|00:01:23|-0.02|0.12|1.0126|
|=|          1|         65|        665|     32471762.25|       1030|00:01:23|-0.01|0.12|0.9958|
|=|          7|         65|        665|     32467915.22|       1090|00:01:23|+0.01|0.12|0.9794|
|=|         10|         65|        606|     32465560.70|       1150|00:01:23|+0.02|0.12|0.9676|
|-|          4|         36|        606|     32458474.18|       1210|00:01:23|-0.03|0.06|1.0077|
|=|          9|         36|        606|     32451745.50|       1241|00:00:41|-0.02|0.07|0.9969|
|=|          2|         36|        606|     32451851.62|       1272|00:00:41|-0.02|0.05|0.9997|
|=|         12|         36|        606|     32457027.64|       1303|00:00:41|-0.01|0.06|0.9867|
|=|         15|         36|        606|     32458241.53|       1339|00:00:52|-0.01|0.06|0.9779|
+-+-----------+-----------+-----------+----------------+-----------+--------+-----+----+------+
Best-so-far configuration:         606    mean value:      32458241.53
Description of the best-so-far configuration:
    .ID. algorithm localsearch alpha beta  rho ants   q0 rasrank elitistants
606  606       acs           3  3.55 3.36 0.74   74 0.84      NA          NA
    nnls dlb .PARENT.
606   25   1      344

# 2025-06-06 12:36:47 -04: Elite configurations (first number is the configuration ID; listed from best to worst according to the sum of ranks):
    algorithm localsearch alpha beta  rho ants   q0 rasrank elitistants nnls
606       acs           3  3.55 3.36 0.74   74 0.84      NA          NA   25
687       acs           3  2.89 1.50 0.38   50 0.47      NA          NA   22
628       acs           3  2.22 3.91 0.44   52 0.52      NA          NA   21
576       acs           3  2.84 3.12 0.43   57 0.65      NA          NA   22
669       acs           3  3.33 3.70 0.38   69 0.93      NA          NA   20
    dlb
606   1
687   1
628   1
576   1
669   1
# 2025-06-06 12:36:47 -04: Iteration 6 of 6
# experimentsUsed: 4466
# remainingBudget: 1034
# currentBudget: 1034
# nbConfigurations: 69
# Markers:
     x No test is performed.
     c Configurations are discarded only due to capping.
     - The test is performed and some configurations are discarded.
     = The test is performed but no configuration is discarded.
     ! The test is performed and configurations could be discarded but elite configurations are preserved.
     . All alive configurations are elite and nothing is discarded.

+-+-----------+-----------+-----------+----------------+-----------+--------+-----+----+------+
| |   Instance|      Alive|       Best|       Mean best| Exp so far|  W time|  rho|KenW|  Qvar|
+-+-----------+-----------+-----------+----------------+-----------+--------+-----+----+------+
|x|         16|         69|        816|     32512556.00|         69|00:01:33|   NA|  NA|    NA|
|x|          2|         69|        803|     32451501.50|        133|00:01:23|+0.38|0.69|0.2551|
|x|          8|         69|        813|     32461959.67|        197|00:01:23|+0.45|0.63|0.3064|
|x|          1|         69|        813|     32504793.00|        261|00:01:23|+0.47|0.61|0.2796|
|-|          3|         17|        813|     32525715.20|        325|00:01:23|+0.01|0.21|0.9292|
|=|         12|         17|        813|     32536004.17|        337|00:00:20|+0.01|0.17|0.9344|
|=|         11|         17|        813|     32531902.71|        349|00:00:20|-0.01|0.14|0.9525|
|=|          6|         17|        813|     32501475.38|        361|00:00:21|-0.00|0.12|0.9456|
|=|          5|         17|        813|     32462431.22|        373|00:00:20|+0.00|0.11|0.9345|
|=|         14|         17|        813|     32452779.80|        385|00:00:20|-0.02|0.08|0.9509|
|=|         15|         17|        813|     32455446.00|        397|00:00:21|-0.04|0.06|0.9615|
|=|         13|         17|        813|     32466713.50|        409|00:00:20|-0.03|0.06|0.9465|
|=|          9|         17|        813|     32465040.77|        421|00:00:20|-0.03|0.05|0.9524|
|=|          4|         17|        813|     32460353.43|        433|00:00:20|-0.02|0.05|0.9371|
|=|         10|         17|        813|     32455000.93|        445|00:00:20|-0.01|0.06|0.9325|
|=|          7|         17|        813|     32455445.44|        457|00:00:20|-0.00|0.06|0.9286|
|=|         17|         17|        813|     32479635.94|        474|00:00:31|+0.00|0.06|0.9215|
+-+-----------+-----------+-----------+----------------+-----------+--------+-----+----+------+
Best-so-far configuration:         813    mean value:      32479635.94
Description of the best-so-far configuration:
    .ID. algorithm localsearch alpha beta  rho ants  q0 rasrank elitistants
813  813       acs           3  2.71 2.32 0.47   61 0.6      NA          NA
    nnls dlb .PARENT.
813   21   1      576

# 2025-06-06 12:48:16 -04: Elite configurations (first number is the configuration ID; listed from best to worst according to the sum of ranks):
    algorithm localsearch alpha beta  rho ants   q0 rasrank elitistants nnls
813       acs           3  2.71 2.32 0.47   61 0.60      NA          NA   21
606       acs           3  3.55 3.36 0.74   74 0.84      NA          NA   25
576       acs           3  2.84 3.12 0.43   57 0.65      NA          NA   22
808       acs           3  2.01 3.95 0.58   58 0.75      NA          NA   17
687       acs           3  2.89 1.50 0.38   50 0.47      NA          NA   22
    dlb
813   1
606   1
576   1
808   1
687   1
# 2025-06-06 12:48:16 -04: Iteration 7 of 7
# experimentsUsed: 4940
# remainingBudget: 560
# currentBudget: 560
# nbConfigurations: 35
# Markers:
     x No test is performed.
     c Configurations are discarded only due to capping.
     - The test is performed and some configurations are discarded.
     = The test is performed but no configuration is discarded.
     ! The test is performed and configurations could be discarded but elite configurations are preserved.
     . All alive configurations are elite and nothing is discarded.

+-+-----------+-----------+-----------+----------------+-----------+--------+-----+----+------+
| |   Instance|      Alive|       Best|       Mean best| Exp so far|  W time|  rho|KenW|  Qvar|
+-+-----------+-----------+-----------+----------------+-----------+--------+-----+----+------+
|x|         18|         35|        847|     32379849.00|         35|00:00:52|   NA|  NA|    NA|
|x|         12|         35|        855|     32433840.00|         65|00:00:42|+0.45|0.73|0.0783|
|x|          9|         35|        853|     32414169.33|         95|00:00:41|+0.43|0.62|0.0898|
|x|         17|         35|        847|     32536588.25|        125|00:00:41|+0.32|0.49|0.1100|
|-|         13|         20|        847|     32553685.40|        155|00:00:41|-0.10|0.12|1.0691|
|=|         15|         20|        847|     32551802.67|        170|00:00:21|-0.10|0.08|1.0581|
|=|          3|         20|        836|     32577104.29|        185|00:00:21|-0.11|0.05|1.0627|
|=|         14|         20|        836|     32545212.00|        200|00:00:20|-0.06|0.07|1.0291|
|=|          2|         20|        849|     32524573.67|        215|00:00:21|-0.04|0.08|0.9979|
|=|         10|         20|        849|     32512067.60|        230|00:00:21|-0.02|0.08|0.9847|
|=|          5|         20|        813|     32481297.36|        245|00:00:20|-0.02|0.08|0.9791|
|=|          7|         20|        849|     32478264.83|        260|00:00:21|-0.02|0.07|0.9792|
|=|          8|         20|        808|     32482208.38|        275|00:00:20|-0.01|0.07|0.9704|
|=|         16|         20|        808|     32486761.57|        290|00:00:20|+0.01|0.08|0.9515|
|=|          1|         20|        813|     32493245.67|        305|00:00:21|+0.02|0.08|0.9401|
|=|          4|         20|        813|     32487381.44|        320|00:00:20|+0.02|0.08|0.9373|
|=|          6|         20|        813|     32475681.59|        335|00:00:21|+0.03|0.09|0.9252|
|-|         11|         14|        813|     32477437.83|        350|00:00:21|-0.02|0.03|0.9532|
|=|         19|         14|        606|     32476981.11|        364|00:00:21|-0.02|0.04|0.9481|
|=|         20|         14|        606|     32492347.15|        378|00:00:21|-0.01|0.04|0.9427|
+-+-----------+-----------+-----------+----------------+-----------+--------+-----+----+------+
Best-so-far configuration:         606    mean value:      32492347.15
Description of the best-so-far configuration:
    .ID. algorithm localsearch alpha beta  rho ants   q0 rasrank elitistants
606  606       acs           3  3.55 3.36 0.74   74 0.84      NA          NA
    nnls dlb .PARENT.
606   25   1      344

# 2025-06-06 12:57:11 -04: Elite configurations (first number is the configuration ID; listed from best to worst according to the sum of ranks):
    algorithm localsearch alpha beta  rho ants   q0 rasrank elitistants nnls
606       acs           3  3.55 3.36 0.74   74 0.84      NA          NA   25
808       acs           3  2.01 3.95 0.58   58 0.75      NA          NA   17
813       acs           3  2.71 2.32 0.47   61 0.60      NA          NA   21
849       acs           3  2.71 3.53 0.39   58 0.58      NA          NA   20
687       acs           3  2.89 1.50 0.38   50 0.47      NA          NA   22
    dlb
606   1
808   1
813   1
849   1
687   1
# 2025-06-06 12:57:11 -04: Iteration 8 of 8
# experimentsUsed: 5318
# remainingBudget: 182
# currentBudget: 182
# nbConfigurations: 13
# Markers:
     x No test is performed.
     c Configurations are discarded only due to capping.
     - The test is performed and some configurations are discarded.
     = The test is performed but no configuration is discarded.
     ! The test is performed and configurations could be discarded but elite configurations are preserved.
     . All alive configurations are elite and nothing is discarded.

+-+-----------+-----------+-----------+----------------+-----------+--------+-----+----+------+
| |   Instance|      Alive|       Best|       Mean best| Exp so far|  W time|  rho|KenW|  Qvar|
+-+-----------+-----------+-----------+----------------+-----------+--------+-----+----+------+
|x|         21|         13|        862|     32516487.00|         13|00:00:21|   NA|  NA|    NA|
|x|          1|         13|        813|     32583394.50|         21|00:00:10|+0.25|0.63|0.5206|
|x|         19|         13|        606|     32514553.33|         29|00:00:10|+0.15|0.43|0.6506|
|x|         20|         13|        606|     32581990.50|         37|00:00:10|+0.18|0.39|0.6060|
|=|          2|         13|        849|     32540123.40|         45|00:00:10|+0.15|0.32|0.6579|
|-|          6|         11|        606|     32508900.83|         53|00:00:10|-0.04|0.14|0.8940|
|=|         10|         11|        813|     32486312.57|         59|00:00:10|-0.02|0.13|0.8476|
|=|         17|         11|        813|     32533859.00|         65|00:00:10|+0.01|0.13|0.8454|
|=|          8|         11|        813|     32527773.33|         71|00:00:10|+0.03|0.14|0.8463|
|=|         11|         11|        808|     32522363.00|         77|00:00:10|+0.01|0.11|0.8776|
|=|         16|         11|        813|     32526106.73|         83|00:00:10|+0.03|0.12|0.8681|
|=|         13|         11|        813|     32531485.83|         89|00:00:10|+0.05|0.13|0.8488|
|=|         12|         11|        813|     32535790.69|         95|00:00:10|+0.01|0.08|0.8936|
|=|          9|         11|        813|     32529303.36|        101|00:00:10|-0.01|0.06|0.9098|
|=|          4|         11|        813|     32520644.33|        107|00:00:10|+0.01|0.07|0.9008|
|=|         18|         11|        606|     32517810.06|        113|00:00:10|+0.00|0.07|0.9011|
|=|          5|         11|        813|     32494106.65|        119|00:00:10|-0.01|0.05|0.9074|
|=|          7|         11|        606|     32495369.17|        125|00:00:10|+0.00|0.06|0.9001|
|=|         14|         11|        606|     32486965.37|        131|00:00:10|+0.00|0.05|0.9044|
|=|         15|         11|        606|     32486378.90|        137|00:00:10|-0.01|0.04|0.9087|
|=|          3|         11|        606|     32495119.19|        143|00:00:10|+0.00|0.05|0.8995|
|=|         22|         11|        606|     32502369.73|        154|00:00:20|+0.01|0.06|0.8911|
+-+-----------+-----------+-----------+----------------+-----------+--------+-----+----+------+
Best-so-far configuration:         606    mean value:      32502369.73
Description of the best-so-far configuration:
    .ID. algorithm localsearch alpha beta  rho ants   q0 rasrank elitistants
606  606       acs           3  3.55 3.36 0.74   74 0.84      NA          NA
    nnls dlb .PARENT.
606   25   1      344

# 2025-06-06 13:01:24 -04: Elite configurations (first number is the configuration ID; listed from best to worst according to the sum of ranks):
    algorithm localsearch alpha beta  rho ants   q0 rasrank elitistants nnls
606       acs           3  3.55 3.36 0.74   74 0.84      NA          NA   25
813       acs           3  2.71 2.32 0.47   61 0.60      NA          NA   21
808       acs           3  2.01 3.95 0.58   58 0.75      NA          NA   17
857       acs           3  2.03 3.65 0.60   55 0.71      NA          NA   14
687       acs           3  2.89 1.50 0.38   50 0.47      NA          NA   22
    dlb
606   1
813   1
808   1
857   1
687   1
# 2025-06-06 13:01:24 -04: Iteration 9 of 9
# experimentsUsed: 5472
# remainingBudget: 28
# currentBudget: 28
# nbConfigurations: 6
# Markers:
     x No test is performed.
     c Configurations are discarded only due to capping.
     - The test is performed and some configurations are discarded.
     = The test is performed but no configuration is discarded.
     ! The test is performed and configurations could be discarded but elite configurations are preserved.
     . All alive configurations are elite and nothing is discarded.

+-+-----------+-----------+-----------+----------------+-----------+--------+-----+----+------+
| |   Instance|      Alive|       Best|       Mean best| Exp so far|  W time|  rho|KenW|  Qvar|
+-+-----------+-----------+-----------+----------------+-----------+--------+-----+----+------+
|x|         23|          6|        865|     32610954.00|          6|00:00:10|   NA|  NA|    NA|
|x|         22|          6|        857|     32644838.50|          7|00:00:10|+0.14|0.57|0.7052|
|x|          5|          6|        857|     32468829.00|          8|00:00:10|+0.01|0.34|0.9111|
|x|         19|          6|        606|     32452130.75|          9|00:00:10|-0.11|0.16|0.9404|
|=|         18|          6|        606|     32437929.80|         10|00:00:10|+0.06|0.25|0.8052|
|=|         10|          6|        606|     32431848.00|         11|00:00:10|-0.10|0.09|0.8800|
|=|          2|          6|        857|     32419052.29|         12|00:00:10|-0.09|0.06|0.8975|
|=|         16|          6|        857|     32434529.88|         13|00:00:10|-0.08|0.06|0.8682|
|=|         13|          6|        857|     32459498.89|         14|00:00:10|-0.10|0.02|0.9052|
|=|         14|          6|        857|     32453084.50|         15|00:00:10|-0.10|0.01|0.9169|
|=|         17|          6|        865|     32490662.82|         16|00:00:10|-0.09|0.01|0.9098|
|=|         11|          6|        865|     32492277.08|         17|00:00:10|-0.08|0.01|0.8968|
|=|          7|          6|        865|     32487643.77|         18|00:00:10|-0.07|0.01|0.8950|
|=|          9|          6|        865|     32476561.14|         19|00:00:10|-0.05|0.02|0.8860|
|=|          4|          6|        865|     32469169.53|         20|00:00:10|-0.03|0.04|0.8747|
|=|         15|          6|        865|     32472971.94|         21|00:00:10|-0.04|0.03|0.8800|
|=|         21|          6|        865|     32477734.06|         22|00:00:10|-0.03|0.03|0.8758|
|=|          8|          6|        865|     32479267.50|         23|00:00:10|-0.04|0.02|0.8721|
|=|          1|          6|        606|     32496897.16|         24|00:00:10|-0.03|0.02|0.8654|
|=|          3|          6|        606|     32505548.55|         25|00:00:10|-0.02|0.03|0.8533|
|=|         20|          6|        606|     32518822.52|         26|00:00:10|-0.01|0.03|0.8413|
|=|          6|          6|        606|     32507617.77|         27|00:00:10|-0.01|0.03|0.8427|
|=|         12|          6|        865|     32502723.43|         28|00:00:10|-0.02|0.03|0.8517|
+-+-----------+-----------+-----------+----------------+-----------+--------+-----+----+------+
Best-so-far configuration:         865    mean value:      32502723.43
Description of the best-so-far configuration:
    .ID. algorithm localsearch alpha beta  rho ants   q0 rasrank elitistants
865  865       acs           3  1.98 3.82 0.57   57 0.79      NA          NA
    nnls dlb .PARENT.
865   14   1      857

# 2025-06-06 13:05:23 -04: Elite configurations (first number is the configuration ID; listed from best to worst according to the sum of ranks):
    algorithm localsearch alpha beta  rho ants   q0 rasrank elitistants nnls
865       acs           3  1.98 3.82 0.57   57 0.79      NA          NA   14
606       acs           3  3.55 3.36 0.74   74 0.84      NA          NA   25
813       acs           3  2.71 2.32 0.47   61 0.60      NA          NA   21
857       acs           3  2.03 3.65 0.60   55 0.71      NA          NA   14
808       acs           3  2.01 3.95 0.58   58 0.75      NA          NA   17
    dlb
865   1
606   1
813   1
857   1
808   1
# 2025-06-06 13:05:23 -04: Stopped because budget is exhausted
# Iteration: 10
# nbIterations: 9
# experimentsUsed: 5500
# timeUsed: 0
# remainingBudget: 0
# currentBudget: 28
# number of elites: 5
# nbConfigurations: 6
# Total CPU user time: 63758.62, CPU sys time: 455.93, Wall-clock time: 8816.729
    .ID. algorithm localsearch alpha beta  rho ants   q0 rasrank elitistants
865  865       acs           3  1.98 3.82 0.57   57 0.79      NA          NA
606  606       acs           3  3.55 3.36 0.74   74 0.84      NA          NA
813  813       acs           3  2.71 2.32 0.47   61 0.60      NA          NA
857  857       acs           3  2.03 3.65 0.60   55 0.71      NA          NA
808  808       acs           3  2.01 3.95 0.58   58 0.75      NA          NA
    nnls dlb .PARENT. .RANK.   .WEIGHT.
865   14   1      857     72 0.33333333
606   25   1      344     73 0.26666667
813   21   1      576     79 0.20000000
857   14   1      808     85 0.13333333
808   17   1      628     86 0.06666667
