# 2025-06-14 04:32:31 -04: Reading parameter file '/home/dianag/PruebasPablo/irace-independent-executions/PSO-X/Scenarios/E10-BL-Unimodal-SR/Runs/E10-BL-Unimodal-SR_seed_1357924680/parameters.txt'.
# 2025-06-14 04:32:31 -04: 2 expression(s) specifying forbidden configurations read.
# 2025-06-14 04:32:31 -04: Initialization
# Elitist race
# Elitist new instances: 1
# Elitist limit: 2
# nbIterations: 5
# minNbSurvival: 5
# nbParameters: 8
# seed: 1357924680
# confidence level: 0.95
# budget: 2000
# mu: 5
# deterministic: FALSE

# 2025-06-14 04:32:31 -04: Iteration 1 of 5
# experimentsUsed: 0
# remainingBudget: 2000
# currentBudget: 400
# nbConfigurations: 66
# Markers:
     x No test is performed.
     c Configurations are discarded only due to capping.
     - The test is performed and some configurations are discarded.
     = The test is performed but no configuration is discarded.
     ! The test is performed and configurations could be discarded but elite configurations are preserved.
     . All alive configurations are elite and nothing is discarded.

+-+-----------+-----------+-----------+----------------+-----------+--------+-----+----+------+
| |   Instance|      Alive|       Best|       Mean best| Exp so far|  W time|  rho|KenW|  Qvar|
+-+-----------+-----------+-----------+----------------+-----------+--------+-----+----+------+
|x|          1|         66|          2|     88.96824945|         66|00:00:27|   NA|  NA|    NA|
|x|          2|         66|          2|     45.38772028|        132|00:00:27|+0.93|0.97|0.0817|
|x|          3|         66|         60|     46.30875822|        198|00:00:26|+0.88|0.92|0.1463|
|x|          4|         66|          2|     33.20605406|        264|00:00:28|+0.75|0.81|0.2830|
|-|          5|         18|         59|     645.1137019|        330|00:00:28|-0.04|0.17|0.9340|
|=|          6|         18|         59|     440330.5825|        348|00:00:02|+0.03|0.19|0.9133|
|=|          7|         18|         59|     381444.7621|        366|00:00:02|+0.04|0.18|0.8874|
+-+-----------+-----------+-----------+----------------+-----------+--------+-----+----+------+
Best-so-far configuration:          59    mean value:      381444.7621
Description of the best-so-far configuration:
   .ID. particles topology modInfluence branching tSchedule phi1 phi2 inertia
59   59       112        0            0        NA        NA 0.56 2.38    0.13
   .PARENT.
59       NA

# 2025-06-14 04:34:56 -04: Elite configurations (first number is the configuration ID; listed from best to worst according to the sum of ranks):
   particles topology modInfluence branching tSchedule phi1 phi2 inertia
59       112        0            0        NA        NA 0.56 2.38    0.13
15        40        4            2        NA        NA 0.05 2.03    0.90
60        12        4            1        NA        NA 1.81 1.13    0.58
2        152        4            0        NA        NA 1.46 2.50    0.73
25         9        2            2        NA        NA 1.54 2.27    0.48
# 2025-06-14 04:34:56 -04: Iteration 2 of 5
# experimentsUsed: 366
# remainingBudget: 1634
# currentBudget: 408
# nbConfigurations: 55
# Markers:
     x No test is performed.
     c Configurations are discarded only due to capping.
     - The test is performed and some configurations are discarded.
     = The test is performed but no configuration is discarded.
     ! The test is performed and configurations could be discarded but elite configurations are preserved.
     . All alive configurations are elite and nothing is discarded.

+-+-----------+-----------+-----------+----------------+-----------+--------+-----+----+------+
| |   Instance|      Alive|       Best|       Mean best| Exp so far|  W time|  rho|KenW|  Qvar|
+-+-----------+-----------+-----------+----------------+-----------+--------+-----+----+------+
|x|          8|         55|        102|     752649.6732|         55|00:00:16|   NA|  NA|    NA|
|x|          7|         55|         80|     667520.0114|        105|00:00:15|+0.29|0.65|0.6007|
|x|          2|         55|         80|     445013.4659|        155|00:00:15|+0.56|0.71|0.4261|
|x|          4|         55|         72|     675123.4965|        205|00:00:18|+0.46|0.59|0.5004|
|-|          3|         23|         72|     540099.1874|        255|00:00:15|-0.03|0.18|0.7890|
|=|          6|         23|         59|     594201.6900|        273|00:00:02|+0.05|0.21|0.7612|
|-|          5|         13|         59|     509315.8593|        291|00:00:02|+0.00|0.15|0.9636|
|=|          1|         13|         80|     479973.2724|        299|00:00:01|+0.03|0.15|0.9190|
|=|          9|         13|         80|     426663.4969|        312|00:00:02|+0.01|0.12|0.9235|
+-+-----------+-----------+-----------+----------------+-----------+--------+-----+----+------+
Best-so-far configuration:          80    mean value:      426663.4969
Description of the best-so-far configuration:
   .ID. particles topology modInfluence branching tSchedule phi1 phi2 inertia
80   80        12        4            0        NA        NA 0.53 2.25    0.46
   .PARENT.
80       15

# 2025-06-14 04:36:26 -04: Elite configurations (first number is the configuration ID; listed from best to worst according to the sum of ranks):
   particles topology modInfluence branching tSchedule phi1 phi2 inertia
80        12        4            0        NA        NA 0.53 2.25    0.46
72        76        4            2        NA        NA 1.12 2.34    0.83
59       112        0            0        NA        NA 0.56 2.38    0.13
60        12        4            1        NA        NA 1.81 1.13    0.58
15        40        4            2        NA        NA 0.05 2.03    0.90
# 2025-06-14 04:36:26 -04: Iteration 3 of 5
# experimentsUsed: 678
# remainingBudget: 1322
# currentBudget: 440
# nbConfigurations: 48
# Markers:
     x No test is performed.
     c Configurations are discarded only due to capping.
     - The test is performed and some configurations are discarded.
     = The test is performed but no configuration is discarded.
     ! The test is performed and configurations could be discarded but elite configurations are preserved.
     . All alive configurations are elite and nothing is discarded.

+-+-----------+-----------+-----------+----------------+-----------+--------+-----+----+------+
| |   Instance|      Alive|       Best|       Mean best| Exp so far|  W time|  rho|KenW|  Qvar|
+-+-----------+-----------+-----------+----------------+-----------+--------+-----+----+------+
|x|         10|         48|        158|     349.3401405|         48|00:00:11|   NA|  NA|    NA|
|x|          1|         48|         80|     1553.076667|         91|00:00:11|+0.74|0.87|0.3893|
|x|          2|         48|         80|     1035.509361|        134|00:00:10|+0.76|0.84|0.2927|
|x|          8|         48|         80|     329881.6166|        177|00:00:11|+0.51|0.63|0.4205|
|-|          4|         25|        137|     222005.7260|        220|00:00:11|-0.06|0.15|1.0299|
|=|          3|         25|        137|     185004.9164|        240|00:00:02|-0.05|0.12|1.0501|
|=|          9|         25|        137|     158599.5720|        260|00:00:02|-0.06|0.10|1.0245|
|=|          7|         25|        137|     140955.5634|        280|00:00:02|-0.02|0.11|0.9777|
|=|          5|         25|        137|     125294.0222|        300|00:00:02|-0.02|0.09|0.9974|
|=|          6|         25|        137|     346091.3935|        320|00:00:02|-0.00|0.10|0.9882|
|=|         11|         25|         80|     420614.0218|        345|00:00:02|+0.02|0.11|0.9758|
+-+-----------+-----------+-----------+----------------+-----------+--------+-----+----+------+
Best-so-far configuration:          80    mean value:      420614.0218
Description of the best-so-far configuration:
   .ID. particles topology modInfluence branching tSchedule phi1 phi2 inertia
80   80        12        4            0        NA        NA 0.53 2.25    0.46
   .PARENT.
80       15

# 2025-06-14 04:37:37 -04: Elite configurations (first number is the configuration ID; listed from best to worst according to the sum of ranks):
    particles topology modInfluence branching tSchedule phi1 phi2 inertia
80         12        4            0        NA        NA 0.53 2.25    0.46
137        15        4            0        NA        NA 0.46 1.98    0.35
140        28        4            0        NA        NA 1.15 2.33    0.39
158         5        4            0        NA        NA 1.03 2.38    0.59
153         4        4            0        NA        NA 0.52 1.85    0.48
# 2025-06-14 04:37:37 -04: Iteration 4 of 5
# experimentsUsed: 1023
# remainingBudget: 977
# currentBudget: 488
# nbConfigurations: 45
# Markers:
     x No test is performed.
     c Configurations are discarded only due to capping.
     - The test is performed and some configurations are discarded.
     = The test is performed but no configuration is discarded.
     ! The test is performed and configurations could be discarded but elite configurations are preserved.
     . All alive configurations are elite and nothing is discarded.

+-+-----------+-----------+-----------+----------------+-----------+--------+-----+----+------+
| |   Instance|      Alive|       Best|       Mean best| Exp so far|  W time|  rho|KenW|  Qvar|
+-+-----------+-----------+-----------+----------------+-----------+--------+-----+----+------+
|x|         12|         45|        176|     13.25196727|         45|00:00:04|   NA|  NA|    NA|
|x|          6|         45|        176|     950492.8191|         85|00:00:03|+0.31|0.65|0.0001|
|x|          5|         45|        176|     633662.1662|        125|00:00:03|+0.55|0.70|0.0021|
|x|         10|         45|        176|     477999.1421|        165|00:00:04|+0.37|0.53|0.0493|
|-|         11|         13|        176|     488719.4714|        205|00:00:03|+0.01|0.21|0.9127|
|=|          2|         13|        176|     407266.2814|        213|00:00:01|+0.12|0.26|0.8756|
|=|          9|         13|        176|     349113.3783|        221|00:00:01|+0.02|0.16|0.9430|
|=|          7|         13|        176|     308265.5841|        229|00:00:01|+0.00|0.13|0.9214|
|=|          1|         13|        176|     274023.3963|        237|00:00:01|+0.03|0.14|0.9149|
|=|          3|         13|        176|     246621.1202|        245|00:00:01|+0.04|0.14|0.9133|
|=|          8|         13|        176|     307968.1322|        253|00:00:01|+0.06|0.15|0.8999|
|=|          4|         13|        176|     282320.0728|        261|00:00:01|+0.05|0.13|0.8978|
|-|         13|          5|        176|     260603.1891|        274|00:00:01|+0.10|0.17|0.7652|
+-+-----------+-----------+-----------+----------------+-----------+--------+-----+----+------+
Best-so-far configuration:         176    mean value:      260603.1891
Description of the best-so-far configuration:
    .ID. particles topology modInfluence branching tSchedule phi1 phi2 inertia
176  176        12        4            0        NA        NA 1.18 2.42    0.31
    .PARENT.
176      140

# 2025-06-14 04:38:09 -04: Elite configurations (first number is the configuration ID; listed from best to worst according to the sum of ranks):
    particles topology modInfluence branching tSchedule phi1 phi2 inertia
176        12        4            0        NA        NA 1.18 2.42    0.31
195        12        4            0        NA        NA 1.31 2.02    0.39
197         4        4            0        NA        NA 0.77 2.15    0.30
179        12        4            2        NA        NA 0.10 2.38    0.36
165        12        4            0        NA        NA 1.06 2.39    0.50
# 2025-06-14 04:38:09 -04: Iteration 5 of 5
# experimentsUsed: 1297
# remainingBudget: 703
# currentBudget: 703
# nbConfigurations: 54
# Markers:
     x No test is performed.
     c Configurations are discarded only due to capping.
     - The test is performed and some configurations are discarded.
     = The test is performed but no configuration is discarded.
     ! The test is performed and configurations could be discarded but elite configurations are preserved.
     . All alive configurations are elite and nothing is discarded.

+-+-----------+-----------+-----------+----------------+-----------+--------+-----+----+------+
| |   Instance|      Alive|       Best|       Mean best| Exp so far|  W time|  rho|KenW|  Qvar|
+-+-----------+-----------+-----------+----------------+-----------+--------+-----+----+------+
|x|         14|         54|        221|    0.7211768933|         54|00:00:05|   NA|  NA|    NA|
|x|         11|         54|        176|     265800.9430|        103|00:00:04|+0.69|0.85|0.2494|
|x|         12|         54|        176|     177205.0460|        152|00:00:04|+0.36|0.58|0.5506|
|x|         10|         54|        201|     175719.6863|        201|00:00:04|+0.36|0.52|0.6588|
|=|          4|         54|        176|     108563.3255|        250|00:00:05|+0.08|0.26|0.8407|
|-|          8|         32|        221|     248078.3680|        299|00:00:04|-0.04|0.14|1.0426|
|=|          1|         32|        221|     212648.5924|        326|00:00:02|-0.02|0.13|1.0225|
|=|          3|         32|        221|     186067.5817|        353|00:00:02|+0.03|0.15|0.9788|
|-|         13|         18|        221|     165393.4560|        380|00:00:02|+0.03|0.14|0.8988|
|-|          5|          9|        221|     148854.1904|        393|00:00:01|+0.17|0.26|0.7344|
|!|          6|          9|        221|     249101.2203|        397|00:00:01|+0.17|0.25|0.7238|
|!|          7|          9|        221|     231441.7551|        401|00:00:01|+0.11|0.18|0.7824|
|!|          2|          9|        221|     213638.5632|        405|00:00:01|+0.14|0.21|0.7873|
|-|          9|          5|        221|     198394.3491|        409|00:00:01|+0.04|0.11|0.7884|
+-+-----------+-----------+-----------+----------------+-----------+--------+-----+----+------+
Best-so-far configuration:         221    mean value:      198394.3491
Description of the best-so-far configuration:
    .ID. particles topology modInfluence branching tSchedule phi1 phi2 inertia
221  221         8        0            0        NA        NA 1.39 2.39    0.22
    .PARENT.
221      176

# 2025-06-14 04:38:53 -04: Elite configurations (first number is the configuration ID; listed from best to worst according to the sum of ranks):
    particles topology modInfluence branching tSchedule phi1 phi2 inertia
221         8        0            0        NA        NA 1.39 2.39    0.22
233        16        4            0        NA        NA 1.33 2.45    0.23
222         7        4            0        NA        NA 1.22 2.43    0.18
210         4        4            0        NA        NA 1.12 2.42    0.21
176        12        4            0        NA        NA 1.18 2.42    0.31
# 2025-06-14 04:38:53 -04: Iteration 6 of 6
# experimentsUsed: 1706
# remainingBudget: 294
# currentBudget: 294
# nbConfigurations: 24
# Markers:
     x No test is performed.
     c Configurations are discarded only due to capping.
     - The test is performed and some configurations are discarded.
     = The test is performed but no configuration is discarded.
     ! The test is performed and configurations could be discarded but elite configurations are preserved.
     . All alive configurations are elite and nothing is discarded.

+-+-----------+-----------+-----------+----------------+-----------+--------+-----+----+------+
| |   Instance|      Alive|       Best|       Mean best| Exp so far|  W time|  rho|KenW|  Qvar|
+-+-----------+-----------+-----------+----------------+-----------+--------+-----+----+------+
|x|         15|         24|        254|     2.773827697|         24|00:00:02|   NA|  NA|    NA|
|x|          7|         24|        233|     12235.48962|         43|00:00:02|-0.62|0.19|1.3904|
|x|         12|         24|        233|     8161.154757|         62|00:00:02|-0.20|0.20|1.0987|
|x|         14|         24|        254|     8703.085441|         81|00:00:02|-0.11|0.17|0.9999|
|=|          6|         24|        254|     307050.8686|        100|00:00:02|-0.03|0.17|0.9127|
|=|          9|         24|        233|     406356.0242|        119|00:00:02|-0.10|0.08|1.0080|
|=|          3|         24|        262|     118054.5335|        138|00:00:01|-0.05|0.10|0.9651|
|=|          1|         24|        253|     189284.3778|        157|00:00:02|+0.01|0.13|0.9096|
|=|         11|         24|        249|     224798.6090|        176|00:00:02|+0.05|0.15|0.8636|
|=|          4|         24|        249|     202338.7238|        195|00:00:02|-0.00|0.10|0.9181|
|=|          2|         24|        249|     183944.3164|        214|00:00:01|+0.03|0.12|0.9010|
|=|         13|         24|        249|     168615.6617|        233|00:00:01|+0.03|0.12|0.9049|
|=|          8|         24|        221|     213333.1522|        252|00:00:02|+0.04|0.12|0.8873|
|-|         10|         16|        221|     198394.5057|        271|00:00:02|+0.01|0.08|0.9296|
|=|          5|         16|        221|     185168.2586|        282|00:00:01|+0.02|0.08|0.9217|
+-+-----------+-----------+-----------+----------------+-----------+--------+-----+----+------+
Best-so-far configuration:         221    mean value:      185168.2586
Description of the best-so-far configuration:
    .ID. particles topology modInfluence branching tSchedule phi1 phi2 inertia
221  221         8        0            0        NA        NA 1.39 2.39    0.22
    .PARENT.
221      176

# 2025-06-14 04:39:26 -04: Elite configurations (first number is the configuration ID; listed from best to worst according to the sum of ranks):
    particles topology modInfluence branching tSchedule phi1 phi2 inertia
221         8        0            0        NA        NA 1.39 2.39    0.22
262        10        0            0        NA        NA 1.38 2.34    0.25
249        14        0            0        NA        NA 1.31 2.37    0.23
257         7        0            0        NA        NA 1.72 2.06    0.12
255        22        0            0        NA        NA 1.27 2.32    0.23
# 2025-06-14 04:39:26 -04: Stopped because there is not enough budget left to race more than the minimum (5).
# You may either increase the budget or set 'minNbSurvival' to a lower value.
# Iteration: 7
# nbIterations: 7
# experimentsUsed: 1988
# timeUsed: 0
# remainingBudget: 12
# currentBudget: 12
# number of elites: 5
# nbConfigurations: 5
# Total CPU user time: 2716.291, CPU sys time: 62.062, Wall-clock time: 414.687
# 2025-06-14 04:39:26 -04: Starting post-selection:
# Configurations selected: 221, 262, 249, 257, 255, 233, 222, 210, 176, 250, 253, 254.
# Pending instances: 0, 0, 0, 0, 0, 0, 0, 0, 0, 0, 0, 0.
# 2025-06-14 04:39:26 -04: seed: 1357924680
# Configurations: 12
# Available experiments: 12
# minSurvival: 1
# Markers:
     x No test is performed.
     c Configurations are discarded only due to capping.
     - The test is performed and some configurations are discarded.
     = The test is performed but no configuration is discarded.
     ! The test is performed and configurations could be discarded but elite configurations are preserved.
     . All alive configurations are elite and nothing is discarded.

+-+-----------+-----------+-----------+----------------+-----------+--------+-----+----+------+
| |   Instance|      Alive|       Best|       Mean best| Exp so far|  W time|  rho|KenW|  Qvar|
+-+-----------+-----------+-----------+----------------+-----------+--------+-----+----+------+
|.|         10|         12|        250|     2672.500293|          0|00:00:00|   NA|  NA|    NA|
|.|          8|         12|        250|     392935.2460|          0|00:00:00|+0.00|0.50|1.0286|
|.|         13|         12|        250|     261957.0339|          0|00:00:00|+0.15|0.43|0.8023|
|.|          6|         12|        250|     561239.2930|          0|00:00:00|+0.28|0.46|0.6565|
|.|         14|         12|        250|     448991.6901|          0|00:00:00|+0.27|0.42|0.6537|
|.|          4|         12|        250|     374196.0467|          0|00:00:00|+0.09|0.24|0.8353|
|.|          3|         12|        250|     320739.5392|          0|00:00:00|+0.12|0.24|0.7889|
|.|          5|         12|        250|     280647.2179|          0|00:00:00|+0.12|0.23|0.7926|
|.|          9|         12|        250|     249485.4592|          0|00:00:00|+0.03|0.13|0.8820|
|.|          1|         12|        250|     224544.1315|          0|00:00:00|+0.04|0.13|0.8738|
|.|         11|         12|        250|     279322.7289|          0|00:00:00|+0.02|0.11|0.8713|
|.|          2|         12|        250|     256045.8583|          0|00:00:00|+0.06|0.14|0.8695|
|.|          7|         12|        250|     240694.1826|          0|00:00:00|+0.02|0.10|0.8975|
|.|         12|         12|        250|     223502.6493|          0|00:00:00|+0.01|0.08|0.9172|
|.|         15|         12|        250|     208602.6804|          0|00:00:00|+0.03|0.09|0.9012|
|=|         16|         12|        221|     173595.4313|         12|00:00:01|+0.05|0.11|0.8801|
+-+-----------+-----------+-----------+----------------+-----------+--------+-----+----+------+
Best-so-far configuration:         221    mean value:      173595.4313
Description of the best-so-far configuration:
    .ID. particles topology modInfluence branching tSchedule phi1 phi2 inertia
221  221         8        0            0        NA        NA 1.39 2.39    0.22
    .PARENT.
221      176

# 2025-06-14 04:39:27 -04: Elite configurations (first number is the configuration ID; listed from best to worst according to the sum of ranks):
    particles topology modInfluence branching tSchedule phi1 phi2 inertia
221         8        0            0        NA        NA 1.39 2.39    0.22
255        22        0            0        NA        NA 1.27 2.32    0.23
262        10        0            0        NA        NA 1.38 2.34    0.25
257         7        0            0        NA        NA 1.72 2.06    0.12
249        14        0            0        NA        NA 1.31 2.37    0.23
# Total CPU user time: 2726.169, CPU sys time: 62.432, Wall-clock time: 415.905
    .ID. particles topology modInfluence branching tSchedule phi1 phi2 inertia
221  221         8        0            0        NA        NA 1.39 2.39    0.22
255  255        22        0            0        NA        NA 1.27 2.32    0.23
262  262        10        0            0        NA        NA 1.38 2.34    0.25
257  257         7        0            0        NA        NA 1.72 2.06    0.12
249  249        14        0            0        NA        NA 1.31 2.37    0.23
    .PARENT. .RANK.   .WEIGHT.
221      176     75 0.33333333
255      221     85 0.26666667
262      221     87 0.20000000
257      221     88 0.13333333
249      221     93 0.06666667
