# 2025-06-13 06:39:44 -04: Reading parameter file '/home/dianag/PruebasPablo/irace-independent-executions/PSO-X/Scenarios/E8-BH-Multimodal-SR/Runs/E8-BH-Multimodal-SR_seed_600613007/parameters.txt'.
# 2025-06-13 06:39:44 -04: 2 expression(s) specifying forbidden configurations read.
# 2025-06-13 06:39:44 -04: Initialization
# Elitist race
# Elitist new instances: 1
# Elitist limit: 2
# nbIterations: 5
# minNbSurvival: 5
# nbParameters: 8
# seed: 600613007
# confidence level: 0.95
# budget: 4000
# mu: 5
# deterministic: FALSE

# 2025-06-13 06:39:44 -04: Iteration 1 of 5
# experimentsUsed: 0
# remainingBudget: 4000
# currentBudget: 800
# nbConfigurations: 133
# Markers:
     x No test is performed.
     c Configurations are discarded only due to capping.
     - The test is performed and some configurations are discarded.
     = The test is performed but no configuration is discarded.
     ! The test is performed and configurations could be discarded but elite configurations are preserved.
     . All alive configurations are elite and nothing is discarded.

+-+-----------+-----------+-----------+----------------+-----------+--------+-----+----+------+
| |   Instance|      Alive|       Best|       Mean best| Exp so far|  W time|  rho|KenW|  Qvar|
+-+-----------+-----------+-----------+----------------+-----------+--------+-----+----+------+
|x|          1|        130|        112|    0.3363069588|        130|00:00:33|   NA|  NA|    NA|
|x|          2|        130|         23|     8.346785042|        260|00:00:34|+0.54|0.77|0.6002|
|x|          3|        130|         23|     17.46352199|        390|00:01:45|+0.22|0.48|0.9349|
|x|          4|        130|         53|     14.69418076|        520|00:00:59|+0.17|0.37|0.9146|
|-|          5|         75|         35|     17.03661072|        650|00:01:35|-0.10|0.12|1.0519|
|=|          6|         75|         50|     46.82748626|        725|00:00:22|-0.05|0.13|0.9570|
|=|          7|         75|         50|     2437.616791|        800|00:00:24|-0.00|0.14|0.9089|
+-+-----------+-----------+-----------+----------------+-----------+--------+-----+----+------+
Best-so-far configuration:          50    mean value:      2437.616791
Description of the best-so-far configuration:
   .ID. particles topology modInfluence branching tSchedule phi1 phi2 inertia
50   50       131        4            0        NA        NA 1.82 1.31    0.72
   .PARENT.
50       NA

# 2025-06-13 06:45:59 -04: Elite configurations (first number is the configuration ID; listed from best to worst according to the sum of ranks):
   particles topology modInfluence branching tSchedule phi1 phi2 inertia
50       131        4            0        NA        NA 1.82 1.31    0.72
35        13        1            0        NA        NA 1.43 2.48    0.36
41       125        1            0        NA        NA 0.33 1.70    0.64
94       176        1            0        NA        NA 1.33 2.31    0.66
99        89        2            0        NA        NA 0.55 1.84    0.38
# 2025-06-13 06:45:59 -04: Iteration 2 of 5
# experimentsUsed: 800
# remainingBudget: 3200
# currentBudget: 800
# nbConfigurations: 104
# Markers:
     x No test is performed.
     c Configurations are discarded only due to capping.
     - The test is performed and some configurations are discarded.
     = The test is performed but no configuration is discarded.
     ! The test is performed and configurations could be discarded but elite configurations are preserved.
     . All alive configurations are elite and nothing is discarded.

+-+-----------+-----------+-----------+----------------+-----------+--------+-----+----+------+
| |   Instance|      Alive|       Best|       Mean best| Exp so far|  W time|  rho|KenW|  Qvar|
+-+-----------+-----------+-----------+----------------+-----------+--------+-----+----+------+
|x|          8|        104|        216|     46078.35156|        104|00:00:34|   NA|  NA|    NA|
|x|          6|        104|        154|     56679.87881|        203|00:00:21|+0.44|0.72|0.9528|
|x|          2|        104|         35|     21320.65348|        302|00:00:22|+0.29|0.53|0.7002|
|x|          1|        104|        216|     11588.42473|        401|00:00:22|+0.32|0.49|0.6295|
|-|          3|         34|        216|     9278.078579|        500|00:01:13|-0.09|0.13|1.0173|
|=|          5|         34|        216|     7736.877701|        529|00:00:17|-0.05|0.13|0.9997|
|=|          4|         34|        216|     6631.693338|        558|00:00:09|-0.01|0.13|0.9387|
|=|          7|         34|        216|     7921.369538|        587|00:00:03|+0.01|0.13|0.8803|
|=|          9|         34|        216|     8090.849947|        621|00:00:03|-0.01|0.10|0.9221|
+-+-----------+-----------+-----------+----------------+-----------+--------+-----+----+------+
Best-so-far configuration:         216    mean value:      8090.849947
Description of the best-so-far configuration:
    .ID. particles topology modInfluence branching tSchedule phi1 phi2 inertia
216  216        77        1            0        NA        NA  1.2 2.32    0.22
    .PARENT.
216       99

# 2025-06-13 06:49:28 -04: Elite configurations (first number is the configuration ID; listed from best to worst according to the sum of ranks):
    particles topology modInfluence branching tSchedule phi1 phi2 inertia
216        77        1            0        NA        NA 1.20 2.32    0.22
199       118        1            0        NA        NA 2.08 1.78    0.65
35         13        1            0        NA        NA 1.43 2.48    0.36
154        81        5            0        NA         9 2.43 2.12    0.68
223        68        1            0        NA        NA 0.99 2.10    0.79
# 2025-06-13 06:49:28 -04: Iteration 3 of 5
# experimentsUsed: 1421
# remainingBudget: 2579
# currentBudget: 859
# nbConfigurations: 90
# Markers:
     x No test is performed.
     c Configurations are discarded only due to capping.
     - The test is performed and some configurations are discarded.
     = The test is performed but no configuration is discarded.
     ! The test is performed and configurations could be discarded but elite configurations are preserved.
     . All alive configurations are elite and nothing is discarded.

+-+-----------+-----------+-----------+----------------+-----------+--------+-----+----+------+
| |   Instance|      Alive|       Best|       Mean best| Exp so far|  W time|  rho|KenW|  Qvar|
+-+-----------+-----------+-----------+----------------+-----------+--------+-----+----+------+
|x|         10|         90|        296|     167.3097780|         90|00:00:12|   NA|  NA|    NA|
|x|          6|         90|        296|     185.5913941|        175|00:00:13|+0.82|0.91|0.5047|
|x|          2|         90|        305|     132.1527167|        260|00:00:12|+0.19|0.46|0.3913|
|x|          1|         90|        287|     108.4016229|        345|00:00:12|+0.18|0.38|0.3199|
|-|          9|         55|        307|     112.2638671|        430|00:00:11|-0.11|0.11|1.0626|
|=|          3|         55|        307|     100.2000296|        480|00:00:33|-0.05|0.12|1.0521|
|=|          8|         55|        283|     9562.471764|        530|00:00:13|-0.02|0.13|0.9883|
|=|          5|         55|        283|     8370.465472|        580|00:00:30|+0.01|0.13|0.9509|
|-|          7|         37|        283|     9302.584928|        630|00:00:06|-0.04|0.07|0.9951|
|=|          4|         37|        307|     13091.88579|        662|00:00:10|-0.03|0.07|0.9654|
|=|         11|         37|        237|     8521.568803|        699|00:00:03|-0.02|0.07|0.9640|
+-+-----------+-----------+-----------+----------------+-----------+--------+-----+----+------+
Best-so-far configuration:         237    mean value:      8521.568803
Description of the best-so-far configuration:
    .ID. particles topology modInfluence branching tSchedule phi1 phi2 inertia
237  237        44        4            0        NA        NA 1.24 2.36    0.39
    .PARENT.
237       35

# 2025-06-13 06:52:08 -04: Elite configurations (first number is the configuration ID; listed from best to worst according to the sum of ranks):
    particles topology modInfluence branching tSchedule phi1 phi2 inertia
237        44        4            0        NA        NA 1.24 2.36    0.39
307        66        4            0        NA        NA 2.40 2.12    0.57
244        83        4            0        NA        NA 2.05 2.30    0.75
284        84        1            0        NA        NA 2.33 2.30    0.53
259       112        1            0        NA        NA 0.80 2.46    0.34
# 2025-06-13 06:52:08 -04: Iteration 4 of 5
# experimentsUsed: 2120
# remainingBudget: 1880
# currentBudget: 940
# nbConfigurations: 82
# Markers:
     x No test is performed.
     c Configurations are discarded only due to capping.
     - The test is performed and some configurations are discarded.
     = The test is performed but no configuration is discarded.
     ! The test is performed and configurations could be discarded but elite configurations are preserved.
     . All alive configurations are elite and nothing is discarded.

+-+-----------+-----------+-----------+----------------+-----------+--------+-----+----+------+
| |   Instance|      Alive|       Best|       Mean best| Exp so far|  W time|  rho|KenW|  Qvar|
+-+-----------+-----------+-----------+----------------+-----------+--------+-----+----+------+
|x|         12|         82|        381|    0.6717508947|         82|00:00:09|   NA|  NA|    NA|
|x|          3|         82|        386|     19.45148005|        159|00:00:52|+0.03|0.52|1.0542|
|x|         10|         82|        384|     75.68838393|        236|00:00:08|-0.13|0.25|0.8848|
|x|          9|         82|        384|     154.5439162|        313|00:00:08|-0.03|0.23|0.7229|
|=|          8|         82|        384|     17298.77935|        390|00:00:19|+0.04|0.23|0.7621|
|=|          7|         82|        325|     18319.49656|        467|00:00:10|+0.05|0.21|0.7297|
|-|          5|         49|        325|     15702.89059|        544|00:00:46|-0.08|0.07|1.0349|
|=|          1|         49|        325|     13740.08349|        588|00:00:04|-0.06|0.08|1.0130|
|=|          6|         49|        325|     12235.26393|        632|00:00:04|-0.05|0.07|1.0102|
|=|          4|         49|        325|     11011.76755|        676|00:00:14|-0.04|0.07|0.9974|
|=|          2|         49|        325|     10012.35257|        720|00:00:04|-0.02|0.07|0.9792|
|=|         11|         49|        325|     9178.015922|        764|00:00:04|-0.02|0.07|0.9765|
|=|         13|         49|        325|     9531.094595|        813|00:00:04|-0.02|0.06|0.9906|
+-+-----------+-----------+-----------+----------------+-----------+--------+-----+----+------+
Best-so-far configuration:         325    mean value:      9531.094595
Description of the best-so-far configuration:
    .ID. particles topology modInfluence branching tSchedule phi1 phi2 inertia
325  325        59        4            0        NA        NA 1.26 2.46    0.57
    .PARENT.
325      237

# 2025-06-13 06:55:19 -04: Elite configurations (first number is the configuration ID; listed from best to worst according to the sum of ranks):
    particles topology modInfluence branching tSchedule phi1 phi2 inertia
325        59        4            0        NA        NA 1.26 2.46    0.57
331        46        4            0        NA        NA 2.04 2.05    0.61
359        72        4            0        NA        NA 2.33 2.48    0.51
368        61        4            0        NA        NA 2.35 2.06    0.68
364        72        5            0        NA         5 2.35 2.40    0.58
# 2025-06-13 06:55:19 -04: Iteration 5 of 5
# experimentsUsed: 2933
# remainingBudget: 1067
# currentBudget: 1067
# nbConfigurations: 80
# Markers:
     x No test is performed.
     c Configurations are discarded only due to capping.
     - The test is performed and some configurations are discarded.
     = The test is performed but no configuration is discarded.
     ! The test is performed and configurations could be discarded but elite configurations are preserved.
     . All alive configurations are elite and nothing is discarded.

+-+-----------+-----------+-----------+----------------+-----------+--------+-----+----+------+
| |   Instance|      Alive|       Best|       Mean best| Exp so far|  W time|  rho|KenW|  Qvar|
+-+-----------+-----------+-----------+----------------+-----------+--------+-----+----+------+
|x|         14|         80|        359|     20.72350700|         80|00:00:08|   NA|  NA|    NA|
|x|         13|         80|        466|     68.77879126|        155|00:00:06|-0.10|0.45|0.8339|
|x|          4|         80|        466|     45.98018901|        230|00:00:22|+0.03|0.35|0.6579|
|x|         11|         80|        466|     34.55375079|        305|00:00:07|+0.03|0.27|0.5262|
|=|          6|         80|        463|     108.3997925|        380|00:00:06|+0.02|0.21|0.4355|
|=|          7|         80|        410|     2814.800070|        455|00:00:08|+0.01|0.17|0.5061|
|=|         12|         80|        428|     2455.958330|        530|00:00:07|-0.00|0.14|0.4413|
|=|          1|         80|        466|     2133.336192|        605|00:00:06|+0.02|0.14|0.3941|
|=|          9|         80|        359|     1983.232349|        680|00:00:06|+0.01|0.12|0.3540|
|=|          5|         80|        359|     1787.195047|        755|00:00:45|+0.02|0.12|0.4472|
|=|          2|         80|        359|     1626.418555|        830|00:00:06|+0.03|0.11|0.4115|
|-|          3|         52|        359|     1494.121762|        905|00:00:51|-0.04|0.05|1.0104|
|=|         10|         52|        359|     1394.291525|        952|00:00:04|-0.03|0.05|0.9984|
|=|          8|         52|        431|     7094.216202|        999|00:00:11|-0.03|0.04|0.9921|
|=|         15|         52|        359|     7578.222193|       1051|00:00:05|-0.02|0.05|0.9865|
+-+-----------+-----------+-----------+----------------+-----------+--------+-----+----+------+
Best-so-far configuration:         359    mean value:      7578.222193
Description of the best-so-far configuration:
    .ID. particles topology modInfluence branching tSchedule phi1 phi2 inertia
359  359        72        4            0        NA        NA 2.33 2.48    0.51
    .PARENT.
359      307

# 2025-06-13 06:58:45 -04: Elite configurations (first number is the configuration ID; listed from best to worst according to the sum of ranks):
    particles topology modInfluence branching tSchedule phi1 phi2 inertia
359        72        4            0        NA        NA 2.33 2.48    0.51
431        53        4            0        NA        NA 2.26 2.40    0.50
432        61        4            0        NA        NA 2.23 2.46    0.51
331        46        4            0        NA        NA 2.04 2.05    0.61
410        37        4            0        NA        NA 2.12 2.06    0.63
# 2025-06-13 06:58:45 -04: Iteration 6 of 6
# experimentsUsed: 3984
# remainingBudget: 16
# currentBudget: 16
# nbConfigurations: 6
# Markers:
     x No test is performed.
     c Configurations are discarded only due to capping.
     - The test is performed and some configurations are discarded.
     = The test is performed but no configuration is discarded.
     ! The test is performed and configurations could be discarded but elite configurations are preserved.
     . All alive configurations are elite and nothing is discarded.

+-+-----------+-----------+-----------+----------------+-----------+--------+-----+----+------+
| |   Instance|      Alive|       Best|       Mean best| Exp so far|  W time|  rho|KenW|  Qvar|
+-+-----------+-----------+-----------+----------------+-----------+--------+-----+----+------+
|x|         11|          6|        410|    0.2385604950|          1|00:00:01|   NA|  NA|    NA|
|x|         12|          6|        431|    0.5112269269|          2|00:00:01|-0.14|0.43|0.8096|
|x|          4|          6|        431|    0.5378503584|          3|00:00:03|-0.24|0.17|0.9222|
|x|         10|          6|        331|     43.50420253|          4|00:00:00|-0.16|0.13|0.9317|
|=|         14|          6|        331|     38.98286274|          5|00:00:00|-0.02|0.18|0.9035|
|=|          1|          6|        331|     32.54866119|          6|00:00:00|+0.01|0.17|0.8508|
|=|         13|          6|        331|     208.0666196|          7|00:00:01|-0.04|0.11|0.8541|
|=|          6|          6|        431|     103.7669480|          8|00:00:00|-0.06|0.08|0.8517|
|=|         15|          6|        359|     122.1556672|          9|00:00:01|-0.05|0.07|0.8599|
|=|          5|          6|        359|     112.2260333|         10|00:00:05|-0.08|0.03|0.8922|
|=|          2|          6|        359|     103.7194517|         11|00:00:00|-0.06|0.04|0.8631|
|=|          7|          6|        359|     1494.807836|         12|00:00:00|-0.05|0.04|0.8667|
|=|          8|          6|        410|     7841.166298|         13|00:00:02|-0.03|0.05|0.8420|
|=|          3|          6|        359|     8095.282395|         14|00:00:06|-0.04|0.04|0.8615|
|=|          9|          6|        359|     7578.222193|         15|00:00:00|-0.06|0.01|0.8646|
+-+-----------+-----------+-----------+----------------+-----------+--------+-----+----+------+
Best-so-far configuration:         359    mean value:      7578.222193
Description of the best-so-far configuration:
    .ID. particles topology modInfluence branching tSchedule phi1 phi2 inertia
359  359        72        4            0        NA        NA 2.33 2.48    0.51
    .PARENT.
359      307

# 2025-06-13 06:59:12 -04: Elite configurations (first number is the configuration ID; listed from best to worst according to the sum of ranks):
    particles topology modInfluence branching tSchedule phi1 phi2 inertia
359        72        4            0        NA        NA 2.33 2.48    0.51
432        61        4            0        NA        NA 2.23 2.46    0.51
431        53        4            0        NA        NA 2.26 2.40    0.50
410        37        4            0        NA        NA 2.12 2.06    0.63
331        46        4            0        NA        NA 2.04 2.05    0.61
# 2025-06-13 06:59:12 -04: Stopped because there is not enough budget left to race more than the minimum (5).
# You may either increase the budget or set 'minNbSurvival' to a lower value.
# Iteration: 7
# nbIterations: 7
# experimentsUsed: 3999
# timeUsed: 0
# remainingBudget: 1
# currentBudget: 1
# number of elites: 5
# nbConfigurations: 5
# Total CPU user time: 10044.79, CPU sys time: 124.46, Wall-clock time: 1168.2
    .ID. particles topology modInfluence branching tSchedule phi1 phi2 inertia
359  359        72        4            0        NA        NA 2.33 2.48    0.51
432  432        61        4            0        NA        NA 2.23 2.46    0.51
431  431        53        4            0        NA        NA 2.26 2.40    0.50
410  410        37        4            0        NA        NA 2.12 2.06    0.63
331  331        46        4            0        NA        NA 2.04 2.05    0.61
    .PARENT. .RANK.   .WEIGHT.
359      307     50 0.33333333
432      359     50 0.26666667
431      359     51 0.20000000
410      331     51 0.13333333
331      307     55 0.06666667
