# 2025-05-15 02:13:13 -04: Reading parameter file '/home/dianag/PruebasPablo/irace-independent-executions/ACOTSP/Scenarios/E4-BH-SR/Runs/E4-BH-SR_seed_8675309/parameters.txt'.
# 2025-05-15 02:13:13 -04: 1 expression(s) specifying forbidden configurations read.
# 2025-05-15 02:13:14 -04: Initialization
# Elitist race
# Elitist new instances: 1
# Elitist limit: 2
# nbIterations: 5
# minNbSurvival: 5
# nbParameters: 11
# seed: 8675309
# confidence level: 0.95
# budget: 5500
# mu: 5
# deterministic: FALSE

# 2025-05-15 02:13:14 -04: Iteration 1 of 5
# experimentsUsed: 0
# remainingBudget: 5500
# currentBudget: 1100
# nbConfigurations: 183
# Markers:
     x No test is performed.
     c Configurations are discarded only due to capping.
     - The test is performed and some configurations are discarded.
     = The test is performed but no configuration is discarded.
     ! The test is performed and configurations could be discarded but elite configurations are preserved.
     . All alive configurations are elite and nothing is discarded.

+-+-----------+-----------+-----------+----------------+-----------+--------+-----+----+------+
| |   Instance|      Alive|       Best|       Mean best| Exp so far|  W time|  rho|KenW|  Qvar|
+-+-----------+-----------+-----------+----------------+-----------+--------+-----+----+------+
|x|          1|        183|         96|     32593828.00|        183|00:04:33|   NA|  NA|    NA|
|x|          2|        183|         96|     32583394.50|        366|00:04:40|+0.98|0.99|0.0026|
|x|          3|        183|         96|     32507551.67|        549|00:04:40|+0.98|0.99|0.0020|
|x|          4|        183|        116|     32565438.50|        732|00:04:42|+0.98|0.98|0.0022|
|-|          5|         11|        116|     32578686.20|        915|00:04:41|+0.50|0.60|0.4270|
|-|          6|          4|        116|     32578740.00|        926|00:00:26|+0.05|0.21|0.7244|
+-+-----------+-----------+-----------+----------------+-----------+--------+-----+----+------+
Best-so-far configuration:         116    mean value:      32578740.00
Description of the best-so-far configuration:
    .ID. algorithm localsearch alpha beta  rho ants   q0 rasrank elitistants
116  116       acs           3  2.92 6.27 0.97   61 0.57      NA          NA
    nnls dlb .PARENT.
116   35   1       NA

# 2025-05-15 02:36:58 -04: Elite configurations (first number is the configuration ID; listed from best to worst according to the sum of ranks):
    algorithm localsearch alpha beta  rho ants   q0 rasrank elitistants nnls
116       acs           3  2.92 6.27 0.97   61 0.57      NA          NA   35
21        ras           3  2.17 3.06 0.91   45   NA      17          NA   22
96        acs           3  1.74 5.17 0.59   54 0.84      NA          NA   28
143       acs           3  3.76 3.88 0.83   39 0.63      NA          NA   18
    dlb
116   1
21    0
96    1
143   1
# 2025-05-15 02:36:58 -04: Iteration 2 of 5
# experimentsUsed: 926
# remainingBudget: 4574
# currentBudget: 1143
# nbConfigurations: 166
# Markers:
     x No test is performed.
     c Configurations are discarded only due to capping.
     - The test is performed and some configurations are discarded.
     = The test is performed but no configuration is discarded.
     ! The test is performed and configurations could be discarded but elite configurations are preserved.
     . All alive configurations are elite and nothing is discarded.

+-+-----------+-----------+-----------+----------------+-----------+--------+-----+----+------+
| |   Instance|      Alive|       Best|       Mean best| Exp so far|  W time|  rho|KenW|  Qvar|
+-+-----------+-----------+-----------+----------------+-----------+--------+-----+----+------+
|x|          7|        166|        323|     32773026.00|        166|00:04:22|   NA|  NA|    NA|
|x|          4|        166|        256|     32770691.50|        328|00:04:17|+0.98|0.99|0.0013|
|x|          3|        166|        116|     32636310.00|        490|00:04:19|+0.98|0.98|0.0016|
|x|          5|        166|        116|     32635151.75|        652|00:04:17|+0.98|0.98|0.0015|
|-|          1|         13|         96|     32634158.60|        814|00:04:14|+0.22|0.37|0.7305|
|-|          2|          7|        116|     32624576.50|        823|00:00:20|+0.01|0.17|0.7971|
|=|          6|          7|        116|     32618066.86|        826|00:00:13|+0.01|0.15|0.8191|
|=|          8|          7|        116|     32604680.88|        833|00:00:19|+0.07|0.19|0.7630|
+-+-----------+-----------+-----------+----------------+-----------+--------+-----+----+------+
Best-so-far configuration:         116    mean value:      32604680.88
Description of the best-so-far configuration:
    .ID. algorithm localsearch alpha beta  rho ants   q0 rasrank elitistants
116  116       acs           3  2.92 6.27 0.97   61 0.57      NA          NA
    nnls dlb .PARENT.
116   35   1       NA

# 2025-05-15 02:59:23 -04: Elite configurations (first number is the configuration ID; listed from best to worst according to the sum of ranks):
    algorithm localsearch alpha beta  rho ants   q0 rasrank elitistants nnls
116       acs           3  2.92 6.27 0.97   61 0.57      NA          NA   35
256       acs           3  2.66 7.51 0.60   52 0.48      NA          NA   33
96        acs           3  1.74 5.17 0.59   54 0.84      NA          NA   28
21        ras           3  2.17 3.06 0.91   45   NA      17          NA   22
143       acs           3  3.76 3.88 0.83   39 0.63      NA          NA   18
    dlb
116   1
256   1
96    1
21    0
143   1
# 2025-05-15 02:59:23 -04: Iteration 3 of 5
# experimentsUsed: 1759
# remainingBudget: 3741
# currentBudget: 1247
# nbConfigurations: 143
# Markers:
     x No test is performed.
     c Configurations are discarded only due to capping.
     - The test is performed and some configurations are discarded.
     = The test is performed but no configuration is discarded.
     ! The test is performed and configurations could be discarded but elite configurations are preserved.
     . All alive configurations are elite and nothing is discarded.

+-+-----------+-----------+-----------+----------------+-----------+--------+-----+----+------+
| |   Instance|      Alive|       Best|       Mean best| Exp so far|  W time|  rho|KenW|  Qvar|
+-+-----------+-----------+-----------+----------------+-----------+--------+-----+----+------+
|x|          9|        143|        366|     32478621.00|        143|00:03:46|   NA|  NA|    NA|
|x|          1|        143|        385|     32519651.50|        281|00:03:36|+0.94|0.97|0.0018|
|x|          3|        143|        385|     32440446.00|        419|00:03:40|+0.93|0.95|0.0024|
|x|          2|        143|        385|     32460806.00|        557|00:03:38|+0.93|0.95|0.0025|
|-|          5|         15|        377|     32520012.60|        695|00:03:40|+0.07|0.26|0.8540|
|=|          4|         15|        385|     32539574.50|        705|00:00:20|+0.12|0.27|0.8011|
|-|          6|          8|        385|     32536907.29|        715|00:00:20|+0.19|0.30|0.7223|
|!|          8|          8|        385|     32532879.25|        718|00:00:10|+0.24|0.33|0.6842|
|-|          7|          3|        385|     32561629.11|        721|00:00:10|-0.08|0.04|0.7327|
+-+-----------+-----------+-----------+----------------+-----------+--------+-----+----+------+
Best-so-far configuration:         385    mean value:      32561629.11
Description of the best-so-far configuration:
    .ID. algorithm localsearch alpha beta  rho ants   q0 rasrank elitistants
385  385       acs           3  2.02 3.95 0.58   54 0.81      NA          NA
    nnls dlb .PARENT.
385   20   1       96

# 2025-05-15 03:18:48 -04: Elite configurations (first number is the configuration ID; listed from best to worst according to the sum of ranks):
    algorithm localsearch alpha beta  rho ants   q0 rasrank elitistants nnls
385       acs           3  2.02 3.95 0.58   54 0.81      NA          NA   20
366       acs           3  2.22 6.15 0.79   56 0.74      NA          NA   29
377       acs           3  1.93 4.11 0.74   47 0.61      NA          NA   11
    dlb
385   1
366   1
377   1
# 2025-05-15 03:18:48 -04: Iteration 4 of 5
# experimentsUsed: 2480
# remainingBudget: 3020
# currentBudget: 1510
# nbConfigurations: 153
# Markers:
     x No test is performed.
     c Configurations are discarded only due to capping.
     - The test is performed and some configurations are discarded.
     = The test is performed but no configuration is discarded.
     ! The test is performed and configurations could be discarded but elite configurations are preserved.
     . All alive configurations are elite and nothing is discarded.

+-+-----------+-----------+-----------+----------------+-----------+--------+-----+----+------+
| |   Instance|      Alive|       Best|       Mean best| Exp so far|  W time|  rho|KenW|  Qvar|
+-+-----------+-----------+-----------+----------------+-----------+--------+-----+----+------+
|x|         10|        153|        572|     32263675.00|        153|00:03:27|   NA|  NA|    NA|
|x|          1|        153|        502|     32425646.00|        303|00:03:23|+0.81|0.91|0.0034|
|x|          5|        153|        566|     32486659.00|        453|00:03:24|+0.83|0.89|0.0043|
|x|          2|        153|        566|     32488086.50|        603|00:03:24|+0.82|0.87|0.0047|
|-|          6|         25|        599|     32502168.20|        753|00:03:23|+0.02|0.21|0.9190|
|=|          7|         25|        566|     32543657.33|        775|00:00:31|-0.01|0.16|0.9396|
|=|          3|         25|        566|     32511862.00|        797|00:00:31|-0.02|0.13|0.9629|
|=|          8|         25|        599|     32511381.38|        819|00:00:31|-0.00|0.12|0.9537|
|=|          9|         25|        599|     32513223.44|        841|00:00:31|-0.01|0.10|0.9671|
|=|          4|         25|        599|     32529805.50|        863|00:00:31|+0.01|0.11|0.9554|
|=|         11|         25|        599|     32503950.55|        888|00:00:41|+0.03|0.12|0.9371|
+-+-----------+-----------+-----------+----------------+-----------+--------+-----+----+------+
Best-so-far configuration:         599    mean value:      32503950.55
Description of the best-so-far configuration:
    .ID. algorithm localsearch alpha beta  rho ants   q0 rasrank elitistants
599  599       acs           3  2.44 5.59 0.76   53 0.67      NA          NA
    nnls dlb .PARENT.
599   10   1      385

# 2025-05-15 03:39:10 -04: Elite configurations (first number is the configuration ID; listed from best to worst according to the sum of ranks):
    algorithm localsearch alpha beta  rho ants   q0 rasrank elitistants nnls
599       acs           3  2.44 5.59 0.76   53 0.67      NA          NA   10
566       acs           3  2.73 3.64 0.79   73 0.75      NA          NA   10
620       acs           3  1.69 3.76 0.75   60 0.85      NA          NA   17
513       acs           3  1.55 5.16 0.78   31 0.64      NA          NA   15
557       acs           3  2.28 5.37 0.69   62 0.68      NA          NA   26
    dlb
599   1
566   1
620   1
513   1
557   1
# 2025-05-15 03:39:10 -04: Iteration 5 of 5
# experimentsUsed: 3368
# remainingBudget: 2132
# currentBudget: 2132
# nbConfigurations: 182
# Markers:
     x No test is performed.
     c Configurations are discarded only due to capping.
     - The test is performed and some configurations are discarded.
     = The test is performed but no configuration is discarded.
     ! The test is performed and configurations could be discarded but elite configurations are preserved.
     . All alive configurations are elite and nothing is discarded.

+-+-----------+-----------+-----------+----------------+-----------+--------+-----+----+------+
| |   Instance|      Alive|       Best|       Mean best| Exp so far|  W time|  rho|KenW|  Qvar|
+-+-----------+-----------+-----------+----------------+-----------+--------+-----+----+------+
|x|         12|        182|        679|     32647029.00|        182|00:03:59|   NA|  NA|    NA|
|x|          8|        182|        673|     32558488.00|        359|00:03:59|+0.66|0.83|0.0755|
|x|          7|        182|        788|     32635898.67|        536|00:03:59|+0.60|0.73|0.1217|
|x|          4|        182|        775|     32645003.00|        713|00:03:59|+0.60|0.70|0.1150|
|-|          3|         42|        775|     32563258.80|        890|00:03:59|-0.06|0.16|1.0343|
|=|          9|         42|        775|     32544774.50|        927|00:00:52|-0.04|0.14|1.0070|
|=|          2|         42|        775|     32541113.14|        964|00:00:52|-0.02|0.13|0.9816|
|=|          5|         42|        775|     32555330.88|       1001|00:00:52|-0.02|0.11|0.9877|
|=|          1|         42|        775|     32556117.67|       1038|00:00:52|-0.00|0.11|0.9699|
|=|         11|         42|        775|     32521576.60|       1075|00:00:52|+0.01|0.11|0.9568|
|=|          6|         42|        775|     32524125.36|       1112|00:00:52|+0.02|0.11|0.9441|
|=|         10|         42|        775|     32506400.00|       1149|00:00:52|+0.03|0.11|0.9402|
|=|         13|         42|        775|     32508064.77|       1191|00:01:02|+0.03|0.11|0.9384|
+-+-----------+-----------+-----------+----------------+-----------+--------+-----+----+------+
Best-so-far configuration:         775    mean value:      32508064.77
Description of the best-so-far configuration:
    .ID. algorithm localsearch alpha beta  rho ants   q0 rasrank elitistants
775  775       acs           3  2.18 3.76 0.79   63 0.67      NA          NA
    nnls dlb .PARENT.
775   13   1      566

# 2025-05-15 04:06:16 -04: Elite configurations (first number is the configuration ID; listed from best to worst according to the sum of ranks):
    algorithm localsearch alpha beta  rho ants   q0 rasrank elitistants nnls
775       acs           3  2.18 3.76 0.79   63 0.67      NA          NA   13
768       acs           3  2.30 4.59 0.82   59 0.73      NA          NA   13
718       acs           3  2.92 7.36 0.76   60 0.51      NA          NA    9
704       acs           3  2.48 5.38 0.75   63 0.81      NA          NA   14
673       acs           3  1.85 3.74 0.85   62 0.88      NA          NA   17
    dlb
775   1
768   1
718   1
704   1
673   1
# 2025-05-15 04:06:16 -04: Iteration 6 of 6
# experimentsUsed: 4559
# remainingBudget: 941
# currentBudget: 941
# nbConfigurations: 71
# Markers:
     x No test is performed.
     c Configurations are discarded only due to capping.
     - The test is performed and some configurations are discarded.
     = The test is performed but no configuration is discarded.
     ! The test is performed and configurations could be discarded but elite configurations are preserved.
     . All alive configurations are elite and nothing is discarded.

+-+-----------+-----------+-----------+----------------+-----------+--------+-----+----+------+
| |   Instance|      Alive|       Best|       Mean best| Exp so far|  W time|  rho|KenW|  Qvar|
+-+-----------+-----------+-----------+----------------+-----------+--------+-----+----+------+
|x|         14|         71|        859|     32213851.00|         71|00:01:33|   NA|  NA|    NA|
|x|          5|         71|        865|     32404424.50|        137|00:01:33|+0.40|0.70|0.3611|
|x|          7|         71|        862|     32540736.33|        203|00:01:33|+0.27|0.51|0.3581|
|x|          4|         71|        835|     32572381.50|        269|00:01:33|+0.32|0.49|0.3259|
|-|          9|         28|        835|     32548685.40|        335|00:01:33|-0.10|0.12|1.0532|
|=|         10|         28|        865|     32507932.50|        358|00:00:31|-0.08|0.10|1.0331|
|=|          2|         28|        865|     32500144.29|        381|00:00:31|-0.04|0.11|1.0010|
|=|          3|         28|        865|     32470408.38|        404|00:00:31|-0.01|0.11|0.9836|
|=|         13|         28|        865|     32478071.22|        427|00:00:31|+0.01|0.12|0.9652|
|=|         11|         28|        865|     32454975.10|        450|00:00:31|+0.03|0.12|0.9419|
|=|          6|         28|        865|     32463125.91|        473|00:00:31|+0.03|0.12|0.9335|
|=|          8|         28|        865|     32465373.50|        496|00:00:31|+0.03|0.11|0.9275|
|-|         12|         20|        865|     32484142.92|        519|00:00:31|-0.02|0.06|0.9694|
|=|          1|         20|        775|     32495144.36|        534|00:00:20|-0.01|0.06|0.9602|
|=|         15|         20|        865|     32516929.73|        554|00:00:31|-0.00|0.06|0.9448|
+-+-----------+-----------+-----------+----------------+-----------+--------+-----+----+------+
Best-so-far configuration:         865    mean value:      32516929.73
Description of the best-so-far configuration:
    .ID. algorithm localsearch alpha beta  rho ants  q0 rasrank elitistants
865  865       acs           3  2.35 3.87 0.78   63 0.6      NA          NA
    nnls dlb .PARENT.
865    9   1      775

# 2025-05-15 04:19:08 -04: Elite configurations (first number is the configuration ID; listed from best to worst according to the sum of ranks):
    algorithm localsearch alpha beta  rho ants   q0 rasrank elitistants nnls
865       acs           3  2.35 3.87 0.78   63 0.60      NA          NA    9
775       acs           3  2.18 3.76 0.79   63 0.67      NA          NA   13
824       acs           3  1.96 3.73 0.80   58 0.72      NA          NA   11
835       acs           3  2.40 5.53 0.80   66 0.77      NA          NA   11
704       acs           3  2.48 5.38 0.75   63 0.81      NA          NA   14
    dlb
865   1
775   1
824   1
835   1
704   1
# 2025-05-15 04:19:08 -04: Iteration 7 of 7
# experimentsUsed: 5113
# remainingBudget: 387
# currentBudget: 387
# nbConfigurations: 28
# Markers:
     x No test is performed.
     c Configurations are discarded only due to capping.
     - The test is performed and some configurations are discarded.
     = The test is performed but no configuration is discarded.
     ! The test is performed and configurations could be discarded but elite configurations are preserved.
     . All alive configurations are elite and nothing is discarded.

+-+-----------+-----------+-----------+----------------+-----------+--------+-----+----+------+
| |   Instance|      Alive|       Best|       Mean best| Exp so far|  W time|  rho|KenW|  Qvar|
+-+-----------+-----------+-----------+----------------+-----------+--------+-----+----+------+
|x|         16|         28|        896|     32537233.00|         28|00:00:41|   NA|  NA|    NA|
|x|         12|         28|        896|     32601935.50|         51|00:00:31|+0.21|0.60|0.5367|
|x|          2|         28|        835|     32573548.00|         74|00:00:31|+0.20|0.47|0.5210|
|x|          6|         28|        881|     32564676.50|         97|00:00:31|+0.20|0.40|0.4921|
|=|         10|         28|        877|     32512758.20|        120|00:00:31|+0.11|0.29|0.5551|
|-|          7|         21|        881|     32555391.33|        143|00:00:31|-0.07|0.11|1.0298|
|=|         11|         21|        881|     32509071.86|        159|00:00:20|-0.04|0.11|0.9964|
|=|          8|         21|        881|     32499411.50|        175|00:00:21|+0.00|0.13|0.9590|
|=|          4|         21|        881|     32520226.89|        191|00:00:20|+0.05|0.16|0.9110|
|-|         15|         12|        881|     32559384.20|        207|00:00:21|-0.06|0.04|0.9603|
|=|          9|         12|        891|     32554543.36|        214|00:00:10|-0.07|0.03|0.9657|
|=|          1|         12|        891|     32558364.25|        221|00:00:10|-0.07|0.02|0.9651|
|=|         13|         12|        891|     32552803.08|        228|00:00:10|-0.04|0.04|0.9370|
|=|          3|         12|        891|     32533843.64|        235|00:00:10|-0.03|0.04|0.9378|
|=|         14|         12|        891|     32515890.93|        242|00:00:10|-0.02|0.05|0.9289|
|=|          5|         12|        891|     32522902.88|        249|00:00:10|-0.01|0.06|0.9178|
|=|         17|         12|        891|     32517367.18|        261|00:00:20|-0.02|0.04|0.9267|
+-+-----------+-----------+-----------+----------------+-----------+--------+-----+----+------+
Best-so-far configuration:         891    mean value:      32517367.18
Description of the best-so-far configuration:
    .ID. algorithm localsearch alpha beta  rho ants   q0 rasrank elitistants
891  891       acs           3  1.98    4 0.76   61 0.79      NA          NA
    nnls dlb .PARENT.
891   12   1      824

# 2025-05-15 04:25:15 -04: Elite configurations (first number is the configuration ID; listed from best to worst according to the sum of ranks):
    algorithm localsearch alpha beta  rho ants   q0 rasrank elitistants nnls
891       acs           3  1.98 4.00 0.76   61 0.79      NA          NA   12
882       acs           3  1.98 3.94 0.84   59 0.62      NA          NA   14
865       acs           3  2.35 3.87 0.78   63 0.60      NA          NA    9
775       acs           3  2.18 3.76 0.79   63 0.67      NA          NA   13
835       acs           3  2.40 5.53 0.80   66 0.77      NA          NA   11
    dlb
891   1
882   1
865   1
775   1
835   1
# 2025-05-15 04:25:15 -04: Iteration 8 of 8
# experimentsUsed: 5374
# remainingBudget: 126
# currentBudget: 126
# nbConfigurations: 11
# Markers:
     x No test is performed.
     c Configurations are discarded only due to capping.
     - The test is performed and some configurations are discarded.
     = The test is performed but no configuration is discarded.
     ! The test is performed and configurations could be discarded but elite configurations are preserved.
     . All alive configurations are elite and nothing is discarded.

+-+-----------+-----------+-----------+----------------+-----------+--------+-----+----+------+
| |   Instance|      Alive|       Best|       Mean best| Exp so far|  W time|  rho|KenW|  Qvar|
+-+-----------+-----------+-----------+----------------+-----------+--------+-----+----+------+
|x|         18|         11|        835|     32446502.00|         11|00:00:20|   NA|  NA|    NA|
|x|         12|         11|        835|     32559147.00|         17|00:00:10|+0.27|0.64|0.6689|
|x|          2|         11|        835|     32532942.67|         23|00:00:10|+0.34|0.56|0.5805|
|x|         17|         11|        775|     32500476.50|         29|00:00:10|+0.02|0.27|0.8783|
|=|          9|         11|        775|     32490851.80|         35|00:00:10|+0.19|0.35|0.7295|
|=|          6|         11|        905|     32504806.33|         41|00:00:10|+0.07|0.22|0.8541|
|=|          7|         11|        905|     32544087.57|         47|00:00:10|+0.12|0.25|0.8273|
|-|         16|          9|        905|     32549158.00|         53|00:00:10|+0.02|0.14|0.8987|
|=|         13|          9|        835|     32540861.89|         57|00:00:10|+0.01|0.12|0.9085|
|=|          5|          9|        835|     32546538.30|         61|00:00:10|-0.01|0.09|0.9054|
|=|         10|          9|        835|     32526679.64|         65|00:00:10|-0.02|0.07|0.9152|
|=|          1|          9|        835|     32531007.25|         69|00:00:10|-0.00|0.08|0.8881|
|=|         14|          9|        835|     32510115.69|         73|00:00:10|-0.03|0.05|0.9060|
|=|         11|          9|        835|     32492618.50|         77|00:00:10|-0.02|0.05|0.8972|
|=|          8|          9|        835|     32491070.67|         81|00:00:10|-0.00|0.06|0.8809|
|=|          3|          9|        775|     32482658.75|         85|00:00:10|-0.02|0.04|0.9001|
|=|         15|          9|        891|     32508378.29|         89|00:00:10|-0.01|0.05|0.8901|
|=|          4|          9|        891|     32515674.67|         93|00:00:10|+0.01|0.06|0.8751|
|=|         19|          9|        775|     32526503.11|        102|00:00:20|+0.00|0.06|0.8847|
+-+-----------+-----------+-----------+----------------+-----------+--------+-----+----+------+
Best-so-far configuration:         775    mean value:      32526503.11
Description of the best-so-far configuration:
    .ID. algorithm localsearch alpha beta  rho ants   q0 rasrank elitistants
775  775       acs           3  2.18 3.76 0.79   63 0.67      NA          NA
    nnls dlb .PARENT.
775   13   1      566

# 2025-05-15 04:28:55 -04: Elite configurations (first number is the configuration ID; listed from best to worst according to the sum of ranks):
    algorithm localsearch alpha beta  rho ants   q0 rasrank elitistants nnls
775       acs           3  2.18 3.76 0.79   63 0.67      NA          NA   13
835       acs           3  2.40 5.53 0.80   66 0.77      NA          NA   11
891       acs           3  1.98 4.00 0.76   61 0.79      NA          NA   12
882       acs           3  1.98 3.94 0.84   59 0.62      NA          NA   14
865       acs           3  2.35 3.87 0.78   63 0.60      NA          NA    9
    dlb
775   1
835   1
891   1
882   1
865   1
# 2025-05-15 04:28:55 -04: Iteration 9 of 9
# experimentsUsed: 5476
# remainingBudget: 24
# currentBudget: 24
# nbConfigurations: 6
# Markers:
     x No test is performed.
     c Configurations are discarded only due to capping.
     - The test is performed and some configurations are discarded.
     = The test is performed but no configuration is discarded.
     ! The test is performed and configurations could be discarded but elite configurations are preserved.
     . All alive configurations are elite and nothing is discarded.

+-+-----------+-----------+-----------+----------------+-----------+--------+-----+----+------+
| |   Instance|      Alive|       Best|       Mean best| Exp so far|  W time|  rho|KenW|  Qvar|
+-+-----------+-----------+-----------+----------------+-----------+--------+-----+----+------+
|x|          7|          6|        906|     32756676.00|          1|00:00:10|   NA|  NA|    NA|
|x|         13|          6|        906|     32629208.00|          2|00:00:10|+0.31|0.66|0.4438|
|x|         15|          6|        891|     32726480.33|          3|00:00:10|-0.22|0.19|0.8923|
|x|          1|          6|        891|     32694958.75|          4|00:00:10|-0.30|0.03|1.0791|
|=|          9|          6|        775|     32650412.00|          5|00:00:10|-0.17|0.07|0.9752|
|=|          5|          6|        906|     32640126.00|          6|00:00:10|-0.13|0.06|0.9463|
|=|         19|          6|        906|     32646606.43|          7|00:00:10|-0.09|0.07|0.9162|
|=|         14|          6|        835|     32599950.38|          8|00:00:10|-0.09|0.04|0.9260|
|=|         11|          6|        775|     32568501.56|          9|00:00:10|-0.11|0.01|0.9328|
|=|         17|          6|        775|     32546050.40|         10|00:00:10|-0.09|0.02|0.9125|
|=|         18|          6|        775|     32540336.55|         11|00:00:10|-0.06|0.04|0.8878|
|=|          2|          6|        835|     32531722.67|         12|00:00:10|-0.05|0.04|0.8782|
|=|          3|          6|        775|     32515317.62|         13|00:00:10|-0.04|0.04|0.8802|
|=|          4|          6|        835|     32526717.71|         14|00:00:10|-0.05|0.03|0.8798|
|=|         10|          6|        775|     32512038.27|         15|00:00:10|-0.06|0.02|0.8853|
|=|          8|          6|        835|     32510721.38|         16|00:00:10|-0.05|0.01|0.8777|
|=|         16|          6|        835|     32514109.41|         17|00:00:10|-0.04|0.02|0.8649|
|=|          6|          6|        835|     32516307.33|         18|00:00:10|-0.05|0.01|0.8667|
|=|         12|          6|        835|     32524490.74|         19|00:00:10|-0.04|0.02|0.8630|
+-+-----------+-----------+-----------+----------------+-----------+--------+-----+----+------+
Best-so-far configuration:         835    mean value:      32524490.74
Description of the best-so-far configuration:
    .ID. algorithm localsearch alpha beta rho ants   q0 rasrank elitistants
835  835       acs           3   2.4 5.53 0.8   66 0.77      NA          NA
    nnls dlb .PARENT.
835   11   1      704

# 2025-05-15 04:32:13 -04: Elite configurations (first number is the configuration ID; listed from best to worst according to the sum of ranks):
    algorithm localsearch alpha beta  rho ants   q0 rasrank elitistants nnls
835       acs           3  2.40 5.53 0.80   66 0.77      NA          NA   11
891       acs           3  1.98 4.00 0.76   61 0.79      NA          NA   12
775       acs           3  2.18 3.76 0.79   63 0.67      NA          NA   13
882       acs           3  1.98 3.94 0.84   59 0.62      NA          NA   14
865       acs           3  2.35 3.87 0.78   63 0.60      NA          NA    9
    dlb
835   1
891   1
775   1
882   1
865   1
# 2025-05-15 04:32:13 -04: Stopped because there is not enough budget left to race more than the minimum (5).
# You may either increase the budget or set 'minNbSurvival' to a lower value.
# Iteration: 10
# nbIterations: 10
# experimentsUsed: 5495
# timeUsed: 0
# remainingBudget: 5
# currentBudget: 5
# number of elites: 5
# nbConfigurations: 5
# Total CPU user time: 60925.56, CPU sys time: 454.096, Wall-clock time: 8339.476
# 2025-05-15 04:32:13 -04: Starting post-selection:
# Configurations selected: 835, 891, 775, 882, 865.
# Pending instances: 0, 0, 0, 0, 0.
# 2025-05-15 04:32:13 -04: seed: 8675309
# Configurations: 5
# Available experiments: 5
# minSurvival: 1
# Markers:
     x No test is performed.
     c Configurations are discarded only due to capping.
     - The test is performed and some configurations are discarded.
     = The test is performed but no configuration is discarded.
     ! The test is performed and configurations could be discarded but elite configurations are preserved.
     . All alive configurations are elite and nothing is discarded.

+-+-----------+-----------+-----------+----------------+-----------+--------+-----+----+------+
| |   Instance|      Alive|       Best|       Mean best| Exp so far|  W time|  rho|KenW|  Qvar|
+-+-----------+-----------+-----------+----------------+-----------+--------+-----+----+------+
|.|         11|          5|        882|     32206122.00|          0|00:00:00|   NA|  NA|    NA|
|.|         16|          5|        882|     32393832.00|          0|00:00:00|-0.10|0.45|0.9784|
|.|         19|          5|        882|     32495879.00|          0|00:00:00|+0.07|0.38|0.7145|
|.|          6|          5|        882|     32494594.75|          0|00:00:00|+0.03|0.28|0.6778|
|.|         15|          5|        882|     32575981.20|          0|00:00:00|-0.02|0.18|0.7658|
|.|          7|          5|        882|     32608956.00|          0|00:00:00|+0.05|0.21|0.7012|
|.|          9|          5|        882|     32592930.00|          0|00:00:00|-0.01|0.13|0.7801|
|.|          8|          5|        882|     32576316.00|          0|00:00:00|+0.03|0.15|0.7484|
|.|         10|          5|        882|     32552212.00|          0|00:00:00|-0.04|0.07|0.8240|
|.|         12|          5|        882|     32572509.30|          0|00:00:00|-0.04|0.06|0.8275|
|.|          4|          5|        882|     32579076.82|          0|00:00:00|-0.03|0.06|0.8122|
|.|          3|          5|        882|     32557020.08|          0|00:00:00|-0.03|0.05|0.8256|
|.|         18|          5|        882|     32551298.08|          0|00:00:00|-0.02|0.06|0.8209|
|.|          5|          5|        882|     32556905.21|          0|00:00:00|-0.05|0.03|0.8334|
|.|         13|          5|        882|     32554006.47|          0|00:00:00|-0.03|0.04|0.8120|
|.|          2|          5|        882|     32552350.56|          0|00:00:00|-0.04|0.03|0.8231|
|.|         14|          5|        882|     32535155.18|          0|00:00:00|-0.05|0.02|0.8214|
|.|          1|          5|        882|     32538952.94|          0|00:00:00|-0.05|0.01|0.8295|
|.|         17|          5|        882|     32528664.58|          0|00:00:00|-0.05|0.01|0.8326|
|=|         20|          5|        891|     32514631.60|          5|00:00:10|-0.05|0.01|0.8275|
+-+-----------+-----------+-----------+----------------+-----------+--------+-----+----+------+
Best-so-far configuration:         891    mean value:      32514631.60
Description of the best-so-far configuration:
    .ID. algorithm localsearch alpha beta  rho ants   q0 rasrank elitistants
891  891       acs           3  1.98    4 0.76   61 0.79      NA          NA
    nnls dlb .PARENT.
891   12   1      824

# 2025-05-15 04:32:24 -04: Elite configurations (first number is the configuration ID; listed from best to worst according to the sum of ranks):
    algorithm localsearch alpha beta  rho ants   q0 rasrank elitistants nnls
891       acs           3  1.98 4.00 0.76   61 0.79      NA          NA   12
835       acs           3  2.40 5.53 0.80   66 0.77      NA          NA   11
775       acs           3  2.18 3.76 0.79   63 0.67      NA          NA   13
882       acs           3  1.98 3.94 0.84   59 0.62      NA          NA   14
865       acs           3  2.35 3.87 0.78   63 0.60      NA          NA    9
    dlb
891   1
835   1
775   1
882   1
865   1
# Total CPU user time: 60977.63, CPU sys time: 454.494, Wall-clock time: 8350.018
    .ID. algorithm localsearch alpha beta  rho ants   q0 rasrank elitistants
891  891       acs           3  1.98 4.00 0.76   61 0.79      NA          NA
835  835       acs           3  2.40 5.53 0.80   66 0.77      NA          NA
775  775       acs           3  2.18 3.76 0.79   63 0.67      NA          NA
882  882       acs           3  1.98 3.94 0.84   59 0.62      NA          NA
865  865       acs           3  2.35 3.87 0.78   63 0.60      NA          NA
    nnls dlb .PARENT. .RANK.   .WEIGHT.
891   12   1      824     57 0.33333333
835   11   1      704     58 0.26666667
775   13   1      566     61 0.20000000
882   14   1      775     61 0.13333333
865    9   1      775     63 0.06666667
