# 2025-06-05 12:23:35 -04: Reading parameter file '/home/dianag/PruebasPablo/irace-independent-executions/ACOTSP/Scenarios/E2-BL-SR/Runs/E2-BL-SR_seed_839201/parameters.txt'.
# 2025-06-05 12:23:35 -04: 1 expression(s) specifying forbidden configurations read.
# 2025-06-05 12:23:35 -04: Initialization
# Elitist race
# Elitist new instances: 1
# Elitist limit: 2
# nbIterations: 5
# minNbSurvival: 5
# nbParameters: 11
# seed: 839201
# confidence level: 0.95
# budget: 2750
# mu: 5
# deterministic: FALSE

# 2025-06-05 12:23:35 -04: Iteration 1 of 5
# experimentsUsed: 0
# remainingBudget: 2750
# currentBudget: 550
# nbConfigurations: 91
# Markers:
     x No test is performed.
     c Configurations are discarded only due to capping.
     - The test is performed and some configurations are discarded.
     = The test is performed but no configuration is discarded.
     ! The test is performed and configurations could be discarded but elite configurations are preserved.
     . All alive configurations are elite and nothing is discarded.

+-+-----------+-----------+-----------+----------------+-----------+--------+-----+----+------+
| |   Instance|      Alive|       Best|       Mean best| Exp so far|  W time|  rho|KenW|  Qvar|
+-+-----------+-----------+-----------+----------------+-----------+--------+-----+----+------+
|x|          1|         91|         64|     32780755.00|         91|00:02:17|   NA|  NA|    NA|
|x|          2|         91|         64|     32816970.50|        182|00:02:17|+0.97|0.99|0.0023|
|x|          3|         91|         64|     32854315.67|        273|00:02:20|+0.98|0.98|0.0016|
|x|          4|         91|         64|     32724595.50|        364|00:02:22|+0.98|0.98|0.0018|
|-|          5|          9|         31|     32745437.00|        455|00:02:24|+0.02|0.21|0.9042|
|=|          6|          9|         31|     32743047.17|        464|00:00:23|+0.07|0.23|0.8205|
|=|          7|          9|         16|     32704434.71|        473|00:00:25|+0.08|0.21|0.8297|
+-+-----------+-----------+-----------+----------------+-----------+--------+-----+----+------+
Best-so-far configuration:          16    mean value:      32704434.71
Description of the best-so-far configuration:
   .ID. algorithm localsearch alpha beta  rho ants   q0 rasrank elitistants
16   16       acs           3  3.82 3.52 0.93   80 0.34      NA          NA
   nnls dlb .PARENT.
16   37   1       NA

# 2025-06-05 12:36:06 -04: Elite configurations (first number is the configuration ID; listed from best to worst according to the sum of ranks):
   algorithm localsearch alpha beta  rho ants   q0 rasrank elitistants nnls dlb
16       acs           3  3.82 3.52 0.93   80 0.34      NA          NA   37   1
64      mmas           3  4.68 8.68 0.14   27   NA      NA          NA   48   1
31       acs           3  1.48 5.08 0.22   41 0.68      NA          NA   41   0
42       acs           2  2.34 8.37 0.79   18 0.61      NA          NA   38   1
83       acs           2  3.00 3.29 0.57   11 0.02      NA          NA   43   1
# 2025-06-05 12:36:06 -04: Iteration 2 of 5
# experimentsUsed: 473
# remainingBudget: 2277
# currentBudget: 569
# nbConfigurations: 75
# Markers:
     x No test is performed.
     c Configurations are discarded only due to capping.
     - The test is performed and some configurations are discarded.
     = The test is performed but no configuration is discarded.
     ! The test is performed and configurations could be discarded but elite configurations are preserved.
     . All alive configurations are elite and nothing is discarded.

+-+-----------+-----------+-----------+----------------+-----------+--------+-----+----+------+
| |   Instance|      Alive|       Best|       Mean best| Exp so far|  W time|  rho|KenW|  Qvar|
+-+-----------+-----------+-----------+----------------+-----------+--------+-----+----+------+
|x|          8|         75|        137|     32745420.00|         75|00:01:55|   NA|  NA|    NA|
|x|          5|         75|        157|     32745606.50|        145|00:01:46|+0.97|0.98|0.0030|
|x|          1|         75|        137|     32745499.00|        215|00:01:45|+0.97|0.98|0.0026|
|x|          6|         75|        137|     32717371.00|        285|00:01:45|+0.97|0.98|0.0031|
|-|          7|         10|        137|     32650959.00|        355|00:01:44|+0.18|0.34|0.6745|
|!|          4|         10|        137|     32590922.83|        360|00:00:18|+0.25|0.38|0.6417|
|-|          3|          9|        137|     32620197.00|        365|00:00:21|+0.33|0.43|0.5820|
|-|          2|          3|        137|     32649074.38|        369|00:00:20|+0.02|0.14|0.6548|
+-+-----------+-----------+-----------+----------------+-----------+--------+-----+----+------+
Best-so-far configuration:         137    mean value:      32649074.38
Description of the best-so-far configuration:
    .ID. algorithm localsearch alpha beta  rho ants  q0 rasrank elitistants
137  137       acs           3  2.78 9.23 0.74   54 0.9      NA          NA
    nnls dlb .PARENT.
137   42   0       31

# 2025-06-05 12:46:04 -04: Elite configurations (first number is the configuration ID; listed from best to worst according to the sum of ranks):
    algorithm localsearch alpha beta  rho ants  q0 rasrank elitistants nnls dlb
137       acs           3  2.78 9.23 0.74   54 0.9      NA          NA   42   0
144       ras           3  3.15 5.48 0.98   84  NA      22          NA   34   1
157       acs           3  3.09 2.11 0.57   67 0.7      NA          NA   38   0
# 2025-06-05 12:46:04 -04: Iteration 3 of 5
# experimentsUsed: 842
# remainingBudget: 1908
# currentBudget: 636
# nbConfigurations: 73
# Markers:
     x No test is performed.
     c Configurations are discarded only due to capping.
     - The test is performed and some configurations are discarded.
     = The test is performed but no configuration is discarded.
     ! The test is performed and configurations could be discarded but elite configurations are preserved.
     . All alive configurations are elite and nothing is discarded.

+-+-----------+-----------+-----------+----------------+-----------+--------+-----+----+------+
| |   Instance|      Alive|       Best|       Mean best| Exp so far|  W time|  rho|KenW|  Qvar|
+-+-----------+-----------+-----------+----------------+-----------+--------+-----+----+------+
|x|          9|         73|        217|     32258400.00|         73|00:02:38|   NA|  NA|    NA|
|x|          4|         73|        163|     32270198.00|        143|00:02:38|+0.90|0.95|0.0004|
|x|          7|         73|        228|     32296521.33|        213|00:02:34|+0.90|0.93|0.0005|
|x|          2|         73|        228|     32423313.75|        283|00:02:38|+0.89|0.91|0.0004|
|-|          8|         18|        212|     32503659.80|        353|00:02:36|-0.02|0.18|1.0005|
|=|          5|         18|        217|     32525286.00|        368|00:00:34|+0.02|0.18|0.9502|
|=|          1|         18|        217|     32558500.86|        383|00:00:36|+0.05|0.19|0.9120|
|-|          3|          8|        217|     32581859.12|        398|00:00:36|+0.10|0.21|0.8460|
|=|          6|          8|        217|     32592408.89|        403|00:00:11|+0.07|0.18|0.8501|
|=|         10|          8|        217|     32578665.30|        411|00:00:23|+0.08|0.17|0.8479|
+-+-----------+-----------+-----------+----------------+-----------+--------+-----+----+------+
Best-so-far configuration:         217    mean value:      32578665.30
Description of the best-so-far configuration:
    .ID. algorithm localsearch alpha beta  rho ants q0 rasrank elitistants nnls
217  217       ras           3  2.44 3.59 0.77   46 NA       8          NA   42
    dlb .PARENT.
217   1      144

# 2025-06-05 13:01:34 -04: Elite configurations (first number is the configuration ID; listed from best to worst according to the sum of ranks):
    algorithm localsearch alpha beta  rho ants   q0 rasrank elitistants nnls
217       ras           3  2.44 3.59 0.77   46   NA       8          NA   42
207       acs           3  2.16 5.69 0.96   66 0.43      NA          NA   26
137       acs           3  2.78 9.23 0.74   54 0.90      NA          NA   42
212       acs           3  3.08 9.51 0.93    7 0.70      NA          NA   35
228       acs           3  2.82 9.31 0.65   35 0.66      NA          NA   28
    dlb
217   1
207   1
137   0
212   1
228   0
# 2025-06-05 13:01:34 -04: Iteration 4 of 5
# experimentsUsed: 1253
# remainingBudget: 1497
# currentBudget: 748
# nbConfigurations: 72
# Markers:
     x No test is performed.
     c Configurations are discarded only due to capping.
     - The test is performed and some configurations are discarded.
     = The test is performed but no configuration is discarded.
     ! The test is performed and configurations could be discarded but elite configurations are preserved.
     . All alive configurations are elite and nothing is discarded.

+-+-----------+-----------+-----------+----------------+-----------+--------+-----+----+------+
| |   Instance|      Alive|       Best|       Mean best| Exp so far|  W time|  rho|KenW|  Qvar|
+-+-----------+-----------+-----------+----------------+-----------+--------+-----+----+------+
|x|         11|         72|        242|     32581624.00|         72|00:02:34|   NA|  NA|    NA|
|x|         10|         72|        242|     32490413.00|        139|00:02:15|+0.76|0.88|0.0067|
|x|          4|         72|        286|     32424601.33|        206|00:02:18|+0.76|0.84|0.0063|
|x|          6|         72|        276|     32452176.50|        273|00:02:20|+0.76|0.82|0.0060|
|-|          5|         14|        276|     32483284.00|        340|00:02:27|-0.01|0.19|0.8959|
|=|          1|         14|        276|     32519176.00|        349|00:00:20|+0.07|0.22|0.8172|
|=|          8|         14|        276|     32545800.00|        358|00:00:20|+0.10|0.23|0.7874|
|-|          2|          7|        276|     32570482.88|        367|00:00:20|+0.24|0.34|0.6194|
|!|          9|          7|        276|     32536162.00|        369|00:00:10|+0.26|0.34|0.6184|
|!|          3|          7|        276|     32556308.60|        371|00:00:10|+0.29|0.36|0.5834|
|-|          7|          2|        276|     32529460.55|        373|00:00:10|+0.35|0.40|0.3273|
+-+-----------+-----------+-----------+----------------+-----------+--------+-----+----+------+
Best-so-far configuration:         276    mean value:      32529460.55
Description of the best-so-far configuration:
    .ID. algorithm localsearch alpha beta  rho ants   q0 rasrank elitistants
276  276       acs           3  2.39 5.92 0.75   53 0.13      NA          NA
    nnls dlb .PARENT.
276   12   1      207

# 2025-06-05 13:15:05 -04: Elite configurations (first number is the configuration ID; listed from best to worst according to the sum of ranks):
    algorithm localsearch alpha beta  rho ants   q0 rasrank elitistants nnls
276       acs           3  2.39 5.92 0.75   53 0.13      NA          NA   12
286       acs           3  3.19 9.22 0.85   51 0.30      NA          NA   31
    dlb
276   1
286   1
# 2025-06-05 13:15:05 -04: Iteration 5 of 5
# experimentsUsed: 1626
# remainingBudget: 1124
# currentBudget: 1124
# nbConfigurations: 95
# Markers:
     x No test is performed.
     c Configurations are discarded only due to capping.
     - The test is performed and some configurations are discarded.
     = The test is performed but no configuration is discarded.
     ! The test is performed and configurations could be discarded but elite configurations are preserved.
     . All alive configurations are elite and nothing is discarded.

+-+-----------+-----------+-----------+----------------+-----------+--------+-----+----+------+
| |   Instance|      Alive|       Best|       Mean best| Exp so far|  W time|  rho|KenW|  Qvar|
+-+-----------+-----------+-----------+----------------+-----------+--------+-----+----+------+
|x|         12|         95|        299|     32527775.00|         95|00:02:16|   NA|  NA|    NA|
|x|          8|         95|        299|     32595162.50|        188|00:02:15|+0.72|0.86|0.1226|
|x|         10|         95|        302|     32518487.67|        281|00:02:15|+0.74|0.83|0.0911|
|x|          5|         95|        299|     32545688.25|        374|00:02:16|+0.71|0.78|0.0912|
|-|          1|         23|        299|     32565907.20|        467|00:02:13|-0.09|0.13|1.0368|
|=|          4|         23|        299|     32506595.17|        488|00:00:31|-0.03|0.14|0.9798|
|=|          2|         23|        299|     32537552.71|        509|00:00:31|-0.02|0.13|0.9781|
|=|          9|         23|        299|     32493777.75|        530|00:00:31|+0.01|0.13|0.9484|
|=|          3|         23|        299|     32516347.11|        551|00:00:31|+0.02|0.13|0.9305|
|=|          6|         23|        299|     32523631.70|        572|00:00:31|+0.04|0.14|0.8970|
|=|         11|         23|        299|     32525533.27|        593|00:00:31|+0.05|0.14|0.8879|
|-|          7|         12|        299|     32504463.75|        614|00:00:31|-0.04|0.05|0.9362|
|=|         13|         12|        299|     32495812.00|        626|00:00:20|-0.04|0.04|0.9408|
|=|         14|         12|        299|     32519145.43|        638|00:00:21|-0.04|0.03|0.9418|
+-+-----------+-----------+-----------+----------------+-----------+--------+-----+----+------+
Best-so-far configuration:         299    mean value:      32519145.43
Description of the best-so-far configuration:
    .ID. algorithm localsearch alpha beta  rho ants   q0 rasrank elitistants
299  299       acs           3  2.74 6.25 0.59   54 0.15      NA          NA
    nnls dlb .PARENT.
299   14   1      276

# 2025-06-05 13:30:45 -04: Elite configurations (first number is the configuration ID; listed from best to worst according to the sum of ranks):
    algorithm localsearch alpha beta  rho ants   q0 rasrank elitistants nnls
299       acs           3  2.74 6.25 0.59   54 0.15      NA          NA   14
361       acs           3  2.17 6.40 0.85   51 0.24      NA          NA   12
337       acs           3  2.89 6.63 0.67   61 0.03      NA          NA    9
378       acs           3  2.35 9.02 0.71   42 0.12      NA          NA   11
379       acs           3  3.53 9.98 0.92   65 0.30      NA          NA   24
    dlb
299   1
361   1
337   1
378   1
379   1
# 2025-06-05 13:30:45 -04: Iteration 6 of 6
# experimentsUsed: 2264
# remainingBudget: 486
# currentBudget: 486
# nbConfigurations: 37
# Markers:
     x No test is performed.
     c Configurations are discarded only due to capping.
     - The test is performed and some configurations are discarded.
     = The test is performed but no configuration is discarded.
     ! The test is performed and configurations could be discarded but elite configurations are preserved.
     . All alive configurations are elite and nothing is discarded.

+-+-----------+-----------+-----------+----------------+-----------+--------+-----+----+------+
| |   Instance|      Alive|       Best|       Mean best| Exp so far|  W time|  rho|KenW|  Qvar|
+-+-----------+-----------+-----------+----------------+-----------+--------+-----+----+------+
|x|         15|         37|        417|     32781263.00|         37|00:00:52|   NA|  NA|    NA|
|x|          2|         37|        417|     32743893.00|         69|00:00:42|+0.04|0.52|0.6634|
|x|          3|         37|        415|     32723215.00|        101|00:00:41|+0.06|0.37|0.7332|
|x|          9|         37|        379|     32596301.00|        133|00:00:41|+0.15|0.36|0.6776|
|-|          8|         23|        299|     32613668.80|        165|00:00:41|-0.11|0.12|1.0271|
|=|          5|         23|        299|     32610292.33|        183|00:00:31|-0.08|0.10|1.0128|
|=|          1|         23|        299|     32615505.29|        201|00:00:31|-0.05|0.10|0.9888|
|=|         10|         23|        299|     32588444.38|        219|00:00:31|-0.05|0.08|0.9859|
|=|         13|         23|        379|     32574495.22|        237|00:00:31|-0.04|0.08|0.9718|
|=|          4|         23|        299|     32530958.10|        255|00:00:31|-0.03|0.07|0.9508|
|=|          6|         23|        337|     32534944.64|        273|00:00:31|-0.02|0.07|0.9505|
|=|          7|         23|        337|     32511799.50|        291|00:00:31|+0.00|0.08|0.9292|
|=|         12|         23|        299|     32515326.77|        309|00:00:31|+0.02|0.09|0.9182|
|=|         14|         23|        337|     32536973.43|        327|00:00:31|+0.03|0.10|0.9095|
|=|         11|         23|        299|     32537751.80|        345|00:00:31|+0.04|0.10|0.9007|
|-|         16|         15|        299|     32519324.25|        368|00:00:31|-0.02|0.04|0.9438|
|=|         17|         15|        361|     32516465.35|        383|00:00:21|-0.02|0.04|0.9412|
|=|         18|         15|        392|     32507336.89|        398|00:00:20|-0.01|0.04|0.9348|
+-+-----------+-----------+-----------+----------------+-----------+--------+-----+----+------+
Best-so-far configuration:         392    mean value:      32507336.89
Description of the best-so-far configuration:
    .ID. algorithm localsearch alpha beta  rho ants   q0 rasrank elitistants
392  392       acs           3  3.26 7.76 0.63   62 0.17      NA          NA
    nnls dlb .PARENT.
392   13   1      299

# 2025-06-05 13:40:51 -04: Elite configurations (first number is the configuration ID; listed from best to worst according to the sum of ranks):
    algorithm localsearch alpha beta  rho ants   q0 rasrank elitistants nnls
392       acs           3  3.26 7.76 0.63   62 0.17      NA          NA   13
361       acs           3  2.17 6.40 0.85   51 0.24      NA          NA   12
337       acs           3  2.89 6.63 0.67   61 0.03      NA          NA    9
299       acs           3  2.74 6.25 0.59   54 0.15      NA          NA   14
418       acs           3  2.15 9.14 0.63   36 0.28      NA          NA   16
    dlb
392   1
361   1
337   1
299   1
418   1
# 2025-06-05 13:40:51 -04: Iteration 7 of 7
# experimentsUsed: 2662
# remainingBudget: 88
# currentBudget: 88
# nbConfigurations: 9
# Markers:
     x No test is performed.
     c Configurations are discarded only due to capping.
     - The test is performed and some configurations are discarded.
     = The test is performed but no configuration is discarded.
     ! The test is performed and configurations could be discarded but elite configurations are preserved.
     . All alive configurations are elite and nothing is discarded.

+-+-----------+-----------+-----------+----------------+-----------+--------+-----+----+------+
| |   Instance|      Alive|       Best|       Mean best| Exp so far|  W time|  rho|KenW|  Qvar|
+-+-----------+-----------+-----------+----------------+-----------+--------+-----+----+------+
|x|         19|          9|        425|     32649712.00|          9|00:00:20|   NA|  NA|    NA|
|x|          7|          9|        337|     32459666.00|         13|00:00:10|+0.27|0.63|0.1851|
|x|          4|          9|        392|     32377497.67|         17|00:00:10|+0.48|0.65|0.1301|
|x|          8|          9|        337|     32449791.00|         21|00:00:10|+0.44|0.58|0.1227|
|-|          5|          7|        337|     32472682.60|         25|00:00:10|-0.03|0.18|0.8759|
|=|          1|          7|        337|     32516555.83|         27|00:00:10|-0.05|0.12|0.8898|
|=|         10|          7|        337|     32497511.14|         29|00:00:10|+0.03|0.17|0.8275|
|=|         12|          7|        425|     32502734.75|         31|00:00:10|+0.06|0.18|0.7848|
|=|         18|          7|        425|     32475422.67|         33|00:00:10|+0.11|0.21|0.7383|
|-|          6|          6|        337|     32483926.50|         35|00:00:10|+0.03|0.12|0.8191|
|=|         14|          6|        337|     32512373.27|         36|00:00:10|+0.00|0.09|0.8327|
|=|         17|          6|        337|     32507713.00|         37|00:00:10|+0.01|0.09|0.8181|
|=|          9|          6|        337|     32485296.23|         38|00:00:10|-0.01|0.07|0.8387|
|=|         16|          6|        337|     32473065.93|         39|00:00:10|-0.02|0.06|0.8523|
|=|         11|          6|        425|     32471193.60|         40|00:00:10|-0.02|0.05|0.8612|
|=|          3|          6|        425|     32484361.94|         41|00:00:10|-0.01|0.05|0.8477|
|=|         15|          6|        425|     32502349.65|         42|00:00:10|-0.01|0.05|0.8453|
|=|          2|          6|        425|     32515850.61|         43|00:00:10|-0.01|0.04|0.8436|
|=|         13|          6|        425|     32505417.95|         44|00:00:10|-0.00|0.05|0.8431|
|=|         20|          6|        425|     32512142.35|         50|00:00:10|+0.01|0.06|0.8325|
+-+-----------+-----------+-----------+----------------+-----------+--------+-----+----+------+
Best-so-far configuration:         425    mean value:      32512142.35
Description of the best-so-far configuration:
    .ID. algorithm localsearch alpha beta  rho ants  q0 rasrank elitistants
425  425       acs           3  2.77 6.29 0.59   58 0.3      NA          NA
    nnls dlb .PARENT.
425   11   1      392

# 2025-06-05 13:44:32 -04: Elite configurations (first number is the configuration ID; listed from best to worst according to the sum of ranks):
    algorithm localsearch alpha beta  rho ants   q0 rasrank elitistants nnls
425       acs           3  2.77 6.29 0.59   58 0.30      NA          NA   11
337       acs           3  2.89 6.63 0.67   61 0.03      NA          NA    9
392       acs           3  3.26 7.76 0.63   62 0.17      NA          NA   13
299       acs           3  2.74 6.25 0.59   54 0.15      NA          NA   14
418       acs           3  2.15 9.14 0.63   36 0.28      NA          NA   16
    dlb
425   1
337   1
392   1
299   1
418   1
# 2025-06-05 13:44:32 -04: Iteration 8 of 8
# experimentsUsed: 2712
# remainingBudget: 38
# currentBudget: 38
# nbConfigurations: 6
# Markers:
     x No test is performed.
     c Configurations are discarded only due to capping.
     - The test is performed and some configurations are discarded.
     = The test is performed but no configuration is discarded.
     ! The test is performed and configurations could be discarded but elite configurations are preserved.
     . All alive configurations are elite and nothing is discarded.

+-+-----------+-----------+-----------+----------------+-----------+--------+-----+----+------+
| |   Instance|      Alive|       Best|       Mean best| Exp so far|  W time|  rho|KenW|  Qvar|
+-+-----------+-----------+-----------+----------------+-----------+--------+-----+----+------+
|x|         21|          6|        425|     32355531.00|          6|00:00:10|   NA|  NA|    NA|
|x|         10|          6|        425|     32352476.00|          7|00:00:10|-0.03|0.49|1.0630|
|x|          3|          6|        425|     32462279.67|          8|00:00:10|+0.28|0.52|0.7574|
|x|          5|          6|        425|     32491519.75|          9|00:00:10|+0.29|0.46|0.7144|
|!|         19|          6|        425|     32523158.20|         10|00:00:10|+0.32|0.46|0.6324|
|-|         12|          5|        425|     32518995.17|         11|00:00:10|+0.53|0.61|0.3429|
|.|          4|          5|        425|     32471561.57|         11|00:00:00|+0.43|0.51|0.4103|
|.|         20|          5|        425|     32492604.62|         11|00:00:00|+0.42|0.49|0.4270|
|.|         16|          5|        425|     32458201.56|         11|00:00:00|+0.36|0.43|0.4931|
|.|          6|          5|        425|     32466116.20|         11|00:00:00|+0.28|0.35|0.5561|
|.|          9|          5|        425|     32444747.00|         11|00:00:00|+0.17|0.25|0.6362|
|.|         13|          5|        425|     32434153.92|         11|00:00:00|+0.15|0.22|0.6535|
|.|         11|          5|        425|     32442398.00|         11|00:00:00|+0.14|0.21|0.6790|
|.|          2|          5|        425|     32464038.64|         11|00:00:00|+0.14|0.20|0.6785|
|.|          7|          5|        425|     32456260.60|         11|00:00:00|+0.12|0.18|0.7145|
|.|          1|          5|        425|     32472559.25|         11|00:00:00|+0.07|0.13|0.7534|
|.|         18|          5|        425|     32459874.94|         11|00:00:00|+0.10|0.15|0.7372|
|.|         14|          5|        425|     32480972.67|         11|00:00:00|+0.06|0.12|0.7598|
|.|          8|          5|        425|     32492182.42|         11|00:00:00|+0.06|0.11|0.7653|
|.|         15|          5|        425|     32507080.95|         11|00:00:00|+0.03|0.08|0.7758|
|.|         17|          5|        425|     32504684.67|         11|00:00:00|+0.03|0.07|0.7776|
+-+-----------+-----------+-----------+----------------+-----------+--------+-----+----+------+
Best-so-far configuration:         425    mean value:      32504684.67
Description of the best-so-far configuration:
    .ID. algorithm localsearch alpha beta  rho ants  q0 rasrank elitistants
425  425       acs           3  2.77 6.29 0.59   58 0.3      NA          NA
    nnls dlb .PARENT.
425   11   1      392

# 2025-06-05 13:45:35 -04: Elite configurations (first number is the configuration ID; listed from best to worst according to the sum of ranks):
    algorithm localsearch alpha beta  rho ants   q0 rasrank elitistants nnls
425       acs           3  2.77 6.29 0.59   58 0.30      NA          NA   11
337       acs           3  2.89 6.63 0.67   61 0.03      NA          NA    9
392       acs           3  3.26 7.76 0.63   62 0.17      NA          NA   13
299       acs           3  2.74 6.25 0.59   54 0.15      NA          NA   14
418       acs           3  2.15 9.14 0.63   36 0.28      NA          NA   16
    dlb
425   1
337   1
392   1
299   1
418   1
# 2025-06-05 13:45:35 -04: Iteration 9 of 9
# experimentsUsed: 2723
# remainingBudget: 27
# currentBudget: 27
# nbConfigurations: 6
# Markers:
     x No test is performed.
     c Configurations are discarded only due to capping.
     - The test is performed and some configurations are discarded.
     = The test is performed but no configuration is discarded.
     ! The test is performed and configurations could be discarded but elite configurations are preserved.
     . All alive configurations are elite and nothing is discarded.

+-+-----------+-----------+-----------+----------------+-----------+--------+-----+----+------+
| |   Instance|      Alive|       Best|       Mean best| Exp so far|  W time|  rho|KenW|  Qvar|
+-+-----------+-----------+-----------+----------------+-----------+--------+-----+----+------+
|x|         22|          6|        392|     32975635.00|          6|00:00:10|   NA|  NA|    NA|
|x|         17|          6|        429|     32718632.50|          7|00:00:10|+0.09|0.54|0.7130|
|x|         14|          6|        418|     32763790.00|          8|00:00:10|-0.20|0.20|1.0073|
|x|         20|          6|        429|     32718196.25|          9|00:00:10|-0.06|0.21|0.8596|
|=|         15|          6|        429|     32737585.20|         10|00:00:10|-0.10|0.12|0.9164|
|=|          3|          6|        429|     32734022.50|         11|00:00:10|-0.11|0.08|0.8978|
|=|         13|          6|        429|     32675333.43|         12|00:00:10|-0.08|0.08|0.8623|
|=|          7|          6|        429|     32615783.62|         13|00:00:10|-0.06|0.08|0.8599|
|=|         12|          6|        429|     32611193.89|         14|00:00:10|-0.07|0.04|0.8717|
|=|         16|          6|        425|     32576523.90|         15|00:00:10|-0.05|0.05|0.8509|
|=|          2|          6|        429|     32585164.91|         16|00:00:10|-0.04|0.05|0.8443|
|=|          9|          6|        429|     32557137.67|         17|00:00:10|-0.07|0.02|0.8692|
|=|         19|          6|        425|     32568567.15|         18|00:00:10|-0.05|0.03|0.8577|
|=|         18|          6|        425|     32546307.07|         19|00:00:10|-0.03|0.04|0.8364|
|=|          8|          6|        425|     32556150.47|         20|00:00:10|-0.04|0.03|0.8460|
|=|          6|          6|        425|     32554975.31|         21|00:00:10|-0.03|0.03|0.8446|
|=|          1|          6|        425|     32564508.47|         22|00:00:10|-0.04|0.02|0.8565|
|=|         10|          6|        425|     32552559.17|         23|00:00:10|-0.03|0.03|0.8422|
|=|         21|          6|        425|     32542189.26|         24|00:00:10|-0.02|0.03|0.8352|
|=|         11|          6|        425|     32542146.15|         25|00:00:10|-0.02|0.03|0.8350|
|=|          5|          6|        425|     32543912.52|         26|00:00:10|-0.01|0.04|0.8265|
|=|          4|          6|        425|     32527687.41|         27|00:00:10|+0.00|0.05|0.8173|
+-+-----------+-----------+-----------+----------------+-----------+--------+-----+----+------+
Best-so-far configuration:         425    mean value:      32527687.41
Description of the best-so-far configuration:
    .ID. algorithm localsearch alpha beta  rho ants  q0 rasrank elitistants
425  425       acs           3  2.77 6.29 0.59   58 0.3      NA          NA
    nnls dlb .PARENT.
425   11   1      392

# 2025-06-05 13:49:24 -04: Elite configurations (first number is the configuration ID; listed from best to worst according to the sum of ranks):
    algorithm localsearch alpha beta  rho ants   q0 rasrank elitistants nnls
425       acs           3  2.77 6.29 0.59   58 0.30      NA          NA   11
429       acs           3  2.87 5.98 0.64   65 0.48      NA          NA    9
337       acs           3  2.89 6.63 0.67   61 0.03      NA          NA    9
392       acs           3  3.26 7.76 0.63   62 0.17      NA          NA   13
299       acs           3  2.74 6.25 0.59   54 0.15      NA          NA   14
    dlb
425   1
429   1
337   1
392   1
299   1
# 2025-06-05 13:49:24 -04: Stopped because budget is exhausted
# Iteration: 10
# nbIterations: 9
# experimentsUsed: 2750
# timeUsed: 0
# remainingBudget: 0
# currentBudget: 27
# number of elites: 5
# nbConfigurations: 6
# Total CPU user time: 33769.3, CPU sys time: 230.504, Wall-clock time: 5149.152
    .ID. algorithm localsearch alpha beta  rho ants   q0 rasrank elitistants
425  425       acs           3  2.77 6.29 0.59   58 0.30      NA          NA
429  429       acs           3  2.87 5.98 0.64   65 0.48      NA          NA
337  337       acs           3  2.89 6.63 0.67   61 0.03      NA          NA
392  392       acs           3  3.26 7.76 0.63   62 0.17      NA          NA
299  299       acs           3  2.74 6.25 0.59   54 0.15      NA          NA
    nnls dlb .PARENT. .RANK.   .WEIGHT.
425   11   1      392     65 0.33333333
429    9   1      425     70 0.26666667
337    9   1      276     75 0.20000000
392   13   1      299     78 0.13333333
299   14   1      276     86 0.06666667
