# 2025-05-21 14:46:38 -04: Reading parameter file '/home/dianag/PruebasPablo/irace-independent-executions/PSO-X/Scenarios/E6-BL-Multimodal-SR/Runs/E6-BL-Multimodal-SR_seed_42/parameters.txt'.
# 2025-05-21 14:46:38 -04: 2 expression(s) specifying forbidden configurations read.
# 2025-05-21 14:46:38 -04: Initialization
# Elitist race
# Elitist new instances: 1
# Elitist limit: 2
# nbIterations: 5
# minNbSurvival: 5
# nbParameters: 8
# seed: 42
# confidence level: 0.95
# budget: 2000
# mu: 5
# deterministic: FALSE

# 2025-05-21 14:46:38 -04: Iteration 1 of 5
# experimentsUsed: 0
# remainingBudget: 2000
# currentBudget: 400
# nbConfigurations: 66
# Markers:
     x No test is performed.
     c Configurations are discarded only due to capping.
     - The test is performed and some configurations are discarded.
     = The test is performed but no configuration is discarded.
     ! The test is performed and configurations could be discarded but elite configurations are preserved.
     . All alive configurations are elite and nothing is discarded.

+-+-----------+-----------+-----------+----------------+-----------+--------+-----+----+------+
| |   Instance|      Alive|       Best|       Mean best| Exp so far|  W time|  rho|KenW|  Qvar|
+-+-----------+-----------+-----------+----------------+-----------+--------+-----+----+------+
|x|          1|         66|         24|    0.3300050270|         66|00:00:37|   NA|  NA|    NA|
|x|          2|         66|         27|     111.6881112|        132|00:00:21|+0.30|0.65|0.6808|
|x|          3|         66|          6|     171.4657843|        198|00:00:20|+0.43|0.62|0.4933|
|x|          4|         66|          6|     133.8312591|        264|00:00:21|+0.22|0.42|0.7227|
|-|          5|         25|         15|     294.1738450|        330|00:00:20|-0.01|0.19|0.9728|
|=|          6|         25|         15|     245.2253575|        355|00:00:04|-0.05|0.13|1.0023|
|=|          7|         25|         15|     210.4925805|        380|00:00:04|+0.01|0.15|0.9390|
+-+-----------+-----------+-----------+----------------+-----------+--------+-----+----+------+
Best-so-far configuration:          15    mean value:      210.4925805
Description of the best-so-far configuration:
   .ID. particles topology modInfluence branching tSchedule phi1 phi2 inertia
15   15        72        1            0        NA        NA 0.23 1.73     0.4
   .PARENT.
15       NA

# 2025-05-21 14:48:49 -04: Elite configurations (first number is the configuration ID; listed from best to worst according to the sum of ranks):
   particles topology modInfluence branching tSchedule phi1 phi2 inertia
15        72        1            0        NA        NA 0.23 1.73    0.40
21        66        4            2        NA        NA 2.19 2.28    0.87
32       125        4            0        NA        NA 2.38 0.99    0.52
27       128        5            0        NA         3 0.78 2.12    0.71
43        38        3            1        NA        NA 0.35 1.46    0.80
# 2025-05-21 14:48:49 -04: Iteration 2 of 5
# experimentsUsed: 380
# remainingBudget: 1620
# currentBudget: 405
# nbConfigurations: 55
# Markers:
     x No test is performed.
     c Configurations are discarded only due to capping.
     - The test is performed and some configurations are discarded.
     = The test is performed but no configuration is discarded.
     ! The test is performed and configurations could be discarded but elite configurations are preserved.
     . All alive configurations are elite and nothing is discarded.

+-+-----------+-----------+-----------+----------------+-----------+--------+-----+----+------+
| |   Instance|      Alive|       Best|       Mean best| Exp so far|  W time|  rho|KenW|  Qvar|
+-+-----------+-----------+-----------+----------------+-----------+--------+-----+----+------+
|x|          8|         55|        114|     3.594959613|         55|00:00:36|   NA|  NA|    NA|
|x|          7|         55|        114|     3.218939334|        105|00:00:13|+0.40|0.70|0.8098|
|x|          6|         55|        114|     2.284834649|        155|00:00:13|+0.23|0.49|0.8306|
|x|          4|         55|         21|     12.80316957|        205|00:00:13|+0.08|0.31|0.9440|
|-|          2|         24|         21|     49.97510423|        255|00:00:14|-0.07|0.15|1.0536|
|=|          1|         24|        111|     41.57461422|        274|00:00:09|-0.03|0.14|1.0060|
|=|          5|         24|        111|     65.55293257|        293|00:00:07|+0.04|0.18|0.9465|
|=|          3|         24|         70|     109.8152371|        312|00:00:07|+0.06|0.18|0.9043|
|-|          9|         14|         70|     1950.335997|        336|00:00:09|+0.01|0.12|0.9325|
|=|         10|         14|         70|     1757.151637|        350|00:00:02|+0.02|0.11|0.9201|
|=|         11|         14|         70|     10555.78146|        364|00:00:05|+0.05|0.13|0.8952|
+-+-----------+-----------+-----------+----------------+-----------+--------+-----+----+------+
Best-so-far configuration:          70    mean value:      10555.78146
Description of the best-so-far configuration:
   .ID. particles topology modInfluence branching tSchedule phi1 phi2 inertia
70   70       169        5            0        NA         4 0.87 2.13    0.53
   .PARENT.
70       15

# 2025-05-21 14:51:04 -04: Elite configurations (first number is the configuration ID; listed from best to worst according to the sum of ranks):
    particles topology modInfluence branching tSchedule phi1 phi2 inertia
70        169        5            0        NA         4 0.87 2.13    0.53
111        82        1            0        NA        NA 0.15 2.09    0.30
15         72        1            0        NA        NA 0.23 1.73    0.40
92         45        1            0        NA        NA 0.99 1.73    0.36
114        84        1            0        NA        NA 1.02 1.32    0.52
# 2025-05-21 14:51:04 -04: Iteration 3 of 5
# experimentsUsed: 744
# remainingBudget: 1256
# currentBudget: 418
# nbConfigurations: 39
# Markers:
     x No test is performed.
     c Configurations are discarded only due to capping.
     - The test is performed and some configurations are discarded.
     = The test is performed but no configuration is discarded.
     ! The test is performed and configurations could be discarded but elite configurations are preserved.
     . All alive configurations are elite and nothing is discarded.

+-+-----------+-----------+-----------+----------------+-----------+--------+-----+----+------+
| |   Instance|      Alive|       Best|       Mean best| Exp so far|  W time|  rho|KenW|  Qvar|
+-+-----------+-----------+-----------+----------------+-----------+--------+-----+----+------+
|x|         12|         39|        120|    0.2482830862|         39|00:00:14|   NA|  NA|    NA|
|x|          1|         39|        126|    0.3619069294|         73|00:00:16|+0.25|0.62|0.5988|
|x|          3|         39|        126|     80.13633010|        107|00:00:13|+0.51|0.67|0.4720|
|x|          5|         39|        126|     110.1688839|        141|00:00:13|+0.49|0.62|0.5105|
|-|          6|         10|        126|     88.21516927|        175|00:00:13|-0.04|0.17|0.9984|
|=|         11|         10|        126|     26350.87729|        180|00:00:15|-0.07|0.11|0.9628|
|=|         10|         10|        126|     22589.27027|        185|00:00:13|-0.02|0.13|0.8895|
|=|          8|         10|        126|     19768.51613|        190|00:00:18|+0.01|0.14|0.8722|
|=|          4|         10|        126|     17574.33298|        195|00:00:14|+0.01|0.12|0.8883|
|=|          9|         10|        126|     17502.70748|        200|00:00:14|+0.02|0.12|0.8633|
|=|          7|         10|         70|     10536.28626|        205|00:00:14|+0.05|0.14|0.8349|
|-|          2|          7|        126|     14602.17831|        210|00:00:14|+0.02|0.11|0.8593|
|=|         13|          7|        126|     13479.93520|        217|00:00:01|+0.01|0.09|0.8520|
|=|         14|          7|        126|     12517.16890|        224|00:00:01|+0.04|0.10|0.8292|
+-+-----------+-----------+-----------+----------------+-----------+--------+-----+----+------+
Best-so-far configuration:         126    mean value:      12517.16890
Description of the best-so-far configuration:
    .ID. particles topology modInfluence branching tSchedule phi1 phi2 inertia
126  126        60        1            0        NA        NA 0.85 1.95    0.64
    .PARENT.
126       92

# 2025-05-21 14:54:03 -04: Elite configurations (first number is the configuration ID; listed from best to worst according to the sum of ranks):
    particles topology modInfluence branching tSchedule phi1 phi2 inertia
126        60        1            0        NA        NA 0.85 1.95    0.64
70        169        5            0        NA         4 0.87 2.13    0.53
111        82        1            0        NA        NA 0.15 2.09    0.30
121        55        1            0        NA        NA 1.08 1.89    0.55
15         72        1            0        NA        NA 0.23 1.73    0.40
# 2025-05-21 14:54:03 -04: Iteration 4 of 5
# experimentsUsed: 968
# remainingBudget: 1032
# currentBudget: 516
# nbConfigurations: 39
# Markers:
     x No test is performed.
     c Configurations are discarded only due to capping.
     - The test is performed and some configurations are discarded.
     = The test is performed but no configuration is discarded.
     ! The test is performed and configurations could be discarded but elite configurations are preserved.
     . All alive configurations are elite and nothing is discarded.

+-+-----------+-----------+-----------+----------------+-----------+--------+-----+----+------+
| |   Instance|      Alive|       Best|       Mean best| Exp so far|  W time|  rho|KenW|  Qvar|
+-+-----------+-----------+-----------+----------------+-----------+--------+-----+----+------+
|x|         15|         39|        184|    0.8145272636|         39|00:00:13|   NA|  NA|    NA|
|x|          2|         39|        160|     95.31952005|         73|00:00:13|+0.02|0.51|0.2739|
|x|          4|         39|        177|     76.90040334|        107|00:00:13|+0.02|0.35|0.5986|
|x|          7|         39|        177|     57.96791350|        141|00:00:13|+0.16|0.37|0.6202|
|-|         11|         22|        177|     16128.38265|        175|00:00:19|+0.02|0.21|1.0256|
|=|          8|         22|        162|     9373.407215|        192|00:00:11|-0.03|0.14|1.0188|
|=|          3|         22|        162|     8087.676774|        209|00:00:02|-0.03|0.12|0.9954|
|=|          6|         22|        162|     7076.782300|        226|00:00:02|-0.05|0.08|0.9889|
|=|         13|         22|        162|     6291.922769|        243|00:00:02|-0.03|0.08|0.9627|
|=|          1|         22|        157|     11771.69040|        260|00:00:05|-0.02|0.08|0.9637|
|=|          5|         22|        182|     12877.94122|        277|00:00:02|-0.01|0.08|0.9474|
|=|         10|         22|        177|     6779.948363|        294|00:00:02|-0.01|0.08|0.9443|
|=|         12|         22|        177|     6258.438252|        311|00:00:01|+0.01|0.09|0.9230|
|=|          9|         22|        177|     7043.667270|        328|00:00:02|-0.00|0.07|0.9293|
|=|         14|         22|        177|     6574.095164|        345|00:00:01|+0.00|0.07|0.9366|
|=|         16|         22|        177|     6168.923895|        367|00:00:02|-0.00|0.06|0.9402|
+-+-----------+-----------+-----------+----------------+-----------+--------+-----+----+------+
Best-so-far configuration:         177    mean value:      6168.923895
Description of the best-so-far configuration:
    .ID. particles topology modInfluence branching tSchedule phi1 phi2 inertia
177  177        27        1            0        NA        NA 1.36 2.21    0.49
    .PARENT.
177      121

# 2025-05-21 14:55:53 -04: Elite configurations (first number is the configuration ID; listed from best to worst according to the sum of ranks):
    particles topology modInfluence branching tSchedule phi1 phi2 inertia
177        27        1            0        NA        NA 1.36 2.21    0.49
182        70        1            0        NA        NA 0.52 2.27    0.52
160        27        1            0        NA        NA 0.78 1.97    0.49
70        169        5            0        NA         4 0.87 2.13    0.53
163        73        1            0        NA        NA 0.50 2.39    0.30
# 2025-05-21 14:55:53 -04: Iteration 5 of 5
# experimentsUsed: 1335
# remainingBudget: 665
# currentBudget: 665
# nbConfigurations: 43
# Markers:
     x No test is performed.
     c Configurations are discarded only due to capping.
     - The test is performed and some configurations are discarded.
     = The test is performed but no configuration is discarded.
     ! The test is performed and configurations could be discarded but elite configurations are preserved.
     . All alive configurations are elite and nothing is discarded.

+-+-----------+-----------+-----------+----------------+-----------+--------+-----+----+------+
| |   Instance|      Alive|       Best|       Mean best| Exp so far|  W time|  rho|KenW|  Qvar|
+-+-----------+-----------+-----------+----------------+-----------+--------+-----+----+------+
|x|         17|         43|        207|     15742.96426|         43|00:00:05|   NA|  NA|    NA|
|x|         15|         43|        220|     8169.497401|         81|00:00:04|-0.23|0.38|0.2153|
|x|         10|         43|        220|     5452.159909|        119|00:00:04|+0.04|0.36|0.2525|
|x|         13|         43|        163|     4106.089253|        157|00:00:04|+0.11|0.33|0.4671|
|-|          1|         30|        220|     3274.012724|        195|00:00:12|-0.06|0.15|1.0289|
|=|          8|         30|        220|     2732.333777|        220|00:00:16|-0.04|0.14|1.0000|
|=|         14|         30|        220|     2342.025662|        245|00:00:02|+0.01|0.15|0.9637|
|=|         16|         30|        177|     2078.269611|        270|00:00:03|-0.01|0.12|0.9778|
|=|          7|         30|        177|     1847.480815|        295|00:00:02|+0.01|0.12|0.9584|
|=|          4|         30|        177|     1664.814246|        320|00:00:02|+0.02|0.12|0.9639|
|=|          3|         30|        177|     1556.313391|        345|00:00:02|+0.02|0.11|0.9684|
|=|          2|         30|        177|     1444.036990|        370|00:00:02|+0.03|0.11|0.9509|
|=|          9|         30|        177|     2660.006798|        395|00:00:03|+0.03|0.10|0.9450|
|=|         11|         30|        177|     8213.580711|        420|00:00:06|+0.01|0.08|0.9669|
|=|          6|         30|        208|     8054.446620|        445|00:00:02|+0.01|0.08|0.9624|
|=|          5|         30|        208|     7563.642691|        470|00:00:02|+0.02|0.08|0.9531|
|=|         12|         30|        177|     6775.139368|        495|00:00:02|+0.03|0.08|0.9439|
|=|         18|         30|        177|     6399.907967|        525|00:00:03|+0.02|0.08|0.9419|
+-+-----------+-----------+-----------+----------------+-----------+--------+-----+----+------+
Best-so-far configuration:         177    mean value:      6399.907967
Description of the best-so-far configuration:
    .ID. particles topology modInfluence branching tSchedule phi1 phi2 inertia
177  177        27        1            0        NA        NA 1.36 2.21    0.49
    .PARENT.
177      121

# 2025-05-21 14:57:19 -04: Elite configurations (first number is the configuration ID; listed from best to worst according to the sum of ranks):
    particles topology modInfluence branching tSchedule phi1 phi2 inertia
177        27        1            0        NA        NA 1.36 2.21    0.49
182        70        1            0        NA        NA 0.52 2.27    0.52
208        60        1            0        NA        NA 0.72 2.47    0.46
207        61        1            0        NA        NA 0.73 2.24    0.60
163        73        1            0        NA        NA 0.50 2.39    0.30
# 2025-05-21 14:57:19 -04: Iteration 6 of 6
# experimentsUsed: 1860
# remainingBudget: 140
# currentBudget: 140
# nbConfigurations: 12
# Markers:
     x No test is performed.
     c Configurations are discarded only due to capping.
     - The test is performed and some configurations are discarded.
     = The test is performed but no configuration is discarded.
     ! The test is performed and configurations could be discarded but elite configurations are preserved.
     . All alive configurations are elite and nothing is discarded.

+-+-----------+-----------+-----------+----------------+-----------+--------+-----+----+------+
| |   Instance|      Alive|       Best|       Mean best| Exp so far|  W time|  rho|KenW|  Qvar|
+-+-----------+-----------+-----------+----------------+-----------+--------+-----+----+------+
|x|         19|         12|        229|     170.3348800|         12|00:00:01|   NA|  NA|    NA|
|x|         11|         12|        225|     36301.12256|         19|00:00:02|-0.85|0.08|1.5111|
|x|          8|         12|        223|     28313.05157|         26|00:00:06|-0.24|0.17|1.0139|
|x|         16|         12|        223|     21237.50478|         33|00:00:01|+0.05|0.29|0.8464|
|=|         13|         12|        182|     28216.06328|         40|00:00:01|+0.07|0.25|0.8546|
|=|          1|         12|        182|     23513.45013|         47|00:00:03|+0.06|0.21|0.8207|
|=|          5|         12|        182|     20182.85344|         54|00:00:01|+0.09|0.22|0.8088|
|=|         17|         12|        182|     19667.05778|         61|00:00:01|+0.08|0.20|0.8381|
|=|          4|         12|        182|     17484.14615|         68|00:00:01|+0.09|0.20|0.8195|
|=|          3|         12|        182|     15774.59150|         75|00:00:00|+0.05|0.15|0.8469|
|=|         18|         12|        182|     14342.44272|         82|00:00:01|+0.02|0.11|0.8962|
|=|         14|         12|        182|     13147.27635|         89|00:00:01|+0.03|0.11|0.8985|
|=|          7|         12|        182|     12136.08414|         96|00:00:01|+0.04|0.11|0.8809|
|=|         15|         12|        182|     11269.29175|        103|00:00:01|+0.03|0.10|0.8969|
|=|          9|         12|        182|     11637.08405|        110|00:00:01|+0.03|0.09|0.8889|
|=|         12|         12|        182|     10909.78417|        117|00:00:01|+0.04|0.10|0.8858|
|=|         10|         12|        182|     10269.23817|        124|00:00:01|+0.04|0.10|0.8831|
|=|          2|         12|        182|     9710.326837|        131|00:00:01|+0.04|0.10|0.8753|
|-|          6|          9|        182|     9199.272133|        138|00:00:00|-0.01|0.04|0.9070|
+-+-----------+-----------+-----------+----------------+-----------+--------+-----+----+------+
Best-so-far configuration:         182    mean value:      9199.272133
Description of the best-so-far configuration:
    .ID. particles topology modInfluence branching tSchedule phi1 phi2 inertia
182  182        70        1            0        NA        NA 0.52 2.27    0.52
    .PARENT.
182      121

# 2025-05-21 14:57:51 -04: Elite configurations (first number is the configuration ID; listed from best to worst according to the sum of ranks):
    particles topology modInfluence branching tSchedule phi1 phi2 inertia
182        70        1            0        NA        NA 0.52 2.27    0.52
207        61        1            0        NA        NA 0.73 2.24    0.60
177        27        1            0        NA        NA 1.36 2.21    0.49
208        60        1            0        NA        NA 0.72 2.47    0.46
223        46        1            0        NA        NA 1.27 2.34    0.51
# 2025-05-21 14:57:51 -04: Stopped because there is not enough budget left to race more than the minimum (5).
# You may either increase the budget or set 'minNbSurvival' to a lower value.
# Iteration: 7
# nbIterations: 7
# experimentsUsed: 1998
# timeUsed: 0
# remainingBudget: 2
# currentBudget: 2
# number of elites: 5
# nbConfigurations: 5
# Total CPU user time: 3783.505, CPU sys time: 59.08, Wall-clock time: 672.891
# 2025-05-21 14:57:51 -04: Starting post-selection:
# Configurations selected: 182, 207.
# Pending instances: 0, 0.
# 2025-05-21 14:57:51 -04: seed: 42
# Configurations: 2
# Available experiments: 2
# minSurvival: 1
# Markers:
     x No test is performed.
     c Configurations are discarded only due to capping.
     - The test is performed and some configurations are discarded.
     = The test is performed but no configuration is discarded.
     ! The test is performed and configurations could be discarded but elite configurations are preserved.
     . All alive configurations are elite and nothing is discarded.

+-+-----------+-----------+-----------+----------------+-----------+--------+-----+----+------+
| |   Instance|      Alive|       Best|       Mean best| Exp so far|  W time|  rho|KenW|  Qvar|
+-+-----------+-----------+-----------+----------------+-----------+--------+-----+----+------+
|.|         10|          2|        207|     19.30812618|          0|00:00:00|   NA|  NA|    NA|
|.|          8|          2|        207|     22.28169997|          0|00:00:00|-1.00|0.00|1.0000|
|.|          5|          2|        207|     77.86235153|          0|00:00:00|-0.33|0.11|0.6667|
|.|          1|          2|        207|     58.51945357|          0|00:00:00|-0.33|0.00|0.6667|
|.|         16|          2|        207|     81.07634418|          0|00:00:00|-0.20|0.04|0.6000|
|.|          7|          2|        207|     67.86887287|          0|00:00:00|-0.07|0.11|0.5333|
|.|          4|          2|        207|     61.14739695|          0|00:00:00|-0.14|0.02|0.5714|
|.|         19|          2|        207|     75.39535310|          0|00:00:00|-0.14|0.00|0.5714|
|.|          9|          2|        207|     1908.739451|          0|00:00:00|-0.11|0.01|0.5556|
|.|         13|          2|        207|     1719.129592|          0|00:00:00|-0.11|0.00|0.5556|
|.|         11|          2|        207|     18408.89744|          0|00:00:00|-0.09|0.01|0.5455|
|.|          3|          2|        207|     16889.03239|          0|00:00:00|-0.09|0.00|0.5455|
|.|         18|          2|        207|     15591.49099|          0|00:00:00|-0.08|0.01|0.5385|
|.|         17|          2|        207|     15602.31051|          0|00:00:00|-0.08|0.00|0.5385|
|.|          6|          2|        207|     14562.18024|          0|00:00:00|-0.07|0.00|0.5333|
|.|         12|          2|        207|     13652.06432|          0|00:00:00|-0.05|0.02|0.5250|
|.|          2|          2|        207|     12859.68148|          0|00:00:00|-0.06|0.00|0.5294|
|.|         15|          2|        207|     12145.30984|          0|00:00:00|-0.05|0.01|0.5229|
|.|         14|          2|        207|     11506.13012|          0|00:00:00|-0.03|0.02|0.5146|
|=|         20|          2|        182|     8763.635727|          2|00:00:01|-0.01|0.04|0.5053|
+-+-----------+-----------+-----------+----------------+-----------+--------+-----+----+------+
Best-so-far configuration:         182    mean value:      8763.635727
Description of the best-so-far configuration:
    .ID. particles topology modInfluence branching tSchedule phi1 phi2 inertia
182  182        70        1            0        NA        NA 0.52 2.27    0.52
    .PARENT.
182      121

# 2025-05-21 14:57:52 -04: Elite configurations (first number is the configuration ID; listed from best to worst according to the sum of ranks):
    particles topology modInfluence branching tSchedule phi1 phi2 inertia
182        70        1            0        NA        NA 0.52 2.27    0.52
207        61        1            0        NA        NA 0.73 2.24    0.60
# Total CPU user time: 3785.142, CPU sys time: 59.138, Wall-clock time: 674.001
    .ID. particles topology modInfluence branching tSchedule phi1 phi2 inertia
182  182        70        1            0        NA        NA 0.52 2.27    0.52
207  207        61        1            0        NA        NA 0.73 2.24    0.60
    .PARENT. .RANK.  .WEIGHT.
182      121     28 0.6666667
207      182     32 0.3333333
