# 2025-06-08 15:20:28 -04: Reading parameter file '/home/dianag/PruebasPablo/irace-independent-executions/MMASQAP/Scenarios/E2-BL-SR/Runs/E2-BL-SR_seed_20250512/parameters.txt'.
# 2025-06-08 15:20:29 -04: Initialization
# Elitist race
# Elitist new instances: 1
# Elitist limit: 2
# nbIterations: 3
# minNbSurvival: 3
# nbParameters: 3
# seed: 20250512
# confidence level: 0.95
# budget: 750
# mu: 5
# deterministic: FALSE

# 2025-06-08 15:20:29 -04: Iteration 1 of 3
# experimentsUsed: 0
# remainingBudget: 750
# currentBudget: 250
# nbConfigurations: 41
# Markers:
     x No test is performed.
     c Configurations are discarded only due to capping.
     - The test is performed and some configurations are discarded.
     = The test is performed but no configuration is discarded.
     ! The test is performed and configurations could be discarded but elite configurations are preserved.
     . All alive configurations are elite and nothing is discarded.

+-+-----------+-----------+-----------+----------------+-----------+--------+-----+----+------+
| |   Instance|      Alive|       Best|       Mean best| Exp so far|  W time|  rho|KenW|  Qvar|
+-+-----------+-----------+-----------+----------------+-----------+--------+-----+----+------+
|x|          1|         41|          7|     479476.0000|         41|00:00:15|   NA|  NA|    NA|
|x|          2|         41|         11|     432098.0000|         82|00:00:15|+0.39|0.69|0.2925|
|x|          3|         41|         32|     2732446.667|        123|00:00:14|+0.28|0.52|0.4884|
|x|          4|         41|         32|     2187983.000|        164|00:00:15|+0.26|0.45|0.4478|
|-|          5|         21|         32|     3236901.600|        205|00:00:14|-0.05|0.16|0.9688|
|=|          6|         21|         32|     3940987.667|        226|00:00:09|+0.07|0.22|0.8575|
|-|          7|          9|          5|     4413192.000|        247|00:00:09|+0.05|0.18|0.7685|
+-+-----------+-----------+-----------+----------------+-----------+--------+-----+----+------+
Best-so-far configuration:           5    mean value:      4413192.000
Description of the best-so-far configuration:
  .ID. localsearch  rho ants .PARENT.
5    5           3 0.01   12       NA

# 2025-06-08 15:22:03 -04: Elite configurations (first number is the configuration ID; listed from best to worst according to the sum of ranks):
   localsearch  rho ants
5            3 0.01   12
18           3 0.48   40
32           3 0.54   96
# 2025-06-08 15:22:03 -04: Iteration 2 of 3
# experimentsUsed: 247
# remainingBudget: 503
# currentBudget: 251
# nbConfigurations: 34
# Markers:
     x No test is performed.
     c Configurations are discarded only due to capping.
     - The test is performed and some configurations are discarded.
     = The test is performed but no configuration is discarded.
     ! The test is performed and configurations could be discarded but elite configurations are preserved.
     . All alive configurations are elite and nothing is discarded.

+-+-----------+-----------+-----------+----------------+-----------+--------+-----+----+------+
| |   Instance|      Alive|       Best|       Mean best| Exp so far|  W time|  rho|KenW|  Qvar|
+-+-----------+-----------+-----------+----------------+-----------+--------+-----+----+------+
|x|          8|         34|         18|     7352650.000|         34|00:00:16|   NA|  NA|    NA|
|x|          3|         34|         58|     7331203.000|         65|00:00:14|+0.85|0.93|0.2080|
|x|          2|         34|         50|     5020742.667|         96|00:00:15|+0.17|0.45|0.7858|
|x|          4|         34|         50|     3903165.000|        127|00:00:15|+0.13|0.35|0.7838|
|-|          7|         20|         50|     4582279.200|        158|00:00:14|-0.09|0.13|0.9335|
|=|          5|         20|         50|     5054559.000|        175|00:00:09|-0.01|0.16|0.8463|
|=|          1|         20|         50|     4401085.143|        192|00:00:10|-0.01|0.13|0.8590|
|=|          6|         20|         50|     4782045.750|        209|00:00:10|+0.02|0.14|0.8150|
|=|          9|         20|         50|     5037191.778|        229|00:00:14|+0.06|0.17|0.7571|
+-+-----------+-----------+-----------+----------------+-----------+--------+-----+----+------+
Best-so-far configuration:          50    mean value:      5037191.778
Description of the best-so-far configuration:
   .ID. localsearch  rho ants .PARENT.
50   50           3 0.01    6        5

# 2025-06-08 15:24:04 -04: Elite configurations (first number is the configuration ID; listed from best to worst according to the sum of ranks):
   localsearch  rho ants
50           3 0.01    6
72           3 0.07   12
44           3 0.14    5
# 2025-06-08 15:24:04 -04: Iteration 3 of 3
# experimentsUsed: 476
# remainingBudget: 274
# currentBudget: 274
# nbConfigurations: 30
# Markers:
     x No test is performed.
     c Configurations are discarded only due to capping.
     - The test is performed and some configurations are discarded.
     = The test is performed but no configuration is discarded.
     ! The test is performed and configurations could be discarded but elite configurations are preserved.
     . All alive configurations are elite and nothing is discarded.

+-+-----------+-----------+-----------+----------------+-----------+--------+-----+----+------+
| |   Instance|      Alive|       Best|       Mean best| Exp so far|  W time|  rho|KenW|  Qvar|
+-+-----------+-----------+-----------+----------------+-----------+--------+-----+----+------+
|x|         10|         30|         99|     7454844.000|         30|00:00:16|   NA|  NA|    NA|
|x|          6|         30|         44|     7451051.000|         57|00:00:14|+0.67|0.83|0.1407|
|x|          8|         30|         87|     7422629.333|         84|00:00:15|+0.65|0.77|0.1567|
|x|          4|         30|         87|     5704026.500|        111|00:00:14|+0.45|0.58|0.4385|
|-|          1|         14|         50|     4660313.600|        138|00:00:15|-0.06|0.15|0.9506|
|=|          2|         14|         50|     3946568.000|        149|00:00:09|+0.04|0.20|0.8838|
|=|          7|         14|         50|     4425449.143|        160|00:00:09|-0.07|0.08|0.9908|
|=|          9|         14|         87|     4756420.000|        171|00:00:09|-0.04|0.09|0.9652|
|=|          3|         14|         87|     5040858.000|        182|00:00:09|-0.03|0.08|0.9492|
|=|          5|         14|         87|     5278610.000|        193|00:00:09|-0.03|0.07|0.9482|
|=|         11|         14|         87|     5472175.273|        207|00:00:09|-0.02|0.07|0.9473|
+-+-----------+-----------+-----------+----------------+-----------+--------+-----+----+------+
Best-so-far configuration:          87    mean value:      5472175.273
Description of the best-so-far configuration:
   .ID. localsearch  rho ants .PARENT.
87   87           3 0.11   10       72

# 2025-06-08 15:26:17 -04: Elite configurations (first number is the configuration ID; listed from best to worst according to the sum of ranks):
   localsearch  rho ants
87           3 0.11   10
75           3 0.03    9
91           3 0.16   10
# 2025-06-08 15:26:17 -04: Iteration 4 of 4
# experimentsUsed: 683
# remainingBudget: 67
# currentBudget: 67
# nbConfigurations: 8
# Markers:
     x No test is performed.
     c Configurations are discarded only due to capping.
     - The test is performed and some configurations are discarded.
     = The test is performed but no configuration is discarded.
     ! The test is performed and configurations could be discarded but elite configurations are preserved.
     . All alive configurations are elite and nothing is discarded.

+-+-----------+-----------+-----------+----------------+-----------+--------+-----+----+------+
| |   Instance|      Alive|       Best|       Mean best| Exp so far|  W time|  rho|KenW|  Qvar|
+-+-----------+-----------+-----------+----------------+-----------+--------+-----+----+------+
|x|         12|          8|        103|     313612.0000|          8|00:00:04|   NA|  NA|    NA|
|x|         11|          8|        103|     3859188.000|         13|00:00:04|+0.38|0.69|0.5212|
|x|          2|          8|        103|     2698832.667|         18|00:00:04|+0.35|0.57|0.6706|
|x|          3|          8|        103|     3855724.500|         23|00:00:04|+0.02|0.26|0.6789|
|=|         10|          8|        103|     4578517.200|         28|00:00:04|+0.16|0.33|0.5772|
|=|          7|          8|        103|     5029649.333|         33|00:00:04|+0.14|0.28|0.5535|
|=|          4|          8|        103|     4389748.286|         38|00:00:05|+0.12|0.25|0.6759|
|=|          1|          8|        103|     3901189.000|         43|00:00:04|+0.06|0.17|0.7493|
|=|          6|          8|        103|     4297076.444|         48|00:00:04|+0.00|0.12|0.7245|
|=|          5|          8|        103|     4609162.000|         53|00:00:04|+0.01|0.11|0.6829|
|=|          9|          8|        103|     4832403.818|         58|00:00:05|+0.05|0.13|0.6402|
|-|          8|          7|        103|     5042292.500|         63|00:00:04|+0.01|0.09|0.8721|
+-+-----------+-----------+-----------+----------------+-----------+--------+-----+----+------+
Best-so-far configuration:         103    mean value:      5042292.500
Description of the best-so-far configuration:
    .ID. localsearch  rho ants .PARENT.
103  103           3 0.16   15       75

# 2025-06-08 15:27:15 -04: Elite configurations (first number is the configuration ID; listed from best to worst according to the sum of ranks):
    localsearch  rho ants
103           3 0.16   15
87            3 0.11   10
75            3 0.03    9
# 2025-06-08 15:27:15 -04: Stopped because there is not enough budget left to race more than the minimum (3).
# You may either increase the budget or set 'minNbSurvival' to a lower value.
# Iteration: 5
# nbIterations: 5
# experimentsUsed: 746
# timeUsed: 0
# remainingBudget: 4
# currentBudget: 4
# number of elites: 3
# nbConfigurations: 3
# Total CPU user time: 2560.49, CPU sys time: 17.263, Wall-clock time: 406.277
# 2025-06-08 15:27:15 -04: Starting post-selection:
# Configurations selected: 103, 87, 75, 91.
# Pending instances: 0, 0, 0, 0.
# 2025-06-08 15:27:15 -04: seed: 20250512
# Configurations: 4
# Available experiments: 4
# minSurvival: 1
# Markers:
     x No test is performed.
     c Configurations are discarded only due to capping.
     - The test is performed and some configurations are discarded.
     = The test is performed but no configuration is discarded.
     ! The test is performed and configurations could be discarded but elite configurations are preserved.
     . All alive configurations are elite and nothing is discarded.

+-+-----------+-----------+-----------+----------------+-----------+--------+-----+----+------+
| |   Instance|      Alive|       Best|       Mean best| Exp so far|  W time|  rho|KenW|  Qvar|
+-+-----------+-----------+-----------+----------------+-----------+--------+-----+----+------+
|.|          1|          4|         75|     479218.0000|          0|00:00:00|   NA|  NA|    NA|
|.|          5|          4|         75|     3942920.000|          0|00:00:00|+0.40|0.70|0.7066|
|.|         10|          4|         75|     5120493.333|          0|00:00:00|-0.07|0.29|0.8791|
|.|         11|          4|         75|     5686642.500|          0|00:00:00|+0.17|0.38|0.6931|
|.|          3|          4|         75|     6015293.200|          0|00:00:00|-0.12|0.10|0.8224|
|.|         12|          4|         75|     5066027.333|          0|00:00:00|-0.04|0.13|0.7653|
|.|          7|          4|         75|     5384430.286|          0|00:00:00|-0.03|0.12|0.8010|
|.|          8|          4|         75|     5631098.250|          0|00:00:00|+0.04|0.16|0.7570|
|.|          9|          4|         75|     5790562.667|          0|00:00:00|-0.03|0.08|0.7993|
|.|          4|          4|         75|     5268846.000|          0|00:00:00|-0.01|0.09|0.7842|
|.|          2|          4|         75|     4824439.818|          0|00:00:00|+0.04|0.12|0.7501|
|.|          6|          4|         75|     5043380.833|          0|00:00:00|-0.03|0.06|0.7859|
|=|         13|          4|        103|     5246718.154|          4|00:00:04|-0.05|0.03|0.8032|
+-+-----------+-----------+-----------+----------------+-----------+--------+-----+----+------+
Best-so-far configuration:         103    mean value:      5246718.154
Description of the best-so-far configuration:
    .ID. localsearch  rho ants .PARENT.
103  103           3 0.16   15       75

# 2025-06-08 15:27:20 -04: Elite configurations (first number is the configuration ID; listed from best to worst according to the sum of ranks):
    localsearch  rho ants
103           3 0.16   15
75            3 0.03    9
87            3 0.11   10
# Total CPU user time: 2578.617, CPU sys time: 17.357, Wall-clock time: 411.159
    .ID. localsearch  rho ants .PARENT. .RANK.  .WEIGHT.
103  103           3 0.16   15       75     28 0.5000000
75    75           3 0.03    9       50     33 0.3333333
87    87           3 0.11   10       72     34 0.1666667
