# 2025-06-12 16:21:03 -04: Reading parameter file '/home/dianag/PruebasPablo/irace-independent-executions/PSO-X/Scenarios/E6-BL-Multimodal-SR/Runs/E6-BL-Multimodal-SR_seed_8675309/parameters.txt'.
# 2025-06-12 16:21:03 -04: 2 expression(s) specifying forbidden configurations read.
# 2025-06-12 16:21:03 -04: Initialization
# Elitist race
# Elitist new instances: 1
# Elitist limit: 2
# nbIterations: 5
# minNbSurvival: 5
# nbParameters: 8
# seed: 8675309
# confidence level: 0.95
# budget: 2000
# mu: 5
# deterministic: FALSE

# 2025-06-12 16:21:03 -04: Iteration 1 of 5
# experimentsUsed: 0
# remainingBudget: 2000
# currentBudget: 400
# nbConfigurations: 66
# Markers:
     x No test is performed.
     c Configurations are discarded only due to capping.
     - The test is performed and some configurations are discarded.
     = The test is performed but no configuration is discarded.
     ! The test is performed and configurations could be discarded but elite configurations are preserved.
     . All alive configurations are elite and nothing is discarded.

+-+-----------+-----------+-----------+----------------+-----------+--------+-----+----+------+
| |   Instance|      Alive|       Best|       Mean best| Exp so far|  W time|  rho|KenW|  Qvar|
+-+-----------+-----------+-----------+----------------+-----------+--------+-----+----+------+
|x|          1|         66|          1|     144.3488851|         66|00:00:22|   NA|  NA|    NA|
|x|          2|         66|         43|     349.4989355|        132|00:00:24|+0.92|0.96|0.1338|
|x|          3|         66|         43|     239.9586100|        198|00:00:24|+0.26|0.51|0.6811|
|x|          4|         66|         62|     297.1008553|        264|00:00:23|+0.37|0.53|0.6556|
|-|          5|         24|         27|     388.0142192|        330|00:00:24|-0.02|0.19|0.8148|
|=|          6|         24|         27|     325.3801138|        354|00:00:11|+0.04|0.20|0.7754|
|=|          7|         24|         27|     2576.979457|        378|00:00:11|+0.08|0.21|0.7518|
+-+-----------+-----------+-----------+----------------+-----------+--------+-----+----+------+
Best-so-far configuration:          27    mean value:      2576.979457
Description of the best-so-far configuration:
   .ID. particles topology modInfluence branching tSchedule phi1 phi2 inertia
27   27        95        0            0        NA        NA 2.03 0.49    0.84
   .PARENT.
27       NA

# 2025-06-12 16:23:25 -04: Elite configurations (first number is the configuration ID; listed from best to worst according to the sum of ranks):
   particles topology modInfluence branching tSchedule phi1 phi2 inertia
27        95        0            0        NA        NA 2.03 0.49    0.84
48        55        1            0        NA        NA 1.13 1.38    0.63
52       129        5            0        NA         2 2.06 1.07    0.74
7        126        0            1        NA        NA 2.42 2.44    0.87
53       167        1            0        NA        NA 1.91 2.16    0.35
# 2025-06-12 16:23:25 -04: Iteration 2 of 5
# experimentsUsed: 378
# remainingBudget: 1622
# currentBudget: 405
# nbConfigurations: 55
# Markers:
     x No test is performed.
     c Configurations are discarded only due to capping.
     - The test is performed and some configurations are discarded.
     = The test is performed but no configuration is discarded.
     ! The test is performed and configurations could be discarded but elite configurations are preserved.
     . All alive configurations are elite and nothing is discarded.

+-+-----------+-----------+-----------+----------------+-----------+--------+-----+----+------+
| |   Instance|      Alive|       Best|       Mean best| Exp so far|  W time|  rho|KenW|  Qvar|
+-+-----------+-----------+-----------+----------------+-----------+--------+-----+----+------+
|x|          8|         55|         75|     95683.47501|         55|00:00:29|   NA|  NA|    NA|
|x|          1|         55|         48|     63416.56450|        105|00:00:18|+0.04|0.52|0.8803|
|x|          5|         55|         48|     42321.02774|        155|00:00:19|+0.33|0.55|0.6760|
|x|          6|         55|         48|     31743.87532|        205|00:00:20|+0.34|0.50|0.7142|
|-|          2|         24|         48|     25400.92975|        255|00:00:18|-0.06|0.15|0.9390|
|=|          7|         24|         48|     23785.38457|        274|00:00:09|-0.02|0.15|0.9147|
|=|          3|         24|         48|     20390.46531|        293|00:00:10|+0.01|0.15|0.8828|
|=|          4|         24|         48|     17841.90854|        312|00:00:09|+0.00|0.13|0.9161|
|=|          9|         24|         48|     15862.19514|        336|00:00:24|+0.00|0.11|0.9550|
+-+-----------+-----------+-----------+----------------+-----------+--------+-----+----+------+
Best-so-far configuration:          48    mean value:      15862.19514
Description of the best-so-far configuration:
   .ID. particles topology modInfluence branching tSchedule phi1 phi2 inertia
48   48        55        1            0        NA        NA 1.13 1.38    0.63
   .PARENT.
48       NA

# 2025-06-12 16:26:05 -04: Elite configurations (first number is the configuration ID; listed from best to worst according to the sum of ranks):
   particles topology modInfluence branching tSchedule phi1 phi2 inertia
48        55        1            0        NA        NA 1.13 1.38    0.63
27        95        0            0        NA        NA 2.03 0.49    0.84
88        17        4            0        NA        NA 1.87 1.61    0.78
68        66        5            2        NA         3 2.09 2.04    0.83
96       109        4            2        NA        NA 1.54 1.48    0.79
# 2025-06-12 16:26:05 -04: Iteration 3 of 5
# experimentsUsed: 714
# remainingBudget: 1286
# currentBudget: 428
# nbConfigurations: 47
# Markers:
     x No test is performed.
     c Configurations are discarded only due to capping.
     - The test is performed and some configurations are discarded.
     = The test is performed but no configuration is discarded.
     ! The test is performed and configurations could be discarded but elite configurations are preserved.
     . All alive configurations are elite and nothing is discarded.

+-+-----------+-----------+-----------+----------------+-----------+--------+-----+----+------+
| |   Instance|      Alive|       Best|       Mean best| Exp so far|  W time|  rho|KenW|  Qvar|
+-+-----------+-----------+-----------+----------------+-----------+--------+-----+----+------+
|x|         10|         47|         48|     174.0036756|         47|00:00:16|   NA|  NA|    NA|
|x|          5|         47|        133|     155.9044841|         89|00:00:15|+0.70|0.85|0.6188|
|x|          7|         47|         48|     5337.205536|        131|00:00:15|+0.59|0.72|0.5898|
|x|          4|         47|         27|     4099.726670|        173|00:00:15|+0.49|0.62|0.4952|
|-|          1|         29|         48|     3250.987170|        215|00:00:15|-0.10|0.12|1.0445|
|=|          3|         29|        117|     2987.769101|        239|00:00:03|-0.04|0.14|0.9855|
|=|          2|         29|        117|     2564.726722|        263|00:00:02|-0.01|0.13|0.9898|
|=|          6|         29|        117|     2245.707248|        287|00:00:02|+0.02|0.14|0.9377|
|=|          8|         29|        117|     13781.16167|        311|00:00:06|+0.03|0.14|0.9379|
|=|          9|         29|        117|     12406.37385|        335|00:00:17|+0.02|0.12|0.9359|
|=|         11|         29|         48|     12994.17752|        364|00:00:03|+0.04|0.13|0.9143|
+-+-----------+-----------+-----------+----------------+-----------+--------+-----+----+------+
Best-so-far configuration:          48    mean value:      12994.17752
Description of the best-so-far configuration:
   .ID. particles topology modInfluence branching tSchedule phi1 phi2 inertia
48   48        55        1            0        NA        NA 1.13 1.38    0.63
   .PARENT.
48       NA

# 2025-06-12 16:28:02 -04: Elite configurations (first number is the configuration ID; listed from best to worst according to the sum of ranks):
    particles topology modInfluence branching tSchedule phi1 phi2 inertia
48         55        1            0        NA        NA 1.13 1.38    0.63
117        13        1            0        NA        NA 1.23 1.82    0.61
136        31        4            0        NA        NA 1.44 2.05    0.88
88         17        4            0        NA        NA 1.87 1.61    0.78
27         95        0            0        NA        NA 2.03 0.49    0.84
# 2025-06-12 16:28:02 -04: Iteration 4 of 5
# experimentsUsed: 1078
# remainingBudget: 922
# currentBudget: 461
# nbConfigurations: 43
# Markers:
     x No test is performed.
     c Configurations are discarded only due to capping.
     - The test is performed and some configurations are discarded.
     = The test is performed but no configuration is discarded.
     ! The test is performed and configurations could be discarded but elite configurations are preserved.
     . All alive configurations are elite and nothing is discarded.

+-+-----------+-----------+-----------+----------------+-----------+--------+-----+----+------+
| |   Instance|      Alive|       Best|       Mean best| Exp so far|  W time|  rho|KenW|  Qvar|
+-+-----------+-----------+-----------+----------------+-----------+--------+-----+----+------+
|x|         12|         43|        170|     121.3571580|         43|00:00:11|   NA|  NA|    NA|
|x|          6|         43|        176|     111.8709998|         81|00:00:11|+0.18|0.59|0.9409|
|x|          7|         43|        193|     5511.392074|        119|00:00:11|+0.24|0.49|0.7269|
|x|          1|         43|        165|     4075.174682|        157|00:00:11|+0.13|0.34|0.6515|
|-|         10|         27|         48|     3436.683296|        195|00:00:11|-0.10|0.12|1.0171|
|=|          5|         27|         48|     2885.561786|        217|00:00:02|-0.08|0.10|0.9793|
|=|          8|         27|         48|     20557.88452|        239|00:00:06|-0.05|0.10|0.9838|
|=|          2|         27|         48|     17991.79238|        261|00:00:02|-0.06|0.07|0.9838|
|=|          9|         27|        196|     10786.74133|        283|00:00:17|-0.02|0.09|0.9526|
|=|         11|         27|        196|     9708.257737|        305|00:00:02|+0.01|0.11|0.9213|
|=|          4|         27|        196|     8825.716625|        327|00:00:02|+0.01|0.10|0.9501|
|=|          3|         27|        196|     8091.979770|        349|00:00:03|+0.01|0.10|0.9554|
|=|         13|         27|        196|     7485.374429|        376|00:00:02|-0.00|0.08|0.9603|
+-+-----------+-----------+-----------+----------------+-----------+--------+-----+----+------+
Best-so-far configuration:         196    mean value:      7485.374429
Description of the best-so-far configuration:
    .ID. particles topology modInfluence branching tSchedule phi1 phi2 inertia
196  196        50        1            0        NA        NA 1.08    2    0.55
    .PARENT.
196       48

# 2025-06-12 16:29:39 -04: Elite configurations (first number is the configuration ID; listed from best to worst according to the sum of ranks):
    particles topology modInfluence branching tSchedule phi1 phi2 inertia
196        50        1            0        NA        NA 1.08 2.00    0.55
194        52        4            0        NA        NA 1.66 2.17    0.81
166        17        1            0        NA        NA 1.00 1.61    0.62
48         55        1            0        NA        NA 1.13 1.38    0.63
168        68        4            0        NA        NA 1.56 1.61    0.55
# 2025-06-12 16:29:39 -04: Iteration 5 of 5
# experimentsUsed: 1454
# remainingBudget: 546
# currentBudget: 546
# nbConfigurations: 43
# Markers:
     x No test is performed.
     c Configurations are discarded only due to capping.
     - The test is performed and some configurations are discarded.
     = The test is performed but no configuration is discarded.
     ! The test is performed and configurations could be discarded but elite configurations are preserved.
     . All alive configurations are elite and nothing is discarded.

+-+-----------+-----------+-----------+----------------+-----------+--------+-----+----+------+
| |   Instance|      Alive|       Best|       Mean best| Exp so far|  W time|  rho|KenW|  Qvar|
+-+-----------+-----------+-----------+----------------+-----------+--------+-----+----+------+
|x|         14|         43|        202|     1.356481428|         43|00:00:04|   NA|  NA|    NA|
|x|         13|         43|        203|     86.18475244|         81|00:00:03|+0.45|0.73|0.7267|
|x|          8|         43|        230|     34888.16065|        119|00:00:09|-0.12|0.25|1.0571|
|x|          2|         43|        207|     34736.65206|        157|00:00:03|-0.02|0.24|1.0608|
|=|         11|         43|        197|     20862.57719|        195|00:00:04|-0.01|0.19|0.9822|
|=|         12|         43|        204|     18262.34350|        233|00:00:03|+0.01|0.17|0.9883|
|=|          3|         43|        197|     14966.71008|        271|00:00:04|+0.04|0.18|0.9514|
|-|          5|         33|        230|     13169.42154|        309|00:00:04|-0.05|0.08|0.9675|
|=|          7|         33|        197|     13417.33513|        337|00:00:03|-0.05|0.07|0.9273|
|=|          9|         33|        197|     12078.40549|        365|00:00:18|-0.03|0.07|0.9039|
|=|          1|         33|        197|     11020.82851|        393|00:00:02|-0.03|0.06|0.9223|
|=|         10|         33|        197|     10120.47948|        421|00:00:03|-0.02|0.06|0.9097|
|=|          6|         33|        196|     7494.693416|        449|00:00:03|-0.01|0.07|0.8916|
|=|          4|         33|        212|     12056.55374|        477|00:00:02|-0.01|0.06|0.9083|
|=|         15|         33|        196|     6496.812262|        510|00:00:04|-0.00|0.07|0.9078|
+-+-----------+-----------+-----------+----------------+-----------+--------+-----+----+------+
Best-so-far configuration:         196    mean value:      6496.812262
Description of the best-so-far configuration:
    .ID. particles topology modInfluence branching tSchedule phi1 phi2 inertia
196  196        50        1            0        NA        NA 1.08    2    0.55
    .PARENT.
196       48

# 2025-06-12 16:30:55 -04: Elite configurations (first number is the configuration ID; listed from best to worst according to the sum of ranks):
    particles topology modInfluence branching tSchedule phi1 phi2 inertia
196        50        1            0        NA        NA 1.08 2.00    0.55
212        49        4            0        NA        NA 1.69 2.39    0.74
202        46        4            0        NA        NA 1.46 2.42    0.75
203        42        4            0        NA        NA 1.54 2.30    0.78
206        70        4            0        NA        NA 1.97 1.98    0.80
# 2025-06-12 16:30:55 -04: Iteration 6 of 6
# experimentsUsed: 1964
# remainingBudget: 36
# currentBudget: 36
# nbConfigurations: 6
# Markers:
     x No test is performed.
     c Configurations are discarded only due to capping.
     - The test is performed and some configurations are discarded.
     = The test is performed but no configuration is discarded.
     ! The test is performed and configurations could be discarded but elite configurations are preserved.
     . All alive configurations are elite and nothing is discarded.

+-+-----------+-----------+-----------+----------------+-----------+--------+-----+----+------+
| |   Instance|      Alive|       Best|       Mean best| Exp so far|  W time|  rho|KenW|  Qvar|
+-+-----------+-----------+-----------+----------------+-----------+--------+-----+----+------+
|x|         16|          6|        202|     39.32218518|          6|00:00:06|   NA|  NA|    NA|
|x|          6|          6|        202|     25.87126476|          7|00:00:01|-0.09|0.46|0.9600|
|x|          7|          6|        202|     5429.685099|          8|00:00:01|-0.24|0.17|1.0543|
|x|         10|          6|        202|     4120.569465|          9|00:00:00|-0.21|0.09|1.0201|
|=|         14|          6|        202|     3296.726869|         10|00:00:00|-0.05|0.16|0.8690|
|=|          2|          6|        202|     2751.886484|         11|00:00:00|-0.06|0.12|0.8697|
|=|          4|          6|        202|     2358.780810|         12|00:00:00|-0.03|0.12|0.8586|
|=|          9|          6|        202|     2066.640189|         13|00:00:05|-0.03|0.10|0.8820|
|=|         15|          6|        202|     1839.335880|         14|00:00:01|-0.06|0.06|0.9005|
|=|          1|          6|        202|     2716.715673|         15|00:00:00|-0.08|0.03|0.9126|
|=|          8|          6|        202|     18933.52698|         16|00:00:02|-0.07|0.03|0.9102|
|=|         11|          6|        202|     17355.91750|         17|00:00:00|-0.04|0.04|0.8905|
|=|         12|          6|        202|     16038.04091|         18|00:00:00|-0.03|0.05|0.8851|
|=|         13|          6|        202|     14906.86675|         19|00:00:00|-0.03|0.04|0.8798|
|=|          5|          6|        202|     13918.22585|         20|00:00:00|-0.02|0.05|0.8702|
|=|          3|          6|        202|     13049.64506|         21|00:00:00|-0.04|0.03|0.8801|
|=|         17|          6|        202|     12282.04172|         27|00:00:01|-0.03|0.03|0.8649|
+-+-----------+-----------+-----------+----------------+-----------+--------+-----+----+------+
Best-so-far configuration:         202    mean value:      12282.04172
Description of the best-so-far configuration:
    .ID. particles topology modInfluence branching tSchedule phi1 phi2 inertia
202  202        46        4            0        NA        NA 1.46 2.42    0.75
    .PARENT.
202      194

# 2025-06-12 16:31:22 -04: Elite configurations (first number is the configuration ID; listed from best to worst according to the sum of ranks):
    particles topology modInfluence branching tSchedule phi1 phi2 inertia
202        46        4            0        NA        NA 1.46 2.42    0.75
203        42        4            0        NA        NA 1.54 2.30    0.78
212        49        4            0        NA        NA 1.69 2.39    0.74
235        79        4            0        NA        NA 1.21 2.31    0.74
196        50        1            0        NA        NA 1.08 2.00    0.55
# 2025-06-12 16:31:22 -04: Stopped because there is not enough budget left to race more than the minimum (5).
# You may either increase the budget or set 'minNbSurvival' to a lower value.
# Iteration: 7
# nbIterations: 7
# experimentsUsed: 1991
# timeUsed: 0
# remainingBudget: 9
# currentBudget: 9
# number of elites: 5
# nbConfigurations: 5
# Total CPU user time: 3712.662, CPU sys time: 61.87, Wall-clock time: 618.598
# 2025-06-12 16:31:22 -04: Starting post-selection:
# Configurations selected: 202, 203, 212, 235, 196, 206, 194.
# Pending instances: 1, 1, 1, 1, 1, 1, 3.
# 2025-06-12 16:31:22 -04: seed: 8675309
# Configurations: 7
# Available experiments: 9
# minSurvival: 1
# Markers:
     x No test is performed.
     c Configurations are discarded only due to capping.
     - The test is performed and some configurations are discarded.
     = The test is performed but no configuration is discarded.
     ! The test is performed and configurations could be discarded but elite configurations are preserved.
     . All alive configurations are elite and nothing is discarded.

+-+-----------+-----------+-----------+----------------+-----------+--------+-----+----+------+
| |   Instance|      Alive|       Best|       Mean best| Exp so far|  W time|  rho|KenW|  Qvar|
+-+-----------+-----------+-----------+----------------+-----------+--------+-----+----+------+
|.|          2|          7|        203|     25.22898068|          0|00:00:00|   NA|  NA|    NA|
|.|          5|          7|        203|     45.57061969|          0|00:00:00|+0.18|0.59|0.4910|
|.|         11|          7|        203|     31.16101830|          0|00:00:00|+0.04|0.36|0.8878|
|.|          8|          7|        203|     44132.76521|          0|00:00:00|+0.17|0.38|0.8433|
|.|         12|          7|        203|     35358.26637|          0|00:00:00|+0.18|0.34|0.8658|
|.|          4|          7|        203|     29465.24343|          0|00:00:00|+0.27|0.39|0.7570|
|.|         14|          7|        203|     25256.20531|          0|00:00:00|+0.20|0.31|0.7899|
|.|          9|          7|        203|     22102.30180|          0|00:00:00|+0.09|0.20|0.8752|
|.|         15|          7|        203|     19648.81941|          0|00:00:00|+0.10|0.20|0.8604|
|.|          7|          7|        203|     19303.57342|          0|00:00:00|+0.03|0.12|0.8798|
|x|         16|          7|        202|     17977.54621|          1|00:00:06|+0.05|0.14|0.8599|
|.|          1|          7|        202|     17363.84518|          1|00:00:00|+0.02|0.10|0.8865|
|.|          3|          7|        202|     16029.77503|          1|00:00:00|-0.02|0.06|0.9049|
|x|         17|          7|        202|     14884.81884|          2|00:00:00|-0.03|0.05|0.8926|
|.|          6|          7|        202|     13893.32560|          2|00:00:00|-0.02|0.05|0.8908|
|.|         10|          7|        202|     13037.06916|          2|00:00:00|-0.03|0.03|0.8930|
|.|         13|          7|        202|     12282.04172|          2|00:00:00|-0.03|0.03|0.8874|
|=|         18|          7|        202|     11600.85970|          9|00:00:01|-0.02|0.03|0.8863|
+-+-----------+-----------+-----------+----------------+-----------+--------+-----+----+------+
Best-so-far configuration:         202    mean value:      11600.85970
Description of the best-so-far configuration:
    .ID. particles topology modInfluence branching tSchedule phi1 phi2 inertia
202  202        46        4            0        NA        NA 1.46 2.42    0.75
    .PARENT.
202      194

# 2025-06-12 16:31:30 -04: Elite configurations (first number is the configuration ID; listed from best to worst according to the sum of ranks):
    particles topology modInfluence branching tSchedule phi1 phi2 inertia
202        46        4            0        NA        NA 1.46 2.42    0.75
235        79        4            0        NA        NA 1.21 2.31    0.74
203        42        4            0        NA        NA 1.54 2.30    0.78
212        49        4            0        NA        NA 1.69 2.39    0.74
196        50        1            0        NA        NA 1.08 2.00    0.55
# Total CPU user time: 3726.728, CPU sys time: 62.161, Wall-clock time: 627.205
    .ID. particles topology modInfluence branching tSchedule phi1 phi2 inertia
202  202        46        4            0        NA        NA 1.46 2.42    0.75
235  235        79        4            0        NA        NA 1.21 2.31    0.74
203  203        42        4            0        NA        NA 1.54 2.30    0.78
212  212        49        4            0        NA        NA 1.69 2.39    0.74
196  196        50        1            0        NA        NA 1.08 2.00    0.55
    .PARENT. .RANK.   .WEIGHT.
202      194     63 0.33333333
235      203     67 0.26666667
203      194     68 0.20000000
212      194     69 0.13333333
196       48     75 0.06666667
