# 2025-05-16 12:37:28 -04: Reading parameter file '/home/dianag/PruebasPablo/irace-independent-executions/MMASQAP/Scenarios/E3-BH-N/Runs/E3-BH-N_seed_246813579/parameters.txt'.
# 2025-05-16 12:37:28 -04: Initialization
# Elitist race
# Elitist new instances: 1
# Elitist limit: 2
# nbIterations: 3
# minNbSurvival: 3
# nbParameters: 3
# seed: 246813579
# confidence level: 0.95
# budget: 1500
# mu: 5
# deterministic: FALSE

# 2025-05-16 12:37:28 -04: Iteration 1 of 3
# experimentsUsed: 0
# remainingBudget: 1500
# currentBudget: 500
# nbConfigurations: 83
# Markers:
     x No test is performed.
     c Configurations are discarded only due to capping.
     - The test is performed and some configurations are discarded.
     = The test is performed but no configuration is discarded.
     ! The test is performed and configurations could be discarded but elite configurations are preserved.
     . All alive configurations are elite and nothing is discarded.

+-+-----------+-----------+-----------+----------------+-----------+--------+-----+----+------+
| |   Instance|      Alive|       Best|       Mean best| Exp so far|  W time|  rho|KenW|  Qvar|
+-+-----------+-----------+-----------+----------------+-----------+--------+-----+----+------+
|x|          1|         83|         55|     544806.0000|         83|00:00:28|   NA|  NA|    NA|
|x|          2|         83|         65|     588983.0000|        166|00:00:28|+0.30|0.65|0.3733|
|x|          3|         83|         65|     559630.6667|        249|00:00:29|+0.35|0.57|0.3203|
|x|          4|         83|         65|     2284933.500|        332|00:00:28|+0.30|0.47|0.4529|
|-|          5|         31|         45|     1923731.200|        415|00:00:29|-0.08|0.14|1.0833|
|=|          6|         31|         45|     1683022.000|        446|00:00:15|-0.05|0.13|1.0420|
|=|          7|         31|         45|     1504439.429|        477|00:00:15|-0.01|0.13|0.9978|
+-+-----------+-----------+-----------+----------------+-----------+--------+-----+----+------+
Best-so-far configuration:          45    mean value:      1504439.429
Description of the best-so-far configuration:
   .ID. localsearch rho ants .PARENT.
45   45           3 0.2    4       NA

# 2025-05-16 12:40:23 -04: Elite configurations (first number is the configuration ID; listed from best to worst according to the sum of ranks):
   localsearch  rho ants
45           3 0.20    4
13           3 0.38   21
44           3 0.58   42
# 2025-05-16 12:40:23 -04: Iteration 2 of 3
# experimentsUsed: 477
# remainingBudget: 1023
# currentBudget: 511
# nbConfigurations: 66
# Markers:
     x No test is performed.
     c Configurations are discarded only due to capping.
     - The test is performed and some configurations are discarded.
     = The test is performed but no configuration is discarded.
     ! The test is performed and configurations could be discarded but elite configurations are preserved.
     . All alive configurations are elite and nothing is discarded.

+-+-----------+-----------+-----------+----------------+-----------+--------+-----+----+------+
| |   Instance|      Alive|       Best|       Mean best| Exp so far|  W time|  rho|KenW|  Qvar|
+-+-----------+-----------+-----------+----------------+-----------+--------+-----+----+------+
|x|          8|         66|         45|     446564.0000|         66|00:00:29|   NA|  NA|    NA|
|x|          4|         66|         84|     3943962.000|        129|00:00:27|+0.37|0.69|0.7463|
|x|          2|         66|        134|     2840210.000|        192|00:00:28|+0.12|0.41|0.8424|
|x|          7|         66|         45|     2245423.500|        255|00:00:28|+0.10|0.32|0.8409|
|-|          1|         24|         45|     1905846.800|        318|00:00:28|-0.08|0.14|1.0631|
|=|          3|         24|         45|     1670110.000|        339|00:00:13|-0.05|0.13|1.0316|
|=|          6|         24|         45|     1500019.429|        360|00:00:13|-0.02|0.13|1.0035|
|=|          5|         24|         45|     1372205.000|        381|00:00:13|-0.01|0.12|0.9826|
|=|          9|         24|         45|     1262212.222|        405|00:00:14|-0.00|0.11|0.9774|
+-+-----------+-----------+-----------+----------------+-----------+--------+-----+----+------+
Best-so-far configuration:          45    mean value:      1262212.222
Description of the best-so-far configuration:
   .ID. localsearch rho ants .PARENT.
45   45           3 0.2    4       NA

# 2025-05-16 12:43:42 -04: Elite configurations (first number is the configuration ID; listed from best to worst according to the sum of ranks):
    localsearch  rho ants
45            3 0.20    4
84            3 0.51   12
145           3 0.39   16
# 2025-05-16 12:43:42 -04: Iteration 3 of 3
# experimentsUsed: 882
# remainingBudget: 618
# currentBudget: 618
# nbConfigurations: 64
# Markers:
     x No test is performed.
     c Configurations are discarded only due to capping.
     - The test is performed and some configurations are discarded.
     = The test is performed but no configuration is discarded.
     ! The test is performed and configurations could be discarded but elite configurations are preserved.
     . All alive configurations are elite and nothing is discarded.

+-+-----------+-----------+-----------+----------------+-----------+--------+-----+----+------+
| |   Instance|      Alive|       Best|       Mean best| Exp so far|  W time|  rho|KenW|  Qvar|
+-+-----------+-----------+-----------+----------------+-----------+--------+-----+----+------+
|x|         10|         64|        190|     7490930.000|         64|00:00:29|   NA|  NA|    NA|
|x|          5|         64|        178|     3981746.000|        125|00:00:29|+0.37|0.69|0.6529|
|x|          6|         64|        179|     2818217.333|        186|00:00:28|+0.12|0.41|0.8100|
|x|          8|         64|        179|     2225304.000|        247|00:00:28|+0.16|0.37|0.7646|
|-|          7|         36|        179|     1869563.200|        308|00:00:28|-0.09|0.13|1.0745|
|=|          2|         36|         45|     1667559.667|        341|00:00:19|-0.09|0.09|1.0620|
|=|          3|         36|         84|     1498452.571|        374|00:00:20|-0.05|0.10|1.0075|
|=|          1|         36|         45|     1380540.500|        407|00:00:19|-0.04|0.09|1.0019|
|=|          9|         36|         45|     1269621.556|        440|00:00:20|-0.04|0.08|1.0021|
|=|          4|         36|         45|     1888691.400|        473|00:00:19|-0.01|0.09|0.9705|
|=|         11|         36|         45|     2407726.545|        509|00:00:20|+0.00|0.09|0.9362|
+-+-----------+-----------+-----------+----------------+-----------+--------+-----+----+------+
Best-so-far configuration:          45    mean value:      2407726.545
Description of the best-so-far configuration:
   .ID. localsearch rho ants .PARENT.
45   45           3 0.2    4       NA

# 2025-05-16 12:48:06 -04: Elite configurations (first number is the configuration ID; listed from best to worst according to the sum of ranks):
    localsearch  rho ants
45            3 0.20    4
84            3 0.51   12
153           3 0.54   12
# 2025-05-16 12:48:06 -04: Iteration 4 of 4
# experimentsUsed: 1391
# remainingBudget: 109
# currentBudget: 109
# nbConfigurations: 11
# Markers:
     x No test is performed.
     c Configurations are discarded only due to capping.
     - The test is performed and some configurations are discarded.
     = The test is performed but no configuration is discarded.
     ! The test is performed and configurations could be discarded but elite configurations are preserved.
     . All alive configurations are elite and nothing is discarded.

+-+-----------+-----------+-----------+----------------+-----------+--------+-----+----+------+
| |   Instance|      Alive|       Best|       Mean best| Exp so far|  W time|  rho|KenW|  Qvar|
+-+-----------+-----------+-----------+----------------+-----------+--------+-----+----+------+
|x|         12|         11|        209|     7446396.000|         11|00:00:09|   NA|  NA|    NA|
|x|          6|         11|        208|     3966439.000|         19|00:00:05|-0.30|0.35|1.1971|
|x|          8|         11|         45|     2794462.000|         27|00:00:05|-0.15|0.23|1.0155|
|x|          1|         11|         45|     2232731.500|         35|00:00:05|-0.06|0.21|0.9302|
|=|          7|         11|         45|     1872774.000|         43|00:00:05|+0.03|0.23|0.8867|
|=|          2|         11|         45|     1667622.667|         51|00:00:05|+0.01|0.18|0.9180|
|=|          3|         11|         45|     1499594.571|         59|00:00:05|+0.05|0.19|0.8894|
|=|          5|         11|         45|     1371833.250|         67|00:00:04|+0.08|0.20|0.8698|
|=|          9|         11|         45|     1261881.778|         75|00:00:05|+0.01|0.12|0.9141|
|=|         10|         11|         45|     1888394.000|         83|00:00:05|-0.02|0.09|0.9445|
|=|          4|         11|         45|     2394932.727|         91|00:00:05|-0.01|0.08|0.9382|
|=|         11|         11|         45|     2828528.167|         99|00:00:05|+0.02|0.10|0.9154|
+-+-----------+-----------+-----------+----------------+-----------+--------+-----+----+------+
Best-so-far configuration:          45    mean value:      2828528.167
Description of the best-so-far configuration:
   .ID. localsearch rho ants .PARENT.
45   45           3 0.2    4       NA

# 2025-05-16 12:49:13 -04: Elite configurations (first number is the configuration ID; listed from best to worst according to the sum of ranks):
    localsearch  rho ants
45            3 0.20    4
84            3 0.51   12
208           3 0.54   13
# 2025-05-16 12:49:13 -04: Stopped because there is not enough budget left to race more than the minimum (3).
# You may either increase the budget or set 'minNbSurvival' to a lower value.
# Iteration: 5
# nbIterations: 5
# experimentsUsed: 1490
# timeUsed: 0
# remainingBudget: 10
# currentBudget: 10
# number of elites: 3
# nbConfigurations: 3
# Total CPU user time: 5074.568, CPU sys time: 34.594, Wall-clock time: 704.671
# 2025-05-16 12:49:13 -04: Starting post-selection:
# Configurations selected: 45, 84, 208, 153, 209, 210, 211, 212, 213, 214.
# Pending instances: 0, 0, 0, 0, 0, 0, 0, 0, 0, 0.
# 2025-05-16 12:49:13 -04: seed: 246813579
# Configurations: 10
# Available experiments: 10
# minSurvival: 1
# Markers:
     x No test is performed.
     c Configurations are discarded only due to capping.
     - The test is performed and some configurations are discarded.
     = The test is performed but no configuration is discarded.
     ! The test is performed and configurations could be discarded but elite configurations are preserved.
     . All alive configurations are elite and nothing is discarded.

+-+-----------+-----------+-----------+----------------+-----------+--------+-----+----+------+
| |   Instance|      Alive|       Best|       Mean best| Exp so far|  W time|  rho|KenW|  Qvar|
+-+-----------+-----------+-----------+----------------+-----------+--------+-----+----+------+
|.|         12|         10|        209|     7446396.000|          0|00:00:00|   NA|  NA|    NA|
|.|          2|         10|        209|     4058090.000|          0|00:00:00|-0.45|0.27|1.2765|
|.|          8|         10|        209|     2856619.333|          0|00:00:00|-0.21|0.19|1.1280|
|.|          6|         10|        209|     2264925.500|          0|00:00:00|-0.12|0.16|1.0322|
|.|          4|         10|        209|     3301848.400|          0|00:00:00|-0.06|0.15|0.9582|
|.|         11|         10|        209|     4020364.000|          0|00:00:00|+0.06|0.22|0.8492|
|.|          5|         10|        209|     3515108.286|          0|00:00:00|+0.12|0.25|0.8032|
|.|          3|         10|        209|     3138324.250|          0|00:00:00|+0.10|0.21|0.8404|
|.|          1|         10|        209|     2850668.222|          0|00:00:00|+0.08|0.18|0.8631|
|.|         10|         10|        209|     3316293.800|          0|00:00:00|+0.04|0.14|0.8939|
|.|          7|         10|        209|     3056814.364|          0|00:00:00|+0.09|0.17|0.8634|
|.|          9|         10|        209|     2833467.667|          0|00:00:00|+0.03|0.11|0.9015|
|=|         13|         10|         45|     2638466.000|         10|00:00:08|+0.07|0.14|0.8681|
+-+-----------+-----------+-----------+----------------+-----------+--------+-----+----+------+
Best-so-far configuration:          45    mean value:      2638466.000
Description of the best-so-far configuration:
   .ID. localsearch rho ants .PARENT.
45   45           3 0.2    4       NA

# 2025-05-16 12:49:22 -04: Elite configurations (first number is the configuration ID; listed from best to worst according to the sum of ranks):
    localsearch  rho ants
45            3 0.20    4
84            3 0.51   12
208           3 0.54   13
# Total CPU user time: 5121.586, CPU sys time: 34.807, Wall-clock time: 713.677
    .ID. localsearch  rho ants .PARENT. .RANK.  .WEIGHT.
45    45           3 0.20    4       NA     52 0.5000000
84    84           3 0.51   12       13     58 0.3333333
208  208           3 0.54   13      153     59 0.1666667
