# 2025-06-08 15:41:32 -04: Reading parameter file '/home/dianag/PruebasPablo/irace-independent-executions/MMASQAP/Scenarios/E2-BL-SR/Runs/E2-BL-SR_seed_4040404040/parameters.txt'.
# 2025-06-08 15:41:32 -04: Initialization
# Elitist race
# Elitist new instances: 1
# Elitist limit: 2
# nbIterations: 3
# minNbSurvival: 3
# nbParameters: 3
# seed: 834203991
# confidence level: 0.95
# budget: 750
# mu: 5
# deterministic: FALSE

# 2025-06-08 15:41:32 -04: Iteration 1 of 3
# experimentsUsed: 0
# remainingBudget: 750
# currentBudget: 250
# nbConfigurations: 41
# Markers:
     x No test is performed.
     c Configurations are discarded only due to capping.
     - The test is performed and some configurations are discarded.
     = The test is performed but no configuration is discarded.
     ! The test is performed and configurations could be discarded but elite configurations are preserved.
     . All alive configurations are elite and nothing is discarded.

+-+-----------+-----------+-----------+----------------+-----------+--------+-----+----+------+
| |   Instance|      Alive|       Best|       Mean best| Exp so far|  W time|  rho|KenW|  Qvar|
+-+-----------+-----------+-----------+----------------+-----------+--------+-----+----+------+
|x|          1|         41|          1|     7491368.000|         41|00:00:14|   NA|  NA|    NA|
|x|          2|         41|          6|     3964108.000|         82|00:00:15|+0.36|0.68|0.4324|
|x|          3|         41|          6|     5076531.333|        123|00:00:14|+0.48|0.65|0.3269|
|x|          4|         41|          6|     3917105.500|        164|00:00:15|+0.42|0.56|0.3560|
|-|          5|         13|          6|     3221934.000|        205|00:00:15|-0.03|0.18|0.8821|
|=|          6|         13|          6|     3905141.333|        218|00:00:08|+0.07|0.22|0.8070|
|=|          7|         13|          6|     4436206.857|        231|00:00:07|+0.11|0.24|0.7527|
+-+-----------+-----------+-----------+----------------+-----------+--------+-----+----+------+
Best-so-far configuration:           6    mean value:      4436206.857
Description of the best-so-far configuration:
  .ID. localsearch  rho ants .PARENT.
6    6           3 0.55    1       NA

# 2025-06-08 15:43:04 -04: Elite configurations (first number is the configuration ID; listed from best to worst according to the sum of ranks):
   localsearch  rho ants
6            3 0.55    1
17           3 0.65   54
13           3 0.49   57
# 2025-06-08 15:43:04 -04: Iteration 2 of 3
# experimentsUsed: 231
# remainingBudget: 519
# currentBudget: 259
# nbConfigurations: 35
# Markers:
     x No test is performed.
     c Configurations are discarded only due to capping.
     - The test is performed and some configurations are discarded.
     = The test is performed but no configuration is discarded.
     ! The test is performed and configurations could be discarded but elite configurations are preserved.
     . All alive configurations are elite and nothing is discarded.

+-+-----------+-----------+-----------+----------------+-----------+--------+-----+----+------+
| |   Instance|      Alive|       Best|       Mean best| Exp so far|  W time|  rho|KenW|  Qvar|
+-+-----------+-----------+-----------+----------------+-----------+--------+-----+----+------+
|x|          8|         35|         66|     544806.0000|         35|00:00:15|   NA|  NA|    NA|
|x|          7|         35|         63|     4078683.000|         67|00:00:15|-0.03|0.49|1.0077|
|x|          6|         35|         63|     5155576.667|         99|00:00:14|+0.33|0.55|0.6632|
|x|          5|         35|         53|     3975282.500|        131|00:00:14|+0.32|0.49|0.6560|
|-|          2|         20|          6|     3275060.800|        163|00:00:14|-0.03|0.17|0.9469|
|=|          3|         20|         53|     3942338.333|        180|00:00:09|+0.05|0.21|0.8596|
|-|          1|         14|         63|     4449972.286|        197|00:00:10|-0.07|0.08|0.9636|
|=|          4|         14|         53|     3950195.500|        208|00:00:09|-0.03|0.10|0.9256|
|=|          9|         14|         53|     4312409.333|        222|00:00:09|-0.02|0.10|0.9286|
+-+-----------+-----------+-----------+----------------+-----------+--------+-----+----+------+
Best-so-far configuration:          53    mean value:      4312409.333
Description of the best-so-far configuration:
   .ID. localsearch  rho ants .PARENT.
53   53           3 0.65   22        6

# 2025-06-08 15:44:58 -04: Elite configurations (first number is the configuration ID; listed from best to worst according to the sum of ranks):
   localsearch  rho ants
53           3 0.65   22
63           3 0.46    3
71           3 0.61   13
# 2025-06-08 15:44:58 -04: Iteration 3 of 3
# experimentsUsed: 453
# remainingBudget: 297
# currentBudget: 297
# nbConfigurations: 32
# Markers:
     x No test is performed.
     c Configurations are discarded only due to capping.
     - The test is performed and some configurations are discarded.
     = The test is performed but no configuration is discarded.
     ! The test is performed and configurations could be discarded but elite configurations are preserved.
     . All alive configurations are elite and nothing is discarded.

+-+-----------+-----------+-----------+----------------+-----------+--------+-----+----+------+
| |   Instance|      Alive|       Best|       Mean best| Exp so far|  W time|  rho|KenW|  Qvar|
+-+-----------+-----------+-----------+----------------+-----------+--------+-----+----+------+
|x|         10|         32|        100|     7563510.000|         32|00:00:18|   NA|  NA|    NA|
|x|          9|         32|         93|     7384064.000|         61|00:00:16|+0.72|0.86|0.1941|
|x|          1|         32|         78|     7422078.667|         90|00:00:16|+0.54|0.69|0.2210|
|x|          4|         32|         79|     5675049.000|        119|00:00:16|+0.38|0.53|0.5218|
|-|          2|         18|         79|     4627579.600|        148|00:00:16|-0.02|0.18|1.0190|
|=|          6|         18|         79|     5076807.333|        163|00:00:09|-0.04|0.13|1.0124|
|=|          3|         18|         79|     5397928.857|        178|00:00:09|-0.06|0.10|1.0267|
|=|          8|         18|         79|     4792511.750|        193|00:00:09|-0.09|0.05|1.0339|
|=|          5|         18|         79|     4308597.333|        208|00:00:09|-0.06|0.06|0.9992|
|=|          7|         18|         79|     4640653.800|        223|00:00:09|-0.06|0.05|1.0001|
|=|         11|         18|         79|     4251296.182|        241|00:00:13|-0.03|0.06|0.9772|
+-+-----------+-----------+-----------+----------------+-----------+--------+-----+----+------+
Best-so-far configuration:          79    mean value:      4251296.182
Description of the best-so-far configuration:
   .ID. localsearch  rho ants .PARENT.
79   79           3 0.55   38       53

# 2025-06-08 15:47:24 -04: Elite configurations (first number is the configuration ID; listed from best to worst according to the sum of ranks):
   localsearch  rho ants
79           3 0.55   38
53           3 0.65   22
89           3 0.42    8
# 2025-06-08 15:47:24 -04: Iteration 4 of 4
# experimentsUsed: 694
# remainingBudget: 56
# currentBudget: 56
# nbConfigurations: 7
# Markers:
     x No test is performed.
     c Configurations are discarded only due to capping.
     - The test is performed and some configurations are discarded.
     = The test is performed but no configuration is discarded.
     ! The test is performed and configurations could be discarded but elite configurations are preserved.
     . All alive configurations are elite and nothing is discarded.

+-+-----------+-----------+-----------+----------------+-----------+--------+-----+----+------+
| |   Instance|      Alive|       Best|       Mean best| Exp so far|  W time|  rho|KenW|  Qvar|
+-+-----------+-----------+-----------+----------------+-----------+--------+-----+----+------+
|x|         12|          7|         89|     7491850.000|          7|00:00:05|   NA|  NA|    NA|
|x|          3|          7|        106|     7406617.000|         11|00:00:04|-0.14|0.43|0.2137|
|x|         10|          7|        103|     7467924.000|         15|00:00:04|+0.14|0.43|0.2223|
|x|          7|          7|         89|     7504780.000|         19|00:00:04|+0.23|0.42|0.1920|
|-|          5|          6|         89|     6091280.400|         23|00:00:04|-0.15|0.08|0.9764|
|=|         11|          6|         89|     5135908.000|         26|00:00:04|-0.13|0.06|0.9286|
|=|          2|          6|         89|     4464088.000|         29|00:00:04|-0.05|0.10|0.8699|
|=|          1|          6|         79|     4846728.500|         32|00:00:04|-0.05|0.08|0.8903|
|=|          6|          6|         79|     5121863.778|         35|00:00:04|-0.08|0.04|0.8775|
|=|          4|          6|         79|     4653012.400|         38|00:00:04|-0.05|0.05|0.8497|
|=|          9|          6|         79|     4883556.727|         41|00:00:04|-0.03|0.07|0.8266|
|=|          8|          6|         79|     4522809.667|         44|00:00:05|-0.03|0.06|0.8283|
|=|         13|          6|         79|     4746183.231|         50|00:00:04|-0.01|0.07|0.8021|
+-+-----------+-----------+-----------+----------------+-----------+--------+-----+----+------+
Best-so-far configuration:          79    mean value:      4746183.231
Description of the best-so-far configuration:
   .ID. localsearch  rho ants .PARENT.
79   79           3 0.55   38       53

# 2025-06-08 15:48:26 -04: Elite configurations (first number is the configuration ID; listed from best to worst according to the sum of ranks):
   localsearch  rho ants
79           3 0.55   38
89           3 0.42    8
53           3 0.65   22
# 2025-06-08 15:48:26 -04: Stopped because there is not enough budget left to race more than the minimum (3).
# You may either increase the budget or set 'minNbSurvival' to a lower value.
# Iteration: 5
# nbIterations: 5
# experimentsUsed: 744
# timeUsed: 0
# remainingBudget: 6
# currentBudget: 6
# number of elites: 3
# nbConfigurations: 3
# Total CPU user time: 2570.412, CPU sys time: 17.217, Wall-clock time: 413.828
# 2025-06-08 15:48:26 -04: Starting post-selection:
# Configurations selected: 79, 89, 53, 103, 104, 106.
# Pending instances: 0, 0, 0, 0, 0, 0.
# 2025-06-08 15:48:26 -04: seed: 834203991
# Configurations: 6
# Available experiments: 6
# minSurvival: 1
# Markers:
     x No test is performed.
     c Configurations are discarded only due to capping.
     - The test is performed and some configurations are discarded.
     = The test is performed but no configuration is discarded.
     ! The test is performed and configurations could be discarded but elite configurations are preserved.
     . All alive configurations are elite and nothing is discarded.

+-+-----------+-----------+-----------+----------------+-----------+--------+-----+----+------+
| |   Instance|      Alive|       Best|       Mean best| Exp so far|  W time|  rho|KenW|  Qvar|
+-+-----------+-----------+-----------+----------------+-----------+--------+-----+----+------+
|.|          3|          6|         53|     7297474.000|          0|00:00:00|   NA|  NA|    NA|
|.|          2|          6|         53|     3876450.000|          0|00:00:00|-0.60|0.20|1.3634|
|.|          5|          6|         53|     2730110.000|          0|00:00:00|-0.21|0.19|0.9549|
|.|          4|          6|         53|     2155920.000|          0|00:00:00|-0.07|0.20|0.8261|
|.|         12|          6|         53|     3228940.800|          0|00:00:00|-0.07|0.14|0.8448|
|.|          7|          6|         53|     3958999.000|          0|00:00:00|-0.09|0.09|0.8684|
|.|         11|          6|         53|     3444624.571|          0|00:00:00|-0.04|0.11|0.8114|
|.|         13|          6|         53|     3940959.000|          0|00:00:00|+0.03|0.15|0.7406|
|.|          1|          6|         53|     4337984.000|          0|00:00:00|-0.02|0.09|0.8128|
|.|          8|          6|         53|     3959005.000|          0|00:00:00|+0.02|0.11|0.7881|
|.|          9|          6|         53|     4254560.909|          0|00:00:00|-0.01|0.09|0.8018|
|.|         10|          6|         53|     4534202.833|          0|00:00:00|-0.00|0.08|0.8065|
|.|          6|          6|         53|     4747434.615|          0|00:00:00|-0.01|0.07|0.8021|
|=|         14|          6|         79|     4438174.000|          6|00:00:04|+0.01|0.08|0.8005|
+-+-----------+-----------+-----------+----------------+-----------+--------+-----+----+------+
Best-so-far configuration:          79    mean value:      4438174.000
Description of the best-so-far configuration:
   .ID. localsearch  rho ants .PARENT.
79   79           3 0.55   38       53

# 2025-06-08 15:48:31 -04: Elite configurations (first number is the configuration ID; listed from best to worst according to the sum of ranks):
   localsearch  rho ants
79           3 0.55   38
89           3 0.42    8
53           3 0.65   22
# Total CPU user time: 2597.81, CPU sys time: 17.355, Wall-clock time: 418.73
   .ID. localsearch  rho ants .PARENT. .RANK.  .WEIGHT.
79   79           3 0.55   38       53   40.5 0.5000000
89   89           3 0.42    8       63   41.5 0.3333333
53   53           3 0.65   22        6   49.5 0.1666667
