# 2025-05-16 20:15:17 -04: Reading parameter file '/home/dianag/PruebasPablo/irace-independent-executions/PSO-X/Scenarios/E1-BL-Mixed-N/Runs/E1-BL-Mixed-N_seed_9876543210/parameters.txt'.
# 2025-05-16 20:15:17 -04: 2 expression(s) specifying forbidden configurations read.
# 2025-05-16 20:15:17 -04: Initialization
# Elitist race
# Elitist new instances: 1
# Elitist limit: 2
# nbIterations: 5
# minNbSurvival: 5
# nbParameters: 8
# seed: 1396532038
# confidence level: 0.95
# budget: 2000
# mu: 5
# deterministic: FALSE

# 2025-05-16 20:15:17 -04: Iteration 1 of 5
# experimentsUsed: 0
# remainingBudget: 2000
# currentBudget: 400
# nbConfigurations: 66
# Markers:
     x No test is performed.
     c Configurations are discarded only due to capping.
     - The test is performed and some configurations are discarded.
     = The test is performed but no configuration is discarded.
     ! The test is performed and configurations could be discarded but elite configurations are preserved.
     . All alive configurations are elite and nothing is discarded.

+-+-----------+-----------+-----------+----------------+-----------+--------+-----+----+------+
| |   Instance|      Alive|       Best|       Mean best| Exp so far|  W time|  rho|KenW|  Qvar|
+-+-----------+-----------+-----------+----------------+-----------+--------+-----+----+------+
|x|          1|         66|         25|     279.2756575|         66|00:01:20|   NA|  NA|    NA|
|x|          2|         66|         19|     755.6000637|        132|00:02:20|+0.81|0.90|0.3448|
|x|          3|         66|         56|     638.3978937|        198|00:02:05|+0.63|0.75|0.4312|
|x|          4|         66|          5|     820.0956405|        264|00:02:05|+0.58|0.68|0.4787|
|-|          5|         26|         39|     662.6308656|        330|00:00:24|-0.03|0.18|1.0632|
|=|          6|         26|          5|     558.9226252|        356|00:00:17|+0.02|0.18|0.9706|
|=|          7|         26|         39|     11123.75133|        382|00:00:18|-0.01|0.14|0.9751|
+-+-----------+-----------+-----------+----------------+-----------+--------+-----+----+------+
Best-so-far configuration:          39    mean value:      11123.75133
Description of the best-so-far configuration:
   .ID. particles topology modInfluence branching tSchedule phi1 phi2 inertia
39   39        91        1            0        NA        NA 1.25  1.9    0.49
   .PARENT.
39       NA

# 2025-05-16 20:24:10 -04: Elite configurations (first number is the configuration ID; listed from best to worst according to the sum of ranks):
   particles topology modInfluence branching tSchedule phi1 phi2 inertia
39        91        1            0        NA        NA 1.25 1.90    0.49
49       171        4            0        NA        NA 0.86 1.82    0.12
15        63        1            0        NA        NA 1.91 1.24    0.75
5         25        0            0        NA        NA 1.76 1.08    0.70
56        10        1            2        NA        NA 1.64 0.42    0.63
# 2025-05-16 20:24:10 -04: Iteration 2 of 5
# experimentsUsed: 382
# remainingBudget: 1618
# currentBudget: 404
# nbConfigurations: 54
# Markers:
     x No test is performed.
     c Configurations are discarded only due to capping.
     - The test is performed and some configurations are discarded.
     = The test is performed but no configuration is discarded.
     ! The test is performed and configurations could be discarded but elite configurations are preserved.
     . All alive configurations are elite and nothing is discarded.

+-+-----------+-----------+-----------+----------------+-----------+--------+-----+----+------+
| |   Instance|      Alive|       Best|       Mean best| Exp so far|  W time|  rho|KenW|  Qvar|
+-+-----------+-----------+-----------+----------------+-----------+--------+-----+----+------+
|x|          8|         54|        101|     4.897177146|         54|00:00:16|   NA|  NA|    NA|
|x|          1|         54|         67|     199.3388372|        103|00:00:59|+0.27|0.64|0.6207|
|x|          4|         54|         87|     594.8243147|        152|00:01:31|+0.46|0.64|0.5825|
|x|          2|         54|         87|     679.7579113|        201|00:01:41|+0.54|0.65|0.4565|
|-|          7|         27|         83|     12065.46990|        250|00:00:16|-0.13|0.09|1.0493|
|=|          5|         27|         83|     10056.82966|        272|00:00:03|-0.05|0.13|0.9482|
|=|          6|         27|         83|     8626.070180|        294|00:00:03|+0.00|0.14|0.9116|
|=|          3|         27|         83|     7617.099830|        316|00:00:39|+0.06|0.17|0.8470|
|=|          9|         27|         83|     6815.715503|        343|00:00:50|+0.01|0.12|0.8813|
+-+-----------+-----------+-----------+----------------+-----------+--------+-----+----+------+
Best-so-far configuration:          83    mean value:      6815.715503
Description of the best-so-far configuration:
   .ID. particles topology modInfluence branching tSchedule phi1 phi2 inertia
83   83       138        4            0        NA        NA 1.39 1.96    0.41
   .PARENT.
83       49

# 2025-05-16 20:30:32 -04: Elite configurations (first number is the configuration ID; listed from best to worst according to the sum of ranks):
   particles topology modInfluence branching tSchedule phi1 phi2 inertia
83       138        4            0        NA        NA 1.39 1.96    0.41
39        91        1            0        NA        NA 1.25 1.90    0.49
49       171        4            0        NA        NA 0.86 1.82    0.12
99       157        1            0        NA        NA 1.93 2.49    0.45
91        69        1            2        NA        NA 2.41 1.61    0.73
# 2025-05-16 20:30:32 -04: Iteration 3 of 5
# experimentsUsed: 725
# remainingBudget: 1275
# currentBudget: 425
# nbConfigurations: 47
# Markers:
     x No test is performed.
     c Configurations are discarded only due to capping.
     - The test is performed and some configurations are discarded.
     = The test is performed but no configuration is discarded.
     ! The test is performed and configurations could be discarded but elite configurations are preserved.
     . All alive configurations are elite and nothing is discarded.

+-+-----------+-----------+-----------+----------------+-----------+--------+-----+----+------+
| |   Instance|      Alive|       Best|       Mean best| Exp so far|  W time|  rho|KenW|  Qvar|
+-+-----------+-----------+-----------+----------------+-----------+--------+-----+----+------+
|x|         10|         47|        152|     23.16092518|         47|00:00:09|   NA|  NA|    NA|
|x|          9|         47|        125|     153.4305167|         89|00:01:14|+0.71|0.85|0.0735|
|x|          2|         47|        122|     404.6326015|        131|00:01:26|+0.68|0.78|0.0777|
|x|          6|         47|        136|     309.0082997|        173|00:00:09|+0.67|0.75|0.1033|
|-|          5|         21|        119|     262.2688580|        215|00:00:08|-0.10|0.12|1.0122|
|=|          1|         21|        136|     353.2286851|        231|00:00:17|-0.05|0.12|1.0014|
|=|          7|         21|         39|     10956.97201|        247|00:00:02|-0.08|0.07|1.0307|
|=|          4|         21|        136|     20668.12500|        263|00:00:27|-0.07|0.06|1.0051|
|=|          3|         21|         39|     8686.213964|        279|00:00:27|-0.07|0.05|0.9913|
|=|          8|         21|         83|     6138.854813|        295|00:00:02|-0.05|0.06|0.9614|
|=|         11|         21|         83|     5597.434426|        316|00:00:03|-0.04|0.05|0.9794|
+-+-----------+-----------+-----------+----------------+-----------+--------+-----+----+------+
Best-so-far configuration:          83    mean value:      5597.434426
Description of the best-so-far configuration:
   .ID. particles topology modInfluence branching tSchedule phi1 phi2 inertia
83   83       138        4            0        NA        NA 1.39 1.96    0.41
   .PARENT.
83       49

# 2025-05-16 20:35:01 -04: Elite configurations (first number is the configuration ID; listed from best to worst according to the sum of ranks):
    particles topology modInfluence branching tSchedule phi1 phi2 inertia
83        138        4            0        NA        NA 1.39 1.96    0.41
136        93        4            0        NA        NA 2.38 2.31    0.64
39         91        1            0        NA        NA 1.25 1.90    0.49
137       114        4            0        NA        NA 2.07 1.54    0.45
147       100        4            2        NA        NA 0.53 2.00    0.56
# 2025-05-16 20:35:01 -04: Iteration 4 of 5
# experimentsUsed: 1041
# remainingBudget: 959
# currentBudget: 479
# nbConfigurations: 44
# Markers:
     x No test is performed.
     c Configurations are discarded only due to capping.
     - The test is performed and some configurations are discarded.
     = The test is performed but no configuration is discarded.
     ! The test is performed and configurations could be discarded but elite configurations are preserved.
     . All alive configurations are elite and nothing is discarded.

+-+-----------+-----------+-----------+----------------+-----------+--------+-----+----+------+
| |   Instance|      Alive|       Best|       Mean best| Exp so far|  W time|  rho|KenW|  Qvar|
+-+-----------+-----------+-----------+----------------+-----------+--------+-----+----+------+
|x|         12|         44|        184|     221.5376794|         44|00:00:52|   NA|  NA|    NA|
|x|          3|         44|        165|     408.3907344|         83|00:01:06|-0.43|0.29|0.8128|
|x|          1|         44|        184|     553.5009784|        122|00:00:43|-0.04|0.31|0.6389|
|x|          8|         44|        165|     423.2211922|        161|00:00:04|-0.03|0.23|0.7038|
|=|         11|         44|        165|     373.8677318|        200|00:00:04|+0.02|0.22|0.6605|
|=|          7|         44|        137|     11004.64882|        239|00:00:04|+0.05|0.21|0.7275|
|-|          5|         34|        137|     9434.486131|        278|00:00:04|-0.07|0.09|1.0249|
|=|          4|         34|         83|     7560.600259|        307|00:00:52|-0.04|0.09|1.0040|
|=|         10|         34|         83|     6725.767853|        336|00:00:03|-0.03|0.08|0.9643|
|=|          9|         34|        181|     11490.35550|        365|00:00:51|-0.04|0.07|0.9729|
|=|          2|         34|         39|     7143.700909|        394|00:00:58|-0.02|0.08|0.9417|
|=|          6|         34|         83|     5160.197047|        423|00:00:04|+0.01|0.09|0.9127|
|=|         13|         34|         83|     4763.574099|        457|00:00:04|+0.01|0.09|0.8815|
+-+-----------+-----------+-----------+----------------+-----------+--------+-----+----+------+
Best-so-far configuration:          83    mean value:      4763.574099
Description of the best-so-far configuration:
   .ID. particles topology modInfluence branching tSchedule phi1 phi2 inertia
83   83       138        4            0        NA        NA 1.39 1.96    0.41
   .PARENT.
83       49

# 2025-05-16 20:40:56 -04: Elite configurations (first number is the configuration ID; listed from best to worst according to the sum of ranks):
    particles topology modInfluence branching tSchedule phi1 phi2 inertia
83        138        4            0        NA        NA 1.39 1.96    0.41
181       140        4            0        NA        NA 1.67 2.46    0.49
136        93        4            0        NA        NA 2.38 2.31    0.64
39         91        1            0        NA        NA 1.25 1.90    0.49
137       114        4            0        NA        NA 2.07 1.54    0.45
# 2025-05-16 20:40:57 -04: Iteration 5 of 5
# experimentsUsed: 1498
# remainingBudget: 502
# currentBudget: 502
# nbConfigurations: 40
# Markers:
     x No test is performed.
     c Configurations are discarded only due to capping.
     - The test is performed and some configurations are discarded.
     = The test is performed but no configuration is discarded.
     ! The test is performed and configurations could be discarded but elite configurations are preserved.
     . All alive configurations are elite and nothing is discarded.

+-+-----------+-----------+-----------+----------------+-----------+--------+-----+----+------+
| |   Instance|      Alive|       Best|       Mean best| Exp so far|  W time|  rho|KenW|  Qvar|
+-+-----------+-----------+-----------+----------------+-----------+--------+-----+----+------+
|x|         14|         40|        181|     116.6017945|         40|00:00:05|   NA|  NA|    NA|
|x|         13|         40|        181|     60.35472591|         75|00:00:04|-0.03|0.49|1.0214|
|x|          4|         40|        136|     347.6737609|        110|00:01:04|+0.22|0.48|0.7904|
|x|          9|         40|        136|     324.4171223|        145|00:01:03|+0.24|0.43|0.7836|
|-|          2|         18|        136|     436.6285804|        180|00:01:13|+0.08|0.27|0.8333|
|=|          3|         18|        136|     460.3089484|        193|00:00:25|-0.00|0.17|0.9054|
|=|          6|         18|        136|     400.7441327|        206|00:00:02|+0.02|0.16|0.9159|
|=|          5|         18|        136|     352.6120677|        219|00:00:01|+0.01|0.13|0.9436|
|=|         12|         18|        136|     340.5951633|        232|00:00:17|-0.01|0.11|0.9450|
|=|          1|         18|        136|     393.3007768|        245|00:00:16|+0.01|0.11|0.9235|
|=|          7|         18|        136|     15113.57106|        258|00:00:02|-0.02|0.07|0.9567|
|=|          8|         18|        136|     13854.66261|        271|00:00:01|-0.02|0.07|0.9613|
|=|         11|         18|        136|     12802.83215|        284|00:00:01|-0.02|0.05|0.9662|
|=|         10|         18|        136|     11892.09817|        297|00:00:01|-0.04|0.04|0.9665|
|=|         15|         18|        136|     11159.91869|        315|00:00:38|-0.03|0.04|0.9552|
+-+-----------+-----------+-----------+----------------+-----------+--------+-----+----+------+
Best-so-far configuration:         136    mean value:      11159.91869
Description of the best-so-far configuration:
    .ID. particles topology modInfluence branching tSchedule phi1 phi2 inertia
136  136        93        4            0        NA        NA 2.38 2.31    0.64
    .PARENT.
136       39

# 2025-05-16 20:46:17 -04: Elite configurations (first number is the configuration ID; listed from best to worst according to the sum of ranks):
    particles topology modInfluence branching tSchedule phi1 phi2 inertia
136        93        4            0        NA        NA 2.38 2.31    0.64
225       103        4            0        NA        NA 2.30 2.24    0.66
227       112        4            0        NA        NA 2.35 2.26    0.70
181       140        4            0        NA        NA 1.67 2.46    0.49
209       142        4            0        NA        NA 1.77 2.50    0.42
# 2025-05-16 20:46:17 -04: Iteration 6 of 6
# experimentsUsed: 1813
# remainingBudget: 187
# currentBudget: 187
# nbConfigurations: 16
# Markers:
     x No test is performed.
     c Configurations are discarded only due to capping.
     - The test is performed and some configurations are discarded.
     = The test is performed but no configuration is discarded.
     ! The test is performed and configurations could be discarded but elite configurations are preserved.
     . All alive configurations are elite and nothing is discarded.

+-+-----------+-----------+-----------+----------------+-----------+--------+-----+----+------+
| |   Instance|      Alive|       Best|       Mean best| Exp so far|  W time|  rho|KenW|  Qvar|
+-+-----------+-----------+-----------+----------------+-----------+--------+-----+----+------+
|x|         16|         16|        235|     908.3892035|         16|00:00:26|   NA|  NA|    NA|
|x|         10|         16|        225|     457.3565464|         27|00:00:01|-0.36|0.32|1.1422|
|x|         12|         16|        242|     391.6784610|         38|00:00:16|-0.05|0.30|0.8752|
|x|          8|         16|        233|     303.2654110|         49|00:00:01|-0.18|0.12|1.0683|
|=|          5|         16|        233|     245.5804862|         60|00:00:01|-0.15|0.08|1.0275|
|=|         13|         16|        233|     205.3387088|         71|00:00:01|-0.08|0.10|0.9804|
|=|          6|         16|        233|     182.8146099|         82|00:00:01|-0.07|0.08|0.9987|
|=|          1|         16|        233|     271.4812023|         93|00:00:15|-0.07|0.06|1.0096|
|=|          3|         16|        233|     304.8503414|        104|00:00:24|-0.05|0.06|1.0114|
|=|          2|         16|        233|     363.1153236|        115|00:00:29|-0.05|0.06|1.0021|
|=|          4|         16|        234|     411.6424570|        126|00:00:25|-0.05|0.05|0.9877|
|=|          7|         16|        234|     7774.414035|        137|00:00:01|-0.03|0.06|0.9784|
|=|         15|         16|        236|     7077.963799|        148|00:00:25|-0.03|0.05|0.9737|
|=|          9|         16|        234|     6750.491204|        159|00:00:24|-0.03|0.04|0.9704|
|=|         11|         16|        234|     6310.972815|        170|00:00:02|-0.03|0.04|0.9672|
|=|         14|         16|        235|     6049.375096|        181|00:00:01|-0.03|0.03|0.9704|
+-+-----------+-----------+-----------+----------------+-----------+--------+-----+----+------+
Best-so-far configuration:         235    mean value:      6049.375096
Description of the best-so-far configuration:
    .ID. particles topology modInfluence branching tSchedule phi1 phi2 inertia
235  235        90        4            0        NA        NA 2.37 2.35    0.57
    .PARENT.
235      225

# 2025-05-16 20:49:40 -04: Elite configurations (first number is the configuration ID; listed from best to worst according to the sum of ranks):
    particles topology modInfluence branching tSchedule phi1 phi2 inertia
235        90        4            0        NA        NA 2.37 2.35    0.57
234        89        4            0        NA        NA 2.32 2.27    0.60
238       146        4            0        NA        NA 1.67 2.49    0.45
233       108        4            0        NA        NA 2.40 2.07    0.60
236       137        4            0        NA        NA 1.80 2.38    0.45
# 2025-05-16 20:49:40 -04: Stopped because there is not enough budget left to race more than the minimum (5).
# You may either increase the budget or set 'minNbSurvival' to a lower value.
# Iteration: 7
# nbIterations: 7
# experimentsUsed: 1994
# timeUsed: 0
# remainingBudget: 6
# currentBudget: 6
# number of elites: 5
# nbConfigurations: 5
# Total CPU user time: 14416.3, CPU sys time: 81.755, Wall-clock time: 2063.161
# 2025-05-16 20:49:40 -04: Starting post-selection:
# Configurations selected: 235, 234, 238, 233, 236, 136.
# Pending instances: 0, 0, 0, 0, 0, 0.
# 2025-05-16 20:49:40 -04: seed: 1396532038
# Configurations: 6
# Available experiments: 6
# minSurvival: 1
# Markers:
     x No test is performed.
     c Configurations are discarded only due to capping.
     - The test is performed and some configurations are discarded.
     = The test is performed but no configuration is discarded.
     ! The test is performed and configurations could be discarded but elite configurations are preserved.
     . All alive configurations are elite and nothing is discarded.

+-+-----------+-----------+-----------+----------------+-----------+--------+-----+----+------+
| |   Instance|      Alive|       Best|       Mean best| Exp so far|  W time|  rho|KenW|  Qvar|
+-+-----------+-----------+-----------+----------------+-----------+--------+-----+----+------+
|.|          9|          6|        238|     250.3104590|          0|00:00:00|   NA|  NA|    NA|
|.|          3|          6|        238|     406.8016378|          0|00:00:00|+0.03|0.51|1.0800|
|.|          7|          6|        238|     40189.16873|          0|00:00:00|-0.09|0.28|0.9662|
|.|         16|          6|        238|     30369.20614|          0|00:00:00|-0.09|0.19|0.9557|
|.|         12|          6|        238|     24350.34870|          0|00:00:00|-0.16|0.07|0.9460|
|.|         11|          6|        238|     20318.75228|          0|00:00:00|-0.04|0.14|0.8286|
|.|         10|          6|        238|     17421.23379|          0|00:00:00|-0.06|0.10|0.8579|
|.|          5|          6|        238|     15245.16080|          0|00:00:00|+0.00|0.12|0.8040|
|.|         14|          6|        238|     13566.45613|          0|00:00:00|-0.04|0.07|0.8282|
|.|          1|          6|        238|     12311.26553|          0|00:00:00|-0.05|0.06|0.8547|
|.|          4|          6|        238|     11274.81293|          0|00:00:00|-0.03|0.06|0.8481|
|.|          8|          6|        238|     10335.75467|          0|00:00:00|-0.02|0.06|0.8366|
|.|          6|          6|        238|     9544.510848|          0|00:00:00|-0.05|0.03|0.8699|
|.|         15|          6|        238|     8927.691360|          0|00:00:00|-0.05|0.02|0.8614|
|.|         13|          6|        238|     8332.777805|          0|00:00:00|-0.06|0.01|0.8681|
|.|          2|          6|        238|     7868.250384|          0|00:00:00|-0.06|0.00|0.8796|
|=|         17|          6|        234|     5577.971411|          6|00:00:01|-0.05|0.01|0.8779|
+-+-----------+-----------+-----------+----------------+-----------+--------+-----+----+------+
Best-so-far configuration:         234    mean value:      5577.971411
Description of the best-so-far configuration:
    .ID. particles topology modInfluence branching tSchedule phi1 phi2 inertia
234  234        89        4            0        NA        NA 2.32 2.27     0.6
    .PARENT.
234      225

# 2025-05-16 20:49:42 -04: Elite configurations (first number is the configuration ID; listed from best to worst according to the sum of ranks):
    particles topology modInfluence branching tSchedule phi1 phi2 inertia
234        89        4            0        NA        NA 2.32 2.27    0.60
136        93        4            0        NA        NA 2.38 2.31    0.64
235        90        4            0        NA        NA 2.37 2.35    0.57
236       137        4            0        NA        NA 1.80 2.38    0.45
233       108        4            0        NA        NA 2.40 2.07    0.60
# Total CPU user time: 14422.62, CPU sys time: 81.918, Wall-clock time: 2064.726
    .ID. particles topology modInfluence branching tSchedule phi1 phi2 inertia
234  234        89        4            0        NA        NA 2.32 2.27    0.60
136  136        93        4            0        NA        NA 2.38 2.31    0.64
235  235        90        4            0        NA        NA 2.37 2.35    0.57
236  236       137        4            0        NA        NA 1.80 2.38    0.45
233  233       108        4            0        NA        NA 2.40 2.07    0.60
    .PARENT. .RANK.   .WEIGHT.
234      225     55 0.33333333
136       39     58 0.26666667
235      225     59 0.20000000
236      181     60 0.13333333
233      136     62 0.06666667
