# 2025-05-12 22:53:24 -04: Reading parameter file '/home/dianag/PruebasPablo/irace-independent-executions/ACOTSP/Scenarios/E1-BL-N/Runs/E1-BL-N_seed_27182818/parameters.txt'.
# 2025-05-12 22:53:24 -04: 1 expression(s) specifying forbidden configurations read.
# 2025-05-12 22:53:24 -04: Initialization
# Elitist race
# Elitist new instances: 1
# Elitist limit: 2
# nbIterations: 5
# minNbSurvival: 5
# nbParameters: 11
# seed: 27182818
# confidence level: 0.95
# budget: 2750
# mu: 5
# deterministic: FALSE

# 2025-05-12 22:53:24 -04: Iteration 1 of 5
# experimentsUsed: 0
# remainingBudget: 2750
# currentBudget: 550
# nbConfigurations: 91
# Markers:
     x No test is performed.
     c Configurations are discarded only due to capping.
     - The test is performed and some configurations are discarded.
     = The test is performed but no configuration is discarded.
     ! The test is performed and configurations could be discarded but elite configurations are preserved.
     . All alive configurations are elite and nothing is discarded.

+-+-----------+-----------+-----------+----------------+-----------+--------+-----+----+------+
| |   Instance|      Alive|       Best|       Mean best| Exp so far|  W time|  rho|KenW|  Qvar|
+-+-----------+-----------+-----------+----------------+-----------+--------+-----+----+------+
|x|          1|         91|         69|     32269613.00|         91|00:02:28|   NA|  NA|    NA|
|x|          2|         91|         32|     32384837.50|        182|00:02:31|+0.97|0.98|0.0008|
|x|          3|         91|         32|     32527771.00|        273|00:02:30|+0.97|0.98|0.0011|
|x|          4|         91|         69|     32629551.00|        364|00:02:29|+0.97|0.98|0.0011|
|-|          5|          7|         32|     32644372.40|        455|00:02:31|+0.50|0.60|0.3495|
|-|          6|          4|         69|     32623330.00|        462|00:00:20|-0.16|0.03|0.8457|
+-+-----------+-----------+-----------+----------------+-----------+--------+-----+----+------+
Best-so-far configuration:          69    mean value:      32623330.00
Description of the best-so-far configuration:
   .ID. algorithm localsearch alpha beta rho ants q0 rasrank elitistants nnls
69   69      mmas           3  2.78 7.34 0.3   23 NA      NA          NA   17
   dlb .PARENT.
69   1       NA

# 2025-05-12 23:06:16 -04: Elite configurations (first number is the configuration ID; listed from best to worst according to the sum of ranks):
   algorithm localsearch alpha beta  rho ants   q0 rasrank elitistants nnls dlb
69      mmas           3  2.78 7.34 0.30   23   NA      NA          NA   17   1
85       acs           3  4.49 7.65 0.21   50 0.34      NA          NA   21   0
32       acs           3  3.83 3.98 0.03   38 0.55      NA          NA    8   0
67       ras           3  2.15 1.09 0.92   83   NA      33          NA   11   1
# 2025-05-12 23:06:16 -04: Iteration 2 of 5
# experimentsUsed: 462
# remainingBudget: 2288
# currentBudget: 572
# nbConfigurations: 85
# Markers:
     x No test is performed.
     c Configurations are discarded only due to capping.
     - The test is performed and some configurations are discarded.
     = The test is performed but no configuration is discarded.
     ! The test is performed and configurations could be discarded but elite configurations are preserved.
     . All alive configurations are elite and nothing is discarded.

+-+-----------+-----------+-----------+----------------+-----------+--------+-----+----+------+
| |   Instance|      Alive|       Best|       Mean best| Exp so far|  W time|  rho|KenW|  Qvar|
+-+-----------+-----------+-----------+----------------+-----------+--------+-----+----+------+
|x|          7|         85|         67|     32625872.00|         85|00:02:15|   NA|  NA|    NA|
|x|          4|         85|         85|     32754884.50|        166|00:02:11|+0.96|0.98|0.0023|
|x|          6|         85|         85|     32627053.33|        247|00:02:11|+0.96|0.97|0.0022|
|x|          5|         85|        161|     32651429.50|        328|00:02:10|+0.95|0.96|0.0025|
|-|          2|          7|        161|     32624568.80|        409|00:02:10|+0.13|0.30|0.6867|
|=|          1|          7|        161|     32572156.67|        412|00:00:10|+0.20|0.33|0.6433|
|-|          3|          5|        161|     32594863.71|        415|00:00:10|-0.00|0.14|0.7370|
+-+-----------+-----------+-----------+----------------+-----------+--------+-----+----+------+
Best-so-far configuration:         161    mean value:      32594863.71
Description of the best-so-far configuration:
    .ID. algorithm localsearch alpha beta  rho ants   q0 rasrank elitistants
161  161       acs           3  3.31 8.69 0.52   52 0.26      NA          NA
    nnls dlb .PARENT.
161   23   1       69

# 2025-05-12 23:17:37 -04: Elite configurations (first number is the configuration ID; listed from best to worst according to the sum of ranks):
    algorithm localsearch alpha beta  rho ants   q0 rasrank elitistants nnls
161       acs           3  3.31 8.69 0.52   52 0.26      NA          NA   23
85        acs           3  4.49 7.65 0.21   50 0.34      NA          NA   21
32        acs           3  3.83 3.98 0.03   38 0.55      NA          NA    8
69       mmas           3  2.78 7.34 0.30   23   NA      NA          NA   17
67        ras           3  2.15 1.09 0.92   83   NA      33          NA   11
    dlb
161   1
85    0
32    0
69    1
67    1
# 2025-05-12 23:17:37 -04: Iteration 3 of 5
# experimentsUsed: 877
# remainingBudget: 1873
# currentBudget: 624
# nbConfigurations: 82
# Markers:
     x No test is performed.
     c Configurations are discarded only due to capping.
     - The test is performed and some configurations are discarded.
     = The test is performed but no configuration is discarded.
     ! The test is performed and configurations could be discarded but elite configurations are preserved.
     . All alive configurations are elite and nothing is discarded.

+-+-----------+-----------+-----------+----------------+-----------+--------+-----+----+------+
| |   Instance|      Alive|       Best|       Mean best| Exp so far|  W time|  rho|KenW|  Qvar|
+-+-----------+-----------+-----------+----------------+-----------+--------+-----+----+------+
|x|          8|         82|        180|     32675700.00|         82|00:02:13|   NA|  NA|    NA|
|x|          1|         82|        180|     32471907.00|        159|00:02:09|+0.92|0.96|0.0027|
|x|          7|         82|        201|     32539098.67|        236|00:02:07|+0.92|0.94|0.0022|
|x|          2|         82|        201|     32529952.75|        313|00:02:08|+0.92|0.94|0.0024|
|-|          6|         12|        201|     32492136.20|        390|00:02:08|+0.02|0.22|0.8822|
|=|          3|         12|        201|     32526696.83|        397|00:00:13|+0.11|0.26|0.7876|
|=|          4|         12|        201|     32573105.57|        404|00:00:13|+0.10|0.23|0.8064|
|-|          5|          4|        201|     32596996.62|        411|00:00:12|+0.05|0.17|0.6198|
+-+-----------+-----------+-----------+----------------+-----------+--------+-----+----+------+
Best-so-far configuration:         201    mean value:      32596996.62
Description of the best-so-far configuration:
    .ID. algorithm localsearch alpha beta  rho ants   q0 rasrank elitistants
201  201       acs           3  2.38 6.04 0.09   29 0.31      NA          NA
    nnls dlb .PARENT.
201   17   1       32

# 2025-05-12 23:29:03 -04: Elite configurations (first number is the configuration ID; listed from best to worst according to the sum of ranks):
    algorithm localsearch alpha beta  rho ants   q0 rasrank elitistants nnls
201       acs           3  2.38 6.04 0.09   29 0.31      NA          NA   17
161       acs           3  3.31 8.69 0.52   52 0.26      NA          NA   23
180       acs           3  4.12 9.77 0.51   55 0.25      NA          NA   29
85        acs           3  4.49 7.65 0.21   50 0.34      NA          NA   21
    dlb
201   1
161   1
180   1
85    0
# 2025-05-12 23:29:03 -04: Iteration 4 of 5
# experimentsUsed: 1288
# remainingBudget: 1462
# currentBudget: 731
# nbConfigurations: 84
# Markers:
     x No test is performed.
     c Configurations are discarded only due to capping.
     - The test is performed and some configurations are discarded.
     = The test is performed but no configuration is discarded.
     ! The test is performed and configurations could be discarded but elite configurations are preserved.
     . All alive configurations are elite and nothing is discarded.

+-+-----------+-----------+-----------+----------------+-----------+--------+-----+----+------+
| |   Instance|      Alive|       Best|       Mean best| Exp so far|  W time|  rho|KenW|  Qvar|
+-+-----------+-----------+-----------+----------------+-----------+--------+-----+----+------+
|x|          9|         84|         85|     32550885.00|         84|00:02:06|   NA|  NA|    NA|
|x|          3|         84|        201|     32635204.50|        164|00:01:57|+0.87|0.93|0.0032|
|x|          4|         84|        321|     32707838.33|        244|00:01:57|+0.89|0.93|0.0032|
|x|          7|         84|        300|     32669662.50|        324|00:01:56|+0.89|0.91|0.0057|
|-|          5|         19|        329|     32691581.40|        404|00:01:56|+0.01|0.21|0.8877|
|=|          8|         19|        321|     32688438.67|        419|00:00:20|+0.00|0.17|0.9202|
|=|          6|         19|        329|     32644166.57|        434|00:00:20|+0.02|0.16|0.9130|
|=|          2|         19|        258|     32631573.62|        449|00:00:20|+0.02|0.15|0.9135|
|=|          1|         19|        257|     32583229.78|        464|00:00:20|+0.04|0.15|0.9036|
|=|         10|         19|        258|     32604399.50|        483|00:00:31|+0.05|0.14|0.8925|
+-+-----------+-----------+-----------+----------------+-----------+--------+-----+----+------+
Best-so-far configuration:         258    mean value:      32604399.50
Description of the best-so-far configuration:
    .ID. algorithm localsearch alpha beta  rho ants   q0 rasrank elitistants
258  258       acs           3  4.14 8.76 0.79   64 0.36      NA          NA
    nnls dlb .PARENT.
258   16   1      161

# 2025-05-12 23:40:52 -04: Elite configurations (first number is the configuration ID; listed from best to worst according to the sum of ranks):
    algorithm localsearch alpha beta  rho ants   q0 rasrank elitistants nnls
258       acs           3  4.14 8.76 0.79   64 0.36      NA          NA   16
257       acs           3  2.55 8.13 0.38   45 0.06      NA          NA   25
329       acs           3  3.42 8.52 0.49   61 0.32      NA          NA   11
201       acs           3  2.38 6.04 0.09   29 0.31      NA          NA   17
321       acs           3  2.15 5.58 0.25   34 0.36      NA          NA   14
    dlb
258   1
257   1
329   1
201   1
321   1
# 2025-05-12 23:40:52 -04: Iteration 5 of 5
# experimentsUsed: 1771
# remainingBudget: 979
# currentBudget: 979
# nbConfigurations: 93
# Markers:
     x No test is performed.
     c Configurations are discarded only due to capping.
     - The test is performed and some configurations are discarded.
     = The test is performed but no configuration is discarded.
     ! The test is performed and configurations could be discarded but elite configurations are preserved.
     . All alive configurations are elite and nothing is discarded.

+-+-----------+-----------+-----------+----------------+-----------+--------+-----+----+------+
| |   Instance|      Alive|       Best|       Mean best| Exp so far|  W time|  rho|KenW|  Qvar|
+-+-----------+-----------+-----------+----------------+-----------+--------+-----+----+------+
|x|         11|         93|        350|     32720900.00|         93|00:02:05|   NA|  NA|    NA|
|x|          3|         93|        417|     32737685.00|        181|00:01:57|+0.64|0.82|0.0026|
|x|          5|         93|        417|     32734210.67|        269|00:01:56|+0.64|0.76|0.0035|
|x|          9|         93|        417|     32692752.75|        357|00:01:56|+0.67|0.76|0.0032|
|-|          4|         28|        417|     32717142.20|        445|00:01:56|-0.14|0.09|1.0923|
|=|          1|         28|        417|     32638619.33|        468|00:00:31|-0.06|0.12|1.0229|
|=|         10|         28|        417|     32637426.71|        491|00:00:31|-0.03|0.11|0.9893|
|=|          7|         28|        417|     32632085.12|        514|00:00:31|-0.01|0.12|0.9669|
|=|          2|         28|        417|     32614546.78|        537|00:00:31|+0.01|0.12|0.9526|
|=|          8|         28|        417|     32622690.50|        560|00:00:31|+0.02|0.12|0.9324|
|=|          6|         28|        417|     32600406.45|        583|00:00:31|+0.03|0.12|0.9259|
|-|         12|         14|        417|     32596734.25|        611|00:00:41|-0.05|0.04|0.9701|
|=|         13|         14|        417|     32579072.00|        625|00:00:20|-0.05|0.03|0.9726|
|=|         14|         14|        331|     32584095.14|        639|00:00:20|-0.05|0.03|0.9716|
+-+-----------+-----------+-----------+----------------+-----------+--------+-----+----+------+
Best-so-far configuration:         331    mean value:      32584095.14
Description of the best-so-far configuration:
    .ID. algorithm localsearch alpha beta  rho ants   q0 rasrank elitistants
331  331       acs           3  4.06 8.75 0.73   63 0.22      NA          NA
    nnls dlb .PARENT.
331   13   1      258

# 2025-05-12 23:55:16 -04: Elite configurations (first number is the configuration ID; listed from best to worst according to the sum of ranks):
    algorithm localsearch alpha beta  rho ants   q0 rasrank elitistants nnls
331       acs           3  4.06 8.75 0.73   63 0.22      NA          NA   13
417       acs           3  2.47 7.19 0.64   54 0.19      NA          NA   13
362       acs           3  2.62 6.89 0.06   25 0.39      NA          NA   21
346       acs           3  4.81 6.68 0.78   69 0.10      NA          NA   14
354       acs           3  2.68 7.59 0.35   41 0.15      NA          NA   23
    dlb
331   1
417   1
362   1
346   1
354   1
# 2025-05-12 23:55:16 -04: Iteration 6 of 6
# experimentsUsed: 2410
# remainingBudget: 340
# currentBudget: 340
# nbConfigurations: 27
# Markers:
     x No test is performed.
     c Configurations are discarded only due to capping.
     - The test is performed and some configurations are discarded.
     = The test is performed but no configuration is discarded.
     ! The test is performed and configurations could be discarded but elite configurations are preserved.
     . All alive configurations are elite and nothing is discarded.

+-+-----------+-----------+-----------+----------------+-----------+--------+-----+----+------+
| |   Instance|      Alive|       Best|       Mean best| Exp so far|  W time|  rho|KenW|  Qvar|
+-+-----------+-----------+-----------+----------------+-----------+--------+-----+----+------+
|x|         15|         27|        426|     32459291.00|         27|00:00:41|   NA|  NA|    NA|
|x|          1|         27|        418|     32337987.50|         49|00:00:31|+0.59|0.80|0.3982|
|x|         14|         27|        426|     32435485.33|         71|00:00:31|+0.35|0.56|0.6048|
|x|         12|         27|        436|     32472756.50|         93|00:00:31|+0.33|0.50|0.5544|
|-|          4|         15|        346|     32533369.00|        115|00:00:31|-0.03|0.17|0.9578|
|=|          6|         15|        417|     32518778.17|        125|00:00:20|-0.05|0.12|0.9809|
|=|          7|         15|        346|     32517337.29|        135|00:00:20|-0.02|0.13|0.9440|
|=|          3|         15|        417|     32552318.00|        145|00:00:20|+0.02|0.14|0.9082|
|=|         10|         15|        417|     32560979.44|        155|00:00:20|+0.00|0.11|0.9195|
|=|         13|         15|        417|     32541594.00|        165|00:00:20|+0.01|0.11|0.9148|
|=|          2|         15|        417|     32535470.91|        175|00:00:20|+0.03|0.12|0.9006|
|=|          5|         15|        417|     32551453.50|        185|00:00:20|+0.03|0.11|0.9097|
|=|          9|         15|        423|     32552629.31|        195|00:00:20|+0.05|0.12|0.8881|
|-|          8|          9|        417|     32562986.07|        205|00:00:20|-0.04|0.03|0.9411|
|=|         11|          9|        423|     32578010.33|        209|00:00:10|-0.04|0.03|0.9388|
|=|         16|          9|        423|     32598585.00|        218|00:00:20|-0.03|0.03|0.9394|
+-+-----------+-----------+-----------+----------------+-----------+--------+-----+----+------+
Best-so-far configuration:         423    mean value:      32598585.00
Description of the best-so-far configuration:
    .ID. algorithm localsearch alpha beta  rho ants   q0 rasrank elitistants
423  423       acs           3  2.41 8.63 0.28   39 0.22      NA          NA
    nnls dlb .PARENT.
423   19   1      354

# 2025-05-13 00:01:41 -04: Elite configurations (first number is the configuration ID; listed from best to worst according to the sum of ranks):
    algorithm localsearch alpha beta  rho ants   q0 rasrank elitistants nnls
423       acs           3  2.41 8.63 0.28   39 0.22      NA          NA   19
417       acs           3  2.47 7.19 0.64   54 0.19      NA          NA   13
418       acs           3  4.94 6.23 0.90   75 0.09      NA          NA   15
331       acs           3  4.06 8.75 0.73   63 0.22      NA          NA   13
346       acs           3  4.81 6.68 0.78   69 0.10      NA          NA   14
    dlb
423   1
417   1
418   1
331   1
346   1
# 2025-05-13 00:01:41 -04: Iteration 7 of 7
# experimentsUsed: 2628
# remainingBudget: 122
# currentBudget: 122
# nbConfigurations: 11
# Markers:
     x No test is performed.
     c Configurations are discarded only due to capping.
     - The test is performed and some configurations are discarded.
     = The test is performed but no configuration is discarded.
     ! The test is performed and configurations could be discarded but elite configurations are preserved.
     . All alive configurations are elite and nothing is discarded.

+-+-----------+-----------+-----------+----------------+-----------+--------+-----+----+------+
| |   Instance|      Alive|       Best|       Mean best| Exp so far|  W time|  rho|KenW|  Qvar|
+-+-----------+-----------+-----------+----------------+-----------+--------+-----+----+------+
|x|         17|         11|        445|     32700305.00|         11|00:00:20|   NA|  NA|    NA|
|x|         14|         11|        346|     32633919.50|         17|00:00:10|+0.17|0.59|0.9312|
|x|         15|         11|        346|     32593836.33|         23|00:00:10|-0.11|0.26|0.9914|
|x|          3|         11|        346|     32624796.25|         29|00:00:10|-0.06|0.20|0.9108|
|=|          5|         11|        418|     32646366.60|         35|00:00:10|+0.05|0.24|0.7875|
|=|         12|         11|        346|     32626254.00|         41|00:00:10|+0.09|0.24|0.7496|
|=|         16|         11|        346|     32665621.43|         47|00:00:10|+0.12|0.24|0.7454|
|-|          8|          7|        346|     32668098.75|         53|00:00:10|-0.04|0.09|0.8445|
|=|          4|          7|        346|     32682253.89|         55|00:00:10|-0.01|0.10|0.8194|
|=|         10|          7|        346|     32686946.80|         57|00:00:10|+0.02|0.12|0.8124|
|=|          1|          7|        418|     32651626.27|         59|00:00:10|+0.04|0.12|0.7962|
|=|          6|          7|        418|     32629774.42|         61|00:00:10|-0.01|0.07|0.8481|
|=|          2|          7|        417|     32613605.46|         63|00:00:10|-0.01|0.07|0.8554|
|=|         13|          7|        418|     32596557.07|         65|00:00:10|-0.03|0.04|0.8793|
|=|          9|          7|        417|     32594158.33|         67|00:00:10|-0.02|0.05|0.8784|
|=|         11|          7|        423|     32611348.56|         69|00:00:10|+0.01|0.07|0.8608|
|=|          7|          7|        423|     32610331.41|         71|00:00:10|+0.01|0.07|0.8547|
|=|         18|          7|        423|     32591133.94|         78|00:00:10|+0.02|0.08|0.8459|
+-+-----------+-----------+-----------+----------------+-----------+--------+-----+----+------+
Best-so-far configuration:         423    mean value:      32591133.94
Description of the best-so-far configuration:
    .ID. algorithm localsearch alpha beta  rho ants   q0 rasrank elitistants
423  423       acs           3  2.41 8.63 0.28   39 0.22      NA          NA
    nnls dlb .PARENT.
423   19   1      354

# 2025-05-13 00:05:01 -04: Elite configurations (first number is the configuration ID; listed from best to worst according to the sum of ranks):
    algorithm localsearch alpha beta  rho ants   q0 rasrank elitistants nnls
423       acs           3  2.41 8.63 0.28   39 0.22      NA          NA   19
417       acs           3  2.47 7.19 0.64   54 0.19      NA          NA   13
331       acs           3  4.06 8.75 0.73   63 0.22      NA          NA   13
418       acs           3  4.94 6.23 0.90   75 0.09      NA          NA   15
346       acs           3  4.81 6.68 0.78   69 0.10      NA          NA   14
    dlb
423   1
417   1
331   1
418   1
346   1
# 2025-05-13 00:05:01 -04: Iteration 8 of 8
# experimentsUsed: 2706
# remainingBudget: 44
# currentBudget: 44
# nbConfigurations: 7
# Markers:
     x No test is performed.
     c Configurations are discarded only due to capping.
     - The test is performed and some configurations are discarded.
     = The test is performed but no configuration is discarded.
     ! The test is performed and configurations could be discarded but elite configurations are preserved.
     . All alive configurations are elite and nothing is discarded.

+-+-----------+-----------+-----------+----------------+-----------+--------+-----+----+------+
| |   Instance|      Alive|       Best|       Mean best| Exp so far|  W time|  rho|KenW|  Qvar|
+-+-----------+-----------+-----------+----------------+-----------+--------+-----+----+------+
|x|         19|          7|        446|     32524337.00|          7|00:00:10|   NA|  NA|    NA|
|x|         10|          7|        417|     32601069.00|          9|00:00:10|-0.04|0.48|1.0356|
|x|          7|          7|        446|     32599274.33|         11|00:00:10|-0.02|0.32|0.7790|
|x|         11|          7|        417|     32640255.25|         13|00:00:10|-0.09|0.18|0.9126|
|=|          6|          7|        446|     32591341.40|         15|00:00:10|-0.05|0.16|0.8871|
|=|          5|          7|        447|     32608643.50|         17|00:00:10|-0.05|0.12|0.9207|
|=|          9|          7|        447|     32600385.86|         19|00:00:10|+0.04|0.18|0.8352|
|=|         17|          7|        446|     32620103.50|         21|00:00:10|+0.01|0.13|0.8676|
|=|         13|          7|        446|     32591631.22|         23|00:00:10|-0.03|0.08|0.9115|
|=|          2|          7|        446|     32578307.80|         25|00:00:10|-0.00|0.10|0.8864|
|=|         16|          7|        446|     32607340.82|         27|00:00:10|+0.02|0.11|0.8641|
|=|         15|          7|        446|     32598559.00|         29|00:00:10|-0.01|0.08|0.8847|
|=|         18|          7|        446|     32574691.77|         31|00:00:10|-0.03|0.05|0.8889|
|=|          1|          7|        446|     32553496.29|         33|00:00:10|-0.02|0.05|0.8896|
|=|         12|          7|        446|     32554250.47|         35|00:00:10|-0.03|0.04|0.8843|
|=|          4|          7|        446|     32570073.75|         37|00:00:10|-0.03|0.04|0.8782|
|=|         14|          7|        446|     32573223.41|         39|00:00:10|-0.03|0.03|0.8808|
|=|          8|          7|        446|     32577749.78|         41|00:00:10|-0.02|0.03|0.8765|
|=|          3|          7|        446|     32582850.16|         43|00:00:10|-0.02|0.03|0.8708|
+-+-----------+-----------+-----------+----------------+-----------+--------+-----+----+------+
Best-so-far configuration:         446    mean value:      32582850.16
Description of the best-so-far configuration:
    .ID. algorithm localsearch alpha beta  rho ants   q0 rasrank elitistants
446  446       acs           3  4.12 8.12 0.76   67 0.35      NA          NA
    nnls dlb .PARENT.
446   13   1      331

# 2025-05-13 00:08:20 -04: Elite configurations (first number is the configuration ID; listed from best to worst according to the sum of ranks):
    algorithm localsearch alpha beta  rho ants   q0 rasrank elitistants nnls
446       acs           3  4.12 8.12 0.76   67 0.35      NA          NA   13
417       acs           3  2.47 7.19 0.64   54 0.19      NA          NA   13
423       acs           3  2.41 8.63 0.28   39 0.22      NA          NA   19
346       acs           3  4.81 6.68 0.78   69 0.10      NA          NA   14
331       acs           3  4.06 8.75 0.73   63 0.22      NA          NA   13
    dlb
446   1
417   1
423   1
346   1
331   1
# 2025-05-13 00:08:20 -04: Stopped because there is not enough budget left to race more than the minimum (5).
# You may either increase the budget or set 'minNbSurvival' to a lower value.
# Iteration: 9
# nbIterations: 9
# experimentsUsed: 2749
# timeUsed: 0
# remainingBudget: 1
# currentBudget: 1
# number of elites: 5
# nbConfigurations: 5
# Total CPU user time: 31019.97, CPU sys time: 226.057, Wall-clock time: 4496.653
    .ID. algorithm localsearch alpha beta  rho ants   q0 rasrank elitistants
446  446       acs           3  4.12 8.12 0.76   67 0.35      NA          NA
417  417       acs           3  2.47 7.19 0.64   54 0.19      NA          NA
423  423       acs           3  2.41 8.63 0.28   39 0.22      NA          NA
346  346       acs           3  4.81 6.68 0.78   69 0.10      NA          NA
331  331       acs           3  4.06 8.75 0.73   63 0.22      NA          NA
    nnls dlb .PARENT. .RANK.   .WEIGHT.
446   13   1      331     62 0.33333333
417   13   1      329     73 0.26666667
423   19   1      354     75 0.20000000
346   14   1      258     77 0.13333333
331   13   1      258     79 0.06666667
