# 2025-05-23 18:55:58 -04: Reading parameter file '/home/dianag/PruebasPablo/irace-independent-executions/PSO-X/Scenarios/E10-BL-Unimodal-SR/Runs/E10-BL-Unimodal-SR_seed_2314/parameters.txt'.
# 2025-05-23 18:55:58 -04: 2 expression(s) specifying forbidden configurations read.
# 2025-05-23 18:55:58 -04: Initialization
# Elitist race
# Elitist new instances: 1
# Elitist limit: 2
# nbIterations: 5
# minNbSurvival: 5
# nbParameters: 8
# seed: 2314
# confidence level: 0.95
# budget: 2000
# mu: 5
# deterministic: FALSE

# 2025-05-23 18:55:58 -04: Iteration 1 of 5
# experimentsUsed: 0
# remainingBudget: 2000
# currentBudget: 400
# nbConfigurations: 66
# Markers:
     x No test is performed.
     c Configurations are discarded only due to capping.
     - The test is performed and some configurations are discarded.
     = The test is performed but no configuration is discarded.
     ! The test is performed and configurations could be discarded but elite configurations are preserved.
     . All alive configurations are elite and nothing is discarded.

+-+-----------+-----------+-----------+----------------+-----------+--------+-----+----+------+
| |   Instance|      Alive|       Best|       Mean best| Exp so far|  W time|  rho|KenW|  Qvar|
+-+-----------+-----------+-----------+----------------+-----------+--------+-----+----+------+
|x|          1|         65|         35|     120.6046693|         65|00:00:22|   NA|  NA|    NA|
|x|          2|         65|         35|     318.4413424|        130|00:00:23|+0.56|0.78|0.4338|
|x|          3|         65|          5|     4062.815109|        195|00:00:22|+0.43|0.62|0.5759|
|x|          4|         65|         23|     407449.9304|        260|00:00:24|+0.52|0.64|0.5190|
|-|          5|         23|         23|     325986.6036|        325|00:00:24|-0.03|0.17|0.8464|
|=|          6|         23|         23|     271658.4386|        348|00:00:17|-0.03|0.14|0.9010|
|=|          7|         23|         23|     436626.4848|        371|00:00:17|+0.02|0.16|0.8257|
+-+-----------+-----------+-----------+----------------+-----------+--------+-----+----+------+
Best-so-far configuration:          23    mean value:      436626.4848
Description of the best-so-far configuration:
   .ID. particles topology modInfluence branching tSchedule phi1 phi2 inertia
23   23       127        0            0        NA        NA 1.67 2.32    0.59
   .PARENT.
23       NA

# 2025-05-23 18:58:31 -04: Elite configurations (first number is the configuration ID; listed from best to worst according to the sum of ranks):
   particles topology modInfluence branching tSchedule phi1 phi2 inertia
23       127        0            0        NA        NA 1.67 2.32    0.59
7         71        4            0        NA        NA 2.37 1.31    0.11
34        25        4            2        NA        NA 1.47 2.05    0.44
38       149        4            0        NA        NA 1.16 2.36    0.32
8          9        4            0        NA        NA 1.27 1.46    0.06
# 2025-05-23 18:58:31 -04: Iteration 2 of 5
# experimentsUsed: 371
# remainingBudget: 1629
# currentBudget: 407
# nbConfigurations: 55
# Markers:
     x No test is performed.
     c Configurations are discarded only due to capping.
     - The test is performed and some configurations are discarded.
     = The test is performed but no configuration is discarded.
     ! The test is performed and configurations could be discarded but elite configurations are preserved.
     . All alive configurations are elite and nothing is discarded.

+-+-----------+-----------+-----------+----------------+-----------+--------+-----+----+------+
| |   Instance|      Alive|       Best|       Mean best| Exp so far|  W time|  rho|KenW|  Qvar|
+-+-----------+-----------+-----------+----------------+-----------+--------+-----+----+------+
|x|          8|         55|         81|     2282561.010|         55|00:00:17|   NA|  NA|    NA|
|x|          6|         55|        100|     1418876.608|        105|00:00:16|+0.36|0.68|0.1326|
|x|          4|         55|        100|     1312281.983|        155|00:00:16|+0.57|0.72|0.1444|
|x|          1|         55|         83|     1086594.263|        205|00:00:15|+0.33|0.49|0.2579|
|-|          7|         26|         87|     1347626.564|        255|00:00:15|-0.01|0.19|0.9151|
|=|          5|         26|         87|     1123045.746|        276|00:00:08|-0.03|0.14|0.9527|
|=|          3|         26|         87|     962610.7089|        297|00:00:07|+0.05|0.18|0.8692|
|=|          2|         26|         87|     849201.6406|        318|00:00:07|+0.02|0.15|0.8800|
|=|          9|         26|         87|     754846.2658|        344|00:00:07|+0.05|0.16|0.8948|
+-+-----------+-----------+-----------+----------------+-----------+--------+-----+----+------+
Best-so-far configuration:          87    mean value:      754846.2658
Description of the best-so-far configuration:
   .ID. particles topology modInfluence branching tSchedule phi1 phi2 inertia
87   87        79        0            0        NA        NA 2.07 1.79     0.3
   .PARENT.
87       34

# 2025-05-23 19:00:22 -04: Elite configurations (first number is the configuration ID; listed from best to worst according to the sum of ranks):
    particles topology modInfluence branching tSchedule phi1 phi2 inertia
87         79        0            0        NA        NA 2.07 1.79    0.30
78        105        0            0        NA        NA 1.50 2.50    0.39
88        138        0            0        NA        NA 2.42 2.29    0.02
109        26        0            0        NA        NA 2.40 0.87    0.07
23        127        0            0        NA        NA 1.67 2.32    0.59
# 2025-05-23 19:00:22 -04: Iteration 3 of 5
# experimentsUsed: 715
# remainingBudget: 1285
# currentBudget: 428
# nbConfigurations: 47
# Markers:
     x No test is performed.
     c Configurations are discarded only due to capping.
     - The test is performed and some configurations are discarded.
     = The test is performed but no configuration is discarded.
     ! The test is performed and configurations could be discarded but elite configurations are preserved.
     . All alive configurations are elite and nothing is discarded.

+-+-----------+-----------+-----------+----------------+-----------+--------+-----+----+------+
| |   Instance|      Alive|       Best|       Mean best| Exp so far|  W time|  rho|KenW|  Qvar|
+-+-----------+-----------+-----------+----------------+-----------+--------+-----+----+------+
|x|         10|         47|         23|     76.10254616|         47|00:00:18|   NA|  NA|    NA|
|x|          8|         47|        130|     1044647.361|         89|00:00:17|+0.71|0.86|0.4135|
|x|          7|         47|         78|     1450127.714|        131|00:00:17|+0.63|0.76|0.2638|
|x|          1|         47|        124|     1444057.030|        173|00:00:17|+0.49|0.62|0.3931|
|-|          5|         23|        124|     1155267.239|        215|00:00:17|-0.11|0.12|0.9581|
|=|          4|         23|         23|     1134307.561|        233|00:00:02|-0.06|0.12|0.9049|
|=|          9|         23|         23|     972264.1756|        251|00:00:02|-0.06|0.09|0.8678|
|=|          2|         23|         23|     853999.8467|        269|00:00:02|-0.03|0.10|0.8730|
|=|          3|         23|        127|     820598.3017|        287|00:00:01|-0.01|0.10|0.8272|
|=|          6|         23|        127|     738539.7421|        305|00:00:02|+0.01|0.11|0.8131|
|=|         11|         23|        127|     671399.8062|        328|00:00:01|+0.04|0.12|0.7660|
+-+-----------+-----------+-----------+----------------+-----------+--------+-----+----+------+
Best-so-far configuration:         127    mean value:      671399.8062
Description of the best-so-far configuration:
    .ID. particles topology modInfluence branching tSchedule phi1 phi2 inertia
127  127        61        0            0        NA        NA 1.81 1.95    0.07
    .PARENT.
127       78

# 2025-05-23 19:02:04 -04: Elite configurations (first number is the configuration ID; listed from best to worst according to the sum of ranks):
    particles topology modInfluence branching tSchedule phi1 phi2 inertia
127        61        0            0        NA        NA 1.81 1.95    0.07
87         79        0            0        NA        NA 2.07 1.79    0.30
78        105        0            0        NA        NA 1.50 2.50    0.39
136       108        0            0        NA        NA 1.00 2.45    0.06
88        138        0            0        NA        NA 2.42 2.29    0.02
# 2025-05-23 19:02:04 -04: Iteration 4 of 5
# experimentsUsed: 1043
# remainingBudget: 957
# currentBudget: 478
# nbConfigurations: 44
# Markers:
     x No test is performed.
     c Configurations are discarded only due to capping.
     - The test is performed and some configurations are discarded.
     = The test is performed but no configuration is discarded.
     ! The test is performed and configurations could be discarded but elite configurations are preserved.
     . All alive configurations are elite and nothing is discarded.

+-+-----------+-----------+-----------+----------------+-----------+--------+-----+----+------+
| |   Instance|      Alive|       Best|       Mean best| Exp so far|  W time|  rho|KenW|  Qvar|
+-+-----------+-----------+-----------+----------------+-----------+--------+-----+----+------+
|x|         12|         44|        136|    0.7593323999|         44|00:00:15|   NA|  NA|    NA|
|x|         11|         44|        180|    0.5937453150|         83|00:00:14|+0.71|0.85|0.0641|
|x|          2|         44|        184|     11291.60861|        122|00:00:15|+0.31|0.54|0.1717|
|x|          4|         44|        184|     392959.8731|        161|00:00:16|+0.42|0.57|0.1525|
|-|          3|         14|        184|     314367.9949|        200|00:00:14|-0.00|0.20|0.9686|
|=|          5|         14|        184|     261996.1889|        209|00:00:01|-0.00|0.17|0.9491|
|=|          6|         14|        184|     224569.8729|        218|00:00:01|+0.05|0.18|0.9023|
|=|          9|         14|        184|     196499.0216|        227|00:00:01|+0.04|0.16|0.9005|
|=|          1|         14|        127|     301871.4585|        236|00:00:01|+0.02|0.13|0.9355|
|=|         10|         14|        184|     165488.0896|        245|00:00:01|-0.02|0.08|0.9687|
|=|          7|         14|        184|     213508.2252|        254|00:00:01|+0.01|0.10|0.9382|
|=|          8|         14|        184|     427764.0389|        263|00:00:01|+0.01|0.09|0.9376|
|=|         13|         14|        184|     394872.8423|        277|00:00:01|+0.02|0.09|0.9257|
+-+-----------+-----------+-----------+----------------+-----------+--------+-----+----+------+
Best-so-far configuration:         184    mean value:      394872.8423
Description of the best-so-far configuration:
    .ID. particles topology modInfluence branching tSchedule phi1 phi2 inertia
184  184        35        0            0        NA        NA 1.93 2.39    0.01
    .PARENT.
184      127

# 2025-05-23 19:03:31 -04: Elite configurations (first number is the configuration ID; listed from best to worst according to the sum of ranks):
    particles topology modInfluence branching tSchedule phi1 phi2 inertia
184        35        0            0        NA        NA 1.93 2.39    0.01
170        54        0            0        NA        NA 1.72 2.48    0.03
127        61        0            0        NA        NA 1.81 1.95    0.07
136       108        0            0        NA        NA 1.00 2.45    0.06
189        68        0            0        NA        NA 1.52 1.93    0.11
# 2025-05-23 19:03:31 -04: Iteration 5 of 5
# experimentsUsed: 1320
# remainingBudget: 680
# currentBudget: 680
# nbConfigurations: 53
# Markers:
     x No test is performed.
     c Configurations are discarded only due to capping.
     - The test is performed and some configurations are discarded.
     = The test is performed but no configuration is discarded.
     ! The test is performed and configurations could be discarded but elite configurations are preserved.
     . All alive configurations are elite and nothing is discarded.

+-+-----------+-----------+-----------+----------------+-----------+--------+-----+----+------+
| |   Instance|      Alive|       Best|       Mean best| Exp so far|  W time|  rho|KenW|  Qvar|
+-+-----------+-----------+-----------+----------------+-----------+--------+-----+----+------+
|x|         14|         53|        184|    0.2245871848|         53|00:00:09|   NA|  NA|    NA|
|x|          6|         53|        184|     6.100559121|        101|00:00:09|+0.11|0.56|0.7869|
|x|         13|         53|        170|     56.57550938|        149|00:00:10|+0.01|0.34|0.9079|
|x|          9|         53|        170|     43.15188914|        197|00:00:09|+0.01|0.26|0.8549|
|=|         10|         53|        170|     1154.279130|        245|00:00:09|-0.00|0.20|0.7801|
|-|          4|         38|        205|     189786.7137|        293|00:00:10|-0.08|0.10|1.0132|
|=|          1|         38|        244|     164388.2140|        326|00:00:03|-0.08|0.08|1.0092|
|=|         12|         38|        230|     181995.6891|        359|00:00:03|-0.05|0.08|0.9888|
|=|          5|         38|        230|     161787.6580|        392|00:00:03|-0.04|0.08|0.9614|
|=|          7|         38|        244|     160490.8726|        425|00:00:03|-0.04|0.06|0.9694|
|=|          8|         38|        230|     427040.7923|        458|00:00:02|-0.03|0.07|0.9559|
|=|          3|         38|        230|     391454.0976|        491|00:00:03|-0.01|0.08|0.9488|
|=|         11|         38|        230|     361342.2809|        524|00:00:03|-0.01|0.06|0.9638|
|=|          2|         38|        230|     337418.5395|        557|00:00:03|+0.00|0.07|0.9495|
|=|         15|         38|        203|     285938.7254|        595|00:00:04|+0.02|0.09|0.9467|
+-+-----------+-----------+-----------+----------------+-----------+--------+-----+----+------+
Best-so-far configuration:         203    mean value:      285938.7254
Description of the best-so-far configuration:
    .ID. particles topology modInfluence branching tSchedule phi1 phi2 inertia
203  203         5        0            0        NA        NA 1.96 2.23    0.04
    .PARENT.
203      184

# 2025-05-23 19:05:00 -04: Elite configurations (first number is the configuration ID; listed from best to worst according to the sum of ranks):
    particles topology modInfluence branching tSchedule phi1 phi2 inertia
203         5        0            0        NA        NA 1.96 2.23    0.04
219        31        0            0        NA        NA 1.73 2.37    0.00
230        45        0            0        NA        NA 1.38 2.42    0.10
205        42        0            0        NA        NA 1.82 2.26    0.06
234        53        0            0        NA        NA 1.76 2.36    0.10
# 2025-05-23 19:05:00 -04: Iteration 6 of 6
# experimentsUsed: 1915
# remainingBudget: 85
# currentBudget: 85
# nbConfigurations: 10
# Markers:
     x No test is performed.
     c Configurations are discarded only due to capping.
     - The test is performed and some configurations are discarded.
     = The test is performed but no configuration is discarded.
     ! The test is performed and configurations could be discarded but elite configurations are preserved.
     . All alive configurations are elite and nothing is discarded.

+-+-----------+-----------+-----------+----------------+-----------+--------+-----+----+------+
| |   Instance|      Alive|       Best|       Mean best| Exp so far|  W time|  rho|KenW|  Qvar|
+-+-----------+-----------+-----------+----------------+-----------+--------+-----+----+------+
|x|         16|         10|        246|     550979.2619|         10|00:00:01|   NA|  NA|    NA|
|x|          6|         10|        203|     331299.2278|         15|00:00:01|+0.35|0.67|0.6565|
|x|         15|         10|        203|     220866.3546|         20|00:00:01|+0.24|0.49|0.7451|
|x|          4|         10|        203|     456673.8027|         25|00:00:01|+0.02|0.26|0.8755|
|=|         14|         10|        203|     365339.1010|         30|00:00:01|+0.10|0.28|0.8462|
|=|          7|         10|        203|     406642.5888|         35|00:00:01|+0.07|0.22|0.8969|
|=|          5|         10|        203|     348582.4875|         40|00:00:01|-0.05|0.10|0.9793|
|=|         13|         10|        203|     305037.2922|         45|00:00:01|-0.06|0.08|0.9812|
|=|          1|         10|        230|     325220.1276|         50|00:00:01|-0.06|0.06|0.9709|
|=|          3|         10|        205|     230875.1585|         55|00:00:00|-0.01|0.09|0.9373|
|=|          2|         10|        203|     234324.3449|         60|00:00:01|-0.04|0.06|0.9603|
|=|         11|         10|        203|     214797.3494|         65|00:00:01|-0.02|0.07|0.9499|
|=|          8|         10|        203|     380883.8452|         70|00:00:01|-0.03|0.05|0.9513|
|=|          9|         10|        203|     353684.7939|         75|00:00:01|-0.05|0.03|0.9519|
|=|         10|         10|        203|     330111.1001|         80|00:00:01|-0.04|0.03|0.9451|
|=|         12|         10|        203|     309479.2112|         85|00:00:01|-0.02|0.04|0.9315|
+-+-----------+-----------+-----------+----------------+-----------+--------+-----+----+------+
Best-so-far configuration:         203    mean value:      309479.2112
Description of the best-so-far configuration:
    .ID. particles topology modInfluence branching tSchedule phi1 phi2 inertia
203  203         5        0            0        NA        NA 1.96 2.23    0.04
    .PARENT.
203      184

# 2025-05-23 19:05:19 -04: Elite configurations (first number is the configuration ID; listed from best to worst according to the sum of ranks):
    particles topology modInfluence branching tSchedule phi1 phi2 inertia
203         5        0            0        NA        NA 1.96 2.23    0.04
246        18        0            0        NA        NA 1.75 2.36    0.03
219        31        0            0        NA        NA 1.73 2.37    0.00
247         9        0            0        NA        NA 1.76 2.33    0.13
230        45        0            0        NA        NA 1.38 2.42    0.10
# 2025-05-23 19:05:19 -04: Stopped because budget is exhausted
# Iteration: 7
# nbIterations: 6
# experimentsUsed: 2000
# timeUsed: 0
# remainingBudget: 0
# currentBudget: 85
# number of elites: 5
# nbConfigurations: 10
# Total CPU user time: 2942.154, CPU sys time: 59.359, Wall-clock time: 561.279
    .ID. particles topology modInfluence branching tSchedule phi1 phi2 inertia
203  203         5        0            0        NA        NA 1.96 2.23    0.04
246  246        18        0            0        NA        NA 1.75 2.36    0.03
219  219        31        0            0        NA        NA 1.73 2.37    0.00
247  247         9        0            0        NA        NA 1.76 2.33    0.13
230  230        45        0            0        NA        NA 1.38 2.42    0.10
    .PARENT. .RANK.   .WEIGHT.
203      184     75 0.33333333
246      203     77 0.26666667
219      184     82 0.20000000
247      203     82 0.13333333
230      170     86 0.06666667
