# 2025-06-10 17:45:46 -04: Reading parameter file '/home/dianag/PruebasPablo/irace-independent-executions/PSO-X/Scenarios/E12-BH-Unimodal-SR/Runs/E12-BH-Unimodal-SR_seed_1/parameters.txt'.
# 2025-06-10 17:45:46 -04: 2 expression(s) specifying forbidden configurations read.
# 2025-06-10 17:45:47 -04: Initialization
# Elitist race
# Elitist new instances: 1
# Elitist limit: 2
# nbIterations: 5
# minNbSurvival: 5
# nbParameters: 8
# seed: 1
# confidence level: 0.95
# budget: 4000
# mu: 5
# deterministic: FALSE

# 2025-06-10 17:45:47 -04: Iteration 1 of 5
# experimentsUsed: 0
# remainingBudget: 4000
# currentBudget: 800
# nbConfigurations: 133
# Markers:
     x No test is performed.
     c Configurations are discarded only due to capping.
     - The test is performed and some configurations are discarded.
     = The test is performed but no configuration is discarded.
     ! The test is performed and configurations could be discarded but elite configurations are preserved.
     . All alive configurations are elite and nothing is discarded.

+-+-----------+-----------+-----------+----------------+-----------+--------+-----+----+------+
| |   Instance|      Alive|       Best|       Mean best| Exp so far|  W time|  rho|KenW|  Qvar|
+-+-----------+-----------+-----------+----------------+-----------+--------+-----+----+------+
|x|          1|        133|        124|    0.4400878829|        133|00:00:35|   NA|  NA|    NA|
|x|          2|        133|        100|     9824.283325|        266|00:00:36|+0.60|0.80|0.3235|
|x|          3|        133|         12|     205823.0480|        399|00:00:37|+0.72|0.81|0.2274|
|x|          4|        133|         12|     154367.4189|        532|00:00:37|+0.79|0.84|0.1718|
|-|          5|         18|         12|     123494.1405|        665|00:00:36|+0.15|0.32|0.8679|
|=|          6|         18|         12|     102941.3727|        683|00:00:08|+0.01|0.17|0.9341|
|=|          7|         18|         12|     88235.87257|        701|00:00:07|+0.07|0.21|0.9239|
+-+-----------+-----------+-----------+----------------+-----------+--------+-----+----+------+
Best-so-far configuration:          12    mean value:      88235.87257
Description of the best-so-far configuration:
   .ID. particles topology modInfluence branching tSchedule phi1 phi2 inertia
12   12        55        0            0        NA        NA 1.14 2.17    0.01
   .PARENT.
12       NA

# 2025-06-10 17:49:05 -04: Elite configurations (first number is the configuration ID; listed from best to worst according to the sum of ranks):
    particles topology modInfluence branching tSchedule phi1 phi2 inertia
12         55        0            0        NA        NA 1.14 2.17    0.01
114        19        4            2        NA        NA 0.81 2.34    0.00
27         99        5            0        NA         8 2.31 2.40    0.43
43        189        0            0        NA        NA 1.26 1.82    0.31
98         25        0            0        NA        NA 1.51 1.64    0.48
# 2025-06-10 17:49:05 -04: Iteration 2 of 5
# experimentsUsed: 701
# remainingBudget: 3299
# currentBudget: 824
# nbConfigurations: 107
# Markers:
     x No test is performed.
     c Configurations are discarded only due to capping.
     - The test is performed and some configurations are discarded.
     = The test is performed but no configuration is discarded.
     ! The test is performed and configurations could be discarded but elite configurations are preserved.
     . All alive configurations are elite and nothing is discarded.

+-+-----------+-----------+-----------+----------------+-----------+--------+-----+----+------+
| |   Instance|      Alive|       Best|       Mean best| Exp so far|  W time|  rho|KenW|  Qvar|
+-+-----------+-----------+-----------+----------------+-----------+--------+-----+----+------+
|x|          8|        107|        213|     602214.9104|        107|00:00:21|   NA|  NA|    NA|
|x|          6|        107|        148|     366240.4818|        209|00:00:21|+0.15|0.58|0.5363|
|x|          5|        107|        148|     244161.0844|        311|00:00:18|+0.45|0.64|0.4025|
|x|          1|        107|        159|     266519.1741|        413|00:00:18|+0.59|0.69|0.3492|
|-|          3|         33|        159|     367813.2829|        515|00:00:19|+0.05|0.24|0.9937|
|-|          4|         18|        200|     231284.9097|        543|00:00:06|+0.12|0.27|0.8168|
|=|          2|         18|        200|     207675.2547|        556|00:00:05|+0.06|0.19|0.8986|
|=|          7|         18|        159|     237256.5383|        569|00:00:05|+0.08|0.19|0.9332|
|=|          9|         18|        159|     214155.2870|        587|00:00:05|+0.05|0.15|0.9566|
+-+-----------+-----------+-----------+----------------+-----------+--------+-----+----+------+
Best-so-far configuration:         159    mean value:      214155.2870
Description of the best-so-far configuration:
    .ID. particles topology modInfluence branching tSchedule phi1 phi2 inertia
159  159        25        0            0        NA        NA 2.13 2.08    0.16
    .PARENT.
159       12

# 2025-06-10 17:51:08 -04: Elite configurations (first number is the configuration ID; listed from best to worst according to the sum of ranks):
    particles topology modInfluence branching tSchedule phi1 phi2 inertia
159        25        0            0        NA        NA 2.13 2.08    0.16
12         55        0            0        NA        NA 1.14 2.17    0.01
213         6        4            1        NA        NA 1.53 1.63    0.17
200         6        0            1        NA        NA 1.21 1.46    0.02
197        33        0            0        NA        NA 1.85 2.13    0.24
# 2025-06-10 17:51:08 -04: Iteration 3 of 5
# experimentsUsed: 1288
# remainingBudget: 2712
# currentBudget: 904
# nbConfigurations: 94
# Markers:
     x No test is performed.
     c Configurations are discarded only due to capping.
     - The test is performed and some configurations are discarded.
     = The test is performed but no configuration is discarded.
     ! The test is performed and configurations could be discarded but elite configurations are preserved.
     . All alive configurations are elite and nothing is discarded.

+-+-----------+-----------+-----------+----------------+-----------+--------+-----+----+------+
| |   Instance|      Alive|       Best|       Mean best| Exp so far|  W time|  rho|KenW|  Qvar|
+-+-----------+-----------+-----------+----------------+-----------+--------+-----+----+------+
|x|         10|         94|        244|    0.4619826447|         94|00:00:18|   NA|  NA|    NA|
|x|          8|         94|        276|     282621.6621|        183|00:00:18|+0.82|0.91|0.0215|
|x|          9|         94|        236|     163280.2393|        272|00:00:18|+0.57|0.71|0.2450|
|x|          2|         94|        236|     136643.9702|        361|00:00:17|+0.45|0.59|0.4290|
|-|          1|         41|        270|     166311.0044|        450|00:00:18|-0.11|0.11|1.0786|
|=|          5|         41|        244|     128590.5023|        486|00:00:03|+0.00|0.17|0.9864|
|-|          4|         28|        244|     110220.4915|        522|00:00:03|-0.01|0.13|1.0278|
|=|          3|         28|        244|     169166.5877|        545|00:00:02|+0.01|0.14|1.0053|
|=|          7|         28|        236|     144204.4063|        568|00:00:02|+0.01|0.12|1.0252|
|=|          6|         28|        302|     134160.0956|        591|00:00:03|-0.01|0.09|1.0310|
|=|         11|         28|        236|     118013.2175|        619|00:00:03|-0.02|0.08|1.0088|
+-+-----------+-----------+-----------+----------------+-----------+--------+-----+----+------+
Best-so-far configuration:         236    mean value:      118013.2175
Description of the best-so-far configuration:
    .ID. particles topology modInfluence branching tSchedule phi1 phi2 inertia
236  236        16        0            0        NA        NA 2.09  2.5    0.13
    .PARENT.
236      159

# 2025-06-10 17:52:58 -04: Elite configurations (first number is the configuration ID; listed from best to worst according to the sum of ranks):
    particles topology modInfluence branching tSchedule phi1 phi2 inertia
236        16        0            0        NA        NA 2.09 2.50    0.13
244         4        0            1        NA        NA 1.93 1.71    0.04
302        18        0            0        NA        NA 2.44 1.46    0.05
277        16        0            0        NA        NA 1.81 2.16    0.10
159        25        0            0        NA        NA 2.13 2.08    0.16
# 2025-06-10 17:52:58 -04: Iteration 4 of 5
# experimentsUsed: 1907
# remainingBudget: 2093
# currentBudget: 1046
# nbConfigurations: 91
# Markers:
     x No test is performed.
     c Configurations are discarded only due to capping.
     - The test is performed and some configurations are discarded.
     = The test is performed but no configuration is discarded.
     ! The test is performed and configurations could be discarded but elite configurations are preserved.
     . All alive configurations are elite and nothing is discarded.

+-+-----------+-----------+-----------+----------------+-----------+--------+-----+----+------+
| |   Instance|      Alive|       Best|       Mean best| Exp so far|  W time|  rho|KenW|  Qvar|
+-+-----------+-----------+-----------+----------------+-----------+--------+-----+----+------+
|x|         12|         91|        391|     747676.6374|         91|00:00:14|   NA|  NA|    NA|
|x|          7|         91|        347|     500821.6788|        177|00:00:13|+0.05|0.53|0.4742|
|x|          6|         91|        368|     653556.5317|        263|00:00:14|+0.19|0.46|0.5506|
|x|          2|         91|        368|     498363.0913|        349|00:00:13|+0.32|0.49|0.6233|
|-|          1|         44|        368|     398690.5565|        435|00:00:13|-0.14|0.09|1.0168|
|=|          4|         44|        368|     332242.2053|        474|00:00:04|-0.09|0.09|1.0342|
|=|          9|         44|        368|     293202.7281|        513|00:00:04|-0.07|0.09|0.9981|
|=|          3|         44|        333|     318298.2297|        552|00:00:04|-0.05|0.08|0.9967|
|=|         11|         44|        333|     282947.1135|        591|00:00:04|-0.03|0.09|0.9849|
|=|          8|         44|        347|     218403.2165|        630|00:00:04|-0.01|0.09|0.9754|
|=|          5|         44|        347|     198548.4699|        669|00:00:03|+0.00|0.10|0.9566|
|=|         10|         44|        244|     385884.7374|        708|00:00:03|+0.01|0.09|0.9611|
|=|         13|         44|        384|     230701.9947|        752|00:00:05|-0.00|0.07|0.9640|
+-+-----------+-----------+-----------+----------------+-----------+--------+-----+----+------+
Best-so-far configuration:         384    mean value:      230701.9947
Description of the best-so-far configuration:
    .ID. particles topology modInfluence branching tSchedule phi1 phi2 inertia
384  384        18        0            0        NA        NA  2.1 2.44    0.02
    .PARENT.
384      236

# 2025-06-10 17:54:41 -04: Elite configurations (first number is the configuration ID; listed from best to worst according to the sum of ranks):
    particles topology modInfluence branching tSchedule phi1 phi2 inertia
384        18        0            0        NA        NA 2.10 2.44    0.02
365        22        0            0        NA        NA 2.37 2.33    0.14
236        16        0            0        NA        NA 2.09 2.50    0.13
244         4        0            1        NA        NA 1.93 1.71    0.04
372        13        0            0        NA        NA 1.91 1.96    0.12
# 2025-06-10 17:54:41 -04: Iteration 5 of 5
# experimentsUsed: 2659
# remainingBudget: 1341
# currentBudget: 1341
# nbConfigurations: 100
# Markers:
     x No test is performed.
     c Configurations are discarded only due to capping.
     - The test is performed and some configurations are discarded.
     = The test is performed but no configuration is discarded.
     ! The test is performed and configurations could be discarded but elite configurations are preserved.
     . All alive configurations are elite and nothing is discarded.

+-+-----------+-----------+-----------+----------------+-----------+--------+-----+----+------+
| |   Instance|      Alive|       Best|       Mean best| Exp so far|  W time|  rho|KenW|  Qvar|
+-+-----------+-----------+-----------+----------------+-----------+--------+-----+----+------+
|x|         14|        100|        472|    0.2296252861|        100|00:00:09|   NA|  NA|    NA|
|x|         13|        100|        497|     87.14733686|        195|00:00:10|+0.09|0.55|0.6457|
|x|          4|        100|        492|     58.77649831|        290|00:00:08|-0.09|0.27|1.0175|
|x|         12|        100|        448|     175643.8506|        385|00:00:10|+0.02|0.27|0.9130|
|-|         11|         62|        426|     183444.6520|        480|00:00:10|-0.08|0.14|1.0174|
|=|         10|         62|        426|     152870.6295|        537|00:00:04|-0.03|0.15|1.0082|
|=|          8|         62|        426|     235141.1269|        594|00:00:06|-0.00|0.14|0.9567|
|=|          9|         62|        492|     319207.2806|        651|00:00:06|-0.02|0.11|0.9696|
|=|          5|         62|        459|     184545.6249|        708|00:00:05|+0.01|0.12|0.9640|
|=|          7|         62|        411|     182932.7656|        765|00:00:05|+0.01|0.11|0.9746|
|=|          6|         62|        444|     134372.7822|        822|00:00:06|+0.02|0.10|0.9691|
|=|          3|         62|        444|     175155.3368|        879|00:00:05|+0.02|0.10|0.9697|
|=|          2|         62|        444|     165476.2690|        936|00:00:04|+0.02|0.09|0.9653|
|=|          1|         62|        444|     153656.5683|        993|00:00:04|+0.01|0.08|0.9760|
|=|         15|         62|        444|     143413.6537|       1055|00:00:06|+0.01|0.08|0.9769|
+-+-----------+-----------+-----------+----------------+-----------+--------+-----+----+------+
Best-so-far configuration:         444    mean value:      143413.6537
Description of the best-so-far configuration:
    .ID. particles topology modInfluence branching tSchedule phi1 phi2 inertia
444  444        13        0            0        NA        NA 2.32 2.25    0.15
    .PARENT.
444      365

# 2025-06-10 17:56:28 -04: Elite configurations (first number is the configuration ID; listed from best to worst according to the sum of ranks):
    particles topology modInfluence branching tSchedule phi1 phi2 inertia
444        13        0            0        NA        NA 2.32 2.25    0.15
418        18        0            0        NA        NA 2.03 2.45    0.03
497        18        0            0        NA        NA 2.23 2.02    0.08
488        19        0            0        NA        NA 1.89 2.49    0.08
492        22        0            0        NA        NA 2.27 2.49    0.16
# 2025-06-10 17:56:28 -04: Iteration 6 of 6
# experimentsUsed: 3714
# remainingBudget: 286
# currentBudget: 286
# nbConfigurations: 22
# Markers:
     x No test is performed.
     c Configurations are discarded only due to capping.
     - The test is performed and some configurations are discarded.
     = The test is performed but no configuration is discarded.
     ! The test is performed and configurations could be discarded but elite configurations are preserved.
     . All alive configurations are elite and nothing is discarded.

+-+-----------+-----------+-----------+----------------+-----------+--------+-----+----+------+
| |   Instance|      Alive|       Best|       Mean best| Exp so far|  W time|  rho|KenW|  Qvar|
+-+-----------+-----------+-----------+----------------+-----------+--------+-----+----+------+
|x|         16|         22|        520|    0.2593756754|         22|00:00:02|   NA|  NA|    NA|
|x|          3|         22|        488|     267618.9307|         39|00:00:01|+0.27|0.63|0.8463|
|x|          1|         22|        488|     178412.7829|         56|00:00:01|-0.04|0.30|0.9474|
|x|         12|         22|        520|     403013.8421|         73|00:00:02|+0.01|0.26|0.9539|
|=|          4|         22|        444|     310561.6157|         90|00:00:01|-0.03|0.18|0.9872|
|=|         10|         22|        444|     258801.4575|        107|00:00:01|+0.04|0.20|0.9397|
|=|          5|         22|        444|     221829.9112|        124|00:00:02|+0.06|0.19|0.9026|
|=|          6|         22|        444|     194124.9691|        141|00:00:02|+0.07|0.19|0.8865|
|-|         14|         12|        444|     172555.5593|        158|00:00:01|-0.06|0.06|0.9345|
|=|          7|         12|        444|     155300.2957|        165|00:00:01|-0.06|0.04|0.9438|
|=|          9|         12|        444|     143904.0486|        172|00:00:01|-0.04|0.06|0.9299|
|=|         11|         12|        444|     131917.2207|        179|00:00:01|-0.01|0.07|0.9250|
|=|          8|         12|        444|     161666.3101|        186|00:00:01|-0.01|0.07|0.9181|
|=|          2|         12|        444|     153642.1062|        193|00:00:01|-0.01|0.06|0.9131|
|=|         13|         12|        444|     143412.8148|        200|00:00:01|-0.01|0.06|0.9109|
|=|         15|         12|        444|     134450.3170|        207|00:00:01|-0.00|0.06|0.9061|
|=|         17|         12|        418|     221368.1882|        219|00:00:01|-0.01|0.05|0.9201|
+-+-----------+-----------+-----------+----------------+-----------+--------+-----+----+------+
Best-so-far configuration:         418    mean value:      221368.1882
Description of the best-so-far configuration:
    .ID. particles topology modInfluence branching tSchedule phi1 phi2 inertia
418  418        18        0            0        NA        NA 2.03 2.45    0.03
    .PARENT.
418      384

# 2025-06-10 17:56:57 -04: Elite configurations (first number is the configuration ID; listed from best to worst according to the sum of ranks):
    particles topology modInfluence branching tSchedule phi1 phi2 inertia
418        18        0            0        NA        NA 2.03 2.45    0.03
444        13        0            0        NA        NA 2.32 2.25    0.15
488        19        0            0        NA        NA 1.89 2.49    0.08
521        18        0            0        NA        NA 2.18 2.32    0.06
497        18        0            0        NA        NA 2.23 2.02    0.08
# 2025-06-10 17:56:57 -04: Iteration 7 of 7
# experimentsUsed: 3933
# remainingBudget: 67
# currentBudget: 67
# nbConfigurations: 8
# Markers:
     x No test is performed.
     c Configurations are discarded only due to capping.
     - The test is performed and some configurations are discarded.
     = The test is performed but no configuration is discarded.
     ! The test is performed and configurations could be discarded but elite configurations are preserved.
     . All alive configurations are elite and nothing is discarded.

+-+-----------+-----------+-----------+----------------+-----------+--------+-----+----+------+
| |   Instance|      Alive|       Best|       Mean best| Exp so far|  W time|  rho|KenW|  Qvar|
+-+-----------+-----------+-----------+----------------+-----------+--------+-----+----+------+
|x|         18|          8|        488|    0.3379292442|          8|00:00:01|   NA|  NA|    NA|
|x|          4|          8|        525|    0.4209213381|         11|00:00:00|-0.31|0.35|1.2017|
|x|         11|          8|        488|     24.73472749|         14|00:00:01|-0.18|0.21|1.0894|
|x|         14|          8|        488|     18.62054060|         17|00:00:01|-0.12|0.16|0.9932|
|=|         17|          8|        488|     145486.6391|         20|00:00:01|-0.18|0.06|1.0126|
|=|         12|          8|        488|     323684.8085|         23|00:00:01|-0.07|0.10|0.9204|
|=|          7|          8|        488|     277444.5169|         26|00:00:00|-0.04|0.11|0.8794|
|=|         10|          8|        488|     242764.0474|         29|00:00:01|+0.00|0.13|0.8602|
|=|          6|          8|        488|     215812.6082|         32|00:00:01|-0.06|0.06|0.9133|
|=|         15|          8|        488|     194232.5853|         35|00:00:01|-0.06|0.04|0.9235|
|=|          5|          8|        444|     157004.9480|         38|00:00:01|-0.05|0.05|0.8991|
|=|         13|          8|        488|     161876.3583|         41|00:00:01|-0.06|0.03|0.9149|
|=|          9|          8|        488|     150717.2218|         44|00:00:01|-0.03|0.05|0.8930|
|=|          1|          8|        524|     172387.3002|         47|00:00:00|-0.02|0.05|0.8856|
|=|          8|          8|        524|     189522.5786|         50|00:00:01|-0.02|0.04|0.8901|
|=|          2|          8|        524|     179526.8842|         53|00:00:01|-0.01|0.06|0.8742|
|=|          3|          8|        524|     197256.0537|         56|00:00:00|+0.00|0.06|0.8673|
|=|         16|          8|        524|     186297.3993|         59|00:00:01|+0.01|0.06|0.8631|
|=|         19|          8|        524|     176496.4145|         67|00:00:01|+0.01|0.06|0.8658|
+-+-----------+-----------+-----------+----------------+-----------+--------+-----+----+------+
Best-so-far configuration:         524    mean value:      176496.4145
Description of the best-so-far configuration:
    .ID. particles topology modInfluence branching tSchedule phi1 phi2 inertia
524  524        18        0            0        NA        NA 2.22  2.2    0.12
    .PARENT.
524      444

# 2025-06-10 17:57:17 -04: Elite configurations (first number is the configuration ID; listed from best to worst according to the sum of ranks):
    particles topology modInfluence branching tSchedule phi1 phi2 inertia
524        18        0            0        NA        NA 2.22 2.20    0.12
444        13        0            0        NA        NA 2.32 2.25    0.15
521        18        0            0        NA        NA 2.18 2.32    0.06
488        19        0            0        NA        NA 1.89 2.49    0.08
418        18        0            0        NA        NA 2.03 2.45    0.03
# 2025-06-10 17:57:17 -04: Stopped because budget is exhausted
# Iteration: 8
# nbIterations: 7
# experimentsUsed: 4000
# timeUsed: 0
# remainingBudget: 0
# currentBudget: 67
# number of elites: 5
# nbConfigurations: 8
# Total CPU user time: 5037.698, CPU sys time: 127.043, Wall-clock time: 690.84
    .ID. particles topology modInfluence branching tSchedule phi1 phi2 inertia
524  524        18        0            0        NA        NA 2.22 2.20    0.12
444  444        13        0            0        NA        NA 2.32 2.25    0.15
521  521        18        0            0        NA        NA 2.18 2.32    0.06
488  488        19        0            0        NA        NA 1.89 2.49    0.08
418  418        18        0            0        NA        NA 2.03 2.45    0.03
    .PARENT. .RANK.   .WEIGHT.
524      444     69 0.33333333
444      365     80 0.26666667
521      418     82 0.20000000
488      384     83 0.13333333
418      384     87 0.06666667
