# 2025-06-05 02:36:22 -04: Reading parameter file '/home/dianag/PruebasPablo/irace-independent-executions/ACOTSP/Scenarios/E1-BL-N/Runs/E1-BL-N_seed_9876543210/parameters.txt'.
# 2025-06-05 02:36:22 -04: 1 expression(s) specifying forbidden configurations read.
# 2025-06-05 02:36:23 -04: Initialization
# Elitist race
# Elitist new instances: 1
# Elitist limit: 2
# nbIterations: 5
# minNbSurvival: 5
# nbParameters: 11
# seed: 1217171374
# confidence level: 0.95
# budget: 2750
# mu: 5
# deterministic: FALSE

# 2025-06-05 02:36:23 -04: Iteration 1 of 5
# experimentsUsed: 0
# remainingBudget: 2750
# currentBudget: 550
# nbConfigurations: 91
# Markers:
     x No test is performed.
     c Configurations are discarded only due to capping.
     - The test is performed and some configurations are discarded.
     = The test is performed but no configuration is discarded.
     ! The test is performed and configurations could be discarded but elite configurations are preserved.
     . All alive configurations are elite and nothing is discarded.

+-+-----------+-----------+-----------+----------------+-----------+--------+-----+----+------+
| |   Instance|      Alive|       Best|       Mean best| Exp so far|  W time|  rho|KenW|  Qvar|
+-+-----------+-----------+-----------+----------------+-----------+--------+-----+----+------+
|x|          1|         91|         68|     32564674.00|         91|00:02:19|   NA|  NA|    NA|
|x|          2|         91|         68|     32523559.50|        182|00:02:18|+0.97|0.99|0.0016|
|x|          3|         91|         64|     32565694.67|        273|00:02:18|+0.97|0.98|0.0015|
|x|          4|         91|         64|     32556633.50|        364|00:02:18|+0.98|0.98|0.0019|
|-|          5|          5|         64|     32574972.80|        455|00:02:15|+0.44|0.55|0.4516|
+-+-----------+-----------+-----------+----------------+-----------+--------+-----+----+------+
Best-so-far configuration:          64    mean value:      32574972.80
Description of the best-so-far configuration:
   .ID. algorithm localsearch alpha beta  rho ants   q0 rasrank elitistants
64   64       acs           3  4.34 2.22 0.21   18 0.92      NA          NA
   nnls dlb .PARENT.
64   42   0       NA

# 2025-06-05 02:47:53 -04: Elite configurations (first number is the configuration ID; listed from best to worst according to the sum of ranks):
   algorithm localsearch alpha beta  rho ants   q0 rasrank elitistants nnls dlb
64       acs           3  4.34 2.22 0.21   18 0.92      NA          NA   42   0
68       ras           3  4.53 9.48 0.28   82   NA       4          NA   14   1
5        eas           3  3.95 3.31 0.44   94   NA      NA         284   27   1
79       acs           3  3.60 3.86 0.72   76 0.55      NA          NA   40   1
34        as           3  4.49 8.15 0.74   15   NA      NA          NA   15   1
# 2025-06-05 02:47:53 -04: Iteration 2 of 5
# experimentsUsed: 455
# remainingBudget: 2295
# currentBudget: 573
# nbConfigurations: 85
# Markers:
     x No test is performed.
     c Configurations are discarded only due to capping.
     - The test is performed and some configurations are discarded.
     = The test is performed but no configuration is discarded.
     ! The test is performed and configurations could be discarded but elite configurations are preserved.
     . All alive configurations are elite and nothing is discarded.

+-+-----------+-----------+-----------+----------------+-----------+--------+-----+----+------+
| |   Instance|      Alive|       Best|       Mean best| Exp so far|  W time|  rho|KenW|  Qvar|
+-+-----------+-----------+-----------+----------------+-----------+--------+-----+----+------+
|x|          6|         85|         79|     32826381.00|         85|00:02:16|   NA|  NA|    NA|
|x|          3|         85|         64|     32726138.00|        165|00:02:10|+0.97|0.98|0.0027|
|x|          1|         85|        148|     32696748.33|        245|00:02:14|+0.93|0.95|0.0023|
|x|          5|         85|        148|     32666772.50|        325|00:02:13|+0.93|0.95|0.0020|
|-|          2|         11|        148|     32623717.80|        405|00:02:08|+0.29|0.43|0.5873|
|-|          4|          6|        148|     32603120.67|        411|00:00:15|-0.09|0.10|0.9062|
|=|          7|          6|        148|     32621624.29|        417|00:00:13|-0.07|0.08|0.8629|
|=|          8|          6|        148|     32656488.00|        423|00:00:13|-0.01|0.12|0.8229|
+-+-----------+-----------+-----------+----------------+-----------+--------+-----+----+------+
Best-so-far configuration:         148    mean value:      32656488.00
Description of the best-so-far configuration:
    .ID. algorithm localsearch alpha beta rho ants q0 rasrank elitistants nnls
148  148      mmas           3  2.45 3.68 0.3   32 NA      NA          NA   38
    dlb .PARENT.
148   1       64

# 2025-06-05 02:59:39 -04: Elite configurations (first number is the configuration ID; listed from best to worst according to the sum of ranks):
    algorithm localsearch alpha beta  rho ants   q0 rasrank elitistants nnls
148      mmas           3  2.45 3.68 0.30   32   NA      NA          NA   38
68        ras           3  4.53 9.48 0.28   82   NA       4          NA   14
93        acs           3  4.71 3.63 0.77   11 0.92      NA          NA   47
164       acs           3  2.15 2.46 0.48   69 0.99      NA          NA   32
64        acs           3  4.34 2.22 0.21   18 0.92      NA          NA   42
    dlb
148   1
68    1
93    1
164   0
64    0
# 2025-06-05 02:59:39 -04: Iteration 3 of 5
# experimentsUsed: 878
# remainingBudget: 1872
# currentBudget: 624
# nbConfigurations: 73
# Markers:
     x No test is performed.
     c Configurations are discarded only due to capping.
     - The test is performed and some configurations are discarded.
     = The test is performed but no configuration is discarded.
     ! The test is performed and configurations could be discarded but elite configurations are preserved.
     . All alive configurations are elite and nothing is discarded.

+-+-----------+-----------+-----------+----------------+-----------+--------+-----+----+------+
| |   Instance|      Alive|       Best|       Mean best| Exp so far|  W time|  rho|KenW|  Qvar|
+-+-----------+-----------+-----------+----------------+-----------+--------+-----+----+------+
|x|          9|         73|        232|     32390211.00|         73|00:02:09|   NA|  NA|    NA|
|x|          6|         73|        232|     32640197.00|        141|00:01:58|+0.92|0.96|0.0020|
|x|          2|         73|        228|     32581678.67|        209|00:02:00|+0.92|0.95|0.0030|
|x|          1|         73|        228|     32596169.00|        277|00:01:59|+0.93|0.95|0.0033|
|-|          5|          9|        228|     32605977.80|        345|00:01:57|+0.03|0.22|0.8661|
|=|          8|          9|        228|     32673263.67|        349|00:00:20|+0.06|0.21|0.8227|
|=|          4|          9|        228|     32638131.86|        353|00:00:22|+0.08|0.21|0.7823|
|=|          3|          9|        228|     32629418.25|        357|00:00:26|+0.05|0.17|0.8450|
|=|          7|          9|        228|     32630641.11|        361|00:00:20|+0.09|0.19|0.8038|
|=|         10|          9|        228|     32623778.70|        370|00:00:40|+0.10|0.19|0.7805|
+-+-----------+-----------+-----------+----------------+-----------+--------+-----+----+------+
Best-so-far configuration:         228    mean value:      32623778.70
Description of the best-so-far configuration:
    .ID. algorithm localsearch alpha beta  rho ants   q0 rasrank elitistants
228  228       acs           3  4.32 1.13 0.64   10 0.86      NA          NA
    nnls dlb .PARENT.
228   36   1       93

# 2025-06-05 03:11:54 -04: Elite configurations (first number is the configuration ID; listed from best to worst according to the sum of ranks):
    algorithm localsearch alpha beta  rho ants   q0 rasrank elitistants nnls
228       acs           3  4.32 1.13 0.64   10 0.86      NA          NA   36
68        ras           3  4.53 9.48 0.28   82   NA       4          NA   14
148      mmas           3  2.45 3.68 0.30   32   NA      NA          NA   38
232      mmas           3  3.18 5.16 0.29   37   NA      NA          NA   49
175       ras           3  4.32 7.31 0.35   66   NA       8          NA   28
    dlb
228   1
68    1
148   1
232   0
175   1
# 2025-06-05 03:11:54 -04: Iteration 4 of 5
# experimentsUsed: 1248
# remainingBudget: 1502
# currentBudget: 751
# nbConfigurations: 72
# Markers:
     x No test is performed.
     c Configurations are discarded only due to capping.
     - The test is performed and some configurations are discarded.
     = The test is performed but no configuration is discarded.
     ! The test is performed and configurations could be discarded but elite configurations are preserved.
     . All alive configurations are elite and nothing is discarded.

+-+-----------+-----------+-----------+----------------+-----------+--------+-----+----+------+
| |   Instance|      Alive|       Best|       Mean best| Exp so far|  W time|  rho|KenW|  Qvar|
+-+-----------+-----------+-----------+----------------+-----------+--------+-----+----+------+
|x|         11|         72|        269|     32662316.00|         72|00:02:10|   NA|  NA|    NA|
|x|          8|         72|        269|     32768894.50|        139|00:01:54|+0.73|0.86|0.0019|
|x|          2|         72|        275|     32661685.67|        206|00:01:59|+0.76|0.84|0.0016|
|x|          4|         72|        275|     32600733.75|        273|00:01:59|+0.75|0.81|0.0014|
|-|          7|         16|        262|     32624260.60|        340|00:01:58|+0.07|0.26|0.8843|
|=|         10|         16|        262|     32606751.67|        351|00:00:20|+0.10|0.25|0.8653|
|=|          3|         16|        266|     32579359.14|        362|00:00:20|+0.10|0.23|0.8521|
|-|          1|         12|        266|     32584041.25|        373|00:00:20|+0.11|0.22|0.8049|
|-|          6|         11|        266|     32614539.56|        380|00:00:10|+0.15|0.25|0.7655|
|-|          5|         10|        266|     32611843.90|        386|00:00:10|+0.11|0.20|0.7947|
|-|          9|          5|        266|     32587804.55|        391|00:00:10|-0.01|0.08|0.7960|
+-+-----------+-----------+-----------+----------------+-----------+--------+-----+----+------+
Best-so-far configuration:         266    mean value:      32587804.55
Description of the best-so-far configuration:
    .ID. algorithm localsearch alpha beta  rho ants   q0 rasrank elitistants
266  266       acs           3  2.13 5.47 0.29   37 0.91      NA          NA
    nnls dlb .PARENT.
266   24   1      148

# 2025-06-05 03:23:31 -04: Elite configurations (first number is the configuration ID; listed from best to worst according to the sum of ranks):
    algorithm localsearch alpha beta  rho ants   q0 rasrank elitistants nnls
266       acs           3  2.13 5.47 0.29   37 0.91      NA          NA   24
262       acs           3  2.79 2.16 0.54   12 0.84      NA          NA   35
275       acs           3  2.98 2.38 0.58   24 0.85      NA          NA   31
269       acs           3  4.00 5.78 0.20   11 0.76      NA          NA   25
255       acs           3  3.16 1.32 0.66   12 0.75      NA          NA   36
    dlb
266   1
262   1
275   1
269   1
255   1
# 2025-06-05 03:23:31 -04: Iteration 5 of 5
# experimentsUsed: 1639
# remainingBudget: 1111
# currentBudget: 1111
# nbConfigurations: 97
# Markers:
     x No test is performed.
     c Configurations are discarded only due to capping.
     - The test is performed and some configurations are discarded.
     = The test is performed but no configuration is discarded.
     ! The test is performed and configurations could be discarded but elite configurations are preserved.
     . All alive configurations are elite and nothing is discarded.

+-+-----------+-----------+-----------+----------------+-----------+--------+-----+----+------+
| |   Instance|      Alive|       Best|       Mean best| Exp so far|  W time|  rho|KenW|  Qvar|
+-+-----------+-----------+-----------+----------------+-----------+--------+-----+----+------+
|x|         12|         97|        320|     33014068.00|         97|00:02:15|   NA|  NA|    NA|
|x|          7|         97|        320|     32822659.50|        189|00:02:04|+0.41|0.70|0.0260|
|x|         11|         97|        320|     32779341.33|        281|00:02:05|+0.47|0.65|0.0188|
|x|          8|         97|        320|     32788569.00|        373|00:02:05|+0.41|0.56|0.0149|
|-|          5|         25|        385|     32751389.00|        465|00:02:05|-0.01|0.19|0.9607|
|=|          4|         25|        385|     32692348.17|        485|00:00:31|-0.01|0.16|0.9477|
|=|          9|         25|        385|     32646990.71|        505|00:00:31|+0.01|0.15|0.9360|
|=|          2|         25|        385|     32623210.62|        525|00:00:31|+0.03|0.15|0.9309|
|-|         10|         19|        334|     32606022.56|        545|00:00:31|+0.06|0.16|0.8689|
|=|          3|         19|        334|     32599264.20|        559|00:00:20|+0.03|0.13|0.9005|
|=|          1|         19|        334|     32593396.09|        573|00:00:20|+0.05|0.13|0.8890|
|=|          6|         19|        334|     32613154.58|        587|00:00:21|+0.03|0.11|0.9114|
|=|         13|         19|        334|     32601317.92|        606|00:00:31|+0.03|0.10|0.9154|
+-+-----------+-----------+-----------+----------------+-----------+--------+-----+----+------+
Best-so-far configuration:         334    mean value:      32601317.92
Description of the best-so-far configuration:
    .ID. algorithm localsearch alpha beta  rho ants   q0 rasrank elitistants
334  334       acs           3  1.58 5.98 0.26   30 0.96      NA          NA
    nnls dlb .PARENT.
334   18   1      266

# 2025-06-05 03:37:47 -04: Elite configurations (first number is the configuration ID; listed from best to worst according to the sum of ranks):
    algorithm localsearch alpha beta  rho ants   q0 rasrank elitistants nnls
334       acs           3  1.58 5.98 0.26   30 0.96      NA          NA   18
371       acs           3  2.31 3.80 0.18   34 0.82      NA          NA   19
266       acs           3  2.13 5.47 0.29   37 0.91      NA          NA   24
396       acs           3  2.46 5.37 0.30   37 0.67      NA          NA   22
385       acs           3  2.15 8.33 0.36   25 0.63      NA          NA   29
    dlb
334   1
371   1
266   1
396   1
385   1
# 2025-06-05 03:37:47 -04: Iteration 6 of 6
# experimentsUsed: 2245
# remainingBudget: 505
# currentBudget: 505
# nbConfigurations: 40
# Markers:
     x No test is performed.
     c Configurations are discarded only due to capping.
     - The test is performed and some configurations are discarded.
     = The test is performed but no configuration is discarded.
     ! The test is performed and configurations could be discarded but elite configurations are preserved.
     . All alive configurations are elite and nothing is discarded.

+-+-----------+-----------+-----------+----------------+-----------+--------+-----+----+------+
| |   Instance|      Alive|       Best|       Mean best| Exp so far|  W time|  rho|KenW|  Qvar|
+-+-----------+-----------+-----------+----------------+-----------+--------+-----+----+------+
|x|         14|         40|        400|     32493051.00|         40|00:00:52|   NA|  NA|    NA|
|x|          9|         40|        401|     32396948.50|         75|00:00:52|+0.23|0.61|0.2639|
|x|          6|         40|        428|     32528150.67|        110|00:00:52|+0.26|0.51|0.2504|
|x|          5|         40|        428|     32532605.50|        145|00:00:52|+0.24|0.43|0.2348|
|-|          4|         26|        428|     32510022.80|        180|00:00:52|-0.08|0.13|1.0411|
|=|         12|         26|        428|     32590177.67|        201|00:00:31|-0.04|0.14|0.9962|
|=|         11|         26|        428|     32600830.00|        222|00:00:31|+0.00|0.14|0.9622|
|=|          7|         26|        428|     32600462.25|        243|00:00:31|+0.03|0.15|0.9283|
|=|          2|         26|        428|     32585421.44|        264|00:00:31|+0.03|0.13|0.9274|
|=|         13|         26|        428|     32568722.40|        285|00:00:31|+0.03|0.12|0.9244|
|=|          1|         26|        428|     32564164.55|        306|00:00:31|+0.03|0.12|0.9192|
|=|          8|         26|        428|     32588473.33|        327|00:00:31|+0.03|0.11|0.9212|
|-|         10|         11|        428|     32578156.15|        348|00:00:31|+0.04|0.12|0.8593|
|=|          3|         11|        428|     32571744.79|        354|00:00:10|+0.05|0.12|0.8479|
|-|         15|          1|        428|     32586576.13|        365|00:00:20|   NA|  NA|    NA|
+-+-----------+-----------+-----------+----------------+-----------+--------+-----+----+------+
Best-so-far configuration:         428    mean value:      32586576.13
Description of the best-so-far configuration:
    .ID. algorithm localsearch alpha beta  rho ants   q0 rasrank elitistants
428  428       acs           3   1.8 5.78 0.32   31 0.76      NA          NA
    nnls dlb .PARENT.
428   14   1      334

# 2025-06-05 03:46:50 -04: Elite configurations (first number is the configuration ID; listed from best to worst according to the sum of ranks):
    algorithm localsearch alpha beta  rho ants   q0 rasrank elitistants nnls
428       acs           3   1.8 5.78 0.32   31 0.76      NA          NA   14
    dlb
428   1
# 2025-06-05 03:46:50 -04: Iteration 7 of 7
# experimentsUsed: 2610
# remainingBudget: 140
# currentBudget: 140
# nbConfigurations: 9
# Markers:
     x No test is performed.
     c Configurations are discarded only due to capping.
     - The test is performed and some configurations are discarded.
     = The test is performed but no configuration is discarded.
     ! The test is performed and configurations could be discarded but elite configurations are preserved.
     . All alive configurations are elite and nothing is discarded.

+-+-----------+-----------+-----------+----------------+-----------+--------+-----+----+------+
| |   Instance|      Alive|       Best|       Mean best| Exp so far|  W time|  rho|KenW|  Qvar|
+-+-----------+-----------+-----------+----------------+-----------+--------+-----+----+------+
|x|         16|          9|        436|     32843737.00|          9|00:00:20|   NA|  NA|    NA|
|x|          8|          9|        436|     32833301.00|         17|00:00:10|-0.03|0.48|0.9743|
|x|          9|          9|        439|     32657691.67|         25|00:00:10|-0.22|0.19|1.0995|
|x|         10|          9|        439|     32592185.50|         33|00:00:10|-0.11|0.17|0.9383|
|=|         15|          9|        439|     32635275.20|         41|00:00:10|-0.02|0.19|0.8640|
|=|          3|          9|        439|     32621843.67|         49|00:00:10|-0.01|0.16|0.8874|
|=|          1|          9|        428|     32615579.71|         57|00:00:10|+0.08|0.21|0.8128|
|=|          4|          9|        439|     32580169.88|         65|00:00:10|+0.11|0.22|0.7936|
|-|          5|          6|        439|     32576444.44|         73|00:00:10|+0.02|0.13|0.8226|
|=|         11|          6|        439|     32587706.30|         78|00:00:10|-0.01|0.09|0.8367|
|=|         13|          6|        428|     32577990.45|         83|00:00:10|+0.01|0.10|0.8190|
|=|          7|          6|        428|     32579648.58|         88|00:00:10|+0.04|0.12|0.7909|
|=|         12|          6|        428|     32611287.31|         93|00:00:10|+0.06|0.13|0.7724|
|=|          2|          6|        428|     32600845.00|         98|00:00:10|+0.05|0.11|0.7896|
|=|          6|          6|        428|     32613329.53|        103|00:00:10|+0.06|0.13|0.7711|
|=|         14|          6|        428|     32607189.75|        108|00:00:10|+0.06|0.12|0.7803|
|=|         17|          6|        428|     32605920.41|        114|00:00:10|+0.05|0.10|0.7966|
+-+-----------+-----------+-----------+----------------+-----------+--------+-----+----+------+
Best-so-far configuration:         428    mean value:      32605920.41
Description of the best-so-far configuration:
    .ID. algorithm localsearch alpha beta  rho ants   q0 rasrank elitistants
428  428       acs           3   1.8 5.78 0.32   31 0.76      NA          NA
    nnls dlb .PARENT.
428   14   1      334

# 2025-06-05 03:49:59 -04: Elite configurations (first number is the configuration ID; listed from best to worst according to the sum of ranks):
    algorithm localsearch alpha beta  rho ants   q0 rasrank elitistants nnls
428       acs           3  1.80 5.78 0.32   31 0.76      NA          NA   14
434       acs           3  1.72 5.78 0.36   34 0.79      NA          NA   15
439       acs           3  1.54 5.53 0.34   30 0.79      NA          NA   13
438       acs           3  1.79 6.00 0.38   35 0.73      NA          NA   18
436       acs           3  1.72 6.54 0.30   28 0.89      NA          NA   14
    dlb
428   1
434   1
439   1
438   1
436   1
# 2025-06-05 03:49:59 -04: Iteration 8 of 8
# experimentsUsed: 2724
# remainingBudget: 26
# currentBudget: 26
# nbConfigurations: 6
# Markers:
     x No test is performed.
     c Configurations are discarded only due to capping.
     - The test is performed and some configurations are discarded.
     = The test is performed but no configuration is discarded.
     ! The test is performed and configurations could be discarded but elite configurations are preserved.
     . All alive configurations are elite and nothing is discarded.

+-+-----------+-----------+-----------+----------------+-----------+--------+-----+----+------+
| |   Instance|      Alive|       Best|       Mean best| Exp so far|  W time|  rho|KenW|  Qvar|
+-+-----------+-----------+-----------+----------------+-----------+--------+-----+----+------+
|x|         18|          6|        434|     32484150.00|          6|00:00:10|   NA|  NA|    NA|
|x|          1|          6|        428|     32510042.50|          7|00:00:10|+0.14|0.57|0.5156|
|x|          5|          6|        428|     32522018.33|          8|00:00:10|+0.09|0.39|0.8149|
|x|         14|          6|        428|     32520287.00|          9|00:00:10|-0.06|0.21|0.9189|
|=|          3|          6|        428|     32513909.00|         10|00:00:10|+0.07|0.26|0.7886|
|=|         16|          6|        428|     32580989.83|         11|00:00:10|-0.01|0.16|0.8897|
|=|         11|          6|        434|     32586193.43|         12|00:00:10|+0.04|0.17|0.8229|
|=|          9|          6|        428|     32553991.12|         13|00:00:10|+0.08|0.19|0.7917|
|=|         10|          6|        428|     32542919.89|         14|00:00:10|+0.05|0.15|0.8019|
|=|          4|          6|        428|     32530597.10|         15|00:00:10|+0.01|0.11|0.8326|
|=|         13|          6|        428|     32520400.18|         16|00:00:10|+0.03|0.11|0.8153|
|=|         15|          6|        428|     32543218.08|         17|00:00:10|+0.04|0.12|0.8046|
|=|         12|          6|        428|     32577659.15|         18|00:00:10|+0.05|0.13|0.8046|
|=|          8|          6|        428|     32597531.36|         19|00:00:10|+0.02|0.09|0.8304|
|=|          7|          6|        428|     32597555.13|         20|00:00:10|+0.03|0.09|0.8117|
|=|          2|          6|        428|     32589276.38|         21|00:00:10|+0.02|0.08|0.8203|
|=|         17|          6|        428|     32589060.76|         22|00:00:10|+0.02|0.07|0.8274|
|=|          6|          6|        428|     32600119.22|         23|00:00:10|+0.04|0.09|0.8084|
+-+-----------+-----------+-----------+----------------+-----------+--------+-----+----+------+
Best-so-far configuration:         428    mean value:      32600119.22
Description of the best-so-far configuration:
    .ID. algorithm localsearch alpha beta  rho ants   q0 rasrank elitistants
428  428       acs           3   1.8 5.78 0.32   31 0.76      NA          NA
    nnls dlb .PARENT.
428   14   1      334

# 2025-06-05 03:53:07 -04: Elite configurations (first number is the configuration ID; listed from best to worst according to the sum of ranks):
    algorithm localsearch alpha beta  rho ants   q0 rasrank elitistants nnls
428       acs           3  1.80 5.78 0.32   31 0.76      NA          NA   14
434       acs           3  1.72 5.78 0.36   34 0.79      NA          NA   15
439       acs           3  1.54 5.53 0.34   30 0.79      NA          NA   13
438       acs           3  1.79 6.00 0.38   35 0.73      NA          NA   18
442       acs           3  1.75 5.03 0.47   32 0.67      NA          NA   14
    dlb
428   1
434   1
439   1
438   1
442   1
# 2025-06-05 03:53:07 -04: Stopped because there is not enough budget left to race more than the minimum (5).
# You may either increase the budget or set 'minNbSurvival' to a lower value.
# Iteration: 9
# nbIterations: 9
# experimentsUsed: 2747
# timeUsed: 0
# remainingBudget: 3
# currentBudget: 3
# number of elites: 5
# nbConfigurations: 5
# Total CPU user time: 31003.83, CPU sys time: 230.454, Wall-clock time: 4604.475
# 2025-06-05 03:53:07 -04: Starting post-selection:
# Configurations selected: 428, 434, 439.
# Pending instances: 0, 0, 0.
# 2025-06-05 03:53:07 -04: seed: 1217171374
# Configurations: 3
# Available experiments: 3
# minSurvival: 1
# Markers:
     x No test is performed.
     c Configurations are discarded only due to capping.
     - The test is performed and some configurations are discarded.
     = The test is performed but no configuration is discarded.
     ! The test is performed and configurations could be discarded but elite configurations are preserved.
     . All alive configurations are elite and nothing is discarded.

+-+-----------+-----------+-----------+----------------+-----------+--------+-----+----+------+
| |   Instance|      Alive|       Best|       Mean best| Exp so far|  W time|  rho|KenW|  Qvar|
+-+-----------+-----------+-----------+----------------+-----------+--------+-----+----+------+
|.|         14|          3|        434|     32473589.00|          0|00:00:00|   NA|  NA|    NA|
|.|          8|          3|        434|     32688382.00|          0|00:00:00|-1.00|0.00|1.3198|
|.|         15|          3|        434|     32726100.67|          0|00:00:00|-0.33|0.11|0.8455|
|.|         13|          3|        434|     32662190.00|          0|00:00:00|-0.08|0.19|0.6474|
|.|          2|          3|        434|     32601666.60|          0|00:00:00|-0.20|0.04|0.7791|
|.|         12|          3|        434|     32667630.33|          0|00:00:00|-0.07|0.11|0.6850|
|.|          3|          3|        434|     32639280.86|          0|00:00:00|+0.00|0.14|0.6302|
|.|          4|          3|        434|     32605506.50|          0|00:00:00|-0.02|0.11|0.6789|
|.|          9|          3|        434|     32576045.67|          0|00:00:00|-0.03|0.09|0.6976|
|.|         18|          3|        434|     32566856.10|          0|00:00:00|+0.02|0.12|0.6670|
|.|          6|          3|        434|     32585979.00|          0|00:00:00|+0.07|0.16|0.6448|
|.|          5|          3|        434|     32585125.08|          0|00:00:00|+0.05|0.13|0.6678|
|.|          1|          3|        434|     32584213.23|          0|00:00:00|+0.05|0.12|0.6727|
|.|         16|          3|        434|     32605184.64|          0|00:00:00|-0.01|0.07|0.6947|
|.|         10|          3|        434|     32596970.67|          0|00:00:00|-0.03|0.04|0.7034|
|.|          7|          3|        434|     32600118.69|          0|00:00:00|-0.01|0.05|0.6949|
|.|         11|          3|        434|     32603030.24|          0|00:00:00|-0.00|0.06|0.6907|
|.|         17|          3|        434|     32599804.50|          0|00:00:00|+0.01|0.06|0.6870|
|=|         19|          3|        428|     32607108.79|          3|00:00:10|+0.00|0.05|0.6848|
+-+-----------+-----------+-----------+----------------+-----------+--------+-----+----+------+
Best-so-far configuration:         428    mean value:      32607108.79
Description of the best-so-far configuration:
    .ID. algorithm localsearch alpha beta  rho ants   q0 rasrank elitistants
428  428       acs           3   1.8 5.78 0.32   31 0.76      NA          NA
    nnls dlb .PARENT.
428   14   1      334

# 2025-06-05 03:53:18 -04: Elite configurations (first number is the configuration ID; listed from best to worst according to the sum of ranks):
    algorithm localsearch alpha beta  rho ants   q0 rasrank elitistants nnls
428       acs           3  1.80 5.78 0.32   31 0.76      NA          NA   14
434       acs           3  1.72 5.78 0.36   34 0.79      NA          NA   15
439       acs           3  1.54 5.53 0.34   30 0.79      NA          NA   13
    dlb
428   1
434   1
439   1
# Total CPU user time: 31034.9, CPU sys time: 230.693, Wall-clock time: 4615.017
    .ID. algorithm localsearch alpha beta  rho ants   q0 rasrank elitistants
428  428       acs           3  1.80 5.78 0.32   31 0.76      NA          NA
434  434       acs           3  1.72 5.78 0.36   34 0.79      NA          NA
439  439       acs           3  1.54 5.53 0.34   30 0.79      NA          NA
    nnls dlb .PARENT. .RANK.  .WEIGHT.
428   14   1      334     35 0.5000000
434   15   1      428     36 0.3333333
439   13   1      428     43 0.1666667
