# 2025-05-18 01:08:44 -04: Reading parameter file '/home/dianag/PruebasPablo/irace-independent-executions/PSO-X/Scenarios/E3-BH-Mixed-N/Runs/E3-BH-Mixed-N_seed_9876543210/parameters.txt'.
# 2025-05-18 01:08:44 -04: 2 expression(s) specifying forbidden configurations read.
# 2025-05-18 01:08:44 -04: Initialization
# Elitist race
# Elitist new instances: 1
# Elitist limit: 2
# nbIterations: 5
# minNbSurvival: 5
# nbParameters: 8
# seed: 1647264604
# confidence level: 0.95
# budget: 4000
# mu: 5
# deterministic: FALSE

# 2025-05-18 01:08:44 -04: Iteration 1 of 5
# experimentsUsed: 0
# remainingBudget: 4000
# currentBudget: 800
# nbConfigurations: 133
# Markers:
     x No test is performed.
     c Configurations are discarded only due to capping.
     - The test is performed and some configurations are discarded.
     = The test is performed but no configuration is discarded.
     ! The test is performed and configurations could be discarded but elite configurations are preserved.
     . All alive configurations are elite and nothing is discarded.

+-+-----------+-----------+-----------+----------------+-----------+--------+-----+----+------+
| |   Instance|      Alive|       Best|       Mean best| Exp so far|  W time|  rho|KenW|  Qvar|
+-+-----------+-----------+-----------+----------------+-----------+--------+-----+----+------+
|x|          1|        133|         66|     531.3135168|        133|00:04:05|   NA|  NA|    NA|
|x|          2|        133|          7|     273.2349844|        266|00:00:40|+0.31|0.65|0.5050|
|x|          3|        133|         38|     194.6027855|        399|00:02:02|+0.23|0.49|0.7002|
|x|          4|        133|         38|     227.3180389|        532|00:03:59|+0.28|0.46|0.5805|
|-|          5|         54|        119|     196.5988084|        665|00:00:41|-0.04|0.17|1.0189|
|=|          6|         54|          7|     164.2466816|        719|00:00:10|+0.01|0.18|0.9684|
|=|          7|         54|          7|     161.5615959|        773|00:00:09|+0.04|0.18|0.9264|
+-+-----------+-----------+-----------+----------------+-----------+--------+-----+----+------+
Best-so-far configuration:           7    mean value:      161.5615959
Description of the best-so-far configuration:
  .ID. particles topology modInfluence branching tSchedule phi1 phi2 inertia
7    7        84        4            0        NA        NA 2.14 2.24    0.26
  .PARENT.
7       NA

# 2025-05-18 01:20:33 -04: Elite configurations (first number is the configuration ID; listed from best to worst according to the sum of ranks):
    particles topology modInfluence branching tSchedule phi1 phi2 inertia
7          84        4            0        NA        NA 2.14 2.24    0.26
119       157        1            0        NA        NA 1.07 2.45    0.42
18         78        1            2        NA        NA 0.19 1.85    0.68
91         39        4            1        NA        NA 0.52 1.44    0.68
72        167        4            0        NA        NA 1.73 2.26    0.46
# 2025-05-18 01:20:33 -04: Iteration 2 of 5
# experimentsUsed: 773
# remainingBudget: 3227
# currentBudget: 806
# nbConfigurations: 105
# Markers:
     x No test is performed.
     c Configurations are discarded only due to capping.
     - The test is performed and some configurations are discarded.
     = The test is performed but no configuration is discarded.
     ! The test is performed and configurations could be discarded but elite configurations are preserved.
     . All alive configurations are elite and nothing is discarded.

+-+-----------+-----------+-----------+----------------+-----------+--------+-----+----+------+
| |   Instance|      Alive|       Best|       Mean best| Exp so far|  W time|  rho|KenW|  Qvar|
+-+-----------+-----------+-----------+----------------+-----------+--------+-----+----+------+
|x|          8|        105|        222|     538.0214294|        105|00:03:08|   NA|  NA|    NA|
|x|          4|        105|        135|     410.1136803|        205|00:02:58|+0.39|0.70|0.3818|
|x|          5|        105|        201|     291.2462947|        305|00:00:29|+0.50|0.66|0.3793|
|x|          2|        105|        179|     237.6512261|        405|00:00:29|+0.47|0.60|0.3766|
|-|          1|         40|          7|     299.0094018|        505|00:02:58|-0.07|0.14|1.0413|
|=|          6|         40|          7|     249.8547475|        540|00:00:10|-0.00|0.17|1.0034|
|=|          7|         40|          7|     234.9399381|        575|00:00:11|+0.01|0.15|0.9501|
|=|          3|         40|          7|     209.6994955|        610|00:00:31|+0.03|0.16|0.9071|
|=|          9|         40|          7|     9408.767769|        650|00:00:10|+0.02|0.13|0.9521|
+-+-----------+-----------+-----------+----------------+-----------+--------+-----+----+------+
Best-so-far configuration:           7    mean value:      9408.767769
Description of the best-so-far configuration:
  .ID. particles topology modInfluence branching tSchedule phi1 phi2 inertia
7    7        84        4            0        NA        NA 2.14 2.24    0.26
  .PARENT.
7       NA

# 2025-05-18 01:31:41 -04: Elite configurations (first number is the configuration ID; listed from best to worst according to the sum of ranks):
    particles topology modInfluence branching tSchedule phi1 phi2 inertia
7          84        4            0        NA        NA 2.14 2.24    0.26
160        98        5            0        NA         8 2.13 1.44    0.26
171        95        1            0        NA        NA 1.49 2.13    0.37
119       157        1            0        NA        NA 1.07 2.45    0.42
179        82        4            2        NA        NA 1.91 2.00    0.57
# 2025-05-18 01:31:41 -04: Iteration 3 of 5
# experimentsUsed: 1423
# remainingBudget: 2577
# currentBudget: 859
# nbConfigurations: 90
# Markers:
     x No test is performed.
     c Configurations are discarded only due to capping.
     - The test is performed and some configurations are discarded.
     = The test is performed but no configuration is discarded.
     ! The test is performed and configurations could be discarded but elite configurations are preserved.
     . All alive configurations are elite and nothing is discarded.

+-+-----------+-----------+-----------+----------------+-----------+--------+-----+----+------+
| |   Instance|      Alive|       Best|       Mean best| Exp so far|  W time|  rho|KenW|  Qvar|
+-+-----------+-----------+-----------+----------------+-----------+--------+-----+----+------+
|x|         10|         90|        254|     13.67135266|         90|00:00:19|   NA|  NA|    NA|
|x|          3|         90|        279|     39.94208235|        175|00:01:10|+0.52|0.76|0.3825|
|x|          8|         90|        256|     214.2043596|        260|00:02:26|+0.49|0.66|0.4220|
|x|          2|         90|        256|     163.4869790|        345|00:00:17|+0.46|0.60|0.4467|
|-|          1|         29|        256|     238.5963905|        430|00:02:28|-0.03|0.18|0.9652|
|=|          9|         29|        256|     11099.84403|        454|00:00:03|+0.01|0.18|0.9877|
|=|          4|         29|        279|     12270.91639|        478|00:00:40|-0.01|0.13|0.9428|
|=|          7|         29|        256|     8387.963354|        502|00:00:03|+0.02|0.14|0.9067|
|=|          6|         29|        256|     7456.404829|        526|00:00:03|+0.03|0.14|0.9053|
|=|          5|         29|        279|     8611.442073|        550|00:00:04|+0.03|0.13|0.8806|
|=|         11|         29|        234|     7834.707316|        579|00:00:58|+0.03|0.12|0.8752|
+-+-----------+-----------+-----------+----------------+-----------+--------+-----+----+------+
Best-so-far configuration:         234    mean value:      7834.707316
Description of the best-so-far configuration:
    .ID. particles topology modInfluence branching tSchedule phi1 phi2 inertia
234  234       115        4            0        NA        NA 1.94 2.22    0.11
    .PARENT.
234        7

# 2025-05-18 01:40:18 -04: Elite configurations (first number is the configuration ID; listed from best to worst according to the sum of ranks):
    particles topology modInfluence branching tSchedule phi1 phi2 inertia
234       115        4            0        NA        NA 1.94 2.22    0.11
279        56        4            0        NA        NA 2.39 1.89    0.39
256        65        4            0        NA        NA 2.07 1.90    0.32
248       119        4            0        NA        NA 2.03 2.44    0.29
292       120        4            0        NA        NA 1.83 2.14    0.25
# 2025-05-18 01:40:18 -04: Iteration 4 of 5
# experimentsUsed: 2002
# remainingBudget: 1998
# currentBudget: 999
# nbConfigurations: 87
# Markers:
     x No test is performed.
     c Configurations are discarded only due to capping.
     - The test is performed and some configurations are discarded.
     = The test is performed but no configuration is discarded.
     ! The test is performed and configurations could be discarded but elite configurations are preserved.
     . All alive configurations are elite and nothing is discarded.

+-+-----------+-----------+-----------+----------------+-----------+--------+-----+----+------+
| |   Instance|      Alive|       Best|       Mean best| Exp so far|  W time|  rho|KenW|  Qvar|
+-+-----------+-----------+-----------+----------------+-----------+--------+-----+----+------+
|x|         12|         87|        389|     22.98245576|         87|00:00:10|   NA|  NA|    NA|
|x|          7|         87|        383|     79.59906729|        169|00:00:10|+0.44|0.72|0.2672|
|x|          9|         87|        248|     20588.71207|        251|00:00:09|+0.23|0.49|0.2486|
|x|          6|         87|        248|     15442.48889|        333|00:00:09|+0.30|0.48|0.1867|
|-|         11|         31|        248|     12539.78399|        415|00:02:43|-0.10|0.12|1.0775|
|=|          3|         31|        234|     14033.45658|        441|00:00:23|-0.09|0.09|1.0318|
|=|         10|         31|        234|     12043.43616|        467|00:00:04|-0.07|0.08|0.9776|
|=|          5|         31|        234|     10544.48915|        493|00:00:03|-0.05|0.08|0.9536|
|=|          1|         31|        234|     9476.770661|        519|00:00:51|-0.06|0.06|0.9173|
|=|          2|         31|        234|     8530.169385|        545|00:00:03|-0.05|0.05|0.9346|
|=|          4|         31|        234|     7788.471260|        571|00:00:50|-0.05|0.05|0.9238|
|=|          8|         31|        234|     7184.737179|        597|00:00:50|-0.03|0.05|0.9261|
|=|         13|         31|        234|     6722.452293|        628|00:00:33|-0.02|0.06|0.9144|
+-+-----------+-----------+-----------+----------------+-----------+--------+-----+----+------+
Best-so-far configuration:         234    mean value:      6722.452293
Description of the best-so-far configuration:
    .ID. particles topology modInfluence branching tSchedule phi1 phi2 inertia
234  234       115        4            0        NA        NA 1.94 2.22    0.11
    .PARENT.
234        7

# 2025-05-18 01:47:23 -04: Elite configurations (first number is the configuration ID; listed from best to worst according to the sum of ranks):
    particles topology modInfluence branching tSchedule phi1 phi2 inertia
234       115        4            0        NA        NA 1.94 2.22    0.11
279        56        4            0        NA        NA 2.39 1.89    0.39
374        93        4            0        NA        NA 2.15 2.33    0.21
341       133        4            0        NA        NA 2.11 1.89    0.09
361        65        4            0        NA        NA 1.77 2.04    0.35
# 2025-05-18 01:47:23 -04: Iteration 5 of 5
# experimentsUsed: 2630
# remainingBudget: 1370
# currentBudget: 1370
# nbConfigurations: 102
# Markers:
     x No test is performed.
     c Configurations are discarded only due to capping.
     - The test is performed and some configurations are discarded.
     = The test is performed but no configuration is discarded.
     ! The test is performed and configurations could be discarded but elite configurations are preserved.
     . All alive configurations are elite and nothing is discarded.

+-+-----------+-----------+-----------+----------------+-----------+--------+-----+----+------+
| |   Instance|      Alive|       Best|       Mean best| Exp so far|  W time|  rho|KenW|  Qvar|
+-+-----------+-----------+-----------+----------------+-----------+--------+-----+----+------+
|x|         14|        102|        418|     120.6987524|        102|00:00:13|   NA|  NA|    NA|
|x|          7|        102|        418|     122.1886206|        199|00:00:12|+0.08|0.54|0.7435|
|x|         11|        102|        234|     394.4479434|        296|00:03:11|+0.17|0.45|0.6087|
|x|          5|        102|        234|     308.8009620|        393|00:00:13|+0.16|0.37|0.5868|
|-|          8|         63|        234|     355.7732275|        490|00:02:45|-0.09|0.13|1.0596|
|=|          3|         63|        234|     301.2133774|        548|00:00:47|-0.04|0.13|1.0317|
|=|          1|         63|        440|     339.9411661|        606|00:01:40|-0.05|0.10|1.0459|
|=|         10|         63|        374|     306.3069652|        664|00:00:09|-0.03|0.10|1.0106|
|=|          6|         63|        374|     272.7177498|        722|00:00:07|-0.02|0.09|1.0112|
|=|          9|         63|        374|     8417.454648|        780|00:00:06|-0.00|0.10|1.0013|
|=|          2|         63|        461|     6254.312423|        838|00:00:07|-0.00|0.09|0.9937|
|=|         13|         63|        461|     5826.167954|        896|00:01:06|+0.01|0.09|0.9840|
|=|          4|         63|        461|     5403.048581|        954|00:01:37|+0.01|0.09|0.9735|
|=|         12|         63|        461|     5020.438759|       1012|00:00:07|+0.02|0.09|0.9758|
|=|         15|         63|        461|     4686.079097|       1075|00:00:06|+0.01|0.07|0.9835|
+-+-----------+-----------+-----------+----------------+-----------+--------+-----+----+------+
Best-so-far configuration:         461    mean value:      4686.079097
Description of the best-so-far configuration:
    .ID. particles topology modInfluence branching tSchedule phi1 phi2 inertia
461  461        92        4            0        NA        NA 2.11 2.17    0.34
    .PARENT.
461      374

# 2025-05-18 01:59:57 -04: Elite configurations (first number is the configuration ID; listed from best to worst according to the sum of ranks):
    particles topology modInfluence branching tSchedule phi1 phi2 inertia
461        92        4            0        NA        NA 2.11 2.17    0.34
234       115        4            0        NA        NA 1.94 2.22    0.11
496        86        4            0        NA        NA 2.01 2.49    0.25
374        93        4            0        NA        NA 2.15 2.33    0.21
432        94        4            0        NA        NA 2.33 2.46    0.16
# 2025-05-18 01:59:57 -04: Iteration 6 of 6
# experimentsUsed: 3705
# remainingBudget: 295
# currentBudget: 295
# nbConfigurations: 23
# Markers:
     x No test is performed.
     c Configurations are discarded only due to capping.
     - The test is performed and some configurations are discarded.
     = The test is performed but no configuration is discarded.
     ! The test is performed and configurations could be discarded but elite configurations are preserved.
     . All alive configurations are elite and nothing is discarded.

+-+-----------+-----------+-----------+----------------+-----------+--------+-----+----+------+
| |   Instance|      Alive|       Best|       Mean best| Exp so far|  W time|  rho|KenW|  Qvar|
+-+-----------+-----------+-----------+----------------+-----------+--------+-----+----+------+
|x|         16|         23|        510|     255.5921590|         23|00:00:39|   NA|  NA|    NA|
|x|          6|         23|        505|     137.0064264|         41|00:00:02|+0.18|0.59|0.7646|
|x|         12|         23|        505|     100.2067059|         59|00:00:02|+0.09|0.39|0.8414|
|x|         14|         23|        505|     120.0286460|         77|00:00:02|+0.03|0.27|0.9333|
|=|          5|         23|        505|     105.1542141|         95|00:00:02|-0.02|0.19|0.9740|
|=|          9|         23|        505|     12913.60759|        113|00:00:02|-0.04|0.14|0.9832|
|=|         10|         23|        505|     11078.19507|        131|00:00:02|-0.00|0.14|0.9562|
|=|          8|         23|        505|     9761.924307|        149|00:00:37|-0.02|0.11|0.9718|
|=|          2|         23|        505|     8678.675261|        167|00:00:02|-0.01|0.11|0.9533|
|=|          4|         23|        505|     7840.098291|        185|00:00:38|+0.00|0.10|0.9444|
|=|          3|         23|        505|     7130.265690|        203|00:00:17|+0.01|0.10|0.9328|
|=|         13|         23|        505|     6615.749188|        221|00:00:24|+0.02|0.10|0.9184|
|=|         11|         23|        505|     6177.576734|        239|00:00:43|+0.04|0.12|0.9065|
|=|          1|         23|        505|     5774.789271|        257|00:00:37|+0.01|0.08|0.9251|
|=|          7|         23|        505|     5399.250959|        275|00:00:02|+0.02|0.08|0.9275|
|=|         15|         23|        505|     5062.120309|        293|00:00:02|+0.02|0.08|0.9380|
+-+-----------+-----------+-----------+----------------+-----------+--------+-----+----+------+
Best-so-far configuration:         505    mean value:      5062.120309
Description of the best-so-far configuration:
    .ID. particles topology modInfluence branching tSchedule phi1 phi2 inertia
505  505        78        4            0        NA        NA 1.94 2.47    0.28
    .PARENT.
505      496

# 2025-05-18 02:04:17 -04: Elite configurations (first number is the configuration ID; listed from best to worst according to the sum of ranks):
    particles topology modInfluence branching tSchedule phi1 phi2 inertia
505        78        4            0        NA        NA 1.94 2.47    0.28
513        81        4            0        NA        NA 2.08 2.49    0.29
515        74        4            0        NA        NA 2.08 2.49    0.23
234       115        4            0        NA        NA 1.94 2.22    0.11
461        92        4            0        NA        NA 2.11 2.17    0.34
# 2025-05-18 02:04:17 -04: Stopped because there is not enough budget left to race more than the minimum (5).
# You may either increase the budget or set 'minNbSurvival' to a lower value.
# Iteration: 7
# nbIterations: 7
# experimentsUsed: 3998
# timeUsed: 0
# remainingBudget: 2
# currentBudget: 2
# number of elites: 5
# nbConfigurations: 5
# Total CPU user time: 24549.55, CPU sys time: 152.535, Wall-clock time: 3332.656
# 2025-05-18 02:04:17 -04: Starting post-selection:
# Configurations selected: 505, 513.
# Pending instances: 0, 0.
# 2025-05-18 02:04:17 -04: seed: 1647264604
# Configurations: 2
# Available experiments: 2
# minSurvival: 1
# Markers:
     x No test is performed.
     c Configurations are discarded only due to capping.
     - The test is performed and some configurations are discarded.
     = The test is performed but no configuration is discarded.
     ! The test is performed and configurations could be discarded but elite configurations are preserved.
     . All alive configurations are elite and nothing is discarded.

+-+-----------+-----------+-----------+----------------+-----------+--------+-----+----+------+
| |   Instance|      Alive|       Best|       Mean best| Exp so far|  W time|  rho|KenW|  Qvar|
+-+-----------+-----------+-----------+----------------+-----------+--------+-----+----+------+
|.|          5|          2|        505|     45.65648669|          0|00:00:00|   NA|  NA|    NA|
|.|          3|          2|        505|     38.79808279|          0|00:00:00|+1.00|1.00|0.0000|
|.|          8|          2|        505|     208.5417088|          0|00:00:00|+1.00|1.00|0.0000|
|.|          7|          2|        505|     191.8349310|          0|00:00:00|+0.00|0.25|0.5000|
|.|          4|          2|        505|     212.0490585|          0|00:00:00|+0.20|0.36|0.4000|
|.|         15|          2|        505|     177.5676422|          0|00:00:00|-0.07|0.11|0.5333|
|.|         10|          2|        505|     161.5893978|          0|00:00:00|-0.14|0.02|0.5714|
|.|          6|          2|        505|     141.8341863|          0|00:00:00|-0.07|0.06|0.5357|
|.|         12|          2|        505|     129.0311950|          0|00:00:00|+0.00|0.11|0.5000|
|.|          1|          2|        505|     169.9832995|          0|00:00:00|+0.07|0.16|0.4667|
|.|         14|          2|        505|     170.8479510|          0|00:00:00|+0.13|0.21|0.4364|
|.|         13|          2|        505|     236.2829275|          0|00:00:00|+0.18|0.25|0.4091|
|.|          9|          2|        505|     6137.789971|          0|00:00:00|+0.08|0.15|0.4615|
|.|          2|          2|        505|     5700.282322|          0|00:00:00|+0.12|0.18|0.4396|
|.|         16|          2|        505|     5338.294511|          0|00:00:00|+0.16|0.22|0.4190|
|.|         11|          2|        505|     5062.120309|          0|00:00:00|+0.08|0.14|0.4583|
|=|         17|          2|        505|     4771.144342|          2|00:00:00|+0.03|0.09|0.4853|
+-+-----------+-----------+-----------+----------------+-----------+--------+-----+----+------+
Best-so-far configuration:         505    mean value:      4771.144342
Description of the best-so-far configuration:
    .ID. particles topology modInfluence branching tSchedule phi1 phi2 inertia
505  505        78        4            0        NA        NA 1.94 2.47    0.28
    .PARENT.
505      496

# 2025-05-18 02:04:18 -04: Elite configurations (first number is the configuration ID; listed from best to worst according to the sum of ranks):
    particles topology modInfluence branching tSchedule phi1 phi2 inertia
505        78        4            0        NA        NA 1.94 2.47    0.28
513        81        4            0        NA        NA 2.08 2.49    0.29
# Total CPU user time: 24550.92, CPU sys time: 152.59, Wall-clock time: 3333.378
    .ID. particles topology modInfluence branching tSchedule phi1 phi2 inertia
505  505        78        4            0        NA        NA 1.94 2.47    0.28
513  513        81        4            0        NA        NA 2.08 2.49    0.29
    .PARENT. .RANK.  .WEIGHT.
505      496     23 0.6666667
513      496     28 0.3333333
