# 2025-05-15 13:52:18 -04: Reading parameter file '/home/dianag/PruebasPablo/irace-independent-executions/ACOTSP/Scenarios/E4-BH-SR/Runs/E4-BH-SR_seed_555666333/parameters.txt'.
# 2025-05-15 13:52:18 -04: 1 expression(s) specifying forbidden configurations read.
# 2025-05-15 13:52:19 -04: Initialization
# Elitist race
# Elitist new instances: 1
# Elitist limit: 2
# nbIterations: 5
# minNbSurvival: 5
# nbParameters: 11
# seed: 555666333
# confidence level: 0.95
# budget: 5500
# mu: 5
# deterministic: FALSE

# 2025-05-15 13:52:19 -04: Iteration 1 of 5
# experimentsUsed: 0
# remainingBudget: 5500
# currentBudget: 1100
# nbConfigurations: 183
# Markers:
     x No test is performed.
     c Configurations are discarded only due to capping.
     - The test is performed and some configurations are discarded.
     = The test is performed but no configuration is discarded.
     ! The test is performed and configurations could be discarded but elite configurations are preserved.
     . All alive configurations are elite and nothing is discarded.

+-+-----------+-----------+-----------+----------------+-----------+--------+-----+----+------+
| |   Instance|      Alive|       Best|       Mean best| Exp so far|  W time|  rho|KenW|  Qvar|
+-+-----------+-----------+-----------+----------------+-----------+--------+-----+----+------+
|x|          1|        183|         69|     32672947.00|        183|00:04:36|   NA|  NA|    NA|
|x|          2|        183|         69|     32714549.50|        366|00:04:37|+0.98|0.99|0.0013|
|x|          3|        183|         69|     32773129.67|        549|00:04:36|+0.98|0.99|0.0013|
|x|          4|        183|         27|     32595500.25|        732|00:04:40|+0.98|0.99|0.0015|
|-|          5|         11|         27|     32662653.60|        915|00:04:38|+0.23|0.38|0.7094|
|-|          6|          6|         27|     32661838.33|        926|00:00:37|+0.14|0.28|0.7160|
|-|          7|          2|         69|     32653935.43|        932|00:00:25|-0.14|0.02|0.5714|
+-+-----------+-----------+-----------+----------------+-----------+--------+-----+----+------+
Best-so-far configuration:          69    mean value:      32653935.43
Description of the best-so-far configuration:
   .ID. algorithm localsearch alpha beta  rho ants   q0 rasrank elitistants
69   69       acs           3  3.35 8.31 0.52   18 0.82      NA          NA
   nnls dlb .PARENT.
69   19   1       NA

# 2025-05-15 14:16:32 -04: Elite configurations (first number is the configuration ID; listed from best to worst according to the sum of ranks):
   algorithm localsearch alpha beta  rho ants   q0 rasrank elitistants nnls dlb
69       acs           3  3.35 8.31 0.52   18 0.82      NA          NA   19   1
27       acs           3  1.35 3.39 0.87   12 0.31      NA          NA   11   1
# 2025-05-15 14:16:32 -04: Iteration 2 of 5
# experimentsUsed: 932
# remainingBudget: 4568
# currentBudget: 1142
# nbConfigurations: 144
# Markers:
     x No test is performed.
     c Configurations are discarded only due to capping.
     - The test is performed and some configurations are discarded.
     = The test is performed but no configuration is discarded.
     ! The test is performed and configurations could be discarded but elite configurations are preserved.
     . All alive configurations are elite and nothing is discarded.

+-+-----------+-----------+-----------+----------------+-----------+--------+-----+----+------+
| |   Instance|      Alive|       Best|       Mean best| Exp so far|  W time|  rho|KenW|  Qvar|
+-+-----------+-----------+-----------+----------------+-----------+--------+-----+----+------+
|x|          8|        144|        291|     32867609.00|        144|00:03:38|   NA|  NA|    NA|
|x|          5|        144|        275|     32890701.00|        286|00:03:33|+0.96|0.98|0.0057|
|x|          1|        144|        192|     32812999.00|        428|00:03:30|+0.96|0.98|0.0047|
|x|          7|        144|        311|     32738370.50|        570|00:03:30|+0.97|0.98|0.0061|
|-|          4|         11|        311|     32617198.20|        712|00:03:34|+0.11|0.29|0.8820|
|=|          3|         11|        311|     32654084.33|        721|00:00:20|+0.11|0.26|0.8484|
|-|          6|          8|        311|     32652774.14|        730|00:00:20|-0.02|0.12|0.9211|
|=|          2|          8|        311|     32664250.38|        736|00:00:10|+0.00|0.13|0.8897|
|=|          9|          8|        311|     32625530.33|        744|00:00:10|+0.02|0.13|0.8806|
+-+-----------+-----------+-----------+----------------+-----------+--------+-----+----+------+
Best-so-far configuration:         311    mean value:      32625530.33
Description of the best-so-far configuration:
    .ID. algorithm localsearch alpha beta  rho ants   q0 rasrank elitistants
311  311       acs           3  1.48 7.78 0.79   32 0.86      NA          NA
    nnls dlb .PARENT.
311   21   1       69

# 2025-05-15 14:35:22 -04: Elite configurations (first number is the configuration ID; listed from best to worst according to the sum of ranks):
    algorithm localsearch alpha beta  rho ants   q0 rasrank elitistants nnls
311       acs           3  1.48 7.78 0.79   32 0.86      NA          NA   21
291       acs           3  1.89 3.36 0.76   33 0.29      NA          NA   18
188       acs           3  2.30 0.85 0.24   19 0.76      NA          NA   11
275       acs           3  2.20 2.65 0.55   44 0.91      NA          NA   10
27        acs           3  1.35 3.39 0.87   12 0.31      NA          NA   11
    dlb
311   1
291   1
188   1
275   1
27    1
# 2025-05-15 14:35:22 -04: Iteration 3 of 5
# experimentsUsed: 1676
# remainingBudget: 3824
# currentBudget: 1274
# nbConfigurations: 131
# Markers:
     x No test is performed.
     c Configurations are discarded only due to capping.
     - The test is performed and some configurations are discarded.
     = The test is performed but no configuration is discarded.
     ! The test is performed and configurations could be discarded but elite configurations are preserved.
     . All alive configurations are elite and nothing is discarded.

+-+-----------+-----------+-----------+----------------+-----------+--------+-----+----+------+
| |   Instance|      Alive|       Best|       Mean best| Exp so far|  W time|  rho|KenW|  Qvar|
+-+-----------+-----------+-----------+----------------+-----------+--------+-----+----+------+
|x|         10|        131|        340|     32503987.00|        131|00:03:05|   NA|  NA|    NA|
|x|          9|        131|        340|     32375813.00|        257|00:02:57|+0.96|0.98|0.0012|
|x|          1|        131|        385|     32493451.67|        383|00:02:58|+0.96|0.97|0.0012|
|x|          3|        131|        424|     32584995.50|        509|00:03:00|+0.96|0.97|0.0015|
|-|          8|         17|        424|     32644192.40|        635|00:03:00|-0.06|0.15|0.9957|
|=|          5|         17|        424|     32682014.17|        647|00:00:20|-0.03|0.14|0.9784|
|=|          6|         17|        424|     32671292.57|        659|00:00:20|+0.00|0.15|0.9460|
|=|          2|         17|        424|     32670935.25|        671|00:00:20|+0.02|0.14|0.9496|
|=|          7|         17|        424|     32652068.56|        683|00:00:20|+0.03|0.14|0.9432|
|=|          4|         17|        424|     32599285.90|        695|00:00:20|+0.01|0.11|0.9444|
|=|         11|         17|        366|     32628049.91|        712|00:00:31|+0.01|0.10|0.9505|
+-+-----------+-----------+-----------+----------------+-----------+--------+-----+----+------+
Best-so-far configuration:         366    mean value:      32628049.91
Description of the best-so-far configuration:
    .ID. algorithm localsearch alpha beta  rho ants   q0 rasrank elitistants
366  366       acs           3  1.96 7.48 0.29   14 0.29      NA          NA
    nnls dlb .PARENT.
366   16   1      291

# 2025-05-15 14:52:40 -04: Elite configurations (first number is the configuration ID; listed from best to worst according to the sum of ranks):
    algorithm localsearch alpha beta  rho ants   q0 rasrank elitistants nnls
366       acs           3  1.96 7.48 0.29   14 0.29      NA          NA   16
424       acs           3  2.59 7.37 0.90   28 0.77      NA          NA   32
340       acs           3  1.68 4.25 0.62   49 0.32      NA          NA   19
372       acs           3  2.01 6.92 0.77   37 0.51      NA          NA   32
291       acs           3  1.89 3.36 0.76   33 0.29      NA          NA   18
    dlb
366   1
424   1
340   1
372   1
291   1
# 2025-05-15 14:52:40 -04: Iteration 4 of 5
# experimentsUsed: 2388
# remainingBudget: 3112
# currentBudget: 1556
# nbConfigurations: 134
# Markers:
     x No test is performed.
     c Configurations are discarded only due to capping.
     - The test is performed and some configurations are discarded.
     = The test is performed but no configuration is discarded.
     ! The test is performed and configurations could be discarded but elite configurations are preserved.
     . All alive configurations are elite and nothing is discarded.

+-+-----------+-----------+-----------+----------------+-----------+--------+-----+----+------+
| |   Instance|      Alive|       Best|       Mean best| Exp so far|  W time|  rho|KenW|  Qvar|
+-+-----------+-----------+-----------+----------------+-----------+--------+-----+----+------+
|x|         12|        134|        452|     32630760.00|        134|00:03:08|   NA|  NA|    NA|
|x|          4|        134|        366|     32382590.00|        263|00:03:03|+0.75|0.88|0.0017|
|x|          7|        134|        366|     32398868.67|        392|00:03:01|+0.76|0.84|0.0019|
|x|          1|        134|        366|     32457809.25|        521|00:03:01|+0.78|0.83|0.0018|
|-|          6|         27|        366|     32492820.80|        650|00:03:02|-0.13|0.10|1.0684|
|=|         10|         27|        547|     32510478.83|        672|00:00:31|-0.07|0.11|1.0138|
|=|          8|         27|        579|     32557807.43|        694|00:00:31|-0.07|0.09|1.0166|
|=|          5|         27|        579|     32602559.12|        716|00:00:31|-0.04|0.09|0.9940|
|=|         11|         27|        366|     32641497.67|        738|00:00:31|-0.05|0.07|1.0049|
|=|          3|         27|        456|     32665684.10|        760|00:00:31|-0.03|0.07|0.9921|
|=|          2|         27|        366|     32663164.64|        782|00:00:31|-0.01|0.08|0.9677|
|=|          9|         27|        366|     32632117.67|        804|00:00:31|+0.01|0.09|0.9462|
|=|         13|         27|        579|     32622869.23|        831|00:00:41|+0.01|0.09|0.9474|
+-+-----------+-----------+-----------+----------------+-----------+--------+-----+----+------+
Best-so-far configuration:         579    mean value:      32622869.23
Description of the best-so-far configuration:
    .ID. algorithm localsearch alpha beta  rho ants   q0 rasrank elitistants
579  579       acs           3  2.26  4.8 0.41   45 0.33      NA          NA
    nnls dlb .PARENT.
579   20   1      340

# 2025-05-15 15:12:18 -04: Elite configurations (first number is the configuration ID; listed from best to worst according to the sum of ranks):
    algorithm localsearch alpha beta  rho ants   q0 rasrank elitistants nnls
579       acs           3  2.26 4.80 0.41   45 0.33      NA          NA   20
366       acs           3  1.96 7.48 0.29   14 0.29      NA          NA   16
547       acs           3  2.46 8.08 0.12   13 0.47      NA          NA   16
456       acs           3  2.31 8.10 0.39   39 0.27      NA          NA   20
533       acs           3  1.62 5.28 0.94   47 0.63      NA          NA   10
    dlb
579   1
366   1
547   1
456   1
533   1
# 2025-05-15 15:12:18 -04: Iteration 5 of 5
# experimentsUsed: 3219
# remainingBudget: 2281
# currentBudget: 2281
# nbConfigurations: 167
# Markers:
     x No test is performed.
     c Configurations are discarded only due to capping.
     - The test is performed and some configurations are discarded.
     = The test is performed but no configuration is discarded.
     ! The test is performed and configurations could be discarded but elite configurations are preserved.
     . All alive configurations are elite and nothing is discarded.

+-+-----------+-----------+-----------+----------------+-----------+--------+-----+----+------+
| |   Instance|      Alive|       Best|       Mean best| Exp so far|  W time|  rho|KenW|  Qvar|
+-+-----------+-----------+-----------+----------------+-----------+--------+-----+----+------+
|x|         14|        167|        626|     32583283.00|        167|00:03:39|   NA|  NA|    NA|
|x|          1|        167|        709|     32600139.50|        329|00:03:37|+0.35|0.67|0.0056|
|x|         11|        167|        705|     32716750.00|        491|00:03:37|+0.34|0.56|0.0075|
|x|          4|        167|        630|     32566345.25|        653|00:03:37|+0.36|0.52|0.0068|
|-|          2|         73|        635|     32597912.00|        815|00:03:37|-0.10|0.12|1.0936|
|=|         12|         73|        705|     32598317.00|        883|00:01:33|-0.04|0.13|1.0414|
|=|          9|         73|        705|     32558803.00|        951|00:01:33|-0.02|0.12|1.0127|
|=|          3|         73|        635|     32599751.50|       1019|00:01:33|-0.02|0.10|1.0166|
|=|          8|         73|        579|     32623871.89|       1087|00:01:33|-0.02|0.09|1.0107|
|=|          6|         73|        579|     32620987.50|       1155|00:01:33|-0.02|0.08|1.0042|
|=|         10|         73|        635|     32621280.18|       1223|00:01:33|-0.00|0.09|0.9917|
|=|          7|         73|        590|     32606987.50|       1291|00:01:33|+0.01|0.09|0.9823|
|=|         13|         73|        635|     32605361.46|       1359|00:01:33|+0.01|0.08|0.9807|
|=|          5|         73|        608|     32624295.00|       1427|00:01:34|+0.01|0.08|0.9818|
|=|         15|         73|        579|     32625999.87|       1500|00:01:44|+0.00|0.07|0.9815|
+-+-----------+-----------+-----------+----------------+-----------+--------+-----+----+------+
Best-so-far configuration:         579    mean value:      32625999.87
Description of the best-so-far configuration:
    .ID. algorithm localsearch alpha beta  rho ants   q0 rasrank elitistants
579  579       acs           3  2.26  4.8 0.41   45 0.33      NA          NA
    nnls dlb .PARENT.
579   20   1      340

# 2025-05-15 15:46:17 -04: Elite configurations (first number is the configuration ID; listed from best to worst according to the sum of ranks):
    algorithm localsearch alpha beta  rho ants   q0 rasrank elitistants nnls
579       acs           3  2.26 4.80 0.41   45 0.33      NA          NA   20
635       acs           3  2.12 7.99 0.30   28 0.33      NA          NA   15
651       acs           3  1.38 3.90 0.87   50 0.77      NA          NA   13
705       acs           3  1.90 4.20 0.48   46 0.22      NA          NA   14
608       acs           3  2.03 3.97 0.83   60 0.63      NA          NA   12
    dlb
579   1
635   1
651   1
705   1
608   1
# 2025-05-15 15:46:17 -04: Iteration 6 of 6
# experimentsUsed: 4719
# remainingBudget: 781
# currentBudget: 781
# nbConfigurations: 53
# Markers:
     x No test is performed.
     c Configurations are discarded only due to capping.
     - The test is performed and some configurations are discarded.
     = The test is performed but no configuration is discarded.
     ! The test is performed and configurations could be discarded but elite configurations are preserved.
     . All alive configurations are elite and nothing is discarded.

+-+-----------+-----------+-----------+----------------+-----------+--------+-----+----+------+
| |   Instance|      Alive|       Best|       Mean best| Exp so far|  W time|  rho|KenW|  Qvar|
+-+-----------+-----------+-----------+----------------+-----------+--------+-----+----+------+
|x|         16|         53|        765|     32527870.00|         53|00:01:13|   NA|  NA|    NA|
|x|         11|         53|        765|     32712351.50|        101|00:01:02|+0.38|0.69|0.2478|
|x|          6|         53|        765|     32665364.33|        149|00:01:02|+0.35|0.57|0.2348|
|x|          9|         53|        781|     32576037.75|        197|00:01:02|+0.34|0.51|0.2804|
|-|          7|         20|        781|     32540794.80|        245|00:01:02|-0.08|0.14|1.0177|
|=|         15|         20|        781|     32566290.67|        260|00:00:20|-0.06|0.12|1.0074|
|=|         10|         20|        765|     32567080.29|        275|00:00:20|-0.04|0.11|0.9937|
|=|         13|         20|        765|     32561777.12|        290|00:00:21|-0.01|0.11|0.9621|
|=|         14|         20|        765|     32571308.11|        305|00:00:20|-0.00|0.11|0.9571|
|=|          4|         20|        765|     32524312.00|        320|00:00:20|+0.00|0.10|0.9561|
|=|          1|         20|        765|     32532921.45|        335|00:00:21|+0.00|0.09|0.9532|
|=|          3|         20|        765|     32559070.25|        350|00:00:20|+0.00|0.09|0.9511|
|=|          2|         20|        765|     32568979.23|        365|00:00:20|+0.01|0.09|0.9418|
|=|          5|         20|        765|     32589728.21|        380|00:00:20|+0.01|0.08|0.9457|
|=|         12|         20|        765|     32596538.33|        395|00:00:20|+0.00|0.07|0.9464|
|=|          8|         20|        765|     32611714.81|        410|00:00:20|+0.01|0.07|0.9388|
|=|         17|         20|        765|     32624272.12|        430|00:00:31|+0.02|0.08|0.9315|
+-+-----------+-----------+-----------+----------------+-----------+--------+-----+----+------+
Best-so-far configuration:         765    mean value:      32624272.12
Description of the best-so-far configuration:
    .ID. algorithm localsearch alpha beta  rho ants   q0 rasrank elitistants
765  765       acs           3  1.61 3.41 0.92   52 0.75      NA          NA
    nnls dlb .PARENT.
765   17   1      651

# 2025-05-15 15:56:03 -04: Elite configurations (first number is the configuration ID; listed from best to worst according to the sum of ranks):
    algorithm localsearch alpha beta  rho ants   q0 rasrank elitistants nnls
765       acs           3  1.61 3.41 0.92   52 0.75      NA          NA   17
758       acs           3  1.83 3.82 0.47   44 0.25      NA          NA   11
756       acs           3  1.88 4.04 0.49   40 0.34      NA          NA   14
784       acs           3  2.33 5.19 0.42   52 0.35      NA          NA   16
651       acs           3  1.38 3.90 0.87   50 0.77      NA          NA   13
    dlb
765   1
758   1
756   1
784   1
651   1
# 2025-05-15 15:56:03 -04: Iteration 7 of 7
# experimentsUsed: 5149
# remainingBudget: 351
# currentBudget: 351
# nbConfigurations: 24
# Markers:
     x No test is performed.
     c Configurations are discarded only due to capping.
     - The test is performed and some configurations are discarded.
     = The test is performed but no configuration is discarded.
     ! The test is performed and configurations could be discarded but elite configurations are preserved.
     . All alive configurations are elite and nothing is discarded.

+-+-----------+-----------+-----------+----------------+-----------+--------+-----+----+------+
| |   Instance|      Alive|       Best|       Mean best| Exp so far|  W time|  rho|KenW|  Qvar|
+-+-----------+-----------+-----------+----------------+-----------+--------+-----+----+------+
|x|         18|         24|        792|     32676135.00|         24|00:00:31|   NA|  NA|    NA|
|x|          4|         24|        791|     32382506.50|         43|00:00:31|+0.26|0.63|0.5027|
|x|          5|         24|        792|     32547595.33|         62|00:00:31|+0.23|0.49|0.5446|
|x|          2|         24|        765|     32589625.50|         81|00:00:31|+0.21|0.41|0.5861|
|-|         10|         21|        792|     32579255.20|        100|00:00:31|-0.10|0.12|1.0506|
|=|          9|         21|        803|     32533768.67|        116|00:00:20|-0.09|0.09|1.0401|
|=|          3|         21|        794|     32575313.86|        132|00:00:21|-0.08|0.07|1.0205|
|=|         12|         21|        758|     32585211.25|        148|00:00:20|-0.03|0.09|0.9715|
|=|          6|         21|        792|     32591723.56|        164|00:00:20|-0.05|0.07|0.9780|
|=|         17|         21|        792|     32610538.20|        180|00:00:21|-0.01|0.09|0.9509|
|=|         13|         21|        758|     32601856.82|        196|00:00:21|-0.01|0.08|0.9568|
|=|          7|         21|        758|     32590571.33|        212|00:00:21|-0.02|0.07|0.9677|
|=|         15|         21|        758|     32596552.69|        228|00:00:21|-0.01|0.07|0.9625|
|=|          1|         21|        765|     32600772.00|        244|00:00:20|-0.01|0.07|0.9613|
|=|         16|         21|        765|     32595911.87|        260|00:00:20|+0.00|0.07|0.9499|
|=|         14|         21|        758|     32594685.12|        276|00:00:21|+0.02|0.08|0.9339|
|=|          8|         21|        765|     32613270.35|        292|00:00:20|+0.03|0.09|0.9237|
|=|         11|         21|        765|     32629023.83|        308|00:00:20|+0.02|0.08|0.9324|
|=|         19|         21|        765|     32616021.68|        329|00:00:31|+0.02|0.07|0.9377|
+-+-----------+-----------+-----------+----------------+-----------+--------+-----+----+------+
Best-so-far configuration:         765    mean value:      32616021.68
Description of the best-so-far configuration:
    .ID. algorithm localsearch alpha beta  rho ants   q0 rasrank elitistants
765  765       acs           3  1.61 3.41 0.92   52 0.75      NA          NA
    nnls dlb .PARENT.
765   17   1      651

# 2025-05-15 16:03:44 -04: Elite configurations (first number is the configuration ID; listed from best to worst according to the sum of ranks):
    algorithm localsearch alpha beta  rho ants   q0 rasrank elitistants nnls
765       acs           3  1.61 3.41 0.92   52 0.75      NA          NA   17
758       acs           3  1.83 3.82 0.47   44 0.25      NA          NA   11
807       acs           3  1.77 4.19 0.46   33 0.28      NA          NA   16
803       acs           3  1.37 4.09 0.87   53 0.79      NA          NA   13
784       acs           3  2.33 5.19 0.42   52 0.35      NA          NA   16
    dlb
765   1
758   1
807   1
803   1
784   1
# 2025-05-15 16:03:44 -04: Iteration 8 of 8
# experimentsUsed: 5478
# remainingBudget: 22
# currentBudget: 22
# nbConfigurations: 6
# Markers:
     x No test is performed.
     c Configurations are discarded only due to capping.
     - The test is performed and some configurations are discarded.
     = The test is performed but no configuration is discarded.
     ! The test is performed and configurations could be discarded but elite configurations are preserved.
     . All alive configurations are elite and nothing is discarded.

+-+-----------+-----------+-----------+----------------+-----------+--------+-----+----+------+
| |   Instance|      Alive|       Best|       Mean best| Exp so far|  W time|  rho|KenW|  Qvar|
+-+-----------+-----------+-----------+----------------+-----------+--------+-----+----+------+
|x|          9|          6|        758|     32249952.00|          1|00:00:10|   NA|  NA|    NA|
|x|          4|          6|        803|     32166669.00|          2|00:00:10|+0.14|0.57|0.2092|
|x|          1|          6|        807|     32331057.00|          3|00:00:10|+0.20|0.47|0.1415|
|x|         10|          6|        807|     32388016.00|          4|00:00:10|+0.29|0.46|0.1161|
|-|         12|          5|        803|     32437860.00|          5|00:00:10|-0.08|0.14|0.8428|
|.|          3|          5|        803|     32508142.83|          5|00:00:00|-0.13|0.06|0.8794|
|.|         13|          5|        803|     32518669.86|          5|00:00:00|-0.10|0.06|0.8378|
|.|          5|          5|        803|     32559313.62|          5|00:00:00|-0.10|0.03|0.8509|
|.|         14|          5|        803|     32563028.00|          5|00:00:00|-0.05|0.07|0.7976|
|.|         15|          5|        803|     32574899.10|          5|00:00:00|-0.08|0.03|0.8311|
|.|          8|          5|        803|     32599518.73|          5|00:00:00|-0.09|0.01|0.8535|
|.|         17|          5|        803|     32616735.08|          5|00:00:00|-0.09|0.00|0.8570|
|.|         19|          5|        803|     32595670.23|          5|00:00:00|-0.07|0.01|0.8365|
|.|          7|          5|        803|     32584410.29|          5|00:00:00|-0.06|0.01|0.8317|
|.|          2|          5|        803|     32592165.13|          5|00:00:00|-0.06|0.01|0.8249|
|.|         16|          5|        803|     32589988.69|          5|00:00:00|-0.05|0.02|0.8146|
|.|         18|          5|        803|     32599871.00|          5|00:00:00|-0.04|0.02|0.8078|
|.|          6|          5|        803|     32600416.28|          5|00:00:00|-0.03|0.03|0.8084|
|.|         11|          5|        803|     32620329.42|          5|00:00:00|-0.03|0.02|0.8168|
+-+-----------+-----------+-----------+----------------+-----------+--------+-----+----+------+
Best configuration for the instances in this race: 803
Best-so-far configuration:         765    mean value:      32616021.68
Description of the best-so-far configuration:
    .ID. algorithm localsearch alpha beta  rho ants   q0 rasrank elitistants
765  765       acs           3  1.61 3.41 0.92   52 0.75      NA          NA
    nnls dlb .PARENT.
765   17   1      651

# 2025-05-15 16:04:37 -04: Elite configurations (first number is the configuration ID; listed from best to worst according to the sum of ranks):
    algorithm localsearch alpha beta  rho ants   q0 rasrank elitistants nnls
765       acs           3  1.61 3.41 0.92   52 0.75      NA          NA   17
758       acs           3  1.83 3.82 0.47   44 0.25      NA          NA   11
803       acs           3  1.37 4.09 0.87   53 0.79      NA          NA   13
807       acs           3  1.77 4.19 0.46   33 0.28      NA          NA   16
784       acs           3  2.33 5.19 0.42   52 0.35      NA          NA   16
    dlb
765   1
758   1
803   1
807   1
784   1
# 2025-05-15 16:04:37 -04: Stopped because there is not enough budget left to race more than the minimum (5).
# You may either increase the budget or set 'minNbSurvival' to a lower value.
# Iteration: 9
# nbIterations: 9
# experimentsUsed: 5483
# timeUsed: 0
# remainingBudget: 17
# currentBudget: 17
# number of elites: 5
# nbConfigurations: 5
# Total CPU user time: 59801.71, CPU sys time: 447.675, Wall-clock time: 7938.229
# 2025-05-15 16:04:37 -04: Starting post-selection:
# Configurations selected: 765, 758, 803, 807, 784, 756, 651, 791, 792, 793, 794, 795, 796, 797, 799, 801, 802.
# Pending instances: 0, 0, 0, 0, 0, 0, 0, 0, 0, 0, 0, 0, 0, 0, 0, 0, 0.
# 2025-05-15 16:04:37 -04: seed: 555666333
# Configurations: 17
# Available experiments: 17
# minSurvival: 1
# Markers:
     x No test is performed.
     c Configurations are discarded only due to capping.
     - The test is performed and some configurations are discarded.
     = The test is performed but no configuration is discarded.
     ! The test is performed and configurations could be discarded but elite configurations are preserved.
     . All alive configurations are elite and nothing is discarded.

+-+-----------+-----------+-----------+----------------+-----------+--------+-----+----+------+
| |   Instance|      Alive|       Best|       Mean best| Exp so far|  W time|  rho|KenW|  Qvar|
+-+-----------+-----------+-----------+----------------+-----------+--------+-----+----+------+
|.|          7|         17|        791|     32382603.00|          0|00:00:00|   NA|  NA|    NA|
|.|         12|         17|        791|     32546673.50|          0|00:00:00|-0.21|0.40|1.1279|
|.|          4|         17|        791|     32377584.67|          0|00:00:00|+0.05|0.36|0.8986|
|.|         17|         17|        791|     32492325.50|          0|00:00:00|+0.11|0.33|0.8692|
|.|         10|         17|        791|     32505908.00|          0|00:00:00|-0.01|0.19|0.9593|
|.|          1|         17|        791|     32524626.67|          0|00:00:00|+0.03|0.19|0.9273|
|.|         14|         17|        791|     32548878.43|          0|00:00:00|+0.07|0.20|0.8804|
|.|          3|         17|        791|     32583727.25|          0|00:00:00|+0.07|0.18|0.8941|
|.|          8|         17|        791|     32620136.78|          0|00:00:00|+0.06|0.16|0.8935|
|.|         13|         17|        791|     32618632.70|          0|00:00:00|+0.06|0.15|0.8989|
|.|         11|         17|        791|     32643573.27|          0|00:00:00|+0.06|0.14|0.9017|
|.|         18|         17|        791|     32650409.33|          0|00:00:00|+0.06|0.14|0.8899|
|.|          6|         17|        791|     32649487.46|          0|00:00:00|+0.03|0.11|0.9108|
|.|          9|         17|        791|     32626126.64|          0|00:00:00|+0.03|0.10|0.9104|
|.|          5|         17|        791|     32642732.20|          0|00:00:00|+0.02|0.08|0.9257|
|.|          2|         17|        791|     32651949.75|          0|00:00:00|+0.02|0.08|0.9182|
|.|         16|         17|        791|     32647322.41|          0|00:00:00|+0.03|0.09|0.9131|
|.|         19|         17|        791|     32630835.22|          0|00:00:00|+0.02|0.08|0.9157|
|.|         15|         17|        791|     32632308.63|          0|00:00:00|+0.03|0.08|0.9139|
|=|         20|         17|        765|     32591543.10|         17|00:00:31|+0.03|0.08|0.9131|
+-+-----------+-----------+-----------+----------------+-----------+--------+-----+----+------+
Best-so-far configuration:         765    mean value:      32591543.10
Description of the best-so-far configuration:
    .ID. algorithm localsearch alpha beta  rho ants   q0 rasrank elitistants
765  765       acs           3  1.61 3.41 0.92   52 0.75      NA          NA
    nnls dlb .PARENT.
765   17   1      651

# 2025-05-15 16:05:08 -04: Elite configurations (first number is the configuration ID; listed from best to worst according to the sum of ranks):
    algorithm localsearch alpha beta  rho ants   q0 rasrank elitistants nnls
765       acs           3  1.61 3.41 0.92   52 0.75      NA          NA   17
803       acs           3  1.37 4.09 0.87   53 0.79      NA          NA   13
758       acs           3  1.83 3.82 0.47   44 0.25      NA          NA   11
807       acs           3  1.77 4.19 0.46   33 0.28      NA          NA   16
784       acs           3  2.33 5.19 0.42   52 0.35      NA          NA   16
    dlb
765   1
803   1
758   1
807   1
784   1
# Total CPU user time: 59978.54, CPU sys time: 449.128, Wall-clock time: 7969.656
    .ID. algorithm localsearch alpha beta  rho ants   q0 rasrank elitistants
765  765       acs           3  1.61 3.41 0.92   52 0.75      NA          NA
803  803       acs           3  1.37 4.09 0.87   53 0.79      NA          NA
758  758       acs           3  1.83 3.82 0.47   44 0.25      NA          NA
807  807       acs           3  1.77 4.19 0.46   33 0.28      NA          NA
784  784       acs           3  2.33 5.19 0.42   52 0.35      NA          NA
    nnls dlb .PARENT. .RANK.   .WEIGHT.
765   17   1      651    141 0.33333333
803   13   1      651    148 0.26666667
758   11   1      705    149 0.20000000
807   16   1      756    149 0.13333333
784   16   1      579    161 0.06666667
