# 2025-05-23 19:14:14 -04: Reading parameter file '/home/dianag/PruebasPablo/irace-independent-executions/PSO-X/Scenarios/E10-BL-Unimodal-SR/Runs/E10-BL-Unimodal-SR_seed_9876543210/parameters.txt'.
# 2025-05-23 19:14:14 -04: 2 expression(s) specifying forbidden configurations read.
# 2025-05-23 19:14:15 -04: Initialization
# Elitist race
# Elitist new instances: 1
# Elitist limit: 2
# nbIterations: 5
# minNbSurvival: 5
# nbParameters: 8
# seed: 2053597615
# confidence level: 0.95
# budget: 2000
# mu: 5
# deterministic: FALSE

# 2025-05-23 19:14:15 -04: Iteration 1 of 5
# experimentsUsed: 0
# remainingBudget: 2000
# currentBudget: 400
# nbConfigurations: 66
# Markers:
     x No test is performed.
     c Configurations are discarded only due to capping.
     - The test is performed and some configurations are discarded.
     = The test is performed but no configuration is discarded.
     ! The test is performed and configurations could be discarded but elite configurations are preserved.
     . All alive configurations are elite and nothing is discarded.

+-+-----------+-----------+-----------+----------------+-----------+--------+-----+----+------+
| |   Instance|      Alive|       Best|       Mean best| Exp so far|  W time|  rho|KenW|  Qvar|
+-+-----------+-----------+-----------+----------------+-----------+--------+-----+----+------+
|x|          1|         66|         63|    0.3067099583|         66|00:00:20|   NA|  NA|    NA|
|x|          2|         66|         26|     43.91371418|        132|00:00:21|+0.43|0.71|0.6174|
|x|          3|         66|         26|     1340795.299|        198|00:00:21|+0.52|0.68|0.5399|
|x|          4|         66|         26|     1005599.292|        264|00:00:21|+0.60|0.70|0.4619|
|-|          5|         27|         19|     367155.4390|        330|00:00:20|+0.07|0.25|0.9586|
|-|          6|         13|         63|     145156.9238|        357|00:00:14|+0.08|0.24|0.8966|
|-|          7|          6|         63|     124420.2839|        370|00:00:07|+0.05|0.19|0.7950|
|=|          8|          6|         63|     108867.8063|        376|00:00:01|+0.11|0.22|0.7424|
|=|          9|          6|         63|     96783.97151|        382|00:00:01|+0.04|0.15|0.7425|
+-+-----------+-----------+-----------+----------------+-----------+--------+-----+----+------+
Best-so-far configuration:          63    mean value:      96783.97151
Description of the best-so-far configuration:
   .ID. particles topology modInfluence branching tSchedule phi1 phi2 inertia
63   63         2        1            2        NA        NA 2.25 0.55    0.04
   .PARENT.
63       NA

# 2025-05-23 19:16:26 -04: Elite configurations (first number is the configuration ID; listed from best to worst according to the sum of ranks):
   particles topology modInfluence branching tSchedule phi1 phi2 inertia
63         2        1            2        NA        NA 2.25 0.55    0.04
25         3        3            1        NA        NA 1.72 0.06    0.09
36         6        1            0        NA        NA 1.45 1.43    0.21
14         9        0            1        NA        NA 1.17 0.92    0.51
10        34        4            2        NA        NA 0.24 2.49    0.17
# 2025-05-23 19:16:26 -04: Iteration 2 of 5
# experimentsUsed: 382
# remainingBudget: 1618
# currentBudget: 404
# nbConfigurations: 44
# Markers:
     x No test is performed.
     c Configurations are discarded only due to capping.
     - The test is performed and some configurations are discarded.
     = The test is performed but no configuration is discarded.
     ! The test is performed and configurations could be discarded but elite configurations are preserved.
     . All alive configurations are elite and nothing is discarded.

+-+-----------+-----------+-----------+----------------+-----------+--------+-----+----+------+
| |   Instance|      Alive|       Best|       Mean best| Exp so far|  W time|  rho|KenW|  Qvar|
+-+-----------+-----------+-----------+----------------+-----------+--------+-----+----+------+
|x|         10|         44|        105|     165.9887384|         44|00:00:12|   NA|  NA|    NA|
|x|          9|         44|         36|     151.2375929|         83|00:00:11|+0.06|0.53|0.8022|
|x|          1|         44|         36|     102.3342272|        122|00:00:12|+0.32|0.55|0.6105|
|x|          7|         44|         36|     76.87740874|        161|00:00:11|+0.46|0.59|0.4990|
|-|          5|         17|         36|     64.45360392|        200|00:00:12|-0.03|0.17|0.9759|
|=|          4|         17|         88|     1243.011899|        212|00:00:04|+0.06|0.22|0.9024|
|-|          8|         13|         88|     1065.505301|        224|00:00:04|+0.03|0.17|0.9422|
|=|          2|         13|         74|     898.6656983|        232|00:00:03|-0.01|0.11|0.9845|
|=|          3|         13|         88|     102944.2799|        240|00:00:03|-0.00|0.11|0.9441|
|=|          6|         13|         63|     87133.40569|        248|00:00:03|-0.01|0.10|0.9365|
|=|         11|         13|         63|     79212.29303|        261|00:00:02|+0.04|0.13|0.9022|
+-+-----------+-----------+-----------+----------------+-----------+--------+-----+----+------+
Best-so-far configuration:          63    mean value:      79212.29303
Description of the best-so-far configuration:
   .ID. particles topology modInfluence branching tSchedule phi1 phi2 inertia
63   63         2        1            2        NA        NA 2.25 0.55    0.04
   .PARENT.
63       NA

# 2025-05-23 19:17:47 -04: Elite configurations (first number is the configuration ID; listed from best to worst according to the sum of ranks):
   particles topology modInfluence branching tSchedule phi1 phi2 inertia
63         2        1            2        NA        NA 2.25 0.55    0.04
36         6        1            0        NA        NA 1.45 1.43    0.21
88        11        1            1        NA        NA 1.85 1.26    0.01
74        63        0            0        NA        NA 1.12 2.01    0.02
25         3        3            1        NA        NA 1.72 0.06    0.09
# 2025-05-23 19:17:47 -04: Iteration 3 of 5
# experimentsUsed: 643
# remainingBudget: 1357
# currentBudget: 452
# nbConfigurations: 42
# Markers:
     x No test is performed.
     c Configurations are discarded only due to capping.
     - The test is performed and some configurations are discarded.
     = The test is performed but no configuration is discarded.
     ! The test is performed and configurations could be discarded but elite configurations are preserved.
     . All alive configurations are elite and nothing is discarded.

+-+-----------+-----------+-----------+----------------+-----------+--------+-----+----+------+
| |   Instance|      Alive|       Best|       Mean best| Exp so far|  W time|  rho|KenW|  Qvar|
+-+-----------+-----------+-----------+----------------+-----------+--------+-----+----+------+
|x|         12|         42|        106|     598879.2831|         42|00:00:04|   NA|  NA|    NA|
|x|          1|         42|         25|     340467.0809|         79|00:00:03|+0.74|0.87|0.2160|
|x|          9|         42|         25|     227006.9179|        116|00:00:04|+0.78|0.85|0.1517|
|x|          3|         42|        139|     361246.6697|        153|00:00:04|+0.81|0.86|0.1794|
|-|         11|         10|         25|     307065.7863|        190|00:00:03|+0.10|0.28|0.7442|
|=|          4|         10|        139|     240831.4712|        195|00:00:01|-0.02|0.15|0.8691|
|=|          2|         10|        139|     206455.9455|        200|00:00:02|-0.01|0.14|0.9371|
|=|          5|         10|        139|     180650.6582|        205|00:00:01|+0.00|0.13|0.9222|
|=|          6|         10|        139|     161840.2429|        210|00:00:01|+0.04|0.14|0.8939|
|=|          7|         10|        139|     145656.2741|        215|00:00:01|-0.03|0.07|0.9257|
|=|         10|         10|        139|     132440.5228|        220|00:00:02|-0.05|0.05|0.9489|
|=|          8|         10|        138|     130816.5811|        225|00:00:01|-0.02|0.06|0.9352|
|=|         13|         10|        139|     209316.4876|        235|00:00:01|-0.01|0.06|0.9117|
+-+-----------+-----------+-----------+----------------+-----------+--------+-----+----+------+
Best-so-far configuration:         139    mean value:      209316.4876
Description of the best-so-far configuration:
    .ID. particles topology modInfluence branching tSchedule phi1 phi2 inertia
139  139         3        1            2        NA        NA 2.19 1.06    0.14
    .PARENT.
139       63

# 2025-05-23 19:18:21 -04: Elite configurations (first number is the configuration ID; listed from best to worst according to the sum of ranks):
    particles topology modInfluence branching tSchedule phi1 phi2 inertia
139         3        1            2        NA        NA 2.19 1.06    0.14
138         6        1            0        NA        NA 1.65 1.95    0.11
111        19        0            0        NA        NA 0.97 2.00    0.14
63          2        1            2        NA        NA 2.25 0.55    0.04
135         4        1            0        NA        NA 1.49 1.52    0.27
# 2025-05-23 19:18:21 -04: Iteration 4 of 5
# experimentsUsed: 878
# remainingBudget: 1122
# currentBudget: 561
# nbConfigurations: 44
# Markers:
     x No test is performed.
     c Configurations are discarded only due to capping.
     - The test is performed and some configurations are discarded.
     = The test is performed but no configuration is discarded.
     ! The test is performed and configurations could be discarded but elite configurations are preserved.
     . All alive configurations are elite and nothing is discarded.

+-+-----------+-----------+-----------+----------------+-----------+--------+-----+----+------+
| |   Instance|      Alive|       Best|       Mean best| Exp so far|  W time|  rho|KenW|  Qvar|
+-+-----------+-----------+-----------+----------------+-----------+--------+-----+----+------+
|x|         14|         44|        166|     35623.90647|         44|00:00:04|   NA|  NA|    NA|
|x|          1|         44|        155|     23077.16958|         83|00:00:03|+0.35|0.67|0.7644|
|x|          5|         44|        161|     14395.00570|        122|00:00:03|+0.08|0.38|0.9828|
|x|          3|         44|        139|     186261.1878|        161|00:00:04|+0.21|0.41|0.8883|
|-|          2|         33|        161|     206136.2142|        200|00:00:04|-0.10|0.12|1.0764|
|=|         12|         33|        161|     295290.5971|        228|00:00:03|-0.06|0.12|1.0407|
|=|         11|         33|        161|     253106.3636|        256|00:00:02|+0.01|0.15|0.9720|
|-|          4|         19|        161|     221468.1899|        284|00:00:02|-0.06|0.07|0.9463|
|=|         10|         19|        161|     196882.9907|        298|00:00:02|-0.06|0.06|0.9537|
|=|          6|         19|        161|     181786.8336|        312|00:00:01|-0.05|0.06|0.9553|
|=|          7|         19|        161|     165260.8028|        326|00:00:01|-0.03|0.07|0.9493|
|=|          8|         19|        170|     197825.9699|        340|00:00:01|-0.00|0.08|0.9304|
|=|          9|         19|        170|     182636.0113|        354|00:00:01|-0.00|0.08|0.9308|
|=|         13|         19|        163|     163580.9997|        368|00:00:01|+0.01|0.08|0.9144|
|=|         15|         19|        163|     152675.7789|        387|00:00:01|+0.01|0.08|0.9212|
+-+-----------+-----------+-----------+----------------+-----------+--------+-----+----+------+
Best-so-far configuration:         163    mean value:      152675.7789
Description of the best-so-far configuration:
    .ID. particles topology modInfluence branching tSchedule phi1 phi2 inertia
163  163        13        0            0        NA        NA 1.12 2.36    0.07
    .PARENT.
163      111

# 2025-05-23 19:19:03 -04: Elite configurations (first number is the configuration ID; listed from best to worst according to the sum of ranks):
    particles topology modInfluence branching tSchedule phi1 phi2 inertia
163        13        0            0        NA        NA 1.12 2.36    0.07
170        36        0            0        NA        NA 1.32 2.50    0.05
161        11        1            0        NA        NA 2.13 2.09    0.15
145        45        0            0        NA        NA 0.98 2.14    0.18
63          2        1            2        NA        NA 2.25 0.55    0.04
# 2025-05-23 19:19:03 -04: Iteration 5 of 5
# experimentsUsed: 1265
# remainingBudget: 735
# currentBudget: 735
# nbConfigurations: 50
# Markers:
     x No test is performed.
     c Configurations are discarded only due to capping.
     - The test is performed and some configurations are discarded.
     = The test is performed but no configuration is discarded.
     ! The test is performed and configurations could be discarded but elite configurations are preserved.
     . All alive configurations are elite and nothing is discarded.

+-+-----------+-----------+-----------+----------------+-----------+--------+-----+----+------+
| |   Instance|      Alive|       Best|       Mean best| Exp so far|  W time|  rho|KenW|  Qvar|
+-+-----------+-----------+-----------+----------------+-----------+--------+-----+----+------+
|x|         16|         50|        194|     5937.546234|         50|00:00:09|   NA|  NA|    NA|
|x|         12|         50|        163|     325027.8611|         95|00:00:09|+0.35|0.67|0.1998|
|x|          6|         50|        219|     217505.0995|        140|00:00:09|+0.46|0.64|0.1874|
|x|         14|         50|        163|     183659.3586|        185|00:00:09|+0.02|0.27|0.6197|
|-|          1|         35|        163|     146927.5434|        230|00:00:08|-0.03|0.18|1.0266|
|=|          9|         35|        194|     128950.6428|        260|00:00:03|+0.03|0.19|0.9824|
|=|          4|         35|        194|     110529.2563|        290|00:00:02|+0.02|0.16|0.9742|
|=|          3|         35|        194|     225457.8813|        320|00:00:03|+0.05|0.17|0.9289|
|=|         15|         35|        163|     197688.0702|        350|00:00:02|+0.03|0.14|0.9193|
|-|         11|         27|        163|     177919.3730|        380|00:00:02|-0.01|0.09|0.9596|
|=|          2|         27|        204|     161896.0283|        402|00:00:02|-0.01|0.08|0.9546|
|=|          5|         27|        204|     148405.6435|        424|00:00:02|-0.02|0.07|0.9612|
|=|          7|         27|        204|     136989.8633|        446|00:00:01|-0.02|0.06|0.9631|
|=|         13|         27|        204|     187913.2708|        468|00:00:02|-0.00|0.07|0.9553|
|=|         10|         27|        223|     153632.8998|        490|00:00:02|-0.00|0.06|0.9486|
|=|          8|         27|        223|     144030.8758|        512|00:00:02|-0.02|0.05|0.9614|
|=|         17|         27|        223|     135558.5194|        539|00:00:02|-0.01|0.05|0.9570|
+-+-----------+-----------+-----------+----------------+-----------+--------+-----+----+------+
Best-so-far configuration:         223    mean value:      135558.5194
Description of the best-so-far configuration:
    .ID. particles topology modInfluence branching tSchedule phi1 phi2 inertia
223  223        22        0            0        NA        NA 1.41 2.27    0.07
    .PARENT.
223      170

# 2025-05-23 19:20:23 -04: Elite configurations (first number is the configuration ID; listed from best to worst according to the sum of ranks):
    particles topology modInfluence branching tSchedule phi1 phi2 inertia
223        22        0            0        NA        NA 1.41 2.27    0.07
204        14        0            0        NA        NA 1.15 2.38    0.05
186        19        0            0        NA        NA 0.88 2.38    0.01
209        14        0            0        NA        NA 1.13 2.40    0.09
199        18        0            0        NA        NA 0.96 2.21    0.11
# 2025-05-23 19:20:23 -04: Iteration 6 of 6
# experimentsUsed: 1804
# remainingBudget: 196
# currentBudget: 196
# nbConfigurations: 15
# Markers:
     x No test is performed.
     c Configurations are discarded only due to capping.
     - The test is performed and some configurations are discarded.
     = The test is performed but no configuration is discarded.
     ! The test is performed and configurations could be discarded but elite configurations are preserved.
     . All alive configurations are elite and nothing is discarded.

+-+-----------+-----------+-----------+----------------+-----------+--------+-----+----+------+
| |   Instance|      Alive|       Best|       Mean best| Exp so far|  W time|  rho|KenW|  Qvar|
+-+-----------+-----------+-----------+----------------+-----------+--------+-----+----+------+
|x|         18|         15|        186|    0.2430592529|         15|00:00:01|   NA|  NA|    NA|
|x|         15|         15|        186|     1.516066300|         25|00:00:01|+0.41|0.71|0.4973|
|x|          1|         15|        230|     1.127988611|         35|00:00:01|+0.45|0.64|0.3820|
|x|         10|         15|        186|     45.06632935|         45|00:00:01|+0.17|0.38|0.6479|
|=|         17|         15|        186|     36.20048209|         55|00:00:01|+0.14|0.31|0.7706|
|=|          7|         15|        230|     34.47463933|         65|00:00:01|+0.14|0.28|0.7901|
|-|          2|          8|        186|     47.97144751|         75|00:00:01|+0.15|0.27|0.7731|
|=|         16|          8|        230|     3370.489892|         78|00:00:01|+0.10|0.22|0.7815|
|=|          9|          8|        230|     3007.425407|         81|00:00:00|+0.11|0.20|0.7906|
|=|          6|          8|        230|     4245.610157|         84|00:00:01|+0.10|0.19|0.7992|
|=|          5|          8|        230|     3860.794185|         87|00:00:00|+0.05|0.14|0.8466|
|=|         11|          8|        230|     3539.137253|         90|00:00:00|+0.04|0.12|0.8599|
|=|          3|          8|        230|     77784.99164|         93|00:00:01|+0.02|0.10|0.8733|
|=|          4|          8|        230|     72228.96848|         96|00:00:00|+0.01|0.08|0.8864|
|=|          8|          8|        230|     67413.73815|         99|00:00:01|+0.01|0.08|0.8820|
|=|         13|          8|        230|     110000.3306|        102|00:00:01|+0.03|0.09|0.8610|
|=|         12|          8|        230|     148217.5994|        105|00:00:00|+0.01|0.07|0.8734|
|=|         14|          8|        230|     144955.4699|        108|00:00:01|+0.01|0.07|0.8631|
|=|         19|          8|        230|     140102.4755|        116|00:00:01|+0.03|0.08|0.8468|
+-+-----------+-----------+-----------+----------------+-----------+--------+-----+----+------+
Best-so-far configuration:         230    mean value:      140102.4755
Description of the best-so-far configuration:
    .ID. particles topology modInfluence branching tSchedule phi1 phi2 inertia
230  230        12        0            0        NA        NA 1.24 2.33       0
    .PARENT.
230      204

# 2025-05-23 19:20:45 -04: Elite configurations (first number is the configuration ID; listed from best to worst according to the sum of ranks):
    particles topology modInfluence branching tSchedule phi1 phi2 inertia
230        12        0            0        NA        NA 1.24 2.33    0.00
234        22        0            0        NA        NA 1.53 2.32    0.08
186        19        0            0        NA        NA 0.88 2.38    0.01
204        14        0            0        NA        NA 1.15 2.38    0.05
209        14        0            0        NA        NA 1.13 2.40    0.09
# 2025-05-23 19:20:45 -04: Iteration 7 of 7
# experimentsUsed: 1920
# remainingBudget: 80
# currentBudget: 80
# nbConfigurations: 8
# Markers:
     x No test is performed.
     c Configurations are discarded only due to capping.
     - The test is performed and some configurations are discarded.
     = The test is performed but no configuration is discarded.
     ! The test is performed and configurations could be discarded but elite configurations are preserved.
     . All alive configurations are elite and nothing is discarded.

+-+-----------+-----------+-----------+----------------+-----------+--------+-----+----+------+
| |   Instance|      Alive|       Best|       Mean best| Exp so far|  W time|  rho|KenW|  Qvar|
+-+-----------+-----------+-----------+----------------+-----------+--------+-----+----+------+
|x|         20|          8|        186|     2.788754367|          8|00:00:01|   NA|  NA|    NA|
|x|         16|          8|        186|     9834.985921|         11|00:00:01|+0.33|0.67|0.4982|
|x|         17|          8|        186|     6556.902978|         14|00:00:01|+0.23|0.49|0.4387|
|x|         12|          8|        209|     164310.6645|         17|00:00:01|+0.19|0.40|0.5035|
|-|          6|          6|        209|     132367.0846|         20|00:00:01|-0.08|0.14|0.9153|
|=|          9|          6|        209|     110323.2842|         21|00:00:00|-0.01|0.16|0.8993|
|=|         14|          6|        209|     108613.3146|         22|00:00:00|-0.08|0.07|0.9131|
|=|         13|          6|        209|     210245.5690|         23|00:00:00|-0.08|0.06|0.8893|
|=|         10|          6|        186|     169584.7729|         24|00:00:00|-0.03|0.08|0.8424|
|=|          4|          6|        230|     164027.9079|         25|00:00:00|-0.03|0.08|0.8505|
|=|          7|          6|        230|     149116.3142|         26|00:00:00|-0.02|0.07|0.8550|
|=|          8|          6|        230|     136689.9975|         27|00:00:00|-0.02|0.06|0.8592|
|=|          1|          6|        230|     126175.4010|         28|00:00:00|-0.02|0.06|0.8452|
|=|         15|          6|        230|     117163.0762|         29|00:00:00|-0.01|0.06|0.8334|
|=|          2|          6|        230|     109363.4869|         30|00:00:00|+0.01|0.08|0.8170|
|=|          5|          6|        230|     102529.0587|         31|00:00:00|+0.00|0.07|0.8209|
|=|          3|          6|        230|     153482.3637|         32|00:00:01|+0.01|0.07|0.8036|
|=|         11|          6|        234|     111284.0741|         33|00:00:00|+0.02|0.08|0.7863|
|=|         18|          6|        230|     137326.3884|         34|00:00:00|+0.02|0.07|0.8056|
|=|         19|          6|        230|     133097.4979|         35|00:00:00|+0.04|0.09|0.7847|
|=|         21|          6|        230|     172846.7426|         41|00:00:01|+0.04|0.08|0.7926|
+-+-----------+-----------+-----------+----------------+-----------+--------+-----+----+------+
Best-so-far configuration:         230    mean value:      172846.7426
Description of the best-so-far configuration:
    .ID. particles topology modInfluence branching tSchedule phi1 phi2 inertia
230  230        12        0            0        NA        NA 1.24 2.33       0
    .PARENT.
230      204

# 2025-05-23 19:21:03 -04: Elite configurations (first number is the configuration ID; listed from best to worst according to the sum of ranks):
    particles topology modInfluence branching tSchedule phi1 phi2 inertia
230        12        0            0        NA        NA 1.24 2.33    0.00
234        22        0            0        NA        NA 1.53 2.32    0.08
186        19        0            0        NA        NA 0.88 2.38    0.01
209        14        0            0        NA        NA 1.13 2.40    0.09
204        14        0            0        NA        NA 1.15 2.38    0.05
# 2025-05-23 19:21:03 -04: Iteration 8 of 8
# experimentsUsed: 1961
# remainingBudget: 39
# currentBudget: 39
# nbConfigurations: 6
# Markers:
     x No test is performed.
     c Configurations are discarded only due to capping.
     - The test is performed and some configurations are discarded.
     = The test is performed but no configuration is discarded.
     ! The test is performed and configurations could be discarded but elite configurations are preserved.
     . All alive configurations are elite and nothing is discarded.

+-+-----------+-----------+-----------+----------------+-----------+--------+-----+----+------+
| |   Instance|      Alive|       Best|       Mean best| Exp so far|  W time|  rho|KenW|  Qvar|
+-+-----------+-----------+-----------+----------------+-----------+--------+-----+----+------+
|x|         22|          6|        204|     180.8325346|          6|00:00:01|   NA|  NA|    NA|
|x|         15|          6|        186|     92.24148238|          7|00:00:00|-0.43|0.29|1.1734|
|x|         10|          6|        186|     120.4770269|          8|00:00:01|+0.05|0.37|0.7020|
|x|          9|          6|        186|     155.3072686|          9|00:00:00|-0.14|0.14|0.9718|
|=|          4|          6|        230|     104.4681599|         10|00:00:00|-0.12|0.10|1.0056|
|=|         16|          6|        186|     3381.580506|         11|00:00:00|-0.08|0.10|0.9236|
|=|         21|          6|        240|     73728.84038|         12|00:00:00|-0.04|0.11|0.8969|
|=|          8|          6|        230|     124367.7908|         13|00:00:00|-0.09|0.05|0.9282|
|=|         11|          6|        240|     57344.80387|         14|00:00:00|-0.08|0.04|0.9123|
|=|         17|          6|        230|     99494.39230|         15|00:00:00|-0.06|0.05|0.9133|
|=|         18|          6|        186|     165984.2415|         16|00:00:00|-0.03|0.06|0.9064|
|=|         19|          6|        230|     87307.73219|         17|00:00:00|-0.02|0.07|0.8954|
|=|         13|          6|        186|     196100.9861|         18|00:00:01|+0.01|0.08|0.8772|
|=|          2|          6|        186|     182104.7951|         19|00:00:00|+0.03|0.10|0.8669|
|=|          3|          6|        230|     184359.7657|         20|00:00:00|+0.01|0.08|0.8625|
|=|         20|          6|        186|     231544.0873|         21|00:00:00|+0.01|0.07|0.8542|
|=|         14|          6|        186|     223168.7668|         22|00:00:00|+0.03|0.09|0.8366|
|=|          1|          6|        230|     158605.4956|         23|00:00:00|+0.01|0.06|0.8448|
|=|          6|          6|        230|     151067.7996|         24|00:00:00|-0.02|0.04|0.8536|
|=|          7|          6|        230|     143514.4285|         25|00:00:00|+0.00|0.05|0.8439|
|=|          5|          6|        230|     136681.0097|         26|00:00:00|-0.00|0.05|0.8494|
|=|         12|          6|        230|     164999.7774|         27|00:00:00|-0.01|0.03|0.8513|
|=|         23|          6|        230|     157826.4464|         33|00:00:01|-0.01|0.03|0.8558|
+-+-----------+-----------+-----------+----------------+-----------+--------+-----+----+------+
Best-so-far configuration:         230    mean value:      157826.4464
Description of the best-so-far configuration:
    .ID. particles topology modInfluence branching tSchedule phi1 phi2 inertia
230  230        12        0            0        NA        NA 1.24 2.33       0
    .PARENT.
230      204

# 2025-05-23 19:21:20 -04: Elite configurations (first number is the configuration ID; listed from best to worst according to the sum of ranks):
    particles topology modInfluence branching tSchedule phi1 phi2 inertia
230        12        0            0        NA        NA 1.24 2.33    0.00
234        22        0            0        NA        NA 1.53 2.32    0.08
240        16        0            0        NA        NA 1.22 2.46    0.09
186        19        0            0        NA        NA 0.88 2.38    0.01
204        14        0            0        NA        NA 1.15 2.38    0.05
# 2025-05-23 19:21:20 -04: Stopped because there is not enough budget left to race more than the minimum (5).
# You may either increase the budget or set 'minNbSurvival' to a lower value.
# Iteration: 9
# nbIterations: 9
# experimentsUsed: 1994
# timeUsed: 0
# remainingBudget: 6
# currentBudget: 6
# number of elites: 5
# nbConfigurations: 5
# Total CPU user time: 2364.572, CPU sys time: 60.278, Wall-clock time: 425.885
# 2025-05-23 19:21:20 -04: Starting post-selection:
# Configurations selected: 230, 234, 240, 186, 204, 209.
# Pending instances: 0, 0, 0, 0, 0, 0.
# 2025-05-23 19:21:20 -04: seed: 2053597615
# Configurations: 6
# Available experiments: 6
# minSurvival: 1
# Markers:
     x No test is performed.
     c Configurations are discarded only due to capping.
     - The test is performed and some configurations are discarded.
     = The test is performed but no configuration is discarded.
     ! The test is performed and configurations could be discarded but elite configurations are preserved.
     . All alive configurations are elite and nothing is discarded.

+-+-----------+-----------+-----------+----------------+-----------+--------+-----+----+------+
| |   Instance|      Alive|       Best|       Mean best| Exp so far|  W time|  rho|KenW|  Qvar|
+-+-----------+-----------+-----------+----------------+-----------+--------+-----+----+------+
|.|          7|          6|        230|    0.3767001444|          0|00:00:00|   NA|  NA|    NA|
|.|         17|          6|        230|    0.5309902524|          0|00:00:00|+0.54|0.77|0.4112|
|.|         16|          6|        230|     8862.965402|          0|00:00:00|-0.24|0.17|1.0780|
|.|          9|          6|        230|     6672.951434|          0|00:00:00|-0.07|0.20|0.9616|
|.|         10|          6|        230|     5378.841525|          0|00:00:00|-0.03|0.18|0.9428|
|.|          1|          6|        230|     4482.408579|          0|00:00:00|-0.05|0.12|0.8640|
|.|          6|          6|        230|     6040.532054|          0|00:00:00|-0.06|0.09|0.8447|
|.|         19|          6|        230|     11879.03766|          0|00:00:00|-0.03|0.10|0.8456|
|.|          2|          6|        230|     10577.94870|          0|00:00:00|-0.03|0.08|0.8492|
|.|         11|          6|        230|     9520.244931|          0|00:00:00|-0.05|0.06|0.8776|
|.|         18|          6|        230|     8654.794162|          0|00:00:00|-0.04|0.06|0.8614|
|.|         22|          6|        230|     7951.353676|          0|00:00:00|-0.06|0.03|0.8824|
|.|          5|          6|        230|     7340.682968|          0|00:00:00|-0.06|0.02|0.8917|
|.|         23|          6|        230|     6817.288765|          0|00:00:00|-0.05|0.03|0.8816|
|.|         14|          6|        230|     12329.42077|          0|00:00:00|-0.04|0.03|0.8842|
|.|          4|          6|        230|     11558.87368|          0|00:00:00|-0.02|0.04|0.8749|
|.|         21|          6|        230|     67810.21276|          0|00:00:00|-0.01|0.05|0.8694|
|.|          8|          6|        230|     64043.00725|          0|00:00:00|-0.02|0.04|0.8671|
|.|         12|          6|        230|     100656.2121|          0|00:00:00|-0.03|0.03|0.8686|
|.|          3|          6|        230|     144060.1637|          0|00:00:00|-0.02|0.03|0.8582|
|.|         13|          6|        230|     172857.2615|          0|00:00:00|-0.01|0.04|0.8561|
|.|         20|          6|        230|     165000.2461|          0|00:00:00|-0.02|0.03|0.8580|
|.|         15|          6|        230|     157826.4464|          0|00:00:00|-0.01|0.03|0.8558|
|=|         24|          6|        230|     151250.3654|          6|00:00:01|-0.01|0.03|0.8607|
+-+-----------+-----------+-----------+----------------+-----------+--------+-----+----+------+
Best-so-far configuration:         230    mean value:      151250.3654
Description of the best-so-far configuration:
    .ID. particles topology modInfluence branching tSchedule phi1 phi2 inertia
230  230        12        0            0        NA        NA 1.24 2.33       0
    .PARENT.
230      204

# 2025-05-23 19:21:21 -04: Elite configurations (first number is the configuration ID; listed from best to worst according to the sum of ranks):
    particles topology modInfluence branching tSchedule phi1 phi2 inertia
230        12        0            0        NA        NA 1.24 2.33    0.00
240        16        0            0        NA        NA 1.22 2.46    0.09
234        22        0            0        NA        NA 1.53 2.32    0.08
186        19        0            0        NA        NA 0.88 2.38    0.01
204        14        0            0        NA        NA 1.15 2.38    0.05
# Total CPU user time: 2369.178, CPU sys time: 60.442, Wall-clock time: 426.93
    .ID. particles topology modInfluence branching tSchedule phi1 phi2 inertia
230  230        12        0            0        NA        NA 1.24 2.33    0.00
240  240        16        0            0        NA        NA 1.22 2.46    0.09
234  234        22        0            0        NA        NA 1.53 2.32    0.08
186  186        19        0            0        NA        NA 0.88 2.38    0.01
204  204        14        0            0        NA        NA 1.15 2.38    0.05
    .PARENT. .RANK.   .WEIGHT.
230      204     75 0.33333333
240      209     80 0.26666667
234      223     81 0.20000000
186      163     85 0.13333333
204      170     86 0.06666667
