# 2025-06-06 01:05:15 -04: Reading parameter file '/home/dianag/PruebasPablo/irace-independent-executions/ACOTSP/Scenarios/E3-BH-N/Runs/E3-BH-N_seed_839201/parameters.txt'.
# 2025-06-06 01:05:15 -04: 1 expression(s) specifying forbidden configurations read.
# 2025-06-06 01:05:15 -04: Initialization
# Elitist race
# Elitist new instances: 1
# Elitist limit: 2
# nbIterations: 5
# minNbSurvival: 5
# nbParameters: 11
# seed: 839201
# confidence level: 0.95
# budget: 5500
# mu: 5
# deterministic: FALSE

# 2025-06-06 01:05:15 -04: Iteration 1 of 5
# experimentsUsed: 0
# remainingBudget: 5500
# currentBudget: 1100
# nbConfigurations: 183
# Markers:
     x No test is performed.
     c Configurations are discarded only due to capping.
     - The test is performed and some configurations are discarded.
     = The test is performed but no configuration is discarded.
     ! The test is performed and configurations could be discarded but elite configurations are preserved.
     . All alive configurations are elite and nothing is discarded.

+-+-----------+-----------+-----------+----------------+-----------+--------+-----+----+------+
| |   Instance|      Alive|       Best|       Mean best| Exp so far|  W time|  rho|KenW|  Qvar|
+-+-----------+-----------+-----------+----------------+-----------+--------+-----+----+------+
|x|          1|        183|         19|     32633356.00|        183|00:04:38|   NA|  NA|    NA|
|x|          2|        183|         86|     32705268.50|        366|00:04:50|+0.98|0.99|0.0013|
|x|          3|        183|         19|     32710040.00|        549|00:04:52|+0.98|0.99|0.0013|
|x|          4|        183|         19|     32580971.50|        732|00:04:53|+0.98|0.99|0.0013|
|-|          5|          8|         19|     32580640.60|        915|00:04:53|+0.48|0.58|0.4479|
|-|          6|          4|         19|     32585714.00|        923|00:00:13|+0.05|0.21|0.7602|
+-+-----------+-----------+-----------+----------------+-----------+--------+-----+----+------+
Best-so-far configuration:          19    mean value:      32585714.00
Description of the best-so-far configuration:
   .ID. algorithm localsearch alpha beta  rho ants   q0 rasrank elitistants
19   19       acs           3  4.58  2.9 0.66   73 0.77      NA          NA
   nnls dlb .PARENT.
19   13   1       NA

# 2025-06-06 01:29:36 -04: Elite configurations (first number is the configuration ID; listed from best to worst according to the sum of ranks):
   algorithm localsearch alpha beta  rho ants   q0 rasrank elitistants nnls dlb
19       acs           3  4.58 2.90 0.66   73 0.77      NA          NA   13   1
86       acs           3  3.92 9.23 0.57   60 0.12      NA          NA   27   1
78       acs           3  1.26 2.04 0.30   27 0.90      NA          NA    6   0
99       acs           3  2.75 0.64 0.16   20 0.64      NA          NA   11   0
# 2025-06-06 01:29:36 -04: Iteration 2 of 5
# experimentsUsed: 923
# remainingBudget: 4577
# currentBudget: 1144
# nbConfigurations: 166
# Markers:
     x No test is performed.
     c Configurations are discarded only due to capping.
     - The test is performed and some configurations are discarded.
     = The test is performed but no configuration is discarded.
     ! The test is performed and configurations could be discarded but elite configurations are preserved.
     . All alive configurations are elite and nothing is discarded.

+-+-----------+-----------+-----------+----------------+-----------+--------+-----+----+------+
| |   Instance|      Alive|       Best|       Mean best| Exp so far|  W time|  rho|KenW|  Qvar|
+-+-----------+-----------+-----------+----------------+-----------+--------+-----+----+------+
|x|          7|        166|         78|     32253426.00|        166|00:04:09|   NA|  NA|    NA|
|x|          1|        166|         19|     32471741.00|        328|00:04:06|+0.97|0.98|0.0027|
|x|          4|        166|         19|     32379082.67|        490|00:04:05|+0.96|0.98|0.0024|
|x|          6|        166|         19|     32437082.25|        652|00:04:05|+0.96|0.97|0.0023|
|-|          2|         16|         19|     32503651.00|        814|00:04:06|+0.03|0.23|0.8695|
|-|          3|          8|         19|     32540848.83|        826|00:00:20|-0.09|0.10|0.8906|
|=|          5|          8|         19|     32546344.29|        830|00:00:10|-0.08|0.08|0.8779|
|=|          8|          8|         19|     32559526.00|        838|00:00:10|-0.01|0.12|0.8098|
+-+-----------+-----------+-----------+----------------+-----------+--------+-----+----+------+
Best-so-far configuration:          19    mean value:      32559526.00
Description of the best-so-far configuration:
   .ID. algorithm localsearch alpha beta  rho ants   q0 rasrank elitistants
19   19       acs           3  4.58  2.9 0.66   73 0.77      NA          NA
   nnls dlb .PARENT.
19   13   1       NA

# 2025-06-06 01:50:51 -04: Elite configurations (first number is the configuration ID; listed from best to worst according to the sum of ranks):
    algorithm localsearch alpha beta  rho ants   q0 rasrank elitistants nnls
19        acs           3  4.58 2.90 0.66   73 0.77      NA          NA   13
278       acs           3  2.93 3.60 0.57   69 0.93      NA          NA   10
86        acs           3  3.92 9.23 0.57   60 0.12      NA          NA   27
216       acs           3  3.48 9.66 0.37   46 0.15      NA          NA   33
248       acs           3  2.18 2.12 0.67   70 0.79      NA          NA   12
    dlb
19    1
278   0
86    1
216   1
248   1
# 2025-06-06 01:50:51 -04: Iteration 3 of 5
# experimentsUsed: 1761
# remainingBudget: 3739
# currentBudget: 1246
# nbConfigurations: 142
# Markers:
     x No test is performed.
     c Configurations are discarded only due to capping.
     - The test is performed and some configurations are discarded.
     = The test is performed but no configuration is discarded.
     ! The test is performed and configurations could be discarded but elite configurations are preserved.
     . All alive configurations are elite and nothing is discarded.

+-+-----------+-----------+-----------+----------------+-----------+--------+-----+----+------+
| |   Instance|      Alive|       Best|       Mean best| Exp so far|  W time|  rho|KenW|  Qvar|
+-+-----------+-----------+-----------+----------------+-----------+--------+-----+----+------+
|x|          9|        142|         19|     32180427.00|        142|00:03:15|   NA|  NA|    NA|
|x|          1|        142|         19|     32406891.50|        279|00:03:09|+0.94|0.97|0.0012|
|x|          2|        142|        362|     32527436.00|        416|00:03:07|+0.94|0.96|0.0013|
|x|          6|        142|        362|     32528337.25|        553|00:03:08|+0.94|0.95|0.0011|
|-|          3|         14|        362|     32561576.40|        690|00:03:08|+0.05|0.24|0.8833|
|=|          4|         14|        362|     32503261.67|        699|00:00:20|+0.14|0.28|0.8030|
|-|          7|          8|        362|     32466833.71|        708|00:00:20|+0.23|0.34|0.7008|
|!|          5|          8|        362|     32485289.12|        711|00:00:10|+0.23|0.32|0.6892|
|-|          8|          4|        362|     32511348.78|        714|00:00:10|+0.02|0.13|0.8017|
+-+-----------+-----------+-----------+----------------+-----------+--------+-----+----+------+
Best-so-far configuration:         362    mean value:      32511348.78
Description of the best-so-far configuration:
    .ID. algorithm localsearch alpha beta  rho ants   q0 rasrank elitistants
362  362       acs           3  4.54 3.95 0.26   71 0.94      NA          NA
    nnls dlb .PARENT.
362   22   1       19

# 2025-06-06 02:07:43 -04: Elite configurations (first number is the configuration ID; listed from best to worst according to the sum of ranks):
    algorithm localsearch alpha beta  rho ants   q0 rasrank elitistants nnls
362       acs           3  4.54 3.95 0.26   71 0.94      NA          NA   22
19        acs           3  4.58 2.90 0.66   73 0.77      NA          NA   13
383       acs           3  4.54 1.58 0.45   68 0.78      NA          NA   11
454       acs           3  4.22 3.58 0.69   72 0.72      NA          NA   14
    dlb
362   1
19    1
383   1
454   1
# 2025-06-06 02:07:43 -04: Iteration 4 of 5
# experimentsUsed: 2475
# remainingBudget: 3025
# currentBudget: 1512
# nbConfigurations: 154
# Markers:
     x No test is performed.
     c Configurations are discarded only due to capping.
     - The test is performed and some configurations are discarded.
     = The test is performed but no configuration is discarded.
     ! The test is performed and configurations could be discarded but elite configurations are preserved.
     . All alive configurations are elite and nothing is discarded.

+-+-----------+-----------+-----------+----------------+-----------+--------+-----+----+------+
| |   Instance|      Alive|       Best|       Mean best| Exp so far|  W time|  rho|KenW|  Qvar|
+-+-----------+-----------+-----------+----------------+-----------+--------+-----+----+------+
|x|         10|        154|        562|     32339237.00|        154|00:03:31|   NA|  NA|    NA|
|x|          2|        154|        383|     32534520.50|        304|00:03:26|+0.87|0.93|0.0028|
|x|          1|        154|        383|     32577580.67|        454|00:03:27|+0.87|0.91|0.0027|
|x|          3|        154|        362|     32614314.75|        604|00:03:26|+0.87|0.91|0.0036|
|-|          9|         20|        362|     32529016.40|        754|00:03:26|-0.05|0.16|1.0055|
|=|          7|         20|        362|     32482224.67|        770|00:00:21|-0.00|0.17|0.9641|
|=|          8|         20|        362|     32516167.71|        786|00:00:20|+0.01|0.15|0.9503|
|=|          6|         20|        362|     32518026.88|        802|00:00:21|+0.02|0.14|0.9459|
|=|          4|         20|        362|     32483989.22|        818|00:00:20|+0.03|0.14|0.9293|
|=|          5|         20|        362|     32497038.00|        834|00:00:20|+0.06|0.16|0.8930|
|-|         11|         13|        362|     32506765.27|        854|00:00:31|-0.04|0.05|0.9675|
|=|         12|         13|        362|     32513197.08|        867|00:00:20|-0.03|0.05|0.9530|
|=|         13|         13|        572|     32491244.38|        880|00:00:20|-0.03|0.05|0.9495|
+-+-----------+-----------+-----------+----------------+-----------+--------+-----+----+------+
Best-so-far configuration:         572    mean value:      32491244.38
Description of the best-so-far configuration:
    .ID. algorithm localsearch alpha beta  rho ants  q0 rasrank elitistants
572  572       acs           3  4.74 4.59 0.35   69 0.8      NA          NA
    nnls dlb .PARENT.
572   16   1      362

# 2025-06-06 02:28:00 -04: Elite configurations (first number is the configuration ID; listed from best to worst according to the sum of ranks):
    algorithm localsearch alpha beta  rho ants   q0 rasrank elitistants nnls
572       acs           3  4.74 4.59 0.35   69 0.80      NA          NA   16
362       acs           3  4.54 3.95 0.26   71 0.94      NA          NA   22
19        acs           3  4.58 2.90 0.66   73 0.77      NA          NA   13
585       acs           3  4.97 3.66 0.51   76 0.83      NA          NA   14
632       acs           3  4.78 4.50 0.71   78 0.89      NA          NA   13
    dlb
572   1
362   1
19    1
585   1
632   1
# 2025-06-06 02:28:00 -04: Iteration 5 of 5
# experimentsUsed: 3355
# remainingBudget: 2145
# currentBudget: 2145
# nbConfigurations: 157
# Markers:
     x No test is performed.
     c Configurations are discarded only due to capping.
     - The test is performed and some configurations are discarded.
     = The test is performed but no configuration is discarded.
     ! The test is performed and configurations could be discarded but elite configurations are preserved.
     . All alive configurations are elite and nothing is discarded.

+-+-----------+-----------+-----------+----------------+-----------+--------+-----+----+------+
| |   Instance|      Alive|       Best|       Mean best| Exp so far|  W time|  rho|KenW|  Qvar|
+-+-----------+-----------+-----------+----------------+-----------+--------+-----+----+------+
|x|         14|        157|        727|     32728889.00|        157|00:03:28|   NA|  NA|    NA|
|x|         13|        157|        692|     32529422.50|        309|00:03:25|+0.51|0.75|0.0039|
|x|         10|        157|        701|     32481552.67|        461|00:03:23|+0.56|0.71|0.0055|
|x|          9|        157|        701|     32413116.00|        613|00:03:25|+0.56|0.67|0.0050|
|-|          6|         60|        737|     32438023.40|        765|00:03:24|-0.11|0.11|1.0829|
|=|          4|         60|        645|     32395303.17|        820|00:01:13|-0.06|0.12|1.0355|
|=|         12|         60|        657|     32418339.14|        875|00:01:13|-0.03|0.12|0.9986|
|=|          7|         60|        657|     32399578.00|        930|00:01:13|-0.02|0.11|0.9934|
|=|          3|         60|        657|     32429922.22|        985|00:01:13|-0.00|0.11|0.9789|
|=|          2|         60|        657|     32459362.70|       1040|00:01:13|+0.00|0.10|0.9723|
|=|         11|         60|        657|     32470666.09|       1095|00:01:13|+0.00|0.09|0.9765|
|=|          1|         60|        657|     32487362.92|       1150|00:01:13|+0.02|0.10|0.9577|
|=|          8|         60|        657|     32502409.92|       1205|00:01:13|+0.02|0.10|0.9508|
|-|          5|         39|        657|     32508794.93|       1260|00:01:13|-0.05|0.03|1.0113|
|=|         15|         39|        657|     32532198.07|       1299|00:00:52|-0.04|0.03|1.0077|
|=|         16|         39|        727|     32513102.50|       1338|00:00:52|-0.04|0.02|1.0055|
+-+-----------+-----------+-----------+----------------+-----------+--------+-----+----+------+
Best-so-far configuration:         727    mean value:      32513102.50
Description of the best-so-far configuration:
    .ID. algorithm localsearch alpha beta  rho ants   q0 rasrank elitistants
727  727       acs           3  4.43 3.26 0.63   71 0.84      NA          NA
    nnls dlb .PARENT.
727   16   1       19

# 2025-06-06 02:57:52 -04: Elite configurations (first number is the configuration ID; listed from best to worst according to the sum of ranks):
    algorithm localsearch alpha beta  rho ants   q0 rasrank elitistants nnls
727       acs           3  4.43 3.26 0.63   71 0.84      NA          NA   16
657       acs           3  4.19 3.63 0.36   68 0.79      NA          NA   13
572       acs           3  4.74 4.59 0.35   69 0.80      NA          NA   16
632       acs           3  4.78 4.50 0.71   78 0.89      NA          NA   13
19        acs           3  4.58 2.90 0.66   73 0.77      NA          NA   13
    dlb
727   1
657   1
572   1
632   1
19    1
# 2025-06-06 02:57:52 -04: Iteration 6 of 6
# experimentsUsed: 4693
# remainingBudget: 807
# currentBudget: 807
# nbConfigurations: 52
# Markers:
     x No test is performed.
     c Configurations are discarded only due to capping.
     - The test is performed and some configurations are discarded.
     = The test is performed but no configuration is discarded.
     ! The test is performed and configurations could be discarded but elite configurations are preserved.
     . All alive configurations are elite and nothing is discarded.

+-+-----------+-----------+-----------+----------------+-----------+--------+-----+----+------+
| |   Instance|      Alive|       Best|       Mean best| Exp so far|  W time|  rho|KenW|  Qvar|
+-+-----------+-----------+-----------+----------------+-----------+--------+-----+----+------+
|x|         17|         52|         19|     32431739.00|         52|00:01:12|   NA|  NA|    NA|
|x|          3|         52|        785|     32568187.00|         99|00:01:02|+0.18|0.59|0.5652|
|x|         10|         52|        785|     32491321.67|        146|00:01:02|+0.28|0.52|0.5331|
|x|         16|         52|        807|     32431194.50|        193|00:01:02|+0.29|0.47|0.5545|
|-|          4|         30|        785|     32384266.80|        240|00:01:02|-0.08|0.13|1.0434|
|=|         14|         30|        785|     32449614.00|        265|00:00:41|-0.05|0.13|1.0075|
|=|          6|         30|        785|     32459683.14|        290|00:00:41|-0.04|0.11|0.9877|
|=|          5|         30|        785|     32475843.12|        315|00:00:41|-0.04|0.09|0.9968|
|=|         13|         30|        785|     32459487.56|        340|00:00:41|-0.02|0.09|0.9789|
|=|         11|         30|        785|     32472143.00|        365|00:00:41|-0.01|0.09|0.9669|
|=|         15|         30|        785|     32502074.09|        390|00:00:41|-0.01|0.08|0.9682|
|=|         12|         30|        785|     32507455.00|        415|00:00:41|-0.01|0.07|0.9620|
|=|          1|         30|        785|     32520462.38|        440|00:00:41|-0.01|0.07|0.9621|
|=|          2|         30|        785|     32530225.79|        465|00:00:41|-0.01|0.06|0.9671|
|=|          7|         30|        785|     32513523.07|        490|00:00:41|-0.01|0.06|0.9614|
|=|          8|         30|        785|     32522726.94|        515|00:00:41|+0.01|0.07|0.9474|
|=|          9|         30|        785|     32503681.71|        540|00:00:41|+0.02|0.07|0.9386|
|=|         18|         30|        785|     32492724.50|        570|00:00:41|+0.02|0.07|0.9376|
+-+-----------+-----------+-----------+----------------+-----------+--------+-----+----+------+
Best-so-far configuration:         785    mean value:      32492724.50
Description of the best-so-far configuration:
    .ID. algorithm localsearch alpha beta  rho ants   q0 rasrank elitistants
785  785       acs           3  3.71 3.48 0.32   66 0.79      NA          NA
    nnls dlb .PARENT.
785   15   1      657

# 2025-06-06 03:12:17 -04: Elite configurations (first number is the configuration ID; listed from best to worst according to the sum of ranks):
    algorithm localsearch alpha beta  rho ants   q0 rasrank elitistants nnls
785       acs           3  3.71 3.48 0.32   66 0.79      NA          NA   15
727       acs           3  4.43 3.26 0.63   71 0.84      NA          NA   16
657       acs           3  4.19 3.63 0.36   68 0.79      NA          NA   13
19        acs           3  4.58 2.90 0.66   73 0.77      NA          NA   13
792       acs           3  4.25 4.22 0.77   79 0.82      NA          NA   16
    dlb
785   1
727   1
657   1
19    1
792   1
# 2025-06-06 03:12:17 -04: Iteration 7 of 7
# experimentsUsed: 5263
# remainingBudget: 237
# currentBudget: 237
# nbConfigurations: 17
# Markers:
     x No test is performed.
     c Configurations are discarded only due to capping.
     - The test is performed and some configurations are discarded.
     = The test is performed but no configuration is discarded.
     ! The test is performed and configurations could be discarded but elite configurations are preserved.
     . All alive configurations are elite and nothing is discarded.

+-+-----------+-----------+-----------+----------------+-----------+--------+-----+----+------+
| |   Instance|      Alive|       Best|       Mean best| Exp so far|  W time|  rho|KenW|  Qvar|
+-+-----------+-----------+-----------+----------------+-----------+--------+-----+----+------+
|x|         19|         17|        838|     32650562.00|         17|00:00:31|   NA|  NA|    NA|
|x|          4|         17|        838|     32407628.00|         29|00:00:20|+0.50|0.75|0.4135|
|x|         13|         17|        785|     32390292.00|         41|00:00:20|+0.42|0.62|0.5908|
|x|         10|         17|        785|     32377116.75|         53|00:00:21|+0.26|0.44|0.7041|
|-|         15|          9|        785|     32461970.40|         65|00:00:20|-0.07|0.15|0.9379|
|=|          3|          9|        785|     32501623.00|         69|00:00:10|-0.02|0.15|0.9213|
|=|         17|          9|        785|     32492318.00|         73|00:00:10|+0.01|0.15|0.8684|
|=|         16|          9|        785|     32465814.00|         77|00:00:10|-0.02|0.11|0.9103|
|=|          1|          9|        785|     32489229.22|         81|00:00:10|-0.01|0.10|0.8984|
|=|          8|          9|        785|     32506384.80|         85|00:00:10|+0.00|0.10|0.8858|
|=|          2|          9|        785|     32520090.73|         89|00:00:10|+0.00|0.09|0.8779|
|=|         12|          9|        785|     32523970.25|         93|00:00:10|+0.01|0.09|0.8752|
|=|          9|          9|        785|     32498969.31|         97|00:00:10|+0.03|0.10|0.8563|
|=|          7|          9|        785|     32483306.14|        101|00:00:10|+0.03|0.10|0.8619|
|=|         11|          9|        785|     32490155.20|        105|00:00:10|+0.01|0.08|0.8769|
|=|          6|          9|        838|     32497643.44|        109|00:00:10|+0.01|0.07|0.8803|
|=|         14|          9|        785|     32508751.53|        113|00:00:10|+0.02|0.08|0.8737|
|=|         18|          9|        785|     32497512.67|        117|00:00:10|+0.02|0.07|0.8813|
|=|          5|          9|        785|     32502325.84|        121|00:00:10|-0.00|0.05|0.8971|
|=|         20|          9|        785|     32509410.55|        130|00:00:20|+0.01|0.06|0.8887|
+-+-----------+-----------+-----------+----------------+-----------+--------+-----+----+------+
Best-so-far configuration:         785    mean value:      32509410.55
Description of the best-so-far configuration:
    .ID. algorithm localsearch alpha beta  rho ants   q0 rasrank elitistants
785  785       acs           3  3.71 3.48 0.32   66 0.79      NA          NA
    nnls dlb .PARENT.
785   15   1      657

# 2025-06-06 03:17:00 -04: Elite configurations (first number is the configuration ID; listed from best to worst according to the sum of ranks):
    algorithm localsearch alpha beta  rho ants   q0 rasrank elitistants nnls
785       acs           3  3.71 3.48 0.32   66 0.79      NA          NA   15
657       acs           3  4.19 3.63 0.36   68 0.79      NA          NA   13
838       acs           3  3.50 4.08 0.32   62 0.76      NA          NA   15
792       acs           3  4.25 4.22 0.77   79 0.82      NA          NA   16
19        acs           3  4.58 2.90 0.66   73 0.77      NA          NA   13
    dlb
785   1
657   1
838   1
792   1
19    1
# 2025-06-06 03:17:00 -04: Iteration 8 of 8
# experimentsUsed: 5393
# remainingBudget: 107
# currentBudget: 107
# nbConfigurations: 9
# Markers:
     x No test is performed.
     c Configurations are discarded only due to capping.
     - The test is performed and some configurations are discarded.
     = The test is performed but no configuration is discarded.
     ! The test is performed and configurations could be discarded but elite configurations are preserved.
     . All alive configurations are elite and nothing is discarded.

+-+-----------+-----------+-----------+----------------+-----------+--------+-----+----+------+
| |   Instance|      Alive|       Best|       Mean best| Exp so far|  W time|  rho|KenW|  Qvar|
+-+-----------+-----------+-----------+----------------+-----------+--------+-----+----+------+
|x|         21|          9|        838|     32373104.00|          9|00:00:20|   NA|  NA|    NA|
|x|          7|          9|        838|     32319389.00|         13|00:00:10|-0.13|0.43|0.9818|
|x|          4|          9|        838|     32267824.00|         17|00:00:10|+0.14|0.43|0.7665|
|x|         19|          9|        838|     32363508.50|         21|00:00:10|+0.26|0.45|0.6182|
|-|          6|          6|        838|     32390480.00|         25|00:00:10|+0.26|0.41|0.6010|
|=|          3|          6|        838|     32446895.83|         26|00:00:10|+0.14|0.28|0.6972|
|=|         13|          6|        838|     32433060.14|         27|00:00:10|+0.03|0.17|0.8140|
|=|          2|          6|        838|     32466644.25|         28|00:00:10|+0.07|0.19|0.7699|
|=|         16|          6|        838|     32438596.11|         29|00:00:10|-0.01|0.10|0.8380|
|=|         14|          6|        838|     32476732.90|         30|00:00:10|+0.00|0.10|0.8279|
|=|         12|          6|        838|     32484418.91|         31|00:00:10|+0.04|0.13|0.8050|
|=|         11|          6|        838|     32492813.08|         32|00:00:10|-0.02|0.07|0.8577|
|=|         18|          6|        657|     32480755.54|         33|00:00:10|-0.05|0.03|0.8738|
|=|          1|          6|        838|     32493828.86|         34|00:00:10|-0.05|0.02|0.8731|
|=|         10|          6|        838|     32485774.67|         35|00:00:10|-0.04|0.03|0.8615|
|=|          8|          6|        785|     32494072.62|         36|00:00:10|-0.05|0.01|0.8685|
|=|          5|          6|        792|     32504405.41|         37|00:00:10|-0.05|0.02|0.8682|
|=|         17|          6|        838|     32499219.83|         38|00:00:10|-0.05|0.01|0.8667|
|=|         15|          6|        785|     32512210.42|         39|00:00:10|-0.05|0.01|0.8551|
|=|         20|          6|        785|     32518800.90|         40|00:00:10|-0.04|0.01|0.8504|
|=|          9|          6|        785|     32503570.29|         41|00:00:10|-0.04|0.01|0.8466|
|=|         22|          6|        785|     32525104.14|         47|00:00:10|-0.03|0.01|0.8452|
+-+-----------+-----------+-----------+----------------+-----------+--------+-----+----+------+
Best-so-far configuration:         785    mean value:      32525104.14
Description of the best-so-far configuration:
    .ID. algorithm localsearch alpha beta  rho ants   q0 rasrank elitistants
785  785       acs           3  3.71 3.48 0.32   66 0.79      NA          NA
    nnls dlb .PARENT.
785   15   1      657

# 2025-06-06 03:21:00 -04: Elite configurations (first number is the configuration ID; listed from best to worst according to the sum of ranks):
    algorithm localsearch alpha beta  rho ants   q0 rasrank elitistants nnls
785       acs           3  3.71 3.48 0.32   66 0.79      NA          NA   15
844       acs           3  3.97 3.79 0.36   68 0.83      NA          NA   11
838       acs           3  3.50 4.08 0.32   62 0.76      NA          NA   15
657       acs           3  4.19 3.63 0.36   68 0.79      NA          NA   13
792       acs           3  4.25 4.22 0.77   79 0.82      NA          NA   16
    dlb
785   1
844   1
838   1
657   1
792   1
# 2025-06-06 03:21:00 -04: Iteration 9 of 9
# experimentsUsed: 5440
# remainingBudget: 60
# currentBudget: 60
# nbConfigurations: 7
# Markers:
     x No test is performed.
     c Configurations are discarded only due to capping.
     - The test is performed and some configurations are discarded.
     = The test is performed but no configuration is discarded.
     ! The test is performed and configurations could be discarded but elite configurations are preserved.
     . All alive configurations are elite and nothing is discarded.

+-+-----------+-----------+-----------+----------------+-----------+--------+-----+----+------+
| |   Instance|      Alive|       Best|       Mean best| Exp so far|  W time|  rho|KenW|  Qvar|
+-+-----------+-----------+-----------+----------------+-----------+--------+-----+----+------+
|x|         23|          7|        838|     32568838.00|          7|00:00:10|   NA|  NA|    NA|
|x|          3|          7|        657|     32627415.00|          9|00:00:10|-0.25|0.38|1.0869|
|x|         12|          7|        657|     32592686.00|         11|00:00:10|+0.29|0.52|0.6437|
|x|         21|          7|        657|     32550796.50|         13|00:00:10|+0.23|0.42|0.7288|
|=|          5|          7|        838|     32560636.00|         15|00:00:10|-0.03|0.18|0.8752|
|=|         18|          7|        657|     32508254.50|         17|00:00:10|-0.08|0.10|0.9063|
|=|         19|          7|        838|     32541662.71|         19|00:00:10|-0.04|0.10|0.8635|
|=|         14|          7|        838|     32576450.38|         21|00:00:10|-0.05|0.08|0.8843|
|=|         10|          7|        785|     32549435.11|         23|00:00:10|-0.01|0.10|0.8630|
|=|          1|          7|        838|     32564656.90|         25|00:00:10|+0.03|0.13|0.8405|
|=|         20|          7|        657|     32562506.55|         27|00:00:10|+0.06|0.14|0.8148|
|=|         16|          7|        838|     32549420.58|         29|00:00:10|+0.04|0.12|0.8287|
|=|          8|          7|        844|     32552138.00|         31|00:00:10|+0.03|0.10|0.8403|
|=|          7|          7|        844|     32529751.21|         33|00:00:10|+0.03|0.10|0.8357|
|=|         13|          7|        844|     32516265.60|         35|00:00:10|+0.06|0.12|0.8195|
|=|         15|          7|        844|     32534566.62|         37|00:00:10|+0.04|0.10|0.8331|
|=|          2|          7|        844|     32549524.88|         39|00:00:10|+0.03|0.08|0.8459|
|=|         22|          7|        785|     32569485.33|         41|00:00:10|+0.03|0.09|0.8412|
|=|          4|          7|        785|     32548306.26|         43|00:00:10|+0.03|0.08|0.8463|
|=|         11|          7|        785|     32550193.05|         45|00:00:10|+0.01|0.06|0.8628|
|=|          6|          7|        785|     32548759.95|         47|00:00:10|-0.01|0.04|0.8720|
|=|         17|          7|        785|     32543656.68|         49|00:00:10|-0.01|0.04|0.8681|
|=|          9|          7|        785|     32528669.78|         51|00:00:10|-0.00|0.04|0.8610|
|=|         24|          7|        838|     32549120.50|         58|00:00:10|+0.00|0.04|0.8610|
+-+-----------+-----------+-----------+----------------+-----------+--------+-----+----+------+
Best-so-far configuration:         838    mean value:      32549120.50
Description of the best-so-far configuration:
    .ID. algorithm localsearch alpha beta  rho ants   q0 rasrank elitistants
838  838       acs           3   3.5 4.08 0.32   62 0.76      NA          NA
    nnls dlb .PARENT.
838   15   1      785

# 2025-06-06 03:25:12 -04: Elite configurations (first number is the configuration ID; listed from best to worst according to the sum of ranks):
    algorithm localsearch alpha beta  rho ants   q0 rasrank elitistants nnls
838       acs           3  3.50 4.08 0.32   62 0.76      NA          NA   15
785       acs           3  3.71 3.48 0.32   66 0.79      NA          NA   15
844       acs           3  3.97 3.79 0.36   68 0.83      NA          NA   11
657       acs           3  4.19 3.63 0.36   68 0.79      NA          NA   13
792       acs           3  4.25 4.22 0.77   79 0.82      NA          NA   16
    dlb
838   1
785   1
844   1
657   1
792   1
# 2025-06-06 03:25:12 -04: Stopped because there is not enough budget left to race more than the minimum (5).
# You may either increase the budget or set 'minNbSurvival' to a lower value.
# Iteration: 10
# nbIterations: 10
# experimentsUsed: 5498
# timeUsed: 0
# remainingBudget: 2
# currentBudget: 2
# number of elites: 5
# nbConfigurations: 5
# Total CPU user time: 59847.68, CPU sys time: 460.353, Wall-clock time: 8397.571
# 2025-06-06 03:25:12 -04: Starting post-selection:
# Configurations selected: 838, 785.
# Pending instances: 0, 0.
# 2025-06-06 03:25:12 -04: seed: 839201
# Configurations: 2
# Available experiments: 2
# minSurvival: 1
# Markers:
     x No test is performed.
     c Configurations are discarded only due to capping.
     - The test is performed and some configurations are discarded.
     = The test is performed but no configuration is discarded.
     ! The test is performed and configurations could be discarded but elite configurations are preserved.
     . All alive configurations are elite and nothing is discarded.

+-+-----------+-----------+-----------+----------------+-----------+--------+-----+----+------+
| |   Instance|      Alive|       Best|       Mean best| Exp so far|  W time|  rho|KenW|  Qvar|
+-+-----------+-----------+-----------+----------------+-----------+--------+-----+----+------+
|.|          9|          2|        785|     32198958.00|          0|00:00:00|   NA|  NA|    NA|
|.|          3|          2|        785|     32449422.00|          0|00:00:00|+1.00|1.00|0.0000|
|.|         22|          2|        785|     32625386.33|          0|00:00:00|+1.00|1.00|0.0000|
|.|          6|          2|        785|     32599064.25|          0|00:00:00|+0.00|0.25|0.5000|
|.|          1|          2|        785|     32614561.60|          0|00:00:00|-0.20|0.04|0.6000|
|.|         11|          2|        785|     32609808.33|          0|00:00:00|-0.20|0.00|0.6000|
|.|          7|          2|        785|     32562647.86|          0|00:00:00|-0.14|0.02|0.5714|
|.|          2|          2|        785|     32574460.62|          0|00:00:00|-0.14|0.00|0.5714|
|.|         16|          2|        785|     32541774.56|          0|00:00:00|-0.11|0.01|0.5556|
|.|         14|          2|        785|     32565232.10|          0|00:00:00|-0.11|0.00|0.5556|
|.|         13|          2|        785|     32543724.00|          0|00:00:00|-0.09|0.01|0.5455|
|.|         17|          2|        785|     32534787.67|          0|00:00:00|-0.09|0.00|0.5455|
|.|         19|          2|        785|     32545584.77|          0|00:00:00|-0.08|0.01|0.5385|
|.|          5|          2|        785|     32548683.21|          0|00:00:00|-0.05|0.02|0.5275|
|.|         20|          2|        785|     32555039.00|          0|00:00:00|-0.07|0.00|0.5333|
|.|         21|          2|        785|     32544521.88|          0|00:00:00|-0.05|0.02|0.5250|
|.|         24|          2|        785|     32566853.53|          0|00:00:00|-0.03|0.03|0.5147|
|.|         12|          2|        785|     32566841.94|          0|00:00:00|-0.01|0.05|0.5033|
|.|          8|          2|        785|     32571786.32|          0|00:00:00|-0.03|0.02|0.5146|
|.|         15|          2|        785|     32583266.25|          0|00:00:00|-0.04|0.01|0.5211|
|.|         23|          2|        785|     32584401.86|          0|00:00:00|-0.03|0.02|0.5143|
|.|         10|          2|        785|     32573183.18|          0|00:00:00|-0.04|0.01|0.5195|
|.|         18|          2|        785|     32561586.17|          0|00:00:00|-0.04|0.00|0.5217|
|.|          4|          2|        785|     32545148.54|          0|00:00:00|-0.04|0.01|0.5181|
|=|         25|          2|        838|     32550300.68|          2|00:00:10|-0.04|0.00|0.5200|
+-+-----------+-----------+-----------+----------------+-----------+--------+-----+----+------+
Best-so-far configuration:         838    mean value:      32550300.68
Description of the best-so-far configuration:
    .ID. algorithm localsearch alpha beta  rho ants   q0 rasrank elitistants
838  838       acs           3   3.5 4.08 0.32   62 0.76      NA          NA
    nnls dlb .PARENT.
838   15   1      785

# 2025-06-06 03:25:23 -04: Elite configurations (first number is the configuration ID; listed from best to worst according to the sum of ranks):
    algorithm localsearch alpha beta  rho ants   q0 rasrank elitistants nnls
838       acs           3  3.50 4.08 0.32   62 0.76      NA          NA   15
785       acs           3  3.71 3.48 0.32   66 0.79      NA          NA   15
    dlb
838   1
785   1
# Total CPU user time: 59868.55, CPU sys time: 460.521, Wall-clock time: 8408.113
    .ID. algorithm localsearch alpha beta  rho ants   q0 rasrank elitistants
838  838       acs           3  3.50 4.08 0.32   62 0.76      NA          NA
785  785       acs           3  3.71 3.48 0.32   66 0.79      NA          NA
    nnls dlb .PARENT. .RANK.  .WEIGHT.
838   15   1      785     37 0.6666667
785   15   1      657     38 0.3333333
