# 2025-05-12 16:29:03 -04: Reading parameter file '/home/dianag/PruebasPablo/irace-independent-executions/ACOTSP/Scenarios/E1-BL-N/Runs/E1-BL-N_seed_839201/parameters.txt'.
# 2025-05-12 16:29:03 -04: 1 expression(s) specifying forbidden configurations read.
# 2025-05-12 16:29:03 -04: Initialization
# Elitist race
# Elitist new instances: 1
# Elitist limit: 2
# nbIterations: 5
# minNbSurvival: 5
# nbParameters: 11
# seed: 839201
# confidence level: 0.95
# budget: 2750
# mu: 5
# deterministic: FALSE

# 2025-05-12 16:29:03 -04: Iteration 1 of 5
# experimentsUsed: 0
# remainingBudget: 2750
# currentBudget: 550
# nbConfigurations: 91
# Markers:
     x No test is performed.
     c Configurations are discarded only due to capping.
     - The test is performed and some configurations are discarded.
     = The test is performed but no configuration is discarded.
     ! The test is performed and configurations could be discarded but elite configurations are preserved.
     . All alive configurations are elite and nothing is discarded.

+-+-----------+-----------+-----------+----------------+-----------+--------+-----+----+------+
| |   Instance|      Alive|       Best|       Mean best| Exp so far|  W time|  rho|KenW|  Qvar|
+-+-----------+-----------+-----------+----------------+-----------+--------+-----+----+------+
|x|          1|         91|         64|     32789118.00|         91|00:02:23|   NA|  NA|    NA|
|x|          2|         91|         64|     32821152.00|        182|00:02:25|+0.97|0.99|0.0022|
|x|          3|         91|         64|     32869468.00|        273|00:02:25|+0.98|0.98|0.0016|
|x|          4|         91|         64|     32738070.25|        364|00:02:23|+0.98|0.98|0.0018|
|-|          5|          9|         31|     32745437.00|        455|00:02:25|-0.02|0.18|0.9119|
|=|          6|          9|         31|     32743047.17|        464|00:00:23|+0.07|0.22|0.8223|
|=|          7|          9|         16|     32718159.00|        473|00:00:26|+0.06|0.19|0.8361|
+-+-----------+-----------+-----------+----------------+-----------+--------+-----+----+------+
Best-so-far configuration:          16    mean value:      32718159.00
Description of the best-so-far configuration:
   .ID. algorithm localsearch alpha beta  rho ants   q0 rasrank elitistants
16   16       acs           3  3.82 3.52 0.93   80 0.34      NA          NA
   nnls dlb .PARENT.
16   37   1       NA

# 2025-05-12 16:41:58 -04: Elite configurations (first number is the configuration ID; listed from best to worst according to the sum of ranks):
   algorithm localsearch alpha beta  rho ants   q0 rasrank elitistants nnls dlb
16       acs           3  3.82 3.52 0.93   80 0.34      NA          NA   37   1
31       acs           3  1.48 5.08 0.22   41 0.68      NA          NA   41   0
42       acs           2  2.34 8.37 0.79   18 0.61      NA          NA   38   1
64      mmas           3  4.68 8.68 0.14   27   NA      NA          NA   48   1
83       acs           2  3.00 3.29 0.57   11 0.02      NA          NA   43   1
# 2025-05-12 16:41:58 -04: Iteration 2 of 5
# experimentsUsed: 473
# remainingBudget: 2277
# currentBudget: 569
# nbConfigurations: 75
# Markers:
     x No test is performed.
     c Configurations are discarded only due to capping.
     - The test is performed and some configurations are discarded.
     = The test is performed but no configuration is discarded.
     ! The test is performed and configurations could be discarded but elite configurations are preserved.
     . All alive configurations are elite and nothing is discarded.

+-+-----------+-----------+-----------+----------------+-----------+--------+-----+----+------+
| |   Instance|      Alive|       Best|       Mean best| Exp so far|  W time|  rho|KenW|  Qvar|
+-+-----------+-----------+-----------+----------------+-----------+--------+-----+----+------+
|x|          8|         75|        124|     32771060.00|         75|00:02:10|   NA|  NA|    NA|
|x|          3|         75|         94|     32787969.00|        145|00:02:02|+0.96|0.98|0.0023|
|x|          5|         75|        158|     32728316.33|        215|00:02:08|+0.95|0.97|0.0019|
|x|          4|         75|        158|     32614669.50|        285|00:02:04|+0.96|0.97|0.0017|
|-|          1|         10|        158|     32649612.40|        355|00:02:01|+0.32|0.45|0.5318|
|!|          6|         10|        158|     32644438.67|        360|00:00:22|+0.42|0.52|0.4620|
|-|          2|          9|        124|     32680170.86|        365|00:00:21|+0.43|0.51|0.4632|
|-|          7|          4|        158|     32637981.88|        369|00:00:23|-0.04|0.09|0.7061|
+-+-----------+-----------+-----------+----------------+-----------+--------+-----+----+------+
Best-so-far configuration:         158    mean value:      32637981.88
Description of the best-so-far configuration:
    .ID. algorithm localsearch alpha beta  rho ants   q0 rasrank elitistants
158  158       acs           3   3.3 7.06 0.61   22 0.56      NA          NA
    nnls dlb .PARENT.
158   50   1       16

# 2025-05-12 16:53:34 -04: Elite configurations (first number is the configuration ID; listed from best to worst according to the sum of ranks):
    algorithm localsearch alpha beta  rho ants   q0 rasrank elitistants nnls
158       acs           3  3.30 7.06 0.61   22 0.56      NA          NA   50
124       acs           3  3.35 8.76 0.58   61 0.78      NA          NA   43
144       ras           3  3.23 3.09 0.70   83   NA       7          NA   31
94       mmas           3  3.71 9.71 0.53   75   NA      NA          NA   33
    dlb
158   1
124   0
144   0
94    1
# 2025-05-12 16:53:34 -04: Iteration 3 of 5
# experimentsUsed: 842
# remainingBudget: 1908
# currentBudget: 636
# nbConfigurations: 74
# Markers:
     x No test is performed.
     c Configurations are discarded only due to capping.
     - The test is performed and some configurations are discarded.
     = The test is performed but no configuration is discarded.
     ! The test is performed and configurations could be discarded but elite configurations are preserved.
     . All alive configurations are elite and nothing is discarded.

+-+-----------+-----------+-----------+----------------+-----------+--------+-----+----+------+
| |   Instance|      Alive|       Best|       Mean best| Exp so far|  W time|  rho|KenW|  Qvar|
+-+-----------+-----------+-----------+----------------+-----------+--------+-----+----+------+
|x|          9|         74|        191|     32262883.00|         74|00:02:33|   NA|  NA|    NA|
|x|          6|         74|        199|     32426352.50|        144|00:02:23|+0.89|0.94|0.0077|
|x|          2|         74|        175|     32552279.33|        214|00:02:26|+0.86|0.91|0.0054|
|x|          1|         74|        124|     32601176.25|        284|00:02:29|+0.87|0.91|0.0056|
|-|          5|         12|        196|     32594723.00|        354|00:02:39|+0.04|0.23|0.8731|
|=|          3|         12|        196|     32636692.83|        362|00:00:22|+0.04|0.20|0.8851|
|=|          8|         12|        166|     32651123.14|        370|00:00:18|+0.07|0.20|0.8620|
|=|          7|         12|        196|     32617284.62|        378|00:00:22|+0.07|0.18|0.8569|
|=|          4|         12|        166|     32574616.78|        386|00:00:24|+0.05|0.16|0.8557|
|=|         10|         12|        166|     32562613.20|        398|00:00:33|+0.07|0.16|0.8471|
+-+-----------+-----------+-----------+----------------+-----------+--------+-----+----+------+
Best-so-far configuration:         166    mean value:      32562613.20
Description of the best-so-far configuration:
    .ID. algorithm localsearch alpha beta  rho ants   q0 rasrank elitistants
166  166       acs           3  2.97 9.93 0.69   43 0.88      NA          NA
    nnls dlb .PARENT.
166   31   1      158

# 2025-05-12 17:08:10 -04: Elite configurations (first number is the configuration ID; listed from best to worst according to the sum of ranks):
    algorithm localsearch alpha beta  rho ants   q0 rasrank elitistants nnls
166       acs           3  2.97 9.93 0.69   43 0.88      NA          NA   31
224       ras           3  3.11 4.11 0.64   91   NA      22          NA   27
196       acs           3  1.72 9.14 0.28   20 0.91      NA          NA   38
124       acs           3  3.35 8.76 0.58   61 0.78      NA          NA   43
175       ras           3  3.48 0.87 0.77   85   NA      13          NA   40
    dlb
166   1
224   1
196   1
124   0
175   0
# 2025-05-12 17:08:10 -04: Iteration 4 of 5
# experimentsUsed: 1240
# remainingBudget: 1510
# currentBudget: 755
# nbConfigurations: 73
# Markers:
     x No test is performed.
     c Configurations are discarded only due to capping.
     - The test is performed and some configurations are discarded.
     = The test is performed but no configuration is discarded.
     ! The test is performed and configurations could be discarded but elite configurations are preserved.
     . All alive configurations are elite and nothing is discarded.

+-+-----------+-----------+-----------+----------------+-----------+--------+-----+----+------+
| |   Instance|      Alive|       Best|       Mean best| Exp so far|  W time|  rho|KenW|  Qvar|
+-+-----------+-----------+-----------+----------------+-----------+--------+-----+----+------+
|x|         11|         73|        241|     32552577.00|         73|00:02:21|   NA|  NA|    NA|
|x|          8|         73|        246|     32662254.50|        141|00:02:12|+0.75|0.87|0.0093|
|x|          1|         73|        246|     32691392.33|        209|00:02:14|+0.74|0.83|0.0073|
|x|         10|         73|        241|     32599307.75|        277|00:02:07|+0.76|0.82|0.0081|
|-|          3|         16|        296|     32621767.00|        345|00:02:13|+0.07|0.26|0.8014|
|=|          4|         16|        296|     32560486.83|        356|00:00:22|+0.11|0.26|0.8132|
|=|          2|         16|        296|     32589692.00|        367|00:00:22|+0.08|0.21|0.8719|
|=|          6|         16|        246|     32598577.00|        378|00:00:22|+0.01|0.13|0.9422|
|=|          5|         16|        296|     32602737.33|        389|00:00:26|+0.00|0.11|0.9343|
|=|          9|         16|        296|     32566730.20|        400|00:00:22|+0.01|0.11|0.9301|
|=|          7|         16|        296|     32545271.55|        411|00:00:22|+0.02|0.11|0.9185|
|=|         12|         16|        296|     32548160.00|        427|00:00:36|+0.04|0.12|0.8894|
+-+-----------+-----------+-----------+----------------+-----------+--------+-----+----+------+
Best-so-far configuration:         296    mean value:      32548160.00
Description of the best-so-far configuration:
    .ID. algorithm localsearch alpha beta  rho ants   q0 rasrank elitistants
296  296       acs           3  2.11 8.39 0.59   43 0.56      NA          NA
    nnls dlb .PARENT.
296   27   1      166

# 2025-05-12 17:22:15 -04: Elite configurations (first number is the configuration ID; listed from best to worst according to the sum of ranks):
    algorithm localsearch alpha beta  rho ants   q0 rasrank elitistants nnls
296       acs           3  2.11 8.39 0.59   43 0.56      NA          NA   27
246       acs           3  2.03 8.51 0.73   41 0.74      NA          NA   23
242       acs           3  3.49 9.90 0.72   47 0.62      NA          NA   27
166       acs           3  2.97 9.93 0.69   43 0.88      NA          NA   31
257       acs           3  2.29 9.51 0.86   29 0.86      NA          NA   27
    dlb
296   1
246   1
242   1
166   1
257   1
# 2025-05-12 17:22:15 -04: Iteration 5 of 5
# experimentsUsed: 1667
# remainingBudget: 1083
# currentBudget: 1083
# nbConfigurations: 87
# Markers:
     x No test is performed.
     c Configurations are discarded only due to capping.
     - The test is performed and some configurations are discarded.
     = The test is performed but no configuration is discarded.
     ! The test is performed and configurations could be discarded but elite configurations are preserved.
     . All alive configurations are elite and nothing is discarded.

+-+-----------+-----------+-----------+----------------+-----------+--------+-----+----+------+
| |   Instance|      Alive|       Best|       Mean best| Exp so far|  W time|  rho|KenW|  Qvar|
+-+-----------+-----------+-----------+----------------+-----------+--------+-----+----+------+
|x|         13|         87|        323|     32277339.00|         87|00:01:54|   NA|  NA|    NA|
|x|          8|         87|        296|     32480556.00|        169|00:01:54|+0.53|0.77|0.0076|
|x|          7|         87|        367|     32415867.67|        251|00:01:54|+0.61|0.74|0.0064|
|x|          6|         87|        367|     32455217.50|        333|00:01:54|+0.57|0.67|0.0070|
|-|          2|         29|        380|     32517503.40|        415|00:01:54|+0.08|0.27|0.8934|
|=|          9|         29|        308|     32465022.50|        439|00:00:31|+0.09|0.24|0.8920|
|=|          5|         29|        308|     32484498.71|        463|00:00:31|+0.07|0.20|0.9064|
|=|          4|         29|        308|     32448771.88|        487|00:00:31|+0.04|0.16|0.9282|
|=|          3|         29|        308|     32487012.11|        511|00:00:31|+0.05|0.16|0.9209|
|-|         11|         21|        308|     32498021.40|        535|00:00:31|+0.07|0.16|0.8716|
|=|         10|         21|        380|     32493698.73|        551|00:00:20|+0.04|0.13|0.9010|
|=|         12|         21|        308|     32504085.00|        567|00:00:20|+0.02|0.10|0.9233|
|=|          1|         21|        311|     32518939.54|        583|00:00:20|+0.02|0.09|0.9250|
|=|         14|         21|        311|     32543159.71|        604|00:00:31|+0.00|0.07|0.9330|
+-+-----------+-----------+-----------+----------------+-----------+--------+-----+----+------+
Best-so-far configuration:         311    mean value:      32543159.71
Description of the best-so-far configuration:
    .ID. algorithm localsearch alpha beta  rho ants  q0 rasrank elitistants
311  311       acs           3  2.25  8.1 0.65   54 0.7      NA          NA
    nnls dlb .PARENT.
311   18   1      246

# 2025-05-12 17:35:58 -04: Elite configurations (first number is the configuration ID; listed from best to worst according to the sum of ranks):
    algorithm localsearch alpha beta  rho ants   q0 rasrank elitistants nnls
311       acs           3  2.25 8.10 0.65   54 0.70      NA          NA   18
380       acs           3  2.21 7.54 0.75   58 0.69      NA          NA   19
308       acs           3  1.68 7.74 0.53   30 0.67      NA          NA   17
354       acs           3  3.70 8.77 0.59   58 0.29      NA          NA   34
367       acs           3  1.76 6.22 0.79   44 0.70      NA          NA   18
    dlb
311   1
380   1
308   1
354   1
367   1
# 2025-05-12 17:35:58 -04: Iteration 6 of 6
# experimentsUsed: 2271
# remainingBudget: 479
# currentBudget: 479
# nbConfigurations: 36
# Markers:
     x No test is performed.
     c Configurations are discarded only due to capping.
     - The test is performed and some configurations are discarded.
     = The test is performed but no configuration is discarded.
     ! The test is performed and configurations could be discarded but elite configurations are preserved.
     . All alive configurations are elite and nothing is discarded.

+-+-----------+-----------+-----------+----------------+-----------+--------+-----+----+------+
| |   Instance|      Alive|       Best|       Mean best| Exp so far|  W time|  rho|KenW|  Qvar|
+-+-----------+-----------+-----------+----------------+-----------+--------+-----+----+------+
|x|         15|         36|        390|     32782066.00|         36|00:00:52|   NA|  NA|    NA|
|x|         11|         36|        388|     32664090.00|         67|00:00:41|+0.57|0.78|0.1268|
|x|          2|         36|        311|     32683483.33|         98|00:00:41|+0.54|0.69|0.2020|
|x|          9|         36|        408|     32559725.50|        129|00:00:41|+0.50|0.63|0.2094|
|-|          6|         18|        311|     32566974.60|        160|00:00:41|+0.00|0.20|0.9489|
|=|          3|         18|        311|     32595798.00|        173|00:00:20|-0.03|0.14|0.9798|
|=|          7|         18|        408|     32548526.86|        186|00:00:20|-0.05|0.10|0.9858|
|=|         13|         18|        408|     32517521.75|        199|00:00:20|-0.03|0.09|0.9687|
|=|          1|         18|        408|     32539086.22|        212|00:00:20|-0.01|0.10|0.9432|
|=|         12|         18|        408|     32539670.20|        225|00:00:20|-0.00|0.10|0.9414|
|=|         10|         18|        408|     32531047.45|        238|00:00:21|-0.01|0.08|0.9521|
|=|         14|         18|        408|     32554435.00|        251|00:00:20|+0.01|0.09|0.9373|
|=|          4|         18|        408|     32527543.15|        264|00:00:20|+0.01|0.09|0.9381|
|=|          5|         18|        408|     32533427.07|        277|00:00:20|+0.01|0.08|0.9330|
|=|          8|         18|        408|     32546528.67|        290|00:00:20|-0.01|0.06|0.9480|
|=|         16|         18|        408|     32526134.00|        308|00:00:31|-0.01|0.06|0.9442|
+-+-----------+-----------+-----------+----------------+-----------+--------+-----+----+------+
Best-so-far configuration:         408    mean value:      32526134.00
Description of the best-so-far configuration:
    .ID. algorithm localsearch alpha beta  rho ants   q0 rasrank elitistants
408  408       acs           3  2.41 9.08 0.69   45 0.77      NA          NA
    nnls dlb .PARENT.
408   15   1      311

# 2025-05-12 17:43:38 -04: Elite configurations (first number is the configuration ID; listed from best to worst according to the sum of ranks):
    algorithm localsearch alpha beta  rho ants   q0 rasrank elitistants nnls
408       acs           3  2.41 9.08 0.69   45 0.77      NA          NA   15
401       acs           3  2.77 6.72 0.78   61 0.67      NA          NA   22
393       acs           3  1.18 6.90 0.46   16 0.72      NA          NA   11
396       acs           3  2.45 8.02 0.59   54 0.75      NA          NA   16
380       acs           3  2.21 7.54 0.75   58 0.69      NA          NA   19
    dlb
408   1
401   1
393   1
396   1
380   1
# 2025-05-12 17:43:38 -04: Iteration 7 of 7
# experimentsUsed: 2579
# remainingBudget: 171
# currentBudget: 171
# nbConfigurations: 14
# Markers:
     x No test is performed.
     c Configurations are discarded only due to capping.
     - The test is performed and some configurations are discarded.
     = The test is performed but no configuration is discarded.
     ! The test is performed and configurations could be discarded but elite configurations are preserved.
     . All alive configurations are elite and nothing is discarded.

+-+-----------+-----------+-----------+----------------+-----------+--------+-----+----+------+
| |   Instance|      Alive|       Best|       Mean best| Exp so far|  W time|  rho|KenW|  Qvar|
+-+-----------+-----------+-----------+----------------+-----------+--------+-----+----+------+
|x|         17|         14|        417|     32442727.00|         14|00:00:20|   NA|  NA|    NA|
|x|         10|         14|        417|     32399950.50|         23|00:00:20|+0.09|0.55|0.9640|
|x|          6|         14|        393|     32449020.33|         32|00:00:20|-0.12|0.26|1.0520|
|x|          5|         14|        393|     32480779.75|         41|00:00:20|+0.07|0.30|0.8367|
|=|         11|         14|        393|     32509418.20|         50|00:00:20|+0.06|0.25|0.8058|
|=|          2|         14|        421|     32528030.33|         59|00:00:20|+0.06|0.21|0.8067|
|=|         14|         14|        421|     32565228.71|         68|00:00:20|+0.10|0.23|0.7366|
|=|          1|         14|        421|     32583344.50|         77|00:00:20|+0.09|0.20|0.7663|
|=|         13|         14|        421|     32552210.44|         86|00:00:20|+0.09|0.19|0.7489|
|=|         12|         14|        421|     32557073.30|         95|00:00:20|+0.07|0.16|0.7816|
|-|          9|          9|        408|     32530180.73|        104|00:00:20|-0.03|0.07|0.9183|
|=|          3|          9|        408|     32551204.00|        108|00:00:10|-0.04|0.04|0.9319|
|=|          8|          9|        421|     32563742.69|        112|00:00:10|-0.04|0.04|0.9313|
|=|         15|          9|        421|     32585554.64|        116|00:00:10|-0.06|0.02|0.9374|
|=|         16|          9|        421|     32559264.87|        120|00:00:10|-0.05|0.02|0.9334|
|=|          4|          9|        421|     32534607.25|        124|00:00:10|-0.03|0.03|0.9210|
|=|          7|          9|        421|     32519462.35|        128|00:00:10|-0.03|0.03|0.9125|
|=|         18|          9|        408|     32508419.44|        137|00:00:20|-0.03|0.03|0.9113|
+-+-----------+-----------+-----------+----------------+-----------+--------+-----+----+------+
Best-so-far configuration:         408    mean value:      32508419.44
Description of the best-so-far configuration:
    .ID. algorithm localsearch alpha beta  rho ants   q0 rasrank elitistants
408  408       acs           3  2.41 9.08 0.69   45 0.77      NA          NA
    nnls dlb .PARENT.
408   15   1      311

# 2025-05-12 17:48:50 -04: Elite configurations (first number is the configuration ID; listed from best to worst according to the sum of ranks):
    algorithm localsearch alpha beta  rho ants   q0 rasrank elitistants nnls
408       acs           3  2.41 9.08 0.69   45 0.77      NA          NA   15
421       acs           3  3.08 6.95 0.73   62 0.55      NA          NA   19
417       acs           3  2.19 8.09 0.62   53 0.74      NA          NA   14
393       acs           3  1.18 6.90 0.46   16 0.72      NA          NA   11
396       acs           3  2.45 8.02 0.59   54 0.75      NA          NA   16
    dlb
408   1
421   1
417   1
393   1
396   1
# 2025-05-12 17:48:50 -04: Iteration 8 of 8
# experimentsUsed: 2716
# remainingBudget: 34
# currentBudget: 34
# nbConfigurations: 6
# Markers:
     x No test is performed.
     c Configurations are discarded only due to capping.
     - The test is performed and some configurations are discarded.
     = The test is performed but no configuration is discarded.
     ! The test is performed and configurations could be discarded but elite configurations are preserved.
     . All alive configurations are elite and nothing is discarded.

+-+-----------+-----------+-----------+----------------+-----------+--------+-----+----+------+
| |   Instance|      Alive|       Best|       Mean best| Exp so far|  W time|  rho|KenW|  Qvar|
+-+-----------+-----------+-----------+----------------+-----------+--------+-----+----+------+
|x|         19|          6|        422|     32634403.00|          6|00:00:10|   NA|  NA|    NA|
|x|          8|          6|        417|     32687676.00|          7|00:00:10|-0.09|0.46|0.7074|
|x|          5|          6|        417|     32649361.00|          8|00:00:10|-0.10|0.26|0.9203|
|x|          1|          6|        417|     32663964.75|          9|00:00:10|-0.06|0.21|0.9175|
|=|         17|          6|        417|     32619717.20|         10|00:00:10|-0.05|0.16|0.8916|
|=|         11|          6|        417|     32621543.17|         11|00:00:10|-0.12|0.06|0.9297|
|=|         12|          6|        417|     32619054.29|         12|00:00:10|-0.10|0.05|0.9379|
|=|          4|          6|        417|     32565170.62|         13|00:00:10|-0.06|0.07|0.9239|
|=|         14|          6|        417|     32590090.00|         14|00:00:10|-0.06|0.05|0.9124|
|=|         15|          6|        417|     32617013.20|         15|00:00:10|-0.05|0.05|0.8975|
|=|          6|          6|        421|     32605123.91|         16|00:00:10|-0.04|0.06|0.8830|
|=|          2|          6|        421|     32608501.67|         17|00:00:10|-0.02|0.07|0.8716|
|=|         13|          6|        421|     32585012.15|         18|00:00:10|-0.01|0.07|0.8551|
|=|          7|          6|        421|     32563021.57|         19|00:00:10|+0.01|0.08|0.8319|
|=|         10|          6|        421|     32552803.73|         20|00:00:10|-0.02|0.05|0.8517|
|=|          9|          6|        408|     32535396.38|         21|00:00:10|-0.01|0.05|0.8668|
|=|         16|          6|        408|     32516856.24|         22|00:00:10|-0.00|0.06|0.8559|
|=|          3|          6|        408|     32531612.00|         23|00:00:10|-0.00|0.05|0.8583|
|=|         18|          6|        408|     32518756.74|         24|00:00:10|-0.01|0.04|0.8624|
|=|         20|          6|        408|     32526527.10|         30|00:00:10|+0.00|0.05|0.8503|
+-+-----------+-----------+-----------+----------------+-----------+--------+-----+----+------+
Best-so-far configuration:         408    mean value:      32526527.10
Description of the best-so-far configuration:
    .ID. algorithm localsearch alpha beta  rho ants   q0 rasrank elitistants
408  408       acs           3  2.41 9.08 0.69   45 0.77      NA          NA
    nnls dlb .PARENT.
408   15   1      311

# 2025-05-12 17:52:19 -04: Elite configurations (first number is the configuration ID; listed from best to worst according to the sum of ranks):
    algorithm localsearch alpha beta  rho ants   q0 rasrank elitistants nnls
408       acs           3  2.41 9.08 0.69   45 0.77      NA          NA   15
421       acs           3  3.08 6.95 0.73   62 0.55      NA          NA   19
417       acs           3  2.19 8.09 0.62   53 0.74      NA          NA   14
393       acs           3  1.18 6.90 0.46   16 0.72      NA          NA   11
396       acs           3  2.45 8.02 0.59   54 0.75      NA          NA   16
    dlb
408   1
421   1
417   1
393   1
396   1
# 2025-05-12 17:52:19 -04: Stopped because there is not enough budget left to race more than the minimum (5).
# You may either increase the budget or set 'minNbSurvival' to a lower value.
# Iteration: 9
# nbIterations: 9
# experimentsUsed: 2746
# timeUsed: 0
# remainingBudget: 4
# currentBudget: 4
# number of elites: 5
# nbConfigurations: 5
# Total CPU user time: 33467.1, CPU sys time: 226.567, Wall-clock time: 4995.902
# 2025-05-12 17:52:19 -04: Starting post-selection:
# Configurations selected: 408, 421, 417, 393.
# Pending instances: 0, 0, 0, 0.
# 2025-05-12 17:52:19 -04: seed: 839201
# Configurations: 4
# Available experiments: 4
# minSurvival: 1
# Markers:
     x No test is performed.
     c Configurations are discarded only due to capping.
     - The test is performed and some configurations are discarded.
     = The test is performed but no configuration is discarded.
     ! The test is performed and configurations could be discarded but elite configurations are preserved.
     . All alive configurations are elite and nothing is discarded.

+-+-----------+-----------+-----------+----------------+-----------+--------+-----+----+------+
| |   Instance|      Alive|       Best|       Mean best| Exp so far|  W time|  rho|KenW|  Qvar|
+-+-----------+-----------+-----------+----------------+-----------+--------+-----+----+------+
|.|          9|          4|        408|     32181885.00|          0|00:00:00|   NA|  NA|    NA|
|.|          3|          4|        408|     32482172.50|          0|00:00:00|-0.20|0.40|0.6533|
|.|          6|          4|        408|     32510768.00|          0|00:00:00|-0.47|0.02|0.9830|
|.|          1|          4|        408|     32560976.50|          0|00:00:00|-0.17|0.12|0.7499|
|.|         11|          4|        408|     32552530.00|          0|00:00:00|-0.22|0.02|0.8743|
|.|          7|          4|        408|     32502169.50|          0|00:00:00|-0.13|0.06|0.8158|
|.|          2|          4|        408|     32529560.43|          0|00:00:00|-0.12|0.04|0.8116|
|.|         13|          4|        408|     32500926.12|          0|00:00:00|-0.05|0.08|0.7691|
|.|         14|          4|        408|     32535456.33|          0|00:00:00|-0.05|0.07|0.7672|
|.|         16|          4|        408|     32503932.10|          0|00:00:00|-0.03|0.08|0.7534|
|.|          5|          4|        408|     32513567.18|          0|00:00:00|-0.03|0.07|0.7584|
|.|         17|          4|        408|     32507940.25|          0|00:00:00|-0.06|0.03|0.7871|
|.|         18|          4|        408|     32490972.69|          0|00:00:00|-0.07|0.01|0.7916|
|.|          8|          4|        408|     32508042.57|          0|00:00:00|-0.07|0.01|0.7980|
|.|         10|          4|        408|     32503827.73|          0|00:00:00|-0.07|0.00|0.7928|
|.|         12|          4|        408|     32506396.38|          0|00:00:00|-0.06|0.01|0.7970|
|.|         19|          4|        408|     32518068.82|          0|00:00:00|-0.06|0.00|0.7937|
|.|         20|          4|        408|     32526740.78|          0|00:00:00|-0.05|0.00|0.7889|
|.|         15|          4|        408|     32543457.95|          0|00:00:00|-0.05|0.00|0.7827|
|.|          4|          4|        408|     32526527.10|          0|00:00:00|-0.05|0.00|0.7824|
|=|         21|          4|        421|     32520703.29|          4|00:00:10|-0.04|0.01|0.7763|
+-+-----------+-----------+-----------+----------------+-----------+--------+-----+----+------+
Best-so-far configuration:         421    mean value:      32520703.29
Description of the best-so-far configuration:
    .ID. algorithm localsearch alpha beta  rho ants   q0 rasrank elitistants
421  421       acs           3  3.08 6.95 0.73   62 0.55      NA          NA
    nnls dlb .PARENT.
421   19   1      401

# 2025-05-12 17:52:30 -04: Elite configurations (first number is the configuration ID; listed from best to worst according to the sum of ranks):
    algorithm localsearch alpha beta  rho ants   q0 rasrank elitistants nnls
421       acs           3  3.08 6.95 0.73   62 0.55      NA          NA   19
417       acs           3  2.19 8.09 0.62   53 0.74      NA          NA   14
393       acs           3  1.18 6.90 0.46   16 0.72      NA          NA   11
408       acs           3  2.41 9.08 0.69   45 0.77      NA          NA   15
    dlb
421   1
417   1
393   1
408   1
# Total CPU user time: 33508.54, CPU sys time: 226.902, Wall-clock time: 5006.426
    .ID. algorithm localsearch alpha beta  rho ants   q0 rasrank elitistants
421  421       acs           3  3.08 6.95 0.73   62 0.55      NA          NA
417  417       acs           3  2.19 8.09 0.62   53 0.74      NA          NA
393  393       acs           3  1.18 6.90 0.46   16 0.72      NA          NA
408  408       acs           3  2.41 9.08 0.69   45 0.77      NA          NA
    nnls dlb .PARENT. .RANK. .WEIGHT.
421   19   1      401     49      0.4
417   14   1      396     52      0.3
393   11   1      308     54      0.2
408   15   1      311     55      0.1
