# 2025-06-12 11:40:37 -04: Reading parameter file '/home/dianag/PruebasPablo/irace-independent-executions/PSO-X/Scenarios/E5-BL-Multimodal-N/Runs/E5-BL-Multimodal-N_seed_20250512/parameters.txt'.
# 2025-06-12 11:40:37 -04: 2 expression(s) specifying forbidden configurations read.
# 2025-06-12 11:40:37 -04: Initialization
# Elitist race
# Elitist new instances: 1
# Elitist limit: 2
# nbIterations: 5
# minNbSurvival: 5
# nbParameters: 8
# seed: 20250512
# confidence level: 0.95
# budget: 2000
# mu: 5
# deterministic: FALSE

# 2025-06-12 11:40:37 -04: Iteration 1 of 5
# experimentsUsed: 0
# remainingBudget: 2000
# currentBudget: 400
# nbConfigurations: 66
# Markers:
     x No test is performed.
     c Configurations are discarded only due to capping.
     - The test is performed and some configurations are discarded.
     = The test is performed but no configuration is discarded.
     ! The test is performed and configurations could be discarded but elite configurations are preserved.
     . All alive configurations are elite and nothing is discarded.

+-+-----------+-----------+-----------+----------------+-----------+--------+-----+----+------+
| |   Instance|      Alive|       Best|       Mean best| Exp so far|  W time|  rho|KenW|  Qvar|
+-+-----------+-----------+-----------+----------------+-----------+--------+-----+----+------+
|x|          1|         66|         39|     16072.74130|         66|00:00:22|   NA|  NA|    NA|
|x|          2|         66|         19|     8197.778731|        132|00:00:57|+0.36|0.68|0.7700|
|x|          3|         66|         19|     5539.264928|        198|00:00:21|+0.42|0.61|0.7414|
|x|          4|         66|         39|     4086.753815|        264|00:00:22|+0.21|0.41|0.8500|
|-|          5|         31|         39|     4112.560574|        330|00:00:20|-0.05|0.16|0.9564|
|=|          6|         31|         39|     6109.145465|        361|00:00:14|+0.05|0.21|0.8672|
|=|          7|         31|         39|     5239.089876|        392|00:00:14|+0.02|0.16|0.9010|
+-+-----------+-----------+-----------+----------------+-----------+--------+-----+----+------+
Best-so-far configuration:          39    mean value:      5239.089876
Description of the best-so-far configuration:
   .ID. particles topology modInfluence branching tSchedule phi1 phi2 inertia
39   39        95        1            0        NA        NA 1.18 1.82    0.33
   .PARENT.
39       NA

# 2025-06-12 11:43:31 -04: Elite configurations (first number is the configuration ID; listed from best to worst according to the sum of ranks):
   particles topology modInfluence branching tSchedule phi1 phi2 inertia
39        95        1            0        NA        NA 1.18 1.82    0.33
8         48        5            0        NA         3 2.08 1.78    0.63
19       141        4            0        NA        NA 1.54 1.08    0.66
34       182        2            0        NA        NA 1.97 2.29    0.50
54       175        4            0        NA        NA 0.79 1.90    0.87
# 2025-06-12 11:43:31 -04: Iteration 2 of 5
# experimentsUsed: 392
# remainingBudget: 1608
# currentBudget: 402
# nbConfigurations: 54
# Markers:
     x No test is performed.
     c Configurations are discarded only due to capping.
     - The test is performed and some configurations are discarded.
     = The test is performed but no configuration is discarded.
     ! The test is performed and configurations could be discarded but elite configurations are preserved.
     . All alive configurations are elite and nothing is discarded.

+-+-----------+-----------+-----------+----------------+-----------+--------+-----+----+------+
| |   Instance|      Alive|       Best|       Mean best| Exp so far|  W time|  rho|KenW|  Qvar|
+-+-----------+-----------+-----------+----------------+-----------+--------+-----+----+------+
|x|          8|         54|        111|     49382.55658|         54|00:00:16|   NA|  NA|    NA|
|x|          6|         54|         39|     56175.47376|        103|00:00:11|+0.58|0.79|0.3774|
|x|          2|         54|         67|     37027.75733|        152|00:00:34|+0.43|0.62|0.5222|
|x|          7|         54|         89|     45030.18941|        201|00:00:11|+0.30|0.48|0.6412|
|-|          5|         23|         89|     36064.96031|        250|00:00:11|-0.03|0.17|0.9488|
|=|          1|         23|         89|     32747.10185|        268|00:00:07|+0.02|0.18|0.8575|
|=|          4|         23|         67|     18292.42311|        286|00:00:07|+0.07|0.20|0.8429|
|=|          3|         23|         39|     16616.56334|        304|00:00:08|+0.08|0.19|0.7911|
|-|          9|         16|        115|     18896.34801|        327|00:00:08|-0.02|0.10|0.8538|
|=|         10|         16|        115|     17006.89533|        343|00:00:02|+0.02|0.12|0.8337|
|=|         11|         16|         82|     24268.94555|        359|00:00:02|+0.02|0.11|0.8149|
+-+-----------+-----------+-----------+----------------+-----------+--------+-----+----+------+
Best-so-far configuration:          82    mean value:      24268.94555
Description of the best-so-far configuration:
   .ID. particles topology modInfluence branching tSchedule phi1 phi2 inertia
82   82       171        4            0        NA        NA 0.85 2.31    0.66
   .PARENT.
82       54

# 2025-06-12 11:45:34 -04: Elite configurations (first number is the configuration ID; listed from best to worst according to the sum of ranks):
    particles topology modInfluence branching tSchedule phi1 phi2 inertia
82        171        4            0        NA        NA 0.85 2.31    0.66
115       166        4            0        NA        NA 2.06 1.99    0.52
89         65        1            0        NA        NA 2.15 1.27    0.61
39         95        1            0        NA        NA 1.18 1.82    0.33
67        146        0            0        NA        NA 1.88 2.27    0.64
# 2025-06-12 11:45:34 -04: Iteration 3 of 5
# experimentsUsed: 751
# remainingBudget: 1249
# currentBudget: 416
# nbConfigurations: 39
# Markers:
     x No test is performed.
     c Configurations are discarded only due to capping.
     - The test is performed and some configurations are discarded.
     = The test is performed but no configuration is discarded.
     ! The test is performed and configurations could be discarded but elite configurations are preserved.
     . All alive configurations are elite and nothing is discarded.

+-+-----------+-----------+-----------+----------------+-----------+--------+-----+----+------+
| |   Instance|      Alive|       Best|       Mean best| Exp so far|  W time|  rho|KenW|  Qvar|
+-+-----------+-----------+-----------+----------------+-----------+--------+-----+----+------+
|x|         12|         39|        146|     20.82612232|         39|00:00:05|   NA|  NA|    NA|
|x|          8|         39|        122|     29439.29931|         73|00:00:08|+0.07|0.54|0.9891|
|x|         11|         39|        128|     31115.53534|        107|00:00:04|+0.15|0.44|1.0075|
|x|          5|         39|        146|     28699.54186|        141|00:00:03|+0.27|0.46|0.8553|
|-|          9|         20|        146|     22962.10583|        175|00:00:04|-0.02|0.18|1.0059|
|=|          1|         20|        146|     21840.76624|        190|00:00:02|-0.10|0.08|1.0154|
|=|          6|         20|        123|     30595.50945|        205|00:00:02|-0.10|0.05|1.0067|
|=|          3|         20|        123|     26795.68242|        220|00:00:01|-0.07|0.07|0.9605|
|=|          2|         20|        123|     23821.14759|        235|00:00:11|-0.04|0.07|0.9516|
|=|         10|         20|        123|     21439.27898|        250|00:00:02|-0.03|0.07|0.9043|
|=|          7|         20|        123|     19492.37900|        265|00:00:02|-0.05|0.05|0.9116|
|=|          4|         20|        123|     17869.75313|        280|00:00:02|-0.04|0.05|0.9205|
|=|         13|         20|        139|     10530.14135|        300|00:00:02|-0.04|0.04|0.9331|
+-+-----------+-----------+-----------+----------------+-----------+--------+-----+----+------+
Best-so-far configuration:         139    mean value:      10530.14135
Description of the best-so-far configuration:
    .ID. particles topology modInfluence branching tSchedule phi1 phi2 inertia
139  139        33        1            0        NA        NA 2.11 2.22    0.71
    .PARENT.
139       89

# 2025-06-12 11:46:27 -04: Elite configurations (first number is the configuration ID; listed from best to worst according to the sum of ranks):
    particles topology modInfluence branching tSchedule phi1 phi2 inertia
139        33        1            0        NA        NA 2.11 2.22    0.71
123       112        4            0        NA        NA 1.07 2.01    0.73
135        83        1            0        NA        NA 1.35 2.40    0.51
115       166        4            0        NA        NA 2.06 1.99    0.52
146       160        4            0        NA        NA 1.96 2.14    0.53
# 2025-06-12 11:46:27 -04: Iteration 4 of 5
# experimentsUsed: 1051
# remainingBudget: 949
# currentBudget: 474
# nbConfigurations: 38
# Markers:
     x No test is performed.
     c Configurations are discarded only due to capping.
     - The test is performed and some configurations are discarded.
     = The test is performed but no configuration is discarded.
     ! The test is performed and configurations could be discarded but elite configurations are preserved.
     . All alive configurations are elite and nothing is discarded.

+-+-----------+-----------+-----------+----------------+-----------+--------+-----+----+------+
| |   Instance|      Alive|       Best|       Mean best| Exp so far|  W time|  rho|KenW|  Qvar|
+-+-----------+-----------+-----------+----------------+-----------+--------+-----+----+------+
|x|         14|         38|        150|     74.69224426|         38|00:00:04|   NA|  NA|    NA|
|x|          7|         38|        139|     61.37957383|         71|00:00:03|-0.37|0.32|1.2728|
|x|         13|         38|        139|     40.96142748|        104|00:00:04|-0.05|0.30|0.8728|
|x|          1|         38|        139|     4091.672695|        137|00:00:03|+0.06|0.29|0.7200|
|=|         12|         38|        155|     3150.739423|        170|00:00:04|-0.00|0.20|0.8291|
|=|          3|         38|        139|     2763.556972|        203|00:00:03|+0.05|0.21|0.7476|
|-|         10|         27|        182|     2338.568712|        236|00:00:03|-0.03|0.12|0.9828|
|=|          8|         27|        182|     17710.26674|        258|00:00:06|+0.01|0.13|0.9723|
|=|          2|         27|        164|     12318.58107|        280|00:00:16|-0.01|0.10|0.9730|
|=|          5|         27|        164|     11137.65058|        302|00:00:02|+0.03|0.12|0.9532|
|=|          6|         27|        182|     14416.06783|        324|00:00:03|+0.03|0.12|0.9402|
|=|          9|         27|        164|     10676.92204|        346|00:00:03|+0.04|0.12|0.9192|
|=|         11|         27|        164|     9872.855418|        368|00:00:02|+0.03|0.11|0.9125|
|=|          4|         27|        139|     9785.573059|        390|00:00:02|+0.03|0.10|0.9103|
|-|         15|         15|        164|     8557.890238|        417|00:00:02|-0.02|0.05|0.9491|
|=|         16|         15|        139|     8562.513070|        432|00:00:01|-0.02|0.04|0.9383|
|=|         17|         15|        182|     9344.541639|        447|00:00:01|-0.02|0.04|0.9370|
+-+-----------+-----------+-----------+----------------+-----------+--------+-----+----+------+
Best-so-far configuration:         182    mean value:      9344.541639
Description of the best-so-far configuration:
    .ID. particles topology modInfluence branching tSchedule phi1 phi2 inertia
182  182       149        4            0        NA        NA 2.24 2.12    0.52
    .PARENT.
182      115

# 2025-06-12 11:47:39 -04: Elite configurations (first number is the configuration ID; listed from best to worst according to the sum of ranks):
    particles topology modInfluence branching tSchedule phi1 phi2 inertia
182       149        4            0        NA        NA 2.24 2.12    0.52
139        33        1            0        NA        NA 2.11 2.22    0.71
164       149        4            0        NA        NA 2.42 2.11    0.47
123       112        4            0        NA        NA 1.07 2.01    0.73
171       152        4            0        NA        NA 1.98 2.10    0.56
# 2025-06-12 11:47:39 -04: Iteration 5 of 5
# experimentsUsed: 1498
# remainingBudget: 502
# currentBudget: 502
# nbConfigurations: 32
# Markers:
     x No test is performed.
     c Configurations are discarded only due to capping.
     - The test is performed and some configurations are discarded.
     = The test is performed but no configuration is discarded.
     ! The test is performed and configurations could be discarded but elite configurations are preserved.
     . All alive configurations are elite and nothing is discarded.

+-+-----------+-----------+-----------+----------------+-----------+--------+-----+----+------+
| |   Instance|      Alive|       Best|       Mean best| Exp so far|  W time|  rho|KenW|  Qvar|
+-+-----------+-----------+-----------+----------------+-----------+--------+-----+----+------+
|x|         18|         32|        197|     110.4605691|         32|00:00:02|   NA|  NA|    NA|
|x|         13|         32|        191|     112.0304971|         59|00:00:02|+0.23|0.62|0.0002|
|x|          8|         32|        192|     32403.03639|         86|00:00:07|+0.40|0.60|0.0557|
|x|         16|         32|        201|     37289.97140|        113|00:00:02|+0.20|0.40|0.0464|
|-|          3|         22|        201|     29870.83944|        140|00:00:03|-0.08|0.14|1.0693|
|=|          4|         22|        201|     24895.83783|        157|00:00:02|-0.06|0.12|1.0501|
|=|          1|         22|        201|     23658.37663|        174|00:00:02|-0.04|0.11|1.0179|
|=|          7|         22|        139|     15579.80374|        191|00:00:01|-0.04|0.09|1.0161|
|=|          2|         22|        139|     13851.79051|        208|00:00:12|-0.04|0.07|0.9991|
|=|         12|         22|        201|     16567.64127|        225|00:00:02|-0.03|0.07|0.9991|
|=|         14|         22|        201|     15069.60788|        242|00:00:02|-0.01|0.09|0.9769|
|=|         10|         22|        201|     13813.99825|        259|00:00:01|-0.02|0.06|0.9816|
|=|         11|         22|        201|     12766.43975|        276|00:00:02|-0.02|0.06|0.9792|
|=|          9|         22|        201|     11855.47306|        293|00:00:02|-0.02|0.05|0.9833|
|=|         17|         22|        197|     8867.544015|        310|00:00:02|-0.01|0.05|0.9698|
|=|         15|         22|        204|     10760.36213|        327|00:00:01|-0.01|0.05|0.9548|
|=|          6|         22|        204|     11066.62884|        344|00:00:02|-0.01|0.05|0.9493|
|=|          5|         22|        204|     10466.29041|        361|00:00:01|+0.01|0.06|0.9424|
|=|         19|         22|        204|     9917.449882|        383|00:00:19|+0.02|0.07|0.9348|
+-+-----------+-----------+-----------+----------------+-----------+--------+-----+----+------+
Best-so-far configuration:         204    mean value:      9917.449882
Description of the best-so-far configuration:
    .ID. particles topology modInfluence branching tSchedule phi1 phi2 inertia
204  204       151        4            0        NA        NA 2.32 2.19    0.63
    .PARENT.
204      182

# 2025-06-12 11:48:56 -04: Elite configurations (first number is the configuration ID; listed from best to worst according to the sum of ranks):
    particles topology modInfluence branching tSchedule phi1 phi2 inertia
204       151        4            0        NA        NA 2.32 2.19    0.63
197       143        4            0        NA        NA 1.84 2.29    0.42
185       173        4            0        NA        NA 1.70 2.37    0.62
189        54        1            0        NA        NA 2.25 2.49    0.66
201        24        1            0        NA        NA 2.44 2.26    0.77
# 2025-06-12 11:48:56 -04: Iteration 6 of 6
# experimentsUsed: 1881
# remainingBudget: 119
# currentBudget: 119
# nbConfigurations: 10
# Markers:
     x No test is performed.
     c Configurations are discarded only due to capping.
     - The test is performed and some configurations are discarded.
     = The test is performed but no configuration is discarded.
     ! The test is performed and configurations could be discarded but elite configurations are preserved.
     . All alive configurations are elite and nothing is discarded.

+-+-----------+-----------+-----------+----------------+-----------+--------+-----+----+------+
| |   Instance|      Alive|       Best|       Mean best| Exp so far|  W time|  rho|KenW|  Qvar|
+-+-----------+-----------+-----------+----------------+-----------+--------+-----+----+------+
|x|         20|         10|        210|    0.3730472137|         10|00:00:03|   NA|  NA|    NA|
|x|         19|         10|        189|     19.25533816|         15|00:00:07|-0.50|0.25|1.4791|
|x|          1|         10|        189|     5271.140702|         20|00:00:01|-0.09|0.27|1.0045|
|x|         11|         10|        189|     4002.822730|         25|00:00:01|+0.06|0.30|0.8056|
|=|          3|         10|        204|     3222.667643|         30|00:00:01|+0.14|0.32|0.6830|
|=|          4|         10|        204|     2689.025576|         35|00:00:01|+0.16|0.30|0.7152|
|=|         18|         10|        204|     2405.370760|         40|00:00:00|+0.06|0.20|0.8179|
|=|          6|         10|        204|     4100.561441|         45|00:00:01|+0.07|0.18|0.8574|
|=|         10|         10|        204|     3645.144856|         50|00:00:01|+0.02|0.13|0.8818|
|=|          9|         10|        204|     3281.917733|         55|00:00:01|+0.01|0.11|0.8733|
|=|         14|         10|        204|     2992.252877|         60|00:00:01|+0.04|0.12|0.8447|
|=|         12|         10|        204|     2744.651364|         65|00:00:01|+0.04|0.12|0.8294|
|-|          5|          7|        210|     2674.643585|         70|00:00:01|-0.05|0.03|0.8988|
|=|          7|          7|        204|     2372.433536|         72|00:00:01|-0.04|0.03|0.8902|
|=|         16|          7|        204|     2215.008551|         74|00:00:01|-0.04|0.03|0.8730|
|=|         17|          7|        204|     2076.589463|         76|00:00:01|-0.04|0.03|0.8788|
|=|          8|          7|        204|     11082.79055|         78|00:00:02|-0.04|0.02|0.8787|
|=|         15|          7|        204|     10467.09841|         80|00:00:00|-0.04|0.02|0.8778|
|=|          2|          7|        204|     9917.450425|         82|00:00:06|-0.03|0.02|0.8858|
|=|         13|          7|        204|     9421.612560|         84|00:00:00|-0.04|0.02|0.8904|
|=|         21|          7|        204|     8974.284865|         91|00:00:01|-0.02|0.02|0.8846|
+-+-----------+-----------+-----------+----------------+-----------+--------+-----+----+------+
Best-so-far configuration:         204    mean value:      8974.284865
Description of the best-so-far configuration:
    .ID. particles topology modInfluence branching tSchedule phi1 phi2 inertia
204  204       151        4            0        NA        NA 2.32 2.19    0.63
    .PARENT.
204      182

# 2025-06-12 11:49:34 -04: Elite configurations (first number is the configuration ID; listed from best to worst according to the sum of ranks):
    particles topology modInfluence branching tSchedule phi1 phi2 inertia
204       151        4            0        NA        NA 2.32 2.19    0.63
210       139        4            0        NA        NA 1.80 2.39    0.51
189        54        1            0        NA        NA 2.25 2.49    0.66
201        24        1            0        NA        NA 2.44 2.26    0.77
197       143        4            0        NA        NA 1.84 2.29    0.42
# 2025-06-12 11:49:34 -04: Iteration 7 of 7
# experimentsUsed: 1972
# remainingBudget: 28
# currentBudget: 28
# nbConfigurations: 6
# Markers:
     x No test is performed.
     c Configurations are discarded only due to capping.
     - The test is performed and some configurations are discarded.
     = The test is performed but no configuration is discarded.
     ! The test is performed and configurations could be discarded but elite configurations are preserved.
     . All alive configurations are elite and nothing is discarded.

+-+-----------+-----------+-----------+----------------+-----------+--------+-----+----+------+
| |   Instance|      Alive|       Best|       Mean best| Exp so far|  W time|  rho|KenW|  Qvar|
+-+-----------+-----------+-----------+----------------+-----------+--------+-----+----+------+
|x|         22|          6|        201|     171.2663114|          6|00:00:01|   NA|  NA|    NA|
|x|          6|          6|        204|     8077.839162|          7|00:00:01|+0.09|0.54|1.4729|
|x|         11|          6|        204|     5452.314551|          8|00:00:01|+0.18|0.45|0.9549|
|x|         10|          6|        204|     4089.688956|          9|00:00:00|-0.17|0.12|1.0246|
|=|         16|          6|        204|     3273.962917|         10|00:00:00|-0.07|0.14|0.9100|
|=|         20|          6|        215|     2762.701185|         11|00:00:02|-0.05|0.12|0.8785|
|=|          5|          6|        210|     2391.458916|         12|00:00:00|-0.03|0.12|0.8752|
|=|         14|          6|        201|     2326.698815|         13|00:00:01|-0.01|0.12|0.8733|
|=|         19|          6|        215|     2039.735765|         14|00:00:06|-0.02|0.09|0.8769|
|=|          3|          6|        204|     1695.069786|         15|00:00:00|+0.02|0.12|0.8291|
|=|         13|          6|        201|     1713.372080|         16|00:00:00|+0.03|0.11|0.8479|
|=|          9|          6|        201|     1571.666585|         17|00:00:01|-0.01|0.07|0.8663|
|=|         15|          6|        215|     1428.943500|         18|00:00:01|-0.01|0.06|0.8663|
|=|          7|          6|        215|     1328.170232|         19|00:00:00|-0.00|0.07|0.8591|
|=|          4|          6|        215|     1241.009602|         20|00:00:01|+0.03|0.09|0.8413|
|=|          8|          6|        215|     8229.910082|         21|00:00:02|+0.02|0.08|0.8407|
|=|          2|          6|        215|     7746.005246|         22|00:00:05|+0.01|0.07|0.8442|
|=|         17|          6|        215|     7315.688887|         23|00:00:00|+0.02|0.07|0.8388|
|=|         21|          6|        215|     6932.116296|         24|00:00:00|+0.02|0.07|0.8418|
|=|         12|          6|        215|     6586.559889|         25|00:00:01|+0.01|0.06|0.8461|
|=|         18|          6|        215|     6284.576953|         26|00:00:00|+0.00|0.05|0.8472|
|=|          1|          6|        215|     6752.132195|         27|00:00:01|-0.01|0.04|0.8562|
+-+-----------+-----------+-----------+----------------+-----------+--------+-----+----+------+
Best-so-far configuration:         215    mean value:      6752.132195
Description of the best-so-far configuration:
    .ID. particles topology modInfluence branching tSchedule phi1 phi2 inertia
215  215       139        4            0        NA        NA 1.48 2.46    0.57
    .PARENT.
215      210

# 2025-06-12 11:50:09 -04: Elite configurations (first number is the configuration ID; listed from best to worst according to the sum of ranks):
    particles topology modInfluence branching tSchedule phi1 phi2 inertia
215       139        4            0        NA        NA 1.48 2.46    0.57
204       151        4            0        NA        NA 2.32 2.19    0.63
210       139        4            0        NA        NA 1.80 2.39    0.51
201        24        1            0        NA        NA 2.44 2.26    0.77
189        54        1            0        NA        NA 2.25 2.49    0.66
# 2025-06-12 11:50:09 -04: Stopped because there is not enough budget left to race more than the minimum (5).
# You may either increase the budget or set 'minNbSurvival' to a lower value.
# Iteration: 8
# nbIterations: 8
# experimentsUsed: 1999
# timeUsed: 0
# remainingBudget: 1
# currentBudget: 1
# number of elites: 5
# nbConfigurations: 5
# Total CPU user time: 3681.604, CPU sys time: 61.029, Wall-clock time: 571.857
    .ID. particles topology modInfluence branching tSchedule phi1 phi2 inertia
215  215       139        4            0        NA        NA 1.48 2.46    0.57
204  204       151        4            0        NA        NA 2.32 2.19    0.63
210  210       139        4            0        NA        NA 1.80 2.39    0.51
201  201        24        1            0        NA        NA 2.44 2.26    0.77
189  189        54        1            0        NA        NA 2.25 2.49    0.66
    .PARENT. .RANK.   .WEIGHT.
215      210     67 0.33333333
204      182     70 0.26666667
210      197     77 0.20000000
201      139     77 0.13333333
189      139     83 0.06666667
