# 2025-06-13 07:19:02 -04: Reading parameter file '/home/dianag/PruebasPablo/irace-independent-executions/PSO-X/Scenarios/E8-BH-Multimodal-SR/Runs/E8-BH-Multimodal-SR_seed_999888777/parameters.txt'.
# 2025-06-13 07:19:02 -04: 2 expression(s) specifying forbidden configurations read.
# 2025-06-13 07:19:03 -04: Initialization
# Elitist race
# Elitist new instances: 1
# Elitist limit: 2
# nbIterations: 5
# minNbSurvival: 5
# nbParameters: 8
# seed: 999888777
# confidence level: 0.95
# budget: 4000
# mu: 5
# deterministic: FALSE

# 2025-06-13 07:19:03 -04: Iteration 1 of 5
# experimentsUsed: 0
# remainingBudget: 4000
# currentBudget: 800
# nbConfigurations: 133
# Markers:
     x No test is performed.
     c Configurations are discarded only due to capping.
     - The test is performed and some configurations are discarded.
     = The test is performed but no configuration is discarded.
     ! The test is performed and configurations could be discarded but elite configurations are preserved.
     . All alive configurations are elite and nothing is discarded.

+-+-----------+-----------+-----------+----------------+-----------+--------+-----+----+------+
| |   Instance|      Alive|       Best|       Mean best| Exp so far|  W time|  rho|KenW|  Qvar|
+-+-----------+-----------+-----------+----------------+-----------+--------+-----+----+------+
|x|          1|        133|        118|     3.986834540|        133|00:01:37|   NA|  NA|    NA|
|x|          2|        133|        131|     15.41878112|        266|00:00:33|+0.32|0.66|0.7032|
|x|          3|        133|         23|     101.2510519|        399|00:00:31|+0.29|0.53|0.7156|
|x|          4|        133|        129|     151.7433417|        532|00:00:32|+0.41|0.56|0.6163|
|-|          5|         35|        129|     162.2875836|        665|00:00:32|-0.01|0.19|0.9443|
|=|          6|         35|        129|     231.8843843|        700|00:00:14|+0.03|0.19|0.9332|
|-|          7|         18|        129|     198.7712646|        735|00:00:15|-0.05|0.10|0.9831|
|=|          8|         18|        129|     200.4004058|        753|00:00:13|-0.05|0.08|0.9270|
|=|          9|         18|        129|     182.6381708|        771|00:00:24|-0.04|0.08|0.9432|
+-+-----------+-----------+-----------+----------------+-----------+--------+-----+----+------+
Best-so-far configuration:         129    mean value:      182.6381708
Description of the best-so-far configuration:
    .ID. particles topology modInfluence branching tSchedule phi1 phi2 inertia
129  129       187        4            2        NA        NA 0.35 2.03    0.74
    .PARENT.
129       NA

# 2025-06-13 07:23:56 -04: Elite configurations (first number is the configuration ID; listed from best to worst according to the sum of ranks):
    particles topology modInfluence branching tSchedule phi1 phi2 inertia
129       187        4            2        NA        NA 0.35 2.03    0.74
53         42        4            0        NA        NA 1.92 1.08    0.68
131       150        4            2        NA        NA 0.82 1.88    0.68
14        138        4            2        NA        NA 1.49 2.37    0.66
48         17        1            0        NA        NA 1.61 2.02    0.34
# 2025-06-13 07:23:56 -04: Iteration 2 of 5
# experimentsUsed: 771
# remainingBudget: 3229
# currentBudget: 807
# nbConfigurations: 85
# Markers:
     x No test is performed.
     c Configurations are discarded only due to capping.
     - The test is performed and some configurations are discarded.
     = The test is performed but no configuration is discarded.
     ! The test is performed and configurations could be discarded but elite configurations are preserved.
     . All alive configurations are elite and nothing is discarded.

+-+-----------+-----------+-----------+----------------+-----------+--------+-----+----+------+
| |   Instance|      Alive|       Best|       Mean best| Exp so far|  W time|  rho|KenW|  Qvar|
+-+-----------+-----------+-----------+----------------+-----------+--------+-----+----+------+
|x|         10|         85|        145|     14.57510863|         85|00:00:23|   NA|  NA|    NA|
|x|          6|         85|         48|     189.5109025|        165|00:00:22|+0.43|0.71|0.7311|
|x|          4|         85|        131|     56.42359414|        245|00:00:23|+0.50|0.67|0.4725|
|x|          1|         85|        131|     46.86431041|        325|00:00:58|+0.45|0.59|0.5922|
|-|          2|         30|        131|     40.02166893|        405|00:00:23|-0.05|0.16|1.0526|
|=|          9|         30|        131|     40.02807616|        430|00:00:19|-0.05|0.12|1.0460|
|=|          7|         30|        131|     34.31941978|        455|00:00:09|+0.01|0.15|0.9787|
|=|          8|         30|        131|     59.79479035|        480|00:00:09|+0.05|0.17|0.9260|
|-|          3|         25|        131|     154.7463313|        505|00:00:09|-0.01|0.10|1.0053|
|=|          5|         25|        170|     158.8648583|        525|00:00:02|-0.00|0.10|0.9874|
|=|         11|         25|        170|     146.3243319|        550|00:00:04|+0.01|0.10|0.9674|
+-+-----------+-----------+-----------+----------------+-----------+--------+-----+----+------+
Best-so-far configuration:         170    mean value:      146.3243319
Description of the best-so-far configuration:
    .ID. particles topology modInfluence branching tSchedule phi1 phi2 inertia
170  170       138        4            2        NA        NA 0.38 2.02    0.83
    .PARENT.
170      129

# 2025-06-13 07:27:23 -04: Elite configurations (first number is the configuration ID; listed from best to worst according to the sum of ranks):
    particles topology modInfluence branching tSchedule phi1 phi2 inertia
170       138        4            2        NA        NA 0.38 2.02    0.83
129       187        4            2        NA        NA 0.35 2.03    0.74
213       136        4            2        NA        NA 0.37 2.32    0.80
48         17        1            0        NA        NA 1.61 2.02    0.34
14        138        4            2        NA        NA 1.49 2.37    0.66
# 2025-06-13 07:27:23 -04: Iteration 3 of 5
# experimentsUsed: 1321
# remainingBudget: 2679
# currentBudget: 893
# nbConfigurations: 79
# Markers:
     x No test is performed.
     c Configurations are discarded only due to capping.
     - The test is performed and some configurations are discarded.
     = The test is performed but no configuration is discarded.
     ! The test is performed and configurations could be discarded but elite configurations are preserved.
     . All alive configurations are elite and nothing is discarded.

+-+-----------+-----------+-----------+----------------+-----------+--------+-----+----+------+
| |   Instance|      Alive|       Best|       Mean best| Exp so far|  W time|  rho|KenW|  Qvar|
+-+-----------+-----------+-----------+----------------+-----------+--------+-----+----+------+
|x|         12|         79|        233|     18.97968642|         79|00:00:24|   NA|  NA|    NA|
|x|          7|         79|        233|     9.510200702|        153|00:00:25|+0.66|0.83|0.5570|
|x|         11|         79|        233|     13.31305708|        227|00:00:26|+0.22|0.48|0.8282|
|x|          5|         79|        278|     51.53465275|        301|00:00:25|+0.26|0.45|0.6978|
|-|          1|         35|        278|     44.76754206|        375|00:00:53|-0.02|0.19|0.9557|
|=|         10|         35|        278|     41.21330173|        405|00:00:03|+0.02|0.19|0.9588|
|-|          3|         23|        233|     67.73433863|        435|00:00:03|-0.01|0.14|0.9313|
|=|          2|         23|        278|     80.24935317|        453|00:00:02|-0.04|0.09|0.9613|
|=|          9|         23|        233|     58.63128339|        471|00:00:13|-0.05|0.06|0.9966|
|=|          4|         23|        278|     68.26487329|        489|00:00:02|-0.05|0.06|0.9805|
|=|          8|         23|        278|     80.27036735|        507|00:00:02|-0.05|0.05|0.9823|
|=|          6|         23|        278|     96.48605999|        525|00:00:02|-0.04|0.05|0.9784|
|=|         13|         23|        233|     90.95139462|        548|00:00:09|-0.04|0.04|0.9910|
+-+-----------+-----------+-----------+----------------+-----------+--------+-----+----+------+
Best-so-far configuration:         233    mean value:      90.95139462
Description of the best-so-far configuration:
    .ID. particles topology modInfluence branching tSchedule phi1 phi2 inertia
233  233        96        4            2        NA        NA 1.15 2.48    0.65
    .PARENT.
233       14

# 2025-06-13 07:30:39 -04: Elite configurations (first number is the configuration ID; listed from best to worst according to the sum of ranks):
    particles topology modInfluence branching tSchedule phi1 phi2 inertia
233        96        4            2        NA        NA 1.15 2.48    0.65
278       161        4            2        NA        NA 0.47 2.45    0.82
253       150        4            2        NA        NA 0.77 2.22    0.69
14        138        4            2        NA        NA 1.49 2.37    0.66
286       129        4            2        NA        NA 0.54 2.38    0.81
# 2025-06-13 07:30:39 -04: Iteration 4 of 5
# experimentsUsed: 1869
# remainingBudget: 2131
# currentBudget: 1065
# nbConfigurations: 80
# Markers:
     x No test is performed.
     c Configurations are discarded only due to capping.
     - The test is performed and some configurations are discarded.
     = The test is performed but no configuration is discarded.
     ! The test is performed and configurations could be discarded but elite configurations are preserved.
     . All alive configurations are elite and nothing is discarded.

+-+-----------+-----------+-----------+----------------+-----------+--------+-----+----+------+
| |   Instance|      Alive|       Best|       Mean best| Exp so far|  W time|  rho|KenW|  Qvar|
+-+-----------+-----------+-----------+----------------+-----------+--------+-----+----+------+
|x|         14|         80|        314|    0.7557592014|         80|00:00:23|   NA|  NA|    NA|
|x|         11|         80|        314|     10.80259364|        155|00:00:23|+0.40|0.70|0.9171|
|x|          6|         80|        294|     45.64953688|        230|00:00:22|+0.33|0.56|0.8209|
|x|          9|         80|        361|     43.74524267|        305|00:01:05|+0.21|0.41|0.8790|
|-|          5|         53|        338|     78.61260354|        380|00:00:23|-0.10|0.12|1.0622|
|=|          7|         53|        361|     70.94923725|        428|00:00:06|-0.05|0.12|0.9876|
|=|         10|         53|        329|     99.17893429|        476|00:00:05|+0.01|0.15|0.9623|
|=|          8|         53|        338|     77.22774370|        524|00:00:06|-0.05|0.08|0.9842|
|=|          4|         53|        338|     68.68311323|        572|00:00:06|-0.05|0.07|0.9756|
|=|          3|         53|        233|     112.3789492|        620|00:00:04|-0.03|0.08|0.9444|
|=|         13|         53|        233|     102.3127193|        668|00:00:16|-0.03|0.06|0.9824|
|=|         12|         53|        233|     95.36829991|        716|00:00:05|-0.02|0.06|0.9715|
|=|          2|         53|        233|     89.05914942|        764|00:00:06|-0.02|0.06|0.9644|
|=|          1|         53|        253|     65.82060179|        812|00:00:30|-0.01|0.06|0.9609|
|=|         15|         53|        233|     80.26748225|        865|00:00:07|+0.00|0.07|0.9530|
+-+-----------+-----------+-----------+----------------+-----------+--------+-----+----+------+
Best-so-far configuration:         233    mean value:      80.26748225
Description of the best-so-far configuration:
    .ID. particles topology modInfluence branching tSchedule phi1 phi2 inertia
233  233        96        4            2        NA        NA 1.15 2.48    0.65
    .PARENT.
233       14

# 2025-06-13 07:34:55 -04: Elite configurations (first number is the configuration ID; listed from best to worst according to the sum of ranks):
    particles topology modInfluence branching tSchedule phi1 phi2 inertia
233        96        4            2        NA        NA 1.15 2.48    0.65
338       186        4            2        NA        NA 0.70 2.44    0.74
356       147        4            2        NA        NA 0.31 2.07    0.75
301        95        4            2        NA        NA 1.41 2.22    0.65
253       150        4            2        NA        NA 0.77 2.22    0.69
# 2025-06-13 07:34:55 -04: Iteration 5 of 5
# experimentsUsed: 2734
# remainingBudget: 1266
# currentBudget: 1266
# nbConfigurations: 83
# Markers:
     x No test is performed.
     c Configurations are discarded only due to capping.
     - The test is performed and some configurations are discarded.
     = The test is performed but no configuration is discarded.
     ! The test is performed and configurations could be discarded but elite configurations are preserved.
     . All alive configurations are elite and nothing is discarded.

+-+-----------+-----------+-----------+----------------+-----------+--------+-----+----+------+
| |   Instance|      Alive|       Best|       Mean best| Exp so far|  W time|  rho|KenW|  Qvar|
+-+-----------+-----------+-----------+----------------+-----------+--------+-----+----+------+
|x|         16|         83|        414|     127832.1505|         83|00:00:21|   NA|  NA|    NA|
|x|         12|         83|        394|     376032.1886|        161|00:00:09|-0.13|0.43|1.1052|
|x|         11|         83|        380|     327301.2457|        239|00:00:10|-0.05|0.30|1.0018|
|x|          1|         83|        426|     218338.5583|        317|00:00:48|-0.04|0.22|1.0442|
|=|          2|         83|        426|     174673.3148|        395|00:00:10|-0.03|0.18|1.0370|
|=|         15|         83|        435|     141386.6137|        473|00:00:09|+0.01|0.17|0.9913|
|=|          8|         83|        435|     121213.9494|        551|00:00:09|-0.00|0.14|0.9851|
|=|          3|         83|        435|     106145.6904|        629|00:00:09|-0.01|0.11|0.9920|
|=|         14|         83|        426|     97090.84813|        707|00:00:10|-0.02|0.09|1.0069|
|=|          5|         83|        435|     84935.25310|        785|00:00:09|-0.02|0.08|0.9816|
|=|         10|         83|        426|     79465.69368|        863|00:00:09|-0.02|0.07|0.9851|
|=|          6|         83|        426|     72852.28977|        941|00:00:08|-0.01|0.08|0.9773|
|=|          4|         83|        426|     67248.29362|       1019|00:00:09|-0.00|0.08|0.9701|
|=|         13|         83|        426|     62445.02202|       1097|00:00:25|+0.00|0.07|0.9808|
|=|          7|         83|        426|     58282.02323|       1175|00:00:09|+0.00|0.07|0.9649|
|=|          9|         83|        426|     54641.72980|       1253|00:00:53|+0.00|0.06|0.9671|
+-+-----------+-----------+-----------+----------------+-----------+--------+-----+----+------+
Best-so-far configuration:         426    mean value:      54641.72980
Description of the best-so-far configuration:
    .ID. particles topology modInfluence branching tSchedule phi1 phi2 inertia
426  426        82        4            2        NA        NA 0.97 2.32    0.65
    .PARENT.
426      233

# 2025-06-13 07:39:18 -04: Elite configurations (first number is the configuration ID; listed from best to worst according to the sum of ranks):
    particles topology modInfluence branching tSchedule phi1 phi2 inertia
426        82        4            2        NA        NA 0.97 2.32    0.65
233        96        4            2        NA        NA 1.15 2.48    0.65
338       186        4            2        NA        NA 0.70 2.44    0.74
435       173        4            2        NA        NA 0.63 2.26    0.78
406        95        4            2        NA        NA 1.32 2.31    0.60
# 2025-06-13 07:39:18 -04: Stopped because there is not enough budget left to race more than the minimum (5).
# You may either increase the budget or set 'minNbSurvival' to a lower value.
# Iteration: 6
# nbIterations: 6
# experimentsUsed: 3987
# timeUsed: 0
# remainingBudget: 13
# currentBudget: 13
# number of elites: 5
# nbConfigurations: 5
# Total CPU user time: 9507.398, CPU sys time: 124.607, Wall-clock time: 1215
# 2025-06-13 07:39:18 -04: Starting post-selection:
# Configurations selected: 426, 233, 338, 435, 406, 356, 301, 253, 363, 364, 365, 366, 367.
# Pending instances: 0, 0, 0, 0, 0, 0, 0, 0, 0, 0, 0, 0, 0.
# 2025-06-13 07:39:18 -04: seed: 999888777
# Configurations: 13
# Available experiments: 13
# minSurvival: 1
# Markers:
     x No test is performed.
     c Configurations are discarded only due to capping.
     - The test is performed and some configurations are discarded.
     = The test is performed but no configuration is discarded.
     ! The test is performed and configurations could be discarded but elite configurations are preserved.
     . All alive configurations are elite and nothing is discarded.

+-+-----------+-----------+-----------+----------------+-----------+--------+-----+----+------+
| |   Instance|      Alive|       Best|       Mean best| Exp so far|  W time|  rho|KenW|  Qvar|
+-+-----------+-----------+-----------+----------------+-----------+--------+-----+----+------+
|.|         16|         13|        367|     245368.2409|          0|00:00:00|   NA|  NA|    NA|
|.|          2|         13|        367|     122690.4580|          0|00:00:00|+0.42|0.71|0.6242|
|.|         14|         13|        367|     81794.04372|          0|00:00:00|-0.06|0.30|1.1277|
|.|         11|         13|        367|     61350.78075|          0|00:00:00|-0.08|0.19|1.1182|
|.|          6|         13|        367|     52955.37567|          0|00:00:00|+0.04|0.23|1.0354|
|.|          5|         13|        367|     44164.36882|          0|00:00:00|+0.05|0.21|1.0013|
|.|          7|         13|        367|     37855.41835|          0|00:00:00|+0.02|0.16|0.9486|
|.|          1|         13|        367|     33126.51711|          0|00:00:00|+0.06|0.18|0.8984|
|.|          8|         13|        367|     29471.21575|          0|00:00:00|+0.05|0.16|0.8846|
|.|         15|         13|        367|     26526.19005|          0|00:00:00|+0.06|0.16|0.8569|
|.|          3|         13|        367|     24527.30788|          0|00:00:00|+0.07|0.16|0.8375|
|.|         12|         13|        367|     22485.55159|          0|00:00:00|+0.06|0.14|0.8495|
|.|          4|         13|        367|     20755.92420|          0|00:00:00|+0.10|0.17|0.8212|
|.|          9|         13|        367|     19276.17543|          0|00:00:00|+0.09|0.15|0.8345|
|.|         10|         13|        367|     17992.83746|          0|00:00:00|+0.07|0.13|0.8398|
|.|         13|         13|        367|     16868.32608|          0|00:00:00|+0.06|0.12|0.8724|
|-|         17|          8|        426|     51427.52933|         13|00:00:02|-0.00|0.05|0.8779|
+-+-----------+-----------+-----------+----------------+-----------+--------+-----+----+------+
Best-so-far configuration:         426    mean value:      51427.52933
Description of the best-so-far configuration:
    .ID. particles topology modInfluence branching tSchedule phi1 phi2 inertia
426  426        82        4            2        NA        NA 0.97 2.32    0.65
    .PARENT.
426      233

# 2025-06-13 07:39:20 -04: Elite configurations (first number is the configuration ID; listed from best to worst according to the sum of ranks):
    particles topology modInfluence branching tSchedule phi1 phi2 inertia
426        82        4            2        NA        NA 0.97 2.32    0.65
233        96        4            2        NA        NA 1.15 2.48    0.65
356       147        4            2        NA        NA 0.31 2.07    0.75
301        95        4            2        NA        NA 1.41 2.22    0.65
435       173        4            2        NA        NA 0.63 2.26    0.78
# Total CPU user time: 9522.772, CPU sys time: 125.014, Wall-clock time: 1217.687
    .ID. particles topology modInfluence branching tSchedule phi1 phi2 inertia
426  426        82        4            2        NA        NA 0.97 2.32    0.65
233  233        96        4            2        NA        NA 1.15 2.48    0.65
356  356       147        4            2        NA        NA 0.31 2.07    0.75
301  301        95        4            2        NA        NA 1.41 2.22    0.65
435  435       173        4            2        NA        NA 0.63 2.26    0.78
    .PARENT. .RANK.   .WEIGHT.
426      233     58 0.33333333
233       14     66 0.26666667
356      278     77 0.20000000
301      233     78 0.13333333
435      338     80 0.06666667
