# 2025-06-09 12:06:50 -04: Reading parameter file '/home/dianag/PruebasPablo/irace-independent-executions/PSO-X/Scenarios/E2-BL-Mixed-SR/Runs/E2-BL-Mixed-SR_seed_666999000/parameters.txt'.
# 2025-06-09 12:06:50 -04: 2 expression(s) specifying forbidden configurations read.
# 2025-06-09 12:06:50 -04: Initialization
# Elitist race
# Elitist new instances: 1
# Elitist limit: 2
# nbIterations: 5
# minNbSurvival: 5
# nbParameters: 8
# seed: 666999000
# confidence level: 0.95
# budget: 2000
# mu: 5
# deterministic: FALSE

# 2025-06-09 12:06:50 -04: Iteration 1 of 5
# experimentsUsed: 0
# remainingBudget: 2000
# currentBudget: 400
# nbConfigurations: 66
# Markers:
     x No test is performed.
     c Configurations are discarded only due to capping.
     - The test is performed and some configurations are discarded.
     = The test is performed but no configuration is discarded.
     ! The test is performed and configurations could be discarded but elite configurations are preserved.
     . All alive configurations are elite and nothing is discarded.

+-+-----------+-----------+-----------+----------------+-----------+--------+-----+----+------+
| |   Instance|      Alive|       Best|       Mean best| Exp so far|  W time|  rho|KenW|  Qvar|
+-+-----------+-----------+-----------+----------------+-----------+--------+-----+----+------+
|x|          1|         66|         49|     11.28259036|         66|00:00:21|   NA|  NA|    NA|
|x|          2|         66|         49|     20.55396229|        132|00:00:47|+0.43|0.72|0.3128|
|x|          3|         66|         39|     52.60532730|        198|00:00:21|+0.50|0.67|0.2640|
|x|          4|         66|         62|     123.7783321|        264|00:01:33|+0.37|0.53|0.2806|
|-|          5|         29|         39|     147.0428775|        330|00:00:22|-0.07|0.14|1.0581|
|=|          6|         29|         39|     1670.372734|        359|00:00:09|-0.03|0.14|0.9853|
|=|          7|         29|         61|     1190.854395|        388|00:00:41|-0.02|0.13|0.9596|
+-+-----------+-----------+-----------+----------------+-----------+--------+-----+----+------+
Best-so-far configuration:          61    mean value:      1190.854395
Description of the best-so-far configuration:
   .ID. particles topology modInfluence branching tSchedule phi1 phi2 inertia
61   61       142        4            1        NA        NA 1.51 2.42    0.82
   .PARENT.
61       NA

# 2025-06-09 12:11:09 -04: Elite configurations (first number is the configuration ID; listed from best to worst according to the sum of ranks):
   particles topology modInfluence branching tSchedule phi1 phi2 inertia
61       142        4            1        NA        NA 1.51 2.42    0.82
39        24        0            1        NA        NA 1.75 1.40    0.23
38        62        1            0        NA        NA 1.90 1.56    0.29
64       181        1            1        NA        NA 1.84 2.13    0.83
6         96        4            1        NA        NA 1.79 1.21    0.47
# 2025-06-09 12:11:09 -04: Iteration 2 of 5
# experimentsUsed: 388
# remainingBudget: 1612
# currentBudget: 403
# nbConfigurations: 54
# Markers:
     x No test is performed.
     c Configurations are discarded only due to capping.
     - The test is performed and some configurations are discarded.
     = The test is performed but no configuration is discarded.
     ! The test is performed and configurations could be discarded but elite configurations are preserved.
     . All alive configurations are elite and nothing is discarded.

+-+-----------+-----------+-----------+----------------+-----------+--------+-----+----+------+
| |   Instance|      Alive|       Best|       Mean best| Exp so far|  W time|  rho|KenW|  Qvar|
+-+-----------+-----------+-----------+----------------+-----------+--------+-----+----+------+
|x|          8|         54|         75|     875.6335968|         54|00:01:31|   NA|  NA|    NA|
|x|          5|         54|         61|     477.6782656|        103|00:00:15|+0.38|0.69|0.2914|
|x|          1|         54|         38|     323.7084155|        152|00:00:15|+0.33|0.55|0.2383|
|x|          3|         54|        108|     297.5786205|        201|00:00:16|+0.42|0.56|0.2401|
|-|          2|         31|         39|     285.4585609|        250|00:00:40|-0.12|0.11|1.0471|
|=|          4|         31|        108|     248.2346829|        276|00:00:43|-0.07|0.11|1.0253|
|=|          7|         31|        108|     281.2795368|        302|00:00:43|-0.03|0.12|0.9931|
|=|          6|         31|        108|     1227.806703|        328|00:00:09|-0.00|0.12|0.9445|
|=|          9|         31|         95|     1015.254296|        359|00:00:10|+0.03|0.14|0.9050|
+-+-----------+-----------+-----------+----------------+-----------+--------+-----+----+------+
Best-so-far configuration:          95    mean value:      1015.254296
Description of the best-so-far configuration:
   .ID. particles topology modInfluence branching tSchedule phi1 phi2 inertia
95   95       198        1            0        NA        NA 1.36 2.42    0.57
   .PARENT.
95       64

# 2025-06-09 12:15:53 -04: Elite configurations (first number is the configuration ID; listed from best to worst according to the sum of ranks):
    particles topology modInfluence branching tSchedule phi1 phi2 inertia
95        198        1            0        NA        NA 1.36 2.42    0.57
75        160        1            0        NA        NA 1.08 2.21    0.64
84        158        4            1        NA        NA 1.43 1.64    0.80
111       136        4            1        NA        NA 2.11 2.30    0.88
38         62        1            0        NA        NA 1.90 1.56    0.29
# 2025-06-09 12:15:53 -04: Iteration 3 of 5
# experimentsUsed: 747
# remainingBudget: 1253
# currentBudget: 417
# nbConfigurations: 46
# Markers:
     x No test is performed.
     c Configurations are discarded only due to capping.
     - The test is performed and some configurations are discarded.
     = The test is performed but no configuration is discarded.
     ! The test is performed and configurations could be discarded but elite configurations are preserved.
     . All alive configurations are elite and nothing is discarded.

+-+-----------+-----------+-----------+----------------+-----------+--------+-----+----+------+
| |   Instance|      Alive|       Best|       Mean best| Exp so far|  W time|  rho|KenW|  Qvar|
+-+-----------+-----------+-----------+----------------+-----------+--------+-----+----+------+
|x|         10|         46|        125|     4.860650996|         46|00:00:12|   NA|  NA|    NA|
|x|          8|         46|         38|     446.3861001|         87|00:01:08|+0.26|0.63|0.6603|
|x|          9|         46|         38|     348.3619638|        128|00:00:11|+0.33|0.55|0.5269|
|x|          1|         46|         38|     264.7869224|        169|00:00:11|+0.32|0.49|0.6091|
|-|          6|         21|         38|     1675.989694|        210|00:00:11|-0.01|0.19|0.9568|
|=|          7|         21|         38|     1476.128146|        226|00:00:23|+0.04|0.20|0.9223|
|=|          5|         21|         38|     1275.211009|        242|00:00:02|+0.04|0.18|0.9058|
|=|          3|         21|         38|     1138.274128|        258|00:00:02|+0.06|0.18|0.8728|
|-|          2|         14|        146|     986.4127276|        274|00:00:11|-0.04|0.07|0.9919|
|=|          4|         14|        128|     936.9838186|        283|00:00:12|-0.07|0.04|0.9935|
|=|         11|         14|        128|     859.2295544|        297|00:00:02|-0.06|0.03|0.9888|
+-+-----------+-----------+-----------+----------------+-----------+--------+-----+----+------+
Best-so-far configuration:         128    mean value:      859.2295544
Description of the best-so-far configuration:
    .ID. particles topology modInfluence branching tSchedule phi1 phi2 inertia
128  128       169        1            0        NA        NA  1.8 2.21    0.52
    .PARENT.
128       95

# 2025-06-09 12:18:44 -04: Elite configurations (first number is the configuration ID; listed from best to worst according to the sum of ranks):
    particles topology modInfluence branching tSchedule phi1 phi2 inertia
128       169        1            0        NA        NA 1.80 2.21    0.52
123       177        4            0        NA        NA 1.19 1.89    0.28
132       138        4            0        NA        NA 2.08 1.94    0.68
146       169        1            0        NA        NA 0.96 2.12    0.39
95        198        1            0        NA        NA 1.36 2.42    0.57
# 2025-06-09 12:18:44 -04: Iteration 4 of 5
# experimentsUsed: 1044
# remainingBudget: 956
# currentBudget: 478
# nbConfigurations: 44
# Markers:
     x No test is performed.
     c Configurations are discarded only due to capping.
     - The test is performed and some configurations are discarded.
     = The test is performed but no configuration is discarded.
     ! The test is performed and configurations could be discarded but elite configurations are preserved.
     . All alive configurations are elite and nothing is discarded.

+-+-----------+-----------+-----------+----------------+-----------+--------+-----+----+------+
| |   Instance|      Alive|       Best|       Mean best| Exp so far|  W time|  rho|KenW|  Qvar|
+-+-----------+-----------+-----------+----------------+-----------+--------+-----+----+------+
|x|         12|         44|        161|     4.101310754|         44|00:00:11|   NA|  NA|    NA|
|x|          3|         44|        161|     82.26176656|         83|00:00:11|+0.34|0.67|0.0757|
|x|         11|         44|        179|     62.35669932|        122|00:00:11|+0.30|0.53|0.0779|
|x|          1|         44|        161|     65.47591119|        161|00:00:10|+0.27|0.45|0.0755|
|-|          9|         21|        161|     77.83241297|        200|00:00:11|-0.03|0.17|1.0528|
|=|          7|         21|        161|     144.2682838|        216|00:00:23|-0.01|0.16|1.0133|
|=|          4|         21|        161|     167.3253283|        232|00:00:24|+0.01|0.15|0.9464|
|=|          6|         21|        191|     1056.476133|        248|00:00:09|-0.01|0.12|0.8942|
|=|          8|         21|        183|     1024.358669|        264|00:00:27|+0.03|0.14|0.8314|
|=|          2|         21|        183|     925.2378748|        280|00:00:14|+0.01|0.11|0.8508|
|=|          5|         21|        183|     844.3903107|        296|00:00:09|-0.00|0.09|0.8851|
|=|         10|         21|        161|     811.2929653|        312|00:00:09|-0.01|0.08|0.9157|
|=|         13|         21|        161|     760.0530391|        333|00:00:10|+0.01|0.08|0.9147|
+-+-----------+-----------+-----------+----------------+-----------+--------+-----+----+------+
Best-so-far configuration:         161    mean value:      760.0530391
Description of the best-so-far configuration:
    .ID. particles topology modInfluence branching tSchedule phi1 phi2 inertia
161  161        91        1            0        NA        NA 1.68 2.41    0.44
    .PARENT.
161      128

# 2025-06-09 12:21:49 -04: Elite configurations (first number is the configuration ID; listed from best to worst according to the sum of ranks):
    particles topology modInfluence branching tSchedule phi1 phi2 inertia
161        91        1            0        NA        NA 1.68 2.41    0.44
191        98        1            0        NA        NA 1.33 1.97    0.50
183       113        4            0        NA        NA 2.12 1.90    0.71
168       164        4            0        NA        NA 2.40 2.15    0.56
128       169        1            0        NA        NA 1.80 2.21    0.52
# 2025-06-09 12:21:49 -04: Iteration 5 of 5
# experimentsUsed: 1377
# remainingBudget: 623
# currentBudget: 623
# nbConfigurations: 49
# Markers:
     x No test is performed.
     c Configurations are discarded only due to capping.
     - The test is performed and some configurations are discarded.
     = The test is performed but no configuration is discarded.
     ! The test is performed and configurations could be discarded but elite configurations are preserved.
     . All alive configurations are elite and nothing is discarded.

+-+-----------+-----------+-----------+----------------+-----------+--------+-----+----+------+
| |   Instance|      Alive|       Best|       Mean best| Exp so far|  W time|  rho|KenW|  Qvar|
+-+-----------+-----------+-----------+----------------+-----------+--------+-----+----+------+
|x|         14|         49|        200|     1330.351963|         49|00:00:40|   NA|  NA|    NA|
|x|         11|         49|        183|     717.5241560|         93|00:00:05|-0.06|0.47|1.0696|
|x|          5|         49|        183|     490.3209940|        137|00:00:04|+0.05|0.37|0.9302|
|x|          7|         49|        225|     505.5973934|        181|00:00:58|+0.04|0.28|0.8949|
|=|          2|         49|        196|     401.4342102|        225|00:00:28|+0.01|0.21|0.9121|
|=|          4|         49|        196|     377.6919471|        269|00:01:00|+0.04|0.20|0.8879|
|=|         12|         49|        196|     324.4036457|        313|00:00:04|+0.01|0.15|0.9130|
|=|          3|         49|        183|     301.1355631|        357|00:00:04|-0.01|0.12|0.9394|
|=|          9|         49|        183|     280.5806455|        401|00:00:04|+0.02|0.13|0.9096|
|=|          8|         49|        183|     340.1718164|        445|00:01:09|+0.04|0.13|0.8818|
|=|         13|         49|        183|     325.9859929|        489|00:00:04|+0.02|0.11|0.8938|
|=|         10|         49|        161|     310.3437887|        533|00:00:04|+0.02|0.10|0.9197|
|=|          6|         49|        225|     837.2474920|        577|00:00:04|+0.02|0.10|0.9065|
|-|          1|         27|        225|     778.4995410|        621|00:00:04|-0.03|0.04|0.9912|
+-+-----------+-----------+-----------+----------------+-----------+--------+-----+----+------+
Best-so-far configuration:         225    mean value:      778.4995410
Description of the best-so-far configuration:
    .ID. particles topology modInfluence branching tSchedule phi1 phi2 inertia
225  225        96        1            0        NA        NA 1.59 2.41    0.46
    .PARENT.
225      161

# 2025-06-09 12:26:46 -04: Elite configurations (first number is the configuration ID; listed from best to worst according to the sum of ranks):
    particles topology modInfluence branching tSchedule phi1 phi2 inertia
225        96        1            0        NA        NA 1.59 2.41    0.46
161        91        1            0        NA        NA 1.68 2.41    0.44
237        88        1            0        NA        NA 1.94 2.35    0.48
183       113        4            0        NA        NA 2.12 1.90    0.71
191        98        1            0        NA        NA 1.33 1.97    0.50
# 2025-06-09 12:26:46 -04: Stopped because there is not enough budget left to race more than the minimum (5).
# You may either increase the budget or set 'minNbSurvival' to a lower value.
# Iteration: 6
# nbIterations: 6
# experimentsUsed: 1998
# timeUsed: 0
# remainingBudget: 2
# currentBudget: 2
# number of elites: 5
# nbConfigurations: 5
# Total CPU user time: 9270.93, CPU sys time: 72.322, Wall-clock time: 1196.313
# 2025-06-09 12:26:46 -04: Starting post-selection:
# Configurations selected: 225, 161.
# Pending instances: 0, 0.
# 2025-06-09 12:26:46 -04: seed: 666999000
# Configurations: 2
# Available experiments: 2
# minSurvival: 1
# Markers:
     x No test is performed.
     c Configurations are discarded only due to capping.
     - The test is performed and some configurations are discarded.
     = The test is performed but no configuration is discarded.
     ! The test is performed and configurations could be discarded but elite configurations are preserved.
     . All alive configurations are elite and nothing is discarded.

+-+-----------+-----------+-----------+----------------+-----------+--------+-----+----+------+
| |   Instance|      Alive|       Best|       Mean best| Exp so far|  W time|  rho|KenW|  Qvar|
+-+-----------+-----------+-----------+----------------+-----------+--------+-----+----+------+
|.|         10|          2|        161|     5.501700764|          0|00:00:00|   NA|  NA|    NA|
|.|          2|          2|        161|     19.03682239|          0|00:00:00|+1.00|1.00|0.0000|
|.|          7|          2|        161|     171.5070942|          0|00:00:00|-0.33|0.11|0.6667|
|.|         11|          2|        161|     149.8860857|          0|00:00:00|-0.33|0.00|0.6667|
|.|          4|          2|        161|     181.0423875|          0|00:00:00|-0.20|0.04|0.6000|
|.|         12|          2|        161|     151.5522081|          0|00:00:00|-0.20|0.00|0.6000|
|.|          1|          2|        161|     131.6671857|          0|00:00:00|-0.14|0.02|0.5714|
|.|          8|          2|        161|     228.1574551|          0|00:00:00|-0.14|0.00|0.5714|
|.|         14|          2|        161|     363.0181391|          0|00:00:00|-0.11|0.01|0.5556|
|.|          5|          2|        161|     330.3627949|          0|00:00:00|-0.07|0.04|0.5333|
|.|          9|          2|        161|     311.8987608|          0|00:00:00|-0.09|0.01|0.5455|
|.|          3|          2|        161|     299.2757159|          0|00:00:00|-0.09|0.00|0.5455|
|.|         13|          2|        161|     287.4217320|          0|00:00:00|-0.08|0.01|0.5385|
|.|          6|          2|        161|     808.7566513|          0|00:00:00|-0.05|0.02|0.5275|
|=|         15|          2|        225|     730.1410199|          2|00:00:01|-0.03|0.04|0.5143|
+-+-----------+-----------+-----------+----------------+-----------+--------+-----+----+------+
Best-so-far configuration:         225    mean value:      730.1410199
Description of the best-so-far configuration:
    .ID. particles topology modInfluence branching tSchedule phi1 phi2 inertia
225  225        96        1            0        NA        NA 1.59 2.41    0.46
    .PARENT.
225      161

# 2025-06-09 12:26:48 -04: Elite configurations (first number is the configuration ID; listed from best to worst according to the sum of ranks):
    particles topology modInfluence branching tSchedule phi1 phi2 inertia
225        96        1            0        NA        NA 1.59 2.41    0.46
161        91        1            0        NA        NA 1.68 2.41    0.44
# Total CPU user time: 9273.069, CPU sys time: 72.379, Wall-clock time: 1197.722
    .ID. particles topology modInfluence branching tSchedule phi1 phi2 inertia
225  225        96        1            0        NA        NA 1.59 2.41    0.46
161  161        91        1            0        NA        NA 1.68 2.41    0.44
    .PARENT. .RANK.  .WEIGHT.
225      161     21 0.6666667
161      128     24 0.3333333
