# 2025-06-08 20:24:17 -04: Reading parameter file '/home/dianag/PruebasPablo/irace-independent-executions/MMASQAP/Scenarios/E4-BH-SR/Runs/E4-BH-SR_seed_246813579/parameters.txt'.
# 2025-06-08 20:24:17 -04: Initialization
# Elitist race
# Elitist new instances: 1
# Elitist limit: 2
# nbIterations: 3
# minNbSurvival: 3
# nbParameters: 3
# seed: 246813579
# confidence level: 0.95
# budget: 1500
# mu: 5
# deterministic: FALSE

# 2025-06-08 20:24:17 -04: Iteration 1 of 3
# experimentsUsed: 0
# remainingBudget: 1500
# currentBudget: 500
# nbConfigurations: 83
# Markers:
     x No test is performed.
     c Configurations are discarded only due to capping.
     - The test is performed and some configurations are discarded.
     = The test is performed but no configuration is discarded.
     ! The test is performed and configurations could be discarded but elite configurations are preserved.
     . All alive configurations are elite and nothing is discarded.

+-+-----------+-----------+-----------+----------------+-----------+--------+-----+----+------+
| |   Instance|      Alive|       Best|       Mean best| Exp so far|  W time|  rho|KenW|  Qvar|
+-+-----------+-----------+-----------+----------------+-----------+--------+-----+----+------+
|x|          1|         83|         55|     544806.0000|         83|00:00:29|   NA|  NA|    NA|
|x|          2|         83|         65|     588983.0000|        166|00:00:29|+0.30|0.65|0.3733|
|x|          3|         83|         65|     559630.6667|        249|00:00:28|+0.35|0.57|0.3203|
|x|          4|         83|         65|     2284933.500|        332|00:00:28|+0.30|0.47|0.4529|
|-|          5|         31|         45|     1923731.200|        415|00:00:28|-0.08|0.14|1.0833|
|=|          6|         31|         45|     1683022.000|        446|00:00:15|-0.05|0.13|1.0420|
|=|          7|         31|         45|     1504439.429|        477|00:00:14|-0.01|0.13|0.9978|
+-+-----------+-----------+-----------+----------------+-----------+--------+-----+----+------+
Best-so-far configuration:          45    mean value:      1504439.429
Description of the best-so-far configuration:
   .ID. localsearch rho ants .PARENT.
45   45           3 0.2    4       NA

# 2025-06-08 20:27:12 -04: Elite configurations (first number is the configuration ID; listed from best to worst according to the sum of ranks):
   localsearch  rho ants
45           3 0.20    4
13           3 0.38   21
44           3 0.58   42
# 2025-06-08 20:27:12 -04: Iteration 2 of 3
# experimentsUsed: 477
# remainingBudget: 1023
# currentBudget: 511
# nbConfigurations: 66
# Markers:
     x No test is performed.
     c Configurations are discarded only due to capping.
     - The test is performed and some configurations are discarded.
     = The test is performed but no configuration is discarded.
     ! The test is performed and configurations could be discarded but elite configurations are preserved.
     . All alive configurations are elite and nothing is discarded.

+-+-----------+-----------+-----------+----------------+-----------+--------+-----+----+------+
| |   Instance|      Alive|       Best|       Mean best| Exp so far|  W time|  rho|KenW|  Qvar|
+-+-----------+-----------+-----------+----------------+-----------+--------+-----+----+------+
|x|          8|         66|         45|     446564.0000|         66|00:00:30|   NA|  NA|    NA|
|x|          4|         66|         84|     3943962.000|        129|00:00:28|+0.37|0.69|0.7463|
|x|          2|         66|        134|     2840210.000|        192|00:00:28|+0.12|0.41|0.8424|
|x|          7|         66|         45|     2245423.500|        255|00:00:28|+0.10|0.32|0.8409|
|-|          1|         24|         45|     1905846.800|        318|00:00:28|-0.08|0.14|1.0631|
|=|          3|         24|         45|     1670110.000|        339|00:00:13|-0.05|0.13|1.0316|
|=|          6|         24|         45|     1500019.429|        360|00:00:13|-0.02|0.13|1.0035|
|=|          5|         24|         45|     1372205.000|        381|00:00:13|-0.01|0.12|0.9826|
|=|          9|         24|         45|     1262212.222|        405|00:00:13|-0.00|0.11|0.9774|
+-+-----------+-----------+-----------+----------------+-----------+--------+-----+----+------+
Best-so-far configuration:          45    mean value:      1262212.222
Description of the best-so-far configuration:
   .ID. localsearch rho ants .PARENT.
45   45           3 0.2    4       NA

# 2025-06-08 20:30:32 -04: Elite configurations (first number is the configuration ID; listed from best to worst according to the sum of ranks):
    localsearch  rho ants
45            3 0.20    4
84            3 0.51   12
145           3 0.39   16
# 2025-06-08 20:30:32 -04: Iteration 3 of 3
# experimentsUsed: 882
# remainingBudget: 618
# currentBudget: 618
# nbConfigurations: 64
# Markers:
     x No test is performed.
     c Configurations are discarded only due to capping.
     - The test is performed and some configurations are discarded.
     = The test is performed but no configuration is discarded.
     ! The test is performed and configurations could be discarded but elite configurations are preserved.
     . All alive configurations are elite and nothing is discarded.

+-+-----------+-----------+-----------+----------------+-----------+--------+-----+----+------+
| |   Instance|      Alive|       Best|       Mean best| Exp so far|  W time|  rho|KenW|  Qvar|
+-+-----------+-----------+-----------+----------------+-----------+--------+-----+----+------+
|x|         10|         64|        190|     7486662.000|         64|00:00:32|   NA|  NA|    NA|
|x|          6|         64|        180|     3989034.000|        125|00:00:29|-0.09|0.45|1.0505|
|x|          8|         64|        190|     2804692.000|        186|00:00:27|-0.02|0.32|0.9941|
|x|          4|         64|        188|     3973224.500|        247|00:00:28|+0.13|0.35|0.8373|
|-|          5|         34|        188|     3272958.800|        308|00:00:30|-0.09|0.13|1.0235|
|=|          7|         34|         84|     2798112.667|        339|00:00:19|-0.04|0.13|0.9857|
|=|          2|         34|        188|     2491434.571|        370|00:00:18|-0.00|0.14|0.9583|
|=|          1|         34|         84|     2249506.250|        401|00:00:19|-0.03|0.10|0.9790|
|=|          9|         34|        188|     2043794.444|        432|00:00:19|-0.02|0.10|0.9656|
|=|          3|         34|        188|     1888657.800|        463|00:00:19|+0.01|0.11|0.9330|
|=|         11|         34|        188|     2408142.727|        497|00:00:20|+0.02|0.11|0.9129|
+-+-----------+-----------+-----------+----------------+-----------+--------+-----+----+------+
Best-so-far configuration:         188    mean value:      2408142.727
Description of the best-so-far configuration:
    .ID. localsearch  rho ants .PARENT.
188  188           3 0.67   19       84

# 2025-06-08 20:34:57 -04: Elite configurations (first number is the configuration ID; listed from best to worst according to the sum of ranks):
    localsearch  rho ants
188           3 0.67   19
45            3 0.20    4
84            3 0.51   12
# 2025-06-08 20:34:57 -04: Iteration 4 of 4
# experimentsUsed: 1379
# remainingBudget: 121
# currentBudget: 121
# nbConfigurations: 12
# Markers:
     x No test is performed.
     c Configurations are discarded only due to capping.
     - The test is performed and some configurations are discarded.
     = The test is performed but no configuration is discarded.
     ! The test is performed and configurations could be discarded but elite configurations are preserved.
     . All alive configurations are elite and nothing is discarded.

+-+-----------+-----------+-----------+----------------+-----------+--------+-----+----+------+
| |   Instance|      Alive|       Best|       Mean best| Exp so far|  W time|  rho|KenW|  Qvar|
+-+-----------+-----------+-----------+----------------+-----------+--------+-----+----+------+
|x|         12|         12|        210|     7441122.000|         12|00:00:09|   NA|  NA|    NA|
|x|          8|         12|        188|     3953286.000|         21|00:00:06|-0.03|0.49|0.8255|
|x|          1|         12|         45|     2817150.000|         30|00:00:07|+0.05|0.37|0.9102|
|x|         10|         12|        216|     3988818.500|         39|00:00:07|-0.06|0.20|0.8093|
|=|          9|         12|         45|     3272144.800|         48|00:00:06|-0.07|0.14|0.9198|
|=|          5|         12|        212|     2805938.667|         57|00:00:07|+0.02|0.19|0.8181|
|=|          7|         12|        214|     2467274.857|         66|00:00:06|+0.03|0.17|0.8479|
|=|         11|         12|         45|     3108656.250|         75|00:00:07|+0.04|0.16|0.7974|
|=|          4|         12|        188|     3593976.667|         84|00:00:07|+0.08|0.18|0.7429|
|-|          6|          9|        188|     3282428.400|         93|00:00:06|-0.01|0.09|0.9334|
|=|          3|          9|        188|     3028792.000|         99|00:00:05|+0.03|0.12|0.8996|
|=|          2|          9|        188|     2829156.000|        105|00:00:04|+0.05|0.13|0.8751|
|=|         13|          9|        188|     2640481.538|        114|00:00:09|+0.03|0.11|0.8825|
+-+-----------+-----------+-----------+----------------+-----------+--------+-----+----+------+
Best-so-far configuration:         188    mean value:      2640481.538
Description of the best-so-far configuration:
    .ID. localsearch  rho ants .PARENT.
188  188           3 0.67   19       84

# 2025-06-08 20:36:31 -04: Elite configurations (first number is the configuration ID; listed from best to worst according to the sum of ranks):
    localsearch  rho ants
188           3 0.67   19
45            3 0.20    4
84            3 0.51   12
# 2025-06-08 20:36:31 -04: Stopped because there is not enough budget left to race more than the minimum (3).
# You may either increase the budget or set 'minNbSurvival' to a lower value.
# Iteration: 5
# nbIterations: 5
# experimentsUsed: 1493
# timeUsed: 0
# remainingBudget: 7
# currentBudget: 7
# number of elites: 3
# nbConfigurations: 3
# Total CPU user time: 5161.584, CPU sys time: 35.405, Wall-clock time: 733.635
# 2025-06-08 20:36:31 -04: Starting post-selection:
# Configurations selected: 188, 45, 84, 208, 210, 212, 213.
# Pending instances: 0, 0, 0, 0, 0, 0, 0.
# 2025-06-08 20:36:31 -04: seed: 246813579
# Configurations: 7
# Available experiments: 7
# minSurvival: 1
# Markers:
     x No test is performed.
     c Configurations are discarded only due to capping.
     - The test is performed and some configurations are discarded.
     = The test is performed but no configuration is discarded.
     ! The test is performed and configurations could be discarded but elite configurations are preserved.
     . All alive configurations are elite and nothing is discarded.

+-+-----------+-----------+-----------+----------------+-----------+--------+-----+----+------+
| |   Instance|      Alive|       Best|       Mean best| Exp so far|  W time|  rho|KenW|  Qvar|
+-+-----------+-----------+-----------+----------------+-----------+--------+-----+----+------+
|.|         12|          7|        210|     7441122.000|          0|00:00:00|   NA|  NA|    NA|
|.|          2|          7|        210|     4045741.000|          0|00:00:00|+0.14|0.57|0.7222|
|.|         11|          7|        210|     5233709.333|          0|00:00:00|-0.23|0.18|1.0643|
|.|          8|          7|        210|     4037135.500|          0|00:00:00|-0.02|0.24|0.9236|
|.|          6|          7|        210|     3325423.200|          0|00:00:00|+0.14|0.31|0.7972|
|.|          4|          7|        210|     4017297.000|          0|00:00:00|+0.05|0.21|0.8806|
|.|         13|          7|        210|     3495737.429|          0|00:00:00|+0.01|0.15|0.8943|
|.|          5|          7|        210|     3118365.750|          0|00:00:00|+0.03|0.15|0.8659|
|.|          3|          7|        210|     2827565.556|          0|00:00:00|+0.06|0.16|0.8359|
|.|          1|          7|        210|     2600792.200|          0|00:00:00|+0.04|0.14|0.8459|
|.|         10|          7|        210|     3047154.182|          0|00:00:00|+0.00|0.09|0.8708|
|.|          7|          7|        210|     2831189.167|          0|00:00:00|+0.03|0.11|0.8537|
|.|          9|          7|        210|     2643197.231|          0|00:00:00|+0.06|0.14|0.8306|
|=|         14|          7|         45|     2489065.714|          7|00:00:05|+0.08|0.14|0.8107|
+-+-----------+-----------+-----------+----------------+-----------+--------+-----+----+------+
Best-so-far configuration:          45    mean value:      2489065.714
Description of the best-so-far configuration:
   .ID. localsearch rho ants .PARENT.
45   45           3 0.2    4       NA

# 2025-06-08 20:36:36 -04: Elite configurations (first number is the configuration ID; listed from best to worst according to the sum of ranks):
    localsearch  rho ants
45            3 0.20    4
188           3 0.67   19
84            3 0.51   12
# Total CPU user time: 5194.284, CPU sys time: 35.537, Wall-clock time: 738.863
    .ID. localsearch  rho ants .PARENT. .RANK.  .WEIGHT.
45    45           3 0.20    4       NA   43.0 0.5000000
188  188           3 0.67   19       84   45.5 0.3333333
84    84           3 0.51   12       13   50.0 0.1666667
