# 2025-05-17 01:19:42 -04: Reading parameter file '/home/dianag/PruebasPablo/irace-independent-executions/PSO-X/Scenarios/E2-BL-Mixed-SR/Runs/E2-BL-Mixed-SR_seed_9876543210/parameters.txt'.
# 2025-05-17 01:19:42 -04: 2 expression(s) specifying forbidden configurations read.
# 2025-05-17 01:19:42 -04: Initialization
# Elitist race
# Elitist new instances: 1
# Elitist limit: 2
# nbIterations: 5
# minNbSurvival: 5
# nbParameters: 8
# seed: 885813536
# confidence level: 0.95
# budget: 2000
# mu: 5
# deterministic: FALSE

# 2025-05-17 01:19:42 -04: Iteration 1 of 5
# experimentsUsed: 0
# remainingBudget: 2000
# currentBudget: 400
# nbConfigurations: 66
# Markers:
     x No test is performed.
     c Configurations are discarded only due to capping.
     - The test is performed and some configurations are discarded.
     = The test is performed but no configuration is discarded.
     ! The test is performed and configurations could be discarded but elite configurations are preserved.
     . All alive configurations are elite and nothing is discarded.

+-+-----------+-----------+-----------+----------------+-----------+--------+-----+----+------+
| |   Instance|      Alive|       Best|       Mean best| Exp so far|  W time|  rho|KenW|  Qvar|
+-+-----------+-----------+-----------+----------------+-----------+--------+-----+----+------+
|x|          1|         66|         44|     20.00461977|         66|00:00:26|   NA|  NA|    NA|
|x|          2|         66|         39|     34779.93061|        132|00:00:26|+0.36|0.68|0.4288|
|x|          3|         66|         39|     23395.75259|        198|00:01:59|+0.38|0.59|0.5328|
|x|          4|         66|         31|     24387.83330|        264|00:00:26|+0.41|0.56|0.4739|
|-|          5|         22|         44|     23968.72054|        330|00:01:59|-0.04|0.17|1.0702|
|=|          6|         22|         44|     20127.77886|        352|00:00:45|+0.01|0.17|1.0083|
|=|          7|         22|         44|     17277.43538|        374|00:00:03|+0.06|0.19|0.9296|
+-+-----------+-----------+-----------+----------------+-----------+--------+-----+----+------+
Best-so-far configuration:          44    mean value:      17277.43538
Description of the best-so-far configuration:
   .ID. particles topology modInfluence branching tSchedule phi1 phi2 inertia
44   44       174        4            2        NA        NA 0.26 2.36     0.6
   .PARENT.
44       NA

# 2025-05-17 01:25:49 -04: Elite configurations (first number is the configuration ID; listed from best to worst according to the sum of ranks):
   particles topology modInfluence branching tSchedule phi1 phi2 inertia
44       174        4            2        NA        NA 0.26 2.36    0.60
9          3        2            2        NA        NA 0.07 1.69    0.53
24       121        4            0        NA        NA 1.24 1.62    0.73
54       168        1            0        NA        NA 2.06 1.65    0.12
31       112        4            1        NA        NA 1.05 2.20    0.66
# 2025-05-17 01:25:49 -04: Iteration 2 of 5
# experimentsUsed: 374
# remainingBudget: 1626
# currentBudget: 406
# nbConfigurations: 55
# Markers:
     x No test is performed.
     c Configurations are discarded only due to capping.
     - The test is performed and some configurations are discarded.
     = The test is performed but no configuration is discarded.
     ! The test is performed and configurations could be discarded but elite configurations are preserved.
     . All alive configurations are elite and nothing is discarded.

+-+-----------+-----------+-----------+----------------+-----------+--------+-----+----+------+
| |   Instance|      Alive|       Best|       Mean best| Exp so far|  W time|  rho|KenW|  Qvar|
+-+-----------+-----------+-----------+----------------+-----------+--------+-----+----+------+
|x|          8|         55|         72|     213.5267418|         55|00:01:30|   NA|  NA|    NA|
|x|          1|         55|         93|     119.6062454|        105|00:00:16|+0.45|0.72|0.3223|
|x|          3|         55|         44|     278.1633150|        155|00:01:30|+0.45|0.63|0.3933|
|x|          6|         55|         44|     439.3900946|        205|00:01:43|+0.50|0.63|0.3257|
|-|          7|         20|        103|     379.4927386|        255|00:00:15|+0.01|0.21|0.8945|
|=|          2|         20|         93|     24168.75733|        270|00:00:02|-0.02|0.15|0.9272|
|=|          5|         20|         93|     20846.07237|        285|00:00:27|+0.01|0.16|0.8838|
|=|          4|         20|        103|     20134.85269|        300|00:00:02|+0.03|0.15|0.8897|
|-|          9|         11|        103|     17903.30453|        320|00:00:03|-0.03|0.09|0.8967|
|=|         10|         11|        103|     16171.04866|        331|00:00:24|-0.00|0.10|0.8788|
|=|         11|         11|        103|     14783.65011|        342|00:00:25|+0.02|0.11|0.8655|
+-+-----------+-----------+-----------+----------------+-----------+--------+-----+----+------+
Best-so-far configuration:         103    mean value:      14783.65011
Description of the best-so-far configuration:
    .ID. particles topology modInfluence branching tSchedule phi1 phi2 inertia
103  103       162        4            0        NA        NA 2.24 2.44    0.57
    .PARENT.
103       54

# 2025-05-17 01:32:32 -04: Elite configurations (first number is the configuration ID; listed from best to worst according to the sum of ranks):
    particles topology modInfluence branching tSchedule phi1 phi2 inertia
103       162        4            0        NA        NA 2.24 2.44    0.57
44        174        4            2        NA        NA 0.26 2.36    0.60
93        161        4            2        NA        NA 0.13 1.86    0.80
91        196        4            0        NA        NA 0.89 1.65    0.63
110       134        4            2        NA        NA 1.39 1.36    0.80
# 2025-05-17 01:32:32 -04: Iteration 3 of 5
# experimentsUsed: 716
# remainingBudget: 1284
# currentBudget: 428
# nbConfigurations: 40
# Markers:
     x No test is performed.
     c Configurations are discarded only due to capping.
     - The test is performed and some configurations are discarded.
     = The test is performed but no configuration is discarded.
     ! The test is performed and configurations could be discarded but elite configurations are preserved.
     . All alive configurations are elite and nothing is discarded.

+-+-----------+-----------+-----------+----------------+-----------+--------+-----+----+------+
| |   Instance|      Alive|       Best|       Mean best| Exp so far|  W time|  rho|KenW|  Qvar|
+-+-----------+-----------+-----------+----------------+-----------+--------+-----+----+------+
|x|         12|         40|        122|     31.06158712|         40|00:00:41|   NA|  NA|    NA|
|x|          8|         40|         93|     130.9354031|         75|00:01:04|+0.45|0.72|0.3992|
|x|          6|         40|         93|     391.2590914|        110|00:01:15|+0.53|0.69|0.2886|
|x|          3|         40|        135|     434.1863074|        145|00:01:04|+0.35|0.51|0.3570|
|-|          7|         19|        135|     372.0894836|        180|00:00:20|-0.06|0.15|0.9693|
|=|          2|         19|        135|     18180.51056|        194|00:00:02|-0.03|0.15|0.9259|
|=|          4|         19|        135|     15585.05759|        208|00:00:02|+0.00|0.15|0.9343|
|=|          1|         19|        135|     13640.97434|        222|00:00:01|+0.05|0.17|0.8925|
|=|         10|         19|        135|     12188.44559|        236|00:00:25|+0.07|0.18|0.8947|
|-|          5|         10|        135|     11060.56810|        250|00:00:26|+0.06|0.15|0.8532|
|=|         11|         10|        135|     10137.97382|        255|00:00:12|+0.05|0.14|0.8664|
|=|          9|         10|        135|     9298.867375|        260|00:00:01|+0.07|0.15|0.8530|
|=|         13|         10|        135|     9155.322255|        270|00:00:02|+0.06|0.13|0.8642|
+-+-----------+-----------+-----------+----------------+-----------+--------+-----+----+------+
Best-so-far configuration:         135    mean value:      9155.322255
Description of the best-so-far configuration:
    .ID. particles topology modInfluence branching tSchedule phi1 phi2 inertia
135  135       136        4            0        NA        NA 1.53 2.35    0.51
    .PARENT.
135      103

# 2025-05-17 01:38:13 -04: Elite configurations (first number is the configuration ID; listed from best to worst according to the sum of ranks):
    particles topology modInfluence branching tSchedule phi1 phi2 inertia
135       136        4            0        NA        NA 1.53 2.35    0.51
122       146        4            2        NA        NA 0.39 2.48    0.63
131       194        4            0        NA        NA 2.01 2.50    0.52
103       162        4            0        NA        NA 2.24 2.44    0.57
44        174        4            2        NA        NA 0.26 2.36    0.60
# 2025-05-17 01:38:13 -04: Iteration 4 of 5
# experimentsUsed: 986
# remainingBudget: 1014
# currentBudget: 507
# nbConfigurations: 40
# Markers:
     x No test is performed.
     c Configurations are discarded only due to capping.
     - The test is performed and some configurations are discarded.
     = The test is performed but no configuration is discarded.
     ! The test is performed and configurations could be discarded but elite configurations are preserved.
     . All alive configurations are elite and nothing is discarded.

+-+-----------+-----------+-----------+----------------+-----------+--------+-----+----+------+
| |   Instance|      Alive|       Best|       Mean best| Exp so far|  W time|  rho|KenW|  Qvar|
+-+-----------+-----------+-----------+----------------+-----------+--------+-----+----+------+
|x|         14|         40|        164|     393.0355775|         40|00:01:08|   NA|  NA|    NA|
|x|          1|         40|        160|     244.7402326|         75|00:00:08|+0.13|0.57|0.8808|
|x|          5|         40|        164|     445.8030101|        110|00:01:04|+0.08|0.39|0.7806|
|x|          9|         40|        162|     370.1367754|        145|00:00:07|+0.21|0.41|0.6722|
|-|          6|         30|        135|     476.1338017|        180|00:01:12|-0.09|0.13|1.0569|
|=|          4|         30|        135|     398.8347956|        205|00:00:03|-0.03|0.14|1.0124|
|=|         10|         30|        135|     423.0320518|        230|00:00:50|+0.01|0.15|0.9800|
|=|         11|         30|        164|     480.6513276|        255|00:00:51|+0.02|0.14|0.9471|
|=|         12|         30|        164|     430.8455740|        280|00:00:22|+0.02|0.13|0.9500|
|=|          7|         30|        103|     403.2294858|        305|00:00:03|+0.02|0.12|0.9532|
|=|          2|         30|        135|     10113.82961|        330|00:00:03|+0.02|0.11|0.9524|
|=|          8|         30|        135|     9292.489316|        355|00:00:49|+0.01|0.09|0.9519|
|=|          3|         30|        135|     8620.366810|        380|00:00:48|+0.03|0.10|0.9333|
|=|         13|         30|        167|     9582.226675|        405|00:00:04|+0.02|0.09|0.9260|
|=|         15|         30|        167|     8969.281137|        435|00:00:34|+0.02|0.09|0.9280|
+-+-----------+-----------+-----------+----------------+-----------+--------+-----+----+------+
Best-so-far configuration:         167    mean value:      8969.281137
Description of the best-so-far configuration:
    .ID. particles topology modInfluence branching tSchedule phi1 phi2 inertia
167  167       173        4            0        NA        NA 2.09 2.26    0.57
    .PARENT.
167      103

# 2025-05-17 01:46:28 -04: Elite configurations (first number is the configuration ID; listed from best to worst according to the sum of ranks):
    particles topology modInfluence branching tSchedule phi1 phi2 inertia
167       173        4            0        NA        NA 2.09 2.26    0.57
135       136        4            0        NA        NA 1.53 2.35    0.51
164        99        4            0        NA        NA 1.69 2.38    0.45
103       162        4            0        NA        NA 2.24 2.44    0.57
131       194        4            0        NA        NA 2.01 2.50    0.52
# 2025-05-17 01:46:28 -04: Iteration 5 of 5
# experimentsUsed: 1421
# remainingBudget: 579
# currentBudget: 579
# nbConfigurations: 40
# Markers:
     x No test is performed.
     c Configurations are discarded only due to capping.
     - The test is performed and some configurations are discarded.
     = The test is performed but no configuration is discarded.
     ! The test is performed and configurations could be discarded but elite configurations are preserved.
     . All alive configurations are elite and nothing is discarded.

+-+-----------+-----------+-----------+----------------+-----------+--------+-----+----+------+
| |   Instance|      Alive|       Best|       Mean best| Exp so far|  W time|  rho|KenW|  Qvar|
+-+-----------+-----------+-----------+----------------+-----------+--------+-----+----+------+
|x|         16|         40|        213|     908.8653341|         40|00:01:08|   NA|  NA|    NA|
|x|          1|         40|        191|     463.5432063|         75|00:00:04|+0.27|0.63|0.0009|
|x|          3|         40|        191|     490.9710168|        110|00:01:03|+0.14|0.43|0.1792|
|x|         10|         40|        191|     506.8697567|        145|00:01:03|+0.16|0.37|0.3079|
|-|         11|         19|        191|     587.3249464|        180|00:01:05|-0.02|0.19|0.9230|
|=|          8|         19|        191|     535.9112779|        194|00:00:26|-0.05|0.13|0.9636|
|=|         14|         19|        191|     541.8815698|        208|00:00:25|-0.05|0.10|0.9832|
|=|          5|         19|        164|     563.8899741|        222|00:00:26|-0.04|0.09|0.9821|
|=|         15|         19|        217|     544.5216263|        236|00:00:17|-0.04|0.07|0.9706|
|=|         12|         19|        217|     493.3397803|        250|00:00:11|-0.03|0.07|0.9682|
|=|          6|         19|        217|     535.3344341|        264|00:00:29|-0.05|0.05|0.9805|
|=|          9|         19|        217|     496.6792803|        278|00:00:02|-0.04|0.04|0.9793|
|=|          4|         19|        217|     459.6064503|        292|00:00:02|-0.03|0.05|0.9699|
|=|         13|         19|        164|     944.6717411|        306|00:00:01|-0.03|0.04|0.9596|
|=|          7|         19|        221|     885.0459898|        320|00:00:01|-0.03|0.04|0.9560|
|=|          2|         19|        221|     7027.705394|        334|00:00:01|-0.01|0.05|0.9456|
|=|         17|         19|        221|     6615.661053|        353|00:00:02|-0.01|0.05|0.9352|
+-+-----------+-----------+-----------+----------------+-----------+--------+-----+----+------+
Best-so-far configuration:         221    mean value:      6615.661053
Description of the best-so-far configuration:
    .ID. particles topology modInfluence branching tSchedule phi1 phi2 inertia
221  221       129        4            0        NA        NA 1.77 2.43    0.56
    .PARENT.
221      135

# 2025-05-17 01:53:23 -04: Elite configurations (first number is the configuration ID; listed from best to worst according to the sum of ranks):
    particles topology modInfluence branching tSchedule phi1 phi2 inertia
221       129        4            0        NA        NA 1.77 2.43    0.56
194       171        4            0        NA        NA 1.87 2.23    0.54
167       173        4            0        NA        NA 2.09 2.26    0.57
191       113        4            0        NA        NA 1.65 2.43    0.49
135       136        4            0        NA        NA 1.53 2.35    0.51
# 2025-05-17 01:53:23 -04: Iteration 6 of 6
# experimentsUsed: 1774
# remainingBudget: 226
# currentBudget: 226
# nbConfigurations: 17
# Markers:
     x No test is performed.
     c Configurations are discarded only due to capping.
     - The test is performed and some configurations are discarded.
     = The test is performed but no configuration is discarded.
     ! The test is performed and configurations could be discarded but elite configurations are preserved.
     . All alive configurations are elite and nothing is discarded.

+-+-----------+-----------+-----------+----------------+-----------+--------+-----+----+------+
| |   Instance|      Alive|       Best|       Mean best| Exp so far|  W time|  rho|KenW|  Qvar|
+-+-----------+-----------+-----------+----------------+-----------+--------+-----+----+------+
|x|         18|         17|        135|     198.8622877|         17|00:00:36|   NA|  NA|    NA|
|x|         14|         17|        167|     354.7858013|         29|00:00:24|-0.19|0.41|0.9127|
|x|         13|         17|        194|     2629.425434|         41|00:00:02|+0.03|0.36|0.8410|
|x|          1|         17|        229|     1970.303893|         53|00:00:01|-0.09|0.18|0.9199|
|=|         11|         17|        229|     1758.056643|         65|00:00:25|-0.01|0.19|0.8891|
|=|          4|         17|        221|     1460.657731|         77|00:00:02|-0.04|0.13|0.9315|
|=|          3|         17|        221|     1330.522369|         89|00:00:25|-0.04|0.11|0.9578|
|=|          5|         17|        221|     1277.870307|        101|00:00:25|-0.02|0.11|0.9638|
|=|         15|         17|        221|     1177.482797|        113|00:00:16|-0.02|0.10|0.9558|
|=|         12|         17|        223|     1063.001604|        125|00:00:11|+0.00|0.10|0.9369|
|=|         10|         17|        221|     1017.868154|        137|00:00:24|-0.01|0.08|0.9566|
|=|          9|         17|        223|     940.3053267|        149|00:00:02|-0.01|0.07|0.9539|
|=|          7|         17|        223|     876.9049535|        161|00:00:02|-0.00|0.08|0.9470|
|=|         16|         17|        223|     879.1952836|        173|00:00:25|+0.01|0.08|0.9360|
|=|          2|         17|        223|     10318.94380|        185|00:00:01|+0.02|0.08|0.9323|
|=|          8|         17|        223|     9689.544541|        197|00:00:24|+0.02|0.08|0.9288|
|=|          6|         17|        223|     9172.521069|        209|00:00:29|+0.01|0.07|0.9378|
|=|         17|         17|        223|     8663.958596|        221|00:00:02|+0.01|0.07|0.9306|
+-+-----------+-----------+-----------+----------------+-----------+--------+-----+----+------+
Best-so-far configuration:         223    mean value:      8663.958596
Description of the best-so-far configuration:
    .ID. particles topology modInfluence branching tSchedule phi1 phi2 inertia
223  223       126        4            0        NA        NA 1.58 2.46    0.64
    .PARENT.
223      221

# 2025-05-17 01:58:07 -04: Elite configurations (first number is the configuration ID; listed from best to worst according to the sum of ranks):
    particles topology modInfluence branching tSchedule phi1 phi2 inertia
223       126        4            0        NA        NA 1.58 2.46    0.64
194       171        4            0        NA        NA 1.87 2.23    0.54
221       129        4            0        NA        NA 1.77 2.43    0.56
167       173        4            0        NA        NA 2.09 2.26    0.57
135       136        4            0        NA        NA 1.53 2.35    0.51
# 2025-05-17 01:58:07 -04: Stopped because there is not enough budget left to race more than the minimum (5).
# You may either increase the budget or set 'minNbSurvival' to a lower value.
# Iteration: 7
# nbIterations: 7
# experimentsUsed: 1995
# timeUsed: 0
# remainingBudget: 5
# currentBudget: 5
# number of elites: 5
# nbConfigurations: 5
# Total CPU user time: 15814.86, CPU sys time: 81.687, Wall-clock time: 2304.733
# 2025-05-17 01:58:07 -04: Starting post-selection:
# Configurations selected: 223, 194, 221, 167, 135.
# Pending instances: 0, 0, 0, 0, 0.
# 2025-05-17 01:58:07 -04: seed: 885813536
# Configurations: 5
# Available experiments: 5
# minSurvival: 1
# Markers:
     x No test is performed.
     c Configurations are discarded only due to capping.
     - The test is performed and some configurations are discarded.
     = The test is performed but no configuration is discarded.
     ! The test is performed and configurations could be discarded but elite configurations are preserved.
     . All alive configurations are elite and nothing is discarded.

+-+-----------+-----------+-----------+----------------+-----------+--------+-----+----+------+
| |   Instance|      Alive|       Best|       Mean best| Exp so far|  W time|  rho|KenW|  Qvar|
+-+-----------+-----------+-----------+----------------+-----------+--------+-----+----+------+
|.|          1|          5|        221|     21.80005749|          0|00:00:00|   NA|  NA|    NA|
|.|          9|          5|        221|     57.30072999|          0|00:00:00|-0.30|0.35|1.4447|
|.|          2|          5|        221|     33094.06597|          0|00:00:00|-0.03|0.31|1.0659|
|.|         17|          5|        221|     24826.28738|          0|00:00:00|-0.25|0.06|1.0456|
|.|          6|          5|        221|     20046.52604|          0|00:00:00|-0.14|0.09|0.9762|
|.|         12|          5|        221|     16711.05279|          0|00:00:00|-0.10|0.08|0.9146|
|.|         14|          5|        221|     14392.24685|          0|00:00:00|-0.08|0.07|0.8441|
|.|         10|          5|        221|     12663.90574|          0|00:00:00|-0.09|0.04|0.8817|
|.|         13|          5|        221|     12045.01422|          0|00:00:00|-0.11|0.02|0.8897|
|.|          8|          5|        221|     10867.02777|          0|00:00:00|-0.08|0.03|0.8566|
|.|         16|          5|        221|     9961.807397|          0|00:00:00|-0.06|0.04|0.8356|
|.|         11|          5|        221|     9207.456212|          0|00:00:00|-0.05|0.04|0.8135|
|.|          4|          5|        221|     8500.134052|          0|00:00:00|-0.05|0.03|0.8338|
|.|          3|          5|        221|     7932.246634|          0|00:00:00|-0.06|0.01|0.8430|
|.|         18|          5|        221|     7419.896312|          0|00:00:00|-0.06|0.01|0.8442|
|.|         15|          5|        221|     6979.551712|          0|00:00:00|-0.04|0.03|0.8288|
|.|          7|          5|        221|     6576.701402|          0|00:00:00|-0.03|0.03|0.8236|
|.|          5|          5|        221|     6261.846095|          0|00:00:00|-0.02|0.04|0.8174|
|=|         19|          5|        223|     8210.533296|          5|00:00:01|-0.02|0.04|0.8144|
+-+-----------+-----------+-----------+----------------+-----------+--------+-----+----+------+
Best-so-far configuration:         223    mean value:      8210.533296
Description of the best-so-far configuration:
    .ID. particles topology modInfluence branching tSchedule phi1 phi2 inertia
223  223       126        4            0        NA        NA 1.58 2.46    0.64
    .PARENT.
223      221

# 2025-05-17 01:58:08 -04: Elite configurations (first number is the configuration ID; listed from best to worst according to the sum of ranks):
    particles topology modInfluence branching tSchedule phi1 phi2 inertia
223       126        4            0        NA        NA 1.58 2.46    0.64
135       136        4            0        NA        NA 1.53 2.35    0.51
194       171        4            0        NA        NA 1.87 2.23    0.54
221       129        4            0        NA        NA 1.77 2.43    0.56
167       173        4            0        NA        NA 2.09 2.26    0.57
# Total CPU user time: 15819.66, CPU sys time: 81.838, Wall-clock time: 2305.98
    .ID. particles topology modInfluence branching tSchedule phi1 phi2 inertia
223  223       126        4            0        NA        NA 1.58 2.46    0.64
135  135       136        4            0        NA        NA 1.53 2.35    0.51
194  194       171        4            0        NA        NA 1.87 2.23    0.54
221  221       129        4            0        NA        NA 1.77 2.43    0.56
167  167       173        4            0        NA        NA 2.09 2.26    0.57
    .PARENT. .RANK.   .WEIGHT.
223      221     49 0.33333333
135      103     57 0.26666667
194      167     57 0.20000000
221      135     57 0.13333333
167      103     65 0.06666667
