# 2025-05-19 17:18:44 -04: Reading parameter file '/home/dianag/PruebasPablo/irace-independent-executions/PSO-X/Scenarios/E5-BL-Multimodal-N/Runs/E5-BL-Multimodal-N_seed_600613007/parameters.txt'.
# 2025-05-19 17:18:44 -04: 2 expression(s) specifying forbidden configurations read.
# 2025-05-19 17:18:44 -04: Initialization
# Elitist race
# Elitist new instances: 1
# Elitist limit: 2
# nbIterations: 5
# minNbSurvival: 5
# nbParameters: 8
# seed: 600613007
# confidence level: 0.95
# budget: 2000
# mu: 5
# deterministic: FALSE

# 2025-05-19 17:18:44 -04: Iteration 1 of 5
# experimentsUsed: 0
# remainingBudget: 2000
# currentBudget: 400
# nbConfigurations: 66
# Markers:
     x No test is performed.
     c Configurations are discarded only due to capping.
     - The test is performed and some configurations are discarded.
     = The test is performed but no configuration is discarded.
     ! The test is performed and configurations could be discarded but elite configurations are preserved.
     . All alive configurations are elite and nothing is discarded.

+-+-----------+-----------+-----------+----------------+-----------+--------+-----+----+------+
| |   Instance|      Alive|       Best|       Mean best| Exp so far|  W time|  rho|KenW|  Qvar|
+-+-----------+-----------+-----------+----------------+-----------+--------+-----+----+------+
|x|          1|         66|         66|    0.3537209470|         66|00:00:26|   NA|  NA|    NA|
|x|          2|         66|          8|     8.369949380|        132|00:00:27|+0.63|0.82|0.6372|
|x|          3|         66|         44|     18.44119569|        198|00:01:15|+0.24|0.49|0.7942|
|x|          4|         66|         44|     13.94848110|        264|00:00:43|+0.19|0.39|0.8218|
|-|          5|         39|         38|     17.37630076|        330|00:01:06|-0.02|0.19|0.9772|
|=|          6|         39|          8|     47.56479000|        369|00:00:23|+0.03|0.19|0.8865|
+-+-----------+-----------+-----------+----------------+-----------+--------+-----+----+------+
Best-so-far configuration:           8    mean value:      47.56479000
Description of the best-so-far configuration:
  .ID. particles topology modInfluence branching tSchedule phi1 phi2 inertia
8    8       188        1            0        NA        NA 1.51 2.23    0.47
  .PARENT.
8       NA

# 2025-05-19 17:23:07 -04: Elite configurations (first number is the configuration ID; listed from best to worst according to the sum of ranks):
   particles topology modInfluence branching tSchedule phi1 phi2 inertia
8        188        1            0        NA        NA 1.51 2.23    0.47
40       129        4            0        NA        NA 0.53 2.27    0.37
38        42        5            0        NA         8 1.31 1.80    0.65
11       151        0            0        NA        NA 2.29 2.38    0.53
9        101        1            0        NA        NA 0.41 1.76    0.30
# 2025-05-19 17:23:07 -04: Iteration 2 of 5
# experimentsUsed: 369
# remainingBudget: 1631
# currentBudget: 407
# nbConfigurations: 62
# Markers:
     x No test is performed.
     c Configurations are discarded only due to capping.
     - The test is performed and some configurations are discarded.
     = The test is performed but no configuration is discarded.
     ! The test is performed and configurations could be discarded but elite configurations are preserved.
     . All alive configurations are elite and nothing is discarded.

+-+-----------+-----------+-----------+----------------+-----------+--------+-----+----+------+
| |   Instance|      Alive|       Best|       Mean best| Exp so far|  W time|  rho|KenW|  Qvar|
+-+-----------+-----------+-----------+----------------+-----------+--------+-----+----+------+
|x|          7|         62|        108|     15957.80159|         62|00:00:22|   NA|  NA|    NA|
|x|          4|         62|        108|     7979.087044|        119|00:00:33|+0.75|0.88|0.2087|
|x|          3|         62|        108|     5332.024180|        176|00:01:00|+0.32|0.55|0.6283|
|x|          1|         62|        108|     3999.139251|        233|00:00:20|+0.28|0.46|0.6808|
|-|          2|         33|        102|     3413.867276|        290|00:00:21|-0.06|0.16|0.9277|
|=|          5|         33|          8|     2731.900590|        318|00:00:30|-0.03|0.14|0.9565|
|=|          6|         33|          8|     2373.495221|        346|00:00:11|+0.02|0.16|0.8844|
|-|          8|         24|          8|     19679.58234|        379|00:00:18|-0.03|0.10|0.9528|
|=|          9|         24|        103|     8443.794909|        403|00:00:05|-0.03|0.09|0.9200|
+-+-----------+-----------+-----------+----------------+-----------+--------+-----+----+------+
Best-so-far configuration:         103    mean value:      8443.794909
Description of the best-so-far configuration:
    .ID. particles topology modInfluence branching tSchedule phi1 phi2 inertia
103  103       172        5            0        NA         7 0.56 2.08    0.42
    .PARENT.
103       40

# 2025-05-19 17:26:52 -04: Elite configurations (first number is the configuration ID; listed from best to worst according to the sum of ranks):
    particles topology modInfluence branching tSchedule phi1 phi2 inertia
103       172        5            0        NA         7 0.56 2.08    0.42
40        129        4            0        NA        NA 0.53 2.27    0.37
8         188        1            0        NA        NA 1.51 2.23    0.47
101       166        1            0        NA        NA 1.30 2.32    0.52
119        34        5            0        NA         9 1.96 1.60    0.67
# 2025-05-19 17:26:52 -04: Iteration 3 of 5
# experimentsUsed: 772
# remainingBudget: 1228
# currentBudget: 409
# nbConfigurations: 45
# Markers:
     x No test is performed.
     c Configurations are discarded only due to capping.
     - The test is performed and some configurations are discarded.
     = The test is performed but no configuration is discarded.
     ! The test is performed and configurations could be discarded but elite configurations are preserved.
     . All alive configurations are elite and nothing is discarded.

+-+-----------+-----------+-----------+----------------+-----------+--------+-----+----+------+
| |   Instance|      Alive|       Best|       Mean best| Exp so far|  W time|  rho|KenW|  Qvar|
+-+-----------+-----------+-----------+----------------+-----------+--------+-----+----+------+
|x|         10|         45|        135|     157.5919519|         45|00:00:13|   NA|  NA|    NA|
|x|          2|         45|          8|     122.3261933|         85|00:00:12|+0.23|0.61|0.7094|
|x|          5|         45|          8|     82.64161759|        125|00:00:41|+0.42|0.61|0.6440|
|x|          9|         45|        138|     420.3245592|        165|00:00:12|+0.45|0.59|0.5960|
|-|          1|         22|        138|     336.3409858|        205|00:00:13|-0.03|0.17|0.9036|
|=|          7|         22|          8|     4457.507804|        222|00:00:03|+0.03|0.19|0.8374|
|=|          4|         22|          8|     3820.822725|        239|00:00:08|+0.05|0.18|0.7945|
|-|          6|         15|        135|     2228.222237|        256|00:00:03|+0.01|0.14|0.8480|
|=|          3|         15|        135|     1984.944411|        266|00:00:13|+0.00|0.11|0.8779|
|=|          8|         15|        135|     13529.35971|        276|00:00:05|+0.02|0.12|0.8359|
|=|         11|         15|        135|     12299.43927|        291|00:00:02|+0.04|0.12|0.8493|
+-+-----------+-----------+-----------+----------------+-----------+--------+-----+----+------+
Best-so-far configuration:         135    mean value:      12299.43927
Description of the best-so-far configuration:
    .ID. particles topology modInfluence branching tSchedule phi1 phi2 inertia
135  135       166        4            0        NA        NA 0.39 2.25    0.53
    .PARENT.
135       40

# 2025-05-19 17:29:01 -04: Elite configurations (first number is the configuration ID; listed from best to worst according to the sum of ranks):
    particles topology modInfluence branching tSchedule phi1 phi2 inertia
135       166        4            0        NA        NA 0.39 2.25    0.53
138       130        1            0        NA        NA 1.86 2.40    0.35
40        129        4            0        NA        NA 0.53 2.27    0.37
8         188        1            0        NA        NA 1.51 2.23    0.47
155        89        4            0        NA        NA 0.13 2.38    0.25
# 2025-05-19 17:29:01 -04: Iteration 4 of 5
# experimentsUsed: 1063
# remainingBudget: 937
# currentBudget: 468
# nbConfigurations: 43
# Markers:
     x No test is performed.
     c Configurations are discarded only due to capping.
     - The test is performed and some configurations are discarded.
     = The test is performed but no configuration is discarded.
     ! The test is performed and configurations could be discarded but elite configurations are preserved.
     . All alive configurations are elite and nothing is discarded.

+-+-----------+-----------+-----------+----------------+-----------+--------+-----+----+------+
| |   Instance|      Alive|       Best|       Mean best| Exp so far|  W time|  rho|KenW|  Qvar|
+-+-----------+-----------+-----------+----------------+-----------+--------+-----+----+------+
|x|         12|         43|        183|    0.6532909658|         43|00:00:06|   NA|  NA|    NA|
|x|          2|         43|        183|     8.381258032|         81|00:00:04|+0.26|0.63|0.4619|
|x|          7|         43|        165|     5481.770073|        119|00:00:06|+0.09|0.39|0.4743|
|x|          5|         43|        165|     4116.870537|        157|00:00:31|+0.09|0.32|0.6230|
|-|         11|         28|        165|     3293.544994|        195|00:00:04|-0.10|0.12|1.0798|
|=|          1|         28|          8|     2725.171686|        218|00:00:03|-0.09|0.09|1.0627|
|=|          8|         28|        165|     13611.24439|        241|00:00:08|-0.10|0.05|1.0452|
|=|          3|         28|        165|     11914.81033|        264|00:00:20|-0.08|0.06|1.0220|
|=|          9|         28|        135|     14993.92984|        287|00:00:02|-0.06|0.06|1.0054|
|=|          6|         28|        135|     13513.67158|        310|00:00:03|-0.05|0.05|0.9806|
|=|         10|         28|        135|     12299.48252|        333|00:00:03|-0.03|0.07|0.9524|
|=|          4|         28|        135|     11274.56695|        356|00:00:09|-0.01|0.07|0.9274|
|=|         13|         28|        135|     10430.17603|        384|00:00:03|+0.01|0.09|0.9181|
+-+-----------+-----------+-----------+----------------+-----------+--------+-----+----+------+
Best-so-far configuration:         135    mean value:      10430.17603
Description of the best-so-far configuration:
    .ID. particles topology modInfluence branching tSchedule phi1 phi2 inertia
135  135       166        4            0        NA        NA 0.39 2.25    0.53
    .PARENT.
135       40

# 2025-05-19 17:30:47 -04: Elite configurations (first number is the configuration ID; listed from best to worst according to the sum of ranks):
    particles topology modInfluence branching tSchedule phi1 phi2 inertia
135       166        4            0        NA        NA 0.39 2.25    0.53
165        51        4            0        NA        NA 0.40 2.04    0.22
167       176        4            0        NA        NA 0.71 2.50    0.59
40        129        4            0        NA        NA 0.53 2.27    0.37
191        82        4            0        NA        NA 0.54 2.24    0.31
# 2025-05-19 17:30:47 -04: Iteration 5 of 5
# experimentsUsed: 1447
# remainingBudget: 553
# currentBudget: 553
# nbConfigurations: 44
# Markers:
     x No test is performed.
     c Configurations are discarded only due to capping.
     - The test is performed and some configurations are discarded.
     = The test is performed but no configuration is discarded.
     ! The test is performed and configurations could be discarded but elite configurations are preserved.
     . All alive configurations are elite and nothing is discarded.

+-+-----------+-----------+-----------+----------------+-----------+--------+-----+----+------+
| |   Instance|      Alive|       Best|       Mean best| Exp so far|  W time|  rho|KenW|  Qvar|
+-+-----------+-----------+-----------+----------------+-----------+--------+-----+----+------+
|x|         14|         44|        167|     20.68340681|         44|00:00:05|   NA|  NA|    NA|
|x|          4|         44|        236|     10.52254734|         83|00:00:15|-0.01|0.50|0.8964|
|x|          9|         44|        218|     112.5377957|        122|00:00:04|+0.05|0.36|0.8727|
|x|          5|         44|        221|     140.0616956|        161|00:00:31|+0.05|0.29|0.8729|
|=|          7|         44|        235|     3186.302208|        200|00:00:05|+0.07|0.25|0.7939|
|-|          3|         39|        208|     2968.957117|        239|00:00:36|-0.09|0.09|1.0684|
|=|         10|         39|        235|     2307.954578|        273|00:00:03|-0.07|0.08|1.0578|
|=|          2|         39|        218|     2184.484865|        307|00:00:04|-0.06|0.07|1.0496|
|=|          1|         39|        240|     1904.361482|        341|00:00:03|-0.05|0.06|1.0336|
|=|          6|         39|        240|     1733.274456|        375|00:00:04|-0.03|0.08|0.9961|
|=|          8|         39|        218|     8210.177536|        409|00:00:12|-0.04|0.06|1.0061|
|=|         11|         39|        221|     6780.062338|        443|00:00:03|-0.02|0.06|0.9853|
|=|         12|         39|        218|     6947.167445|        477|00:00:03|-0.01|0.07|0.9577|
|=|         13|         39|        218|     6458.415664|        511|00:00:03|+0.00|0.07|0.9245|
|=|         15|         39|        218|     6041.483221|        550|00:00:04|+0.01|0.07|0.9062|
+-+-----------+-----------+-----------+----------------+-----------+--------+-----+----+------+
Best-so-far configuration:         218    mean value:      6041.483221
Description of the best-so-far configuration:
    .ID. particles topology modInfluence branching tSchedule phi1 phi2 inertia
218  218        89        4            0        NA        NA 0.48 2.44    0.32
    .PARENT.
218      191

# 2025-05-19 17:33:11 -04: Elite configurations (first number is the configuration ID; listed from best to worst according to the sum of ranks):
    particles topology modInfluence branching tSchedule phi1 phi2 inertia
218        89        4            0        NA        NA 0.48 2.44    0.32
221       109        4            0        NA        NA 0.59 2.26    0.39
135       166        4            0        NA        NA 0.39 2.25    0.53
211        48        4            0        NA        NA 0.40 2.15    0.38
235       158        4            0        NA        NA 0.75 2.28    0.54
# 2025-05-19 17:33:11 -04: Stopped because there is not enough budget left to race more than the minimum (5).
# You may either increase the budget or set 'minNbSurvival' to a lower value.
# Iteration: 6
# nbIterations: 6
# experimentsUsed: 1997
# timeUsed: 0
# remainingBudget: 3
# currentBudget: 3
# number of elites: 5
# nbConfigurations: 5
# Total CPU user time: 5713.674, CPU sys time: 58.89, Wall-clock time: 866.278
# 2025-05-19 17:33:11 -04: Starting post-selection:
# Configurations selected: 218, 221, 135.
# Pending instances: 0, 0, 0.
# 2025-05-19 17:33:11 -04: seed: 600613007
# Configurations: 3
# Available experiments: 3
# minSurvival: 1
# Markers:
     x No test is performed.
     c Configurations are discarded only due to capping.
     - The test is performed and some configurations are discarded.
     = The test is performed but no configuration is discarded.
     ! The test is performed and configurations could be discarded but elite configurations are preserved.
     . All alive configurations are elite and nothing is discarded.

+-+-----------+-----------+-----------+----------------+-----------+--------+-----+----+------+
| |   Instance|      Alive|       Best|       Mean best| Exp so far|  W time|  rho|KenW|  Qvar|
+-+-----------+-----------+-----------+----------------+-----------+--------+-----+----+------+
|.|          3|          3|        218|     37.42417667|          0|00:00:00|   NA|  NA|    NA|
|.|          2|          3|        218|     27.72537897|          0|00:00:00|+0.50|0.75|0.2996|
|.|          7|          3|        218|     5639.797977|          0|00:00:00|+0.67|0.78|0.3903|
|.|         11|          3|        218|     4229.926845|          0|00:00:00|+0.00|0.25|0.7764|
|.|          5|          3|        218|     3389.744124|          0|00:00:00|-0.20|0.04|0.8248|
|.|         13|          3|        218|     2842.227189|          0|00:00:00|-0.10|0.08|0.7785|
|.|          4|          3|        218|     2436.247191|          0|00:00:00|+0.00|0.14|0.7198|
|.|         15|          3|        218|     2157.269920|          0|00:00:00|+0.02|0.14|0.6927|
|.|         10|          3|        218|     1938.668635|          0|00:00:00|-0.03|0.09|0.7263|
|.|          9|          3|        218|     1776.443755|          0|00:00:00|-0.01|0.09|0.6973|
|.|         14|          3|        218|     1616.842173|          0|00:00:00|-0.04|0.06|0.6948|
|.|          1|          3|        218|     1482.156074|          0|00:00:00|-0.06|0.03|0.7069|
|.|          8|          3|        218|     6954.360782|          0|00:00:00|-0.06|0.02|0.6991|
|.|         12|          3|        218|     6457.685758|          0|00:00:00|-0.04|0.04|0.6774|
|.|          6|          3|        218|     6041.483221|          0|00:00:00|-0.04|0.03|0.6847|
|=|         16|          3|        218|     5664.695924|          3|00:00:00|-0.03|0.04|0.6854|
+-+-----------+-----------+-----------+----------------+-----------+--------+-----+----+------+
Best-so-far configuration:         218    mean value:      5664.695924
Description of the best-so-far configuration:
    .ID. particles topology modInfluence branching tSchedule phi1 phi2 inertia
218  218        89        4            0        NA        NA 0.48 2.44    0.32
    .PARENT.
218      191

# 2025-05-19 17:33:11 -04: Elite configurations (first number is the configuration ID; listed from best to worst according to the sum of ranks):
    particles topology modInfluence branching tSchedule phi1 phi2 inertia
218        89        4            0        NA        NA 0.48 2.44    0.32
135       166        4            0        NA        NA 0.39 2.25    0.53
221       109        4            0        NA        NA 0.59 2.26    0.39
# Total CPU user time: 5715.923, CPU sys time: 58.98, Wall-clock time: 867.076
    .ID. particles topology modInfluence branching tSchedule phi1 phi2 inertia
218  218        89        4            0        NA        NA 0.48 2.44    0.32
135  135       166        4            0        NA        NA 0.39 2.25    0.53
221  221       109        4            0        NA        NA 0.59 2.26    0.39
    .PARENT. .RANK.  .WEIGHT.
218      191     29 0.5000000
135       40     32 0.3333333
221       40     35 0.1666667
