# 2025-05-16 12:24:47 -04: Reading parameter file '/home/dianag/PruebasPablo/irace-independent-executions/MMASQAP/Scenarios/E3-BH-N/Runs/E3-BH-N_seed_11235813/parameters.txt'.
# 2025-05-16 12:24:47 -04: Initialization
# Elitist race
# Elitist new instances: 1
# Elitist limit: 2
# nbIterations: 3
# minNbSurvival: 3
# nbParameters: 3
# seed: 11235813
# confidence level: 0.95
# budget: 1500
# mu: 5
# deterministic: FALSE

# 2025-05-16 12:24:47 -04: Iteration 1 of 3
# experimentsUsed: 0
# remainingBudget: 1500
# currentBudget: 500
# nbConfigurations: 83
# Markers:
     x No test is performed.
     c Configurations are discarded only due to capping.
     - The test is performed and some configurations are discarded.
     = The test is performed but no configuration is discarded.
     ! The test is performed and configurations could be discarded but elite configurations are preserved.
     . All alive configurations are elite and nothing is discarded.

+-+-----------+-----------+-----------+----------------+-----------+--------+-----+----+------+
| |   Instance|      Alive|       Best|       Mean best| Exp so far|  W time|  rho|KenW|  Qvar|
+-+-----------+-----------+-----------+----------------+-----------+--------+-----+----+------+
|x|          1|         83|         48|     7312150.000|         83|00:00:28|   NA|  NA|    NA|
|x|          2|         83|         26|     3939687.000|        166|00:00:28|+0.37|0.68|0.5135|
|x|          3|         83|         11|     2847070.000|        249|00:00:29|+0.34|0.56|0.4562|
|x|          4|         83|          4|     2237952.500|        332|00:00:29|+0.37|0.53|0.3996|
|-|          5|         32|          4|     3300659.200|        415|00:00:27|-0.11|0.11|1.1053|
|=|          6|         32|         40|     4010920.333|        447|00:00:15|-0.02|0.15|1.0133|
|=|          7|         32|         48|     4496332.571|        479|00:00:16|+0.05|0.18|0.9515|
+-+-----------+-----------+-----------+----------------+-----------+--------+-----+----+------+
Best-so-far configuration:          48    mean value:      4496332.571
Description of the best-so-far configuration:
   .ID. localsearch  rho ants .PARENT.
48   48           3 0.47    1       NA

# 2025-05-16 12:27:44 -04: Elite configurations (first number is the configuration ID; listed from best to worst according to the sum of ranks):
   localsearch  rho ants
48           3 0.47    1
74           3 0.26   14
40           3 0.53   57
# 2025-05-16 12:27:44 -04: Iteration 2 of 3
# experimentsUsed: 479
# remainingBudget: 1021
# currentBudget: 510
# nbConfigurations: 66
# Markers:
     x No test is performed.
     c Configurations are discarded only due to capping.
     - The test is performed and some configurations are discarded.
     = The test is performed but no configuration is discarded.
     ! The test is performed and configurations could be discarded but elite configurations are preserved.
     . All alive configurations are elite and nothing is discarded.

+-+-----------+-----------+-----------+----------------+-----------+--------+-----+----+------+
| |   Instance|      Alive|       Best|       Mean best| Exp so far|  W time|  rho|KenW|  Qvar|
+-+-----------+-----------+-----------+----------------+-----------+--------+-----+----+------+
|x|          8|         66|        144|     7121592.000|         66|00:00:29|   NA|  NA|    NA|
|x|          5|         66|        108|     7330721.000|        129|00:00:27|+0.81|0.91|0.2498|
|x|          1|         66|        108|     7326151.333|        192|00:00:27|+0.78|0.86|0.2196|
|x|          7|         66|         48|     7350654.500|        255|00:00:28|+0.79|0.84|0.2193|
|-|          6|         18|         48|     7390759.200|        318|00:00:27|-0.09|0.13|1.0498|
|=|          2|         18|        108|     6252200.000|        333|00:00:09|-0.08|0.10|1.0247|
|=|          4|         18|         48|     5419692.571|        348|00:00:09|-0.05|0.10|0.9883|
|=|          3|         18|         48|     4825461.000|        363|00:00:10|-0.06|0.07|1.0047|
|=|          9|         18|        128|     5129167.111|        381|00:00:13|-0.03|0.08|0.9749|
+-+-----------+-----------+-----------+----------------+-----------+--------+-----+----+------+
Best-so-far configuration:         128    mean value:      5129167.111
Description of the best-so-far configuration:
    .ID. localsearch  rho ants .PARENT.
128  128           3 0.39    4       48

# 2025-05-16 12:30:48 -04: Elite configurations (first number is the configuration ID; listed from best to worst according to the sum of ranks):
    localsearch  rho ants
128           3 0.39    4
48            3 0.47    1
108           3 0.36    4
# 2025-05-16 12:30:48 -04: Iteration 3 of 3
# experimentsUsed: 860
# remainingBudget: 640
# currentBudget: 640
# nbConfigurations: 66
# Markers:
     x No test is performed.
     c Configurations are discarded only due to capping.
     - The test is performed and some configurations are discarded.
     = The test is performed but no configuration is discarded.
     ! The test is performed and configurations could be discarded but elite configurations are preserved.
     . All alive configurations are elite and nothing is discarded.

+-+-----------+-----------+-----------+----------------+-----------+--------+-----+----+------+
| |   Instance|      Alive|       Best|       Mean best| Exp so far|  W time|  rho|KenW|  Qvar|
+-+-----------+-----------+-----------+----------------+-----------+--------+-----+----+------+
|x|         10|         66|        128|     375394.0000|         66|00:00:32|   NA|  NA|    NA|
|x|          2|         66|        171|     460916.0000|        129|00:00:31|+0.17|0.59|0.8247|
|x|          8|         66|        108|     2685170.667|        192|00:00:32|+0.20|0.47|0.7560|
|x|          1|         66|        108|     3843131.000|        255|00:00:31|+0.27|0.45|0.6355|
|-|          9|         34|        108|     4594635.600|        318|00:00:32|-0.08|0.14|1.0747|
|=|          6|         34|        108|     5088396.333|        349|00:00:19|-0.02|0.15|1.0015|
|=|          4|         34|        128|     4418093.714|        380|00:00:20|-0.03|0.12|0.9933|
|=|          3|         34|        157|     3949118.750|        411|00:00:19|-0.03|0.10|1.0086|
|=|          7|         34|        186|     4335747.778|        442|00:00:18|-0.02|0.09|0.9919|
|=|          5|         34|        186|     4655878.800|        473|00:00:19|-0.02|0.09|0.9862|
|=|         11|         34|        108|     4924018.182|        507|00:00:24|-0.01|0.08|0.9861|
+-+-----------+-----------+-----------+----------------+-----------+--------+-----+----+------+
Best-so-far configuration:         108    mean value:      4924018.182
Description of the best-so-far configuration:
    .ID. localsearch  rho ants .PARENT.
108  108           3 0.36    4       48

# 2025-05-16 12:35:29 -04: Elite configurations (first number is the configuration ID; listed from best to worst according to the sum of ranks):
    localsearch  rho ants
108           3 0.36    4
186           3 0.42    5
203           3 0.47    4
# 2025-05-16 12:35:29 -04: Iteration 4 of 4
# experimentsUsed: 1367
# remainingBudget: 133
# currentBudget: 133
# nbConfigurations: 13
# Markers:
     x No test is performed.
     c Configurations are discarded only due to capping.
     - The test is performed and some configurations are discarded.
     = The test is performed but no configuration is discarded.
     ! The test is performed and configurations could be discarded but elite configurations are preserved.
     . All alive configurations are elite and nothing is discarded.

+-+-----------+-----------+-----------+----------------+-----------+--------+-----+----+------+
| |   Instance|      Alive|       Best|       Mean best| Exp so far|  W time|  rho|KenW|  Qvar|
+-+-----------+-----------+-----------+----------------+-----------+--------+-----+----+------+
|x|         12|         13|        108|     545844.0000|         13|00:00:09|   NA|  NA|    NA|
|x|          4|         13|        186|     483597.0000|         23|00:00:09|-0.41|0.29|1.1328|
|x|          5|         13|        186|     2834750.667|         33|00:00:09|-0.03|0.31|0.9368|
|x|         10|         13|        186|     2220648.000|         43|00:00:09|+0.10|0.32|0.8386|
|=|          9|         13|        186|     3296768.800|         53|00:00:08|+0.11|0.29|0.8412|
|=|         11|         13|        108|     4011618.000|         63|00:00:09|+0.10|0.25|0.8855|
|=|          6|         13|        108|     4518129.714|         73|00:00:09|+0.10|0.23|0.8641|
|-|          8|         10|        108|     4844829.750|         83|00:00:09|+0.02|0.14|0.9333|
|=|          1|         10|        108|     5119516.667|         90|00:00:04|+0.07|0.17|0.8749|
|=|          7|         10|        108|     5350480.800|         97|00:00:05|+0.07|0.16|0.8671|
|=|          2|         10|        108|     4913926.909|        104|00:00:05|+0.07|0.15|0.8646|
|=|          3|         10|        108|     4559170.333|        111|00:00:05|+0.03|0.11|0.8816|
|=|         13|         10|        108|     4236446.615|        121|00:00:08|-0.00|0.07|0.9014|
+-+-----------+-----------+-----------+----------------+-----------+--------+-----+----+------+
Best-so-far configuration:         108    mean value:      4236446.615
Description of the best-so-far configuration:
    .ID. localsearch  rho ants .PARENT.
108  108           3 0.36    4       48

# 2025-05-16 12:37:13 -04: Elite configurations (first number is the configuration ID; listed from best to worst according to the sum of ranks):
    localsearch  rho ants
108           3 0.36    4
212           3 0.39    4
186           3 0.42    5
# 2025-05-16 12:37:13 -04: Stopped because there is not enough budget left to race more than the minimum (3).
# You may either increase the budget or set 'minNbSurvival' to a lower value.
# Iteration: 5
# nbIterations: 5
# experimentsUsed: 1488
# timeUsed: 0
# remainingBudget: 12
# currentBudget: 12
# number of elites: 3
# nbConfigurations: 3
# Total CPU user time: 5233.549, CPU sys time: 35.292, Wall-clock time: 746.146
# 2025-05-16 12:37:13 -04: Starting post-selection:
# Configurations selected: 108, 212, 186, 203, 128, 48.
# Pending instances: 1, 1, 1, 1, 3, 3.
# 2025-05-16 12:37:14 -04: seed: 11235813
# Configurations: 6
# Available experiments: 12
# minSurvival: 1
# Markers:
     x No test is performed.
     c Configurations are discarded only due to capping.
     - The test is performed and some configurations are discarded.
     = The test is performed but no configuration is discarded.
     ! The test is performed and configurations could be discarded but elite configurations are preserved.
     . All alive configurations are elite and nothing is discarded.

+-+-----------+-----------+-----------+----------------+-----------+--------+-----+----+------+
| |   Instance|      Alive|       Best|       Mean best| Exp so far|  W time|  rho|KenW|  Qvar|
+-+-----------+-----------+-----------+----------------+-----------+--------+-----+----+------+
|.|          3|          6|        186|     634558.0000|          0|00:00:00|   NA|  NA|    NA|
|.|          5|          6|        186|     4085808.000|          0|00:00:00|+0.12|0.56|0.7998|
|.|          6|          6|        186|     5248290.667|          0|00:00:00|-0.33|0.11|1.0502|
|.|         10|          6|        186|     4030803.000|          0|00:00:00|-0.06|0.21|0.7839|
|.|          8|          6|        186|     4650503.600|          0|00:00:00|-0.16|0.08|0.9437|
|x|         12|          6|        108|     3966121.333|          2|00:00:04|-0.04|0.13|0.8437|
|.|         11|          6|        108|     4483030.857|          2|00:00:00|+0.01|0.15|0.8257|
|.|          9|          6|        108|     4872733.750|          2|00:00:00|-0.04|0.09|0.8587|
|x|         13|          6|        108|     4371736.889|          4|00:00:04|-0.06|0.06|0.8799|
|.|          1|          6|        108|     4666264.400|          4|00:00:00|-0.05|0.05|0.8580|
|.|          4|          6|        108|     4281478.182|          4|00:00:00|-0.08|0.02|0.8899|
|.|          7|          6|        108|     4543784.833|          4|00:00:00|-0.08|0.01|0.8843|
|.|          2|          6|        108|     4236446.615|          4|00:00:00|-0.07|0.01|0.8864|
|=|         14|          6|        186|     3961468.571|         10|00:00:04|-0.06|0.02|0.8681|
+-+-----------+-----------+-----------+----------------+-----------+--------+-----+----+------+
Best-so-far configuration:         186    mean value:      3961468.571
Description of the best-so-far configuration:
    .ID. localsearch  rho ants .PARENT.
186  186           3 0.42    5      128

# 2025-05-16 12:37:28 -04: Elite configurations (first number is the configuration ID; listed from best to worst according to the sum of ranks):
    localsearch  rho ants
186           3 0.42    5
128           3 0.39    4
108           3 0.36    4
# Total CPU user time: 5278.451, CPU sys time: 35.544, Wall-clock time: 760.302
    .ID. localsearch  rho ants .PARENT. .RANK.  .WEIGHT.
186  186           3 0.42    5      128   45.5 0.5000000
128  128           3 0.39    4       48   47.5 0.3333333
108  108           3 0.36    4       48   48.5 0.1666667
