# 2025-05-16 12:05:59 -04: Reading parameter file '/home/dianag/PruebasPablo/irace-independent-executions/MMASQAP/Scenarios/E3-BH-N/Runs/E3-BH-N_seed_909090909/parameters.txt'.
# 2025-05-16 12:05:59 -04: Initialization
# Elitist race
# Elitist new instances: 1
# Elitist limit: 2
# nbIterations: 3
# minNbSurvival: 3
# nbParameters: 3
# seed: 909090909
# confidence level: 0.95
# budget: 1500
# mu: 5
# deterministic: FALSE

# 2025-05-16 12:05:59 -04: Iteration 1 of 3
# experimentsUsed: 0
# remainingBudget: 1500
# currentBudget: 500
# nbConfigurations: 83
# Markers:
     x No test is performed.
     c Configurations are discarded only due to capping.
     - The test is performed and some configurations are discarded.
     = The test is performed but no configuration is discarded.
     ! The test is performed and configurations could be discarded but elite configurations are preserved.
     . All alive configurations are elite and nothing is discarded.

+-+-----------+-----------+-----------+----------------+-----------+--------+-----+----+------+
| |   Instance|      Alive|       Best|       Mean best| Exp so far|  W time|  rho|KenW|  Qvar|
+-+-----------+-----------+-----------+----------------+-----------+--------+-----+----+------+
|x|          1|         83|         73|     7341816.000|         83|00:00:29|   NA|  NA|    NA|
|x|          2|         83|         47|     3867114.000|        166|00:00:29|+0.43|0.71|0.4697|
|x|          3|         83|         47|     5135948.000|        249|00:00:29|+0.51|0.67|0.3941|
|x|          4|         83|         73|     3968776.000|        332|00:00:30|+0.42|0.57|0.4173|
|-|          5|         20|         73|     4656352.000|        415|00:00:28|+0.01|0.21|0.9230|
|=|          6|         20|         54|     5114167.000|        435|00:00:12|+0.08|0.24|0.8215|
|-|          7|         14|         54|     5406296.286|        455|00:00:12|-0.06|0.09|0.9707|
|=|          8|         14|         54|     4784648.750|        469|00:00:10|-0.02|0.10|0.9478|
|=|          9|         14|         73|     4302623.778|        483|00:00:10|-0.01|0.11|0.9376|
+-+-----------+-----------+-----------+----------------+-----------+--------+-----+----+------+
Best-so-far configuration:          73    mean value:      4302623.778
Description of the best-so-far configuration:
   .ID. localsearch  rho ants .PARENT.
73   73           3 0.58   56       NA

# 2025-05-16 12:09:12 -04: Elite configurations (first number is the configuration ID; listed from best to worst according to the sum of ranks):
   localsearch  rho ants
73           3 0.58   56
54           3 0.54   16
36           3 0.33   25
# 2025-05-16 12:09:12 -04: Iteration 2 of 3
# experimentsUsed: 483
# remainingBudget: 1017
# currentBudget: 508
# nbConfigurations: 53
# Markers:
     x No test is performed.
     c Configurations are discarded only due to capping.
     - The test is performed and some configurations are discarded.
     = The test is performed but no configuration is discarded.
     ! The test is performed and configurations could be discarded but elite configurations are preserved.
     . All alive configurations are elite and nothing is discarded.

+-+-----------+-----------+-----------+----------------+-----------+--------+-----+----+------+
| |   Instance|      Alive|       Best|       Mean best| Exp so far|  W time|  rho|KenW|  Qvar|
+-+-----------+-----------+-----------+----------------+-----------+--------+-----+----+------+
|x|         10|         53|        113|     7488912.000|         53|00:00:24|   NA|  NA|    NA|
|x|          8|         53|        113|     3960928.000|        103|00:00:23|+0.34|0.67|0.6600|
|x|          3|         53|         93|     5187576.000|        153|00:00:22|+0.44|0.63|0.5274|
|x|          2|         53|         93|     3986612.000|        203|00:00:22|+0.35|0.51|0.6178|
|-|          1|         22|         93|     4660196.000|        253|00:00:22|-0.11|0.12|1.0389|
|=|          7|         22|        113|     5080333.000|        272|00:00:14|-0.07|0.11|1.0074|
|=|          9|         22|         93|     4411950.857|        291|00:00:14|-0.03|0.11|0.9820|
|=|          5|         22|         90|     4788698.500|        310|00:00:14|-0.00|0.12|0.9463|
|=|          4|         22|         90|     4310763.111|        329|00:00:14|+0.01|0.12|0.9424|
|=|          6|         22|         93|     4619252.000|        348|00:00:14|+0.01|0.11|0.9341|
|=|         11|         22|         93|     4885661.455|        370|00:00:15|-0.00|0.09|0.9435|
+-+-----------+-----------+-----------+----------------+-----------+--------+-----+----+------+
Best-so-far configuration:          93    mean value:      4885661.455
Description of the best-so-far configuration:
   .ID. localsearch  rho ants .PARENT.
93   93           3 0.47   15       54

# 2025-05-16 12:12:32 -04: Elite configurations (first number is the configuration ID; listed from best to worst according to the sum of ranks):
   localsearch  rho ants
93           3 0.47   15
54           3 0.54   16
90           3 0.52   47
# 2025-05-16 12:12:32 -04: Iteration 3 of 3
# experimentsUsed: 853
# remainingBudget: 647
# currentBudget: 647
# nbConfigurations: 56
# Markers:
     x No test is performed.
     c Configurations are discarded only due to capping.
     - The test is performed and some configurations are discarded.
     = The test is performed but no configuration is discarded.
     ! The test is performed and configurations could be discarded but elite configurations are preserved.
     . All alive configurations are elite and nothing is discarded.

+-+-----------+-----------+-----------+----------------+-----------+--------+-----+----+------+
| |   Instance|      Alive|       Best|       Mean best| Exp so far|  W time|  rho|KenW|  Qvar|
+-+-----------+-----------+-----------+----------------+-----------+--------+-----+----+------+
|x|         12|         56|        185|     7441470.000|         56|00:00:29|   NA|  NA|    NA|
|x|         10|         56|        180|     7483590.000|        109|00:00:26|+0.52|0.76|0.2313|
|x|          2|         56|        185|     5108467.333|        162|00:00:27|+0.36|0.57|0.5079|
|x|          5|         56|        185|     5679351.000|        215|00:00:27|+0.40|0.55|0.4637|
|-|          1|         26|        141|     6015940.000|        268|00:00:26|-0.11|0.11|1.0320|
|=|          4|         26|        141|     5093495.667|        291|00:00:14|-0.06|0.12|0.9974|
|=|          3|         26|        141|     5460271.143|        314|00:00:14|-0.03|0.12|0.9711|
|=|          9|         26|        141|     4831304.500|        337|00:00:14|-0.03|0.10|0.9804|
|=|          8|         26|        141|     4344539.333|        360|00:00:14|-0.02|0.09|0.9700|
|=|          7|         26|        141|     4624375.600|        383|00:00:14|-0.02|0.08|0.9766|
|=|          6|         26|        184|     4877717.818|        406|00:00:14|-0.00|0.09|0.9644|
|=|         11|         26|        184|     5101759.833|        429|00:00:15|-0.01|0.07|0.9754|
|=|         13|         26|        135|     4741432.615|        455|00:00:18|-0.00|0.07|0.9654|
+-+-----------+-----------+-----------+----------------+-----------+--------+-----+----+------+
Best-so-far configuration:         135    mean value:      4741432.615
Description of the best-so-far configuration:
    .ID. localsearch  rho ants .PARENT.
135  135           3 0.55    9       54

# 2025-05-16 12:16:50 -04: Elite configurations (first number is the configuration ID; listed from best to worst according to the sum of ranks):
    localsearch  rho ants
135           3 0.55    9
184           3 0.49   10
93            3 0.47   15
# 2025-05-16 12:16:50 -04: Iteration 4 of 4
# experimentsUsed: 1308
# remainingBudget: 192
# currentBudget: 192
# nbConfigurations: 16
# Markers:
     x No test is performed.
     c Configurations are discarded only due to capping.
     - The test is performed and some configurations are discarded.
     = The test is performed but no configuration is discarded.
     ! The test is performed and configurations could be discarded but elite configurations are preserved.
     . All alive configurations are elite and nothing is discarded.

+-+-----------+-----------+-----------+----------------+-----------+--------+-----+----+------+
| |   Instance|      Alive|       Best|       Mean best| Exp so far|  W time|  rho|KenW|  Qvar|
+-+-----------+-----------+-----------+----------------+-----------+--------+-----+----+------+
|x|         14|         16|        194|     311146.0000|         16|00:00:09|   NA|  NA|    NA|
|x|         12|         16|        194|     3887787.000|         29|00:00:09|+0.12|0.56|0.9453|
|x|          8|         16|        194|     2736172.667|         42|00:00:09|+0.01|0.34|0.9204|
|x|          5|         16|        194|     3904383.000|         55|00:00:09|-0.14|0.15|1.0809|
|=|         13|         16|        194|     3212639.600|         68|00:00:09|-0.15|0.08|1.1131|
|=|          7|         16|        194|     3863510.667|         81|00:00:09|-0.04|0.13|1.0184|
|=|          2|         16|        194|     3365440.000|         94|00:00:09|-0.02|0.13|0.9830|
|=|          4|         16|        194|     3005541.500|        107|00:00:09|-0.04|0.09|0.9815|
|=|          9|         16|        194|     2718861.556|        120|00:00:09|-0.04|0.07|0.9806|
|=|         10|         16|        194|     3199610.000|        133|00:00:09|-0.05|0.05|0.9709|
|=|          3|         16|        135|     3603603.455|        146|00:00:09|-0.05|0.04|0.9680|
|=|         11|         16|        135|     3932502.333|        159|00:00:09|-0.05|0.04|0.9668|
|=|          1|         16|        135|     4195851.538|        172|00:00:09|-0.03|0.05|0.9585|
|=|          6|         16|        135|     4425075.286|        185|00:00:09|-0.02|0.05|0.9489|
+-+-----------+-----------+-----------+----------------+-----------+--------+-----+----+------+
Best-so-far configuration:         135    mean value:      4425075.286
Description of the best-so-far configuration:
    .ID. localsearch  rho ants .PARENT.
135  135           3 0.55    9       54

# 2025-05-16 12:19:05 -04: Elite configurations (first number is the configuration ID; listed from best to worst according to the sum of ranks):
    localsearch  rho ants
135           3 0.55    9
93            3 0.47   15
194           3 0.49    7
# 2025-05-16 12:19:05 -04: Stopped because there is not enough budget left to race more than the minimum (3).
# You may either increase the budget or set 'minNbSurvival' to a lower value.
# Iteration: 5
# nbIterations: 5
# experimentsUsed: 1493
# timeUsed: 0
# remainingBudget: 7
# currentBudget: 7
# number of elites: 3
# nbConfigurations: 3
# Total CPU user time: 5502.822, CPU sys time: 33.972, Wall-clock time: 786.29
# 2025-05-16 12:19:05 -04: Starting post-selection:
# Configurations selected: 135, 93, 194, 184, 187, 188, 189.
# Pending instances: 0, 0, 0, 0, 0, 0, 0.
# 2025-05-16 12:19:05 -04: seed: 909090909
# Configurations: 7
# Available experiments: 7
# minSurvival: 1
# Markers:
     x No test is performed.
     c Configurations are discarded only due to capping.
     - The test is performed and some configurations are discarded.
     = The test is performed but no configuration is discarded.
     ! The test is performed and configurations could be discarded but elite configurations are preserved.
     . All alive configurations are elite and nothing is discarded.

+-+-----------+-----------+-----------+----------------+-----------+--------+-----+----+------+
| |   Instance|      Alive|       Best|       Mean best| Exp so far|  W time|  rho|KenW|  Qvar|
+-+-----------+-----------+-----------+----------------+-----------+--------+-----+----+------+
|.|         14|          7|        194|     311146.0000|          0|00:00:00|   NA|  NA|    NA|
|.|          3|          7|        194|     3994292.000|          0|00:00:00|-0.07|0.46|0.7373|
|.|          8|          7|        194|     2807176.000|          0|00:00:00|+0.04|0.36|0.6266|
|.|          5|          7|        194|     3957635.500|          0|00:00:00|-0.14|0.15|0.8584|
|.|          7|          7|        194|     4589681.600|          0|00:00:00|-0.07|0.15|0.8446|
|.|         12|          7|        194|     5068806.000|          0|00:00:00|-0.05|0.12|0.8814|
|.|         10|          7|        194|     5419883.143|          0|00:00:00|-0.08|0.07|0.8902|
|.|         11|          7|        194|     5686917.500|          0|00:00:00|-0.03|0.10|0.8283|
|.|          4|          7|        194|     5109065.778|          0|00:00:00|+0.00|0.11|0.8218|
|.|          6|          7|        194|     5341116.200|          0|00:00:00|+0.01|0.11|0.8151|
|.|          1|          7|        194|     5523458.000|          0|00:00:00|+0.03|0.12|0.7937|
|.|         13|          7|        194|     5100308.667|          0|00:00:00|+0.01|0.10|0.8067|
|.|          9|          7|        194|     4740702.000|          0|00:00:00|-0.01|0.06|0.8361|
|.|          2|          7|        194|     4429010.143|          0|00:00:00|-0.02|0.06|0.8464|
|=|         15|          7|        135|     4637321.733|          7|00:00:04|-0.01|0.06|0.8425|
+-+-----------+-----------+-----------+----------------+-----------+--------+-----+----+------+
Best-so-far configuration:         135    mean value:      4637321.733
Description of the best-so-far configuration:
    .ID. localsearch  rho ants .PARENT.
135  135           3 0.55    9       54

# 2025-05-16 12:19:10 -04: Elite configurations (first number is the configuration ID; listed from best to worst according to the sum of ranks):
    localsearch  rho ants
135           3 0.55    9
93            3 0.47   15
184           3 0.49   10
# Total CPU user time: 5534.014, CPU sys time: 34.117, Wall-clock time: 790.842
    .ID. localsearch  rho ants .PARENT. .RANK.  .WEIGHT.
135  135           3 0.55    9       54     52 0.5000000
93    93           3 0.47   15       54     53 0.3333333
184  184           3 0.49   10       93     54 0.1666667
