# 2025-06-10 18:21:54 -04: Reading parameter file '/home/dianag/PruebasPablo/irace-independent-executions/PSO-X/Scenarios/E12-BH-Unimodal-SR/Runs/E12-BH-Unimodal-SR_seed_20240617/parameters.txt'.
# 2025-06-10 18:21:54 -04: 2 expression(s) specifying forbidden configurations read.
# 2025-06-10 18:21:54 -04: Initialization
# Elitist race
# Elitist new instances: 1
# Elitist limit: 2
# nbIterations: 5
# minNbSurvival: 5
# nbParameters: 8
# seed: 20240617
# confidence level: 0.95
# budget: 4000
# mu: 5
# deterministic: FALSE

# 2025-06-10 18:21:55 -04: Iteration 1 of 5
# experimentsUsed: 0
# remainingBudget: 4000
# currentBudget: 800
# nbConfigurations: 133
# Markers:
     x No test is performed.
     c Configurations are discarded only due to capping.
     - The test is performed and some configurations are discarded.
     = The test is performed but no configuration is discarded.
     ! The test is performed and configurations could be discarded but elite configurations are preserved.
     . All alive configurations are elite and nothing is discarded.

+-+-----------+-----------+-----------+----------------+-----------+--------+-----+----+------+
| |   Instance|      Alive|       Best|       Mean best| Exp so far|  W time|  rho|KenW|  Qvar|
+-+-----------+-----------+-----------+----------------+-----------+--------+-----+----+------+
|x|          1|        133|        125|     829050.9985|        133|00:00:41|   NA|  NA|    NA|
|x|          2|        133|         28|     1120017.657|        266|00:00:39|+0.46|0.73|0.5094|
|x|          3|        133|         41|     357881.2639|        399|00:00:41|+0.26|0.51|0.4115|
|x|          4|        133|         41|     268411.7039|        532|00:00:40|+0.35|0.51|0.4830|
|-|          5|         39|         41|     214729.5987|        665|00:00:39|-0.03|0.18|1.0547|
|=|          6|         39|         94|     192934.2759|        704|00:00:12|-0.03|0.14|1.0131|
|=|          7|         39|         41|     153426.6806|        743|00:00:12|-0.01|0.14|0.9658|
+-+-----------+-----------+-----------+----------------+-----------+--------+-----+----+------+
Best-so-far configuration:          41    mean value:      153426.6806
Description of the best-so-far configuration:
   .ID. particles topology modInfluence branching tSchedule phi1 phi2 inertia
41   41        11        4            0        NA        NA 1.72 2.24    0.42
   .PARENT.
41       NA

# 2025-06-10 18:25:42 -04: Elite configurations (first number is the configuration ID; listed from best to worst according to the sum of ranks):
   particles topology modInfluence branching tSchedule phi1 phi2 inertia
41        11        4            0        NA        NA 1.72 2.24    0.42
94        22        0            0        NA        NA 2.37 1.56    0.06
34        73        4            0        NA        NA 1.88 2.40    0.36
70       118        5            0        NA         6 1.55 2.06    0.21
88       137        0            0        NA        NA 0.06 2.46    0.24
# 2025-06-10 18:25:42 -04: Iteration 2 of 5
# experimentsUsed: 743
# remainingBudget: 3257
# currentBudget: 814
# nbConfigurations: 106
# Markers:
     x No test is performed.
     c Configurations are discarded only due to capping.
     - The test is performed and some configurations are discarded.
     = The test is performed but no configuration is discarded.
     ! The test is performed and configurations could be discarded but elite configurations are preserved.
     . All alive configurations are elite and nothing is discarded.

+-+-----------+-----------+-----------+----------------+-----------+--------+-----+----+------+
| |   Instance|      Alive|       Best|       Mean best| Exp so far|  W time|  rho|KenW|  Qvar|
+-+-----------+-----------+-----------+----------------+-----------+--------+-----+----+------+
|x|          8|        106|        196|    0.2676744748|        106|00:00:26|   NA|  NA|    NA|
|x|          6|        106|        220|     46.43845521|        207|00:00:28|+0.42|0.71|0.5796|
|x|          5|        106|         41|     59.56237668|        308|00:00:26|+0.47|0.65|0.5740|
|x|          7|        106|        220|     60.67493598|        409|00:00:29|+0.47|0.60|0.5174|
|-|          3|         52|        185|     70.81237109|        510|00:00:27|-0.07|0.15|1.0291|
|=|          2|         52|         34|     4113.866826|        557|00:00:08|-0.02|0.15|0.9473|
|=|          1|         52|         41|     153426.2977|        604|00:00:08|+0.00|0.14|0.9272|
|=|          4|         52|         41|     134248.3885|        651|00:00:08|+0.00|0.13|0.9181|
|=|          9|         52|         41|     298479.7919|        703|00:00:09|+0.04|0.14|0.8932|
+-+-----------+-----------+-----------+----------------+-----------+--------+-----+----+------+
Best-so-far configuration:          41    mean value:      298479.7919
Description of the best-so-far configuration:
   .ID. particles topology modInfluence branching tSchedule phi1 phi2 inertia
41   41        11        4            0        NA        NA 1.72 2.24    0.42
   .PARENT.
41       NA

# 2025-06-10 18:28:35 -04: Elite configurations (first number is the configuration ID; listed from best to worst according to the sum of ranks):
    particles topology modInfluence branching tSchedule phi1 phi2 inertia
41         11        4            0        NA        NA 1.72 2.24    0.42
94         22        0            0        NA        NA 2.37 1.56    0.06
229        21        0            0        NA        NA 1.27 1.56    0.08
188        57        4            0        NA        NA 1.96 2.44    0.35
141        82        0            0        NA        NA 1.93 1.83    0.27
# 2025-06-10 18:28:35 -04: Iteration 3 of 5
# experimentsUsed: 1446
# remainingBudget: 2554
# currentBudget: 851
# nbConfigurations: 89
# Markers:
     x No test is performed.
     c Configurations are discarded only due to capping.
     - The test is performed and some configurations are discarded.
     = The test is performed but no configuration is discarded.
     ! The test is performed and configurations could be discarded but elite configurations are preserved.
     . All alive configurations are elite and nothing is discarded.

+-+-----------+-----------+-----------+----------------+-----------+--------+-----+----+------+
| |   Instance|      Alive|       Best|       Mean best| Exp so far|  W time|  rho|KenW|  Qvar|
+-+-----------+-----------+-----------+----------------+-----------+--------+-----+----+------+
|x|         10|         89|        241|     123.5180280|         89|00:00:12|   NA|  NA|    NA|
|x|          3|         89|        281|     13331.59295|        173|00:00:13|-0.09|0.46|0.3772|
|x|          9|         89|        309|     261985.3625|        257|00:00:13|+0.23|0.49|0.2970|
|x|          8|         89|        309|     196489.0803|        341|00:00:12|+0.38|0.53|0.3049|
|-|          7|         54|        304|     234068.5614|        425|00:00:13|-0.08|0.14|1.0983|
|=|          2|         54|        281|     289453.9782|        474|00:00:04|-0.07|0.11|1.0631|
|=|          5|         54|        304|     173412.7258|        523|00:00:04|-0.04|0.11|1.0266|
|=|          6|         54|        304|     151757.2279|        572|00:00:06|-0.03|0.10|1.0130|
|=|          1|         54|        310|     201746.8150|        621|00:00:04|-0.02|0.09|0.9801|
|=|          4|         54|        310|     181572.4463|        670|00:00:04|+0.00|0.10|0.9767|
|=|         11|         54|        310|     165070.9620|        724|00:00:05|+0.01|0.10|0.9706|
+-+-----------+-----------+-----------+----------------+-----------+--------+-----+----+------+
Best-so-far configuration:         310    mean value:      165070.9620
Description of the best-so-far configuration:
    .ID. particles topology modInfluence branching tSchedule phi1 phi2 inertia
310  310        17        0            0        NA        NA 2.31 2.02    0.25
    .PARENT.
310       94

# 2025-06-10 18:30:12 -04: Elite configurations (first number is the configuration ID; listed from best to worst according to the sum of ranks):
    particles topology modInfluence branching tSchedule phi1 phi2 inertia
310        17        0            0        NA        NA 2.31 2.02    0.25
309         3        0            1        NA        NA 2.11 1.84    0.20
41         11        4            0        NA        NA 1.72 2.24    0.42
295        17        0            0        NA        NA 2.29 1.44    0.13
259        38        0            0        NA        NA 1.09 1.98    0.20
# 2025-06-10 18:30:12 -04: Iteration 4 of 5
# experimentsUsed: 2170
# remainingBudget: 1830
# currentBudget: 915
# nbConfigurations: 80
# Markers:
     x No test is performed.
     c Configurations are discarded only due to capping.
     - The test is performed and some configurations are discarded.
     = The test is performed but no configuration is discarded.
     ! The test is performed and configurations could be discarded but elite configurations are preserved.
     . All alive configurations are elite and nothing is discarded.

+-+-----------+-----------+-----------+----------------+-----------+--------+-----+----+------+
| |   Instance|      Alive|       Best|       Mean best| Exp so far|  W time|  rho|KenW|  Qvar|
+-+-----------+-----------+-----------+----------------+-----------+--------+-----+----+------+
|x|         12|         80|        367|    0.3331831891|         80|00:00:10|   NA|  NA|    NA|
|x|          5|         80|        354|    0.5391310229|        155|00:00:09|+0.69|0.85|0.0818|
|x|          3|         80|        354|     4.106092087|        230|00:00:11|+0.63|0.75|0.1815|
|x|          1|         80|        354|     158376.2580|        305|00:00:10|+0.53|0.65|0.1398|
|-|          6|         40|        354|     126740.7389|        380|00:00:11|-0.04|0.17|1.0017|
|=|          7|         40|        354|     105651.9146|        415|00:00:04|-0.08|0.10|1.0611|
|=|          4|         40|        374|     71603.80915|        450|00:00:04|-0.07|0.08|1.0427|
|=|          8|         40|        374|     62653.36422|        485|00:00:05|-0.05|0.08|1.0349|
|=|          2|         40|        354|     74188.58005|        520|00:00:04|-0.07|0.05|1.0418|
|=|          9|         40|        354|     186671.1605|        555|00:00:05|-0.04|0.07|1.0189|
|=|         11|         40|        354|     169706.1982|        590|00:00:04|-0.00|0.09|0.9937|
|=|         10|         40|        354|     157338.0018|        625|00:00:04|+0.03|0.11|0.9675|
|=|         13|         40|        371|     126595.5327|        665|00:00:04|+0.01|0.09|0.9841|
+-+-----------+-----------+-----------+----------------+-----------+--------+-----+----+------+
Best-so-far configuration:         371    mean value:      126595.5327
Description of the best-so-far configuration:
    .ID. particles topology modInfluence branching tSchedule phi1 phi2 inertia
371  371         4        0            1        NA        NA 2.45 1.74    0.25
    .PARENT.
371      309

# 2025-06-10 18:31:45 -04: Elite configurations (first number is the configuration ID; listed from best to worst according to the sum of ranks):
    particles topology modInfluence branching tSchedule phi1 phi2 inertia
371         4        0            1        NA        NA 2.45 1.74    0.25
354         9        0            0        NA        NA 1.92 2.42    0.15
374         5        0            1        NA        NA 1.75 2.27    0.15
340         4        0            1        NA        NA 2.22 2.35    0.20
309         3        0            1        NA        NA 2.11 1.84    0.20
# 2025-06-10 18:31:45 -04: Iteration 5 of 5
# experimentsUsed: 2835
# remainingBudget: 1165
# currentBudget: 1165
# nbConfigurations: 87
# Markers:
     x No test is performed.
     c Configurations are discarded only due to capping.
     - The test is performed and some configurations are discarded.
     = The test is performed but no configuration is discarded.
     ! The test is performed and configurations could be discarded but elite configurations are preserved.
     . All alive configurations are elite and nothing is discarded.

+-+-----------+-----------+-----------+----------------+-----------+--------+-----+----+------+
| |   Instance|      Alive|       Best|       Mean best| Exp so far|  W time|  rho|KenW|  Qvar|
+-+-----------+-----------+-----------+----------------+-----------+--------+-----+----+------+
|x|         14|         87|        456|    0.5375008820|         87|00:00:12|   NA|  NA|    NA|
|x|         13|         87|        454|    0.5039365350|        169|00:00:11|-0.03|0.48|1.0747|
|x|          7|         87|        423|     62.18690463|        251|00:00:13|+0.13|0.42|0.9279|
|x|          2|         87|        454|     22182.85893|        333|00:00:11|+0.01|0.26|0.9367|
|-|          6|         61|        418|     9712.668135|        415|00:00:13|-0.06|0.15|0.9986|
|=|         10|         61|        405|     11704.78741|        471|00:00:08|-0.05|0.13|0.9745|
|=|          3|         61|        412|     30549.00076|        527|00:00:10|-0.07|0.08|1.0212|
|=|          9|         61|        454|     108074.6929|        583|00:00:09|-0.05|0.08|1.0045|
|=|          4|         61|        456|     98160.38922|        639|00:00:09|-0.05|0.06|1.0046|
|=|          1|         61|        454|     151195.0818|        695|00:00:09|-0.04|0.06|0.9953|
|=|          8|         61|        454|     137450.0968|        751|00:00:08|-0.01|0.08|0.9601|
|=|         12|         61|        456|     135775.6876|        807|00:00:08|-0.01|0.08|0.9639|
|=|          5|         61|        454|     116304.0027|        863|00:00:09|+0.01|0.08|0.9656|
|-|         11|         30|        454|     108000.4238|        919|00:00:09|-0.02|0.06|0.9871|
|=|         15|         30|        456|     145274.2625|        949|00:00:04|-0.01|0.06|0.9773|
|=|         16|         30|        456|     136194.6575|        979|00:00:04|+0.00|0.06|0.9647|
+-+-----------+-----------+-----------+----------------+-----------+--------+-----+----+------+
Best-so-far configuration:         456    mean value:      136194.6575
Description of the best-so-far configuration:
    .ID. particles topology modInfluence branching tSchedule phi1 phi2 inertia
456  456         4        0            1        NA        NA 1.85 2.31    0.19
    .PARENT.
456      374

# 2025-06-10 18:34:21 -04: Elite configurations (first number is the configuration ID; listed from best to worst according to the sum of ranks):
    particles topology modInfluence branching tSchedule phi1 phi2 inertia
456         4        0            1        NA        NA 1.85 2.31    0.19
407         4        0            1        NA        NA 2.21 1.65    0.20
454         4        0            1        NA        NA 1.78 2.01    0.15
469         7        0            1        NA        NA 1.85 2.39    0.19
414         7        0            1        NA        NA 2.13 1.71    0.15
# 2025-06-10 18:34:21 -04: Iteration 6 of 6
# experimentsUsed: 3814
# remainingBudget: 186
# currentBudget: 186
# nbConfigurations: 15
# Markers:
     x No test is performed.
     c Configurations are discarded only due to capping.
     - The test is performed and some configurations are discarded.
     = The test is performed but no configuration is discarded.
     ! The test is performed and configurations could be discarded but elite configurations are preserved.
     . All alive configurations are elite and nothing is discarded.

+-+-----------+-----------+-----------+----------------+-----------+--------+-----+----+------+
| |   Instance|      Alive|       Best|       Mean best| Exp so far|  W time|  rho|KenW|  Qvar|
+-+-----------+-----------+-----------+----------------+-----------+--------+-----+----+------+
|x|         17|         15|        480|     605638.2695|         15|00:00:02|   NA|  NA|    NA|
|x|         12|         15|        407|     337797.7168|         25|00:00:02|+0.43|0.72|0.4787|
|x|         13|         15|        454|     221132.4758|         35|00:00:02|+0.02|0.34|0.8792|
|x|          8|         15|        456|     184711.0443|         45|00:00:02|+0.18|0.39|0.7634|
|-|         10|         10|        456|     152405.2569|         55|00:00:02|+0.15|0.32|0.7167|
|=|          7|         10|        456|     127037.0237|         60|00:00:01|+0.15|0.29|0.7277|
|=|          1|         10|        454|     191134.7558|         65|00:00:01|+0.03|0.17|0.7596|
|=|          3|         10|        456|     188512.2184|         70|00:00:01|-0.02|0.11|0.8457|
|=|          4|         10|        456|     167566.6979|         75|00:00:01|+0.00|0.11|0.8428|
|=|         11|         10|        456|     150815.5539|         80|00:00:01|+0.02|0.12|0.8461|
|=|          6|         10|        456|     137124.5501|         85|00:00:01|+0.03|0.11|0.8480|
|=|          9|         10|        456|     187594.2736|         90|00:00:01|+0.04|0.12|0.8428|
|=|          5|         10|        454|     160527.5869|         95|00:00:01|+0.04|0.11|0.8545|
|-|          2|          6|        454|     155385.8510|        100|00:00:01|+0.03|0.10|0.7977|
|=|         15|          6|        454|     190434.6475|        101|00:00:01|+0.01|0.07|0.8298|
|=|         16|          6|        456|     182372.3157|        102|00:00:00|-0.01|0.06|0.8440|
|=|         14|          6|        456|     171644.5641|        103|00:00:01|+0.00|0.06|0.8351|
|=|         18|          6|        456|     162108.7682|        109|00:00:01|+0.02|0.08|0.8178|
+-+-----------+-----------+-----------+----------------+-----------+--------+-----+----+------+
Best-so-far configuration:         456    mean value:      162108.7682
Description of the best-so-far configuration:
    .ID. particles topology modInfluence branching tSchedule phi1 phi2 inertia
456  456         4        0            1        NA        NA 1.85 2.31    0.19
    .PARENT.
456      374

# 2025-06-10 18:34:51 -04: Elite configurations (first number is the configuration ID; listed from best to worst according to the sum of ranks):
    particles topology modInfluence branching tSchedule phi1 phi2 inertia
456         4        0            1        NA        NA 1.85 2.31    0.19
454         4        0            1        NA        NA 1.78 2.01    0.15
407         4        0            1        NA        NA 2.21 1.65    0.20
469         7        0            1        NA        NA 1.85 2.39    0.19
479         7        0            1        NA        NA 2.08 1.81    0.13
# 2025-06-10 18:34:51 -04: Iteration 7 of 7
# experimentsUsed: 3923
# remainingBudget: 77
# currentBudget: 77
# nbConfigurations: 8
# Markers:
     x No test is performed.
     c Configurations are discarded only due to capping.
     - The test is performed and some configurations are discarded.
     = The test is performed but no configuration is discarded.
     ! The test is performed and configurations could be discarded but elite configurations are preserved.
     . All alive configurations are elite and nothing is discarded.

+-+-----------+-----------+-----------+----------------+-----------+--------+-----+----+------+
| |   Instance|      Alive|       Best|       Mean best| Exp so far|  W time|  rho|KenW|  Qvar|
+-+-----------+-----------+-----------+----------------+-----------+--------+-----+----+------+
|x|         19|          8|        488|     10.30636380|          8|00:00:02|   NA|  NA|    NA|
|x|          7|          8|        488|     96.42086542|         11|00:00:02|+0.00|0.50|0.5601|
|x|          2|          8|        488|     25824.47967|         14|00:00:01|+0.22|0.48|0.5289|
|x|          9|          8|        488|     311019.8520|         17|00:00:02|-0.06|0.20|0.8468|
|=|         13|          8|        488|     248815.9724|         20|00:00:01|-0.15|0.08|0.9809|
|=|         18|          8|        454|     139563.2797|         23|00:00:02|-0.14|0.05|0.9744|
|=|          6|          8|        454|     119655.6716|         26|00:00:02|-0.11|0.05|0.9659|
|=|          3|          8|        454|     104700.1831|         29|00:00:02|-0.08|0.06|0.9465|
|=|         14|          8|        454|     93066.89412|         32|00:00:01|-0.03|0.08|0.8964|
|=|          8|          8|        454|     83760.22935|         35|00:00:01|-0.02|0.08|0.8864|
|=|          5|          8|        454|     76145.71138|         38|00:00:01|+0.01|0.10|0.8484|
|=|         16|          8|        454|     69800.29764|         41|00:00:01|+0.01|0.09|0.8439|
|=|          1|          8|        454|     114227.2244|         44|00:00:01|+0.04|0.12|0.8122|
|=|         17|          8|        454|     153453.6057|         47|00:00:02|+0.04|0.11|0.7985|
|=|         12|          8|        454|     143223.3946|         50|00:00:02|+0.02|0.09|0.8170|
|=|         10|          8|        454|     135959.9404|         53|00:00:02|+0.02|0.08|0.8151|
|=|         11|          8|        454|     127965.4674|         56|00:00:02|+0.05|0.10|0.7928|
|=|         15|          8|        456|     162109.3615|         59|00:00:02|+0.02|0.08|0.8208|
|=|          4|          8|        456|     153577.4232|         62|00:00:02|+0.03|0.08|0.8164|
|=|         20|          8|        456|     145900.9935|         70|00:00:02|+0.05|0.10|0.7999|
+-+-----------+-----------+-----------+----------------+-----------+--------+-----+----+------+
Best-so-far configuration:         456    mean value:      145900.9935
Description of the best-so-far configuration:
    .ID. particles topology modInfluence branching tSchedule phi1 phi2 inertia
456  456         4        0            1        NA        NA 1.85 2.31    0.19
    .PARENT.
456      374

# 2025-06-10 18:35:33 -04: Elite configurations (first number is the configuration ID; listed from best to worst according to the sum of ranks):
    particles topology modInfluence branching tSchedule phi1 phi2 inertia
456         4        0            1        NA        NA 1.85 2.31    0.19
454         4        0            1        NA        NA 1.78 2.01    0.15
407         4        0            1        NA        NA 2.21 1.65    0.20
479         7        0            1        NA        NA 2.08 1.81    0.13
469         7        0            1        NA        NA 1.85 2.39    0.19
# 2025-06-10 18:35:33 -04: Stopped because there is not enough budget left to race more than the minimum (5).
# You may either increase the budget or set 'minNbSurvival' to a lower value.
# Iteration: 8
# nbIterations: 8
# experimentsUsed: 3993
# timeUsed: 0
# remainingBudget: 7
# currentBudget: 7
# number of elites: 5
# nbConfigurations: 5
# Total CPU user time: 5642.681, CPU sys time: 128.159, Wall-clock time: 818.454
# 2025-06-10 18:35:33 -04: Starting post-selection:
# Configurations selected: 456, 454, 407, 479, 469, 486, 487.
# Pending instances: 0, 0, 0, 0, 0, 0, 0.
# 2025-06-10 18:35:33 -04: seed: 20240617
# Configurations: 7
# Available experiments: 7
# minSurvival: 1
# Markers:
     x No test is performed.
     c Configurations are discarded only due to capping.
     - The test is performed and some configurations are discarded.
     = The test is performed but no configuration is discarded.
     ! The test is performed and configurations could be discarded but elite configurations are preserved.
     . All alive configurations are elite and nothing is discarded.

+-+-----------+-----------+-----------+----------------+-----------+--------+-----+----+------+
| |   Instance|      Alive|       Best|       Mean best| Exp so far|  W time|  rho|KenW|  Qvar|
+-+-----------+-----------+-----------+----------------+-----------+--------+-----+----+------+
|.|          6|          7|        487|     182.6481008|          0|00:00:00|   NA|  NA|    NA|
|.|         20|          7|        487|     1859.240544|          0|00:00:00|-0.75|0.12|1.3471|
|.|         14|          7|        487|     1239.774871|          0|00:00:00|-0.11|0.26|0.8210|
|.|          1|          7|        487|     299586.8534|          0|00:00:00|+0.05|0.29|0.6259|
|.|         11|          7|        487|     240622.8756|          0|00:00:00|+0.12|0.30|0.5839|
|.|          5|          7|        487|     200519.2037|          0|00:00:00|+0.20|0.34|0.5163|
|.|          9|          7|        487|     399241.2307|          0|00:00:00|+0.25|0.35|0.5007|
|.|         16|          7|        487|     349336.1738|          0|00:00:00|+0.22|0.32|0.5149|
|.|          4|          7|        487|     310521.3645|          0|00:00:00|+0.22|0.31|0.5476|
|.|         10|          7|        487|     292438.1309|          0|00:00:00|+0.20|0.28|0.5878|
|.|          2|          7|        487|     273969.4939|          0|00:00:00|+0.16|0.23|0.6521|
|.|         18|          7|        487|     251139.8573|          0|00:00:00|+0.20|0.26|0.6238|
|.|         17|          7|        487|     446438.3819|          0|00:00:00|+0.19|0.26|0.6034|
|.|         19|          7|        487|     414550.8068|          0|00:00:00|+0.15|0.21|0.6467|
|.|         13|          7|        487|     386914.1133|          0|00:00:00|+0.09|0.15|0.7106|
|.|          8|          7|        487|     362732.6740|          0|00:00:00|+0.12|0.17|0.6819|
|.|         12|          7|        487|     341395.4820|          0|00:00:00|+0.10|0.15|0.7158|
|.|          3|          7|        487|     322429.7268|          0|00:00:00|+0.08|0.13|0.7311|
|.|          7|          7|        487|     305469.5809|          0|00:00:00|+0.07|0.12|0.7442|
|.|         15|          7|        487|     317960.3936|          0|00:00:00|+0.05|0.10|0.7740|
|=|         21|          7|        456|     140221.5708|          7|00:00:02|+0.05|0.10|0.7818|
+-+-----------+-----------+-----------+----------------+-----------+--------+-----+----+------+
Best-so-far configuration:         456    mean value:      140221.5708
Description of the best-so-far configuration:
    .ID. particles topology modInfluence branching tSchedule phi1 phi2 inertia
456  456         4        0            1        NA        NA 1.85 2.31    0.19
    .PARENT.
456      374

# 2025-06-10 18:35:35 -04: Elite configurations (first number is the configuration ID; listed from best to worst according to the sum of ranks):
    particles topology modInfluence branching tSchedule phi1 phi2 inertia
456         4        0            1        NA        NA 1.85 2.31    0.19
407         4        0            1        NA        NA 2.21 1.65    0.20
454         4        0            1        NA        NA 1.78 2.01    0.15
469         7        0            1        NA        NA 1.85 2.39    0.19
479         7        0            1        NA        NA 2.08 1.81    0.13
# Total CPU user time: 5650.589, CPU sys time: 128.471, Wall-clock time: 820.549
    .ID. particles topology modInfluence branching tSchedule phi1 phi2 inertia
456  456         4        0            1        NA        NA 1.85 2.31    0.19
407  407         4        0            1        NA        NA 2.21 1.65    0.20
454  454         4        0            1        NA        NA 1.78 2.01    0.15
469  469         7        0            1        NA        NA 1.85 2.39    0.19
479  479         7        0            1        NA        NA 2.08 1.81    0.13
    .PARENT. .RANK.   .WEIGHT.
456      374     64 0.33333333
407      309     73 0.26666667
454      374     73 0.20000000
469      374     89 0.13333333
479      454     90 0.06666667
