# 2025-06-05 07:30:22 -04: Reading parameter file '/home/dianag/PruebasPablo/irace-independent-executions/ACOTSP/Scenarios/E1-BL-N/Runs/E1-BL-N_seed_909090909/parameters.txt'.
# 2025-06-05 07:30:22 -04: 1 expression(s) specifying forbidden configurations read.
# 2025-06-05 07:30:22 -04: Initialization
# Elitist race
# Elitist new instances: 1
# Elitist limit: 2
# nbIterations: 5
# minNbSurvival: 5
# nbParameters: 11
# seed: 909090909
# confidence level: 0.95
# budget: 2750
# mu: 5
# deterministic: FALSE

# 2025-06-05 07:30:22 -04: Iteration 1 of 5
# experimentsUsed: 0
# remainingBudget: 2750
# currentBudget: 550
# nbConfigurations: 91
# Markers:
     x No test is performed.
     c Configurations are discarded only due to capping.
     - The test is performed and some configurations are discarded.
     = The test is performed but no configuration is discarded.
     ! The test is performed and configurations could be discarded but elite configurations are preserved.
     . All alive configurations are elite and nothing is discarded.

+-+-----------+-----------+-----------+----------------+-----------+--------+-----+----+------+
| |   Instance|      Alive|       Best|       Mean best| Exp so far|  W time|  rho|KenW|  Qvar|
+-+-----------+-----------+-----------+----------------+-----------+--------+-----+----+------+
|x|          1|         91|          5|     32903981.00|         91|00:02:21|   NA|  NA|    NA|
|x|          2|         91|          5|     32753891.50|        182|00:02:25|+0.99|0.99|0.0018|
|x|          3|         91|          5|     32694157.67|        273|00:02:28|+0.98|0.99|0.0017|
|x|          4|         91|          5|     32663563.75|        364|00:02:28|+0.98|0.99|0.0014|
|-|          5|          3|          5|     32679310.20|        455|00:02:29|+0.80|0.84|0.2508|
+-+-----------+-----------+-----------+----------------+-----------+--------+-----+----+------+
Best-so-far configuration:           5    mean value:      32679310.20
Description of the best-so-far configuration:
  .ID. algorithm localsearch alpha beta  rho ants   q0 rasrank elitistants nnls
5    5       acs           3  4.33  1.7 0.62   29 0.56      NA          NA   10
  dlb .PARENT.
5   0       NA

# 2025-06-05 07:42:35 -04: Elite configurations (first number is the configuration ID; listed from best to worst according to the sum of ranks):
   algorithm localsearch alpha beta  rho ants   q0 rasrank elitistants nnls dlb
5        acs           3  4.33 1.70 0.62   29 0.56      NA          NA   10   0
68       ras           3  3.66 4.43 0.13   88   NA       7          NA    7   1
56       ras           3  3.94 2.79 0.85   57   NA      78          NA   37   1
# 2025-06-05 07:42:35 -04: Iteration 2 of 5
# experimentsUsed: 455
# remainingBudget: 2295
# currentBudget: 573
# nbConfigurations: 84
# Markers:
     x No test is performed.
     c Configurations are discarded only due to capping.
     - The test is performed and some configurations are discarded.
     = The test is performed but no configuration is discarded.
     ! The test is performed and configurations could be discarded but elite configurations are preserved.
     . All alive configurations are elite and nothing is discarded.

+-+-----------+-----------+-----------+----------------+-----------+--------+-----+----+------+
| |   Instance|      Alive|       Best|       Mean best| Exp so far|  W time|  rho|KenW|  Qvar|
+-+-----------+-----------+-----------+----------------+-----------+--------+-----+----+------+
|x|          6|         84|        122|     32541014.00|         84|00:02:04|   NA|  NA|    NA|
|x|          4|         84|        161|     32526070.50|        165|00:02:00|+0.94|0.97|0.0025|
|x|          1|         84|        161|     32641305.33|        246|00:01:57|+0.95|0.97|0.0024|
|x|          2|         84|        161|     32634368.00|        327|00:01:59|+0.95|0.96|0.0028|
|-|          5|          9|        161|     32654411.80|        408|00:02:00|+0.54|0.63|0.6398|
|-|          3|          1|        161|     32630584.83|        414|00:00:10|   NA|  NA|    NA|
+-+-----------+-----------+-----------+----------------+-----------+--------+-----+----+------+
Best-so-far configuration:         161    mean value:      32630584.83
Description of the best-so-far configuration:
    .ID. algorithm localsearch alpha beta  rho ants  q0 rasrank elitistants
161  161       acs           3  4.35 7.77 0.71   74 0.6      NA          NA
    nnls dlb .PARENT.
161   11   1       68

# 2025-06-05 07:52:48 -04: Elite configurations (first number is the configuration ID; listed from best to worst according to the sum of ranks):
    algorithm localsearch alpha beta  rho ants  q0 rasrank elitistants nnls dlb
161       acs           3  4.35 7.77 0.71   74 0.6      NA          NA   11   1
# 2025-06-05 07:52:48 -04: Iteration 3 of 5
# experimentsUsed: 869
# remainingBudget: 1881
# currentBudget: 627
# nbConfigurations: 79
# Markers:
     x No test is performed.
     c Configurations are discarded only due to capping.
     - The test is performed and some configurations are discarded.
     = The test is performed but no configuration is discarded.
     ! The test is performed and configurations could be discarded but elite configurations are preserved.
     . All alive configurations are elite and nothing is discarded.

+-+-----------+-----------+-----------+----------------+-----------+--------+-----+----+------+
| |   Instance|      Alive|       Best|       Mean best| Exp so far|  W time|  rho|KenW|  Qvar|
+-+-----------+-----------+-----------+----------------+-----------+--------+-----+----+------+
|x|          7|         79|        236|     32191301.00|         79|00:01:50|   NA|  NA|    NA|
|x|          5|         79|        247|     32475294.00|        157|00:01:48|+0.94|0.97|0.0061|
|x|          4|         79|        210|     32455065.67|        235|00:01:50|+0.94|0.96|0.0051|
|x|          6|         79|        210|     32463894.50|        313|00:01:49|+0.94|0.96|0.0050|
|-|          2|          7|        210|     32493297.60|        391|00:01:49|+0.02|0.21|0.8852|
|=|          3|          7|        210|     32502816.50|        397|00:00:10|-0.04|0.13|0.9038|
|=|          1|          7|        210|     32550365.29|        403|00:00:10|-0.03|0.12|0.9207|
|=|          8|          7|        210|     32555943.88|        410|00:00:10|+0.01|0.14|0.8773|
+-+-----------+-----------+-----------+----------------+-----------+--------+-----+----+------+
Best-so-far configuration:         210    mean value:      32555943.88
Description of the best-so-far configuration:
    .ID. algorithm localsearch alpha beta  rho ants   q0 rasrank elitistants
210  210       acs           3   3.7 6.37 0.59   66 0.17      NA          NA
    nnls dlb .PARENT.
210   16   1      161

# 2025-06-05 08:02:28 -04: Elite configurations (first number is the configuration ID; listed from best to worst according to the sum of ranks):
    algorithm localsearch alpha beta  rho ants   q0 rasrank elitistants nnls
210       acs           3  3.70 6.37 0.59   66 0.17      NA          NA   16
195       acs           3  3.81 7.66 0.77   65 0.88      NA          NA   18
193       acs           3  2.12 5.43 0.66   48 0.23      NA          NA   10
247       acs           3  4.66 8.48 0.82   73 0.28      NA          NA    6
236       acs           3  4.86 8.23 0.86   61 0.37      NA          NA   13
    dlb
210   1
195   1
193   1
247   1
236   1
# 2025-06-05 08:02:28 -04: Iteration 4 of 5
# experimentsUsed: 1279
# remainingBudget: 1471
# currentBudget: 735
# nbConfigurations: 86
# Markers:
     x No test is performed.
     c Configurations are discarded only due to capping.
     - The test is performed and some configurations are discarded.
     = The test is performed but no configuration is discarded.
     ! The test is performed and configurations could be discarded but elite configurations are preserved.
     . All alive configurations are elite and nothing is discarded.

+-+-----------+-----------+-----------+----------------+-----------+--------+-----+----+------+
| |   Instance|      Alive|       Best|       Mean best| Exp so far|  W time|  rho|KenW|  Qvar|
+-+-----------+-----------+-----------+----------------+-----------+--------+-----+----+------+
|x|          9|         86|        323|     32691999.00|         86|00:01:54|   NA|  NA|    NA|
|x|          7|         86|        236|     32472450.50|        167|00:01:54|+0.85|0.92|0.0035|
|x|          4|         86|        210|     32464376.00|        248|00:01:54|+0.87|0.92|0.0025|
|x|          5|         86|        210|     32531618.75|        329|00:01:54|+0.88|0.91|0.0026|
|-|          6|         15|        210|     32523371.20|        410|00:01:54|-0.07|0.15|0.9737|
|=|          2|         15|        210|     32537961.00|        420|00:00:20|-0.08|0.10|1.0014|
|=|          8|         15|        210|     32546108.57|        430|00:00:20|-0.03|0.11|0.9666|
|=|          3|         15|        210|     32546646.38|        440|00:00:20|-0.04|0.09|0.9675|
|=|          1|         15|        210|     32578758.78|        450|00:00:20|-0.01|0.10|0.9381|
|=|         10|         15|        326|     32598708.10|        465|00:00:21|+0.03|0.13|0.8951|
+-+-----------+-----------+-----------+----------------+-----------+--------+-----+----+------+
Best-so-far configuration:         326    mean value:      32598708.10
Description of the best-so-far configuration:
    .ID. algorithm localsearch alpha beta  rho ants   q0 rasrank elitistants
326  326       acs           3  2.93 6.86 0.62   57 0.17      NA          NA
    nnls dlb .PARENT.
326   13   1      210

# 2025-06-05 08:13:44 -04: Elite configurations (first number is the configuration ID; listed from best to worst according to the sum of ranks):
    algorithm localsearch alpha beta  rho ants   q0 rasrank elitistants nnls
326       acs           3  2.93 6.86 0.62   57 0.17      NA          NA   13
210       acs           3  3.70 6.37 0.59   66 0.17      NA          NA   16
261       acs           3  3.26 7.63 0.55   55 0.15      NA          NA   13
193       acs           3  2.12 5.43 0.66   48 0.23      NA          NA   10
322       acs           3  4.55 6.86 0.84   66 0.04      NA          NA   12
    dlb
326   1
210   1
261   1
193   1
322   1
# 2025-06-05 08:13:44 -04: Iteration 5 of 5
# experimentsUsed: 1744
# remainingBudget: 1006
# currentBudget: 1006
# nbConfigurations: 96
# Markers:
     x No test is performed.
     c Configurations are discarded only due to capping.
     - The test is performed and some configurations are discarded.
     = The test is performed but no configuration is discarded.
     ! The test is performed and configurations could be discarded but elite configurations are preserved.
     . All alive configurations are elite and nothing is discarded.

+-+-----------+-----------+-----------+----------------+-----------+--------+-----+----+------+
| |   Instance|      Alive|       Best|       Mean best| Exp so far|  W time|  rho|KenW|  Qvar|
+-+-----------+-----------+-----------+----------------+-----------+--------+-----+----+------+
|x|         11|         96|        404|     32563467.00|         96|00:02:08|   NA|  NA|    NA|
|x|          3|         96|        346|     32527726.00|        187|00:02:04|+0.65|0.82|0.1901|
|x|          6|         96|        346|     32518026.00|        278|00:02:05|+0.61|0.74|0.2103|
|x|          5|         96|        381|     32571475.25|        369|00:02:04|+0.61|0.71|0.2157|
|-|          1|         36|        326|     32623927.40|        460|00:02:04|-0.09|0.13|1.0686|
|=|          8|         36|        326|     32619775.67|        491|00:00:41|-0.04|0.13|1.0205|
|=|         10|         36|        326|     32646034.29|        522|00:00:41|-0.03|0.12|1.0053|
|=|          2|         36|        381|     32641512.25|        553|00:00:41|-0.01|0.12|0.9805|
|=|          9|         36|        326|     32652326.78|        584|00:00:41|+0.01|0.12|0.9698|
|=|          4|         36|        326|     32629443.00|        615|00:00:41|+0.02|0.12|0.9562|
|=|          7|         36|        405|     32596722.00|        646|00:00:41|+0.02|0.11|0.9549|
|=|         12|         36|        405|     32604228.42|        682|00:00:52|+0.02|0.10|0.9417|
+-+-----------+-----------+-----------+----------------+-----------+--------+-----+----+------+
Best-so-far configuration:         405    mean value:      32604228.42
Description of the best-so-far configuration:
    .ID. algorithm localsearch alpha beta  rho ants   q0 rasrank elitistants
405  405       acs           3  3.64 7.69 0.64   62 0.09      NA          NA
    nnls dlb .PARENT.
405   20   1      261

# 2025-06-05 08:29:15 -04: Elite configurations (first number is the configuration ID; listed from best to worst according to the sum of ranks):
    algorithm localsearch alpha beta  rho ants   q0 rasrank elitistants nnls
405       acs           3  3.64 7.69 0.64   62 0.09      NA          NA   20
326       acs           3  2.93 6.86 0.62   57 0.17      NA          NA   13
333       acs           3  3.70 6.27 0.52   66 0.31      NA          NA   12
417       acs           3  3.36 7.21 0.66   64 0.13      NA          NA   13
358       acs           3  2.79 7.66 0.63   53 0.21      NA          NA   12
    dlb
405   1
326   1
333   1
417   1
358   1
# 2025-06-05 08:29:15 -04: Iteration 6 of 6
# experimentsUsed: 2426
# remainingBudget: 324
# currentBudget: 324
# nbConfigurations: 29
# Markers:
     x No test is performed.
     c Configurations are discarded only due to capping.
     - The test is performed and some configurations are discarded.
     = The test is performed but no configuration is discarded.
     ! The test is performed and configurations could be discarded but elite configurations are preserved.
     . All alive configurations are elite and nothing is discarded.

+-+-----------+-----------+-----------+----------------+-----------+--------+-----+----+------+
| |   Instance|      Alive|       Best|       Mean best| Exp so far|  W time|  rho|KenW|  Qvar|
+-+-----------+-----------+-----------+----------------+-----------+--------+-----+----+------+
|x|         13|         29|        405|     32375221.00|         29|00:00:41|   NA|  NA|    NA|
|x|          1|         29|        429|     32587701.50|         53|00:00:31|+0.49|0.74|0.2018|
|x|         10|         29|        405|     32676215.67|         77|00:00:31|+0.42|0.62|0.1864|
|x|         12|         29|        333|     32674391.00|        101|00:00:31|+0.48|0.61|0.1854|
|-|          4|         14|        405|     32624194.40|        125|00:00:31|-0.07|0.14|1.0128|
|=|          8|         14|        326|     32622861.17|        134|00:00:20|-0.02|0.15|0.9602|
|=|          6|         14|        405|     32604797.14|        143|00:00:20|-0.02|0.12|0.9530|
|=|          5|         14|        405|     32615551.00|        152|00:00:20|-0.00|0.12|0.9314|
|=|          3|         14|        326|     32603625.78|        161|00:00:20|+0.00|0.11|0.9314|
|=|         11|         14|        326|     32605008.90|        170|00:00:20|+0.01|0.11|0.9238|
|=|          7|         14|        405|     32572360.00|        179|00:00:20|+0.00|0.09|0.9300|
|=|          2|         14|        405|     32575030.00|        188|00:00:20|-0.01|0.08|0.9360|
|=|          9|         14|        405|     32586612.46|        197|00:00:20|-0.01|0.07|0.9282|
|=|         14|         14|        326|     32613897.50|        211|00:00:21|-0.00|0.07|0.9236|
+-+-----------+-----------+-----------+----------------+-----------+--------+-----+----+------+
Best-so-far configuration:         326    mean value:      32613897.50
Description of the best-so-far configuration:
    .ID. algorithm localsearch alpha beta  rho ants   q0 rasrank elitistants
326  326       acs           3  2.93 6.86 0.62   57 0.17      NA          NA
    nnls dlb .PARENT.
326   13   1      210

# 2025-06-05 08:35:10 -04: Elite configurations (first number is the configuration ID; listed from best to worst according to the sum of ranks):
    algorithm localsearch alpha beta  rho ants   q0 rasrank elitistants nnls
326       acs           3  2.93 6.86 0.62   57 0.17      NA          NA   13
405       acs           3  3.64 7.69 0.64   62 0.09      NA          NA   20
333       acs           3  3.70 6.27 0.52   66 0.31      NA          NA   12
358       acs           3  2.79 7.66 0.63   53 0.21      NA          NA   12
417       acs           3  3.36 7.21 0.66   64 0.13      NA          NA   13
    dlb
326   1
405   1
333   1
358   1
417   1
# 2025-06-05 08:35:10 -04: Iteration 7 of 7
# experimentsUsed: 2637
# remainingBudget: 113
# currentBudget: 113
# nbConfigurations: 12
# Markers:
     x No test is performed.
     c Configurations are discarded only due to capping.
     - The test is performed and some configurations are discarded.
     = The test is performed but no configuration is discarded.
     ! The test is performed and configurations could be discarded but elite configurations are preserved.
     . All alive configurations are elite and nothing is discarded.

+-+-----------+-----------+-----------+----------------+-----------+--------+-----+----+------+
| |   Instance|      Alive|       Best|       Mean best| Exp so far|  W time|  rho|KenW|  Qvar|
+-+-----------+-----------+-----------+----------------+-----------+--------+-----+----+------+
|x|         15|         12|        448|     32807619.00|         12|00:00:20|   NA|  NA|    NA|
|x|          9|         12|        453|     32765430.50|         19|00:00:10|+0.34|0.67|0.5612|
|x|         12|         12|        358|     32751624.00|         26|00:00:10|-0.13|0.25|1.0622|
|x|         14|         12|        326|     32778928.25|         33|00:00:10|+0.03|0.27|0.9101|
|=|          6|         12|        358|     32729606.80|         40|00:00:10|-0.09|0.13|0.9892|
|=|          5|         12|        326|     32725060.50|         47|00:00:10|-0.04|0.14|0.9702|
|=|         10|         12|        326|     32736278.43|         54|00:00:10|-0.00|0.14|0.9327|
|=|          3|         12|        326|     32701845.50|         61|00:00:10|+0.01|0.14|0.9105|
|=|          2|         12|        326|     32692437.00|         68|00:00:10|+0.02|0.13|0.8966|
|=|         13|         12|        326|     32666976.00|         75|00:00:10|-0.01|0.09|0.9186|
|=|          4|         12|        326|     32644840.82|         82|00:00:10|+0.02|0.11|0.8893|
|=|          7|         12|        405|     32616031.50|         89|00:00:10|+0.02|0.10|0.8912|
|=|         11|         12|        326|     32616985.69|         96|00:00:10|+0.00|0.08|0.9055|
|=|          8|         12|        326|     32615702.21|        103|00:00:10|-0.00|0.07|0.9097|
|=|          1|         12|        326|     32628436.40|        110|00:00:10|+0.00|0.07|0.9011|
+-+-----------+-----------+-----------+----------------+-----------+--------+-----+----+------+
Best-so-far configuration:         326    mean value:      32628436.40
Description of the best-so-far configuration:
    .ID. algorithm localsearch alpha beta  rho ants   q0 rasrank elitistants
326  326       acs           3  2.93 6.86 0.62   57 0.17      NA          NA
    nnls dlb .PARENT.
326   13   1      210

# 2025-06-05 08:37:58 -04: Elite configurations (first number is the configuration ID; listed from best to worst according to the sum of ranks):
    algorithm localsearch alpha beta  rho ants   q0 rasrank elitistants nnls
326       acs           3  2.93 6.86 0.62   57 0.17      NA          NA   13
405       acs           3  3.64 7.69 0.64   62 0.09      NA          NA   20
358       acs           3  2.79 7.66 0.63   53 0.21      NA          NA   12
333       acs           3  3.70 6.27 0.52   66 0.31      NA          NA   12
447       acs           3  3.77 6.28 0.49   65 0.16      NA          NA   13
    dlb
326   1
405   1
358   1
333   1
447   1
# 2025-06-05 08:37:58 -04: Stopped because there is not enough budget left to race more than the minimum (5).
# You may either increase the budget or set 'minNbSurvival' to a lower value.
# Iteration: 8
# nbIterations: 8
# experimentsUsed: 2747
# timeUsed: 0
# remainingBudget: 3
# currentBudget: 3
# number of elites: 5
# nbConfigurations: 5
# Total CPU user time: 29728.46, CPU sys time: 229.594, Wall-clock time: 4056.527
# 2025-06-05 08:37:58 -04: Starting post-selection:
# Configurations selected: 326, 405, 358.
# Pending instances: 0, 0, 0.
# 2025-06-05 08:37:59 -04: seed: 909090909
# Configurations: 3
# Available experiments: 3
# minSurvival: 1
# Markers:
     x No test is performed.
     c Configurations are discarded only due to capping.
     - The test is performed and some configurations are discarded.
     = The test is performed but no configuration is discarded.
     ! The test is performed and configurations could be discarded but elite configurations are preserved.
     . All alive configurations are elite and nothing is discarded.

+-+-----------+-----------+-----------+----------------+-----------+--------+-----+----+------+
| |   Instance|      Alive|       Best|       Mean best| Exp so far|  W time|  rho|KenW|  Qvar|
+-+-----------+-----------+-----------+----------------+-----------+--------+-----+----+------+
|.|         11|          3|        326|     32617457.00|          0|00:00:00|   NA|  NA|    NA|
|.|          1|          3|        326|     32712086.00|          0|00:00:00|+0.50|0.75|0.3417|
|.|          4|          3|        326|     32615887.00|          0|00:00:00|+0.17|0.44|0.7724|
|.|          8|          3|        326|     32611669.50|          0|00:00:00|+0.25|0.44|0.6147|
|.|         14|          3|        326|     32666469.00|          0|00:00:00|+0.35|0.48|0.5602|
|.|          5|          3|        326|     32670615.83|          0|00:00:00|+0.23|0.36|0.5601|
|.|         12|          3|        326|     32670032.57|          0|00:00:00|+0.33|0.43|0.4996|
|.|          7|          3|        326|     32625042.00|          0|00:00:00|+0.09|0.20|0.6409|
|.|          6|          3|        326|     32615959.56|          0|00:00:00|+0.00|0.11|0.7036|
|.|         15|          3|        326|     32637561.70|          0|00:00:00|-0.03|0.07|0.7088|
|.|         13|          3|        326|     32619404.00|          0|00:00:00|-0.06|0.03|0.7211|
|.|          9|          3|        326|     32628748.00|          0|00:00:00|-0.08|0.01|0.7262|
|.|          2|          3|        326|     32627857.31|          0|00:00:00|-0.08|0.00|0.7195|
|.|          3|          3|        326|     32615925.71|          0|00:00:00|-0.07|0.01|0.7139|
|.|         10|          3|        326|     32628436.40|          0|00:00:00|-0.05|0.02|0.7048|
|=|         16|          3|        326|     32638920.62|          3|00:00:10|-0.05|0.01|0.7004|
+-+-----------+-----------+-----------+----------------+-----------+--------+-----+----+------+
Best-so-far configuration:         326    mean value:      32638920.62
Description of the best-so-far configuration:
    .ID. algorithm localsearch alpha beta  rho ants   q0 rasrank elitistants
326  326       acs           3  2.93 6.86 0.62   57 0.17      NA          NA
    nnls dlb .PARENT.
326   13   1      210

# 2025-06-05 08:38:09 -04: Elite configurations (first number is the configuration ID; listed from best to worst according to the sum of ranks):
    algorithm localsearch alpha beta  rho ants   q0 rasrank elitistants nnls
326       acs           3  2.93 6.86 0.62   57 0.17      NA          NA   13
358       acs           3  2.79 7.66 0.63   53 0.21      NA          NA   12
405       acs           3  3.64 7.69 0.64   62 0.09      NA          NA   20
    dlb
326   1
358   1
405   1
# Total CPU user time: 29759.51, CPU sys time: 229.834, Wall-clock time: 4067.044
    .ID. algorithm localsearch alpha beta  rho ants   q0 rasrank elitistants
326  326       acs           3  2.93 6.86 0.62   57 0.17      NA          NA
358  358       acs           3  2.79 7.66 0.63   53 0.21      NA          NA
405  405       acs           3  3.64 7.69 0.64   62 0.09      NA          NA
    nnls dlb .PARENT. .RANK.  .WEIGHT.
326   13   1      210     30 0.5000000
358   12   1      326     33 0.3333333
405   20   1      261     33 0.1666667
