# 2025-06-12 18:18:19 -04: Reading parameter file '/home/dianag/PruebasPablo/irace-independent-executions/PSO-X/Scenarios/E6-BL-Multimodal-SR/Runs/E6-BL-Multimodal-SR_seed_555666333/parameters.txt'.
# 2025-06-12 18:18:19 -04: 2 expression(s) specifying forbidden configurations read.
# 2025-06-12 18:18:19 -04: Initialization
# Elitist race
# Elitist new instances: 1
# Elitist limit: 2
# nbIterations: 5
# minNbSurvival: 5
# nbParameters: 8
# seed: 555666333
# confidence level: 0.95
# budget: 2000
# mu: 5
# deterministic: FALSE

# 2025-06-12 18:18:19 -04: Iteration 1 of 5
# experimentsUsed: 0
# remainingBudget: 2000
# currentBudget: 400
# nbConfigurations: 66
# Markers:
     x No test is performed.
     c Configurations are discarded only due to capping.
     - The test is performed and some configurations are discarded.
     = The test is performed but no configuration is discarded.
     ! The test is performed and configurations could be discarded but elite configurations are preserved.
     . All alive configurations are elite and nothing is discarded.

+-+-----------+-----------+-----------+----------------+-----------+--------+-----+----+------+
| |   Instance|      Alive|       Best|       Mean best| Exp so far|  W time|  rho|KenW|  Qvar|
+-+-----------+-----------+-----------+----------------+-----------+--------+-----+----+------+
|x|          1|         66|         65|    0.2554503400|         66|00:00:20|   NA|  NA|    NA|
|x|          2|         66|         50|     8634.832556|        132|00:00:21|+0.02|0.51|0.7129|
|x|          3|         66|         30|     5590.190581|        198|00:00:20|+0.38|0.59|0.5239|
|x|          4|         66|         56|     8331.837768|        264|00:00:20|+0.39|0.54|0.5211|
|-|          5|         31|         42|     6984.845699|        330|00:00:21|+0.00|0.20|0.9625|
|=|          6|         31|         42|     5827.061551|        361|00:00:25|-0.01|0.16|0.9849|
|=|          7|         31|         32|     11878.82769|        392|00:00:09|+0.02|0.16|0.9262|
+-+-----------+-----------+-----------+----------------+-----------+--------+-----+----+------+
Best-so-far configuration:          32    mean value:      11878.82769
Description of the best-so-far configuration:
   .ID. particles topology modInfluence branching tSchedule phi1 phi2 inertia
32   32       117        1            0        NA        NA 1.57 2.21    0.77
   .PARENT.
32       NA

# 2025-06-12 18:20:38 -04: Elite configurations (first number is the configuration ID; listed from best to worst according to the sum of ranks):
   particles topology modInfluence branching tSchedule phi1 phi2 inertia
32       117        1            0        NA        NA 1.57 2.21    0.77
53        86        4            0        NA        NA 2.43 1.35    0.35
42         5        1            0        NA        NA 0.16 1.74    0.04
20        15        3            2        NA        NA 0.04 2.40    0.44
30        27        1            0        NA        NA 0.82 1.31    0.50
# 2025-06-12 18:20:38 -04: Iteration 2 of 5
# experimentsUsed: 392
# remainingBudget: 1608
# currentBudget: 402
# nbConfigurations: 54
# Markers:
     x No test is performed.
     c Configurations are discarded only due to capping.
     - The test is performed and some configurations are discarded.
     = The test is performed but no configuration is discarded.
     ! The test is performed and configurations could be discarded but elite configurations are preserved.
     . All alive configurations are elite and nothing is discarded.

+-+-----------+-----------+-----------+----------------+-----------+--------+-----+----+------+
| |   Instance|      Alive|       Best|       Mean best| Exp so far|  W time|  rho|KenW|  Qvar|
+-+-----------+-----------+-----------+----------------+-----------+--------+-----+----+------+
|x|          8|         54|        113|     22.34934123|         54|00:00:14|   NA|  NA|    NA|
|x|          7|         54|         97|     109.2778014|        103|00:00:13|+0.32|0.66|0.6967|
|x|          6|         54|        113|     95.83393194|        152|00:00:39|+0.27|0.51|0.7164|
|x|          2|         54|         71|     4171.751856|        201|00:00:13|+0.34|0.50|0.6672|
|-|          3|         23|        113|     3597.945547|        250|00:00:12|-0.00|0.20|0.8913|
|=|          5|         23|        113|     3001.757504|        268|00:00:03|-0.03|0.14|0.9398|
|=|          1|         23|        113|     2573.071011|        286|00:00:02|-0.05|0.10|1.0085|
|=|          4|         23|         32|     10398.61586|        304|00:00:02|-0.02|0.11|0.9591|
|=|          9|         23|         71|     3806.059680|        327|00:00:08|+0.00|0.11|0.9306|
+-+-----------+-----------+-----------+----------------+-----------+--------+-----+----+------+
Best-so-far configuration:          71    mean value:      3806.059680
Description of the best-so-far configuration:
   .ID. particles topology modInfluence branching tSchedule phi1 phi2 inertia
71   71       144        4            0        NA        NA 1.84 2.31    0.72
   .PARENT.
71       32

# 2025-06-12 18:22:28 -04: Elite configurations (first number is the configuration ID; listed from best to worst according to the sum of ranks):
    particles topology modInfluence branching tSchedule phi1 phi2 inertia
71        144        4            0        NA        NA 1.84 2.31    0.72
113        40        5            0        NA         4 0.38 2.48    0.23
32        117        1            0        NA        NA 1.57 2.21    0.77
97        130        4            0        NA        NA 2.39 2.24    0.53
103        65        1            0        NA        NA 1.15 1.35    0.57
# 2025-06-12 18:22:28 -04: Iteration 3 of 5
# experimentsUsed: 719
# remainingBudget: 1281
# currentBudget: 427
# nbConfigurations: 47
# Markers:
     x No test is performed.
     c Configurations are discarded only due to capping.
     - The test is performed and some configurations are discarded.
     = The test is performed but no configuration is discarded.
     ! The test is performed and configurations could be discarded but elite configurations are preserved.
     . All alive configurations are elite and nothing is discarded.

+-+-----------+-----------+-----------+----------------+-----------+--------+-----+----+------+
| |   Instance|      Alive|       Best|       Mean best| Exp so far|  W time|  rho|KenW|  Qvar|
+-+-----------+-----------+-----------+----------------+-----------+--------+-----+----+------+
|x|         10|         47|         71|     11.78283400|         47|00:00:19|   NA|  NA|    NA|
|x|          5|         47|        127|     16.75288725|         89|00:00:19|-0.19|0.40|1.2278|
|x|          2|         47|         32|     5310.744922|        131|00:00:19|+0.02|0.35|0.9864|
|x|          1|         47|        138|     4130.275106|        173|00:00:19|+0.14|0.36|0.8787|
|-|          3|         33|        138|     3892.457705|        215|00:00:19|-0.13|0.10|0.9470|
|=|          8|         33|         71|     2911.952743|        243|00:00:11|-0.06|0.12|0.8288|
|=|          7|         33|         71|     2526.464167|        271|00:00:11|-0.03|0.12|0.8180|
|=|          9|         33|         71|     2210.697839|        299|00:00:15|-0.01|0.12|0.8120|
|=|          4|         33|         97|     3665.812838|        327|00:00:11|+0.03|0.14|0.7784|
|=|          6|         33|         71|     3426.631995|        355|00:00:22|+0.03|0.13|0.8094|
|-|         11|         22|         71|     3122.139263|        388|00:00:12|-0.05|0.04|0.9506|
|=|         12|         22|         71|     2863.904157|        410|00:00:03|-0.05|0.04|0.9514|
+-+-----------+-----------+-----------+----------------+-----------+--------+-----+----+------+
Best-so-far configuration:          71    mean value:      2863.904157
Description of the best-so-far configuration:
   .ID. particles topology modInfluence branching tSchedule phi1 phi2 inertia
71   71       144        4            0        NA        NA 1.84 2.31    0.72
   .PARENT.
71       32

# 2025-06-12 18:25:33 -04: Elite configurations (first number is the configuration ID; listed from best to worst according to the sum of ranks):
    particles topology modInfluence branching tSchedule phi1 phi2 inertia
71        144        4            0        NA        NA 1.84 2.31    0.72
139       140        4            0        NA        NA 2.33 1.47    0.54
97        130        4            0        NA        NA 2.39 2.24    0.53
134       108        0            0        NA        NA 1.89 2.01    0.68
155        85        4            0        NA        NA 2.13 1.75    0.70
# 2025-06-12 18:25:33 -04: Iteration 4 of 5
# experimentsUsed: 1129
# remainingBudget: 871
# currentBudget: 435
# nbConfigurations: 38
# Markers:
     x No test is performed.
     c Configurations are discarded only due to capping.
     - The test is performed and some configurations are discarded.
     = The test is performed but no configuration is discarded.
     ! The test is performed and configurations could be discarded but elite configurations are preserved.
     . All alive configurations are elite and nothing is discarded.

+-+-----------+-----------+-----------+----------------+-----------+--------+-----+----+------+
| |   Instance|      Alive|       Best|       Mean best| Exp so far|  W time|  rho|KenW|  Qvar|
+-+-----------+-----------+-----------+----------------+-----------+--------+-----+----+------+
|x|         13|         38|        161|   0.05816754252|         38|00:00:04|   NA|  NA|    NA|
|x|          8|         38|        175|     12.56081303|         71|00:00:03|+0.67|0.83|0.1712|
|x|          6|         38|        134|     21.46160828|        104|00:00:25|+0.35|0.57|0.5533|
|x|          3|         38|        134|     55.59777546|        137|00:00:03|+0.38|0.53|0.4353|
|-|          5|         25|        134|     48.67996378|        170|00:00:04|-0.07|0.15|1.0566|
|=|          4|         25|        134|     2659.341433|        190|00:00:02|-0.07|0.11|1.0460|
|=|          2|         25|        134|     4746.214260|        210|00:00:03|-0.07|0.08|1.0154|
|=|          9|         25|        134|     4152.978928|        230|00:00:06|-0.04|0.09|0.9544|
|=|          7|         25|        134|     3713.589223|        250|00:00:02|-0.01|0.10|0.9073|
|=|          1|         25|        163|     3197.574269|        270|00:00:02|-0.01|0.09|0.9156|
|=|         12|         25|        163|     2908.232616|        290|00:00:02|+0.01|0.10|0.9107|
|=|         11|         25|        163|     2675.188066|        310|00:00:02|+0.02|0.10|0.8943|
|=|         10|         25|        163|     2470.389811|        330|00:00:02|+0.02|0.10|0.8914|
|=|         14|         25|        163|     2294.065647|        355|00:00:02|+0.02|0.09|0.8736|
+-+-----------+-----------+-----------+----------------+-----------+--------+-----+----+------+
Best-so-far configuration:         163    mean value:      2294.065647
Description of the best-so-far configuration:
    .ID. particles topology modInfluence branching tSchedule phi1 phi2 inertia
163  163       133        4            0        NA        NA 2.15 1.87    0.58
    .PARENT.
163       97

# 2025-06-12 18:26:41 -04: Elite configurations (first number is the configuration ID; listed from best to worst according to the sum of ranks):
    particles topology modInfluence branching tSchedule phi1 phi2 inertia
163       133        4            0        NA        NA 2.15 1.87    0.58
182       164        4            0        NA        NA 1.87 2.28    0.69
134       108        0            0        NA        NA 1.89 2.01    0.68
171       132        4            0        NA        NA 2.40 2.48    0.37
175       115        5            0        NA         8 1.86 2.16    0.76
# 2025-06-12 18:26:41 -04: Iteration 5 of 5
# experimentsUsed: 1484
# remainingBudget: 516
# currentBudget: 516
# nbConfigurations: 39
# Markers:
     x No test is performed.
     c Configurations are discarded only due to capping.
     - The test is performed and some configurations are discarded.
     = The test is performed but no configuration is discarded.
     ! The test is performed and configurations could be discarded but elite configurations are preserved.
     . All alive configurations are elite and nothing is discarded.

+-+-----------+-----------+-----------+----------------+-----------+--------+-----+----+------+
| |   Instance|      Alive|       Best|       Mean best| Exp so far|  W time|  rho|KenW|  Qvar|
+-+-----------+-----------+-----------+----------------+-----------+--------+-----+----+------+
|x|         15|         39|        193|     63248.68944|         39|00:00:10|   NA|  NA|    NA|
|x|          5|         39|        217|     52125.74311|         73|00:00:03|-0.09|0.45|1.0167|
|x|          2|         39|        217|     40203.03679|        107|00:00:04|+0.07|0.38|0.6992|
|x|          6|         39|        182|     44673.96461|        141|00:00:25|+0.06|0.30|0.7893|
|=|          1|         39|        182|     35739.23966|        175|00:00:04|+0.00|0.20|0.8403|
|=|          7|         39|        182|     29811.52276|        209|00:00:03|+0.01|0.17|0.8052|
|=|         14|         39|        182|     25553.05247|        243|00:00:04|-0.01|0.13|0.7856|
|=|          8|         39|        204|     26725.89993|        277|00:00:03|-0.01|0.12|0.8383|
|=|          3|         39|        163|     17663.45899|        311|00:00:03|-0.01|0.10|0.8594|
|=|         11|         39|        163|     15908.28289|        345|00:00:04|-0.00|0.10|0.8402|
|=|         10|         39|        163|     14463.23997|        379|00:00:03|-0.01|0.08|0.8622|
|=|          4|         39|        163|     14507.72740|        413|00:00:04|+0.00|0.09|0.8362|
|=|          9|         39|        163|     13391.79408|        447|00:00:11|+0.01|0.08|0.8165|
|=|         12|         39|        163|     12436.29565|        481|00:00:03|+0.01|0.08|0.8406|
|=|         13|         39|        163|     11607.24212|        515|00:00:03|+0.01|0.08|0.8653|
+-+-----------+-----------+-----------+----------------+-----------+--------+-----+----+------+
Best-so-far configuration:         163    mean value:      11607.24212
Description of the best-so-far configuration:
    .ID. particles topology modInfluence branching tSchedule phi1 phi2 inertia
163  163       133        4            0        NA        NA 2.15 1.87    0.58
    .PARENT.
163       97

# 2025-06-12 18:28:14 -04: Elite configurations (first number is the configuration ID; listed from best to worst according to the sum of ranks):
    particles topology modInfluence branching tSchedule phi1 phi2 inertia
163       133        4            0        NA        NA 2.15 1.87    0.58
211       136        4            0        NA        NA 2.24 2.49    0.33
182       164        4            0        NA        NA 1.87 2.28    0.69
204       162        4            0        NA        NA 2.11 1.80    0.55
171       132        4            0        NA        NA 2.40 2.48    0.37
# 2025-06-12 18:28:14 -04: Stopped because there is not enough budget left to race more than the minimum (5).
# You may either increase the budget or set 'minNbSurvival' to a lower value.
# Iteration: 6
# nbIterations: 6
# experimentsUsed: 1999
# timeUsed: 0
# remainingBudget: 1
# currentBudget: 1
# number of elites: 5
# nbConfigurations: 5
# Total CPU user time: 3766.123, CPU sys time: 61.45, Wall-clock time: 595.363
    .ID. particles topology modInfluence branching tSchedule phi1 phi2 inertia
163  163       133        4            0        NA        NA 2.15 1.87    0.58
211  211       136        4            0        NA        NA 2.24 2.49    0.33
182  182       164        4            0        NA        NA 1.87 2.28    0.69
204  204       162        4            0        NA        NA 2.11 1.80    0.55
171  171       132        4            0        NA        NA 2.40 2.48    0.37
    .PARENT. .RANK.   .WEIGHT.
163       97    200 0.33333333
211      171    212 0.26666667
182       71    242 0.20000000
204      163    243 0.13333333
171       97    247 0.06666667
