# 2025-06-12 11:30:55 -04: Reading parameter file '/home/dianag/PruebasPablo/irace-independent-executions/PSO-X/Scenarios/E5-BL-Multimodal-N/Runs/E5-BL-Multimodal-N_seed_2314/parameters.txt'.
# 2025-06-12 11:30:55 -04: 2 expression(s) specifying forbidden configurations read.
# 2025-06-12 11:30:55 -04: Initialization
# Elitist race
# Elitist new instances: 1
# Elitist limit: 2
# nbIterations: 5
# minNbSurvival: 5
# nbParameters: 8
# seed: 2314
# confidence level: 0.95
# budget: 2000
# mu: 5
# deterministic: FALSE

# 2025-06-12 11:30:55 -04: Iteration 1 of 5
# experimentsUsed: 0
# remainingBudget: 2000
# currentBudget: 400
# nbConfigurations: 66
# Markers:
     x No test is performed.
     c Configurations are discarded only due to capping.
     - The test is performed and some configurations are discarded.
     = The test is performed but no configuration is discarded.
     ! The test is performed and configurations could be discarded but elite configurations are preserved.
     . All alive configurations are elite and nothing is discarded.

+-+-----------+-----------+-----------+----------------+-----------+--------+-----+----+------+
| |   Instance|      Alive|       Best|       Mean best| Exp so far|  W time|  rho|KenW|  Qvar|
+-+-----------+-----------+-----------+----------------+-----------+--------+-----+----+------+
|x|          1|         66|         48|     337.7358604|         66|00:00:25|   NA|  NA|    NA|
|x|          2|         66|         21|     8718.395750|        132|00:00:28|+0.39|0.69|0.7661|
|x|          3|         66|         21|     5818.461821|        198|00:00:26|+0.42|0.61|0.6674|
|x|          4|         66|         21|     4364.034307|        264|00:00:39|+0.40|0.55|0.6847|
|-|          5|         24|         48|     3548.659688|        330|00:00:26|+0.01|0.21|0.8929|
|=|          6|         24|         48|     3023.541878|        354|00:00:05|-0.03|0.14|0.8647|
|=|          7|         24|         21|     2549.689169|        378|00:00:05|+0.02|0.16|0.8084|
+-+-----------+-----------+-----------+----------------+-----------+--------+-----+----+------+
Best-so-far configuration:          21    mean value:      2549.689169
Description of the best-so-far configuration:
   .ID. particles topology modInfluence branching tSchedule phi1 phi2 inertia
21   21        26        4            0        NA        NA 0.65 2.48    0.39
   .PARENT.
21       NA

# 2025-06-12 11:33:34 -04: Elite configurations (first number is the configuration ID; listed from best to worst according to the sum of ranks):
   particles topology modInfluence branching tSchedule phi1 phi2 inertia
21        26        4            0        NA        NA 0.65 2.48    0.39
48         4        0            0        NA        NA 1.55 2.21    0.52
16       144        0            0        NA        NA 1.04 1.31    0.70
57        66        1            0        NA        NA 2.33 2.37    0.46
66        71        0            0        NA        NA 1.10 1.45    0.09
# 2025-06-12 11:33:34 -04: Iteration 2 of 5
# experimentsUsed: 378
# remainingBudget: 1622
# currentBudget: 405
# nbConfigurations: 55
# Markers:
     x No test is performed.
     c Configurations are discarded only due to capping.
     - The test is performed and some configurations are discarded.
     = The test is performed but no configuration is discarded.
     ! The test is performed and configurations could be discarded but elite configurations are preserved.
     . All alive configurations are elite and nothing is discarded.

+-+-----------+-----------+-----------+----------------+-----------+--------+-----+----+------+
| |   Instance|      Alive|       Best|       Mean best| Exp so far|  W time|  rho|KenW|  Qvar|
+-+-----------+-----------+-----------+----------------+-----------+--------+-----+----+------+
|x|          8|         55|         86|     35331.31016|         55|00:00:26|   NA|  NA|    NA|
|x|          5|         55|         48|     26074.15009|        105|00:00:19|+0.03|0.52|0.6927|
|x|          4|         55|         91|     27561.80178|        155|00:00:26|+0.31|0.54|0.5551|
|x|          2|         55|         91|     24934.52801|        205|00:00:19|+0.39|0.54|0.4647|
|-|          7|         24|        109|     25959.91212|        255|00:00:18|-0.08|0.13|0.8979|
|=|          3|         24|         91|     16672.78362|        274|00:00:02|-0.01|0.16|0.8714|
|=|          6|         24|         68|     20900.43821|        293|00:00:02|+0.01|0.15|0.8151|
|=|          1|         24|         68|     18357.15372|        312|00:00:01|+0.05|0.17|0.7671|
|=|          9|         24|        109|     14508.44053|        336|00:00:19|+0.06|0.16|0.7904|
+-+-----------+-----------+-----------+----------------+-----------+--------+-----+----+------+
Best-so-far configuration:         109    mean value:      14508.44053
Description of the best-so-far configuration:
    .ID. particles topology modInfluence branching tSchedule phi1 phi2 inertia
109  109        69        4            0        NA        NA 1.94 2.06    0.42
    .PARENT.
109       57

# 2025-06-12 11:35:53 -04: Elite configurations (first number is the configuration ID; listed from best to worst according to the sum of ranks):
    particles topology modInfluence branching tSchedule phi1 phi2 inertia
109        69        4            0        NA        NA 1.94 2.06    0.42
91         30        1            0        NA        NA 1.78 1.76    0.38
21         26        4            0        NA        NA 0.65 2.48    0.39
94         27        4            0        NA        NA 0.98 2.46    0.52
68         33        4            0        NA        NA 0.32 2.43    0.53
# 2025-06-12 11:35:53 -04: Iteration 3 of 5
# experimentsUsed: 714
# remainingBudget: 1286
# currentBudget: 428
# nbConfigurations: 47
# Markers:
     x No test is performed.
     c Configurations are discarded only due to capping.
     - The test is performed and some configurations are discarded.
     = The test is performed but no configuration is discarded.
     ! The test is performed and configurations could be discarded but elite configurations are preserved.
     . All alive configurations are elite and nothing is discarded.

+-+-----------+-----------+-----------+----------------+-----------+--------+-----+----+------+
| |   Instance|      Alive|       Best|       Mean best| Exp so far|  W time|  rho|KenW|  Qvar|
+-+-----------+-----------+-----------+----------------+-----------+--------+-----+----+------+
|x|         10|         47|        148|    0.6665180799|         47|00:00:05|   NA|  NA|    NA|
|x|          4|         47|         94|    0.6436796135|         89|00:00:13|+0.06|0.53|0.7751|
|x|          2|         47|        120|     5547.411658|        131|00:00:05|+0.28|0.52|0.5507|
|x|          6|         47|        120|     4215.048059|        173|00:00:04|+0.37|0.53|0.5329|
|-|          7|         20|        157|     3419.756434|        215|00:00:04|-0.00|0.20|0.9430|
|=|          3|         20|        157|     2852.430980|        230|00:00:02|+0.04|0.20|0.9229|
|=|          5|         20|        157|     2444.973009|        245|00:00:01|+0.06|0.20|0.9134|
|=|          1|         20|        128|     2246.014672|        260|00:00:01|+0.02|0.14|0.9431|
|=|          8|         20|        128|     10757.17488|        275|00:00:04|+0.06|0.16|0.8948|
|-|          9|          8|        157|     10260.34219|        290|00:00:13|+0.03|0.13|0.8283|
|=|         11|          8|        157|     9340.664324|        298|00:00:01|+0.06|0.14|0.8242|
|=|         12|          8|        157|     8562.319364|        306|00:00:01|+0.04|0.12|0.8261|
+-+-----------+-----------+-----------+----------------+-----------+--------+-----+----+------+
Best-so-far configuration:         157    mean value:      8562.319364
Description of the best-so-far configuration:
    .ID. particles topology modInfluence branching tSchedule phi1 phi2 inertia
157  157        64        4            0        NA        NA 0.48  2.5    0.26
    .PARENT.
157       21

# 2025-06-12 11:36:53 -04: Elite configurations (first number is the configuration ID; listed from best to worst according to the sum of ranks):
    particles topology modInfluence branching tSchedule phi1 phi2 inertia
157        64        4            0        NA        NA 0.48 2.50    0.26
120        52        4            0        NA        NA 1.35 2.42    0.42
128        44        4            0        NA        NA 1.58 2.29    0.47
91         30        1            0        NA        NA 1.78 1.76    0.38
21         26        4            0        NA        NA 0.65 2.48    0.39
# 2025-06-12 11:36:53 -04: Iteration 4 of 5
# experimentsUsed: 1020
# remainingBudget: 980
# currentBudget: 490
# nbConfigurations: 42
# Markers:
     x No test is performed.
     c Configurations are discarded only due to capping.
     - The test is performed and some configurations are discarded.
     = The test is performed but no configuration is discarded.
     ! The test is performed and configurations could be discarded but elite configurations are preserved.
     . All alive configurations are elite and nothing is discarded.

+-+-----------+-----------+-----------+----------------+-----------+--------+-----+----+------+
| |   Instance|      Alive|       Best|       Mean best| Exp so far|  W time|  rho|KenW|  Qvar|
+-+-----------+-----------+-----------+----------------+-----------+--------+-----+----+------+
|x|         13|         42|        173|     22.30886941|         42|00:00:04|   NA|  NA|    NA|
|x|          7|         42|         21|     87.93026698|         79|00:00:03|+0.07|0.54|0.6395|
|x|          2|         42|        187|     5615.043729|        116|00:00:04|+0.23|0.49|0.4686|
|x|          1|         42|         21|     4403.163009|        153|00:00:03|+0.13|0.35|0.4360|
|-|          4|         30|        187|     5962.130005|        190|00:00:12|-0.07|0.15|1.0211|
|=|          3|         30|        192|     2915.977573|        215|00:00:02|-0.02|0.15|0.9748|
|=|         11|         30|        157|     4855.135327|        240|00:00:02|-0.02|0.13|0.9752|
|=|          5|         30|        157|     4248.271559|        265|00:00:02|+0.00|0.13|0.9729|
|=|          9|         30|        176|     2977.010365|        290|00:00:19|+0.00|0.12|0.9635|
|=|         12|         30|        157|     3402.555801|        315|00:00:02|+0.00|0.10|0.9586|
|=|          8|         30|        157|     9324.320341|        340|00:00:06|+0.00|0.09|0.9616|
|=|          6|         30|        157|     8564.519700|        365|00:00:02|-0.00|0.08|0.9694|
|=|         10|         30|        157|     7905.779356|        390|00:00:02|+0.01|0.08|0.9607|
|=|         14|         30|        157|     7343.041025|        420|00:00:18|+0.00|0.07|0.9653|
+-+-----------+-----------+-----------+----------------+-----------+--------+-----+----+------+
Best-so-far configuration:         157    mean value:      7343.041025
Description of the best-so-far configuration:
    .ID. particles topology modInfluence branching tSchedule phi1 phi2 inertia
157  157        64        4            0        NA        NA 0.48  2.5    0.26
    .PARENT.
157       21

# 2025-06-12 11:38:23 -04: Elite configurations (first number is the configuration ID; listed from best to worst according to the sum of ranks):
    particles topology modInfluence branching tSchedule phi1 phi2 inertia
157        64        4            0        NA        NA 0.48 2.50    0.26
192        78        4            0        NA        NA 0.58 2.41    0.31
176        18        4            0        NA        NA 1.45 2.35    0.53
128        44        4            0        NA        NA 1.58 2.29    0.47
120        52        4            0        NA        NA 1.35 2.42    0.42
# 2025-06-12 11:38:23 -04: Iteration 5 of 5
# experimentsUsed: 1440
# remainingBudget: 560
# currentBudget: 560
# nbConfigurations: 42
# Markers:
     x No test is performed.
     c Configurations are discarded only due to capping.
     - The test is performed and some configurations are discarded.
     = The test is performed but no configuration is discarded.
     ! The test is performed and configurations could be discarded but elite configurations are preserved.
     . All alive configurations are elite and nothing is discarded.

+-+-----------+-----------+-----------+----------------+-----------+--------+-----+----+------+
| |   Instance|      Alive|       Best|       Mean best| Exp so far|  W time|  rho|KenW|  Qvar|
+-+-----------+-----------+-----------+----------------+-----------+--------+-----+----+------+
|x|         15|         42|        220|     20.65473783|         42|00:00:04|   NA|  NA|    NA|
|x|          4|         42|        208|     10.56472364|         79|00:00:12|-0.16|0.42|1.0770|
|x|         13|         42|        208|     14.66399131|        116|00:00:03|+0.03|0.35|0.7254|
|x|         10|         42|        220|     10.99280251|        153|00:00:03|+0.02|0.27|0.5460|
|=|          2|         42|        220|     3309.258449|        190|00:00:04|+0.09|0.27|0.4694|
|-|          8|         28|        220|     15283.85736|        227|00:00:09|-0.05|0.13|1.0018|
|=|          7|         28|        198|     13873.94987|        250|00:00:02|-0.06|0.09|1.0146|
|=|          5|         28|        198|     12139.73530|        273|00:00:02|-0.05|0.08|0.9802|
|=|         12|         28|        227|     10520.78609|        296|00:00:02|-0.04|0.08|0.9713|
|=|          6|         28|        157|     8568.969147|        319|00:00:02|-0.02|0.08|0.9361|
|=|          1|         28|        217|     7727.181507|        342|00:00:02|-0.03|0.07|0.9497|
|=|         14|         28|        217|     7085.222106|        365|00:00:17|-0.01|0.07|0.9373|
|=|          9|         28|        217|     6543.294966|        388|00:00:19|-0.02|0.06|0.9401|
|=|          3|         28|        217|     6077.150925|        411|00:00:02|-0.01|0.07|0.9276|
|=|         11|         28|        157|     6854.897912|        434|00:00:03|-0.01|0.06|0.9092|
|=|         16|         28|        223|     6356.159473|        462|00:00:02|-0.00|0.06|0.8945|
+-+-----------+-----------+-----------+----------------+-----------+--------+-----+----+------+
Best-so-far configuration:         223    mean value:      6356.159473
Description of the best-so-far configuration:
    .ID. particles topology modInfluence branching tSchedule phi1 phi2 inertia
223  223        31        4            0        NA        NA 1.37 2.47    0.45
    .PARENT.
223      176

# 2025-06-12 11:40:00 -04: Elite configurations (first number is the configuration ID; listed from best to worst according to the sum of ranks):
    particles topology modInfluence branching tSchedule phi1 phi2 inertia
223        31        4            0        NA        NA 1.37 2.47    0.45
217        46        4            0        NA        NA 0.58 2.46    0.33
157        64        4            0        NA        NA 0.48 2.50    0.26
216        83        4            0        NA        NA 0.49 2.35    0.29
192        78        4            0        NA        NA 0.58 2.41    0.31
# 2025-06-12 11:40:00 -04: Iteration 6 of 6
# experimentsUsed: 1902
# remainingBudget: 98
# currentBudget: 98
# nbConfigurations: 10
# Markers:
     x No test is performed.
     c Configurations are discarded only due to capping.
     - The test is performed and some configurations are discarded.
     = The test is performed but no configuration is discarded.
     ! The test is performed and configurations could be discarded but elite configurations are preserved.
     . All alive configurations are elite and nothing is discarded.

+-+-----------+-----------+-----------+----------------+-----------+--------+-----+----+------+
| |   Instance|      Alive|       Best|       Mean best| Exp so far|  W time|  rho|KenW|  Qvar|
+-+-----------+-----------+-----------+----------------+-----------+--------+-----+----+------+
|x|         17|         10|        237|     12.76189065|         10|00:00:01|   NA|  NA|    NA|
|x|          8|         10|        237|     28476.30168|         15|00:00:02|+0.18|0.59|0.8131|
|x|          2|         10|        237|     24825.19095|         20|00:00:01|-0.31|0.13|1.1793|
|x|          1|         10|        237|     18726.08604|         25|00:00:00|-0.17|0.12|0.9957|
|=|          3|         10|        237|     14984.49173|         30|00:00:01|-0.11|0.11|0.9561|
|=|         12|         10|        237|     12487.14939|         35|00:00:01|-0.03|0.14|0.8754|
|=|          9|         10|        237|     10708.89326|         40|00:00:07|-0.03|0.12|0.8920|
|=|         11|         10|        223|     12643.83374|         45|00:00:01|-0.07|0.07|0.9226|
|=|         16|         10|        223|     11238.96825|         50|00:00:01|-0.04|0.08|0.9335|
|=|         15|         10|        223|     10117.15584|         55|00:00:01|-0.05|0.06|0.9254|
|=|         10|         10|        223|     9197.490953|         60|00:00:01|-0.03|0.07|0.9055|
|=|         13|         10|        223|     8437.918319|         65|00:00:01|-0.03|0.06|0.9268|
|=|          6|         10|        192|     7246.837189|         70|00:00:01|-0.02|0.06|0.9188|
|=|         14|         10|        223|     7250.180679|         75|00:00:06|-0.01|0.06|0.9163|
|=|          7|         10|        217|     5684.825448|         80|00:00:01|-0.01|0.06|0.9079|
|=|          5|         10|        217|     5329.537548|         85|00:00:01|-0.01|0.06|0.8981|
|=|          4|         10|        217|     5016.061249|         90|00:00:03|+0.01|0.07|0.8801|
+-+-----------+-----------+-----------+----------------+-----------+--------+-----+----+------+
Best-so-far configuration:         217    mean value:      5016.061249
Description of the best-so-far configuration:
    .ID. particles topology modInfluence branching tSchedule phi1 phi2 inertia
217  217        46        4            0        NA        NA 0.58 2.46    0.33
    .PARENT.
217      157

# 2025-06-12 11:40:35 -04: Elite configurations (first number is the configuration ID; listed from best to worst according to the sum of ranks):
    particles topology modInfluence branching tSchedule phi1 phi2 inertia
217        46        4            0        NA        NA 0.58 2.46    0.33
223        31        4            0        NA        NA 1.37 2.47    0.45
216        83        4            0        NA        NA 0.49 2.35    0.29
235        48        4            0        NA        NA 0.47 2.40    0.26
157        64        4            0        NA        NA 0.48 2.50    0.26
# 2025-06-12 11:40:35 -04: Stopped because there is not enough budget left to race more than the minimum (5).
# You may either increase the budget or set 'minNbSurvival' to a lower value.
# Iteration: 7
# nbIterations: 7
# experimentsUsed: 1992
# timeUsed: 0
# remainingBudget: 8
# currentBudget: 8
# number of elites: 5
# nbConfigurations: 5
# Total CPU user time: 4038.817, CPU sys time: 61.523, Wall-clock time: 579.871
# 2025-06-12 11:40:35 -04: Starting post-selection:
# Configurations selected: 217, 223, 216, 235, 157, 192, 233, 234.
# Pending instances: 0, 0, 0, 0, 0, 0, 0, 0.
# 2025-06-12 11:40:35 -04: seed: 2314
# Configurations: 8
# Available experiments: 8
# minSurvival: 1
# Markers:
     x No test is performed.
     c Configurations are discarded only due to capping.
     - The test is performed and some configurations are discarded.
     = The test is performed but no configuration is discarded.
     ! The test is performed and configurations could be discarded but elite configurations are preserved.
     . All alive configurations are elite and nothing is discarded.

+-+-----------+-----------+-----------+----------------+-----------+--------+-----+----+------+
| |   Instance|      Alive|       Best|       Mean best| Exp so far|  W time|  rho|KenW|  Qvar|
+-+-----------+-----------+-----------+----------------+-----------+--------+-----+----+------+
|.|          3|          8|        223|     14.20510188|          0|00:00:00|   NA|  NA|    NA|
|.|          5|          8|        223|     7.287888287|          0|00:00:00|-0.12|0.44|0.9620|
|.|         15|          8|        223|     11.80666606|          0|00:00:00|-0.22|0.19|0.9754|
|.|         14|          8|        223|     15.68599417|          0|00:00:00|+0.06|0.29|0.7746|
|.|          8|          8|        223|     16729.27663|          0|00:00:00|+0.05|0.24|0.8200|
|.|          1|          8|        223|     14162.45595|          0|00:00:00|+0.05|0.21|0.8493|
|.|          4|          8|        223|     12139.27448|          0|00:00:00|+0.11|0.23|0.7943|
|.|          2|          8|        223|     12626.51936|          0|00:00:00|+0.00|0.13|0.8620|
|.|         12|          8|        223|     11223.62400|          0|00:00:00|+0.04|0.15|0.8084|
|.|         16|          8|        223|     10101.26603|          0|00:00:00|+0.07|0.17|0.7675|
|.|         10|          8|        223|     9183.045664|          0|00:00:00|+0.07|0.15|0.7844|
|.|          6|          8|        223|     8436.140666|          0|00:00:00|+0.06|0.14|0.7762|
|.|         17|          8|        223|     7788.223578|          0|00:00:00|+0.05|0.12|0.7873|
|.|          7|          8|        223|     7246.827912|          0|00:00:00|+0.04|0.11|0.7938|
|.|          9|          8|        223|     6766.350168|          0|00:00:00|+0.03|0.10|0.8026|
|.|         11|          8|        223|     6351.821921|          0|00:00:00|+0.03|0.09|0.8026|
|.|         13|          8|        223|     5983.045299|          0|00:00:00|+0.01|0.07|0.8274|
|=|         18|          8|        217|     4749.920429|          8|00:00:01|+0.01|0.07|0.8321|
+-+-----------+-----------+-----------+----------------+-----------+--------+-----+----+------+
Best-so-far configuration:         217    mean value:      4749.920429
Description of the best-so-far configuration:
    .ID. particles topology modInfluence branching tSchedule phi1 phi2 inertia
217  217        46        4            0        NA        NA 0.58 2.46    0.33
    .PARENT.
217      157

# 2025-06-12 11:40:37 -04: Elite configurations (first number is the configuration ID; listed from best to worst according to the sum of ranks):
    particles topology modInfluence branching tSchedule phi1 phi2 inertia
217        46        4            0        NA        NA 0.58 2.46    0.33
223        31        4            0        NA        NA 1.37 2.47    0.45
216        83        4            0        NA        NA 0.49 2.35    0.29
157        64        4            0        NA        NA 0.48 2.50    0.26
192        78        4            0        NA        NA 0.58 2.41    0.31
# Total CPU user time: 4046.098, CPU sys time: 61.775, Wall-clock time: 581.306
    .ID. particles topology modInfluence branching tSchedule phi1 phi2 inertia
217  217        46        4            0        NA        NA 0.58 2.46    0.33
223  223        31        4            0        NA        NA 1.37 2.47    0.45
216  216        83        4            0        NA        NA 0.49 2.35    0.29
157  157        64        4            0        NA        NA 0.48 2.50    0.26
192  192        78        4            0        NA        NA 0.58 2.41    0.31
    .PARENT. .RANK.   .WEIGHT.
217      157     70 0.33333333
223      176     70 0.26666667
216      157     72 0.20000000
157       21     81 0.13333333
192      157     81 0.06666667
