# 2025-06-05 01:22:35 -04: Reading parameter file '/home/dianag/PruebasPablo/irace-independent-executions/ACOTSP/Scenarios/E1-BL-N/Runs/E1-BL-N_seed_20250512/parameters.txt'.
# 2025-06-05 01:22:35 -04: 1 expression(s) specifying forbidden configurations read.
# 2025-06-05 01:22:35 -04: Initialization
# Elitist race
# Elitist new instances: 1
# Elitist limit: 2
# nbIterations: 5
# minNbSurvival: 5
# nbParameters: 11
# seed: 20250512
# confidence level: 0.95
# budget: 2750
# mu: 5
# deterministic: FALSE

# 2025-06-05 01:22:35 -04: Iteration 1 of 5
# experimentsUsed: 0
# remainingBudget: 2750
# currentBudget: 550
# nbConfigurations: 91
# Markers:
     x No test is performed.
     c Configurations are discarded only due to capping.
     - The test is performed and some configurations are discarded.
     = The test is performed but no configuration is discarded.
     ! The test is performed and configurations could be discarded but elite configurations are preserved.
     . All alive configurations are elite and nothing is discarded.

+-+-----------+-----------+-----------+----------------+-----------+--------+-----+----+------+
| |   Instance|      Alive|       Best|       Mean best| Exp so far|  W time|  rho|KenW|  Qvar|
+-+-----------+-----------+-----------+----------------+-----------+--------+-----+----+------+
|x|          1|         91|         83|     32291569.00|         91|00:02:27|   NA|  NA|    NA|
|x|          2|         91|         10|     32445388.00|        182|00:02:27|+0.98|0.99|0.0012|
|x|          3|         91|         10|     32404007.67|        273|00:02:25|+0.97|0.98|0.0013|
|x|          4|         91|         10|     32516660.00|        364|00:02:26|+0.97|0.98|0.0015|
|-|          5|          6|         10|     32534087.60|        455|00:02:26|+0.75|0.80|0.2301|
|-|          6|          2|         10|     32552045.33|        461|00:00:10|+0.33|0.44|0.3333|
+-+-----------+-----------+-----------+----------------+-----------+--------+-----+----+------+
Best-so-far configuration:          10    mean value:      32552045.33
Description of the best-so-far configuration:
   .ID. algorithm localsearch alpha beta  rho ants q0 rasrank elitistants nnls
10   10       acs           3  2.04 6.42 0.46   51  1      NA          NA   15
   dlb .PARENT.
10   1       NA

# 2025-06-05 01:34:59 -04: Elite configurations (first number is the configuration ID; listed from best to worst according to the sum of ranks):
   algorithm localsearch alpha beta  rho ants   q0 rasrank elitistants nnls dlb
10       acs           3  2.04 6.42 0.46   51 1.00      NA          NA   15   1
83       acs           3  2.63 1.49 0.19   34 0.38      NA          NA   19   1
# 2025-06-05 01:34:59 -04: Iteration 2 of 5
# experimentsUsed: 461
# remainingBudget: 2289
# currentBudget: 572
# nbConfigurations: 83
# Markers:
     x No test is performed.
     c Configurations are discarded only due to capping.
     - The test is performed and some configurations are discarded.
     = The test is performed but no configuration is discarded.
     ! The test is performed and configurations could be discarded but elite configurations are preserved.
     . All alive configurations are elite and nothing is discarded.

+-+-----------+-----------+-----------+----------------+-----------+--------+-----+----+------+
| |   Instance|      Alive|       Best|       Mean best| Exp so far|  W time|  rho|KenW|  Qvar|
+-+-----------+-----------+-----------+----------------+-----------+--------+-----+----+------+
|x|          7|         83|         83|     32630327.00|         83|00:02:04|   NA|  NA|    NA|
|x|          2|         83|         10|     32618910.00|        164|00:02:01|+0.97|0.99|0.0010|
|x|          1|         83|         83|     32496961.67|        245|00:02:02|+0.97|0.98|0.0016|
|x|          4|         83|         83|     32595999.50|        326|00:02:01|+0.96|0.97|0.0019|
|-|          6|          4|         10|     32614288.80|        407|00:02:01|+0.60|0.68|0.3025|
+-+-----------+-----------+-----------+----------------+-----------+--------+-----+----+------+
Best-so-far configuration:          10    mean value:      32570927.00
Description of the best-so-far configuration:
   .ID. algorithm localsearch alpha beta  rho ants q0 rasrank elitistants nnls
10   10       acs           3  2.04 6.42 0.46   51  1      NA          NA   15
   dlb .PARENT.
10   1       NA

# 2025-06-05 01:45:11 -04: Elite configurations (first number is the configuration ID; listed from best to worst according to the sum of ranks):
    algorithm localsearch alpha beta  rho ants   q0 rasrank elitistants nnls
10        acs           3  2.04 6.42 0.46   51 1.00      NA          NA   15
83        acs           3  2.63 1.49 0.19   34 0.38      NA          NA   19
132       acs           3  3.59 4.93 0.23   26 0.64      NA          NA   18
109       acs           3  3.61 4.62 0.18   57 0.39      NA          NA   28
    dlb
10    1
83    1
132   1
109   0
# 2025-06-05 01:45:11 -04: Iteration 3 of 5
# experimentsUsed: 868
# remainingBudget: 1882
# currentBudget: 627
# nbConfigurations: 81
# Markers:
     x No test is performed.
     c Configurations are discarded only due to capping.
     - The test is performed and some configurations are discarded.
     = The test is performed but no configuration is discarded.
     ! The test is performed and configurations could be discarded but elite configurations are preserved.
     . All alive configurations are elite and nothing is discarded.

+-+-----------+-----------+-----------+----------------+-----------+--------+-----+----+------+
| |   Instance|      Alive|       Best|       Mean best| Exp so far|  W time|  rho|KenW|  Qvar|
+-+-----------+-----------+-----------+----------------+-----------+--------+-----+----+------+
|x|          8|         81|        197|     32785919.00|         81|00:01:59|   NA|  NA|    NA|
|x|          2|         81|        197|     32666427.50|        158|00:01:55|+0.95|0.98|0.0008|
|x|          5|         81|        210|     32661012.33|        237|00:01:59|+0.94|0.96|0.0006|
|x|          4|         81|         10|     32724588.25|        314|00:01:55|+0.94|0.96|0.0011|
|-|          6|         14|        198|     32699351.60|        391|00:01:54|+0.17|0.34|0.6259|
|-|          7|         13|        198|     32682592.67|        401|00:00:20|+0.19|0.33|0.6012|
|-|          3|         10|        198|     32626855.14|        412|00:00:20|+0.29|0.39|0.5069|
|-|          1|          5|        198|     32581855.38|        418|00:00:10|+0.10|0.21|0.7484|
+-+-----------+-----------+-----------+----------------+-----------+--------+-----+----+------+
Best-so-far configuration:         198    mean value:      32581855.38
Description of the best-so-far configuration:
    .ID. algorithm localsearch alpha beta  rho ants  q0 rasrank elitistants
198  198       acs           3  2.11 2.85 0.24   25 0.2      NA          NA
    nnls dlb .PARENT.
198   17   1       83

# 2025-06-05 01:55:48 -04: Elite configurations (first number is the configuration ID; listed from best to worst according to the sum of ranks):
    algorithm localsearch alpha beta  rho ants   q0 rasrank elitistants nnls
198       acs           3  2.11 2.85 0.24   25 0.20      NA          NA   17
10        acs           3  2.04 6.42 0.46   51 1.00      NA          NA   15
224       acs           3  3.87 1.05 0.23   21 0.57      NA          NA   24
210       acs           3  3.06 2.40 0.02   25 0.55      NA          NA   10
185       acs           3  2.41 2.30 0.34   49 0.11      NA          NA   20
    dlb
198   1
10    1
224   1
210   0
185   1
# 2025-06-05 01:55:48 -04: Iteration 4 of 5
# experimentsUsed: 1286
# remainingBudget: 1464
# currentBudget: 732
# nbConfigurations: 85
# Markers:
     x No test is performed.
     c Configurations are discarded only due to capping.
     - The test is performed and some configurations are discarded.
     = The test is performed but no configuration is discarded.
     ! The test is performed and configurations could be discarded but elite configurations are preserved.
     . All alive configurations are elite and nothing is discarded.

+-+-----------+-----------+-----------+----------------+-----------+--------+-----+----+------+
| |   Instance|      Alive|       Best|       Mean best| Exp so far|  W time|  rho|KenW|  Qvar|
+-+-----------+-----------+-----------+----------------+-----------+--------+-----+----+------+
|x|          9|         85|        185|     32447263.00|         85|00:01:54|   NA|  NA|    NA|
|x|          7|         85|        185|     32531580.50|        165|00:01:48|+0.73|0.87|0.0009|
|x|          8|         85|        185|     32624712.00|        245|00:01:49|+0.70|0.80|0.0009|
|x|          4|         85|        280|     32693496.25|        325|00:01:51|+0.75|0.81|0.0016|
|-|          6|         20|        280|     32684173.20|        405|00:01:49|-0.04|0.17|1.0035|
|=|          5|         20|        280|     32671389.33|        420|00:00:20|-0.03|0.14|0.9879|
|=|          3|         20|        265|     32616652.14|        435|00:00:20|+0.01|0.15|0.9442|
|=|          2|         20|        265|     32607102.62|        450|00:00:21|+0.05|0.17|0.9204|
|=|          1|         20|        265|     32572753.67|        465|00:00:20|+0.05|0.15|0.9266|
|-|         10|         10|        265|     32576706.70|        485|00:00:31|-0.02|0.08|0.9248|
|=|         11|         10|        265|     32558505.82|        495|00:00:20|-0.00|0.09|0.9058|
|=|         12|         10|        265|     32525268.58|        505|00:00:20|-0.02|0.06|0.9241|
+-+-----------+-----------+-----------+----------------+-----------+--------+-----+----+------+
Best-so-far configuration:         265    mean value:      32525268.58
Description of the best-so-far configuration:
    .ID. algorithm localsearch alpha beta  rho ants   q0 rasrank elitistants
265  265       acs           3  2.69 6.41 0.17   42 0.81      NA          NA
    nnls dlb .PARENT.
265   17   1       10

# 2025-06-05 02:07:39 -04: Elite configurations (first number is the configuration ID; listed from best to worst according to the sum of ranks):
    algorithm localsearch alpha beta  rho ants   q0 rasrank elitistants nnls
265       acs           3  2.69 6.41 0.17   42 0.81      NA          NA   17
198       acs           3  2.11 2.85 0.24   25 0.20      NA          NA   17
280       acs           3  1.87 4.13 0.68   55 0.77      NA          NA   11
307       acs           3  3.46 7.35 0.53   64 0.92      NA          NA    8
314       acs           3  1.82 3.15 0.37   31 0.15      NA          NA   11
    dlb
265   1
198   1
280   1
307   1
314   1
# 2025-06-05 02:07:39 -04: Iteration 5 of 5
# experimentsUsed: 1791
# remainingBudget: 959
# currentBudget: 959
# nbConfigurations: 78
# Markers:
     x No test is performed.
     c Configurations are discarded only due to capping.
     - The test is performed and some configurations are discarded.
     = The test is performed but no configuration is discarded.
     ! The test is performed and configurations could be discarded but elite configurations are preserved.
     . All alive configurations are elite and nothing is discarded.

+-+-----------+-----------+-----------+----------------+-----------+--------+-----+----+------+
| |   Instance|      Alive|       Best|       Mean best| Exp so far|  W time|  rho|KenW|  Qvar|
+-+-----------+-----------+-----------+----------------+-----------+--------+-----+----+------+
|x|         13|         78|        362|     32046242.00|         78|00:01:44|   NA|  NA|    NA|
|x|          1|         78|        362|     32148518.00|        151|00:01:43|+0.71|0.86|0.0020|
|x|          9|         78|        372|     32286970.67|        224|00:01:44|+0.69|0.79|0.0019|
|x|          3|         78|        337|     32288413.50|        297|00:01:44|+0.66|0.75|0.0023|
|-|          7|         31|        342|     32348515.20|        370|00:01:44|-0.15|0.08|1.0967|
|=|          6|         31|        381|     32404895.67|        396|00:00:41|-0.08|0.10|1.0524|
|=|          8|         31|        381|     32462227.57|        422|00:00:41|-0.06|0.09|1.0269|
|=|          4|         31|        381|     32510634.38|        448|00:00:41|-0.03|0.10|1.0065|
|=|          2|         31|        381|     32516608.00|        474|00:00:41|+0.01|0.12|0.9798|
|=|         12|         31|        381|     32474657.10|        500|00:00:41|+0.03|0.12|0.9533|
|=|         10|         31|        381|     32490047.82|        526|00:00:41|+0.03|0.12|0.9496|
|=|         11|         31|        347|     32482692.42|        552|00:00:41|+0.04|0.12|0.9304|
|=|          5|         31|        381|     32497182.46|        578|00:00:41|+0.03|0.11|0.9378|
|-|         14|         23|        347|     32513022.29|        609|00:00:41|-0.03|0.04|0.9827|
|=|         15|         23|        347|     32518720.27|        632|00:00:31|-0.03|0.04|0.9770|
|=|         16|         23|        347|     32527823.00|        655|00:00:31|-0.03|0.04|0.9765|
+-+-----------+-----------+-----------+----------------+-----------+--------+-----+----+------+
Best-so-far configuration:         347    mean value:      32527823.00
Description of the best-so-far configuration:
    .ID. algorithm localsearch alpha beta  rho ants   q0 rasrank elitistants
347  347       acs           3  2.15 4.74 0.07   35 0.87      NA          NA
    nnls dlb .PARENT.
347   17   1      265

# 2025-06-05 02:23:38 -04: Elite configurations (first number is the configuration ID; listed from best to worst according to the sum of ranks):
    algorithm localsearch alpha beta  rho ants   q0 rasrank elitistants nnls
347       acs           3  2.15 4.74 0.07   35 0.87      NA          NA   17
280       acs           3  1.87 4.13 0.68   55 0.77      NA          NA   11
381       acs           3  2.44 3.86 0.22   38 0.01      NA          NA   18
334       acs           3  1.32 3.66 0.71   43 0.75      NA          NA   16
314       acs           3  1.82 3.15 0.37   31 0.15      NA          NA   11
    dlb
347   1
280   1
381   1
334   1
314   1
# 2025-06-05 02:23:38 -04: Iteration 6 of 6
# experimentsUsed: 2446
# remainingBudget: 304
# currentBudget: 304
# nbConfigurations: 22
# Markers:
     x No test is performed.
     c Configurations are discarded only due to capping.
     - The test is performed and some configurations are discarded.
     = The test is performed but no configuration is discarded.
     ! The test is performed and configurations could be discarded but elite configurations are preserved.
     . All alive configurations are elite and nothing is discarded.

+-+-----------+-----------+-----------+----------------+-----------+--------+-----+----+------+
| |   Instance|      Alive|       Best|       Mean best| Exp so far|  W time|  rho|KenW|  Qvar|
+-+-----------+-----------+-----------+----------------+-----------+--------+-----+----+------+
|x|         17|         22|        280|     32619340.00|         22|00:00:31|   NA|  NA|    NA|
|x|         14|         22|        334|     32650548.00|         39|00:00:31|+0.54|0.77|0.1314|
|x|          1|         22|        334|     32532969.67|         56|00:00:31|+0.51|0.67|0.1235|
|x|          4|         22|        314|     32617031.50|         73|00:00:31|+0.54|0.65|0.1123|
|-|         11|         12|        334|     32570076.80|         90|00:00:31|-0.12|0.10|1.0255|
|=|         10|         12|        334|     32567682.83|         97|00:00:10|-0.02|0.15|0.9405|
|=|          7|         12|        334|     32576705.57|        104|00:00:10|-0.01|0.14|0.9325|
|=|          2|         12|        408|     32576869.88|        111|00:00:10|+0.07|0.18|0.8691|
|=|         15|         12|        280|     32582424.22|        118|00:00:10|+0.04|0.15|0.8683|
|=|          9|         12|        280|     32573116.00|        125|00:00:10|+0.01|0.11|0.8853|
|=|         12|         12|        280|     32534900.82|        132|00:00:10|-0.01|0.08|0.9050|
|=|          6|         12|        408|     32545620.67|        139|00:00:10|-0.01|0.08|0.8961|
|=|         16|         12|        280|     32552064.31|        146|00:00:10|+0.01|0.08|0.8901|
|=|          3|         12|        280|     32537386.79|        153|00:00:10|-0.00|0.07|0.8857|
|=|          8|         12|        409|     32557149.20|        160|00:00:10|+0.02|0.08|0.8565|
|=|          5|         12|        409|     32557522.50|        167|00:00:10|+0.01|0.07|0.8727|
|=|         13|         12|        409|     32534511.06|        174|00:00:10|+0.01|0.07|0.8761|
|=|         18|         12|        409|     32543915.72|        186|00:00:20|-0.01|0.05|0.8950|
+-+-----------+-----------+-----------+----------------+-----------+--------+-----+----+------+
Best-so-far configuration:         409    mean value:      32543915.72
Description of the best-so-far configuration:
    .ID. algorithm localsearch alpha beta  rho ants   q0 rasrank elitistants
409  409       acs           3  1.46 2.93 0.84   48 0.71      NA          NA
    nnls dlb .PARENT.
409   12   1      280

# 2025-06-05 02:28:41 -04: Elite configurations (first number is the configuration ID; listed from best to worst according to the sum of ranks):
    algorithm localsearch alpha beta  rho ants   q0 rasrank elitistants nnls
409       acs           3  1.46 2.93 0.84   48 0.71      NA          NA   12
347       acs           3  2.15 4.74 0.07   35 0.87      NA          NA   17
280       acs           3  1.87 4.13 0.68   55 0.77      NA          NA   11
334       acs           3  1.32 3.66 0.71   43 0.75      NA          NA   16
414       acs           3  1.53 3.67 0.55   52 0.74      NA          NA    9
    dlb
409   1
347   1
280   1
334   1
414   1
# 2025-06-05 02:28:41 -04: Iteration 7 of 7
# experimentsUsed: 2632
# remainingBudget: 118
# currentBudget: 118
# nbConfigurations: 10
# Markers:
     x No test is performed.
     c Configurations are discarded only due to capping.
     - The test is performed and some configurations are discarded.
     = The test is performed but no configuration is discarded.
     ! The test is performed and configurations could be discarded but elite configurations are preserved.
     . All alive configurations are elite and nothing is discarded.

+-+-----------+-----------+-----------+----------------+-----------+--------+-----+----+------+
| |   Instance|      Alive|       Best|       Mean best| Exp so far|  W time|  rho|KenW|  Qvar|
+-+-----------+-----------+-----------+----------------+-----------+--------+-----+----+------+
|x|         19|         10|        409|     32604570.00|         10|00:00:20|   NA|  NA|    NA|
|x|         11|         10|        334|     32511149.00|         15|00:00:10|+0.36|0.68|0.0986|
|x|          2|         10|        424|     32518343.67|         20|00:00:10|+0.43|0.62|0.0659|
|x|          3|         10|        414|     32463302.00|         25|00:00:10|+0.37|0.53|0.0657|
|-|          1|          7|        409|     32427346.80|         30|00:00:10|-0.08|0.14|0.9346|
|=|         15|          7|        409|     32464448.50|         32|00:00:10|-0.13|0.06|0.9772|
|=|         17|          7|        420|     32491190.71|         34|00:00:10|-0.13|0.03|0.9610|
|=|         10|          7|        420|     32504985.50|         36|00:00:10|-0.13|0.01|0.9654|
|=|          4|          7|        280|     32548864.00|         38|00:00:10|-0.11|0.02|0.9512|
|=|         12|          7|        424|     32510128.70|         40|00:00:10|-0.11|0.00|0.9487|
|=|          8|          7|        409|     32533303.09|         42|00:00:10|-0.08|0.02|0.9279|
|=|         14|          7|        334|     32543100.58|         44|00:00:10|-0.07|0.02|0.9207|
|=|         13|          7|        334|     32512930.92|         46|00:00:10|-0.07|0.02|0.9077|
|=|          9|          7|        424|     32513171.86|         48|00:00:10|-0.06|0.01|0.9019|
|=|          7|          7|        424|     32517845.87|         50|00:00:10|-0.05|0.02|0.8965|
|=|         16|          7|        424|     32529726.88|         52|00:00:10|-0.05|0.01|0.8965|
|=|          6|          7|        424|     32534239.53|         54|00:00:10|-0.04|0.02|0.8883|
|=|          5|          7|        424|     32539498.56|         56|00:00:10|-0.04|0.02|0.8863|
|=|         18|          7|        424|     32547179.53|         58|00:00:10|-0.04|0.01|0.8890|
|=|         20|          7|        424|     32558808.50|         65|00:00:10|-0.04|0.01|0.8843|
+-+-----------+-----------+-----------+----------------+-----------+--------+-----+----+------+
Best-so-far configuration:         424    mean value:      32558808.50
Description of the best-so-far configuration:
    .ID. algorithm localsearch alpha beta  rho ants   q0 rasrank elitistants
424  424       acs           3  1.83 3.57 0.76   64 0.86      NA          NA
    nnls dlb .PARENT.
424   15   1      280

# 2025-06-05 02:32:21 -04: Elite configurations (first number is the configuration ID; listed from best to worst according to the sum of ranks):
    algorithm localsearch alpha beta  rho ants   q0 rasrank elitistants nnls
424       acs           3  1.83 3.57 0.76   64 0.86      NA          NA   15
420       acs           3  1.65 4.37 0.65   57 0.75      NA          NA   10
409       acs           3  1.46 2.93 0.84   48 0.71      NA          NA   12
347       acs           3  2.15 4.74 0.07   35 0.87      NA          NA   17
280       acs           3  1.87 4.13 0.68   55 0.77      NA          NA   11
    dlb
424   1
420   1
409   1
347   1
280   1
# 2025-06-05 02:32:21 -04: Iteration 8 of 8
# experimentsUsed: 2697
# remainingBudget: 53
# currentBudget: 53
# nbConfigurations: 7
# Markers:
     x No test is performed.
     c Configurations are discarded only due to capping.
     - The test is performed and some configurations are discarded.
     = The test is performed but no configuration is discarded.
     ! The test is performed and configurations could be discarded but elite configurations are preserved.
     . All alive configurations are elite and nothing is discarded.

+-+-----------+-----------+-----------+----------------+-----------+--------+-----+----+------+
| |   Instance|      Alive|       Best|       Mean best| Exp so far|  W time|  rho|KenW|  Qvar|
+-+-----------+-----------+-----------+----------------+-----------+--------+-----+----+------+
|x|         21|          7|        347|     32500127.00|          7|00:00:10|   NA|  NA|    NA|
|x|          6|          7|        426|     32554440.00|          9|00:00:10|+0.11|0.55|0.8964|
|x|          4|          7|        347|     32655656.33|         11|00:00:10|+0.01|0.34|0.8588|
|x|          7|          7|        424|     32655239.00|         13|00:00:10|+0.14|0.36|0.7620|
|=|         16|          7|        347|     32656955.20|         15|00:00:10|+0.01|0.21|0.8796|
|=|         13|          7|        424|     32566635.50|         17|00:00:10|+0.06|0.22|0.8563|
|=|          8|          7|        424|     32599850.14|         19|00:00:10|+0.08|0.21|0.8561|
|=|         12|          7|        424|     32538590.38|         21|00:00:10|+0.09|0.21|0.8195|
|=|          5|          7|        424|     32548625.00|         23|00:00:10|+0.09|0.19|0.8222|
|=|         17|          7|        424|     32558716.30|         25|00:00:10|+0.05|0.15|0.8292|
|=|         20|          7|        424|     32578811.09|         27|00:00:10|+0.10|0.18|0.7814|
|=|         19|          7|        424|     32585170.58|         29|00:00:10|+0.10|0.17|0.7842|
|-|         11|          6|        424|     32569933.15|         31|00:00:10|+0.02|0.09|0.8143|
|=|          9|          6|        424|     32564161.43|         32|00:00:10|+0.02|0.09|0.8224|
|=|          1|          6|        424|     32546903.87|         33|00:00:10|-0.01|0.06|0.8396|
|=|          2|          6|        424|     32544773.75|         34|00:00:10|+0.00|0.07|0.8333|
|=|         15|          6|        424|     32550135.06|         35|00:00:10|-0.01|0.05|0.8471|
|=|         18|          6|        424|     32557651.83|         36|00:00:10|-0.01|0.05|0.8435|
|=|          3|          6|        424|     32548428.21|         37|00:00:10|-0.03|0.03|0.8588|
|=|         14|          6|        424|     32557203.65|         38|00:00:10|-0.03|0.02|0.8654|
|=|         10|          6|        424|     32560107.71|         39|00:00:10|-0.04|0.01|0.8681|
|=|         22|          6|        424|     32546103.82|         45|00:00:10|-0.03|0.02|0.8586|
+-+-----------+-----------+-----------+----------------+-----------+--------+-----+----+------+
Best-so-far configuration:         424    mean value:      32546103.82
Description of the best-so-far configuration:
    .ID. algorithm localsearch alpha beta  rho ants   q0 rasrank elitistants
424  424       acs           3  1.83 3.57 0.76   64 0.86      NA          NA
    nnls dlb .PARENT.
424   15   1      280

# 2025-06-05 02:36:11 -04: Elite configurations (first number is the configuration ID; listed from best to worst according to the sum of ranks):
    algorithm localsearch alpha beta  rho ants   q0 rasrank elitistants nnls
424       acs           3  1.83 3.57 0.76   64 0.86      NA          NA   15
420       acs           3  1.65 4.37 0.65   57 0.75      NA          NA   10
347       acs           3  2.15 4.74 0.07   35 0.87      NA          NA   17
426       acs           3  1.71 3.87 0.90   44 0.75      NA          NA   11
409       acs           3  1.46 2.93 0.84   48 0.71      NA          NA   12
    dlb
424   1
420   1
347   1
426   1
409   1
# 2025-06-05 02:36:11 -04: Stopped because there is not enough budget left to race more than the minimum (5).
# You may either increase the budget or set 'minNbSurvival' to a lower value.
# Iteration: 9
# nbIterations: 9
# experimentsUsed: 2742
# timeUsed: 0
# remainingBudget: 8
# currentBudget: 8
# number of elites: 5
# nbConfigurations: 5
# Total CPU user time: 30240.22, CPU sys time: 229.888, Wall-clock time: 4416.471
# 2025-06-05 02:36:11 -04: Starting post-selection:
# Configurations selected: 424, 420, 347, 426, 409, 280.
# Pending instances: 1, 1, 1, 1, 1, 1.
# 2025-06-05 02:36:12 -04: seed: 20250512
# Configurations: 6
# Available experiments: 8
# minSurvival: 1
# Markers:
     x No test is performed.
     c Configurations are discarded only due to capping.
     - The test is performed and some configurations are discarded.
     = The test is performed but no configuration is discarded.
     ! The test is performed and configurations could be discarded but elite configurations are preserved.
     . All alive configurations are elite and nothing is discarded.

+-+-----------+-----------+-----------+----------------+-----------+--------+-----+----+------+
| |   Instance|      Alive|       Best|       Mean best| Exp so far|  W time|  rho|KenW|  Qvar|
+-+-----------+-----------+-----------+----------------+-----------+--------+-----+----+------+
|.|          8|          6|        409|     32788362.00|          0|00:00:00|   NA|  NA|    NA|
|.|          9|          6|        409|     32622823.50|          0|00:00:00|+0.54|0.77|0.7411|
|.|         18|          6|        409|     32649814.00|          0|00:00:00|+0.01|0.34|0.9381|
|.|         10|          6|        409|     32635333.75|          0|00:00:00|-0.22|0.09|0.9985|
|.|         11|          6|        409|     32592030.40|          0|00:00:00|-0.16|0.07|0.9425|
|.|         14|          6|        409|     32609798.50|          0|00:00:00|-0.10|0.09|0.8627|
|.|          4|          6|        409|     32645199.71|          0|00:00:00|-0.13|0.03|0.9187|
|.|         17|          6|        409|     32652463.50|          0|00:00:00|-0.10|0.04|0.9048|
|.|         19|          6|        409|     32647142.00|          0|00:00:00|-0.08|0.04|0.8905|
|.|          5|          6|        409|     32638740.00|          0|00:00:00|-0.07|0.04|0.8780|
|.|          2|          6|        409|     32630837.36|          0|00:00:00|-0.04|0.05|0.8652|
|.|         21|          6|        409|     32631071.42|          0|00:00:00|-0.06|0.03|0.8683|
|.|          6|          6|        409|     32631814.77|          0|00:00:00|-0.06|0.02|0.8869|
|.|         20|          6|        409|     32649026.71|          0|00:00:00|-0.05|0.03|0.8798|
|.|         12|          6|        409|     32614989.67|          0|00:00:00|-0.04|0.03|0.8728|
|.|          7|          6|        409|     32615744.38|          0|00:00:00|-0.02|0.04|0.8604|
|.|          1|          6|        409|     32593947.59|          0|00:00:00|-0.04|0.02|0.8643|
|.|          3|          6|        409|     32578524.78|          0|00:00:00|-0.04|0.01|0.8721|
|.|         16|          6|        409|     32583431.37|          0|00:00:00|-0.05|0.00|0.8741|
|.|         15|          6|        409|     32586757.65|          0|00:00:00|-0.05|0.00|0.8732|
|.|         22|          6|        409|     32574685.67|          0|00:00:00|-0.04|0.01|0.8654|
|.|         13|          6|        409|     32556123.95|          0|00:00:00|-0.03|0.02|0.8586|
|=|         23|          6|        424|     32544422.61|          6|00:00:10|-0.02|0.02|0.8503|
+-+-----------+-----------+-----------+----------------+-----------+--------+-----+----+------+
Best-so-far configuration:         424    mean value:      32544422.61
Description of the best-so-far configuration:
    .ID. algorithm localsearch alpha beta  rho ants   q0 rasrank elitistants
424  424       acs           3  1.83 3.57 0.76   64 0.86      NA          NA
    nnls dlb .PARENT.
424   15   1      280

# 2025-06-05 02:36:22 -04: Elite configurations (first number is the configuration ID; listed from best to worst according to the sum of ranks):
    algorithm localsearch alpha beta  rho ants   q0 rasrank elitistants nnls
424       acs           3  1.83 3.57 0.76   64 0.86      NA          NA   15
420       acs           3  1.65 4.37 0.65   57 0.75      NA          NA   10
347       acs           3  2.15 4.74 0.07   35 0.87      NA          NA   17
426       acs           3  1.71 3.87 0.90   44 0.75      NA          NA   11
409       acs           3  1.46 2.93 0.84   48 0.71      NA          NA   12
    dlb
424   1
420   1
347   1
426   1
409   1
# Total CPU user time: 30302.57, CPU sys time: 230.426, Wall-clock time: 4427.279
    .ID. algorithm localsearch alpha beta  rho ants   q0 rasrank elitistants
424  424       acs           3  1.83 3.57 0.76   64 0.86      NA          NA
420  420       acs           3  1.65 4.37 0.65   57 0.75      NA          NA
347  347       acs           3  2.15 4.74 0.07   35 0.87      NA          NA
426  426       acs           3  1.71 3.87 0.90   44 0.75      NA          NA
409  409       acs           3  1.46 2.93 0.84   48 0.71      NA          NA
    nnls dlb .PARENT. .RANK.   .WEIGHT.
424   15   1      280     74 0.33333333
420   10   1      414     75 0.26666667
347   17   1      265     76 0.20000000
426   11   1      409     84 0.13333333
409   12   1      280     85 0.06666667
