# 2025-06-06 05:59:05 -04: Reading parameter file '/home/dianag/PruebasPablo/irace-independent-executions/ACOTSP/Scenarios/E3-BH-N/Runs/E3-BH-N_seed_9876543210/parameters.txt'.
# 2025-06-06 05:59:05 -04: 1 expression(s) specifying forbidden configurations read.
# 2025-06-06 05:59:05 -04: Initialization
# Elitist race
# Elitist new instances: 1
# Elitist limit: 2
# nbIterations: 5
# minNbSurvival: 5
# nbParameters: 11
# seed: 1797763249
# confidence level: 0.95
# budget: 5500
# mu: 5
# deterministic: FALSE

# 2025-06-06 05:59:05 -04: Iteration 1 of 5
# experimentsUsed: 0
# remainingBudget: 5500
# currentBudget: 1100
# nbConfigurations: 183
# Markers:
     x No test is performed.
     c Configurations are discarded only due to capping.
     - The test is performed and some configurations are discarded.
     = The test is performed but no configuration is discarded.
     ! The test is performed and configurations could be discarded but elite configurations are preserved.
     . All alive configurations are elite and nothing is discarded.

+-+-----------+-----------+-----------+----------------+-----------+--------+-----+----+------+
| |   Instance|      Alive|       Best|       Mean best| Exp so far|  W time|  rho|KenW|  Qvar|
+-+-----------+-----------+-----------+----------------+-----------+--------+-----+----+------+
|x|          1|        183|         79|     32438646.00|        183|00:04:42|   NA|  NA|    NA|
|x|          2|        183|         48|     32455972.50|        366|00:04:42|+0.99|0.99|0.0015|
|x|          3|        183|         79|     32363229.33|        549|00:04:43|+0.98|0.99|0.0013|
|x|          4|        183|         79|     32496254.75|        732|00:04:46|+0.98|0.99|0.0014|
|-|          5|          8|         79|     32561417.80|        915|00:04:41|+0.34|0.47|0.4829|
|-|          6|          3|         48|     32609248.17|        923|00:00:21|+0.03|0.19|0.5949|
+-+-----------+-----------+-----------+----------------+-----------+--------+-----+----+------+
Best-so-far configuration:          48    mean value:      32609248.17
Description of the best-so-far configuration:
   .ID. algorithm localsearch alpha beta  rho ants   q0 rasrank elitistants
48   48       acs           3  2.46 7.41 0.83   50 0.33      NA          NA
   nnls dlb .PARENT.
48    9   0       NA

# 2025-06-06 06:23:04 -04: Elite configurations (first number is the configuration ID; listed from best to worst according to the sum of ranks):
    algorithm localsearch alpha beta  rho ants   q0 rasrank elitistants nnls
48        acs           3  2.46 7.41 0.83   50 0.33      NA          NA    9
79       mmas           3  1.02 3.90 0.62   12   NA      NA          NA   16
173       acs           3  3.18 6.51 0.16   14 0.59      NA          NA   28
    dlb
48    0
79    1
173   1
# 2025-06-06 06:23:04 -04: Iteration 2 of 5
# experimentsUsed: 923
# remainingBudget: 4577
# currentBudget: 1144
# nbConfigurations: 166
# Markers:
     x No test is performed.
     c Configurations are discarded only due to capping.
     - The test is performed and some configurations are discarded.
     = The test is performed but no configuration is discarded.
     ! The test is performed and configurations could be discarded but elite configurations are preserved.
     . All alive configurations are elite and nothing is discarded.

+-+-----------+-----------+-----------+----------------+-----------+--------+-----+----+------+
| |   Instance|      Alive|       Best|       Mean best| Exp so far|  W time|  rho|KenW|  Qvar|
+-+-----------+-----------+-----------+----------------+-----------+--------+-----+----+------+
|x|          7|        166|        264|     32539612.00|        166|00:04:15|   NA|  NA|    NA|
|x|          1|        166|        264|     32510265.50|        329|00:04:12|+0.97|0.98|0.0019|
|x|          6|        166|         48|     32630415.00|        492|00:04:12|+0.97|0.98|0.0022|
|x|          3|        166|         79|     32520411.00|        655|00:04:12|+0.97|0.98|0.0020|
|-|          4|         12|         79|     32595395.00|        818|00:04:11|+0.21|0.37|0.7371|
|-|          5|          5|         48|     32637002.50|        827|00:00:20|-0.02|0.15|0.7469|
+-+-----------+-----------+-----------+----------------+-----------+--------+-----+----+------+
Best-so-far configuration:          48    mean value:      32607973.71
Description of the best-so-far configuration:
   .ID. algorithm localsearch alpha beta  rho ants   q0 rasrank elitistants
48   48       acs           3  2.46 7.41 0.83   50 0.33      NA          NA
   nnls dlb .PARENT.
48    9   0       NA

# 2025-06-06 06:44:30 -04: Elite configurations (first number is the configuration ID; listed from best to worst according to the sum of ranks):
    algorithm localsearch alpha beta  rho ants   q0 rasrank elitistants nnls
48        acs           3  2.46 7.41 0.83   50 0.33      NA          NA    9
79       mmas           3  1.02 3.90 0.62   12   NA      NA          NA   16
173       acs           3  3.18 6.51 0.16   14 0.59      NA          NA   28
264       acs           3  2.24 7.27 0.59   52 0.13      NA          NA    6
287       acs           3  3.81 7.98 0.46    6 0.60      NA          NA   33
    dlb
48    0
79    1
173   1
264   0
287   1
# 2025-06-06 06:44:30 -04: Iteration 3 of 5
# experimentsUsed: 1750
# remainingBudget: 3750
# currentBudget: 1250
# nbConfigurations: 160
# Markers:
     x No test is performed.
     c Configurations are discarded only due to capping.
     - The test is performed and some configurations are discarded.
     = The test is performed but no configuration is discarded.
     ! The test is performed and configurations could be discarded but elite configurations are preserved.
     . All alive configurations are elite and nothing is discarded.

+-+-----------+-----------+-----------+----------------+-----------+--------+-----+----+------+
| |   Instance|      Alive|       Best|       Mean best| Exp so far|  W time|  rho|KenW|  Qvar|
+-+-----------+-----------+-----------+----------------+-----------+--------+-----+----+------+
|x|          8|        160|        408|     32485908.00|        160|00:03:53|   NA|  NA|    NA|
|x|          6|        160|        392|     32662850.00|        315|00:03:50|+0.93|0.96|0.0092|
|x|          3|        160|        491|     32530410.00|        470|00:03:51|+0.93|0.95|0.0064|
|x|          2|        160|        392|     32512322.25|        627|00:03:55|+0.94|0.95|0.0056|
|-|          7|         18|        392|     32534218.20|        782|00:03:50|-0.11|0.11|1.0763|
|=|          5|         18|         48|     32574237.50|        795|00:00:25|-0.09|0.09|1.0141|
|=|          1|         18|         48|     32560509.86|        808|00:00:26|-0.06|0.09|0.9778|
|=|          4|         18|         48|     32603301.25|        821|00:00:26|-0.03|0.10|0.9379|
|=|          9|         18|         48|     32600922.56|        839|00:00:31|+0.00|0.11|0.9135|
+-+-----------+-----------+-----------+----------------+-----------+--------+-----+----+------+
Best-so-far configuration:          48    mean value:      32600922.56
Description of the best-so-far configuration:
   .ID. algorithm localsearch alpha beta  rho ants   q0 rasrank elitistants
48   48       acs           3  2.46 7.41 0.83   50 0.33      NA          NA
   nnls dlb .PARENT.
48    9   0       NA

# 2025-06-06 07:05:42 -04: Elite configurations (first number is the configuration ID; listed from best to worst according to the sum of ranks):
    algorithm localsearch alpha beta  rho ants   q0 rasrank elitistants nnls
48        acs           3  2.46 7.41 0.83   50 0.33      NA          NA    9
79       mmas           3  1.02 3.90 0.62   12   NA      NA          NA   16
491       acs           3  1.52 6.34 0.78   45 0.29      NA          NA   17
399       acs           3  4.54 4.64 0.17   60 0.68      NA          NA   36
408       acs           3  3.09 5.96 0.88   67 0.30      NA          NA   10
    dlb
48    0
79    1
491   1
399   1
408   0
# 2025-06-06 07:05:42 -04: Iteration 4 of 5
# experimentsUsed: 2589
# remainingBudget: 2911
# currentBudget: 1455
# nbConfigurations: 150
# Markers:
     x No test is performed.
     c Configurations are discarded only due to capping.
     - The test is performed and some configurations are discarded.
     = The test is performed but no configuration is discarded.
     ! The test is performed and configurations could be discarded but elite configurations are preserved.
     . All alive configurations are elite and nothing is discarded.

+-+-----------+-----------+-----------+----------------+-----------+--------+-----+----+------+
| |   Instance|      Alive|       Best|       Mean best| Exp so far|  W time|  rho|KenW|  Qvar|
+-+-----------+-----------+-----------+----------------+-----------+--------+-----+----+------+
|x|         10|        150|        557|     32514420.00|        150|00:03:31|   NA|  NA|    NA|
|x|          1|        150|         48|     32515437.00|        295|00:03:23|+0.92|0.96|0.0071|
|x|          7|        150|        559|     32521615.67|        440|00:03:26|+0.90|0.93|0.0066|
|x|          2|        150|        537|     32503061.00|        585|00:03:25|+0.89|0.92|0.0056|
|-|          8|         22|        537|     32504397.60|        730|00:03:23|-0.13|0.10|1.0903|
|=|          6|         22|        537|     32552377.50|        747|00:00:31|-0.02|0.15|0.9910|
|=|          3|         22|        537|     32503266.00|        764|00:00:31|+0.00|0.15|0.9607|
|=|          5|         22|        537|     32528458.25|        781|00:00:31|+0.06|0.18|0.9070|
|-|          4|         11|        537|     32566695.00|        798|00:00:31|+0.11|0.21|0.8344|
|=|          9|         11|        537|     32575535.70|        804|00:00:10|+0.08|0.17|0.8581|
|-|         11|          7|        537|     32582865.55|        815|00:00:20|-0.01|0.08|0.8753|
|=|         12|          7|        537|     32574008.83|        822|00:00:10|-0.00|0.08|0.8658|
|=|         13|          7|        537|     32591808.15|        829|00:00:10|+0.02|0.10|0.8458|
+-+-----------+-----------+-----------+----------------+-----------+--------+-----+----+------+
Best-so-far configuration:         537    mean value:      32591808.15
Description of the best-so-far configuration:
    .ID. algorithm localsearch alpha beta  rho ants q0 rasrank elitistants nnls
537  537      mmas           3   0.9 5.43 0.86   19 NA      NA          NA   17
    dlb .PARENT.
537   1       79

# 2025-06-06 07:25:50 -04: Elite configurations (first number is the configuration ID; listed from best to worst according to the sum of ranks):
    algorithm localsearch alpha beta  rho ants   q0 rasrank elitistants nnls
537      mmas           3  0.90 5.43 0.86   19   NA      NA          NA   17
544       acs           3  1.41 4.73 0.82   54 0.70      NA          NA   13
602       acs           3  2.21 7.64 0.66   47 0.25      NA          NA   14
645       acs           3  2.47 6.14 0.78   50 0.31      NA          NA   15
584       acs           3  1.42 3.63 0.92   42 0.45      NA          NA   15
    dlb
537   1
544   1
602   1
645   1
584   1
# 2025-06-06 07:25:50 -04: Iteration 5 of 5
# experimentsUsed: 3418
# remainingBudget: 2082
# currentBudget: 2082
# nbConfigurations: 153
# Markers:
     x No test is performed.
     c Configurations are discarded only due to capping.
     - The test is performed and some configurations are discarded.
     = The test is performed but no configuration is discarded.
     ! The test is performed and configurations could be discarded but elite configurations are preserved.
     . All alive configurations are elite and nothing is discarded.

+-+-----------+-----------+-----------+----------------+-----------+--------+-----+----+------+
| |   Instance|      Alive|       Best|       Mean best| Exp so far|  W time|  rho|KenW|  Qvar|
+-+-----------+-----------+-----------+----------------+-----------+--------+-----+----+------+
|x|         14|        153|        779|     32506968.00|        153|00:03:27|   NA|  NA|    NA|
|x|         10|        153|        672|     32511779.00|        301|00:03:17|+0.79|0.90|0.0089|
|x|          2|        153|        647|     32477932.33|        449|00:03:17|+0.77|0.85|0.0096|
|x|          9|        153|        732|     32520212.00|        597|00:03:17|+0.78|0.83|0.0085|
|-|          8|         52|        677|     32526342.00|        745|00:03:17|-0.14|0.09|1.1293|
|=|          6|         52|        537|     32573173.67|        792|00:01:02|-0.07|0.10|1.0573|
|=|          1|         52|        677|     32553157.86|        839|00:01:02|-0.05|0.10|1.0331|
|=|          5|         52|        677|     32578499.25|        886|00:01:02|-0.02|0.11|0.9979|
|=|         12|         52|        677|     32565592.56|        933|00:01:02|-0.00|0.11|0.9940|
|=|          7|         52|        677|     32564839.60|        980|00:01:02|+0.01|0.11|0.9796|
|=|         11|         52|        677|     32569620.27|       1027|00:01:02|+0.01|0.10|0.9772|
|=|          3|         52|        677|     32539556.58|       1074|00:01:02|+0.01|0.10|0.9656|
|=|         13|         52|        677|     32558193.23|       1121|00:01:02|+0.02|0.10|0.9568|
|=|          4|         52|        677|     32581423.50|       1168|00:01:02|+0.03|0.10|0.9508|
|-|         15|         31|        677|     32568577.80|       1220|00:01:12|-0.04|0.03|1.0018|
|=|         16|         31|        677|     32565911.56|       1251|00:00:41|-0.03|0.04|0.9853|
|=|         17|         31|        677|     32571308.18|       1282|00:00:41|-0.03|0.03|0.9909|
+-+-----------+-----------+-----------+----------------+-----------+--------+-----+----+------+
Best-so-far configuration:         677    mean value:      32571308.18
Description of the best-so-far configuration:
    .ID. algorithm localsearch alpha beta  rho ants   q0 rasrank elitistants
677  677       acs           3  1.45 5.82 0.83   45 0.69      NA          NA
    nnls dlb .PARENT.
677   14   1      544

# 2025-06-06 07:54:29 -04: Elite configurations (first number is the configuration ID; listed from best to worst according to the sum of ranks):
    algorithm localsearch alpha beta  rho ants   q0 rasrank elitistants nnls
677       acs           3  1.45 5.82 0.83   45 0.69      NA          NA   14
723       acs           3  1.99 7.54 0.64   47 0.15      NA          NA   13
537      mmas           3  0.90 5.43 0.86   19   NA      NA          NA   17
660       acs           3  2.43 6.47 0.66   54 0.14      NA          NA   20
733       acs           3  1.88 6.89 0.59   37 0.21      NA          NA   12
    dlb
677   1
723   1
537   1
660   1
733   1
# 2025-06-06 07:54:29 -04: Iteration 6 of 6
# experimentsUsed: 4700
# remainingBudget: 800
# currentBudget: 800
# nbConfigurations: 49
# Markers:
     x No test is performed.
     c Configurations are discarded only due to capping.
     - The test is performed and some configurations are discarded.
     = The test is performed but no configuration is discarded.
     ! The test is performed and configurations could be discarded but elite configurations are preserved.
     . All alive configurations are elite and nothing is discarded.

+-+-----------+-----------+-----------+----------------+-----------+--------+-----+----+------+
| |   Instance|      Alive|       Best|       Mean best| Exp so far|  W time|  rho|KenW|  Qvar|
+-+-----------+-----------+-----------+----------------+-----------+--------+-----+----+------+
|x|         18|         49|        800|     32554290.00|         49|00:01:12|   NA|  NA|    NA|
|x|         11|         49|        820|     32602023.50|         93|00:01:02|+0.48|0.74|0.0567|
|x|          3|         49|        820|     32458068.67|        137|00:01:02|+0.58|0.72|0.0482|
|x|          1|         49|        677|     32463775.50|        181|00:01:02|+0.55|0.66|0.0466|
|-|         15|         29|        677|     32448768.00|        225|00:01:02|-0.10|0.12|1.0713|
|=|          9|         29|        677|     32474826.17|        249|00:00:31|-0.09|0.09|1.0389|
|=|          2|         29|        828|     32467174.14|        273|00:00:31|-0.04|0.11|1.0082|
|=|          7|         29|        807|     32478787.38|        297|00:00:31|-0.01|0.12|0.9634|
|=|         14|         29|        677|     32488282.22|        321|00:00:31|+0.02|0.13|0.9307|
|=|          8|         29|        807|     32485042.90|        345|00:00:31|+0.01|0.11|0.9378|
|=|         16|         29|        833|     32493150.18|        369|00:00:31|+0.00|0.09|0.9456|
|=|          6|         29|        833|     32519097.58|        393|00:00:31|+0.02|0.10|0.9279|
|=|         17|         29|        802|     32528521.46|        417|00:00:31|+0.02|0.10|0.9256|
|=|         10|         29|        677|     32530277.86|        441|00:00:31|+0.02|0.09|0.9273|
|=|         12|         29|        677|     32525748.60|        465|00:00:31|+0.01|0.08|0.9384|
|=|          5|         29|        677|     32540132.38|        489|00:00:31|+0.02|0.08|0.9302|
|-|          4|         19|        677|     32560325.59|        513|00:00:31|-0.03|0.03|0.9694|
|=|         13|         19|        677|     32572631.56|        527|00:00:20|-0.02|0.03|0.9675|
|=|         19|         19|        677|     32583881.63|        546|00:00:31|-0.02|0.03|0.9687|
+-+-----------+-----------+-----------+----------------+-----------+--------+-----+----+------+
Best-so-far configuration:         677    mean value:      32583881.63
Description of the best-so-far configuration:
    .ID. algorithm localsearch alpha beta  rho ants   q0 rasrank elitistants
677  677       acs           3  1.45 5.82 0.83   45 0.69      NA          NA
    nnls dlb .PARENT.
677   14   1      544

# 2025-06-06 08:07:01 -04: Elite configurations (first number is the configuration ID; listed from best to worst according to the sum of ranks):
    algorithm localsearch alpha beta  rho ants   q0 rasrank elitistants nnls
677       acs           3  1.45 5.82 0.83   45 0.69      NA          NA   14
828       acs           3  2.17 7.35 0.70   48 0.09      NA          NA   13
802       acs           3  1.78 6.64 0.89   51 0.70      NA          NA   17
833       acs           3  1.51 4.95 0.75   40 0.67      NA          NA   17
723       acs           3  1.99 7.54 0.64   47 0.15      NA          NA   13
    dlb
677   1
828   1
802   1
833   1
723   1
# 2025-06-06 08:07:01 -04: Iteration 7 of 7
# experimentsUsed: 5246
# remainingBudget: 254
# currentBudget: 254
# nbConfigurations: 17
# Markers:
     x No test is performed.
     c Configurations are discarded only due to capping.
     - The test is performed and some configurations are discarded.
     = The test is performed but no configuration is discarded.
     ! The test is performed and configurations could be discarded but elite configurations are preserved.
     . All alive configurations are elite and nothing is discarded.

+-+-----------+-----------+-----------+----------------+-----------+--------+-----+----+------+
| |   Instance|      Alive|       Best|       Mean best| Exp so far|  W time|  rho|KenW|  Qvar|
+-+-----------+-----------+-----------+----------------+-----------+--------+-----+----+------+
|x|         20|         17|        843|     32468431.00|         17|00:00:31|   NA|  NA|    NA|
|x|          4|         17|        843|     32673410.50|         29|00:00:20|-0.18|0.41|1.1036|
|x|          9|         17|        843|     32636626.33|         41|00:00:21|+0.09|0.39|0.8818|
|x|          8|         17|        843|     32606904.75|         53|00:00:20|+0.03|0.27|0.8546|
|=|          6|         17|        843|     32652436.60|         65|00:00:20|+0.09|0.27|0.8181|
|=|         13|         17|        843|     32674517.50|         77|00:00:20|+0.13|0.27|0.7862|
|-|         11|         13|        843|     32666103.57|         89|00:00:21|-0.06|0.09|0.9604|
|=|         14|         13|        833|     32653257.50|         97|00:00:10|-0.00|0.12|0.9134|
|=|         15|         13|        833|     32625849.11|        105|00:00:10|-0.04|0.07|0.9378|
|=|         18|         13|        677|     32621844.80|        113|00:00:10|-0.04|0.06|0.9484|
|=|         10|         13|        677|     32611448.00|        121|00:00:10|-0.01|0.08|0.9355|
|=|         19|         13|        677|     32626025.92|        129|00:00:10|-0.00|0.08|0.9318|
|=|          2|         13|        677|     32613619.92|        137|00:00:10|-0.00|0.07|0.9268|
|=|          1|         13|        677|     32600767.79|        145|00:00:10|+0.01|0.08|0.9152|
|=|          5|         13|        677|     32611109.20|        153|00:00:10|+0.01|0.08|0.9115|
|=|          7|         13|        677|     32607793.81|        161|00:00:10|+0.02|0.08|0.9007|
|=|         12|         13|        677|     32599237.65|        169|00:00:10|+0.02|0.08|0.9052|
|=|         17|         13|        677|     32602483.00|        177|00:00:10|+0.03|0.08|0.8983|
|=|          3|         13|        677|     32581765.79|        185|00:00:10|+0.03|0.08|0.8930|
|-|         16|          6|        677|     32578973.40|        193|00:00:10|-0.03|0.02|0.8529|
|=|         21|          6|        677|     32570114.81|        199|00:00:10|-0.02|0.03|0.8408|
|=|         22|          6|        677|     32569378.45|        205|00:00:10|-0.02|0.03|0.8395|
+-+-----------+-----------+-----------+----------------+-----------+--------+-----+----+------+
Best-so-far configuration:         677    mean value:      32569378.45
Description of the best-so-far configuration:
    .ID. algorithm localsearch alpha beta  rho ants   q0 rasrank elitistants
677  677       acs           3  1.45 5.82 0.83   45 0.69      NA          NA
    nnls dlb .PARENT.
677   14   1      544

# 2025-06-06 08:12:16 -04: Elite configurations (first number is the configuration ID; listed from best to worst according to the sum of ranks):
    algorithm localsearch alpha beta  rho ants   q0 rasrank elitistants nnls
677       acs           3  1.45 5.82 0.83   45 0.69      NA          NA   14
843       acs           3  2.18 7.02 0.70   48 0.17      NA          NA   12
833       acs           3  1.51 4.95 0.75   40 0.67      NA          NA   17
802       acs           3  1.78 6.64 0.89   51 0.70      NA          NA   17
828       acs           3  2.17 7.35 0.70   48 0.09      NA          NA   13
    dlb
677   1
843   1
833   1
802   1
828   1
# 2025-06-06 08:12:16 -04: Iteration 8 of 8
# experimentsUsed: 5451
# remainingBudget: 49
# currentBudget: 49
# nbConfigurations: 6
# Markers:
     x No test is performed.
     c Configurations are discarded only due to capping.
     - The test is performed and some configurations are discarded.
     = The test is performed but no configuration is discarded.
     ! The test is performed and configurations could be discarded but elite configurations are preserved.
     . All alive configurations are elite and nothing is discarded.

+-+-----------+-----------+-----------+----------------+-----------+--------+-----+----+------+
| |   Instance|      Alive|       Best|       Mean best| Exp so far|  W time|  rho|KenW|  Qvar|
+-+-----------+-----------+-----------+----------------+-----------+--------+-----+----+------+
|x|         23|          6|        843|     32675350.00|          6|00:00:10|   NA|  NA|    NA|
|x|         17|          6|        828|     32676675.00|          7|00:00:10|+0.49|0.74|0.6468|
|x|         20|          6|        843|     32607063.00|          8|00:00:10|+0.62|0.75|0.5700|
|x|         15|          6|        677|     32559128.75|          9|00:00:10|+0.19|0.39|0.8122|
|=|          8|          6|        843|     32548158.40|         10|00:00:10|-0.07|0.15|0.9190|
|=|         21|          6|        677|     32526841.83|         11|00:00:10|-0.06|0.12|0.8892|
|=|          4|          6|        677|     32577781.14|         12|00:00:10|+0.00|0.14|0.8317|
|=|          2|          6|        843|     32557935.00|         13|00:00:10|+0.03|0.15|0.8263|
|=|          5|          6|        677|     32585011.67|         14|00:00:10|-0.01|0.10|0.8672|
|=|         19|          6|        677|     32605148.80|         15|00:00:10|+0.03|0.13|0.8290|
|=|         16|          6|        677|     32597946.00|         16|00:00:10|+0.01|0.10|0.8343|
|=|         14|          6|        677|     32591681.50|         17|00:00:10|-0.00|0.08|0.8366|
|=|          3|          6|        677|     32562233.38|         18|00:00:10|+0.02|0.09|0.8227|
|=|          7|          6|        677|     32561935.50|         19|00:00:10|+0.02|0.09|0.8213|
|=|         10|          6|        677|     32558305.13|         20|00:00:10|+0.02|0.08|0.8194|
|=|          9|          6|        677|     32561230.88|         21|00:00:10|+0.01|0.07|0.8097|
|=|         18|          6|        677|     32563224.88|         22|00:00:10|+0.00|0.06|0.8239|
|=|         12|          6|        677|     32557620.11|         23|00:00:10|-0.01|0.05|0.8278|
|=|          1|          6|        677|     32551097.47|         24|00:00:10|-0.00|0.05|0.8215|
|=|         11|          6|        677|     32554413.95|         25|00:00:10|+0.00|0.05|0.8168|
|=|         13|          6|        677|     32565243.43|         26|00:00:10|-0.01|0.04|0.8207|
|=|          6|          6|        677|     32576218.95|         27|00:00:10|-0.01|0.03|0.8261|
|=|         22|          6|        677|     32575249.22|         28|00:00:10|-0.02|0.03|0.8264|
|=|         24|          6|        677|     32575534.17|         34|00:00:10|-0.01|0.03|0.8186|
+-+-----------+-----------+-----------+----------------+-----------+--------+-----+----+------+
Best-so-far configuration:         677    mean value:      32575534.17
Description of the best-so-far configuration:
    .ID. algorithm localsearch alpha beta  rho ants   q0 rasrank elitistants
677  677       acs           3  1.45 5.82 0.83   45 0.69      NA          NA
    nnls dlb .PARENT.
677   14   1      544

# 2025-06-06 08:16:27 -04: Elite configurations (first number is the configuration ID; listed from best to worst according to the sum of ranks):
    algorithm localsearch alpha beta  rho ants   q0 rasrank elitistants nnls
677       acs           3  1.45 5.82 0.83   45 0.69      NA          NA   14
843       acs           3  2.18 7.02 0.70   48 0.17      NA          NA   12
833       acs           3  1.51 4.95 0.75   40 0.67      NA          NA   17
802       acs           3  1.78 6.64 0.89   51 0.70      NA          NA   17
828       acs           3  2.17 7.35 0.70   48 0.09      NA          NA   13
    dlb
677   1
843   1
833   1
802   1
828   1
# 2025-06-06 08:16:27 -04: Stopped because there is not enough budget left to race more than the minimum (5).
# You may either increase the budget or set 'minNbSurvival' to a lower value.
# Iteration: 9
# nbIterations: 9
# experimentsUsed: 5485
# timeUsed: 0
# remainingBudget: 15
# currentBudget: 15
# number of elites: 5
# nbConfigurations: 5
# Total CPU user time: 60910.66, CPU sys time: 458.155, Wall-clock time: 8241.488
# 2025-06-06 08:16:27 -04: Starting post-selection:
# Configurations selected: 677, 843, 833, 802, 828, 723, 537.
# Pending instances: 1, 1, 1, 1, 1, 3, 6.
# 2025-06-06 08:16:27 -04: seed: 1797763249
# Configurations: 7
# Available experiments: 15
# minSurvival: 1
# Markers:
     x No test is performed.
     c Configurations are discarded only due to capping.
     - The test is performed and some configurations are discarded.
     = The test is performed but no configuration is discarded.
     ! The test is performed and configurations could be discarded but elite configurations are preserved.
     . All alive configurations are elite and nothing is discarded.

+-+-----------+-----------+-----------+----------------+-----------+--------+-----+----+------+
| |   Instance|      Alive|       Best|       Mean best| Exp so far|  W time|  rho|KenW|  Qvar|
+-+-----------+-----------+-----------+----------------+-----------+--------+-----+----+------+
|x|         23|          7|        843|     32675350.00|          2|00:00:10|   NA|  NA|    NA|
|.|          2|          7|        843|     32554908.00|          2|00:00:00|-0.14|0.43|0.8675|
|.|         13|          7|        843|     32631579.33|          2|00:00:00|-0.25|0.17|0.9374|
|x|         22|          7|        828|     32624074.75|          3|00:00:10|-0.17|0.12|0.9319|
|x|         20|          7|        843|     32593793.00|          4|00:00:10|-0.01|0.19|0.8098|
|.|          7|          7|        843|     32578881.50|          4|00:00:00|+0.04|0.20|0.7697|
|.|          6|          7|        843|     32615407.57|          4|00:00:00|-0.04|0.11|0.8812|
|x|         21|          7|        677|     32593541.25|          5|00:00:10|-0.04|0.09|0.8879|
|x|         24|          7|        843|     32586271.22|          7|00:00:10|-0.02|0.09|0.8643|
|.|         14|          7|        843|     32586151.30|          7|00:00:00|-0.06|0.05|0.8948|
|.|          4|          7|        843|     32612718.45|          7|00:00:00|-0.04|0.06|0.8764|
|.|         11|          7|        843|     32612960.25|          7|00:00:00|-0.06|0.03|0.8903|
|.|         19|          7|        843|     32631091.08|          7|00:00:00|-0.03|0.05|0.8641|
|.|         17|          7|        843|     32634399.43|          7|00:00:00|-0.04|0.03|0.8783|
|.|         18|          7|        843|     32631336.47|          7|00:00:00|-0.02|0.05|0.8655|
|.|         10|          7|        843|     32626817.06|          7|00:00:00|-0.02|0.04|0.8619|
|.|          3|          7|        843|     32599110.41|          7|00:00:00|-0.02|0.04|0.8622|
|.|         12|          7|        843|     32589403.67|          7|00:00:00|-0.01|0.05|0.8548|
|.|         15|          7|        843|     32579533.11|          7|00:00:00|-0.01|0.04|0.8572|
|.|          5|          7|        843|     32592950.75|          7|00:00:00|-0.01|0.04|0.8591|
|.|         16|          7|        843|     32590174.52|          7|00:00:00|-0.01|0.04|0.8619|
|.|          1|          7|        843|     32584780.73|          7|00:00:00|-0.01|0.04|0.8507|
|.|          9|          7|        843|     32583836.26|          7|00:00:00|-0.01|0.04|0.8524|
|.|          8|          7|        843|     32581082.25|          7|00:00:00|-0.01|0.03|0.8582|
|=|         25|          7|        677|     32561256.36|         14|00:00:10|-0.00|0.04|0.8507|
+-+-----------+-----------+-----------+----------------+-----------+--------+-----+----+------+
Best-so-far configuration:         677    mean value:      32561256.36
Description of the best-so-far configuration:
    .ID. algorithm localsearch alpha beta  rho ants   q0 rasrank elitistants
677  677       acs           3  1.45 5.82 0.83   45 0.69      NA          NA
    nnls dlb .PARENT.
677   14   1      544

# 2025-06-06 08:17:29 -04: Elite configurations (first number is the configuration ID; listed from best to worst according to the sum of ranks):
    algorithm localsearch alpha beta  rho ants   q0 rasrank elitistants nnls
677       acs           3  1.45 5.82 0.83   45 0.69      NA          NA   14
843       acs           3  2.18 7.02 0.70   48 0.17      NA          NA   12
537      mmas           3  0.90 5.43 0.86   19   NA      NA          NA   17
833       acs           3  1.51 4.95 0.75   40 0.67      NA          NA   17
802       acs           3  1.78 6.64 0.89   51 0.70      NA          NA   17
    dlb
677   1
843   1
537   1
833   1
802   1
# Total CPU user time: 61055.67, CPU sys time: 459.304, Wall-clock time: 8304.087
    .ID. algorithm localsearch alpha beta  rho ants   q0 rasrank elitistants
677  677       acs           3  1.45 5.82 0.83   45 0.69      NA          NA
843  843       acs           3  2.18 7.02 0.70   48 0.17      NA          NA
537  537      mmas           3  0.90 5.43 0.86   19   NA      NA          NA
833  833       acs           3  1.51 4.95 0.75   40 0.67      NA          NA
802  802       acs           3  1.78 6.64 0.89   51 0.70      NA          NA
    nnls dlb .PARENT. .RANK.   .WEIGHT.
677   14   1      544     85 0.33333333
843   12   1      828     88 0.26666667
537   17   1       79     99 0.20000000
833   17   1      677    102 0.13333333
802   17   1      677    105 0.06666667
