# 2025-06-05 20:08:31 -04: Reading parameter file '/home/dianag/PruebasPablo/irace-independent-executions/ACOTSP/Scenarios/E2-BL-SR/Runs/E2-BL-SR_seed_1357924680/parameters.txt'.
# 2025-06-05 20:08:31 -04: 1 expression(s) specifying forbidden configurations read.
# 2025-06-05 20:08:31 -04: Initialization
# Elitist race
# Elitist new instances: 1
# Elitist limit: 2
# nbIterations: 5
# minNbSurvival: 5
# nbParameters: 11
# seed: 1357924680
# confidence level: 0.95
# budget: 2750
# mu: 5
# deterministic: FALSE

# 2025-06-05 20:08:31 -04: Iteration 1 of 5
# experimentsUsed: 0
# remainingBudget: 2750
# currentBudget: 550
# nbConfigurations: 91
# Markers:
     x No test is performed.
     c Configurations are discarded only due to capping.
     - The test is performed and some configurations are discarded.
     = The test is performed but no configuration is discarded.
     ! The test is performed and configurations could be discarded but elite configurations are preserved.
     . All alive configurations are elite and nothing is discarded.

+-+-----------+-----------+-----------+----------------+-----------+--------+-----+----+------+
| |   Instance|      Alive|       Best|       Mean best| Exp so far|  W time|  rho|KenW|  Qvar|
+-+-----------+-----------+-----------+----------------+-----------+--------+-----+----+------+
|x|          1|         91|         52|     32444630.00|         91|00:02:37|   NA|  NA|    NA|
|x|          2|         91|         52|     32459397.50|        182|00:02:36|+0.98|0.99|0.0008|
|x|          3|         91|         52|     32524910.67|        273|00:02:32|+0.98|0.99|0.0010|
|x|          4|         91|         52|     32467294.50|        364|00:02:36|+0.98|0.98|0.0016|
|-|          5|          3|         52|     32445512.00|        455|00:02:32|+0.70|0.76|0.1094|
+-+-----------+-----------+-----------+----------------+-----------+--------+-----+----+------+
Best-so-far configuration:          52    mean value:      32445512.00
Description of the best-so-far configuration:
   .ID. algorithm localsearch alpha beta  rho ants   q0 rasrank elitistants
52   52       acs           3  3.89 2.23 0.25   50 0.19      NA          NA
   nnls dlb .PARENT.
52    7   1       NA

# 2025-06-05 20:21:26 -04: Elite configurations (first number is the configuration ID; listed from best to worst according to the sum of ranks):
   algorithm localsearch alpha beta  rho ants   q0 rasrank elitistants nnls dlb
52       acs           3  3.89 2.23 0.25   50 0.19      NA          NA    7   1
46       acs           2  3.73 5.66 0.47   53 0.72      NA          NA   11   1
11       eas           3  1.94 3.94 0.17   18   NA      NA         431   13   0
# 2025-06-05 20:21:26 -04: Iteration 2 of 5
# experimentsUsed: 455
# remainingBudget: 2295
# currentBudget: 573
# nbConfigurations: 84
# Markers:
     x No test is performed.
     c Configurations are discarded only due to capping.
     - The test is performed and some configurations are discarded.
     = The test is performed but no configuration is discarded.
     ! The test is performed and configurations could be discarded but elite configurations are preserved.
     . All alive configurations are elite and nothing is discarded.

+-+-----------+-----------+-----------+----------------+-----------+--------+-----+----+------+
| |   Instance|      Alive|       Best|       Mean best| Exp so far|  W time|  rho|KenW|  Qvar|
+-+-----------+-----------+-----------+----------------+-----------+--------+-----+----+------+
|x|          6|         84|        121|     32468682.00|         84|00:02:02|   NA|  NA|    NA|
|x|          3|         84|        121|     32533308.50|        165|00:01:58|+0.98|0.99|0.0020|
|x|          1|         84|        102|     32485833.67|        246|00:01:57|+0.98|0.99|0.0014|
|x|          4|         84|        102|     32431151.00|        327|00:01:57|+0.98|0.98|0.0015|
|-|          5|          7|        102|     32420564.80|        408|00:01:57|+0.61|0.69|0.1634|
|-|          2|          5|        102|     32435326.33|        412|00:00:10|-0.07|0.11|0.8375|
+-+-----------+-----------+-----------+----------------+-----------+--------+-----+----+------+
Best-so-far configuration:         102    mean value:      32435326.33
Description of the best-so-far configuration:
    .ID. algorithm localsearch alpha beta  rho ants   q0 rasrank elitistants
102  102       acs           3  3.57 2.98 0.21   51 0.45      NA          NA
    nnls dlb .PARENT.
102   19   1       52

# 2025-06-05 20:31:31 -04: Elite configurations (first number is the configuration ID; listed from best to worst according to the sum of ranks):
    algorithm localsearch alpha beta  rho ants   q0 rasrank elitistants nnls
102       acs           3  3.57 2.98 0.21   51 0.45      NA          NA   19
127       acs           3  4.04 7.47 0.75   64 0.34      NA          NA   16
121       acs           3  3.34 0.71 0.20   42 0.21      NA          NA   12
52        acs           3  3.89 2.23 0.25   50 0.19      NA          NA    7
116       acs           3  2.69 3.10 0.05   19 0.29      NA          NA    7
    dlb
102   1
127   1
121   1
52    1
116   1
# 2025-06-05 20:31:31 -04: Iteration 3 of 5
# experimentsUsed: 867
# remainingBudget: 1883
# currentBudget: 627
# nbConfigurations: 82
# Markers:
     x No test is performed.
     c Configurations are discarded only due to capping.
     - The test is performed and some configurations are discarded.
     = The test is performed but no configuration is discarded.
     ! The test is performed and configurations could be discarded but elite configurations are preserved.
     . All alive configurations are elite and nothing is discarded.

+-+-----------+-----------+-----------+----------------+-----------+--------+-----+----+------+
| |   Instance|      Alive|       Best|       Mean best| Exp so far|  W time|  rho|KenW|  Qvar|
+-+-----------+-----------+-----------+----------------+-----------+--------+-----+----+------+
|x|          7|         82|        238|     32277371.00|         82|00:01:54|   NA|  NA|    NA|
|x|          3|         82|        176|     32430288.50|        159|00:01:44|+0.97|0.98|0.0125|
|x|          2|         82|        176|     32444908.67|        236|00:01:44|+0.96|0.98|0.0083|
|x|          5|         82|        176|     32422945.75|        313|00:01:44|+0.96|0.97|0.0072|
|-|          4|         11|        176|     32398381.60|        390|00:01:44|-0.04|0.17|0.9295|
|=|          6|         11|        182|     32411496.00|        396|00:00:10|+0.02|0.18|0.8620|
|=|          1|         11|        182|     32399071.29|        402|00:00:10|+0.09|0.22|0.8021|
|=|          8|         11|        182|     32414331.00|        413|00:00:20|+0.09|0.20|0.8062|
+-+-----------+-----------+-----------+----------------+-----------+--------+-----+----+------+
Best-so-far configuration:         182    mean value:      32414331.00
Description of the best-so-far configuration:
    .ID. algorithm localsearch alpha beta  rho ants   q0 rasrank elitistants
182  182       acs           3  3.11 8.58 0.84   56 0.07      NA          NA
    nnls dlb .PARENT.
182   24   1      127

# 2025-06-05 20:41:05 -04: Elite configurations (first number is the configuration ID; listed from best to worst according to the sum of ranks):
    algorithm localsearch alpha beta  rho ants   q0 rasrank elitistants nnls
182       acs           3  3.11 8.58 0.84   56 0.07      NA          NA   24
176       acs           3  2.69 6.84 0.20   48 0.63      NA          NA   15
102       acs           3  3.57 2.98 0.21   51 0.45      NA          NA   19
127       acs           3  4.04 7.47 0.75   64 0.34      NA          NA   16
192       acs           3  2.86 3.88 0.48   25 0.35      NA          NA   24
    dlb
182   1
176   1
102   1
127   1
192   1
# 2025-06-05 20:41:05 -04: Iteration 4 of 5
# experimentsUsed: 1280
# remainingBudget: 1470
# currentBudget: 735
# nbConfigurations: 86
# Markers:
     x No test is performed.
     c Configurations are discarded only due to capping.
     - The test is performed and some configurations are discarded.
     = The test is performed but no configuration is discarded.
     ! The test is performed and configurations could be discarded but elite configurations are preserved.
     . All alive configurations are elite and nothing is discarded.

+-+-----------+-----------+-----------+----------------+-----------+--------+-----+----+------+
| |   Instance|      Alive|       Best|       Mean best| Exp so far|  W time|  rho|KenW|  Qvar|
+-+-----------+-----------+-----------+----------------+-----------+--------+-----+----+------+
|x|          9|         86|        319|     32496564.00|         86|00:02:02|   NA|  NA|    NA|
|x|          5|         86|        176|     32433384.50|        167|00:01:54|+0.82|0.91|0.0124|
|x|          3|         86|        176|     32480953.33|        248|00:01:54|+0.83|0.88|0.0074|
|x|          7|         86|        176|     32431836.50|        329|00:01:54|+0.80|0.85|0.0058|
|-|          1|         16|        264|     32436444.60|        410|00:01:54|+0.03|0.23|0.8943|
|=|          2|         16|        176|     32434088.33|        421|00:00:20|-0.01|0.16|0.9201|
|=|          8|         16|        176|     32442764.57|        432|00:00:20|+0.03|0.17|0.9070|
|=|          4|         16|        176|     32424934.62|        443|00:00:20|+0.02|0.14|0.9253|
|=|          6|         16|        319|     32425191.11|        454|00:00:20|-0.00|0.11|0.9386|
|=|         10|         16|        176|     32442827.60|        470|00:00:21|+0.01|0.11|0.9246|
+-+-----------+-----------+-----------+----------------+-----------+--------+-----+----+------+
Best-so-far configuration:         176    mean value:      32442827.60
Description of the best-so-far configuration:
    .ID. algorithm localsearch alpha beta rho ants   q0 rasrank elitistants
176  176       acs           3  2.69 6.84 0.2   48 0.63      NA          NA
    nnls dlb .PARENT.
176   15   1      102

# 2025-06-05 20:52:31 -04: Elite configurations (first number is the configuration ID; listed from best to worst according to the sum of ranks):
    algorithm localsearch alpha beta  rho ants   q0 rasrank elitistants nnls
176       acs           3  2.69 6.84 0.20   48 0.63      NA          NA   15
319       acs           3  2.46 6.74 0.40   50 0.68      NA          NA   13
290       acs           3  3.60 5.76 0.29   59 0.83      NA          NA   11
182       acs           3  3.11 8.58 0.84   56 0.07      NA          NA   24
322       acs           3  2.95 7.61 0.43   52 0.66      NA          NA   14
    dlb
176   1
319   1
290   1
182   1
322   1
# 2025-06-05 20:52:31 -04: Iteration 5 of 5
# experimentsUsed: 1750
# remainingBudget: 1000
# currentBudget: 1000
# nbConfigurations: 95
# Markers:
     x No test is performed.
     c Configurations are discarded only due to capping.
     - The test is performed and some configurations are discarded.
     = The test is performed but no configuration is discarded.
     ! The test is performed and configurations could be discarded but elite configurations are preserved.
     . All alive configurations are elite and nothing is discarded.

+-+-----------+-----------+-----------+----------------+-----------+--------+-----+----+------+
| |   Instance|      Alive|       Best|       Mean best| Exp so far|  W time|  rho|KenW|  Qvar|
+-+-----------+-----------+-----------+----------------+-----------+--------+-----+----+------+
|x|         11|         95|        407|     32495295.00|         95|00:02:04|   NA|  NA|    NA|
|x|          8|         95|        383|     32501229.00|        185|00:02:04|+0.63|0.81|0.0058|
|x|          4|         95|        383|     32416447.33|        275|00:02:05|+0.68|0.79|0.0047|
|x|          9|         95|        383|     32450576.00|        365|00:02:04|+0.67|0.75|0.0056|
|-|          3|         33|        390|     32489213.20|        455|00:02:04|-0.06|0.15|1.0115|
|=|          7|         33|        407|     32445823.83|        483|00:00:41|-0.03|0.14|0.9898|
|=|          6|         33|        319|     32450533.71|        511|00:00:41|-0.02|0.12|0.9726|
|=|          5|         33|        319|     32441126.50|        539|00:00:41|-0.00|0.12|0.9634|
|=|          2|         33|        383|     32442149.89|        567|00:00:41|+0.00|0.12|0.9606|
|=|         10|         33|        383|     32456095.40|        595|00:00:41|+0.01|0.11|0.9537|
|=|          1|         33|        383|     32449836.18|        623|00:00:41|+0.03|0.12|0.9368|
|=|         12|         33|        383|     32465949.92|        656|00:00:52|+0.03|0.11|0.9326|
+-+-----------+-----------+-----------+----------------+-----------+--------+-----+----+------+
Best-so-far configuration:         383    mean value:      32465949.92
Description of the best-so-far configuration:
    .ID. algorithm localsearch alpha beta  rho ants   q0 rasrank elitistants
383  383       acs           3  3.78 4.28 0.26   64 0.75      NA          NA
    nnls dlb .PARENT.
383   15   1      290

# 2025-06-05 21:07:58 -04: Elite configurations (first number is the configuration ID; listed from best to worst according to the sum of ranks):
    algorithm localsearch alpha beta  rho ants   q0 rasrank elitistants nnls
383       acs           3  3.78 4.28 0.26   64 0.75      NA          NA   15
319       acs           3  2.46 6.74 0.40   50 0.68      NA          NA   13
290       acs           3  3.60 5.76 0.29   59 0.83      NA          NA   11
351       acs           3  3.13 4.63 0.18   51 0.69      NA          NA   14
182       acs           3  3.11 8.58 0.84   56 0.07      NA          NA   24
    dlb
383   1
319   1
290   1
351   1
182   1
# 2025-06-05 21:07:58 -04: Iteration 6 of 6
# experimentsUsed: 2406
# remainingBudget: 344
# currentBudget: 344
# nbConfigurations: 31
# Markers:
     x No test is performed.
     c Configurations are discarded only due to capping.
     - The test is performed and some configurations are discarded.
     = The test is performed but no configuration is discarded.
     ! The test is performed and configurations could be discarded but elite configurations are preserved.
     . All alive configurations are elite and nothing is discarded.

+-+-----------+-----------+-----------+----------------+-----------+--------+-----+----+------+
| |   Instance|      Alive|       Best|       Mean best| Exp so far|  W time|  rho|KenW|  Qvar|
+-+-----------+-----------+-----------+----------------+-----------+--------+-----+----+------+
|x|         13|         31|        438|     32228681.00|         31|00:00:42|   NA|  NA|    NA|
|x|         12|         31|        319|     32450750.50|         57|00:00:41|+0.30|0.65|0.2678|
|x|          8|         31|        319|     32469049.33|         83|00:00:41|+0.30|0.53|0.3094|
|x|          5|         31|        319|     32445606.00|        109|00:00:41|+0.41|0.56|0.2852|
|-|          6|         10|        319|     32438273.60|        135|00:00:41|+0.04|0.23|0.8535|
|=|          2|         10|        319|     32442930.17|        140|00:00:10|+0.07|0.23|0.8354|
|=|          4|         10|        383|     32407421.00|        145|00:00:10|+0.04|0.17|0.8792|
|=|          9|         10|        383|     32425613.62|        150|00:00:10|+0.02|0.15|0.9033|
|=|          7|         10|        383|     32411611.44|        155|00:00:10|+0.02|0.13|0.9033|
|=|          3|         10|        319|     32433229.70|        160|00:00:10|+0.02|0.12|0.9112|
|=|         10|         10|        319|     32447730.55|        165|00:00:10|+0.00|0.09|0.9196|
|=|          1|         10|        319|     32443413.33|        170|00:00:10|+0.02|0.10|0.9030|
|=|         11|         10|        319|     32452722.23|        175|00:00:10|+0.01|0.09|0.9092|
|=|         14|         10|        319|     32491998.14|        185|00:00:20|-0.01|0.06|0.9213|
+-+-----------+-----------+-----------+----------------+-----------+--------+-----+----+------+
Best-so-far configuration:         319    mean value:      32491998.14
Description of the best-so-far configuration:
    .ID. algorithm localsearch alpha beta rho ants   q0 rasrank elitistants
319  319       acs           3  2.46 6.74 0.4   50 0.68      NA          NA
    nnls dlb .PARENT.
319   13   1      176

# 2025-06-05 21:13:11 -04: Elite configurations (first number is the configuration ID; listed from best to worst according to the sum of ranks):
    algorithm localsearch alpha beta  rho ants   q0 rasrank elitistants nnls
319       acs           3  2.46 6.74 0.40   50 0.68      NA          NA   13
351       acs           3  3.13 4.63 0.18   51 0.69      NA          NA   14
383       acs           3  3.78 4.28 0.26   64 0.75      NA          NA   15
290       acs           3  3.60 5.76 0.29   59 0.83      NA          NA   11
182       acs           3  3.11 8.58 0.84   56 0.07      NA          NA   24
    dlb
319   1
351   1
383   1
290   1
182   1
# 2025-06-05 21:13:11 -04: Iteration 7 of 7
# experimentsUsed: 2591
# remainingBudget: 159
# currentBudget: 159
# nbConfigurations: 15
# Markers:
     x No test is performed.
     c Configurations are discarded only due to capping.
     - The test is performed and some configurations are discarded.
     = The test is performed but no configuration is discarded.
     ! The test is performed and configurations could be discarded but elite configurations are preserved.
     . All alive configurations are elite and nothing is discarded.

+-+-----------+-----------+-----------+----------------+-----------+--------+-----+----+------+
| |   Instance|      Alive|       Best|       Mean best| Exp so far|  W time|  rho|KenW|  Qvar|
+-+-----------+-----------+-----------+----------------+-----------+--------+-----+----+------+
|x|         15|         15|        455|     32484924.00|         15|00:00:21|   NA|  NA|    NA|
|x|          6|         15|        453|     32455489.00|         25|00:00:20|+0.10|0.55|0.3551|
|x|          2|         15|        447|     32440957.00|         35|00:00:20|+0.29|0.53|0.2940|
|x|          4|         15|        447|     32397978.75|         45|00:00:21|+0.42|0.56|0.2504|
|-|          5|         11|        383|     32414859.40|         55|00:00:20|-0.13|0.10|0.9790|
|=|         10|         11|        182|     32420657.83|         61|00:00:10|-0.10|0.09|0.9879|
|=|          1|         11|        182|     32406924.29|         67|00:00:10|-0.02|0.13|0.9140|
|=|          3|         11|        351|     32446507.25|         73|00:00:10|-0.01|0.11|0.8978|
|=|          7|         11|        351|     32430534.89|         79|00:00:10|-0.00|0.11|0.8931|
|=|         11|         11|        351|     32447354.40|         85|00:00:10|+0.01|0.11|0.8867|
|=|         14|         11|        290|     32484366.27|         91|00:00:10|+0.00|0.09|0.8876|
|=|         13|         11|        290|     32468381.42|         97|00:00:10|+0.01|0.09|0.8829|
|=|         12|         11|        351|     32486793.77|        103|00:00:10|+0.04|0.11|0.8585|
|=|          8|         11|        290|     32485888.86|        109|00:00:10|+0.00|0.07|0.8951|
|=|          9|         11|        351|     32494743.27|        115|00:00:10|+0.01|0.08|0.8889|
|=|         16|         11|        447|     32491623.69|        126|00:00:20|+0.03|0.09|0.8659|
+-+-----------+-----------+-----------+----------------+-----------+--------+-----+----+------+
Best-so-far configuration:         447    mean value:      32491623.69
Description of the best-so-far configuration:
    .ID. algorithm localsearch alpha beta  rho ants   q0 rasrank elitistants
447  447       acs           3  3.19 5.13 0.21   53 0.65      NA          NA
    nnls dlb .PARENT.
447   17   1      351

# 2025-06-05 21:17:02 -04: Elite configurations (first number is the configuration ID; listed from best to worst according to the sum of ranks):
    algorithm localsearch alpha beta  rho ants   q0 rasrank elitistants nnls
447       acs           3  3.19 5.13 0.21   53 0.65      NA          NA   17
351       acs           3  3.13 4.63 0.18   51 0.69      NA          NA   14
290       acs           3  3.60 5.76 0.29   59 0.83      NA          NA   11
319       acs           3  2.46 6.74 0.40   50 0.68      NA          NA   13
383       acs           3  3.78 4.28 0.26   64 0.75      NA          NA   15
    dlb
447   1
351   1
290   1
319   1
383   1
# 2025-06-05 21:17:02 -04: Iteration 8 of 8
# experimentsUsed: 2717
# remainingBudget: 33
# currentBudget: 33
# nbConfigurations: 6
# Markers:
     x No test is performed.
     c Configurations are discarded only due to capping.
     - The test is performed and some configurations are discarded.
     = The test is performed but no configuration is discarded.
     ! The test is performed and configurations could be discarded but elite configurations are preserved.
     . All alive configurations are elite and nothing is discarded.

+-+-----------+-----------+-----------+----------------+-----------+--------+-----+----+------+
| |   Instance|      Alive|       Best|       Mean best| Exp so far|  W time|  rho|KenW|  Qvar|
+-+-----------+-----------+-----------+----------------+-----------+--------+-----+----+------+
|x|         17|          6|        383|     32546743.00|          6|00:00:10|   NA|  NA|    NA|
|x|         14|          6|        290|     32738113.00|          7|00:00:10|-0.37|0.31|0.8645|
|x|         11|          6|        290|     32674706.00|          8|00:00:10|-0.10|0.26|0.7924|
|x|          6|          6|        383|     32628088.25|          9|00:00:10|-0.09|0.19|0.8574|
|=|          8|          6|        383|     32593190.80|         10|00:00:10|+0.06|0.25|0.7647|
|=|          3|          6|        383|     32604981.33|         11|00:00:10|+0.06|0.22|0.8068|
|=|          9|          6|        319|     32595533.14|         12|00:00:10|+0.07|0.21|0.8166|
|=|          4|          6|        383|     32553716.75|         13|00:00:10|-0.04|0.09|0.8824|
|=|         13|          6|        319|     32525942.44|         14|00:00:10|+0.00|0.11|0.8474|
|=|         10|          6|        290|     32524849.70|         15|00:00:10|-0.00|0.10|0.8541|
|=|          7|          6|        383|     32509607.00|         16|00:00:10|-0.00|0.09|0.8535|
|=|         16|          6|        447|     32505565.42|         17|00:00:10|-0.03|0.06|0.8636|
|=|          1|          6|        447|     32494851.31|         18|00:00:10|-0.00|0.07|0.8399|
|=|         15|          6|        447|     32495473.07|         19|00:00:10|-0.02|0.05|0.8413|
|=|          2|          6|        447|     32489724.33|         20|00:00:10|-0.01|0.05|0.8309|
|=|          5|          6|        447|     32486622.12|         21|00:00:10|-0.03|0.04|0.8426|
|=|         12|          6|        447|     32494983.12|         22|00:00:10|-0.02|0.04|0.8455|
|=|         18|          6|        447|     32525434.72|         28|00:00:10|-0.01|0.04|0.8328|
+-+-----------+-----------+-----------+----------------+-----------+--------+-----+----+------+
Best-so-far configuration:         447    mean value:      32525434.72
Description of the best-so-far configuration:
    .ID. algorithm localsearch alpha beta  rho ants   q0 rasrank elitistants
447  447       acs           3  3.19 5.13 0.21   53 0.65      NA          NA
    nnls dlb .PARENT.
447   17   1      351

# 2025-06-05 21:20:10 -04: Elite configurations (first number is the configuration ID; listed from best to worst according to the sum of ranks):
    algorithm localsearch alpha beta  rho ants   q0 rasrank elitistants nnls
447       acs           3  3.19 5.13 0.21   53 0.65      NA          NA   17
351       acs           3  3.13 4.63 0.18   51 0.69      NA          NA   14
319       acs           3  2.46 6.74 0.40   50 0.68      NA          NA   13
383       acs           3  3.78 4.28 0.26   64 0.75      NA          NA   15
290       acs           3  3.60 5.76 0.29   59 0.83      NA          NA   11
    dlb
447   1
351   1
319   1
383   1
290   1
# 2025-06-05 21:20:10 -04: Stopped because there is not enough budget left to race more than the minimum (5).
# You may either increase the budget or set 'minNbSurvival' to a lower value.
# Iteration: 9
# nbIterations: 9
# experimentsUsed: 2745
# timeUsed: 0
# remainingBudget: 5
# currentBudget: 5
# number of elites: 5
# nbConfigurations: 5
# Total CPU user time: 29659.73, CPU sys time: 228.643, Wall-clock time: 4299.477
# 2025-06-05 21:20:10 -04: Starting post-selection:
# Configurations selected: 447, 351, 319, 383, 290.
# Pending instances: 0, 0, 0, 0, 0.
# 2025-06-05 21:20:10 -04: seed: 1357924680
# Configurations: 5
# Available experiments: 5
# minSurvival: 1
# Markers:
     x No test is performed.
     c Configurations are discarded only due to capping.
     - The test is performed and some configurations are discarded.
     = The test is performed but no configuration is discarded.
     ! The test is performed and configurations could be discarded but elite configurations are preserved.
     . All alive configurations are elite and nothing is discarded.

+-+-----------+-----------+-----------+----------------+-----------+--------+-----+----+------+
| |   Instance|      Alive|       Best|       Mean best| Exp so far|  W time|  rho|KenW|  Qvar|
+-+-----------+-----------+-----------+----------------+-----------+--------+-----+----+------+
|.|          1|          5|        290|     32329514.00|          0|00:00:00|   NA|  NA|    NA|
|.|         13|          5|        290|     32311031.00|          0|00:00:00|-0.10|0.45|0.9260|
|.|          3|          5|        290|     32404488.67|          0|00:00:00|+0.17|0.44|0.6180|
|.|          6|          5|        290|     32421156.50|          0|00:00:00|-0.12|0.16|0.8055|
|.|          5|          5|        290|     32414755.20|          0|00:00:00|-0.10|0.12|0.8786|
|.|         10|          5|        290|     32438808.83|          0|00:00:00|-0.15|0.04|0.9165|
|.|         14|          5|        290|     32506477.14|          0|00:00:00|-0.10|0.06|0.8595|
|.|          8|          5|        290|     32506391.25|          0|00:00:00|-0.09|0.05|0.8599|
|.|         17|          5|        290|     32512763.22|          0|00:00:00|-0.08|0.04|0.8379|
|.|         16|          5|        290|     32509943.30|          0|00:00:00|-0.08|0.02|0.8320|
|.|          9|          5|        290|     32513891.09|          0|00:00:00|-0.07|0.03|0.8311|
|.|          4|          5|        290|     32491986.08|          0|00:00:00|-0.08|0.01|0.8451|
|.|         15|          5|        290|     32493105.69|          0|00:00:00|-0.07|0.01|0.8268|
|.|         11|          5|        290|     32497019.00|          0|00:00:00|-0.07|0.01|0.8217|
|.|          7|          5|        290|     32486178.33|          0|00:00:00|-0.06|0.01|0.8250|
|.|         18|          5|        290|     32520275.25|          0|00:00:00|-0.06|0.00|0.8301|
|.|          2|          5|        290|     32515280.47|          0|00:00:00|-0.06|0.01|0.8241|
|.|         12|          5|        290|     32524213.61|          0|00:00:00|-0.05|0.01|0.8303|
|=|         19|          5|        447|     32520736.32|          5|00:00:10|-0.04|0.01|0.8306|
+-+-----------+-----------+-----------+----------------+-----------+--------+-----+----+------+
Best-so-far configuration:         447    mean value:      32520736.32
Description of the best-so-far configuration:
    .ID. algorithm localsearch alpha beta  rho ants   q0 rasrank elitistants
447  447       acs           3  3.19 5.13 0.21   53 0.65      NA          NA
    nnls dlb .PARENT.
447   17   1      351

# 2025-06-05 21:20:21 -04: Elite configurations (first number is the configuration ID; listed from best to worst according to the sum of ranks):
    algorithm localsearch alpha beta  rho ants   q0 rasrank elitistants nnls
447       acs           3  3.19 5.13 0.21   53 0.65      NA          NA   17
351       acs           3  3.13 4.63 0.18   51 0.69      NA          NA   14
319       acs           3  2.46 6.74 0.40   50 0.68      NA          NA   13
383       acs           3  3.78 4.28 0.26   64 0.75      NA          NA   15
290       acs           3  3.60 5.76 0.29   59 0.83      NA          NA   11
    dlb
447   1
351   1
319   1
383   1
290   1
# Total CPU user time: 29711.6, CPU sys time: 229.034, Wall-clock time: 4310.007
    .ID. algorithm localsearch alpha beta  rho ants   q0 rasrank elitistants
447  447       acs           3  3.19 5.13 0.21   53 0.65      NA          NA
351  351       acs           3  3.13 4.63 0.18   51 0.69      NA          NA
319  319       acs           3  2.46 6.74 0.40   50 0.68      NA          NA
383  383       acs           3  3.78 4.28 0.26   64 0.75      NA          NA
290  290       acs           3  3.60 5.76 0.29   59 0.83      NA          NA
    nnls dlb .PARENT. .RANK.   .WEIGHT.
447   17   1      351     52 0.33333333
351   14   1      290     56 0.26666667
319   13   1      176     58 0.20000000
383   15   1      290     59 0.13333333
290   11   1      176     60 0.06666667
