# 2025-06-08 16:37:52 -04: Reading parameter file '/home/dianag/PruebasPablo/irace-independent-executions/MMASQAP/Scenarios/E3-BH-N/Runs/E3-BH-N_seed_20250512/parameters.txt'.
# 2025-06-08 16:37:52 -04: Initialization
# Elitist race
# Elitist new instances: 1
# Elitist limit: 2
# nbIterations: 3
# minNbSurvival: 3
# nbParameters: 3
# seed: 20250512
# confidence level: 0.95
# budget: 1500
# mu: 5
# deterministic: FALSE

# 2025-06-08 16:37:52 -04: Iteration 1 of 3
# experimentsUsed: 0
# remainingBudget: 1500
# currentBudget: 500
# nbConfigurations: 83
# Markers:
     x No test is performed.
     c Configurations are discarded only due to capping.
     - The test is performed and some configurations are discarded.
     = The test is performed but no configuration is discarded.
     ! The test is performed and configurations could be discarded but elite configurations are preserved.
     . All alive configurations are elite and nothing is discarded.

+-+-----------+-----------+-----------+----------------+-----------+--------+-----+----+------+
| |   Instance|      Alive|       Best|       Mean best| Exp so far|  W time|  rho|KenW|  Qvar|
+-+-----------+-----------+-----------+----------------+-----------+--------+-----+----+------+
|x|          1|         83|          8|     478494.0000|         83|00:00:28|   NA|  NA|    NA|
|x|          2|         83|          9|     428931.0000|        166|00:00:28|+0.36|0.68|0.3371|
|x|          3|         83|          9|     2730702.667|        249|00:00:28|+0.33|0.55|0.5238|
|x|          4|         83|          9|     2184511.000|        332|00:00:29|+0.34|0.50|0.4695|
|-|          5|         22|          9|     3233372.400|        415|00:00:28|+0.06|0.25|0.9835|
|-|          6|         12|          9|     3936831.000|        437|00:00:13|-0.05|0.13|0.9413|
|=|          7|         12|         49|     4411494.000|        449|00:00:09|-0.06|0.09|0.9613|
|=|          8|         12|         49|     4782431.500|        461|00:00:09|-0.08|0.06|0.9667|
+-+-----------+-----------+-----------+----------------+-----------+--------+-----+----+------+
Best-so-far configuration:          49    mean value:      4782431.500
Description of the best-so-far configuration:
   .ID. localsearch  rho ants .PARENT.
49   49           3 0.31   82       NA

# 2025-06-08 16:40:49 -04: Elite configurations (first number is the configuration ID; listed from best to worst according to the sum of ranks):
   localsearch  rho ants
49           3 0.31   82
68           3 0.18    2
80           3 0.49   95
# 2025-06-08 16:40:49 -04: Iteration 2 of 3
# experimentsUsed: 461
# remainingBudget: 1039
# currentBudget: 519
# nbConfigurations: 60
# Markers:
     x No test is performed.
     c Configurations are discarded only due to capping.
     - The test is performed and some configurations are discarded.
     = The test is performed but no configuration is discarded.
     ! The test is performed and configurations could be discarded but elite configurations are preserved.
     . All alive configurations are elite and nothing is discarded.

+-+-----------+-----------+-----------+----------------+-----------+--------+-----+----+------+
| |   Instance|      Alive|       Best|       Mean best| Exp so far|  W time|  rho|KenW|  Qvar|
+-+-----------+-----------+-----------+----------------+-----------+--------+-----+----+------+
|x|          9|         60|        110|     7042724.000|         60|00:00:23|   NA|  NA|    NA|
|x|          5|         60|        130|     7231398.000|        117|00:00:21|+0.69|0.84|0.2742|
|x|          3|         60|        130|     7258319.333|        174|00:00:22|+0.74|0.83|0.2195|
|x|          4|         60|        128|     5581105.500|        231|00:00:21|+0.38|0.53|0.5899|
|-|          2|         22|         49|     4547964.400|        288|00:00:21|-0.01|0.19|0.9445|
|=|          6|         22|        130|     5025378.000|        307|00:00:12|+0.04|0.20|0.8622|
|=|          1|         22|        130|     4376205.714|        326|00:00:14|+0.07|0.21|0.8409|
|-|          7|          8|        130|     4739233.000|        345|00:00:12|+0.01|0.13|0.9102|
|=|          8|          8|        130|     5033865.333|        350|00:00:05|-0.05|0.07|0.9360|
|=|         10|          8|        130|     5280203.400|        358|00:00:05|-0.04|0.06|0.9128|
+-+-----------+-----------+-----------+----------------+-----------+--------+-----+----+------+
Best-so-far configuration:         130    mean value:      5280203.400
Description of the best-so-far configuration:
    .ID. localsearch  rho ants .PARENT.
130  130           3 0.41   64       49

# 2025-06-08 16:43:30 -04: Elite configurations (first number is the configuration ID; listed from best to worst according to the sum of ranks):
    localsearch  rho ants
130           3 0.41   64
101           3 0.23    1
127           3 0.15    3
# 2025-06-08 16:43:30 -04: Iteration 3 of 3
# experimentsUsed: 819
# remainingBudget: 681
# currentBudget: 681
# nbConfigurations: 64
# Markers:
     x No test is performed.
     c Configurations are discarded only due to capping.
     - The test is performed and some configurations are discarded.
     = The test is performed but no configuration is discarded.
     ! The test is performed and configurations could be discarded but elite configurations are preserved.
     . All alive configurations are elite and nothing is discarded.

+-+-----------+-----------+-----------+----------------+-----------+--------+-----+----+------+
| |   Instance|      Alive|       Best|       Mean best| Exp so far|  W time|  rho|KenW|  Qvar|
+-+-----------+-----------+-----------+----------------+-----------+--------+-----+----+------+
|x|         11|         64|        165|     7380276.000|         64|00:00:34|   NA|  NA|    NA|
|x|          3|         64|        160|     7345657.000|        125|00:00:33|+0.72|0.86|0.2860|
|x|          7|         64|        189|     7327888.000|        186|00:00:33|+0.64|0.76|0.2344|
|x|          2|         64|        130|     5591412.000|        247|00:00:32|+0.39|0.55|0.5557|
|-|          4|         38|        175|     4584137.600|        308|00:00:33|-0.06|0.15|1.0580|
|=|          5|         38|        175|     5054535.000|        343|00:00:23|-0.01|0.16|1.0045|
|=|          9|         38|        175|     5341894.857|        378|00:00:23|+0.01|0.15|0.9792|
|=|          1|         38|        175|     4734052.000|        413|00:00:23|+0.04|0.16|0.9490|
|=|          8|         38|        175|     5026470.000|        448|00:00:23|+0.02|0.13|0.9671|
|=|         10|         38|        175|     5272749.600|        483|00:00:22|-0.00|0.10|0.9719|
|=|          6|         38|        130|     5472273.636|        518|00:00:23|+0.01|0.10|0.9657|
|=|         12|         38|        171|     5042102.500|        556|00:00:23|+0.01|0.09|0.9685|
+-+-----------+-----------+-----------+----------------+-----------+--------+-----+----+------+
Best-so-far configuration:         171    mean value:      5042102.500
Description of the best-so-far configuration:
    .ID. localsearch  rho ants .PARENT.
171  171           3 0.17    6      101

# 2025-06-08 16:49:01 -04: Elite configurations (first number is the configuration ID; listed from best to worst according to the sum of ranks):
    localsearch  rho ants
171           3 0.17    6
175           3 0.20    5
155           3 0.28    3
# 2025-06-08 16:49:01 -04: Iteration 4 of 4
# experimentsUsed: 1375
# remainingBudget: 125
# currentBudget: 125
# nbConfigurations: 12
# Markers:
     x No test is performed.
     c Configurations are discarded only due to capping.
     - The test is performed and some configurations are discarded.
     = The test is performed but no configuration is discarded.
     ! The test is performed and configurations could be discarded but elite configurations are preserved.
     . All alive configurations are elite and nothing is discarded.

+-+-----------+-----------+-----------+----------------+-----------+--------+-----+----+------+
| |   Instance|      Alive|       Best|       Mean best| Exp so far|  W time|  rho|KenW|  Qvar|
+-+-----------+-----------+-----------+----------------+-----------+--------+-----+----+------+
|x|         13|         12|        171|     7653326.000|         12|00:00:09|   NA|  NA|    NA|
|x|          7|         12|        202|     7483928.000|         21|00:00:08|-0.31|0.34|0.9836|
|x|          1|         12|        203|     5146592.667|         30|00:00:08|-0.17|0.22|0.9371|
|x|          4|         12|        171|     3989932.000|         39|00:00:08|-0.01|0.24|0.8352|
|=|         12|         12|        171|     3253505.600|         48|00:00:08|+0.06|0.25|0.8169|
|=|          3|         12|        171|     3932572.667|         57|00:00:09|-0.04|0.13|0.9295|
|=|         11|         12|        171|     4426585.714|         66|00:00:09|-0.01|0.13|0.9058|
|=|          2|         12|        175|     3925382.500|         75|00:00:08|-0.02|0.11|0.9401|
|=|         10|         12|        171|     4316422.000|         84|00:00:08|-0.01|0.10|0.9307|
|=|          8|         12|        171|     4621197.200|         93|00:00:09|-0.05|0.06|0.9517|
|=|          9|         12|        171|     4844036.909|        102|00:00:09|-0.06|0.04|0.9553|
|=|          5|         12|        175|     5060893.000|        111|00:00:09|-0.04|0.05|0.9441|
|=|          6|         12|        175|     5245658.308|        120|00:00:09|-0.06|0.03|0.9601|
+-+-----------+-----------+-----------+----------------+-----------+--------+-----+----+------+
Best-so-far configuration:         175    mean value:      5245658.308
Description of the best-so-far configuration:
    .ID. localsearch rho ants .PARENT.
175  175           3 0.2    5      101

# 2025-06-08 16:50:59 -04: Elite configurations (first number is the configuration ID; listed from best to worst according to the sum of ranks):
    localsearch  rho ants
175           3 0.20    5
171           3 0.17    6
155           3 0.28    3
# 2025-06-08 16:50:59 -04: Stopped because there is not enough budget left to race more than the minimum (3).
# You may either increase the budget or set 'minNbSurvival' to a lower value.
# Iteration: 5
# nbIterations: 5
# experimentsUsed: 1495
# timeUsed: 0
# remainingBudget: 5
# currentBudget: 5
# number of elites: 3
# nbConfigurations: 3
# Total CPU user time: 5354.855, CPU sys time: 35.567, Wall-clock time: 786.646
# 2025-06-08 16:50:59 -04: Starting post-selection:
# Configurations selected: 175, 171, 155, 202, 203.
# Pending instances: 0, 0, 0, 0, 0.
# 2025-06-08 16:50:59 -04: seed: 20250512
# Configurations: 5
# Available experiments: 5
# minSurvival: 1
# Markers:
     x No test is performed.
     c Configurations are discarded only due to capping.
     - The test is performed and some configurations are discarded.
     = The test is performed but no configuration is discarded.
     ! The test is performed and configurations could be discarded but elite configurations are preserved.
     . All alive configurations are elite and nothing is discarded.

+-+-----------+-----------+-----------+----------------+-----------+--------+-----+----+------+
| |   Instance|      Alive|       Best|       Mean best| Exp so far|  W time|  rho|KenW|  Qvar|
+-+-----------+-----------+-----------+----------------+-----------+--------+-----+----+------+
|.|          1|          5|        203|     478574.0000|          0|00:00:00|   NA|  NA|    NA|
|.|         12|          5|        203|     397062.0000|          0|00:00:00|+0.21|0.60|0.3550|
|.|          5|          5|        203|     2734788.000|          0|00:00:00|+0.41|0.60|0.2775|
|.|         10|          5|        203|     3922251.000|          0|00:00:00|+0.04|0.28|0.5608|
|.|         11|          5|        203|     4617653.600|          0|00:00:00|-0.01|0.20|0.6819|
|.|          3|          5|        203|     5070989.000|          0|00:00:00|+0.01|0.18|0.7077|
|.|         13|          5|        203|     5443898.000|          0|00:00:00|+0.00|0.14|0.6834|
|.|          7|          5|        203|     5673392.250|          0|00:00:00|-0.09|0.05|0.7826|
|.|          8|          5|        203|     5861248.444|          0|00:00:00|-0.08|0.04|0.7836|
|.|          9|          5|        203|     5981463.000|          0|00:00:00|-0.05|0.05|0.7729|
|.|          4|          5|        203|     5487640.909|          0|00:00:00|-0.01|0.08|0.7283|
|.|          2|          5|        203|     5063163.000|          0|00:00:00|-0.04|0.05|0.7668|
|.|          6|          5|        203|     5247044.769|          0|00:00:00|-0.06|0.02|0.8116|
|=|         14|          5|        155|     4902628.714|          5|00:00:04|-0.06|0.01|0.8258|
+-+-----------+-----------+-----------+----------------+-----------+--------+-----+----+------+
Best-so-far configuration:         155    mean value:      4902628.714
Description of the best-so-far configuration:
    .ID. localsearch  rho ants .PARENT.
155  155           3 0.28    3      101

# 2025-06-08 16:51:04 -04: Elite configurations (first number is the configuration ID; listed from best to worst according to the sum of ranks):
    localsearch  rho ants
155           3 0.28    3
175           3 0.20    5
171           3 0.17    6
# Total CPU user time: 5377.752, CPU sys time: 35.677, Wall-clock time: 791.655
    .ID. localsearch  rho ants .PARENT. .RANK.  .WEIGHT.
155  155           3 0.28    3      101   40.0 0.5000000
175  175           3 0.20    5      101   40.0 0.3333333
171  171           3 0.17    6      101   41.5 0.1666667
