# 2025-05-21 17:11:12 -04: Reading parameter file '/home/dianag/PruebasPablo/irace-independent-executions/PSO-X/Scenarios/E6-BL-Multimodal-SR/Runs/E6-BL-Multimodal-SR_seed_999888777/parameters.txt'.
# 2025-05-21 17:11:12 -04: 2 expression(s) specifying forbidden configurations read.
# 2025-05-21 17:11:12 -04: Initialization
# Elitist race
# Elitist new instances: 1
# Elitist limit: 2
# nbIterations: 5
# minNbSurvival: 5
# nbParameters: 8
# seed: 999888777
# confidence level: 0.95
# budget: 2000
# mu: 5
# deterministic: FALSE

# 2025-05-21 17:11:12 -04: Iteration 1 of 5
# experimentsUsed: 0
# remainingBudget: 2000
# currentBudget: 400
# nbConfigurations: 66
# Markers:
     x No test is performed.
     c Configurations are discarded only due to capping.
     - The test is performed and some configurations are discarded.
     = The test is performed but no configuration is discarded.
     ! The test is performed and configurations could be discarded but elite configurations are preserved.
     . All alive configurations are elite and nothing is discarded.

+-+-----------+-----------+-----------+----------------+-----------+--------+-----+----+------+
| |   Instance|      Alive|       Best|       Mean best| Exp so far|  W time|  rho|KenW|  Qvar|
+-+-----------+-----------+-----------+----------------+-----------+--------+-----+----+------+
|x|          1|         66|         25|     3.860524889|         66|00:00:47|   NA|  NA|    NA|
|x|          2|         66|         46|     8.209825172|        132|00:00:21|+0.43|0.72|0.5587|
|x|          3|         66|         44|     228.6075100|        198|00:00:20|+0.34|0.56|0.6372|
|x|          4|         66|         44|     171.5451653|        264|00:00:20|+0.45|0.59|0.5290|
|-|          5|         24|         62|     275.0158933|        330|00:00:20|-0.02|0.19|0.8950|
|=|          6|         24|         44|     279.4449509|        354|00:00:02|-0.00|0.16|0.8559|
|=|          7|         24|         44|     239.5355959|        378|00:00:02|+0.07|0.21|0.8295|
+-+-----------+-----------+-----------+----------------+-----------+--------+-----+----+------+
Best-so-far configuration:          44    mean value:      239.5355959
Description of the best-so-far configuration:
   .ID. particles topology modInfluence branching tSchedule phi1 phi2 inertia
44   44       198        4            2        NA        NA 1.57 2.05    0.61
   .PARENT.
44       NA

# 2025-05-21 17:13:28 -04: Elite configurations (first number is the configuration ID; listed from best to worst according to the sum of ranks):
   particles topology modInfluence branching tSchedule phi1 phi2 inertia
44       198        4            2        NA        NA 1.57 2.05    0.61
2         58        4            2        NA        NA 0.83 1.77    0.87
62        44        5            2        NA         2 2.49 2.42    0.87
15        21        3            1        NA        NA 0.36 1.62    0.82
30        39        4            0        NA        NA 1.38 0.91    0.68
# 2025-05-21 17:13:28 -04: Iteration 2 of 5
# experimentsUsed: 378
# remainingBudget: 1622
# currentBudget: 405
# nbConfigurations: 55
# Markers:
     x No test is performed.
     c Configurations are discarded only due to capping.
     - The test is performed and some configurations are discarded.
     = The test is performed but no configuration is discarded.
     ! The test is performed and configurations could be discarded but elite configurations are preserved.
     . All alive configurations are elite and nothing is discarded.

+-+-----------+-----------+-----------+----------------+-----------+--------+-----+----+------+
| |   Instance|      Alive|       Best|       Mean best| Exp so far|  W time|  rho|KenW|  Qvar|
+-+-----------+-----------+-----------+----------------+-----------+--------+-----+----+------+
|x|          8|         55|         92|     180.9347361|         55|00:00:16|   NA|  NA|    NA|
|x|          1|         55|         92|     92.50628954|        105|00:00:39|+0.41|0.70|0.6446|
|x|          2|         55|         30|     68.46575265|        155|00:00:15|+0.44|0.63|0.6986|
|x|          5|         55|         92|     89.69756486|        205|00:00:15|+0.54|0.66|0.5855|
|-|          3|         21|         92|     301.5102083|        255|00:00:15|+0.04|0.23|0.8825|
|=|          7|         21|         62|     259.9424075|        271|00:00:02|+0.03|0.19|0.8827|
|=|          4|         21|         62|     222.8802633|        287|00:00:02|+0.05|0.19|0.9043|
|=|          6|         21|         83|     2166.495861|        303|00:00:02|+0.01|0.14|0.9213|
|=|          9|         21|         83|     1930.208933|        324|00:00:18|+0.01|0.12|0.9460|
+-+-----------+-----------+-----------+----------------+-----------+--------+-----+----+------+
Best-so-far configuration:          83    mean value:      1930.208933
Description of the best-so-far configuration:
   .ID. particles topology modInfluence branching tSchedule phi1 phi2 inertia
83   83       198        5            0        NA         3 2.01 1.67    0.75
   .PARENT.
83       44

# 2025-05-21 17:15:35 -04: Elite configurations (first number is the configuration ID; listed from best to worst according to the sum of ranks):
   particles topology modInfluence branching tSchedule phi1 phi2 inertia
83       198        5            0        NA         3 2.01 1.67    0.75
62        44        5            2        NA         2 2.49 2.42    0.87
85       125        4            2        NA        NA 0.50 1.22    0.88
44       198        4            2        NA        NA 1.57 2.05    0.61
2         58        4            2        NA        NA 0.83 1.77    0.87
# 2025-05-21 17:15:35 -04: Iteration 3 of 5
# experimentsUsed: 702
# remainingBudget: 1298
# currentBudget: 432
# nbConfigurations: 47
# Markers:
     x No test is performed.
     c Configurations are discarded only due to capping.
     - The test is performed and some configurations are discarded.
     = The test is performed but no configuration is discarded.
     ! The test is performed and configurations could be discarded but elite configurations are preserved.
     . All alive configurations are elite and nothing is discarded.

+-+-----------+-----------+-----------+----------------+-----------+--------+-----+----+------+
| |   Instance|      Alive|       Best|       Mean best| Exp so far|  W time|  rho|KenW|  Qvar|
+-+-----------+-----------+-----------+----------------+-----------+--------+-----+----+------+
|x|         10|         47|        120|     16.55597054|         47|00:00:13|   NA|  NA|    NA|
|x|          5|         47|        120|     123.2351111|         89|00:00:13|-0.50|0.25|0.8344|
|x|          8|         47|        140|     130.2482419|        131|00:00:13|-0.01|0.33|0.5701|
|x|          4|         47|         83|     103.5539959|        173|00:00:13|+0.08|0.31|0.6976|
|=|          9|         47|        132|     93.15916525|        215|00:00:36|+0.09|0.27|0.7995|
|-|          3|         33|        157|     117.8398688|        257|00:00:12|-0.11|0.08|1.0535|
|=|          2|         33|        157|     102.7972888|        285|00:00:07|-0.06|0.09|1.0065|
|=|          1|         33|        157|     93.14693948|        313|00:00:18|-0.02|0.10|0.9713|
|=|          6|         33|        157|     134.5101286|        341|00:00:06|-0.05|0.07|0.9772|
|=|          7|         33|        157|     121.1240719|        369|00:00:06|-0.02|0.08|0.9378|
|=|         11|         33|        157|     112.0194721|        402|00:00:07|-0.02|0.07|0.9575|
+-+-----------+-----------+-----------+----------------+-----------+--------+-----+----+------+
Best-so-far configuration:         157    mean value:      112.0194721
Description of the best-so-far configuration:
    .ID. particles topology modInfluence branching tSchedule phi1 phi2 inertia
157  157       186        4            0        NA        NA 1.54 2.39    0.57
    .PARENT.
157       44

# 2025-05-21 17:18:04 -04: Elite configurations (first number is the configuration ID; listed from best to worst according to the sum of ranks):
    particles topology modInfluence branching tSchedule phi1 phi2 inertia
157       186        4            0        NA        NA 1.54 2.39    0.57
44        198        4            2        NA        NA 1.57 2.05    0.61
145        15        5            1        NA         3 2.36 1.91    0.78
83        198        5            0        NA         3 2.01 1.67    0.75
148        89        4            2        NA        NA 0.75 1.52    0.81
# 2025-05-21 17:18:04 -04: Iteration 4 of 5
# experimentsUsed: 1104
# remainingBudget: 896
# currentBudget: 448
# nbConfigurations: 41
# Markers:
     x No test is performed.
     c Configurations are discarded only due to capping.
     - The test is performed and some configurations are discarded.
     = The test is performed but no configuration is discarded.
     ! The test is performed and configurations could be discarded but elite configurations are preserved.
     . All alive configurations are elite and nothing is discarded.

+-+-----------+-----------+-----------+----------------+-----------+--------+-----+----+------+
| |   Instance|      Alive|       Best|       Mean best| Exp so far|  W time|  rho|KenW|  Qvar|
+-+-----------+-----------+-----------+----------------+-----------+--------+-----+----+------+
|x|         12|         41|        191|     22.66241775|         41|00:00:09|   NA|  NA|    NA|
|x|          4|         41|        185|     13.70392435|         77|00:00:09|-0.18|0.41|0.9528|
|x|         10|         41|        179|     15.06043510|        113|00:00:09|-0.11|0.26|1.0220|
|x|          7|         41|        179|     11.30756271|        149|00:00:09|+0.05|0.29|0.8440|
|=|          2|         41|        174|     11.83931488|        185|00:00:09|+0.01|0.21|0.8936|
|=|          8|         41|        174|     53.02589685|        221|00:00:10|-0.00|0.16|0.8608|
|=|          9|         41|        174|     51.17081637|        257|00:00:30|+0.02|0.16|0.8899|
|=|          1|         41|         44|     53.19012549|        293|00:00:28|+0.02|0.15|0.8872|
|=|          3|         41|         44|     120.4789080|        329|00:00:08|+0.04|0.15|0.8437|
|-|          5|         33|         44|     140.0749446|        365|00:00:09|-0.06|0.05|1.0200|
|=|         11|         33|        157|     72.35391761|        393|00:00:03|-0.05|0.05|1.0154|
|=|          6|         33|        157|     105.1090613|        421|00:00:03|-0.04|0.05|1.0045|
+-+-----------+-----------+-----------+----------------+-----------+--------+-----+----+------+
Best-so-far configuration:         157    mean value:      105.1090613
Description of the best-so-far configuration:
    .ID. particles topology modInfluence branching tSchedule phi1 phi2 inertia
157  157       186        4            0        NA        NA 1.54 2.39    0.57
    .PARENT.
157       44

# 2025-05-21 17:20:26 -04: Elite configurations (first number is the configuration ID; listed from best to worst according to the sum of ranks):
    particles topology modInfluence branching tSchedule phi1 phi2 inertia
157       186        4            0        NA        NA 1.54 2.39    0.57
145        15        5            1        NA         3 2.36 1.91    0.78
164       197        5            0        NA         3 1.76 1.95    0.77
44        198        4            2        NA        NA 1.57 2.05    0.61
159       199        4            2        NA        NA 1.80 2.44    0.52
# 2025-05-21 17:20:26 -04: Iteration 5 of 5
# experimentsUsed: 1525
# remainingBudget: 475
# currentBudget: 475
# nbConfigurations: 41
# Markers:
     x No test is performed.
     c Configurations are discarded only due to capping.
     - The test is performed and some configurations are discarded.
     = The test is performed but no configuration is discarded.
     ! The test is performed and configurations could be discarded but elite configurations are preserved.
     . All alive configurations are elite and nothing is discarded.

+-+-----------+-----------+-----------+----------------+-----------+--------+-----+----+------+
| |   Instance|      Alive|       Best|       Mean best| Exp so far|  W time|  rho|KenW|  Qvar|
+-+-----------+-----------+-----------+----------------+-----------+--------+-----+----+------+
|x|         13|         41|        164|    0.2398364516|         41|00:00:24|   NA|  NA|    NA|
|x|          6|         41|        164|     109.8415714|         77|00:00:17|+0.13|0.57|0.6881|
|x|          3|         41|        226|     227.7845770|        113|00:00:17|+0.20|0.46|0.5124|
|x|          1|         41|        205|     134.3866504|        149|00:00:27|+0.05|0.28|0.5939|
|=|         11|         41|        225|     194.0040735|        185|00:00:17|+0.06|0.25|0.7533|
|=|          8|         41|        164|     763.6241751|        221|00:00:17|+0.05|0.21|0.6545|
|-|          4|         28|        225|     170.7112210|        257|00:00:17|-0.07|0.09|0.9694|
|=|         10|         28|        225|     151.8614135|        280|00:00:03|-0.06|0.07|0.9825|
|=|          9|         28|        225|     139.5817042|        303|00:00:19|-0.07|0.05|0.9872|
|=|          7|         28|        227|     117.4128561|        326|00:00:03|-0.07|0.04|1.0076|
|=|          2|         28|        157|     91.88503162|        349|00:00:02|-0.07|0.03|1.0080|
|=|         12|         28|        226|     86.71562924|        372|00:00:02|-0.05|0.03|1.0063|
|=|          5|         28|        164|     373.0993733|        395|00:00:02|-0.04|0.04|0.9875|
|=|         14|         28|        209|     109.4576850|        423|00:00:03|-0.05|0.03|1.0000|
+-+-----------+-----------+-----------+----------------+-----------+--------+-----+----+------+
Best-so-far configuration:         209    mean value:      109.4576850
Description of the best-so-far configuration:
    .ID. particles topology modInfluence branching tSchedule phi1 phi2 inertia
209  209       168        4            0        NA        NA 1.44 2.39    0.48
    .PARENT.
209      157

# 2025-05-21 17:23:23 -04: Elite configurations (first number is the configuration ID; listed from best to worst according to the sum of ranks):
    particles topology modInfluence branching tSchedule phi1 phi2 inertia
209       168        4            0        NA        NA 1.44 2.39    0.48
226       181        4            0        NA        NA 1.72 2.29    0.56
164       197        5            0        NA         3 1.76 1.95    0.77
227         5        5            1        NA         4 2.11 1.75    0.70
200       185        4            2        NA        NA 1.71 2.01    0.72
# 2025-05-21 17:23:23 -04: Iteration 6 of 6
# experimentsUsed: 1948
# remainingBudget: 52
# currentBudget: 52
# nbConfigurations: 8
# Markers:
     x No test is performed.
     c Configurations are discarded only due to capping.
     - The test is performed and some configurations are discarded.
     = The test is performed but no configuration is discarded.
     ! The test is performed and configurations could be discarded but elite configurations are preserved.
     . All alive configurations are elite and nothing is discarded.

+-+-----------+-----------+-----------+----------------+-----------+--------+-----+----+------+
| |   Instance|      Alive|       Best|       Mean best| Exp so far|  W time|  rho|KenW|  Qvar|
+-+-----------+-----------+-----------+----------------+-----------+--------+-----+----+------+
|x|         15|          8|        226|     20.83393914|          8|00:00:01|   NA|  NA|    NA|
|x|          2|          8|        209|     16.70872161|         11|00:00:01|+0.60|0.80|0.5217|
|x|         12|          8|        226|     18.89187583|         14|00:00:00|-0.02|0.32|0.7539|
|x|          4|          8|        226|     14.27589667|         17|00:00:00|+0.04|0.28|0.7778|
|=|          5|          8|        209|     45.31754225|         20|00:00:01|+0.09|0.27|0.7965|
|=|         11|          8|        209|     41.25921158|         23|00:00:01|+0.08|0.24|0.8217|
|=|          1|          8|        209|     38.68934032|         26|00:00:05|+0.08|0.21|0.8405|
|-|          8|          6|        164|     56.41996097|         29|00:00:01|+0.01|0.13|0.8269|
|=|         14|          6|        164|     50.26300079|         30|00:00:01|-0.03|0.08|0.8733|
|=|          6|          6|        209|     59.65328294|         31|00:00:00|+0.02|0.12|0.8491|
|=|         13|          6|        164|     61.09546816|         32|00:00:02|+0.03|0.12|0.8424|
|=|         10|          6|        164|     57.72050518|         33|00:00:00|+0.01|0.09|0.8356|
|=|          7|          6|        164|     53.28832402|         34|00:00:00|-0.03|0.05|0.8596|
|=|          9|          6|        164|     52.42464162|         35|00:00:06|-0.05|0.03|0.8680|
|=|          3|          6|        209|     103.5589823|         36|00:00:00|-0.05|0.02|0.8714|
|=|         16|          6|        209|     7118.310751|         42|00:00:02|-0.03|0.04|0.8675|
+-+-----------+-----------+-----------+----------------+-----------+--------+-----+----+------+
Best-so-far configuration:         209    mean value:      7118.310751
Description of the best-so-far configuration:
    .ID. particles topology modInfluence branching tSchedule phi1 phi2 inertia
209  209       168        4            0        NA        NA 1.44 2.39    0.48
    .PARENT.
209      157

# 2025-05-21 17:23:53 -04: Elite configurations (first number is the configuration ID; listed from best to worst according to the sum of ranks):
    particles topology modInfluence branching tSchedule phi1 phi2 inertia
209       168        4            0        NA        NA 1.44 2.39    0.48
226       181        4            0        NA        NA 1.72 2.29    0.56
164       197        5            0        NA         3 1.76 1.95    0.77
227         5        5            1        NA         4 2.11 1.75    0.70
200       185        4            2        NA        NA 1.71 2.01    0.72
# 2025-05-21 17:23:53 -04: Stopped because there is not enough budget left to race more than the minimum (5).
# You may either increase the budget or set 'minNbSurvival' to a lower value.
# Iteration: 7
# nbIterations: 7
# experimentsUsed: 1990
# timeUsed: 0
# remainingBudget: 10
# currentBudget: 10
# number of elites: 5
# nbConfigurations: 5
# Total CPU user time: 4639.951, CPU sys time: 59.907, Wall-clock time: 761.36
# 2025-05-21 17:23:53 -04: Starting post-selection:
# Configurations selected: 209, 226, 164, 227, 200, 157.
# Pending instances: 1, 1, 1, 1, 1, 3.
# 2025-05-21 17:23:53 -04: seed: 999888777
# Configurations: 6
# Available experiments: 10
# minSurvival: 1
# Markers:
     x No test is performed.
     c Configurations are discarded only due to capping.
     - The test is performed and some configurations are discarded.
     = The test is performed but no configuration is discarded.
     ! The test is performed and configurations could be discarded but elite configurations are preserved.
     . All alive configurations are elite and nothing is discarded.

+-+-----------+-----------+-----------+----------------+-----------+--------+-----+----+------+
| |   Instance|      Alive|       Best|       Mean best| Exp so far|  W time|  rho|KenW|  Qvar|
+-+-----------+-----------+-----------+----------------+-----------+--------+-----+----+------+
|x|         16|          6|        209|     112339.5873|          1|00:00:02|   NA|  NA|    NA|
|.|          2|          6|        209|     56176.01379|          1|00:00:00|+0.60|0.80|0.9543|
|.|         14|          6|        209|     37450.98126|          1|00:00:00|+0.14|0.43|1.0339|
|.|         11|          6|        209|     28093.47783|          1|00:00:00|-0.09|0.19|1.0254|
|.|          6|          6|        209|     22499.34099|          1|00:00:00|+0.06|0.25|0.8859|
|.|          5|          6|        209|     18776.92128|          1|00:00:00|+0.15|0.29|0.8247|
|.|          7|          6|        209|     16094.54752|          1|00:00:00|+0.08|0.21|0.8125|
|.|          1|          6|        209|     14085.63784|          1|00:00:00|+0.11|0.22|0.7784|
|.|          8|          6|        209|     12543.01115|          1|00:00:00|+0.16|0.25|0.7505|
|x|         15|          6|        209|     11290.80775|          2|00:00:00|+0.13|0.21|0.7701|
|.|          3|          6|        209|     10345.77651|          2|00:00:00|+0.08|0.16|0.8247|
|.|         12|          6|        209|     9485.955778|          2|00:00:00|+0.03|0.11|0.8432|
|.|          4|          6|        209|     8756.299171|          2|00:00:00|-0.01|0.07|0.8708|
|.|          9|          6|        209|     8133.724908|          2|00:00:00|-0.02|0.05|0.8744|
|.|         10|          6|        209|     7592.816141|          2|00:00:00|-0.03|0.04|0.8738|
|.|         13|          6|        209|     7118.310751|          2|00:00:00|-0.03|0.04|0.8675|
|=|         17|          6|        209|     6701.713965|          8|00:00:01|-0.04|0.02|0.8763|
+-+-----------+-----------+-----------+----------------+-----------+--------+-----+----+------+
Best-so-far configuration:         209    mean value:      6701.713965
Description of the best-so-far configuration:
    .ID. particles topology modInfluence branching tSchedule phi1 phi2 inertia
209  209       168        4            0        NA        NA 1.44 2.39    0.48
    .PARENT.
209      157

# 2025-05-21 17:23:58 -04: Elite configurations (first number is the configuration ID; listed from best to worst according to the sum of ranks):
    particles topology modInfluence branching tSchedule phi1 phi2 inertia
209       168        4            0        NA        NA 1.44 2.39    0.48
226       181        4            0        NA        NA 1.72 2.29    0.56
164       197        5            0        NA         3 1.76 1.95    0.77
227         5        5            1        NA         4 2.11 1.75    0.70
157       186        4            0        NA        NA 1.54 2.39    0.57
# Total CPU user time: 4648.712, CPU sys time: 60.134, Wall-clock time: 766.245
    .ID. particles topology modInfluence branching tSchedule phi1 phi2 inertia
209  209       168        4            0        NA        NA 1.44 2.39    0.48
226  226       181        4            0        NA        NA 1.72 2.29    0.56
164  164       197        5            0        NA         3 1.76 1.95    0.77
227  227         5        5            1        NA         4 2.11 1.75    0.70
157  157       186        4            0        NA        NA 1.54 2.39    0.57
    .PARENT. .RANK.   .WEIGHT.
209      157     52 0.33333333
226      157     58 0.26666667
164       83     59 0.20000000
227      145     60 0.13333333
157       44     62 0.06666667
