# 2025-06-11 00:31:28 -04: Reading parameter file '/home/dianag/PruebasPablo/irace-independent-executions/PSO-X/Scenarios/E3-BH-Mixed-N/Runs/E3-BH-Mixed-N_seed_8675309/parameters.txt'.
# 2025-06-11 00:31:28 -04: 2 expression(s) specifying forbidden configurations read.
# 2025-06-11 00:31:28 -04: Initialization
# Elitist race
# Elitist new instances: 1
# Elitist limit: 2
# nbIterations: 5
# minNbSurvival: 5
# nbParameters: 8
# seed: 8675309
# confidence level: 0.95
# budget: 4000
# mu: 5
# deterministic: FALSE

# 2025-06-11 00:31:28 -04: Iteration 1 of 5
# experimentsUsed: 0
# remainingBudget: 4000
# currentBudget: 800
# nbConfigurations: 133
# Markers:
     x No test is performed.
     c Configurations are discarded only due to capping.
     - The test is performed and some configurations are discarded.
     = The test is performed but no configuration is discarded.
     ! The test is performed and configurations could be discarded but elite configurations are preserved.
     . All alive configurations are elite and nothing is discarded.

+-+-----------+-----------+-----------+----------------+-----------+--------+-----+----+------+
| |   Instance|      Alive|       Best|       Mean best| Exp so far|  W time|  rho|KenW|  Qvar|
+-+-----------+-----------+-----------+----------------+-----------+--------+-----+----+------+
|x|          1|        133|         60|     116.3008927|        133|00:00:44|   NA|  NA|    NA|
|x|          2|        133|         88|     174.3325548|        266|00:02:19|+0.63|0.81|0.3403|
|x|          3|        133|         60|     263.0787821|        399|00:02:18|+0.66|0.78|0.3701|
|x|          4|        133|         60|     209.9799775|        532|00:00:45|+0.66|0.75|0.3795|
|-|          5|         47|         34|     13061.37643|        665|00:00:42|-0.12|0.11|1.0571|
|=|          6|         47|         34|     10914.50978|        712|00:00:11|-0.06|0.11|0.9899|
|=|          7|         47|         34|     9440.462017|        759|00:01:02|-0.06|0.09|1.0086|
+-+-----------+-----------+-----------+----------------+-----------+--------+-----+----+------+
Best-so-far configuration:          34    mean value:      9440.462017
Description of the best-so-far configuration:
   .ID. particles topology modInfluence branching tSchedule phi1 phi2 inertia
34   34        11        5            1        NA         2 0.09 0.78    0.06
   .PARENT.
34       NA

# 2025-06-11 00:39:33 -04: Elite configurations (first number is the configuration ID; listed from best to worst according to the sum of ranks):
    particles topology modInfluence branching tSchedule phi1 phi2 inertia
34         11        5            1        NA         2 0.09 0.78    0.06
60        142        4            2        NA        NA 0.17 2.26    0.82
72          9        4            1        NA        NA 1.20 2.24    0.14
102        62        4            0        NA        NA 0.30 1.73    0.24
109        19        0            1        NA        NA 1.63 2.44    0.77
# 2025-06-11 00:39:33 -04: Iteration 2 of 5
# experimentsUsed: 759
# remainingBudget: 3241
# currentBudget: 810
# nbConfigurations: 105
# Markers:
     x No test is performed.
     c Configurations are discarded only due to capping.
     - The test is performed and some configurations are discarded.
     = The test is performed but no configuration is discarded.
     ! The test is performed and configurations could be discarded but elite configurations are preserved.
     . All alive configurations are elite and nothing is discarded.

+-+-----------+-----------+-----------+----------------+-----------+--------+-----+----+------+
| |   Instance|      Alive|       Best|       Mean best| Exp so far|  W time|  rho|KenW|  Qvar|
+-+-----------+-----------+-----------+----------------+-----------+--------+-----+----+------+
|x|          8|        105|        155|     29.27372703|        105|00:01:08|   NA|  NA|    NA|
|x|          1|        105|         60|     73.41255705|        205|00:00:18|+0.52|0.76|0.4900|
|x|          7|        105|        155|     251.0284628|        305|00:02:13|+0.22|0.48|0.7407|
|x|          4|        105|        155|     197.2583521|        405|00:00:19|+0.34|0.50|0.6434|
|-|          5|         35|        155|     14480.52273|        505|00:00:17|-0.03|0.18|0.9841|
|=|          3|         35|        155|     12216.98468|        535|00:00:30|-0.05|0.13|1.0286|
|=|          2|         35|        155|     10510.29825|        565|00:00:32|-0.01|0.13|1.0152|
|=|          6|         35|        155|     9212.917911|        595|00:00:11|+0.04|0.16|0.9920|
|-|          9|         21|        155|     8195.783715|        630|00:00:12|-0.04|0.07|1.0031|
|=|         10|         21|         60|     19212.86595|        651|00:00:12|-0.03|0.07|0.9873|
|=|         11|         21|         72|     13102.77686|        672|00:00:12|-0.03|0.07|0.9711|
+-+-----------+-----------+-----------+----------------+-----------+--------+-----+----+------+
Best-so-far configuration:          72    mean value:      13102.77686
Description of the best-so-far configuration:
   .ID. particles topology modInfluence branching tSchedule phi1 phi2 inertia
72   72         9        4            1        NA        NA  1.2 2.24    0.14
   .PARENT.
72       NA

# 2025-06-11 00:45:42 -04: Elite configurations (first number is the configuration ID; listed from best to worst according to the sum of ranks):
    particles topology modInfluence branching tSchedule phi1 phi2 inertia
72          9        4            1        NA        NA 1.20 2.24    0.14
60        142        4            2        NA        NA 0.17 2.26    0.82
153       133        0            1        NA        NA 1.99 1.79    0.89
196        17        1            2        NA        NA 0.65 1.97    0.24
34         11        5            1        NA         2 0.09 0.78    0.06
# 2025-06-11 00:45:42 -04: Iteration 3 of 5
# experimentsUsed: 1431
# remainingBudget: 2569
# currentBudget: 856
# nbConfigurations: 75
# Markers:
     x No test is performed.
     c Configurations are discarded only due to capping.
     - The test is performed and some configurations are discarded.
     = The test is performed but no configuration is discarded.
     ! The test is performed and configurations could be discarded but elite configurations are preserved.
     . All alive configurations are elite and nothing is discarded.

+-+-----------+-----------+-----------+----------------+-----------+--------+-----+----+------+
| |   Instance|      Alive|       Best|       Mean best| Exp so far|  W time|  rho|KenW|  Qvar|
+-+-----------+-----------+-----------+----------------+-----------+--------+-----+----+------+
|x|         12|         75|        272|     470.5859179|         75|00:01:38|   NA|  NA|    NA|
|x|          9|         75|        273|     249.7465194|        145|00:00:18|+0.18|0.59|0.3216|
|x|          3|         75|        234|     272.6500754|        215|00:01:03|+0.11|0.40|0.5945|
|x|         11|         75|        269|     20260.86856|        285|00:00:19|+0.16|0.37|0.5072|
|-|          4|         44|        269|     16219.23087|        355|00:00:20|-0.10|0.12|1.0115|
|=|          1|         44|        234|     15990.26370|        394|00:00:05|-0.06|0.11|0.9404|
|=|          6|         44|        234|     13722.53171|        433|00:00:04|-0.06|0.09|0.9137|
|=|          7|         44|        234|     12078.84741|        472|00:00:50|-0.03|0.10|0.8892|
|=|          2|         44|        234|     10827.87874|        511|00:00:33|-0.04|0.08|0.8802|
|=|          8|         44|        295|     9176.445121|        550|00:00:23|-0.01|0.09|0.8762|
|=|         10|         44|         60|     11203.29516|        589|00:00:05|+0.00|0.09|0.8662|
|=|          5|         44|        299|     10727.98313|        628|00:00:05|-0.01|0.07|0.9006|
|=|         13|         44|         60|     24191.33334|        672|00:01:02|-0.00|0.08|0.8957|
+-+-----------+-----------+-----------+----------------+-----------+--------+-----+----+------+
Best-so-far configuration:          60    mean value:      24191.33334
Description of the best-so-far configuration:
   .ID. particles topology modInfluence branching tSchedule phi1 phi2 inertia
60   60       142        4            2        NA        NA 0.17 2.26    0.82
   .PARENT.
60       NA

# 2025-06-11 00:52:34 -04: Elite configurations (first number is the configuration ID; listed from best to worst according to the sum of ranks):
    particles topology modInfluence branching tSchedule phi1 phi2 inertia
60        142        4            2        NA        NA 0.17 2.26    0.82
234       155        4            2        NA        NA 0.00 2.00    0.49
295       125        4            2        NA        NA 0.04 2.44    0.53
237       195        4            2        NA        NA 0.55 1.51    0.64
269       195        4            2        NA        NA 0.09 1.91    0.61
# 2025-06-11 00:52:34 -04: Iteration 4 of 5
# experimentsUsed: 2103
# remainingBudget: 1897
# currentBudget: 948
# nbConfigurations: 72
# Markers:
     x No test is performed.
     c Configurations are discarded only due to capping.
     - The test is performed and some configurations are discarded.
     = The test is performed but no configuration is discarded.
     ! The test is performed and configurations could be discarded but elite configurations are preserved.
     . All alive configurations are elite and nothing is discarded.

+-+-----------+-----------+-----------+----------------+-----------+--------+-----+----+------+
| |   Instance|      Alive|       Best|       Mean best| Exp so far|  W time|  rho|KenW|  Qvar|
+-+-----------+-----------+-----------+----------------+-----------+--------+-----+----+------+
|x|         14|         72|        328|     189.3348676|         72|00:01:37|   NA|  NA|    NA|
|x|          4|         72|        334|     125.9489202|        139|00:00:21|+0.36|0.68|0.5728|
|x|         11|         72|        354|     26808.00537|        206|00:00:19|+0.07|0.38|0.6490|
|x|         10|         72|        354|     20111.72110|        273|00:00:20|+0.17|0.38|0.4936|
|-|          6|         52|        354|     16126.42738|        340|00:00:19|-0.12|0.10|1.0298|
|=|          3|         52|        295|     14993.00021|        387|00:00:40|-0.05|0.12|0.9677|
|=|          7|         52|        341|     11705.29657|        434|00:01:01|-0.01|0.14|0.9769|
|=|          2|         52|        295|     11417.09283|        481|00:00:41|-0.05|0.08|0.9513|
|=|          8|         52|        295|     10152.07138|        528|00:00:29|-0.04|0.08|0.9583|
|=|          5|         52|        295|     17928.10450|        575|00:00:06|-0.03|0.07|0.9757|
|=|          9|         52|        328|     24950.46185|        622|00:00:05|-0.04|0.06|0.9502|
|=|          1|         52|        328|     22882.04242|        669|00:00:05|-0.03|0.06|0.9281|
|=|         13|         52|        328|     21191.89217|        716|00:01:03|-0.02|0.06|0.9358|
|=|         12|         52|        328|     19712.40274|        763|00:01:00|-0.01|0.06|0.9490|
|=|         15|         52|        328|     18413.46750|        815|00:01:13|-0.01|0.06|0.9427|
+-+-----------+-----------+-----------+----------------+-----------+--------+-----+----+------+
Best-so-far configuration:         328    mean value:      18413.46750
Description of the best-so-far configuration:
    .ID. particles topology modInfluence branching tSchedule phi1 phi2 inertia
328  328       132        4            2        NA        NA 0.05  2.5    0.71
    .PARENT.
328       60

# 2025-06-11 01:02:00 -04: Elite configurations (first number is the configuration ID; listed from best to worst according to the sum of ranks):
    particles topology modInfluence branching tSchedule phi1 phi2 inertia
328       132        4            2        NA        NA 0.05 2.50    0.71
354       178        4            2        NA        NA 0.09 2.38    0.79
334       125        4            2        NA        NA 0.42 2.47    0.72
295       125        4            2        NA        NA 0.04 2.44    0.53
363       144        4            2        NA        NA 0.22 2.50    0.77
# 2025-06-11 01:02:00 -04: Iteration 5 of 5
# experimentsUsed: 2918
# remainingBudget: 1082
# currentBudget: 1082
# nbConfigurations: 72
# Markers:
     x No test is performed.
     c Configurations are discarded only due to capping.
     - The test is performed and some configurations are discarded.
     = The test is performed but no configuration is discarded.
     ! The test is performed and configurations could be discarded but elite configurations are preserved.
     . All alive configurations are elite and nothing is discarded.

+-+-----------+-----------+-----------+----------------+-----------+--------+-----+----+------+
| |   Instance|      Alive|       Best|       Mean best| Exp so far|  W time|  rho|KenW|  Qvar|
+-+-----------+-----------+-----------+----------------+-----------+--------+-----+----+------+
|x|         16|         72|        374|     908.7263184|         72|00:01:41|   NA|  NA|    NA|
|x|         10|         72|        388|     460.9575263|        139|00:00:19|+0.13|0.57|0.6459|
|x|          5|         72|        434|     43699.41358|        206|00:00:20|-0.17|0.22|1.0789|
|x|          7|         72|        434|     32921.35350|        273|00:01:27|-0.04|0.22|0.9947|
|=|          4|         72|        334|     19252.44194|        340|00:00:19|+0.03|0.22|0.9155|
|=|          1|         72|        390|     17949.49053|        407|00:00:19|-0.00|0.16|0.8932|
|=|          2|         72|        434|     18874.57561|        474|00:00:58|-0.00|0.14|0.8384|
|=|         11|         72|        434|     29240.57134|        541|00:00:19|-0.01|0.12|0.8486|
|=|         12|         72|        376|     17881.98557|        608|00:01:26|-0.01|0.11|0.8225|
|=|         14|         72|        376|     16115.55497|        675|00:01:27|+0.01|0.11|0.7833|
|=|          8|         72|        328|     25042.47055|        742|00:00:41|+0.00|0.09|0.8316|
|=|         13|         72|        378|     19784.76236|        809|00:01:29|+0.01|0.09|0.8365|
|=|          6|         72|        328|     21272.02425|        876|00:00:18|+0.02|0.10|0.8330|
|=|          9|         72|        328|     19753.00866|        943|00:00:18|+0.02|0.09|0.8339|
|-|          3|         56|        328|     18458.91715|       1010|00:00:57|-0.03|0.04|1.0152|
|=|         15|         56|        328|     17319.50821|       1061|00:01:12|-0.03|0.04|1.0023|
+-+-----------+-----------+-----------+----------------+-----------+--------+-----+----+------+
Best-so-far configuration:         328    mean value:      17319.50821
Description of the best-so-far configuration:
    .ID. particles topology modInfluence branching tSchedule phi1 phi2 inertia
328  328       132        4            2        NA        NA 0.05  2.5    0.71
    .PARENT.
328       60

# 2025-06-11 01:15:38 -04: Elite configurations (first number is the configuration ID; listed from best to worst according to the sum of ranks):
    particles topology modInfluence branching tSchedule phi1 phi2 inertia
328       132        4            2        NA        NA 0.05 2.50    0.71
403       135        4            2        NA        NA 0.00 2.50    0.74
397       139        4            2        NA        NA 0.03 2.36    0.62
378       134        4            2        NA        NA 0.11 2.37    0.73
334       125        4            2        NA        NA 0.42 2.47    0.72
# 2025-06-11 01:15:38 -04: Iteration 6 of 6
# experimentsUsed: 3979
# remainingBudget: 21
# currentBudget: 21
# nbConfigurations: 6
# Markers:
     x No test is performed.
     c Configurations are discarded only due to capping.
     - The test is performed and some configurations are discarded.
     = The test is performed but no configuration is discarded.
     ! The test is performed and configurations could be discarded but elite configurations are preserved.
     . All alive configurations are elite and nothing is discarded.

+-+-----------+-----------+-----------+----------------+-----------+--------+-----+----+------+
| |   Instance|      Alive|       Best|       Mean best| Exp so far|  W time|  rho|KenW|  Qvar|
+-+-----------+-----------+-----------+----------------+-----------+--------+-----+----+------+
|x|          1|          6|        378|     128.9956825|          1|00:00:01|   NA|  NA|    NA|
|x|          7|          6|        328|     359.5579528|          2|00:00:12|-0.60|0.20|1.3355|
|x|          5|          6|        328|     35050.23028|          3|00:00:01|-0.18|0.21|1.0058|
|x|          2|          6|        328|     26344.22679|          4|00:00:08|-0.12|0.16|1.0547|
|=|         11|          6|        328|     54756.14139|          5|00:00:00|-0.10|0.12|0.9974|
|=|          3|          6|        438|     25109.25812|          6|00:00:08|-0.05|0.12|0.9217|
|=|          9|          6|        438|     21526.72107|          7|00:00:01|-0.04|0.10|0.9391|
|=|         10|          6|        378|     29400.96005|          8|00:00:01|-0.07|0.07|0.9398|
|=|         13|          6|        378|     26235.25733|          9|00:00:12|-0.06|0.06|0.9188|
|=|         16|          6|        378|     23702.71412|         10|00:00:12|-0.07|0.04|0.8933|
|=|         12|          6|        378|     21591.61986|         11|00:00:11|-0.06|0.04|0.8651|
|=|          8|          6|        378|     19794.98337|         12|00:00:05|-0.04|0.05|0.8400|
|=|          6|          6|        397|     19542.83922|         13|00:00:01|-0.05|0.03|0.8580|
|=|         15|          6|        397|     18164.07441|         14|00:00:12|-0.04|0.03|0.8337|
|=|          4|          6|        397|     16956.14136|         15|00:00:01|-0.03|0.04|0.8105|
|=|         14|          6|        328|     17319.50821|         16|00:00:11|-0.01|0.05|0.7895|
+-+-----------+-----------+-----------+----------------+-----------+--------+-----+----+------+
Best-so-far configuration:         328    mean value:      17319.50821
Description of the best-so-far configuration:
    .ID. particles topology modInfluence branching tSchedule phi1 phi2 inertia
328  328       132        4            2        NA        NA 0.05  2.5    0.71
    .PARENT.
328       60

# 2025-06-11 01:17:21 -04: Elite configurations (first number is the configuration ID; listed from best to worst according to the sum of ranks):
    particles topology modInfluence branching tSchedule phi1 phi2 inertia
328       132        4            2        NA        NA 0.05 2.50    0.71
397       139        4            2        NA        NA 0.03 2.36    0.62
378       134        4            2        NA        NA 0.11 2.37    0.73
334       125        4            2        NA        NA 0.42 2.47    0.72
403       135        4            2        NA        NA 0.00 2.50    0.74
# 2025-06-11 01:17:21 -04: Stopped because there is not enough budget left to race more than the minimum (5).
# You may either increase the budget or set 'minNbSurvival' to a lower value.
# Iteration: 7
# nbIterations: 7
# experimentsUsed: 3995
# timeUsed: 0
# remainingBudget: 5
# currentBudget: 5
# number of elites: 5
# nbConfigurations: 5
# Total CPU user time: 22782.57, CPU sys time: 159.252, Wall-clock time: 2752.834
# 2025-06-11 01:17:21 -04: Starting post-selection:
# Configurations selected: 328, 397, 378, 334, 403.
# Pending instances: 0, 0, 0, 0, 0.
# 2025-06-11 01:17:21 -04: seed: 8675309
# Configurations: 5
# Available experiments: 5
# minSurvival: 1
# Markers:
     x No test is performed.
     c Configurations are discarded only due to capping.
     - The test is performed and some configurations are discarded.
     = The test is performed but no configuration is discarded.
     ! The test is performed and configurations could be discarded but elite configurations are preserved.
     . All alive configurations are elite and nothing is discarded.

+-+-----------+-----------+-----------+----------------+-----------+--------+-----+----+------+
| |   Instance|      Alive|       Best|       Mean best| Exp so far|  W time|  rho|KenW|  Qvar|
+-+-----------+-----------+-----------+----------------+-----------+--------+-----+----+------+
|.|         13|          5|        334|     909.6150088|          0|00:00:00|   NA|  NA|    NA|
|.|          8|          5|        334|     470.4289473|          0|00:00:00|+0.10|0.55|0.9834|
|.|          9|          5|        334|     325.9039977|          0|00:00:00|-0.07|0.29|0.9651|
|.|         15|          5|        334|     307.6835880|          0|00:00:00|-0.23|0.07|0.9361|
|.|          7|          5|        334|     364.1064127|          0|00:00:00|-0.20|0.04|0.9872|
|.|          5|          5|        334|     16084.76003|          0|00:00:00|-0.08|0.10|0.9264|
|.|         16|          5|        334|     13916.82074|          0|00:00:00|-0.07|0.08|0.9037|
|.|         14|          5|        334|     12202.86918|          0|00:00:00|-0.01|0.12|0.8681|
|.|          3|          5|        334|     10884.04753|          0|00:00:00|+0.01|0.12|0.8533|
|.|          6|          5|        334|     9810.766363|          0|00:00:00|+0.01|0.11|0.8363|
|.|          1|          5|        334|     8932.477812|          0|00:00:00|-0.04|0.05|0.8570|
|.|         11|          5|        334|     19303.03711|          0|00:00:00|-0.04|0.05|0.8623|
|.|         10|          5|        334|     17820.38112|          0|00:00:00|-0.06|0.02|0.8649|
|.|          2|          5|        334|     16566.62887|          0|00:00:00|-0.06|0.02|0.8579|
|.|          4|          5|        334|     15465.29959|          0|00:00:00|-0.06|0.01|0.8534|
|.|         12|          5|        334|     14535.04829|          0|00:00:00|-0.06|0.01|0.8518|
|=|         17|          5|        328|     16310.19666|          5|00:00:01|-0.04|0.02|0.8463|
+-+-----------+-----------+-----------+----------------+-----------+--------+-----+----+------+
Best-so-far configuration:         328    mean value:      16310.19666
Description of the best-so-far configuration:
    .ID. particles topology modInfluence branching tSchedule phi1 phi2 inertia
328  328       132        4            2        NA        NA 0.05  2.5    0.71
    .PARENT.
328       60

# 2025-06-11 01:17:22 -04: Elite configurations (first number is the configuration ID; listed from best to worst according to the sum of ranks):
    particles topology modInfluence branching tSchedule phi1 phi2 inertia
328       132        4            2        NA        NA 0.05 2.50    0.71
397       139        4            2        NA        NA 0.03 2.36    0.62
334       125        4            2        NA        NA 0.42 2.47    0.72
378       134        4            2        NA        NA 0.11 2.37    0.73
403       135        4            2        NA        NA 0.00 2.50    0.74
# Total CPU user time: 22788.42, CPU sys time: 159.401, Wall-clock time: 2754.067
    .ID. particles topology modInfluence branching tSchedule phi1 phi2 inertia
328  328       132        4            2        NA        NA 0.05 2.50    0.71
397  397       139        4            2        NA        NA 0.03 2.36    0.62
334  334       125        4            2        NA        NA 0.42 2.47    0.72
378  378       134        4            2        NA        NA 0.11 2.37    0.73
403  403       135        4            2        NA        NA 0.00 2.50    0.74
    .PARENT. .RANK.   .WEIGHT.
328       60     47 0.33333333
397      295     48 0.26666667
334       60     51 0.20000000
378      328     52 0.13333333
403      328     57 0.06666667
