# 2025-06-11 23:28:44 -04: Reading parameter file '/home/dianag/PruebasPablo/irace-independent-executions/PSO-X/Scenarios/E4-BH-Mixed-SR/Runs/E4-BH-Mixed-SR_seed_555666333/parameters.txt'.
# 2025-06-11 23:28:44 -04: 2 expression(s) specifying forbidden configurations read.
# 2025-06-11 23:28:45 -04: Initialization
# Elitist race
# Elitist new instances: 1
# Elitist limit: 2
# nbIterations: 5
# minNbSurvival: 5
# nbParameters: 8
# seed: 555666333
# confidence level: 0.95
# budget: 4000
# mu: 5
# deterministic: FALSE

# 2025-06-11 23:28:45 -04: Iteration 1 of 5
# experimentsUsed: 0
# remainingBudget: 4000
# currentBudget: 800
# nbConfigurations: 133
# Markers:
     x No test is performed.
     c Configurations are discarded only due to capping.
     - The test is performed and some configurations are discarded.
     = The test is performed but no configuration is discarded.
     ! The test is performed and configurations could be discarded but elite configurations are preserved.
     . All alive configurations are elite and nothing is discarded.

+-+-----------+-----------+-----------+----------------+-----------+--------+-----+----+------+
| |   Instance|      Alive|       Best|       Mean best| Exp so far|  W time|  rho|KenW|  Qvar|
+-+-----------+-----------+-----------+----------------+-----------+--------+-----+----+------+
|x|          1|        130|         66|     87.08375305|        130|00:00:39|   NA|  NA|    NA|
|x|          2|        130|        111|     33668.95093|        260|00:00:39|+0.22|0.61|0.6283|
|x|          3|        130|        111|     22595.68509|        390|00:03:07|+0.30|0.53|0.5479|
|x|          4|        130|        119|     19671.19584|        520|00:01:43|+0.26|0.45|0.6037|
|-|          5|         61|        119|     15804.66930|        650|00:02:13|-0.11|0.11|1.0720|
|=|          6|         61|        119|     13322.30355|        711|00:01:28|-0.08|0.10|1.0390|
|=|          7|         61|        104|     16853.66791|        772|00:00:16|-0.03|0.11|0.9990|
+-+-----------+-----------+-----------+----------------+-----------+--------+-----+----+------+
Best-so-far configuration:         104    mean value:      16853.66791
Description of the best-so-far configuration:
    .ID. particles topology modInfluence branching tSchedule phi1 phi2 inertia
104  104       195        4            1        NA        NA 1.91  1.6    0.71
    .PARENT.
104       NA

# 2025-06-11 23:38:54 -04: Elite configurations (first number is the configuration ID; listed from best to worst according to the sum of ranks):
    particles topology modInfluence branching tSchedule phi1 phi2 inertia
104       195        4            1        NA        NA 1.91 1.60    0.71
4          66        4            0        NA        NA 1.85 2.21    0.40
99        133        4            2        NA        NA 1.76 1.76    0.77
3          91        1            1        NA        NA 2.17 0.65    0.73
119        27        4            2        NA        NA 2.46 1.06    0.74
# 2025-06-11 23:38:54 -04: Iteration 2 of 5
# experimentsUsed: 772
# remainingBudget: 3228
# currentBudget: 807
# nbConfigurations: 105
# Markers:
     x No test is performed.
     c Configurations are discarded only due to capping.
     - The test is performed and some configurations are discarded.
     = The test is performed but no configuration is discarded.
     ! The test is performed and configurations could be discarded but elite configurations are preserved.
     . All alive configurations are elite and nothing is discarded.

+-+-----------+-----------+-----------+----------------+-----------+--------+-----+----+------+
| |   Instance|      Alive|       Best|       Mean best| Exp so far|  W time|  rho|KenW|  Qvar|
+-+-----------+-----------+-----------+----------------+-----------+--------+-----+----+------+
|x|          8|        105|        140|     11.29862412|        105|00:00:23|   NA|  NA|    NA|
|x|          2|        105|        140|     34470.45813|        205|00:00:22|+0.54|0.77|0.4812|
|x|          5|        105|        181|     22564.50541|        305|00:01:34|+0.32|0.55|0.6503|
|x|          3|        105|        207|     21662.46147|        405|00:02:14|+0.36|0.52|0.5993|
|-|          7|         40|        181|     13659.17037|        505|00:00:23|-0.05|0.16|1.0248|
|=|          6|         40|        181|     11531.82229|        540|00:00:57|-0.03|0.14|0.9707|
|=|          1|         40|        181|     9899.524165|        575|00:00:12|+0.00|0.14|0.9790|
|=|          4|         40|        181|     8666.372498|        610|00:00:31|-0.02|0.11|1.0042|
|=|          9|         40|        140|     8005.585516|        650|00:00:59|-0.01|0.10|0.9683|
+-+-----------+-----------+-----------+----------------+-----------+--------+-----+----+------+
Best-so-far configuration:         140    mean value:      8005.585516
Description of the best-so-far configuration:
    .ID. particles topology modInfluence branching tSchedule phi1 phi2 inertia
140  140        90        4            0        NA        NA 1.37 1.66    0.18
    .PARENT.
140        4

# 2025-06-11 23:46:34 -04: Elite configurations (first number is the configuration ID; listed from best to worst according to the sum of ranks):
    particles topology modInfluence branching tSchedule phi1 phi2 inertia
140        90        4            0        NA        NA 1.37 1.66    0.18
181        99        1            1        NA        NA 1.20 2.15    0.56
207       165        4            1        NA        NA 2.38 1.10    0.63
228       100        4            0        NA        NA 0.94 2.43    0.49
4          66        4            0        NA        NA 1.85 2.21    0.40
# 2025-06-11 23:46:34 -04: Iteration 3 of 5
# experimentsUsed: 1422
# remainingBudget: 2578
# currentBudget: 859
# nbConfigurations: 90
# Markers:
     x No test is performed.
     c Configurations are discarded only due to capping.
     - The test is performed and some configurations are discarded.
     = The test is performed but no configuration is discarded.
     ! The test is performed and configurations could be discarded but elite configurations are preserved.
     . All alive configurations are elite and nothing is discarded.

+-+-----------+-----------+-----------+----------------+-----------+--------+-----+----+------+
| |   Instance|      Alive|       Best|       Mean best| Exp so far|  W time|  rho|KenW|  Qvar|
+-+-----------+-----------+-----------+----------------+-----------+--------+-----+----+------+
|x|         10|         90|        304|     37435.54468|         90|00:00:18|   NA|  NA|    NA|
|x|          3|         90|        231|     28424.67254|        175|00:01:49|+0.27|0.64|0.3559|
|x|          6|         90|        258|     21879.66058|        260|00:01:54|+0.09|0.39|0.3015|
|x|          9|         90|        232|     18282.66448|        345|00:01:52|+0.18|0.38|0.4212|
|-|          8|         42|        232|     14628.54465|        430|00:00:17|-0.06|0.15|1.0357|
|=|          7|         42|        232|     12212.52432|        467|00:00:04|-0.05|0.13|0.9904|
|=|          2|         42|        140|     22173.79205|        504|00:00:04|-0.01|0.14|0.9630|
|=|          5|         42|        140|     19511.89356|        541|00:00:32|-0.00|0.12|0.9307|
|=|          4|         42|        232|     20343.34434|        578|00:00:23|-0.02|0.09|0.9661|
|=|          1|         42|        232|     18319.59468|        615|00:00:04|-0.01|0.09|0.9673|
|=|         11|         42|        232|     16659.53642|        657|00:00:05|-0.01|0.08|0.9728|
+-+-----------+-----------+-----------+----------------+-----------+--------+-----+----+------+
Best-so-far configuration:         232    mean value:      16659.53642
Description of the best-so-far configuration:
    .ID. particles topology modInfluence branching tSchedule phi1 phi2 inertia
232  232       140        4            0        NA        NA 1.57 2.44    0.16
    .PARENT.
232      140

# 2025-06-11 23:54:01 -04: Elite configurations (first number is the configuration ID; listed from best to worst according to the sum of ranks):
    particles topology modInfluence branching tSchedule phi1 phi2 inertia
232       140        4            0        NA        NA 1.57 2.44    0.16
140        90        4            0        NA        NA 1.37 1.66    0.18
233        54        4            0        NA        NA 1.54 2.31    0.31
243       101        4            1        NA        NA 1.88 1.83    0.62
311        53        4            0        NA        NA 2.03 2.45    0.32
# 2025-06-11 23:54:01 -04: Iteration 4 of 5
# experimentsUsed: 2079
# remainingBudget: 1921
# currentBudget: 960
# nbConfigurations: 84
# Markers:
     x No test is performed.
     c Configurations are discarded only due to capping.
     - The test is performed and some configurations are discarded.
     = The test is performed but no configuration is discarded.
     ! The test is performed and configurations could be discarded but elite configurations are preserved.
     . All alive configurations are elite and nothing is discarded.

+-+-----------+-----------+-----------+----------------+-----------+--------+-----+----+------+
| |   Instance|      Alive|       Best|       Mean best| Exp so far|  W time|  rho|KenW|  Qvar|
+-+-----------+-----------+-----------+----------------+-----------+--------+-----+----+------+
|x|         12|         84|        331|     883.3412452|         84|00:02:06|   NA|  NA|    NA|
|x|          6|         84|        331|     895.9164482|        163|00:01:42|+0.58|0.79|0.3967|
|x|         11|         84|        331|     613.8455986|        242|00:00:17|+0.51|0.67|0.5006|
|x|          9|         84|        378|     600.3178266|        321|00:01:39|+0.49|0.62|0.4709|
|-|          5|         38|        378|     652.5409377|        400|00:01:06|-0.08|0.13|1.0841|
|=|          1|         38|        378|     561.7890093|        433|00:00:03|-0.03|0.14|1.0501|
|=|          7|         38|        391|     506.8970270|        466|00:00:03|-0.03|0.12|1.0408|
|=|          2|         38|        391|     9964.484469|        499|00:00:03|-0.01|0.11|1.0140|
|=|          8|         38|        378|     9421.758957|        532|00:00:03|+0.01|0.12|1.0033|
|=|          3|         38|        391|     8020.177544|        565|00:00:46|+0.01|0.11|0.9882|
|=|          4|         38|        391|     7293.851591|        598|00:00:22|-0.00|0.09|0.9952|
|=|         10|         38|        391|     11601.46501|        631|00:00:03|+0.00|0.09|0.9852|
|=|         13|         38|        391|     11297.28168|        669|00:00:04|+0.01|0.08|0.9749|
+-+-----------+-----------+-----------+----------------+-----------+--------+-----+----+------+
Best-so-far configuration:         391    mean value:      11297.28168
Description of the best-so-far configuration:
    .ID. particles topology modInfluence branching tSchedule phi1 phi2 inertia
391  391       128        4            0        NA        NA 1.26 2.23    0.13
    .PARENT.
391      232

# 2025-06-12 00:02:24 -04: Elite configurations (first number is the configuration ID; listed from best to worst according to the sum of ranks):
    particles topology modInfluence branching tSchedule phi1 phi2 inertia
391       128        4            0        NA        NA 1.26 2.23    0.13
378        71        4            0        NA        NA 1.89 2.44    0.28
232       140        4            0        NA        NA 1.57 2.44    0.16
140        90        4            0        NA        NA 1.37 1.66    0.18
351       159        4            0        NA        NA 1.11 2.38    0.16
# 2025-06-12 00:02:24 -04: Iteration 5 of 5
# experimentsUsed: 2748
# remainingBudget: 1252
# currentBudget: 1252
# nbConfigurations: 94
# Markers:
     x No test is performed.
     c Configurations are discarded only due to capping.
     - The test is performed and some configurations are discarded.
     = The test is performed but no configuration is discarded.
     ! The test is performed and configurations could be discarded but elite configurations are preserved.
     . All alive configurations are elite and nothing is discarded.

+-+-----------+-----------+-----------+----------------+-----------+--------+-----+----+------+
| |   Instance|      Alive|       Best|       Mean best| Exp so far|  W time|  rho|KenW|  Qvar|
+-+-----------+-----------+-----------+----------------+-----------+--------+-----+----+------+
|x|         14|         94|        434|     23.34899003|         94|00:00:07|   NA|  NA|    NA|
|x|         10|         94|        395|     27216.82861|        183|00:00:07|+0.02|0.51|0.1211|
|x|          3|         94|        416|     18936.95581|        272|00:01:49|+0.07|0.38|0.7105|
|x|          6|         94|        423|     15082.54996|        361|00:01:54|+0.06|0.29|0.6209|
|-|          1|         44|        423|     12085.13050|        450|00:00:08|-0.09|0.13|1.1069|
|=|          5|         44|        391|     10230.71409|        489|00:00:32|-0.08|0.10|1.0978|
|=|         13|         44|        391|     9861.623754|        528|00:00:04|-0.06|0.09|1.0702|
|=|          7|         44|        479|     10551.93859|        567|00:00:04|-0.06|0.07|1.0530|
|=|          4|         44|        479|     9382.993225|        606|00:00:23|-0.05|0.07|1.0352|
|=|          2|         44|        391|     14539.67710|        645|00:00:03|-0.05|0.06|1.0349|
|=|         12|         44|        391|     13300.42700|        684|00:00:56|-0.04|0.06|1.0261|
|=|          8|         44|        391|     12193.11533|        723|00:00:04|-0.04|0.05|1.0193|
|=|          9|         44|        391|     11297.32644|        762|00:00:49|-0.04|0.04|1.0152|
|=|         11|         44|        391|     10493.71148|        801|00:00:04|-0.03|0.04|1.0016|
|=|         15|         44|        479|     13251.37839|        845|00:00:04|-0.02|0.05|0.9919|
+-+-----------+-----------+-----------+----------------+-----------+--------+-----+----+------+
Best-so-far configuration:         479    mean value:      13251.37839
Description of the best-so-far configuration:
    .ID. particles topology modInfluence branching tSchedule phi1 phi2 inertia
479  479        70        4            0        NA        NA 2.08 2.23    0.24
    .PARENT.
479      378

# 2025-06-12 00:09:41 -04: Elite configurations (first number is the configuration ID; listed from best to worst according to the sum of ranks):
    particles topology modInfluence branching tSchedule phi1 phi2 inertia
479        70        4            0        NA        NA 2.08 2.23    0.24
466        61        4            0        NA        NA 1.96 2.43    0.24
391       128        4            0        NA        NA 1.26 2.23    0.13
465       131        4            0        NA        NA 1.31 2.40    0.16
452       118        4            0        NA        NA 1.50 2.45    0.13
# 2025-06-12 00:09:41 -04: Iteration 6 of 6
# experimentsUsed: 3593
# remainingBudget: 407
# currentBudget: 407
# nbConfigurations: 30
# Markers:
     x No test is performed.
     c Configurations are discarded only due to capping.
     - The test is performed and some configurations are discarded.
     = The test is performed but no configuration is discarded.
     ! The test is performed and configurations could be discarded but elite configurations are preserved.
     . All alive configurations are elite and nothing is discarded.

+-+-----------+-----------+-----------+----------------+-----------+--------+-----+----+------+
| |   Instance|      Alive|       Best|       Mean best| Exp so far|  W time|  rho|KenW|  Qvar|
+-+-----------+-----------+-----------+----------------+-----------+--------+-----+----+------+
|x|         16|         30|        486|     446.1687812|         30|00:00:25|   NA|  NA|    NA|
|x|          7|         30|        488|     339.5564944|         55|00:00:03|-0.00|0.50|1.2181|
|x|         14|         30|        486|     218.2781121|         80|00:00:02|-0.14|0.24|1.1125|
|x|          4|         30|        504|     233.6686705|        105|00:00:16|-0.10|0.17|1.0170|
|=|         10|         30|        502|     13324.18238|        130|00:00:02|-0.03|0.17|0.9910|
|=|         13|         30|        502|     12338.57527|        155|00:00:03|+0.01|0.18|0.9755|
|=|         15|         30|        502|     10576.61354|        180|00:00:02|+0.01|0.15|0.9740|
|=|         12|         30|        479|     10459.82973|        205|00:00:42|+0.01|0.14|0.9343|
|=|          1|         30|        479|     9309.165018|        230|00:00:02|+0.04|0.15|0.9318|
|=|          9|         30|        479|     8432.784549|        255|00:00:37|+0.03|0.13|0.9023|
|-|          6|         13|        479|     7748.816084|        280|00:00:38|-0.01|0.08|0.9707|
|=|          3|         13|        479|     7142.532339|        288|00:00:12|+0.00|0.09|0.9536|
|=|          8|         13|        479|     6594.034955|        296|00:00:01|+0.02|0.10|0.9404|
|=|         11|         13|        479|     6126.630520|        304|00:00:01|+0.03|0.10|0.9317|
|=|          5|         13|        479|     5778.175342|        312|00:00:08|+0.03|0.09|0.9277|
|=|          2|         13|        479|     12467.77471|        320|00:00:01|+0.02|0.08|0.9374|
|=|         17|         13|        479|     11765.77505|        333|00:00:24|+0.02|0.08|0.9249|
+-+-----------+-----------+-----------+----------------+-----------+--------+-----+----+------+
Best-so-far configuration:         479    mean value:      11765.77505
Description of the best-so-far configuration:
    .ID. particles topology modInfluence branching tSchedule phi1 phi2 inertia
479  479        70        4            0        NA        NA 2.08 2.23    0.24
    .PARENT.
479      378

# 2025-06-12 00:13:29 -04: Elite configurations (first number is the configuration ID; listed from best to worst according to the sum of ranks):
    particles topology modInfluence branching tSchedule phi1 phi2 inertia
479        70        4            0        NA        NA 2.08 2.23    0.24
492        67        4            0        NA        NA 2.12 2.38    0.29
502       139        4            0        NA        NA 1.50 2.43    0.14
391       128        4            0        NA        NA 1.26 2.23    0.13
466        61        4            0        NA        NA 1.96 2.43    0.24
# 2025-06-12 00:13:29 -04: Iteration 7 of 7
# experimentsUsed: 3926
# remainingBudget: 74
# currentBudget: 74
# nbConfigurations: 8
# Markers:
     x No test is performed.
     c Configurations are discarded only due to capping.
     - The test is performed and some configurations are discarded.
     = The test is performed but no configuration is discarded.
     ! The test is performed and configurations could be discarded but elite configurations are preserved.
     . All alive configurations are elite and nothing is discarded.

+-+-----------+-----------+-----------+----------------+-----------+--------+-----+----+------+
| |   Instance|      Alive|       Best|       Mean best| Exp so far|  W time|  rho|KenW|  Qvar|
+-+-----------+-----------+-----------+----------------+-----------+--------+-----+----+------+
|x|         18|          8|        510|     37.50830143|          8|00:00:01|   NA|  NA|    NA|
|x|          3|          8|        510|     254.8957250|         11|00:00:11|-0.24|0.38|1.3318|
|x|         11|          8|        510|     186.8528303|         14|00:00:01|-0.03|0.31|1.0809|
|x|          8|          8|        492|     154.8314127|         17|00:00:01|-0.05|0.21|1.0018|
|=|          1|          8|        492|     145.2613524|         20|00:00:01|-0.04|0.17|0.8852|
|=|         17|          8|        492|     209.4139955|         23|00:00:12|-0.00|0.16|0.8665|
|=|          7|          8|        492|     200.1195036|         26|00:00:01|-0.01|0.13|0.8810|
|=|         15|          8|        492|     175.6945709|         29|00:00:00|+0.03|0.15|0.8530|
|=|         10|          8|        492|     7922.862970|         32|00:00:01|+0.05|0.16|0.8268|
|=|          9|          8|        492|     7185.213112|         35|00:00:11|+0.10|0.19|0.7784|
|=|          2|          8|        492|     17971.46507|         38|00:00:01|+0.06|0.15|0.7974|
|=|          6|          8|        479|     15849.10824|         41|00:00:12|+0.08|0.16|0.7965|
|=|          4|          8|        479|     14632.36378|         44|00:00:06|+0.07|0.14|0.7997|
|-|         12|          7|        479|     13651.45376|         47|00:00:14|-0.01|0.06|0.8700|
|=|         13|          7|        479|     13229.34177|         49|00:00:01|+0.01|0.08|0.8542|
|=|          5|          7|        479|     12458.74558|         51|00:00:08|-0.00|0.06|0.8492|
|=|         16|          7|        479|     11767.86170|         53|00:00:08|+0.00|0.06|0.8452|
|=|         14|          7|        479|     11116.86776|         55|00:00:00|-0.01|0.05|0.8551|
|=|         19|          7|        479|     10548.86860|         62|00:00:12|-0.02|0.03|0.8637|
+-+-----------+-----------+-----------+----------------+-----------+--------+-----+----+------+
Best-so-far configuration:         479    mean value:      10548.86860
Description of the best-so-far configuration:
    .ID. particles topology modInfluence branching tSchedule phi1 phi2 inertia
479  479        70        4            0        NA        NA 2.08 2.23    0.24
    .PARENT.
479      378

# 2025-06-12 00:15:18 -04: Elite configurations (first number is the configuration ID; listed from best to worst according to the sum of ranks):
    particles topology modInfluence branching tSchedule phi1 phi2 inertia
479        70        4            0        NA        NA 2.08 2.23    0.24
492        67        4            0        NA        NA 2.12 2.38    0.29
391       128        4            0        NA        NA 1.26 2.23    0.13
466        61        4            0        NA        NA 1.96 2.43    0.24
502       139        4            0        NA        NA 1.50 2.43    0.14
# 2025-06-12 00:15:18 -04: Stopped because there is not enough budget left to race more than the minimum (5).
# You may either increase the budget or set 'minNbSurvival' to a lower value.
# Iteration: 8
# nbIterations: 8
# experimentsUsed: 3988
# timeUsed: 0
# remainingBudget: 12
# currentBudget: 12
# number of elites: 5
# nbConfigurations: 5
# Total CPU user time: 24335.14, CPU sys time: 160.41, Wall-clock time: 2793.726
# 2025-06-12 00:15:18 -04: Starting post-selection:
# Configurations selected: 479, 492, 391, 466, 502, 465, 452.
# Pending instances: 1, 1, 1, 1, 1, 3, 3.
# 2025-06-12 00:15:19 -04: seed: 555666333
# Configurations: 7
# Available experiments: 12
# minSurvival: 1
# Markers:
     x No test is performed.
     c Configurations are discarded only due to capping.
     - The test is performed and some configurations are discarded.
     = The test is performed but no configuration is discarded.
     ! The test is performed and configurations could be discarded but elite configurations are preserved.
     . All alive configurations are elite and nothing is discarded.

+-+-----------+-----------+-----------+----------------+-----------+--------+-----+----+------+
| |   Instance|      Alive|       Best|       Mean best| Exp so far|  W time|  rho|KenW|  Qvar|
+-+-----------+-----------+-----------+----------------+-----------+--------+-----+----+------+
|.|          1|          7|        391|     90.81634353|          0|00:00:00|   NA|  NA|    NA|
|.|         12|          7|        391|     499.3711914|          0|00:00:00|-0.29|0.36|1.1191|
|.|         14|          7|        391|     348.6803901|          0|00:00:00|-0.01|0.33|1.0101|
|x|         19|          7|        391|     334.5688839|          2|00:00:12|+0.13|0.35|0.7725|
|.|          4|          7|        391|     273.7735202|          2|00:00:00|+0.24|0.39|0.7079|
|.|         17|          7|        391|     317.4821766|          2|00:00:00|+0.24|0.37|0.7030|
|.|          5|          7|        391|     397.5850414|          2|00:00:00|+0.15|0.27|0.7537|
|.|          7|          7|        391|     368.7889191|          2|00:00:00|+0.11|0.22|0.8029|
|x|         18|          7|        465|     335.6534578|          4|00:00:01|+0.12|0.22|0.8081|
|.|          9|          7|        465|     356.9958431|          4|00:00:00|+0.08|0.17|0.8106|
|.|          3|          7|        465|     367.5961723|          4|00:00:00|+0.03|0.11|0.8367|
|.|         10|          7|        465|     7180.493924|          4|00:00:00|-0.01|0.08|0.8606|
|.|          2|          7|        465|     13473.59249|          4|00:00:00|-0.01|0.07|0.8639|
|.|          8|          7|        465|     12512.06484|          4|00:00:00|-0.03|0.04|0.8853|
|.|         15|          7|        465|     11678.27527|          4|00:00:00|-0.05|0.02|0.9001|
|.|          6|          7|        465|     11005.25821|          4|00:00:00|-0.04|0.02|0.8901|
|.|         16|          7|        465|     10406.68426|          4|00:00:00|-0.04|0.02|0.8874|
|.|         13|          7|        465|     10238.32420|          4|00:00:00|-0.04|0.02|0.8861|
|.|         11|          7|        465|     9702.052658|          4|00:00:00|-0.03|0.02|0.8803|
|=|         20|          7|        479|     10040.57556|         11|00:00:12|-0.03|0.02|0.8789|
+-+-----------+-----------+-----------+----------------+-----------+--------+-----+----+------+
Best-so-far configuration:         479    mean value:      10040.57556
Description of the best-so-far configuration:
    .ID. particles topology modInfluence branching tSchedule phi1 phi2 inertia
479  479        70        4            0        NA        NA 2.08 2.23    0.24
    .PARENT.
479      378

# 2025-06-12 00:15:45 -04: Elite configurations (first number is the configuration ID; listed from best to worst according to the sum of ranks):
    particles topology modInfluence branching tSchedule phi1 phi2 inertia
479        70        4            0        NA        NA 2.08 2.23    0.24
465       131        4            0        NA        NA 1.31 2.40    0.16
391       128        4            0        NA        NA 1.26 2.23    0.13
492        67        4            0        NA        NA 2.12 2.38    0.29
452       118        4            0        NA        NA 1.50 2.45    0.13
# Total CPU user time: 24446.61, CPU sys time: 160.96, Wall-clock time: 2820.099
    .ID. particles topology modInfluence branching tSchedule phi1 phi2 inertia
479  479        70        4            0        NA        NA 2.08 2.23    0.24
465  465       131        4            0        NA        NA 1.31 2.40    0.16
391  391       128        4            0        NA        NA 1.26 2.23    0.13
492  492        67        4            0        NA        NA 2.12 2.38    0.29
452  452       118        4            0        NA        NA 1.50 2.45    0.13
    .PARENT. .RANK.   .WEIGHT.
479      378     74 0.33333333
465      391     75 0.26666667
391      232     76 0.20000000
492      479     76 0.13333333
452      232     83 0.06666667
