# 2025-05-22 21:58:53 -04: Reading parameter file '/home/dianag/PruebasPablo/irace-independent-executions/PSO-X/Scenarios/E8-BH-Multimodal-SR/Runs/E8-BH-Multimodal-SR_seed_9876543210/parameters.txt'.
# 2025-05-22 21:58:53 -04: 2 expression(s) specifying forbidden configurations read.
# 2025-05-22 21:58:54 -04: Initialization
# Elitist race
# Elitist new instances: 1
# Elitist limit: 2
# nbIterations: 5
# minNbSurvival: 5
# nbParameters: 8
# seed: 959297075
# confidence level: 0.95
# budget: 4000
# mu: 5
# deterministic: FALSE

# 2025-05-22 21:58:54 -04: Iteration 1 of 5
# experimentsUsed: 0
# remainingBudget: 4000
# currentBudget: 800
# nbConfigurations: 133
# Markers:
     x No test is performed.
     c Configurations are discarded only due to capping.
     - The test is performed and some configurations are discarded.
     = The test is performed but no configuration is discarded.
     ! The test is performed and configurations could be discarded but elite configurations are preserved.
     . All alive configurations are elite and nothing is discarded.

+-+-----------+-----------+-----------+----------------+-----------+--------+-----+----+------+
| |   Instance|      Alive|       Best|       Mean best| Exp so far|  W time|  rho|KenW|  Qvar|
+-+-----------+-----------+-----------+----------------+-----------+--------+-----+----+------+
|x|          1|        132|          5|    0.7027680601|        132|00:00:34|   NA|  NA|    NA|
|x|          2|        132|         32|     10.84943427|        264|00:00:35|-0.05|0.47|1.0539|
|x|          3|        132|         34|     34.92832351|        396|00:00:35|+0.18|0.45|0.8573|
|x|          4|        132|         34|     145.6962288|        528|00:00:32|+0.34|0.50|0.7140|
|-|          5|         62|         34|     120.7482373|        660|00:00:34|-0.04|0.17|0.9347|
|=|          6|         62|         34|     14545.47474|        722|00:00:21|+0.00|0.17|0.9050|
|=|          7|         62|         94|     6896.135147|        784|00:00:20|+0.01|0.15|0.9149|
+-+-----------+-----------+-----------+----------------+-----------+--------+-----+----+------+
Best-so-far configuration:          94    mean value:      6896.135147
Description of the best-so-far configuration:
   .ID. particles topology modInfluence branching tSchedule phi1 phi2 inertia
94   94        64        0            0        NA        NA 1.23 1.51    0.39
   .PARENT.
94       NA

# 2025-05-22 22:02:29 -04: Elite configurations (first number is the configuration ID; listed from best to worst according to the sum of ranks):
   particles topology modInfluence branching tSchedule phi1 phi2 inertia
94        64        0            0        NA        NA 1.23 1.51    0.39
67        61        4            0        NA        NA 1.58 1.32    0.52
79       179        0            0        NA        NA 1.35 2.49    0.21
34         3        3            2        NA        NA 0.90 1.77    0.39
15       149        0            0        NA        NA 1.02 1.34    0.62
# 2025-05-22 22:02:29 -04: Iteration 2 of 5
# experimentsUsed: 784
# remainingBudget: 3216
# currentBudget: 804
# nbConfigurations: 104
# Markers:
     x No test is performed.
     c Configurations are discarded only due to capping.
     - The test is performed and some configurations are discarded.
     = The test is performed but no configuration is discarded.
     ! The test is performed and configurations could be discarded but elite configurations are preserved.
     . All alive configurations are elite and nothing is discarded.

+-+-----------+-----------+-----------+----------------+-----------+--------+-----+----+------+
| |   Instance|      Alive|       Best|       Mean best| Exp so far|  W time|  rho|KenW|  Qvar|
+-+-----------+-----------+-----------+----------------+-----------+--------+-----+----+------+
|x|          8|        104|        231|     16166.47538|        104|00:00:37|   NA|  NA|    NA|
|x|          1|        104|         79|     8127.236877|        203|00:00:35|+0.35|0.67|0.6536|
|x|          7|        104|        173|     5553.098493|        302|00:00:36|+0.33|0.55|0.6805|
|x|          3|        104|        173|     4569.551564|        401|00:00:35|+0.41|0.56|0.5793|
|-|          2|         49|        204|     3310.181669|        500|00:00:35|-0.10|0.12|0.9514|
|=|          5|         49|         79|     3050.310201|        544|00:00:10|-0.06|0.12|0.9042|
|=|          6|         49|         79|     7452.455934|        588|00:00:13|+0.00|0.15|0.8642|
|=|          4|         49|        138|     19303.01282|        632|00:00:10|+0.03|0.15|0.8274|
|=|          9|         49|        138|     17158.28801|        681|00:00:11|+0.02|0.13|0.7902|
+-+-----------+-----------+-----------+----------------+-----------+--------+-----+----+------+
Best-so-far configuration:         138    mean value:      17158.28801
Description of the best-so-far configuration:
    .ID. particles topology modInfluence branching tSchedule phi1 phi2 inertia
138  138       162        4            0        NA        NA  2.3 1.94    0.51
    .PARENT.
138       67

# 2025-05-22 22:06:15 -04: Elite configurations (first number is the configuration ID; listed from best to worst according to the sum of ranks):
    particles topology modInfluence branching tSchedule phi1 phi2 inertia
138       162        4            0        NA        NA 2.30 1.94    0.51
79        179        0            0        NA        NA 1.35 2.49    0.21
175        36        1            0        NA        NA 1.17 2.01    0.48
207       172        0            0        NA        NA 1.15 2.32    0.05
67         61        4            0        NA        NA 1.58 1.32    0.52
# 2025-05-22 22:06:15 -04: Iteration 3 of 5
# experimentsUsed: 1465
# remainingBudget: 2535
# currentBudget: 845
# nbConfigurations: 89
# Markers:
     x No test is performed.
     c Configurations are discarded only due to capping.
     - The test is performed and some configurations are discarded.
     = The test is performed but no configuration is discarded.
     ! The test is performed and configurations could be discarded but elite configurations are preserved.
     . All alive configurations are elite and nothing is discarded.

+-+-----------+-----------+-----------+----------------+-----------+--------+-----+----+------+
| |   Instance|      Alive|       Best|       Mean best| Exp so far|  W time|  rho|KenW|  Qvar|
+-+-----------+-----------+-----------+----------------+-----------+--------+-----+----+------+
|x|         10|         89|        313|     187.1318245|         89|00:00:27|   NA|  NA|    NA|
|x|          2|         89|        313|     104.0271419|        173|00:00:27|+0.04|0.52|0.9360|
|x|          4|         89|        175|     113.5484931|        257|00:00:25|+0.11|0.41|0.6546|
|x|          3|         89|        175|     242.6711468|        341|00:00:27|+0.28|0.46|0.6929|
|-|          5|         43|        175|     197.6142248|        425|00:00:26|-0.06|0.15|1.0375|
|=|          8|         43|        138|     2861.378655|        463|00:00:05|-0.01|0.16|1.0032|
|=|          9|         43|        138|     2452.680216|        501|00:00:04|+0.03|0.17|0.9915|
|-|          7|         22|        138|     2146.307087|        539|00:00:04|-0.00|0.12|0.9269|
|=|          6|         22|        243|     18959.86252|        556|00:00:04|-0.01|0.10|0.9096|
|=|          1|         22|        312|     13386.16372|        573|00:00:02|-0.02|0.08|0.8916|
|=|         11|         22|        138|     14060.47495|        595|00:00:02|-0.01|0.08|0.8783|
+-+-----------+-----------+-----------+----------------+-----------+--------+-----+----+------+
Best-so-far configuration:         138    mean value:      14060.47495
Description of the best-so-far configuration:
    .ID. particles topology modInfluence branching tSchedule phi1 phi2 inertia
138  138       162        4            0        NA        NA  2.3 1.94    0.51
    .PARENT.
138       67

# 2025-05-22 22:08:53 -04: Elite configurations (first number is the configuration ID; listed from best to worst according to the sum of ranks):
    particles topology modInfluence branching tSchedule phi1 phi2 inertia
138       162        4            0        NA        NA 2.30 1.94    0.51
243       151        4            0        NA        NA 2.10 2.14    0.62
175        36        1            0        NA        NA 1.17 2.01    0.48
247       146        4            0        NA        NA 2.00 2.18    0.35
296       116        4            0        NA        NA 1.93 1.83    0.66
# 2025-05-22 22:08:53 -04: Iteration 4 of 5
# experimentsUsed: 2060
# remainingBudget: 1940
# currentBudget: 970
# nbConfigurations: 85
# Markers:
     x No test is performed.
     c Configurations are discarded only due to capping.
     - The test is performed and some configurations are discarded.
     = The test is performed but no configuration is discarded.
     ! The test is performed and configurations could be discarded but elite configurations are preserved.
     . All alive configurations are elite and nothing is discarded.

+-+-----------+-----------+-----------+----------------+-----------+--------+-----+----+------+
| |   Instance|      Alive|       Best|       Mean best| Exp so far|  W time|  rho|KenW|  Qvar|
+-+-----------+-----------+-----------+----------------+-----------+--------+-----+----+------+
|x|         12|         85|        332|     20.17985398|         85|00:00:07|   NA|  NA|    NA|
|x|         10|         85|        349|     107.0428613|        165|00:00:07|+0.31|0.65|0.0124|
|x|         11|         85|        349|     75.48257847|        245|00:00:08|+0.27|0.51|0.3283|
|x|          7|         85|        317|     63.69809753|        325|00:00:08|+0.27|0.45|0.4468|
|-|          1|         55|        319|     57.88850846|        405|00:00:08|-0.12|0.10|1.0813|
|=|          5|         55|        319|     51.11983487|        455|00:00:04|-0.05|0.13|1.0498|
|=|          2|         55|        323|     44.41400590|        505|00:00:05|-0.02|0.13|1.0192|
|=|          3|         55|        323|     45.60733224|        555|00:00:04|-0.05|0.08|1.0342|
|=|          9|         55|        367|     31.23699303|        605|00:00:04|-0.04|0.08|1.0157|
|=|          4|         55|        317|     48.59329199|        655|00:00:04|-0.03|0.07|1.0140|
|=|          6|         55|        317|     8148.272471|        705|00:00:12|-0.03|0.07|1.0196|
|=|          8|         55|        317|     8823.700269|        755|00:00:06|-0.02|0.06|1.0039|
|=|         13|         55|        317|     8152.140084|        810|00:00:05|-0.01|0.07|0.9862|
+-+-----------+-----------+-----------+----------------+-----------+--------+-----+----+------+
Best-so-far configuration:         317    mean value:      8152.140084
Description of the best-so-far configuration:
    .ID. particles topology modInfluence branching tSchedule phi1 phi2 inertia
317  317       148        4            0        NA        NA 2.32  2.4    0.53
    .PARENT.
317      138

# 2025-05-22 22:10:23 -04: Elite configurations (first number is the configuration ID; listed from best to worst according to the sum of ranks):
    particles topology modInfluence branching tSchedule phi1 phi2 inertia
317       148        4            0        NA        NA 2.32 2.40    0.53
367       125        4            0        NA        NA 2.28 2.15    0.50
373       169        4            0        NA        NA 2.12 2.04    0.36
138       162        4            0        NA        NA 2.30 1.94    0.51
323       154        4            0        NA        NA 2.21 2.38    0.38
# 2025-05-22 22:10:23 -04: Iteration 5 of 5
# experimentsUsed: 2870
# remainingBudget: 1130
# currentBudget: 1130
# nbConfigurations: 85
# Markers:
     x No test is performed.
     c Configurations are discarded only due to capping.
     - The test is performed and some configurations are discarded.
     = The test is performed but no configuration is discarded.
     ! The test is performed and configurations could be discarded but elite configurations are preserved.
     . All alive configurations are elite and nothing is discarded.

+-+-----------+-----------+-----------+----------------+-----------+--------+-----+----+------+
| |   Instance|      Alive|       Best|       Mean best| Exp so far|  W time|  rho|KenW|  Qvar|
+-+-----------+-----------+-----------+----------------+-----------+--------+-----+----+------+
|x|         14|         85|        408|     95.23134013|         85|00:00:07|   NA|  NA|    NA|
|x|         13|         85|        397|     99.45335758|        165|00:00:07|+0.15|0.57|0.4272|
|x|          4|         85|        415|     118.4463921|        245|00:00:06|+0.25|0.50|0.4945|
|x|         10|         85|        397|     187.5141656|        325|00:00:07|+0.33|0.50|0.5998|
|-|          5|         39|        437|     125.1665803|        405|00:00:07|-0.09|0.13|1.0072|
|=|          2|         39|        462|     116.6615148|        439|00:00:03|-0.05|0.12|0.9984|
|=|          3|         39|        437|     93.17557006|        473|00:00:03|-0.03|0.11|0.9643|
|=|          7|         39|        462|     90.83585962|        507|00:00:03|-0.04|0.09|0.9834|
|=|          6|         39|        462|     12214.02104|        541|00:00:09|-0.02|0.09|0.9732|
|=|          9|         39|        437|     10475.45159|        575|00:00:03|-0.02|0.08|0.9807|
|=|          8|         39|        437|     11001.99025|        609|00:00:03|-0.02|0.07|0.9828|
|=|         12|         39|        437|     10087.49819|        643|00:00:03|-0.01|0.07|0.9691|
|=|          1|         39|        437|     9311.606017|        677|00:00:03|-0.01|0.07|0.9685|
|=|         11|         39|        437|     8647.400555|        711|00:00:03|-0.00|0.07|0.9787|
|=|         15|         39|        437|     8070.921274|        750|00:00:03|+0.01|0.08|0.9571|
+-+-----------+-----------+-----------+----------------+-----------+--------+-----+----+------+
Best-so-far configuration:         437    mean value:      8070.921274
Description of the best-so-far configuration:
    .ID. particles topology modInfluence branching tSchedule phi1 phi2 inertia
437  437       147        4            0        NA        NA 2.44 2.26    0.47
    .PARENT.
437      317

# 2025-05-22 22:11:41 -04: Elite configurations (first number is the configuration ID; listed from best to worst according to the sum of ranks):
    particles topology modInfluence branching tSchedule phi1 phi2 inertia
437       147        4            0        NA        NA 2.44 2.26    0.47
411       129        4            0        NA        NA 2.43 2.30    0.38
415       134        4            0        NA        NA 2.42 2.48    0.51
317       148        4            0        NA        NA 2.32 2.40    0.53
469       142        4            0        NA        NA 2.35 2.50    0.51
# 2025-05-22 22:11:41 -04: Iteration 6 of 6
# experimentsUsed: 3620
# remainingBudget: 380
# currentBudget: 380
# nbConfigurations: 28
# Markers:
     x No test is performed.
     c Configurations are discarded only due to capping.
     - The test is performed and some configurations are discarded.
     = The test is performed but no configuration is discarded.
     ! The test is performed and configurations could be discarded but elite configurations are preserved.
     . All alive configurations are elite and nothing is discarded.

+-+-----------+-----------+-----------+----------------+-----------+--------+-----+----+------+
| |   Instance|      Alive|       Best|       Mean best| Exp so far|  W time|  rho|KenW|  Qvar|
+-+-----------+-----------+-----------+----------------+-----------+--------+-----+----+------+
|x|         16|         28|        483|     153.5004254|         28|00:00:02|   NA|  NA|    NA|
|x|          9|         28|        317|     91.88310721|         51|00:00:02|+0.02|0.51|0.9100|
|x|          1|         28|        483|     51.58276687|         74|00:00:02|-0.12|0.26|1.0395|
|x|         15|         28|        477|     47.56721911|         97|00:00:02|-0.07|0.20|1.0969|
|=|          2|         28|        486|     44.21599214|        120|00:00:02|-0.07|0.14|1.0647|
|=|          7|         28|        498|     34.41703799|        143|00:00:02|-0.03|0.14|1.0262|
|=|          8|         28|        498|     2376.332025|        166|00:00:03|-0.02|0.12|1.0060|
|=|         12|         28|        498|     2083.136851|        189|00:00:02|-0.03|0.10|1.0290|
|=|          5|         28|        497|     1860.398324|        212|00:00:02|-0.02|0.09|1.0201|
|=|          3|         28|        497|     1680.517737|        235|00:00:02|-0.03|0.07|1.0257|
|=|         14|         28|        497|     1539.215394|        258|00:00:01|-0.02|0.07|1.0128|
|=|         10|         28|        477|     1436.265397|        281|00:00:02|-0.02|0.07|1.0037|
|=|         11|         28|        482|     1307.963327|        304|00:00:02|-0.02|0.06|1.0049|
|=|          4|         28|        415|     1209.996096|        327|00:00:02|-0.01|0.07|0.9906|
|=|         13|         28|        482|     1165.211094|        350|00:00:02|+0.01|0.08|0.9755|
|=|          6|         28|        317|     6674.285857|        373|00:00:06|+0.01|0.07|0.9772|
+-+-----------+-----------+-----------+----------------+-----------+--------+-----+----+------+
Best-so-far configuration:         317    mean value:      6674.285857
Description of the best-so-far configuration:
    .ID. particles topology modInfluence branching tSchedule phi1 phi2 inertia
317  317       148        4            0        NA        NA 2.32  2.4    0.53
    .PARENT.
317      138

# 2025-05-22 22:12:26 -04: Elite configurations (first number is the configuration ID; listed from best to worst according to the sum of ranks):
    particles topology modInfluence branching tSchedule phi1 phi2 inertia
317       148        4            0        NA        NA 2.32 2.40    0.53
496       137        4            0        NA        NA 2.45 2.49    0.46
415       134        4            0        NA        NA 2.42 2.48    0.51
469       142        4            0        NA        NA 2.35 2.50    0.51
482       129        4            0        NA        NA 2.37 2.45    0.58
# 2025-05-22 22:12:26 -04: Stopped because there is not enough budget left to race more than the minimum (5).
# You may either increase the budget or set 'minNbSurvival' to a lower value.
# Iteration: 7
# nbIterations: 7
# experimentsUsed: 3993
# timeUsed: 0
# remainingBudget: 7
# currentBudget: 7
# number of elites: 5
# nbConfigurations: 5
# Total CPU user time: 5940.592, CPU sys time: 119.132, Wall-clock time: 812.143
# 2025-05-22 22:12:26 -04: Starting post-selection:
# Configurations selected: 317, 496, 415, 469, 482, 437, 411.
# Pending instances: 0, 0, 0, 0, 0, 0, 0.
# 2025-05-22 22:12:26 -04: seed: 959297075
# Configurations: 7
# Available experiments: 7
# minSurvival: 1
# Markers:
     x No test is performed.
     c Configurations are discarded only due to capping.
     - The test is performed and some configurations are discarded.
     = The test is performed but no configuration is discarded.
     ! The test is performed and configurations could be discarded but elite configurations are preserved.
     . All alive configurations are elite and nothing is discarded.

+-+-----------+-----------+-----------+----------------+-----------+--------+-----+----+------+
| |   Instance|      Alive|       Best|       Mean best| Exp so far|  W time|  rho|KenW|  Qvar|
+-+-----------+-----------+-----------+----------------+-----------+--------+-----+----+------+
|.|         10|          7|        482|     185.9761933|          0|00:00:00|   NA|  NA|    NA|
|.|          7|          7|        482|     93.84731401|          0|00:00:00|-0.07|0.46|1.1777|
|.|         14|          7|        482|     113.9558092|          0|00:00:00|+0.33|0.56|0.7627|
|.|          6|          7|        482|     30985.95047|          0|00:00:00|+0.14|0.36|0.9171|
|.|          9|          7|        482|     24788.86597|          0|00:00:00|+0.11|0.29|0.9395|
|.|         13|          7|        482|     20671.83327|          0|00:00:00|-0.08|0.10|0.9693|
|.|          1|          7|        482|     17718.84580|          0|00:00:00|-0.05|0.10|0.9448|
|.|          5|          7|        482|     15506.43659|          0|00:00:00|-0.05|0.08|0.9179|
|.|          2|          7|        482|     13785.82440|          0|00:00:00|-0.07|0.05|0.9244|
|.|          3|          7|        482|     12407.68205|          0|00:00:00|-0.09|0.02|0.9084|
|.|          4|          7|        482|     11314.98125|          0|00:00:00|-0.07|0.03|0.8882|
|.|          8|          7|        482|     11737.49742|          0|00:00:00|-0.06|0.03|0.8843|
|.|         15|          7|        482|     10834.62172|          0|00:00:00|-0.05|0.03|0.8829|
|.|         16|          7|        482|     10074.27730|          0|00:00:00|-0.05|0.03|0.8813|
|.|         12|          7|        482|     9404.517505|          0|00:00:00|-0.05|0.02|0.8950|
|.|         11|          7|        482|     8817.506303|          0|00:00:00|-0.05|0.01|0.8984|
|=|         17|          7|        317|     6281.694447|          7|00:00:01|-0.04|0.02|0.8871|
+-+-----------+-----------+-----------+----------------+-----------+--------+-----+----+------+
Best-so-far configuration:         317    mean value:      6281.694447
Description of the best-so-far configuration:
    .ID. particles topology modInfluence branching tSchedule phi1 phi2 inertia
317  317       148        4            0        NA        NA 2.32  2.4    0.53
    .PARENT.
317      138

# 2025-05-22 22:12:27 -04: Elite configurations (first number is the configuration ID; listed from best to worst according to the sum of ranks):
    particles topology modInfluence branching tSchedule phi1 phi2 inertia
317       148        4            0        NA        NA 2.32 2.40    0.53
415       134        4            0        NA        NA 2.42 2.48    0.51
496       137        4            0        NA        NA 2.45 2.49    0.46
469       142        4            0        NA        NA 2.35 2.50    0.51
482       129        4            0        NA        NA 2.37 2.45    0.58
# Total CPU user time: 5945.847, CPU sys time: 119.332, Wall-clock time: 813.287
    .ID. particles topology modInfluence branching tSchedule phi1 phi2 inertia
317  317       148        4            0        NA        NA 2.32 2.40    0.53
415  415       134        4            0        NA        NA 2.42 2.48    0.51
496  496       137        4            0        NA        NA 2.45 2.49    0.46
469  469       142        4            0        NA        NA 2.35 2.50    0.51
482  482       129        4            0        NA        NA 2.37 2.45    0.58
    .PARENT. .RANK.   .WEIGHT.
317      138     61 0.33333333
415      317     65 0.26666667
496      469     65 0.20000000
469      317     68 0.13333333
482      469     69 0.06666667
