# 2025-06-07 16:41:42 -04: Reading parameter file '/home/dianag/PruebasPablo/irace-independent-executions/ACOTSP/Scenarios/E4-BH-SR/Runs/E4-BH-SR_seed_11235813/parameters.txt'.
# 2025-06-07 16:41:42 -04: 1 expression(s) specifying forbidden configurations read.
# 2025-06-07 16:41:43 -04: Initialization
# Elitist race
# Elitist new instances: 1
# Elitist limit: 2
# nbIterations: 5
# minNbSurvival: 5
# nbParameters: 11
# seed: 11235813
# confidence level: 0.95
# budget: 5500
# mu: 5
# deterministic: FALSE

# 2025-06-07 16:41:43 -04: Iteration 1 of 5
# experimentsUsed: 0
# remainingBudget: 5500
# currentBudget: 1100
# nbConfigurations: 183
# Markers:
     x No test is performed.
     c Configurations are discarded only due to capping.
     - The test is performed and some configurations are discarded.
     = The test is performed but no configuration is discarded.
     ! The test is performed and configurations could be discarded but elite configurations are preserved.
     . All alive configurations are elite and nothing is discarded.

+-+-----------+-----------+-----------+----------------+-----------+--------+-----+----+------+
| |   Instance|      Alive|       Best|       Mean best| Exp so far|  W time|  rho|KenW|  Qvar|
+-+-----------+-----------+-----------+----------------+-----------+--------+-----+----+------+
|x|          1|        183|        106|     32669404.00|        183|00:04:54|   NA|  NA|    NA|
|x|          2|        183|         59|     32611428.00|        366|00:04:52|+0.95|0.98|0.0014|
|x|          3|        183|         59|     32555242.67|        549|00:04:57|+0.95|0.97|0.0014|
|x|          4|        183|         59|     32426427.25|        732|00:04:50|+0.96|0.97|0.0014|
|-|          5|          9|         59|     32456745.60|        915|00:04:48|+0.49|0.60|0.4733|
|-|          6|          4|         59|     32480940.17|        924|00:00:20|+0.37|0.48|0.6398|
+-+-----------+-----------+-----------+----------------+-----------+--------+-----+----+------+
Best-so-far configuration:          59    mean value:      32480940.17
Description of the best-so-far configuration:
   .ID. algorithm localsearch alpha beta  rho ants   q0 rasrank elitistants
59   59       acs           3  2.39 6.71 0.68   58 0.37      NA          NA
   nnls dlb .PARENT.
59    9   1       NA

# 2025-06-07 17:06:26 -04: Elite configurations (first number is the configuration ID; listed from best to worst according to the sum of ranks):
    algorithm localsearch alpha beta  rho ants   q0 rasrank elitistants nnls
59        acs           3  2.39 6.71 0.68   58 0.37      NA          NA    9
26        acs           3  3.57 5.61 0.76   63 0.10      NA          NA   14
70        acs           3  2.90 1.63 0.97   74 0.76      NA          NA   27
120      mmas           3  3.60 6.79 0.24   34   NA      NA          NA   15
    dlb
59    1
26    1
70    1
120   1
# 2025-06-07 17:06:26 -04: Iteration 2 of 5
# experimentsUsed: 924
# remainingBudget: 4576
# currentBudget: 1144
# nbConfigurations: 166
# Markers:
     x No test is performed.
     c Configurations are discarded only due to capping.
     - The test is performed and some configurations are discarded.
     = The test is performed but no configuration is discarded.
     ! The test is performed and configurations could be discarded but elite configurations are preserved.
     . All alive configurations are elite and nothing is discarded.

+-+-----------+-----------+-----------+----------------+-----------+--------+-----+----+------+
| |   Instance|      Alive|       Best|       Mean best| Exp so far|  W time|  rho|KenW|  Qvar|
+-+-----------+-----------+-----------+----------------+-----------+--------+-----+----+------+
|x|          7|        166|        305|     32687707.00|        166|00:03:52|   NA|  NA|    NA|
|x|          2|        166|         26|     32615608.50|        328|00:03:49|+0.96|0.98|0.0024|
|x|          5|        166|         26|     32589989.33|        490|00:03:47|+0.96|0.97|0.0020|
|x|          4|        166|         26|     32459437.50|        652|00:03:47|+0.96|0.97|0.0024|
|-|          6|         13|         26|     32487448.80|        814|00:03:48|+0.08|0.26|0.8612|
|=|          3|         13|         59|     32486198.67|        823|00:00:20|+0.12|0.27|0.7770|
|-|          1|          9|         59|     32516670.86|        832|00:00:20|+0.06|0.19|0.8416|
|=|          8|          9|         59|     32526695.12|        841|00:00:20|+0.13|0.24|0.7841|
|-|          9|          5|         59|     32478064.11|        850|00:00:20|-0.03|0.08|0.8009|
+-+-----------+-----------+-----------+----------------+-----------+--------+-----+----+------+
Best-so-far configuration:          59    mean value:      32478064.11
Description of the best-so-far configuration:
   .ID. algorithm localsearch alpha beta  rho ants   q0 rasrank elitistants
59   59       acs           3  2.39 6.71 0.68   58 0.37      NA          NA
   nnls dlb .PARENT.
59    9   1       NA

# 2025-06-07 17:26:55 -04: Elite configurations (first number is the configuration ID; listed from best to worst according to the sum of ranks):
    algorithm localsearch alpha beta  rho ants   q0 rasrank elitistants nnls
59        acs           3  2.39 6.71 0.68   58 0.37      NA          NA    9
26        acs           3  3.57 5.61 0.76   63 0.10      NA          NA   14
305       acs           3  2.79 8.73 0.50   46 0.33      NA          NA   14
196       acs           3  2.56 5.65 0.88   57 0.03      NA          NA    7
337       acs           3  4.10 4.05 0.81   67 0.69      NA          NA   15
    dlb
59    1
26    1
305   1
196   0
337   0
# 2025-06-07 17:26:55 -04: Iteration 3 of 5
# experimentsUsed: 1774
# remainingBudget: 3726
# currentBudget: 1242
# nbConfigurations: 128
# Markers:
     x No test is performed.
     c Configurations are discarded only due to capping.
     - The test is performed and some configurations are discarded.
     = The test is performed but no configuration is discarded.
     ! The test is performed and configurations could be discarded but elite configurations are preserved.
     . All alive configurations are elite and nothing is discarded.

+-+-----------+-----------+-----------+----------------+-----------+--------+-----+----+------+
| |   Instance|      Alive|       Best|       Mean best| Exp so far|  W time|  rho|KenW|  Qvar|
+-+-----------+-----------+-----------+----------------+-----------+--------+-----+----+------+
|x|         10|        128|        349|     32815793.00|        128|00:02:59|   NA|  NA|    NA|
|x|          5|        128|         26|     32696323.00|        251|00:02:54|+0.97|0.98|0.0062|
|x|          8|        128|         26|     32640560.33|        374|00:02:54|+0.96|0.97|0.0061|
|x|          2|        128|        349|     32615907.25|        497|00:02:55|+0.95|0.96|0.0075|
|-|          4|         16|         26|     32502735.00|        620|00:02:53|+0.18|0.34|0.7319|
|-|          6|         10|         26|     32518861.50|        631|00:00:20|+0.27|0.39|0.6397|
|=|          9|         10|        349|     32468009.29|        636|00:00:10|+0.14|0.26|0.7729|
|-|          3|          8|         59|     32465613.25|        641|00:00:10|+0.13|0.24|0.7374|
|=|          1|          8|        349|     32491014.33|        644|00:00:10|+0.04|0.15|0.8183|
|=|          7|          8|        349|     32511236.60|        647|00:00:10|+0.07|0.16|0.7868|
|=|         11|          8|        349|     32513812.09|        655|00:00:10|+0.08|0.16|0.7870|
+-+-----------+-----------+-----------+----------------+-----------+--------+-----+----+------+
Best-so-far configuration:         349    mean value:      32513812.09
Description of the best-so-far configuration:
    .ID. algorithm localsearch alpha beta  rho ants   q0 rasrank elitistants
349  349       acs           3  1.81 5.79 0.77   60 0.96      NA          NA
    nnls dlb .PARENT.
349   16   1      337

# 2025-06-07 17:42:46 -04: Elite configurations (first number is the configuration ID; listed from best to worst according to the sum of ranks):
    algorithm localsearch alpha beta  rho ants   q0 rasrank elitistants nnls
349       acs           3  1.81 5.79 0.77   60 0.96      NA          NA   16
59        acs           3  2.39 6.71 0.68   58 0.37      NA          NA    9
305       acs           3  2.79 8.73 0.50   46 0.33      NA          NA   14
437       acs           3  3.90 7.21 0.52   68 0.25      NA          NA   10
26        acs           3  3.57 5.61 0.76   63 0.10      NA          NA   14
    dlb
349   1
59    1
305   1
437   1
26    1
# 2025-06-07 17:42:46 -04: Iteration 4 of 5
# experimentsUsed: 2429
# remainingBudget: 3071
# currentBudget: 1535
# nbConfigurations: 132
# Markers:
     x No test is performed.
     c Configurations are discarded only due to capping.
     - The test is performed and some configurations are discarded.
     = The test is performed but no configuration is discarded.
     ! The test is performed and configurations could be discarded but elite configurations are preserved.
     . All alive configurations are elite and nothing is discarded.

+-+-----------+-----------+-----------+----------------+-----------+--------+-----+----+------+
| |   Instance|      Alive|       Best|       Mean best| Exp so far|  W time|  rho|KenW|  Qvar|
+-+-----------+-----------+-----------+----------------+-----------+--------+-----+----+------+
|x|         12|        132|        543|     32508217.00|        132|00:03:03|   NA|  NA|    NA|
|x|          5|        132|        543|     32538803.00|        259|00:02:53|+0.83|0.92|0.0045|
|x|          3|        132|        527|     32521638.00|        386|00:02:53|+0.85|0.90|0.0058|
|x|          7|        132|         26|     32571738.25|        513|00:02:53|+0.84|0.88|0.0070|
|-|          8|         24|         26|     32563197.60|        640|00:02:54|-0.10|0.12|1.0570|
|=|          2|         24|        566|     32553894.17|        659|00:00:31|-0.06|0.11|1.0108|
|=|          1|         24|        566|     32563447.29|        678|00:00:31|-0.05|0.10|1.0026|
|=|         10|         24|        566|     32599305.12|        697|00:00:31|-0.02|0.11|0.9642|
|=|         11|         24|        566|     32595093.11|        716|00:00:31|-0.00|0.11|0.9425|
|=|          4|         24|        566|     32542269.50|        735|00:00:31|+0.03|0.13|0.9229|
|=|          6|         24|        566|     32551291.91|        754|00:00:31|+0.04|0.13|0.9022|
|-|          9|         19|        566|     32513337.42|        773|00:00:31|-0.05|0.04|0.9914|
|=|         13|         19|        520|     32530247.08|        792|00:00:31|-0.03|0.05|0.9731|
|=|         14|         19|        566|     32531500.86|        811|00:00:31|-0.03|0.05|0.9693|
+-+-----------+-----------+-----------+----------------+-----------+--------+-----+----+------+
Best-so-far configuration:         566    mean value:      32531500.86
Description of the best-so-far configuration:
    .ID. algorithm localsearch alpha beta  rho ants   q0 rasrank elitistants
566  566       acs           3  1.65  5.5 0.59   48 0.82      NA          NA
    nnls dlb .PARENT.
566   11   1      349

# 2025-06-07 18:02:05 -04: Elite configurations (first number is the configuration ID; listed from best to worst according to the sum of ranks):
    algorithm localsearch alpha beta  rho ants   q0 rasrank elitistants nnls
566       acs           3  1.65 5.50 0.59   48 0.82      NA          NA   11
26        acs           3  3.57 5.61 0.76   63 0.10      NA          NA   14
520       acs           3  2.91 7.42 0.55   56 0.34      NA          NA    9
487       acs           3  2.38 5.71 0.59   47 0.27      NA          NA   11
527       acs           3  4.90 5.21 0.37   69 0.20      NA          NA    8
    dlb
566   1
26    1
520   1
487   1
527   1
# 2025-06-07 18:02:05 -04: Iteration 5 of 5
# experimentsUsed: 3240
# remainingBudget: 2260
# currentBudget: 2260
# nbConfigurations: 155
# Markers:
     x No test is performed.
     c Configurations are discarded only due to capping.
     - The test is performed and some configurations are discarded.
     = The test is performed but no configuration is discarded.
     ! The test is performed and configurations could be discarded but elite configurations are preserved.
     . All alive configurations are elite and nothing is discarded.

+-+-----------+-----------+-----------+----------------+-----------+--------+-----+----+------+
| |   Instance|      Alive|       Best|       Mean best| Exp so far|  W time|  rho|KenW|  Qvar|
+-+-----------+-----------+-----------+----------------+-----------+--------+-----+----+------+
|x|         15|        155|        627|     32524452.00|        155|00:03:27|   NA|  NA|    NA|
|x|         13|        155|        622|     32608001.00|        305|00:03:17|+0.62|0.81|0.0028|
|x|          8|        155|        622|     32589291.00|        455|00:03:17|+0.64|0.76|0.0026|
|x|          3|        155|        610|     32554968.50|        605|00:03:17|+0.60|0.70|0.0029|
|-|         11|         34|        610|     32535321.60|        755|00:03:17|-0.10|0.12|1.0689|
|=|          9|         34|        610|     32462340.83|        784|00:00:41|-0.06|0.12|1.0292|
|=|          5|         34|        610|     32476327.14|        813|00:00:41|-0.02|0.12|0.9955|
|=|          2|         34|        610|     32477708.50|        842|00:00:41|+0.00|0.13|0.9644|
|=|         14|         34|        610|     32486181.78|        871|00:00:41|+0.02|0.13|0.9518|
|=|          7|         34|        610|     32507950.30|        900|00:00:41|+0.03|0.13|0.9503|
|=|          1|         34|        610|     32519077.45|        929|00:00:41|+0.03|0.12|0.9450|
|=|          6|         34|        610|     32525524.58|        958|00:00:41|+0.04|0.12|0.9388|
|=|         10|         34|        610|     32554967.46|        987|00:00:41|+0.02|0.10|0.9539|
|=|          4|         34|        610|     32517729.21|       1016|00:00:41|+0.03|0.10|0.9467|
|=|         12|         34|        610|     32522135.27|       1045|00:00:41|+0.02|0.09|0.9500|
|-|         16|         23|        610|     32531880.69|       1079|00:00:51|-0.02|0.04|0.9724|
|=|         17|         23|        692|     32526482.35|       1102|00:00:31|-0.02|0.04|0.9645|
|=|         18|         23|        692|     32512583.78|       1125|00:00:31|-0.01|0.05|0.9587|
+-+-----------+-----------+-----------+----------------+-----------+--------+-----+----+------+
Best-so-far configuration:         692    mean value:      32512583.78
Description of the best-so-far configuration:
    .ID. algorithm localsearch alpha beta  rho ants   q0 rasrank elitistants
692  692       acs           3  2.45 5.23 0.61   55 0.31      NA          NA
    nnls dlb .PARENT.
692   11   1      487

# 2025-06-07 18:27:36 -04: Elite configurations (first number is the configuration ID; listed from best to worst according to the sum of ranks):
    algorithm localsearch alpha beta  rho ants   q0 rasrank elitistants nnls
692       acs           3  2.45 5.23 0.61   55 0.31      NA          NA   11
610       acs           3  1.71 5.07 0.62   47 0.78      NA          NA   16
696       acs           3  3.33 6.07 0.74   66 0.09      NA          NA   13
745       acs           3  3.32 5.75 0.72   66 0.09      NA          NA   11
694       acs           3  3.37 3.94 0.85   64 0.23      NA          NA   17
    dlb
692   1
610   1
696   1
745   1
694   1
# 2025-06-07 18:27:36 -04: Iteration 6 of 6
# experimentsUsed: 4365
# remainingBudget: 1135
# currentBudget: 1135
# nbConfigurations: 64
# Markers:
     x No test is performed.
     c Configurations are discarded only due to capping.
     - The test is performed and some configurations are discarded.
     = The test is performed but no configuration is discarded.
     ! The test is performed and configurations could be discarded but elite configurations are preserved.
     . All alive configurations are elite and nothing is discarded.

+-+-----------+-----------+-----------+----------------+-----------+--------+-----+----+------+
| |   Instance|      Alive|       Best|       Mean best| Exp so far|  W time|  rho|KenW|  Qvar|
+-+-----------+-----------+-----------+----------------+-----------+--------+-----+----+------+
|x|         19|         64|        756|     32569912.00|         64|00:01:23|   NA|  NA|    NA|
|x|         17|         64|        781|     32525006.50|        123|00:01:23|+0.22|0.61|0.3086|
|x|          5|         64|        753|     32538489.67|        182|00:01:23|+0.24|0.49|0.2973|
|x|          7|         64|        694|     32568870.00|        241|00:01:23|+0.23|0.42|0.3115|
|-|          4|         37|        753|     32463467.40|        300|00:01:23|-0.12|0.11|1.0932|
|=|         13|         37|        753|     32505292.00|        332|00:00:41|-0.10|0.08|1.0621|
|=|         14|         37|        753|     32516865.57|        364|00:00:41|-0.07|0.09|1.0282|
|=|          8|         37|        694|     32523908.88|        396|00:00:41|-0.04|0.09|0.9923|
|=|          1|         37|        771|     32540445.33|        428|00:00:41|-0.02|0.09|0.9807|
|=|          6|         37|        692|     32544953.80|        460|00:00:41|+0.01|0.11|0.9471|
|=|         18|         37|        692|     32520531.45|        492|00:00:41|+0.02|0.11|0.9396|
|=|         15|         37|        692|     32525935.92|        524|00:00:41|+0.03|0.11|0.9227|
|=|         12|         37|        692|     32527077.08|        556|00:00:41|+0.03|0.11|0.9221|
|-|         16|         21|        692|     32533125.00|        588|00:00:41|-0.03|0.04|0.9881|
|=|          9|         21|        692|     32505192.73|        604|00:00:21|-0.02|0.05|0.9743|
|=|         10|         21|        692|     32526187.31|        620|00:00:21|-0.01|0.05|0.9705|
|=|          2|         21|        692|     32521411.06|        636|00:00:20|-0.01|0.05|0.9663|
|=|         11|         21|        692|     32519871.94|        652|00:00:21|-0.01|0.05|0.9617|
|=|          3|         21|        692|     32517608.42|        668|00:00:21|-0.01|0.05|0.9587|
|=|         20|         21|        692|     32504508.05|        689|00:00:31|-0.01|0.04|0.9587|
+-+-----------+-----------+-----------+----------------+-----------+--------+-----+----+------+
Best-so-far configuration:         692    mean value:      32504508.05
Description of the best-so-far configuration:
    .ID. algorithm localsearch alpha beta  rho ants   q0 rasrank elitistants
692  692       acs           3  2.45 5.23 0.61   55 0.31      NA          NA
    nnls dlb .PARENT.
692   11   1      487

# 2025-06-07 18:43:07 -04: Elite configurations (first number is the configuration ID; listed from best to worst according to the sum of ranks):
    algorithm localsearch alpha beta  rho ants   q0 rasrank elitistants nnls
692       acs           3  2.45 5.23 0.61   55 0.31      NA          NA   11
610       acs           3  1.71 5.07 0.62   47 0.78      NA          NA   16
773       acs           3  2.38 4.92 0.60   60 0.33      NA          NA   12
745       acs           3  3.32 5.75 0.72   66 0.09      NA          NA   11
794       acs           3  2.42 6.37 0.54   54 0.44      NA          NA   15
    dlb
692   1
610   1
773   1
745   1
794   1
# 2025-06-07 18:43:07 -04: Iteration 7 of 7
# experimentsUsed: 5054
# remainingBudget: 446
# currentBudget: 446
# nbConfigurations: 26
# Markers:
     x No test is performed.
     c Configurations are discarded only due to capping.
     - The test is performed and some configurations are discarded.
     = The test is performed but no configuration is discarded.
     ! The test is performed and configurations could be discarded but elite configurations are preserved.
     . All alive configurations are elite and nothing is discarded.

+-+-----------+-----------+-----------+----------------+-----------+--------+-----+----+------+
| |   Instance|      Alive|       Best|       Mean best| Exp so far|  W time|  rho|KenW|  Qvar|
+-+-----------+-----------+-----------+----------------+-----------+--------+-----+----+------+
|x|         21|         26|        810|     32151526.00|         26|00:00:41|   NA|  NA|    NA|
|x|         13|         26|        794|     32423878.50|         47|00:00:31|+0.23|0.62|0.6635|
|x|          1|         26|        794|     32486520.00|         68|00:00:31|+0.37|0.58|0.5131|
|x|          6|         26|        794|     32505243.50|         89|00:00:31|+0.33|0.50|0.5936|
|-|         15|         13|        794|     32526079.80|        110|00:00:31|-0.03|0.18|1.0042|
|=|          8|         13|        794|     32525055.50|        118|00:00:10|-0.00|0.16|0.9697|
|=|          9|         13|        794|     32460439.71|        126|00:00:10|+0.04|0.18|0.9219|
|=|         18|         13|        794|     32440725.50|        134|00:00:10|+0.05|0.17|0.9054|
|=|          7|         13|        794|     32473662.67|        142|00:00:10|+0.02|0.13|0.9222|
|=|         16|         13|        794|     32488092.30|        150|00:00:10|+0.05|0.15|0.8955|
|=|         19|         13|        794|     32499672.91|        158|00:00:10|+0.02|0.11|0.9021|
|=|          2|         13|        692|     32501033.33|        166|00:00:10|+0.02|0.10|0.8989|
|=|          3|         13|        692|     32499174.23|        174|00:00:10|+0.03|0.11|0.8972|
|=|         20|         13|        692|     32481776.14|        182|00:00:10|+0.05|0.12|0.8806|
|=|         17|         13|        692|     32482381.00|        190|00:00:10|+0.05|0.11|0.8788|
|-|          4|          8|        692|     32454411.50|        198|00:00:10|-0.01|0.05|0.8651|
|=|          5|          8|        692|     32460477.88|        201|00:00:10|+0.00|0.06|0.8523|
|=|         11|          8|        692|     32462323.94|        204|00:00:10|+0.02|0.07|0.8416|
|=|         10|          8|        692|     32482259.84|        207|00:00:10|+0.00|0.06|0.8510|
|=|         12|          8|        692|     32485185.40|        210|00:00:10|-0.00|0.05|0.8635|
|=|         14|          8|        692|     32490288.24|        213|00:00:10|-0.00|0.04|0.8670|
|=|         22|          8|        692|     32487715.36|        221|00:00:10|-0.01|0.03|0.8768|
+-+-----------+-----------+-----------+----------------+-----------+--------+-----+----+------+
Best-so-far configuration:         692    mean value:      32487715.36
Description of the best-so-far configuration:
    .ID. algorithm localsearch alpha beta  rho ants   q0 rasrank elitistants
692  692       acs           3  2.45 5.23 0.61   55 0.31      NA          NA
    nnls dlb .PARENT.
692   11   1      487

# 2025-06-07 18:48:53 -04: Elite configurations (first number is the configuration ID; listed from best to worst according to the sum of ranks):
    algorithm localsearch alpha beta  rho ants   q0 rasrank elitistants nnls
692       acs           3  2.45 5.23 0.61   55 0.31      NA          NA   11
610       acs           3  1.71 5.07 0.62   47 0.78      NA          NA   16
745       acs           3  3.32 5.75 0.72   66 0.09      NA          NA   11
794       acs           3  2.42 6.37 0.54   54 0.44      NA          NA   15
773       acs           3  2.38 4.92 0.60   60 0.33      NA          NA   12
    dlb
692   1
610   1
745   1
794   1
773   1
# 2025-06-07 18:48:53 -04: Iteration 8 of 8
# experimentsUsed: 5275
# remainingBudget: 225
# currentBudget: 225
# nbConfigurations: 14
# Markers:
     x No test is performed.
     c Configurations are discarded only due to capping.
     - The test is performed and some configurations are discarded.
     = The test is performed but no configuration is discarded.
     ! The test is performed and configurations could be discarded but elite configurations are preserved.
     . All alive configurations are elite and nothing is discarded.

+-+-----------+-----------+-----------+----------------+-----------+--------+-----+----+------+
| |   Instance|      Alive|       Best|       Mean best| Exp so far|  W time|  rho|KenW|  Qvar|
+-+-----------+-----------+-----------+----------------+-----------+--------+-----+----+------+
|x|         23|         14|        794|     32569859.00|         14|00:00:21|   NA|  NA|    NA|
|x|         18|         14|        794|     32436292.50|         23|00:00:20|+0.31|0.65|0.6573|
|x|          9|         14|        794|     32315110.00|         32|00:00:20|+0.22|0.48|0.5508|
|x|         16|         14|        794|     32390822.25|         41|00:00:20|+0.21|0.41|0.5801|
|=|         21|         14|        794|     32345745.60|         50|00:00:20|+0.18|0.34|0.7155|
|=|          7|         14|        794|     32410981.33|         59|00:00:20|+0.13|0.27|0.7555|
|-|          4|         11|        745|     32354687.29|         68|00:00:20|-0.01|0.13|0.8994|
|=|         11|         11|        745|     32368495.88|         74|00:00:10|+0.02|0.14|0.8890|
|=|          1|         11|        745|     32400366.44|         80|00:00:10|+0.05|0.15|0.8538|
|=|          8|         11|        794|     32417155.90|         86|00:00:10|+0.05|0.14|0.8555|
|=|          3|         11|        794|     32424118.64|         92|00:00:10|+0.01|0.10|0.8808|
|=|         19|         11|        745|     32437282.08|         98|00:00:10|+0.02|0.10|0.8729|
|=|          5|         11|        745|     32449818.77|        104|00:00:10|-0.00|0.08|0.8972|
|=|         15|         11|        794|     32462272.50|        110|00:00:10|-0.01|0.06|0.9081|
|=|          2|         11|        745|     32459723.33|        116|00:00:10|-0.00|0.07|0.8977|
|=|         22|         11|        745|     32452524.94|        122|00:00:10|-0.01|0.05|0.9105|
|=|         20|         11|        745|     32444491.41|        128|00:00:10|-0.01|0.05|0.9097|
|=|         13|         11|        610|     32461101.72|        134|00:00:10|-0.01|0.05|0.9147|
|=|         14|         11|        745|     32463339.95|        140|00:00:10|-0.00|0.05|0.9114|
|=|         17|         11|        745|     32464744.00|        146|00:00:10|-0.01|0.04|0.9115|
|=|         12|         11|        745|     32469149.48|        152|00:00:10|-0.02|0.03|0.9181|
|=|         10|         11|        745|     32488836.00|        158|00:00:10|-0.02|0.03|0.9121|
|=|          6|         11|        692|     32494419.83|        164|00:00:10|-0.02|0.03|0.9125|
|=|         24|         11|        745|     32495450.88|        175|00:00:20|-0.02|0.03|0.9125|
+-+-----------+-----------+-----------+----------------+-----------+--------+-----+----+------+
Best-so-far configuration:         745    mean value:      32495450.88
Description of the best-so-far configuration:
    .ID. algorithm localsearch alpha beta  rho ants   q0 rasrank elitistants
745  745       acs           3  3.32 5.75 0.72   66 0.09      NA          NA
    nnls dlb .PARENT.
745   11   1       26

# 2025-06-07 18:54:28 -04: Elite configurations (first number is the configuration ID; listed from best to worst according to the sum of ranks):
    algorithm localsearch alpha beta  rho ants   q0 rasrank elitistants nnls
745       acs           3  3.32 5.75 0.72   66 0.09      NA          NA   11
692       acs           3  2.45 5.23 0.61   55 0.31      NA          NA   11
832       acs           3  2.69 5.37 0.59   58 0.28      NA          NA   11
794       acs           3  2.42 6.37 0.54   54 0.44      NA          NA   15
610       acs           3  1.71 5.07 0.62   47 0.78      NA          NA   16
    dlb
745   1
692   1
832   1
794   1
610   1
# 2025-06-07 18:54:28 -04: Iteration 9 of 9
# experimentsUsed: 5450
# remainingBudget: 50
# currentBudget: 50
# nbConfigurations: 6
# Markers:
     x No test is performed.
     c Configurations are discarded only due to capping.
     - The test is performed and some configurations are discarded.
     = The test is performed but no configuration is discarded.
     ! The test is performed and configurations could be discarded but elite configurations are preserved.
     . All alive configurations are elite and nothing is discarded.

+-+-----------+-----------+-----------+----------------+-----------+--------+-----+----+------+
| |   Instance|      Alive|       Best|       Mean best| Exp so far|  W time|  rho|KenW|  Qvar|
+-+-----------+-----------+-----------+----------------+-----------+--------+-----+----+------+
|x|         25|          6|        794|     32253827.00|          6|00:00:10|   NA|  NA|    NA|
|x|         17|          6|        794|     32344986.00|          7|00:00:10|+0.54|0.77|0.5835|
|x|         22|          6|        832|     32353248.67|          8|00:00:10|+0.16|0.44|0.7278|
|x|         15|          6|        832|     32401298.75|          9|00:00:10|+0.13|0.35|0.7507|
|=|         21|          6|        832|     32367366.40|         10|00:00:10|+0.06|0.25|0.7737|
|=|         10|          6|        794|     32446644.00|         11|00:00:10|+0.01|0.17|0.7878|
|=|          4|          6|        794|     32390450.43|         12|00:00:10|-0.03|0.11|0.8188|
|=|          7|          6|        832|     32436699.12|         13|00:00:10|-0.05|0.08|0.8668|
|=|          2|          6|        832|     32442637.89|         14|00:00:10|-0.08|0.04|0.9007|
|=|         24|          6|        832|     32447841.20|         15|00:00:10|-0.04|0.06|0.8768|
|=|         16|          6|        832|     32466101.18|         16|00:00:10|-0.06|0.03|0.8793|
|=|          5|          6|        832|     32472758.92|         17|00:00:10|-0.03|0.05|0.8548|
|=|          1|          6|        832|     32485585.85|         18|00:00:10|-0.05|0.03|0.8705|
|=|          6|          6|        692|     32498252.79|         19|00:00:10|-0.06|0.02|0.8674|
|=|         13|          6|        794|     32507796.80|         20|00:00:10|-0.05|0.02|0.8627|
|=|          3|          6|        794|     32506918.62|         21|00:00:10|-0.04|0.02|0.8633|
|=|         12|          6|        832|     32506006.71|         22|00:00:10|-0.04|0.02|0.8616|
|=|         11|          6|        692|     32510181.94|         23|00:00:10|-0.05|0.01|0.8702|
|=|          9|          6|        794|     32487513.37|         24|00:00:10|-0.05|0.01|0.8708|
|=|         18|          6|        692|     32478686.20|         25|00:00:10|-0.04|0.01|0.8620|
|=|         23|          6|        794|     32482635.19|         26|00:00:10|-0.04|0.01|0.8584|
|=|         19|          6|        794|     32488673.55|         27|00:00:10|-0.03|0.02|0.8527|
|=|         14|          6|        794|     32493972.26|         28|00:00:10|-0.03|0.01|0.8592|
|=|         20|          6|        692|     32486318.33|         29|00:00:10|-0.03|0.01|0.8579|
|=|          8|          6|        794|     32488593.12|         30|00:00:10|-0.03|0.01|0.8541|
|=|         26|          6|        794|     32487744.77|         36|00:00:10|-0.03|0.01|0.8539|
+-+-----------+-----------+-----------+----------------+-----------+--------+-----+----+------+
Best-so-far configuration:         794    mean value:      32487744.77
Description of the best-so-far configuration:
    .ID. algorithm localsearch alpha beta  rho ants   q0 rasrank elitistants
794  794       acs           3  2.42 6.37 0.54   54 0.44      NA          NA
    nnls dlb .PARENT.
794   15   1      692

# 2025-06-07 18:59:00 -04: Elite configurations (first number is the configuration ID; listed from best to worst according to the sum of ranks):
    algorithm localsearch alpha beta  rho ants   q0 rasrank elitistants nnls
794       acs           3  2.42 6.37 0.54   54 0.44      NA          NA   15
692       acs           3  2.45 5.23 0.61   55 0.31      NA          NA   11
610       acs           3  1.71 5.07 0.62   47 0.78      NA          NA   16
745       acs           3  3.32 5.75 0.72   66 0.09      NA          NA   11
832       acs           3  2.69 5.37 0.59   58 0.28      NA          NA   11
    dlb
794   1
692   1
610   1
745   1
832   1
# 2025-06-07 18:59:00 -04: Stopped because there is not enough budget left to race more than the minimum (5).
# You may either increase the budget or set 'minNbSurvival' to a lower value.
# Iteration: 10
# nbIterations: 10
# experimentsUsed: 5486
# timeUsed: 0
# remainingBudget: 14
# currentBudget: 14
# number of elites: 5
# nbConfigurations: 5
# Total CPU user time: 59309.4, CPU sys time: 456.085, Wall-clock time: 8237.451
# 2025-06-07 18:59:00 -04: Starting post-selection:
# Configurations selected: 794, 692, 610, 745, 832, 773.
# Pending instances: 1, 1, 1, 1, 1, 3.
# 2025-06-07 18:59:00 -04: seed: 11235813
# Configurations: 6
# Available experiments: 14
# minSurvival: 1
# Markers:
     x No test is performed.
     c Configurations are discarded only due to capping.
     - The test is performed and some configurations are discarded.
     = The test is performed but no configuration is discarded.
     ! The test is performed and configurations could be discarded but elite configurations are preserved.
     . All alive configurations are elite and nothing is discarded.

+-+-----------+-----------+-----------+----------------+-----------+--------+-----+----+------+
| |   Instance|      Alive|       Best|       Mean best| Exp so far|  W time|  rho|KenW|  Qvar|
+-+-----------+-----------+-----------+----------------+-----------+--------+-----+----+------+
|.|          8|          6|        794|     32519934.00|          0|00:00:00|   NA|  NA|    NA|
|x|         25|          6|        794|     32386880.50|          1|00:00:10|+0.94|0.97|0.1481|
|.|          9|          6|        794|     32282168.67|          1|00:00:00|+0.26|0.50|0.6889|
|.|         16|          6|        794|     32366116.25|          1|00:00:00|-0.07|0.20|0.8398|
|.|         21|          6|        794|     32325980.80|          1|00:00:00|+0.02|0.22|0.8026|
|.|          6|          6|        794|     32365219.67|          1|00:00:00|+0.10|0.25|0.7525|
|.|         23|          6|        794|     32394453.86|          1|00:00:00|+0.14|0.26|0.7139|
|.|         15|          6|        794|     32421325.25|          1|00:00:00|+0.05|0.17|0.8053|
|.|         13|          6|        794|     32450324.44|          1|00:00:00|+0.09|0.19|0.8008|
|.|          4|          6|        794|     32410620.90|          1|00:00:00|+0.01|0.11|0.8245|
|.|         19|          6|        794|     32429244.36|          1|00:00:00|+0.00|0.09|0.8232|
|.|          1|          6|        794|     32444457.58|          1|00:00:00|+0.03|0.11|0.7936|
|.|         14|          6|        794|     32457233.46|          1|00:00:00|-0.01|0.07|0.8300|
|.|          7|          6|        794|     32477228.21|          1|00:00:00|-0.03|0.05|0.8492|
|.|         24|          6|        794|     32483702.60|          1|00:00:00|-0.05|0.02|0.8591|
|.|          3|          6|        794|     32484330.31|          1|00:00:00|-0.05|0.01|0.8723|
|.|         22|          6|        794|     32478207.47|          1|00:00:00|-0.05|0.01|0.8650|
|.|         12|          6|        794|     32482677.39|          1|00:00:00|-0.05|0.01|0.8581|
|x|         26|          6|        794|     32481827.84|          2|00:00:10|-0.04|0.01|0.8517|
|.|          2|          6|        794|     32483596.20|          2|00:00:00|-0.04|0.01|0.8550|
|.|         11|          6|        794|     32485360.43|          2|00:00:00|-0.04|0.01|0.8571|
|.|          5|          6|        794|     32489735.23|          2|00:00:00|-0.05|0.00|0.8624|
|.|         20|          6|        794|     32482943.78|          2|00:00:00|-0.04|0.00|0.8652|
|.|         18|          6|        794|     32475434.71|          2|00:00:00|-0.04|0.00|0.8602|
|.|         17|          6|        794|     32473863.12|          2|00:00:00|-0.03|0.01|0.8535|
|.|         10|          6|        794|     32487744.77|          2|00:00:00|-0.03|0.01|0.8536|
|=|         27|          6|        692|     32492216.37|          8|00:00:10|-0.03|0.01|0.8498|
|=|         28|          6|        794|     32492097.00|         14|00:00:10|-0.03|0.01|0.8509|
+-+-----------+-----------+-----------+----------------+-----------+--------+-----+----+------+
Best-so-far configuration:         794    mean value:      32492097.00
Description of the best-so-far configuration:
    .ID. algorithm localsearch alpha beta  rho ants   q0 rasrank elitistants
794  794       acs           3  2.42 6.37 0.54   54 0.44      NA          NA
    nnls dlb .PARENT.
794   15   1      692

# 2025-06-07 18:59:42 -04: Elite configurations (first number is the configuration ID; listed from best to worst according to the sum of ranks):
    algorithm localsearch alpha beta  rho ants   q0 rasrank elitistants nnls
794       acs           3  2.42 6.37 0.54   54 0.44      NA          NA   15
692       acs           3  2.45 5.23 0.61   55 0.31      NA          NA   11
745       acs           3  3.32 5.75 0.72   66 0.09      NA          NA   11
832       acs           3  2.69 5.37 0.59   58 0.28      NA          NA   11
610       acs           3  1.71 5.07 0.62   47 0.78      NA          NA   16
    dlb
794   1
692   1
745   1
832   1
610   1
# Total CPU user time: 59454.69, CPU sys time: 457.222, Wall-clock time: 8279.424
    .ID. algorithm localsearch alpha beta  rho ants   q0 rasrank elitistants
794  794       acs           3  2.42 6.37 0.54   54 0.44      NA          NA
692  692       acs           3  2.45 5.23 0.61   55 0.31      NA          NA
745  745       acs           3  3.32 5.75 0.72   66 0.09      NA          NA
832  832       acs           3  2.69 5.37 0.59   58 0.28      NA          NA
610  610       acs           3  1.71 5.07 0.62   47 0.78      NA          NA
    nnls dlb .PARENT. .RANK.   .WEIGHT.
794   15   1      692     94 0.33333333
692   11   1      487     95 0.26666667
745   11   1       26     95 0.20000000
832   11   1      692     99 0.13333333
610   16   1      566    101 0.06666667
