# 2025-05-16 13:02:23 -04: Reading parameter file '/home/dianag/PruebasPablo/irace-independent-executions/MMASQAP/Scenarios/E4-BH-SR/Runs/E4-BH-SR_seed_198347562/parameters.txt'.
# 2025-05-16 13:02:23 -04: Initialization
# Elitist race
# Elitist new instances: 1
# Elitist limit: 2
# nbIterations: 3
# minNbSurvival: 3
# nbParameters: 3
# seed: 198347562
# confidence level: 0.95
# budget: 1500
# mu: 5
# deterministic: FALSE

# 2025-05-16 13:02:23 -04: Iteration 1 of 3
# experimentsUsed: 0
# remainingBudget: 1500
# currentBudget: 500
# nbConfigurations: 83
# Markers:
     x No test is performed.
     c Configurations are discarded only due to capping.
     - The test is performed and some configurations are discarded.
     = The test is performed but no configuration is discarded.
     ! The test is performed and configurations could be discarded but elite configurations are preserved.
     . All alive configurations are elite and nothing is discarded.

+-+-----------+-----------+-----------+----------------+-----------+--------+-----+----+------+
| |   Instance|      Alive|       Best|       Mean best| Exp so far|  W time|  rho|KenW|  Qvar|
+-+-----------+-----------+-----------+----------------+-----------+--------+-----+----+------+
|x|          1|         83|         50|     7411666.000|         83|00:00:27|   NA|  NA|    NA|
|x|          2|         83|         56|     3861966.000|        166|00:00:28|+0.36|0.68|0.5376|
|x|          3|         83|         56|     5141589.333|        249|00:00:27|+0.51|0.67|0.4252|
|x|          4|         83|         56|     5771134.500|        332|00:00:28|+0.58|0.69|0.3550|
|-|          5|         17|         56|     6097604.400|        415|00:00:28|+0.09|0.28|0.8296|
|-|          6|          9|         56|     6336528.333|        432|00:00:11|-0.05|0.13|0.8976|
|=|          7|          9|         56|     6488190.571|        441|00:00:09|-0.03|0.12|0.8858|
|=|          8|          9|         56|     5744608.500|        450|00:00:09|+0.02|0.14|0.8406|
+-+-----------+-----------+-----------+----------------+-----------+--------+-----+----+------+
Best-so-far configuration:          56    mean value:      5744608.500
Description of the best-so-far configuration:
   .ID. localsearch  rho ants .PARENT.
56   56           3 0.27   26       NA

# 2025-05-16 13:05:13 -04: Elite configurations (first number is the configuration ID; listed from best to worst according to the sum of ranks):
   localsearch  rho ants
56           3 0.27   26
23           3 0.35    3
42           3 0.24   23
# 2025-05-16 13:05:13 -04: Iteration 2 of 3
# experimentsUsed: 450
# remainingBudget: 1050
# currentBudget: 525
# nbConfigurations: 61
# Markers:
     x No test is performed.
     c Configurations are discarded only due to capping.
     - The test is performed and some configurations are discarded.
     = The test is performed but no configuration is discarded.
     ! The test is performed and configurations could be discarded but elite configurations are preserved.
     . All alive configurations are elite and nothing is discarded.

+-+-----------+-----------+-----------+----------------+-----------+--------+-----+----+------+
| |   Instance|      Alive|       Best|       Mean best| Exp so far|  W time|  rho|KenW|  Qvar|
+-+-----------+-----------+-----------+----------------+-----------+--------+-----+----+------+
|x|          9|         61|        136|     7443546.000|         61|00:00:28|   NA|  NA|    NA|
|x|          5|         61|        105|     7433755.000|        119|00:00:26|+0.67|0.84|0.2017|
|x|          1|         61|        123|     7427000.667|        177|00:00:26|+0.72|0.81|0.1872|
|x|          4|         61|        105|     7488924.500|        235|00:00:26|+0.71|0.78|0.1933|
|-|          2|         32|         98|     6057064.800|        293|00:00:26|-0.11|0.11|1.0827|
|=|          8|         32|         56|     5136986.333|        322|00:00:18|-0.06|0.11|1.0319|
|=|          6|         32|         84|     5478067.143|        351|00:00:19|-0.05|0.10|1.0116|
|=|          7|         32|         56|     5718903.750|        380|00:00:19|-0.02|0.11|0.9984|
|=|          3|         32|        105|     5936906.222|        409|00:00:18|-0.04|0.08|1.0104|
|=|         10|         32|        105|     5379518.000|        441|00:00:19|-0.02|0.08|1.0030|
+-+-----------+-----------+-----------+----------------+-----------+--------+-----+----+------+
Best-so-far configuration:         105    mean value:      5379518.000
Description of the best-so-far configuration:
    .ID. localsearch rho ants .PARENT.
105  105           3 0.5    4       23

# 2025-05-16 13:09:04 -04: Elite configurations (first number is the configuration ID; listed from best to worst according to the sum of ranks):
    localsearch  rho ants
105           3 0.50    4
56            3 0.27   26
123           3 0.36   23
# 2025-05-16 13:09:04 -04: Iteration 3 of 3
# experimentsUsed: 891
# remainingBudget: 609
# currentBudget: 609
# nbConfigurations: 58
# Markers:
     x No test is performed.
     c Configurations are discarded only due to capping.
     - The test is performed and some configurations are discarded.
     = The test is performed but no configuration is discarded.
     ! The test is performed and configurations could be discarded but elite configurations are preserved.
     . All alive configurations are elite and nothing is discarded.

+-+-----------+-----------+-----------+----------------+-----------+--------+-----+----+------+
| |   Instance|      Alive|       Best|       Mean best| Exp so far|  W time|  rho|KenW|  Qvar|
+-+-----------+-----------+-----------+----------------+-----------+--------+-----+----+------+
|x|         11|         58|        186|     349882.0000|         58|00:00:29|   NA|  NA|    NA|
|x|          1|         58|        158|     3883570.000|        113|00:00:27|-0.08|0.46|1.0261|
|x|          6|         58|        158|     5095739.333|        168|00:00:26|+0.16|0.44|0.7540|
|x|         10|         58|        158|     3912926.000|        223|00:00:27|+0.07|0.30|0.8957|
|-|          7|         36|        158|     4611647.600|        278|00:00:27|-0.06|0.15|1.0502|
|=|          4|         36|        158|     5116910.333|        311|00:00:22|-0.04|0.13|1.0201|
|=|          9|         36|        158|     5454823.143|        344|00:00:22|-0.03|0.12|0.9950|
|=|          3|         36|        158|     5733199.250|        377|00:00:22|+0.00|0.13|0.9597|
|=|          8|         36|        158|     5156499.778|        410|00:00:21|+0.01|0.12|0.9579|
|=|          5|         36|        158|     5382987.200|        443|00:00:22|+0.02|0.11|0.9493|
|=|          2|         36|        105|     4922852.545|        476|00:00:21|+0.02|0.11|0.9484|
|=|         12|         36|        105|     4548255.167|        512|00:00:22|+0.01|0.09|0.9593|
+-+-----------+-----------+-----------+----------------+-----------+--------+-----+----+------+
Best-so-far configuration:         105    mean value:      4548255.167
Description of the best-so-far configuration:
    .ID. localsearch rho ants .PARENT.
105  105           3 0.5    4       23

# 2025-05-16 13:13:59 -04: Elite configurations (first number is the configuration ID; listed from best to worst according to the sum of ranks):
    localsearch  rho ants
105           3 0.50    4
158           3 0.43   10
167           3 0.56   17
# 2025-05-16 13:14:00 -04: Iteration 4 of 4
# experimentsUsed: 1403
# remainingBudget: 97
# currentBudget: 97
# nbConfigurations: 10
# Markers:
     x No test is performed.
     c Configurations are discarded only due to capping.
     - The test is performed and some configurations are discarded.
     = The test is performed but no configuration is discarded.
     ! The test is performed and configurations could be discarded but elite configurations are preserved.
     . All alive configurations are elite and nothing is discarded.

+-+-----------+-----------+-----------+----------------+-----------+--------+-----+----+------+
| |   Instance|      Alive|       Best|       Mean best| Exp so far|  W time|  rho|KenW|  Qvar|
+-+-----------+-----------+-----------+----------------+-----------+--------+-----+----+------+
|x|         13|         10|        158|     712712.0000|         10|00:00:08|   NA|  NA|    NA|
|x|          6|         10|        201|     4115419.000|         17|00:00:05|+0.53|0.76|0.1975|
|x|          1|         10|        158|     5214484.000|         24|00:00:05|+0.40|0.60|0.2558|
|x|         11|         10|        158|     3999982.500|         31|00:00:05|+0.19|0.40|0.6470|
|-|          3|          5|        158|     4736352.400|         38|00:00:04|+0.03|0.23|0.7510|
|=|         10|          5|        158|     4007708.000|         40|00:00:04|+0.03|0.20|0.7713|
|=|          5|          5|        158|     4495374.571|         42|00:00:04|+0.08|0.21|0.7616|
|=|         12|          5|        105|     3987655.250|         44|00:00:05|-0.02|0.11|0.8123|
|=|          8|          5|        158|     3604409.556|         46|00:00:04|-0.04|0.07|0.8389|
|=|          4|          5|        158|     4008291.000|         48|00:00:04|-0.03|0.07|0.8304|
|=|          7|          5|        158|     4317222.182|         50|00:00:04|-0.00|0.09|0.8189|
|=|          2|          5|        158|     3984336.000|         52|00:00:04|+0.00|0.08|0.8238|
|=|          9|          5|        158|     4253410.154|         54|00:00:04|-0.03|0.05|0.8415|
|=|         14|          5|        158|     4472579.000|         59|00:00:04|-0.01|0.06|0.8326|
+-+-----------+-----------+-----------+----------------+-----------+--------+-----+----+------+
Best-so-far configuration:         158    mean value:      4472579.000
Description of the best-so-far configuration:
    .ID. localsearch  rho ants .PARENT.
158  158           3 0.43   10      105

# 2025-05-16 13:15:11 -04: Elite configurations (first number is the configuration ID; listed from best to worst according to the sum of ranks):
    localsearch  rho ants
158           3 0.43   10
105           3 0.50    4
197           3 0.52    5
# 2025-05-16 13:15:11 -04: Iteration 5 of 5
# experimentsUsed: 1462
# remainingBudget: 38
# currentBudget: 38
# nbConfigurations: 5
# Markers:
     x No test is performed.
     c Configurations are discarded only due to capping.
     - The test is performed and some configurations are discarded.
     = The test is performed but no configuration is discarded.
     ! The test is performed and configurations could be discarded but elite configurations are preserved.
     . All alive configurations are elite and nothing is discarded.

+-+-----------+-----------+-----------+----------------+-----------+--------+-----+----+------+
| |   Instance|      Alive|       Best|       Mean best| Exp so far|  W time|  rho|KenW|  Qvar|
+-+-----------+-----------+-----------+----------------+-----------+--------+-----+----+------+
|x|         15|          5|        105|     479152.0000|          5|00:00:04|   NA|  NA|    NA|
|x|          8|          5|        197|     510142.0000|          7|00:00:04|-0.67|0.17|1.0727|
|x|          9|          5|        105|     2829122.667|          9|00:00:04|-0.25|0.16|0.8933|
|x|          3|          5|        105|     4043339.000|         11|00:00:04|-0.27|0.05|1.0099|
|=|         11|          5|        105|     3305910.800|         13|00:00:04|-0.14|0.09|0.9182|
|=|         14|          5|        105|     3974401.333|         15|00:00:04|-0.09|0.09|0.8908|
|=|         12|          5|        205|     3467923.714|         17|00:00:04|-0.02|0.12|0.8468|
|=|          7|          5|        105|     3960185.000|         19|00:00:04|-0.05|0.08|0.8621|
|=|         13|          5|        105|     3599641.778|         21|00:00:04|-0.04|0.07|0.8424|
|=|          4|          5|        105|     4005376.400|         23|00:00:04|-0.00|0.10|0.8134|
|=|          5|          5|        105|     4314971.455|         25|00:00:04|+0.02|0.11|0.7946|
|=|         10|          5|        105|     3985642.500|         27|00:00:04|+0.06|0.14|0.7563|
|=|          1|          5|        105|     4250685.385|         29|00:00:04|+0.08|0.15|0.7389|
|-|          6|          4|        105|     4483560.000|         31|00:00:04|-0.05|0.02|0.7728|
|=|          2|          4|        105|     4206024.267|         32|00:00:04|-0.06|0.01|0.7859|
|=|         16|          4|        105|     3977908.750|         36|00:00:04|-0.06|0.01|0.7902|
+-+-----------+-----------+-----------+----------------+-----------+--------+-----+----+------+
Best-so-far configuration:         105    mean value:      3977908.750
Description of the best-so-far configuration:
    .ID. localsearch rho ants .PARENT.
105  105           3 0.5    4       23

# 2025-05-16 13:16:26 -04: Elite configurations (first number is the configuration ID; listed from best to worst according to the sum of ranks):
    localsearch  rho ants
105           3 0.50    4
158           3 0.43   10
205           3 0.39    1
# 2025-05-16 13:16:26 -04: Stopped because there is not enough budget left to race more than the minimum (3).
# You may either increase the budget or set 'minNbSurvival' to a lower value.
# Iteration: 6
# nbIterations: 6
# experimentsUsed: 1498
# timeUsed: 0
# remainingBudget: 2
# currentBudget: 2
# number of elites: 3
# nbConfigurations: 3
# Total CPU user time: 5369.594, CPU sys time: 34.694, Wall-clock time: 843.004
# 2025-05-16 13:16:26 -04: Starting post-selection:
# Configurations selected: 105, 158.
# Pending instances: 0, 0.
# 2025-05-16 13:16:26 -04: seed: 198347562
# Configurations: 2
# Available experiments: 2
# minSurvival: 1
# Markers:
     x No test is performed.
     c Configurations are discarded only due to capping.
     - The test is performed and some configurations are discarded.
     = The test is performed but no configuration is discarded.
     ! The test is performed and configurations could be discarded but elite configurations are preserved.
     . All alive configurations are elite and nothing is discarded.

+-+-----------+-----------+-----------+----------------+-----------+--------+-----+----+------+
| |   Instance|      Alive|       Best|       Mean best| Exp so far|  W time|  rho|KenW|  Qvar|
+-+-----------+-----------+-----------+----------------+-----------+--------+-----+----+------+
|.|         16|          2|        158|     554938.0000|          0|00:00:00|   NA|  NA|    NA|
|.|          2|          2|        158|     438763.0000|          0|00:00:00|-1.00|0.00|1.0000|
|.|         12|          2|        158|     435562.0000|          0|00:00:00|-0.33|0.11|0.6667|
|.|          4|          2|        158|     2237477.500|          0|00:00:00|-0.33|0.00|0.6667|
|.|          3|          2|        158|     3326348.400|          0|00:00:00|-0.20|0.04|0.6000|
|.|         10|          2|        158|     2832704.667|          0|00:00:00|-0.20|0.00|0.6000|
|.|         13|          2|        158|     2529848.571|          0|00:00:00|-0.14|0.02|0.5714|
|.|         15|          2|        158|     2274806.250|          0|00:00:00|-0.14|0.00|0.5714|
|.|          9|          2|        158|     2853416.667|          0|00:00:00|-0.11|0.01|0.5556|
|.|          8|          2|        158|     2622365.400|          0|00:00:00|-0.11|0.00|0.5556|
|.|         14|          2|        158|     3049584.364|          0|00:00:00|-0.09|0.01|0.5455|
|.|         11|          2|        158|     2825158.833|          0|00:00:00|-0.06|0.03|0.5303|
|.|          6|          2|        158|     3186306.462|          0|00:00:00|-0.03|0.05|0.5128|
|.|          5|          2|        158|     3488811.286|          0|00:00:00|+0.01|0.08|0.4945|
|.|          1|          2|        158|     3750268.000|          0|00:00:00|-0.03|0.04|0.5143|
|.|          7|          2|        158|     3978784.625|          0|00:00:00|-0.05|0.02|0.5250|
|=|         17|          2|        105|     3769748.118|          2|00:00:04|-0.03|0.03|0.5147|
+-+-----------+-----------+-----------+----------------+-----------+--------+-----+----+------+
Best-so-far configuration:         105    mean value:      3769748.118
Description of the best-so-far configuration:
    .ID. localsearch rho ants .PARENT.
105  105           3 0.5    4       23

# 2025-05-16 13:16:30 -04: Elite configurations (first number is the configuration ID; listed from best to worst according to the sum of ranks):
    localsearch  rho ants
105           3 0.50    4
158           3 0.43   10
# Total CPU user time: 5378.332, CPU sys time: 34.744, Wall-clock time: 847.413
    .ID. localsearch  rho ants .PARENT. .RANK.  .WEIGHT.
105  105           3 0.50    4       23     24 0.6666667
158  158           3 0.43   10      105     27 0.3333333
