# 2025-05-22 21:43:01 -04: Reading parameter file '/home/dianag/PruebasPablo/irace-independent-executions/PSO-X/Scenarios/E8-BH-Multimodal-SR/Runs/E8-BH-Multimodal-SR_seed_42/parameters.txt'.
# 2025-05-22 21:43:01 -04: 2 expression(s) specifying forbidden configurations read.
# 2025-05-22 21:43:01 -04: Initialization
# Elitist race
# Elitist new instances: 1
# Elitist limit: 2
# nbIterations: 5
# minNbSurvival: 5
# nbParameters: 8
# seed: 42
# confidence level: 0.95
# budget: 4000
# mu: 5
# deterministic: FALSE

# 2025-05-22 21:43:01 -04: Iteration 1 of 5
# experimentsUsed: 0
# remainingBudget: 4000
# currentBudget: 800
# nbConfigurations: 133
# Markers:
     x No test is performed.
     c Configurations are discarded only due to capping.
     - The test is performed and some configurations are discarded.
     = The test is performed but no configuration is discarded.
     ! The test is performed and configurations could be discarded but elite configurations are preserved.
     . All alive configurations are elite and nothing is discarded.

+-+-----------+-----------+-----------+----------------+-----------+--------+-----+----+------+
| |   Instance|      Alive|       Best|       Mean best| Exp so far|  W time|  rho|KenW|  Qvar|
+-+-----------+-----------+-----------+----------------+-----------+--------+-----+----+------+
|x|          1|        133|         18|    0.2976345822|        133|00:01:02|   NA|  NA|    NA|
|x|          2|        133|         74|     99.45302012|        266|00:00:36|+0.24|0.62|0.9696|
|x|          3|        133|        113|     105.6163410|        399|00:00:34|+0.40|0.60|0.6830|
|x|          4|        133|         78|     104.2510372|        532|00:00:36|+0.19|0.39|0.8418|
|-|          5|         36|         78|     132.0621589|        665|00:00:36|-0.08|0.14|0.9360|
|=|          6|         36|         78|     110.1338810|        701|00:00:14|-0.05|0.13|0.9401|
|=|          7|         36|         78|     94.65972149|        737|00:00:13|-0.02|0.13|0.9498|
+-+-----------+-----------+-----------+----------------+-----------+--------+-----+----+------+
Best-so-far configuration:          78    mean value:      94.65972149
Description of the best-so-far configuration:
   .ID. particles topology modInfluence branching tSchedule phi1 phi2 inertia
78   78       186        4            0        NA        NA 0.67 2.35    0.44
   .PARENT.
78       NA

# 2025-05-22 21:46:55 -04: Elite configurations (first number is the configuration ID; listed from best to worst according to the sum of ranks):
    particles topology modInfluence branching tSchedule phi1 phi2 inertia
78        186        4            0        NA        NA 0.67 2.35    0.44
18         63        1            0        NA        NA 2.37 2.33    0.28
115         3        0            2        NA        NA 0.09 2.16    0.62
10        144        5            0        NA         9 1.67 1.32    0.87
113       189        0            0        NA        NA 1.49 2.31    0.46
# 2025-05-22 21:46:55 -04: Iteration 2 of 5
# experimentsUsed: 737
# remainingBudget: 3263
# currentBudget: 815
# nbConfigurations: 106
# Markers:
     x No test is performed.
     c Configurations are discarded only due to capping.
     - The test is performed and some configurations are discarded.
     = The test is performed but no configuration is discarded.
     ! The test is performed and configurations could be discarded but elite configurations are preserved.
     . All alive configurations are elite and nothing is discarded.

+-+-----------+-----------+-----------+----------------+-----------+--------+-----+----+------+
| |   Instance|      Alive|       Best|       Mean best| Exp so far|  W time|  rho|KenW|  Qvar|
+-+-----------+-----------+-----------+----------------+-----------+--------+-----+----+------+
|x|          8|        106|        158|     11.09543475|        106|00:01:13|   NA|  NA|    NA|
|x|          2|        106|        183|     101.3189867|        207|00:00:24|+0.60|0.80|0.6404|
|x|          4|        106|        135|     86.56074316|        308|00:00:25|+0.17|0.44|0.9296|
|x|          3|        106|        135|     113.1351404|        409|00:00:24|+0.28|0.46|0.7652|
|-|          7|         30|        135|     90.91003957|        510|00:00:25|+0.03|0.22|0.9446|
|=|          1|         30|        135|     75.84075729|        535|00:00:09|+0.04|0.20|0.9534|
|=|          6|         30|        135|     65.07824716|        560|00:00:05|+0.03|0.17|0.9307|
|-|          5|         13|        135|     80.58692741|        585|00:00:04|-0.04|0.09|0.8686|
|=|          9|         13|        135|     1865.532508|        598|00:00:02|+0.02|0.12|0.8276|
|=|         10|         13|        135|     1680.923705|        611|00:00:01|+0.02|0.12|0.8640|
+-+-----------+-----------+-----------+----------------+-----------+--------+-----+----+------+
Best-so-far configuration:         135    mean value:      1680.923705
Description of the best-so-far configuration:
    .ID. particles topology modInfluence branching tSchedule phi1 phi2 inertia
135  135       120        4            0        NA        NA 0.58 2.34    0.56
    .PARENT.
135       78

# 2025-05-22 21:50:12 -04: Elite configurations (first number is the configuration ID; listed from best to worst according to the sum of ranks):
    particles topology modInfluence branching tSchedule phi1 phi2 inertia
135       120        4            0        NA        NA 0.58 2.34    0.56
183       125        4            0        NA        NA 1.89 2.15    0.76
78        186        4            0        NA        NA 0.67 2.35    0.44
139        74        4            0        NA        NA 0.44 1.98    0.47
216       183        1            0        NA        NA 0.76 2.32    0.38
# 2025-05-22 21:50:12 -04: Iteration 3 of 5
# experimentsUsed: 1348
# remainingBudget: 2652
# currentBudget: 884
# nbConfigurations: 84
# Markers:
     x No test is performed.
     c Configurations are discarded only due to capping.
     - The test is performed and some configurations are discarded.
     = The test is performed but no configuration is discarded.
     ! The test is performed and configurations could be discarded but elite configurations are preserved.
     . All alive configurations are elite and nothing is discarded.

+-+-----------+-----------+-----------+----------------+-----------+--------+-----+----+------+
| |   Instance|      Alive|       Best|       Mean best| Exp so far|  W time|  rho|KenW|  Qvar|
+-+-----------+-----------+-----------+----------------+-----------+--------+-----+----+------+
|x|         11|         84|        240|     41885.45858|         84|00:00:27|   NA|  NA|    NA|
|x|          4|         84|        240|     20953.08564|        163|00:00:19|+0.45|0.72|0.5805|
|x|          6|         84|        297|     34716.93336|        242|00:00:18|+0.28|0.52|0.7300|
|x|          7|         84|        297|     26038.14444|        321|00:00:18|+0.31|0.49|0.6931|
|-|         10|         29|        241|     20470.97658|        400|00:00:18|-0.05|0.16|1.0014|
|=|          5|         29|        241|     17094.06975|        424|00:00:06|-0.03|0.14|0.9313|
|=|          9|         29|        241|     16990.92894|        448|00:00:05|-0.00|0.14|0.8825|
|=|          1|         29|        241|     14867.15672|        472|00:00:11|+0.01|0.13|0.8622|
|=|          2|         29|        241|     13236.77745|        496|00:00:05|+0.04|0.15|0.8234|
|=|          8|         29|        241|     11915.78853|        520|00:00:19|+0.03|0.13|0.8743|
|=|          3|         29|        241|     10873.04163|        544|00:00:05|+0.03|0.12|0.8555|
|=|         12|         29|        241|     9966.983785|        573|00:00:05|+0.04|0.12|0.8581|
+-+-----------+-----------+-----------+----------------+-----------+--------+-----+----+------+
Best-so-far configuration:         241    mean value:      9966.983785
Description of the best-so-far configuration:
    .ID. particles topology modInfluence branching tSchedule phi1 phi2 inertia
241  241       145        4            0        NA        NA 0.66 2.41    0.47
    .PARENT.
241      135

# 2025-05-22 21:52:55 -04: Elite configurations (first number is the configuration ID; listed from best to worst according to the sum of ranks):
    particles topology modInfluence branching tSchedule phi1 phi2 inertia
241       145        4            0        NA        NA 0.66 2.41    0.47
237       148        4            0        NA        NA 1.35 2.40    0.60
135       120        4            0        NA        NA 0.58 2.34    0.56
307       143        4            0        NA        NA 1.54 1.89    0.58
267       125        4            0        NA        NA 0.58 2.35    0.53
# 2025-05-22 21:52:55 -04: Iteration 4 of 5
# experimentsUsed: 1921
# remainingBudget: 2079
# currentBudget: 1039
# nbConfigurations: 84
# Markers:
     x No test is performed.
     c Configurations are discarded only due to capping.
     - The test is performed and some configurations are discarded.
     = The test is performed but no configuration is discarded.
     ! The test is performed and configurations could be discarded but elite configurations are preserved.
     . All alive configurations are elite and nothing is discarded.

+-+-----------+-----------+-----------+----------------+-----------+--------+-----+----+------+
| |   Instance|      Alive|       Best|       Mean best| Exp so far|  W time|  rho|KenW|  Qvar|
+-+-----------+-----------+-----------+----------------+-----------+--------+-----+----+------+
|x|         13|         84|        322|     11.67737014|         84|00:00:08|   NA|  NA|    NA|
|x|          1|         84|        378|     6.224664728|        163|00:00:24|+0.15|0.58|0.7261|
|x|          8|         84|        376|     11.62049407|        242|00:00:46|-0.03|0.31|0.9252|
|x|         12|         84|        376|     8.782040889|        321|00:00:07|+0.05|0.28|0.8212|
|=|         10|         84|        376|     10.43115962|        400|00:00:07|+0.03|0.22|0.7492|
|-|          7|         45|        376|     9.007202522|        479|00:00:07|-0.07|0.11|1.0278|
|=|          6|         45|        237|     8.065200592|        519|00:00:03|-0.07|0.08|0.9913|
|=|         11|         45|        328|     11925.55363|        559|00:00:10|-0.05|0.08|0.9576|
|=|          4|         45|        328|     10602.81772|        599|00:00:04|-0.05|0.07|0.9429|
|=|          3|         45|        328|     9563.098807|        639|00:00:03|-0.03|0.07|0.9437|
|=|          9|         45|        328|     10190.56896|        679|00:00:04|-0.02|0.07|0.9115|
|=|          2|         45|        328|     9359.286898|        719|00:00:04|-0.02|0.06|0.8808|
|=|          5|         45|        328|     8655.280951|        759|00:00:03|-0.01|0.07|0.8449|
|=|         14|         45|        328|     8037.058505|        804|00:00:04|+0.00|0.07|0.8134|
+-+-----------+-----------+-----------+----------------+-----------+--------+-----+----+------+
Best-so-far configuration:         328    mean value:      8037.058505
Description of the best-so-far configuration:
    .ID. particles topology modInfluence branching tSchedule phi1 phi2 inertia
328  328       159        4            0        NA        NA  1.4 2.47     0.5
    .PARENT.
328      237

# 2025-05-22 21:55:15 -04: Elite configurations (first number is the configuration ID; listed from best to worst according to the sum of ranks):
    particles topology modInfluence branching tSchedule phi1 phi2 inertia
328       159        4            0        NA        NA 1.40 2.47    0.50
388       141        4            0        NA        NA 0.55 2.44    0.45
331       161        4            0        NA        NA 0.88 2.29    0.50
237       148        4            0        NA        NA 1.35 2.40    0.60
390       128        4            0        NA        NA 0.78 2.47    0.56
# 2025-05-22 21:55:15 -04: Iteration 5 of 5
# experimentsUsed: 2725
# remainingBudget: 1275
# currentBudget: 1275
# nbConfigurations: 89
# Markers:
     x No test is performed.
     c Configurations are discarded only due to capping.
     - The test is performed and some configurations are discarded.
     = The test is performed but no configuration is discarded.
     ! The test is performed and configurations could be discarded but elite configurations are preserved.
     . All alive configurations are elite and nothing is discarded.

+-+-----------+-----------+-----------+----------------+-----------+--------+-----+----+------+
| |   Instance|      Alive|       Best|       Mean best| Exp so far|  W time|  rho|KenW|  Qvar|
+-+-----------+-----------+-----------+----------------+-----------+--------+-----+----+------+
|x|         15|         89|        445|    0.8097297752|         89|00:00:08|   NA|  NA|    NA|
|x|         11|         89|        442|     43707.05371|        173|00:00:20|+0.24|0.62|0.1663|
|x|         14|         89|        442|     29138.07192|        257|00:00:07|+0.28|0.52|0.1115|
|x|          8|         89|        473|     20682.05807|        341|00:00:51|+0.10|0.33|0.5189|
|-|          4|         60|        397|     18560.31468|        425|00:00:09|-0.07|0.14|1.0695|
|=|         13|         60|        397|     15468.99022|        480|00:00:05|-0.06|0.11|1.0498|
|=|          2|         60|        397|     13286.93272|        535|00:00:05|-0.03|0.12|1.0076|
|=|          9|         60|        397|     13623.10381|        590|00:00:06|-0.02|0.10|0.9744|
|=|          5|         60|        459|     13121.74440|        645|00:00:05|+0.00|0.11|0.9388|
|=|          1|         60|        397|     10919.69556|        700|00:00:16|+0.00|0.10|0.8957|
|=|         12|         60|        397|     9927.025373|        755|00:00:04|-0.01|0.09|0.9142|
|=|          7|         60|        397|     9099.926735|        810|00:00:05|-0.00|0.08|0.8784|
|=|          3|         60|        459|     9120.165168|        865|00:00:04|-0.00|0.08|0.8892|
|=|         10|         60|        459|     8470.088873|        920|00:00:04|-0.01|0.06|0.9075|
|=|          6|         60|        459|     7905.442698|        975|00:00:04|-0.00|0.06|0.8920|
|=|         16|         60|        459|     7412.537776|       1035|00:00:06|-0.01|0.06|0.9045|
+-+-----------+-----------+-----------+----------------+-----------+--------+-----+----+------+
Best-so-far configuration:         459    mean value:      7412.537776
Description of the best-so-far configuration:
    .ID. particles topology modInfluence branching tSchedule phi1 phi2 inertia
459  459       151        4            0        NA        NA 0.73 2.38    0.38
    .PARENT.
459      388

# 2025-05-22 21:58:03 -04: Elite configurations (first number is the configuration ID; listed from best to worst according to the sum of ranks):
    particles topology modInfluence branching tSchedule phi1 phi2 inertia
459       151        4            0        NA        NA 0.73 2.38    0.38
458       150        4            0        NA        NA 1.39 2.42    0.49
397       150        4            0        NA        NA 0.69 2.37    0.40
328       159        4            0        NA        NA 1.40 2.47    0.50
463       115        4            0        NA        NA 0.80 2.41    0.52
# 2025-05-22 21:58:03 -04: Iteration 6 of 6
# experimentsUsed: 3760
# remainingBudget: 240
# currentBudget: 240
# nbConfigurations: 18
# Markers:
     x No test is performed.
     c Configurations are discarded only due to capping.
     - The test is performed and some configurations are discarded.
     = The test is performed but no configuration is discarded.
     ! The test is performed and configurations could be discarded but elite configurations are preserved.
     . All alive configurations are elite and nothing is discarded.

+-+-----------+-----------+-----------+----------------+-----------+--------+-----+----+------+
| |   Instance|      Alive|       Best|       Mean best| Exp so far|  W time|  rho|KenW|  Qvar|
+-+-----------+-----------+-----------+----------------+-----------+--------+-----+----+------+
|x|         17|         18|        483|     15363.00770|         18|00:00:02|   NA|  NA|    NA|
|x|         15|         18|        488|     7962.729954|         31|00:00:02|-0.19|0.40|1.2122|
|x|          8|         18|        479|     5312.230365|         44|00:00:11|+0.06|0.37|0.9492|
|x|          3|         18|        482|     3991.903667|         57|00:00:01|-0.07|0.20|1.0335|
|=|          9|         18|        482|     6462.676749|         70|00:00:02|+0.03|0.22|0.9314|
|=|         12|         18|        459|     5386.501773|         83|00:00:01|-0.03|0.14|0.9582|
|=|         10|         18|        397|     4761.387044|         96|00:00:02|-0.01|0.13|0.9532|
|=|         13|         18|        397|     4167.759653|        109|00:00:01|+0.02|0.14|0.9230|
|=|          7|         18|        397|     3704.879882|        122|00:00:01|+0.01|0.12|0.9358|
|=|         14|         18|        328|     3260.568442|        135|00:00:01|-0.02|0.08|0.9404|
|=|          6|         18|        328|     2964.185126|        148|00:00:01|+0.01|0.10|0.9162|
|=|          5|         18|        328|     2734.437165|        161|00:00:01|+0.02|0.10|0.9104|
|=|         16|         18|        328|     2524.791937|        174|00:00:02|+0.04|0.11|0.8953|
|=|          4|         18|        459|     2326.656096|        187|00:00:02|+0.02|0.09|0.9057|
|=|          2|         18|        459|     2184.363072|        200|00:00:01|+0.03|0.09|0.8918|
|=|          1|         18|        397|     2125.440147|        213|00:00:05|+0.03|0.09|0.8951|
|=|         11|         18|        397|     7456.667407|        226|00:00:04|+0.03|0.08|0.8953|
+-+-----------+-----------+-----------+----------------+-----------+--------+-----+----+------+
Best-so-far configuration:         397    mean value:      7456.667407
Description of the best-so-far configuration:
    .ID. particles topology modInfluence branching tSchedule phi1 phi2 inertia
397  397       150        4            0        NA        NA 0.69 2.37     0.4
    .PARENT.
397      331

# 2025-05-22 21:58:51 -04: Elite configurations (first number is the configuration ID; listed from best to worst according to the sum of ranks):
    particles topology modInfluence branching tSchedule phi1 phi2 inertia
397       150        4            0        NA        NA 0.69 2.37    0.40
328       159        4            0        NA        NA 1.40 2.47    0.50
459       151        4            0        NA        NA 0.73 2.38    0.38
479       120        4            0        NA        NA 0.82 2.38    0.57
458       150        4            0        NA        NA 1.39 2.42    0.49
# 2025-05-22 21:58:51 -04: Stopped because there is not enough budget left to race more than the minimum (5).
# You may either increase the budget or set 'minNbSurvival' to a lower value.
# Iteration: 7
# nbIterations: 7
# experimentsUsed: 3986
# timeUsed: 0
# remainingBudget: 14
# currentBudget: 14
# number of elites: 5
# nbConfigurations: 5
# Total CPU user time: 7525.757, CPU sys time: 119.901, Wall-clock time: 950.209
# 2025-05-22 21:58:51 -04: Starting post-selection:
# Configurations selected: 397, 328, 459, 479, 458, 463, 477, 478, 480, 481, 482, 483, 484, 485.
# Pending instances: 0, 0, 0, 0, 0, 0, 0, 0, 0, 0, 0, 0, 0, 0.
# 2025-05-22 21:58:51 -04: seed: 42
# Configurations: 14
# Available experiments: 14
# minSurvival: 1
# Markers:
     x No test is performed.
     c Configurations are discarded only due to capping.
     - The test is performed and some configurations are discarded.
     = The test is performed but no configuration is discarded.
     ! The test is performed and configurations could be discarded but elite configurations are preserved.
     . All alive configurations are elite and nothing is discarded.

+-+-----------+-----------+-----------+----------------+-----------+--------+-----+----+------+
| |   Instance|      Alive|       Best|       Mean best| Exp so far|  W time|  rho|KenW|  Qvar|
+-+-----------+-----------+-----------+----------------+-----------+--------+-----+----+------+
|.|         10|         14|        477|     16.83380097|          0|00:00:00|   NA|  NA|    NA|
|.|          8|         14|        477|     22.87740228|          0|00:00:00|-0.07|0.47|1.0983|
|.|          5|         14|        477|     83.74973741|          0|00:00:00|-0.01|0.33|0.9550|
|.|          1|         14|        477|     62.93146282|          0|00:00:00|+0.06|0.30|0.8884|
|.|         14|         14|        477|     50.36728238|          0|00:00:00|+0.08|0.26|0.8203|
|.|          7|         14|        477|     42.25458986|          0|00:00:00|-0.05|0.13|0.9404|
|.|          4|         14|        477|     39.18654410|          0|00:00:00|-0.04|0.11|0.9367|
|.|         17|         14|        477|     2063.073866|          0|00:00:00|-0.01|0.11|0.9365|
|.|          9|         14|        477|     3745.116504|          0|00:00:00|-0.00|0.11|0.9221|
|.|         15|         14|        477|     3370.692977|          0|00:00:00|+0.00|0.10|0.9210|
|.|         11|         14|        477|     10873.12706|          0|00:00:00|+0.03|0.11|0.8949|
|.|         12|         14|        477|     9967.063033|          0|00:00:00|+0.00|0.08|0.9092|
|.|         13|         14|        477|     9201.353024|          0|00:00:00|+0.01|0.09|0.8986|
|.|          3|         14|        477|     8977.833392|          0|00:00:00|-0.01|0.06|0.9137|
|.|          6|         14|        477|     8379.344454|          0|00:00:00|+0.01|0.07|0.8998|
|.|         16|         14|        477|     7866.014689|          0|00:00:00|+0.01|0.07|0.8918|
|.|          2|         14|        477|     7415.135974|          0|00:00:00|+0.03|0.08|0.8782|
|=|         18|         14|        397|     7043.574637|         14|00:00:02|+0.02|0.08|0.8855|
+-+-----------+-----------+-----------+----------------+-----------+--------+-----+----+------+
Best-so-far configuration:         397    mean value:      7043.574637
Description of the best-so-far configuration:
    .ID. particles topology modInfluence branching tSchedule phi1 phi2 inertia
397  397       150        4            0        NA        NA 0.69 2.37     0.4
    .PARENT.
397      331

# 2025-05-22 21:58:53 -04: Elite configurations (first number is the configuration ID; listed from best to worst according to the sum of ranks):
    particles topology modInfluence branching tSchedule phi1 phi2 inertia
397       150        4            0        NA        NA 0.69 2.37    0.40
479       120        4            0        NA        NA 0.82 2.38    0.57
459       151        4            0        NA        NA 0.73 2.38    0.38
328       159        4            0        NA        NA 1.40 2.47    0.50
458       150        4            0        NA        NA 1.39 2.42    0.49
# Total CPU user time: 7539.493, CPU sys time: 120.294, Wall-clock time: 952.322
    .ID. particles topology modInfluence branching tSchedule phi1 phi2 inertia
397  397       150        4            0        NA        NA 0.69 2.37    0.40
479  479       120        4            0        NA        NA 0.82 2.38    0.57
459  459       151        4            0        NA        NA 0.73 2.38    0.38
328  328       159        4            0        NA        NA 1.40 2.47    0.50
458  458       150        4            0        NA        NA 1.39 2.42    0.49
    .PARENT. .RANK.   .WEIGHT.
397      331    108 0.33333333
479      463    112 0.26666667
459      388    116 0.20000000
328      237    120 0.13333333
458      328    124 0.06666667
