# 2025-06-14 00:55:40 -04: Reading parameter file '/home/dianag/PruebasPablo/irace-independent-executions/PSO-X/Scenarios/E9-BL-Unimodal-N/Runs/E9-BL-Unimodal-N_seed_42/parameters.txt'.
# 2025-06-14 00:55:40 -04: 2 expression(s) specifying forbidden configurations read.
# 2025-06-14 00:55:40 -04: Initialization
# Elitist race
# Elitist new instances: 1
# Elitist limit: 2
# nbIterations: 5
# minNbSurvival: 5
# nbParameters: 8
# seed: 42
# confidence level: 0.95
# budget: 2000
# mu: 5
# deterministic: FALSE

# 2025-06-14 00:55:40 -04: Iteration 1 of 5
# experimentsUsed: 0
# remainingBudget: 2000
# currentBudget: 400
# nbConfigurations: 66
# Markers:
     x No test is performed.
     c Configurations are discarded only due to capping.
     - The test is performed and some configurations are discarded.
     = The test is performed but no configuration is discarded.
     ! The test is performed and configurations could be discarded but elite configurations are preserved.
     . All alive configurations are elite and nothing is discarded.

+-+-----------+-----------+-----------+----------------+-----------+--------+-----+----+------+
| |   Instance|      Alive|       Best|       Mean best| Exp so far|  W time|  rho|KenW|  Qvar|
+-+-----------+-----------+-----------+----------------+-----------+--------+-----+----+------+
|x|          1|         66|         64|    0.3971264391|         66|00:00:16|   NA|  NA|    NA|
|x|          2|         66|         46|     47.35671223|        132|00:00:16|+0.80|0.90|0.2306|
|x|          3|         66|         65|     69.12795316|        198|00:00:18|+0.64|0.76|0.3545|
|x|          4|         66|         13|     657.2016155|        264|00:00:16|+0.69|0.77|0.2912|
|-|          5|         17|         65|     42.17637812|        330|00:00:16|+0.01|0.21|0.8531|
|=|          6|         17|         65|     2926.855114|        347|00:00:05|-0.03|0.14|0.8845|
|=|          7|         17|         46|     23819.25731|        364|00:00:05|+0.01|0.15|0.8906|
+-+-----------+-----------+-----------+----------------+-----------+--------+-----+----+------+
Best-so-far configuration:          46    mean value:      23819.25731
Description of the best-so-far configuration:
   .ID. particles topology modInfluence branching tSchedule phi1 phi2 inertia
46   46         7        0            2        NA        NA 2.18 1.73    0.44
   .PARENT.
46       NA

# 2025-06-14 00:57:16 -04: Elite configurations (first number is the configuration ID; listed from best to worst according to the sum of ranks):
   particles topology modInfluence branching tSchedule phi1 phi2 inertia
46         7        0            2        NA        NA 2.18 1.73    0.44
65        28        5            0        NA         6 2.00 1.83    0.82
13        54        0            0        NA        NA 1.83 2.24    0.09
60        76        4            0        NA        NA 1.01 2.43    0.81
62         3        3            1        NA        NA 1.69 0.26    0.25
# 2025-06-14 00:57:16 -04: Iteration 2 of 5
# experimentsUsed: 364
# remainingBudget: 1636
# currentBudget: 409
# nbConfigurations: 55
# Markers:
     x No test is performed.
     c Configurations are discarded only due to capping.
     - The test is performed and some configurations are discarded.
     = The test is performed but no configuration is discarded.
     ! The test is performed and configurations could be discarded but elite configurations are preserved.
     . All alive configurations are elite and nothing is discarded.

+-+-----------+-----------+-----------+----------------+-----------+--------+-----+----+------+
| |   Instance|      Alive|       Best|       Mean best| Exp so far|  W time|  rho|KenW|  Qvar|
+-+-----------+-----------+-----------+----------------+-----------+--------+-----+----+------+
|x|          8|         55|         13|    0.9638576239|         55|00:00:14|   NA|  NA|    NA|
|x|          3|         55|         13|     84.45945446|        105|00:00:14|+0.23|0.61|0.6750|
|x|          4|         55|         13|     56.44613520|        155|00:00:14|+0.48|0.65|0.4877|
|x|          2|         55|         13|     657.3121126|        205|00:00:14|+0.57|0.68|0.4393|
|-|          1|         19|         13|     525.9540639|        255|00:00:13|+0.01|0.21|0.9820|
|=|          7|         19|         46|     49.70398558|        269|00:00:01|+0.12|0.26|0.9092|
|-|          5|         11|         46|     42.65623578|        283|00:00:02|+0.08|0.21|0.8299|
|=|          6|         11|         46|     20841.97448|        289|00:00:01|-0.01|0.11|0.8612|
|=|          9|         11|         13|     4406.347178|        300|00:00:01|-0.06|0.06|0.9077|
+-+-----------+-----------+-----------+----------------+-----------+--------+-----+----+------+
Best-so-far configuration:          13    mean value:      4406.347178
Description of the best-so-far configuration:
   .ID. particles topology modInfluence branching tSchedule phi1 phi2 inertia
13   13        54        0            0        NA        NA 1.83 2.24    0.09
   .PARENT.
13       NA

# 2025-06-14 00:58:36 -04: Elite configurations (first number is the configuration ID; listed from best to worst according to the sum of ranks):
    particles topology modInfluence branching tSchedule phi1 phi2 inertia
13         54        0            0        NA        NA 1.83 2.24    0.09
115         6        0            1        NA        NA 1.83 2.38    0.69
46          7        0            2        NA        NA 2.18 1.73    0.44
111         9        0            0        NA        NA 0.83 2.24    0.43
85         38        0            0        NA        NA 2.19 1.32    0.55
# 2025-06-14 00:58:36 -04: Iteration 3 of 5
# experimentsUsed: 664
# remainingBudget: 1336
# currentBudget: 445
# nbConfigurations: 49
# Markers:
     x No test is performed.
     c Configurations are discarded only due to capping.
     - The test is performed and some configurations are discarded.
     = The test is performed but no configuration is discarded.
     ! The test is performed and configurations could be discarded but elite configurations are preserved.
     . All alive configurations are elite and nothing is discarded.

+-+-----------+-----------+-----------+----------------+-----------+--------+-----+----+------+
| |   Instance|      Alive|       Best|       Mean best| Exp so far|  W time|  rho|KenW|  Qvar|
+-+-----------+-----------+-----------+----------------+-----------+--------+-----+----+------+
|x|         10|         49|        155|     2.603510062|         49|00:00:14|   NA|  NA|    NA|
|x|          9|         49|        159|     73.77094207|         93|00:00:14|+0.23|0.62|0.5643|
|x|          5|         49|        149|     64.23443636|        137|00:00:14|+0.21|0.47|0.5485|
|x|          7|         49|        149|     48.50644355|        181|00:00:13|+0.31|0.48|0.4705|
|-|          1|         24|        149|     38.92416210|        225|00:00:13|-0.08|0.14|1.0406|
|=|          3|         24|        159|     55.50651318|        244|00:00:10|-0.04|0.14|0.9676|
|=|          6|         24|        128|     4444.434562|        263|00:00:10|-0.00|0.14|0.9222|
|=|          2|         24|        128|     4372.590870|        282|00:00:11|-0.01|0.11|0.9137|
|=|          8|         24|        128|     3886.857833|        301|00:00:11|+0.02|0.13|0.8881|
|=|          4|         24|        128|     3498.222747|        320|00:00:10|+0.04|0.13|0.9048|
|=|         11|         24|        125|     54229.89306|        344|00:00:11|+0.05|0.14|0.9095|
+-+-----------+-----------+-----------+----------------+-----------+--------+-----+----+------+
Best-so-far configuration:         125    mean value:      54229.89306
Description of the best-so-far configuration:
    .ID. particles topology modInfluence branching tSchedule phi1 phi2 inertia
125  125        50        0            0        NA        NA  1.3 2.12     0.3
    .PARENT.
125       13

# 2025-06-14 01:00:52 -04: Elite configurations (first number is the configuration ID; listed from best to worst according to the sum of ranks):
    particles topology modInfluence branching tSchedule phi1 phi2 inertia
125        50        0            0        NA        NA 1.30 2.12    0.30
128        77        0            0        NA        NA 2.26 2.46    0.19
159        84        0            0        NA        NA 2.39 2.19    0.03
13         54        0            0        NA        NA 1.83 2.24    0.09
149        29        0            0        NA        NA 2.13 1.72    0.41
# 2025-06-14 01:00:52 -04: Iteration 4 of 5
# experimentsUsed: 1008
# remainingBudget: 992
# currentBudget: 496
# nbConfigurations: 45
# Markers:
     x No test is performed.
     c Configurations are discarded only due to capping.
     - The test is performed and some configurations are discarded.
     = The test is performed but no configuration is discarded.
     ! The test is performed and configurations could be discarded but elite configurations are preserved.
     . All alive configurations are elite and nothing is discarded.

+-+-----------+-----------+-----------+----------------+-----------+--------+-----+----+------+
| |   Instance|      Alive|       Best|       Mean best| Exp so far|  W time|  rho|KenW|  Qvar|
+-+-----------+-----------+-----------+----------------+-----------+--------+-----+----+------+
|x|         12|         45|        193|     11.87947279|         45|00:00:13|   NA|  NA|    NA|
|x|          9|         45|        159|     78.88085952|         85|00:00:12|+0.20|0.60|0.8360|
|x|          5|         45|        159|     58.42438572|        125|00:00:12|-0.22|0.19|1.1331|
|x|          8|         45|        193|     50.03231342|        165|00:00:13|-0.00|0.25|1.0110|
|-|         11|         30|        195|     91361.55891|        205|00:00:11|-0.07|0.14|0.9973|
|=|          4|         30|        195|     76134.68766|        230|00:00:06|-0.03|0.14|0.9079|
|=|          2|         30|        193|     94062.17596|        255|00:00:06|-0.05|0.10|0.8780|
|=|          6|         30|        125|     74544.01095|        280|00:00:06|-0.03|0.10|0.8409|
|=|          1|         30|        174|     76022.81965|        305|00:00:05|-0.03|0.09|0.8557|
|=|          7|         30|        167|     66083.63993|        330|00:00:06|-0.00|0.10|0.8077|
|=|          3|         30|        193|     63438.46227|        355|00:00:07|-0.01|0.08|0.8067|
|=|         10|         30|        167|     55084.05571|        380|00:00:06|+0.01|0.09|0.7620|
|=|         13|         30|        167|     54288.70804|        410|00:00:07|+0.01|0.09|0.7661|
+-+-----------+-----------+-----------+----------------+-----------+--------+-----+----+------+
Best-so-far configuration:         167    mean value:      54288.70804
Description of the best-so-far configuration:
    .ID. particles topology modInfluence branching tSchedule phi1 phi2 inertia
167  167        46        0            0        NA        NA 2.09 2.24    0.03
    .PARENT.
167       13

# 2025-06-14 01:02:48 -04: Elite configurations (first number is the configuration ID; listed from best to worst according to the sum of ranks):
    particles topology modInfluence branching tSchedule phi1 phi2 inertia
167        46        0            0        NA        NA 2.09 2.24    0.03
193        51        0            0        NA        NA 1.97 1.89    0.02
182        46        0            0        NA        NA 1.39 2.09    0.15
192        47        0            0        NA        NA 1.99 2.16    0.14
195       105        0            0        NA        NA 2.24 2.27    0.07
# 2025-06-14 01:02:48 -04: Iteration 5 of 5
# experimentsUsed: 1418
# remainingBudget: 582
# currentBudget: 582
# nbConfigurations: 46
# Markers:
     x No test is performed.
     c Configurations are discarded only due to capping.
     - The test is performed and some configurations are discarded.
     = The test is performed but no configuration is discarded.
     ! The test is performed and configurations could be discarded but elite configurations are preserved.
     . All alive configurations are elite and nothing is discarded.

+-+-----------+-----------+-----------+----------------+-----------+--------+-----+----+------+
| |   Instance|      Alive|       Best|       Mean best| Exp so far|  W time|  rho|KenW|  Qvar|
+-+-----------+-----------+-----------+----------------+-----------+--------+-----+----+------+
|x|         14|         46|        220|     1088984.664|         46|00:00:09|   NA|  NA|    NA|
|x|         11|         46|        221|     932816.5452|         87|00:00:08|+0.34|0.67|0.0003|
|x|          5|         46|        232|     615296.0224|        128|00:00:08|+0.46|0.64|0.2980|
|x|          8|         46|        232|     461472.2162|        169|00:00:08|+0.52|0.64|0.2252|
|-|          9|         30|        235|     423985.0281|        210|00:00:09|-0.04|0.17|0.9828|
|=|          2|         30|        232|     307710.8135|        235|00:00:03|+0.03|0.19|0.9332|
|=|         12|         30|        232|     263753.8500|        260|00:00:03|+0.02|0.16|0.9479|
|=|          4|         30|        232|     230784.6816|        285|00:00:02|+0.01|0.13|0.9630|
|=|         10|         30|        240|     224859.0486|        310|00:00:02|+0.00|0.12|0.9638|
|=|          1|         30|        240|     202373.1933|        335|00:00:02|-0.01|0.09|0.9717|
|=|          7|         30|        240|     183975.7423|        360|00:00:02|+0.01|0.10|0.9436|
|=|          6|         30|        214|     184000.6264|        385|00:00:02|+0.02|0.10|0.9361|
|=|          3|         30|        214|     169860.9883|        410|00:00:03|-0.01|0.07|0.9600|
|=|         13|         30|        232|     136117.0871|        435|00:00:02|+0.01|0.08|0.9432|
|=|         15|         30|        232|     240745.9614|        465|00:00:03|+0.03|0.09|0.9211|
+-+-----------+-----------+-----------+----------------+-----------+--------+-----+----+------+
Best-so-far configuration:         232    mean value:      240745.9614
Description of the best-so-far configuration:
    .ID. particles topology modInfluence branching tSchedule phi1 phi2 inertia
232  232        17        0            0        NA        NA 1.93    2    0.04
    .PARENT.
232      167

# 2025-06-14 01:04:00 -04: Elite configurations (first number is the configuration ID; listed from best to worst according to the sum of ranks):
    particles topology modInfluence branching tSchedule phi1 phi2 inertia
232        17        0            0        NA        NA 1.93 2.00    0.04
214        33        0            0        NA        NA 2.03 2.35    0.10
233        46        0            0        NA        NA 2.10 2.17    0.22
235        43        0            0        NA        NA 1.91 2.39    0.02
167        46        0            0        NA        NA 2.09 2.24    0.03
# 2025-06-14 01:04:00 -04: Iteration 6 of 6
# experimentsUsed: 1883
# remainingBudget: 117
# currentBudget: 117
# nbConfigurations: 12
# Markers:
     x No test is performed.
     c Configurations are discarded only due to capping.
     - The test is performed and some configurations are discarded.
     = The test is performed but no configuration is discarded.
     ! The test is performed and configurations could be discarded but elite configurations are preserved.
     . All alive configurations are elite and nothing is discarded.

+-+-----------+-----------+-----------+----------------+-----------+--------+-----+----+------+
| |   Instance|      Alive|       Best|       Mean best| Exp so far|  W time|  rho|KenW|  Qvar|
+-+-----------+-----------+-----------+----------------+-----------+--------+-----+----+------+
|x|         16|         12|        244|    0.6578701415|         12|00:00:01|   NA|  NA|    NA|
|x|          1|         12|        242|    0.7041000744|         19|00:00:01|-0.10|0.45|0.9123|
|x|         14|         12|        242|     360634.5328|         26|00:00:01|-0.13|0.25|1.0171|
|x|         11|         12|        232|     461472.2743|         33|00:00:01|-0.11|0.17|0.9662|
|=|          4|         12|        242|     369328.0721|         40|00:00:01|-0.07|0.15|0.9268|
|=|          2|         12|        246|     261857.6389|         47|00:00:01|+0.01|0.18|0.8528|
|=|         13|         12|        242|     267220.2268|         54|00:00:01|+0.00|0.14|0.8693|
|=|          7|         12|        242|     233817.8027|         61|00:00:00|+0.02|0.14|0.8608|
|=|          5|         12|        242|     207838.0794|         68|00:00:01|+0.07|0.18|0.8081|
|=|          6|         12|        242|     190672.1053|         75|00:00:01|+0.04|0.14|0.8466|
|=|          8|         12|        242|     173338.3644|         82|00:00:01|+0.03|0.12|0.8612|
|=|         12|         12|        232|     158769.3405|         89|00:00:01|+0.05|0.13|0.8627|
|=|         15|         12|        232|     277752.4837|         96|00:00:01|+0.05|0.12|0.8657|
|=|          3|         12|        232|     257925.5898|        103|00:00:01|+0.03|0.10|0.8872|
|=|         10|         12|        232|     240730.7605|        110|00:00:01|+0.02|0.08|0.9036|
|=|          9|         12|        242|     348985.8506|        117|00:00:01|-0.01|0.05|0.9311|
+-+-----------+-----------+-----------+----------------+-----------+--------+-----+----+------+
Best-so-far configuration:         242    mean value:      348985.8506
Description of the best-so-far configuration:
    .ID. particles topology modInfluence branching tSchedule phi1 phi2 inertia
242  242        12        0            0        NA        NA  1.7 1.94    0.05
    .PARENT.
242      232

# 2025-06-14 01:04:20 -04: Elite configurations (first number is the configuration ID; listed from best to worst according to the sum of ranks):
    particles topology modInfluence branching tSchedule phi1 phi2 inertia
242        12        0            0        NA        NA 1.70 1.94    0.05
232        17        0            0        NA        NA 1.93 2.00    0.04
247        38        0            0        NA        NA 1.82 2.31    0.04
214        33        0            0        NA        NA 2.03 2.35    0.10
243        21        0            0        NA        NA 1.89 2.10    0.00
# 2025-06-14 01:04:20 -04: Stopped because budget is exhausted
# Iteration: 7
# nbIterations: 6
# experimentsUsed: 2000
# timeUsed: 0
# remainingBudget: 0
# currentBudget: 117
# number of elites: 5
# nbConfigurations: 12
# Total CPU user time: 2862.602, CPU sys time: 61.601, Wall-clock time: 519.769
    .ID. particles topology modInfluence branching tSchedule phi1 phi2 inertia
242  242        12        0            0        NA        NA 1.70 1.94    0.05
232  232        17        0            0        NA        NA 1.93 2.00    0.04
247  247        38        0            0        NA        NA 1.82 2.31    0.04
214  214        33        0            0        NA        NA 2.03 2.35    0.10
243  243        21        0            0        NA        NA 1.89 2.10    0.00
    .PARENT. .RANK.   .WEIGHT.
242      232     84 0.33333333
232      167     88 0.26666667
247      214     91 0.20000000
214      167     93 0.13333333
243      232    101 0.06666667
