# 2025-06-08 16:23:54 -04: Reading parameter file '/home/dianag/PruebasPablo/irace-independent-executions/MMASQAP/Scenarios/E3-BH-N/Runs/E3-BH-N_seed_198347562/parameters.txt'.
# 2025-06-08 16:23:54 -04: Initialization
# Elitist race
# Elitist new instances: 1
# Elitist limit: 2
# nbIterations: 3
# minNbSurvival: 3
# nbParameters: 3
# seed: 198347562
# confidence level: 0.95
# budget: 1500
# mu: 5
# deterministic: FALSE

# 2025-06-08 16:23:54 -04: Iteration 1 of 3
# experimentsUsed: 0
# remainingBudget: 1500
# currentBudget: 500
# nbConfigurations: 83
# Markers:
     x No test is performed.
     c Configurations are discarded only due to capping.
     - The test is performed and some configurations are discarded.
     = The test is performed but no configuration is discarded.
     ! The test is performed and configurations could be discarded but elite configurations are preserved.
     . All alive configurations are elite and nothing is discarded.

+-+-----------+-----------+-----------+----------------+-----------+--------+-----+----+------+
| |   Instance|      Alive|       Best|       Mean best| Exp so far|  W time|  rho|KenW|  Qvar|
+-+-----------+-----------+-----------+----------------+-----------+--------+-----+----+------+
|x|          1|         83|         50|     7411666.000|         83|00:00:28|   NA|  NA|    NA|
|x|          2|         83|         56|     3861966.000|        166|00:00:28|+0.36|0.68|0.5376|
|x|          3|         83|         56|     5141589.333|        249|00:00:28|+0.51|0.67|0.4252|
|x|          4|         83|         56|     5771134.500|        332|00:00:27|+0.58|0.69|0.3550|
|-|          5|         17|         56|     6097604.400|        415|00:00:27|+0.09|0.28|0.8296|
|-|          6|          9|         56|     6336528.333|        432|00:00:12|-0.05|0.13|0.8976|
|=|          7|          9|         56|     6488190.571|        441|00:00:09|-0.03|0.12|0.8858|
|=|          8|          9|         56|     5744608.500|        450|00:00:09|+0.02|0.14|0.8406|
+-+-----------+-----------+-----------+----------------+-----------+--------+-----+----+------+
Best-so-far configuration:          56    mean value:      5744608.500
Description of the best-so-far configuration:
   .ID. localsearch  rho ants .PARENT.
56   56           3 0.27   26       NA

# 2025-06-08 16:26:45 -04: Elite configurations (first number is the configuration ID; listed from best to worst according to the sum of ranks):
   localsearch  rho ants
56           3 0.27   26
23           3 0.35    3
42           3 0.24   23
# 2025-06-08 16:26:45 -04: Iteration 2 of 3
# experimentsUsed: 450
# remainingBudget: 1050
# currentBudget: 525
# nbConfigurations: 61
# Markers:
     x No test is performed.
     c Configurations are discarded only due to capping.
     - The test is performed and some configurations are discarded.
     = The test is performed but no configuration is discarded.
     ! The test is performed and configurations could be discarded but elite configurations are preserved.
     . All alive configurations are elite and nothing is discarded.

+-+-----------+-----------+-----------+----------------+-----------+--------+-----+----+------+
| |   Instance|      Alive|       Best|       Mean best| Exp so far|  W time|  rho|KenW|  Qvar|
+-+-----------+-----------+-----------+----------------+-----------+--------+-----+----+------+
|x|          9|         61|        136|     7443546.000|         61|00:00:28|   NA|  NA|    NA|
|x|          5|         61|        105|     7433755.000|        119|00:00:26|+0.67|0.84|0.2017|
|x|          1|         61|        123|     7427000.667|        177|00:00:26|+0.72|0.81|0.1872|
|x|          4|         61|        105|     7488924.500|        235|00:00:26|+0.71|0.78|0.1933|
|-|          2|         32|         98|     6057064.800|        293|00:00:26|-0.11|0.11|1.0827|
|=|          8|         32|         56|     5136986.333|        322|00:00:18|-0.06|0.11|1.0319|
|=|          6|         32|         84|     5478067.143|        351|00:00:18|-0.05|0.10|1.0116|
|=|          7|         32|         56|     5718903.750|        380|00:00:19|-0.02|0.11|0.9984|
|=|          3|         32|        105|     5936906.222|        409|00:00:18|-0.04|0.08|1.0104|
|=|         10|         32|        105|     5379518.000|        441|00:00:19|-0.02|0.08|1.0030|
+-+-----------+-----------+-----------+----------------+-----------+--------+-----+----+------+
Best-so-far configuration:         105    mean value:      5379518.000
Description of the best-so-far configuration:
    .ID. localsearch rho ants .PARENT.
105  105           3 0.5    4       23

# 2025-06-08 16:30:34 -04: Elite configurations (first number is the configuration ID; listed from best to worst according to the sum of ranks):
    localsearch  rho ants
105           3 0.50    4
56            3 0.27   26
123           3 0.36   23
# 2025-06-08 16:30:34 -04: Iteration 3 of 3
# experimentsUsed: 891
# remainingBudget: 609
# currentBudget: 609
# nbConfigurations: 58
# Markers:
     x No test is performed.
     c Configurations are discarded only due to capping.
     - The test is performed and some configurations are discarded.
     = The test is performed but no configuration is discarded.
     ! The test is performed and configurations could be discarded but elite configurations are preserved.
     . All alive configurations are elite and nothing is discarded.

+-+-----------+-----------+-----------+----------------+-----------+--------+-----+----+------+
| |   Instance|      Alive|       Best|       Mean best| Exp so far|  W time|  rho|KenW|  Qvar|
+-+-----------+-----------+-----------+----------------+-----------+--------+-----+----+------+
|x|         11|         58|        148|     349882.0000|         58|00:00:31|   NA|  NA|    NA|
|x|          8|         58|        193|     447409.0000|        113|00:00:29|-0.04|0.48|0.9695|
|x|          7|         58|        179|     2767840.667|        168|00:00:29|+0.07|0.38|0.8832|
|x|          4|         58|        179|     3990581.500|        223|00:00:28|+0.18|0.39|0.7458|
|-|          2|         33|        179|     3255665.600|        278|00:00:29|-0.09|0.13|1.0237|
|=|          6|         33|        179|     3965503.667|        308|00:00:20|-0.03|0.14|0.9407|
|=|          1|         33|         56|     4459390.857|        338|00:00:19|-0.01|0.13|0.8725|
|=|         10|         33|         56|     3947327.750|        368|00:00:19|+0.02|0.14|0.8601|
|-|          5|         19|         56|     4331345.111|        398|00:00:19|-0.04|0.07|0.9688|
|=|          3|         19|         56|     4668294.200|        414|00:00:10|-0.05|0.06|0.9880|
|=|          9|         19|         56|     4925285.455|        430|00:00:09|-0.06|0.04|1.0019|
|=|         12|         19|        105|     4548255.167|        449|00:00:14|-0.06|0.03|0.9956|
+-+-----------+-----------+-----------+----------------+-----------+--------+-----+----+------+
Best-so-far configuration:         105    mean value:      4548255.167
Description of the best-so-far configuration:
    .ID. localsearch rho ants .PARENT.
105  105           3 0.5    4       23

# 2025-06-08 16:34:54 -04: Elite configurations (first number is the configuration ID; listed from best to worst according to the sum of ranks):
    localsearch  rho ants
105           3 0.50    4
179           3 0.46    4
56            3 0.27   26
# 2025-06-08 16:34:54 -04: Iteration 4 of 4
# experimentsUsed: 1340
# remainingBudget: 160
# currentBudget: 160
# nbConfigurations: 15
# Markers:
     x No test is performed.
     c Configurations are discarded only due to capping.
     - The test is performed and some configurations are discarded.
     = The test is performed but no configuration is discarded.
     ! The test is performed and configurations could be discarded but elite configurations are preserved.
     . All alive configurations are elite and nothing is discarded.

+-+-----------+-----------+-----------+----------------+-----------+--------+-----+----+------+
| |   Instance|      Alive|       Best|       Mean best| Exp so far|  W time|  rho|KenW|  Qvar|
+-+-----------+-----------+-----------+----------------+-----------+--------+-----+----+------+
|x|         13|         15|        202|     712712.0000|         15|00:00:09|   NA|  NA|    NA|
|x|          8|         15|        201|     627244.0000|         27|00:00:08|-0.01|0.50|0.8982|
|x|          4|         15|        205|     2970040.667|         39|00:00:09|-0.01|0.33|0.8948|
|x|         10|         15|        179|     2319230.500|         51|00:00:09|+0.06|0.30|0.7921|
|=|          5|         15|        179|     3336613.600|         63|00:00:09|+0.16|0.33|0.7357|
|-|          2|         10|         56|     2832849.667|         75|00:00:09|+0.00|0.17|0.8515|
|=|          1|         10|         56|     3487827.714|         82|00:00:04|+0.07|0.20|0.8088|
|=|          6|         10|         56|     3993242.750|         89|00:00:05|+0.02|0.14|0.8565|
|=|         11|         10|        105|     3590745.556|         96|00:00:05|+0.01|0.12|0.8756|
|=|          7|         10|        105|     3972409.800|        103|00:00:04|+0.03|0.13|0.8595|
|=|         12|         10|        105|     3650162.000|        110|00:00:04|+0.01|0.10|0.8677|
|=|          9|         10|        105|     3967364.167|        117|00:00:04|+0.02|0.10|0.8642|
|=|          3|         10|        105|     4253412.154|        124|00:00:05|+0.00|0.08|0.8912|
|=|         14|         10|        105|     4472229.429|        134|00:00:09|+0.02|0.09|0.8714|
+-+-----------+-----------+-----------+----------------+-----------+--------+-----+----+------+
Best-so-far configuration:         105    mean value:      4472229.429
Description of the best-so-far configuration:
    .ID. localsearch rho ants .PARENT.
105  105           3 0.5    4       23

# 2025-06-08 16:36:34 -04: Elite configurations (first number is the configuration ID; listed from best to worst according to the sum of ranks):
    localsearch  rho ants
105           3 0.50    4
179           3 0.46    4
207           3 0.53    5
# 2025-06-08 16:36:34 -04: Iteration 5 of 5
# experimentsUsed: 1474
# remainingBudget: 26
# currentBudget: 26
# nbConfigurations: 4
# Markers:
     x No test is performed.
     c Configurations are discarded only due to capping.
     - The test is performed and some configurations are discarded.
     = The test is performed but no configuration is discarded.
     ! The test is performed and configurations could be discarded but elite configurations are preserved.
     . All alive configurations are elite and nothing is discarded.

+-+-----------+-----------+-----------+----------------+-----------+--------+-----+----+------+
| |   Instance|      Alive|       Best|       Mean best| Exp so far|  W time|  rho|KenW|  Qvar|
+-+-----------+-----------+-----------+----------------+-----------+--------+-----+----+------+
|x|         15|          4|        105|     479152.0000|          4|00:00:04|   NA|  NA|    NA|
|x|          9|          4|        105|     3967870.000|          5|00:00:04|+0.80|0.90|0.2091|
|x|          1|          4|        105|     5122313.333|          6|00:00:04|+0.07|0.38|0.7999|
|x|         10|          4|        105|     3932491.000|          7|00:00:04|+0.09|0.31|0.7178|
|=|          4|          4|        105|     4677390.400|          8|00:00:04|+0.19|0.36|0.6731|
|=|          8|          4|        105|     3989763.333|          9|00:00:04|+0.13|0.27|0.7115|
|=|          3|          4|        105|     4517795.429|         10|00:00:04|+0.20|0.32|0.6763|
|=|         12|          4|        105|     4006531.500|         11|00:00:04|+0.03|0.15|0.7630|
|=|          5|          4|        105|     4384797.111|         12|00:00:04|-0.02|0.09|0.7635|
|=|         13|          4|        209|     4019537.000|         13|00:00:04|+0.01|0.11|0.7422|
|=|          7|          4|        105|     4325987.091|         14|00:00:04|+0.00|0.09|0.7562|
|=|          6|          4|        105|     4591399.000|         15|00:00:04|+0.02|0.10|0.7396|
|=|         14|          4|        105|     4801049.385|         16|00:00:04|-0.01|0.07|0.7430|
|=|          2|          4|        105|     4481011.857|         17|00:00:04|-0.00|0.07|0.7308|
|=|         11|          4|        105|     4206024.267|         18|00:00:04|+0.02|0.08|0.7181|
|=|         16|          4|        105|     3977908.750|         22|00:00:04|-0.01|0.05|0.7481|
+-+-----------+-----------+-----------+----------------+-----------+--------+-----+----+------+
Best-so-far configuration:         105    mean value:      3977908.750
Description of the best-so-far configuration:
    .ID. localsearch rho ants .PARENT.
105  105           3 0.5    4       23

# 2025-06-08 16:37:47 -04: Elite configurations (first number is the configuration ID; listed from best to worst according to the sum of ranks):
    localsearch  rho ants
105           3 0.50    4
209           3 0.56    5
179           3 0.46    4
# 2025-06-08 16:37:47 -04: Stopped because there is not enough budget left to race more than the minimum (3).
# You may either increase the budget or set 'minNbSurvival' to a lower value.
# Iteration: 6
# nbIterations: 6
# experimentsUsed: 1496
# timeUsed: 0
# remainingBudget: 4
# currentBudget: 4
# number of elites: 3
# nbConfigurations: 3
# Total CPU user time: 5425.435, CPU sys time: 34.805, Wall-clock time: 832.41
# 2025-06-08 16:37:47 -04: Starting post-selection:
# Configurations selected: 105, 209, 179, 207.
# Pending instances: 0, 0, 0, 0.
# 2025-06-08 16:37:47 -04: seed: 198347562
# Configurations: 4
# Available experiments: 4
# minSurvival: 1
# Markers:
     x No test is performed.
     c Configurations are discarded only due to capping.
     - The test is performed and some configurations are discarded.
     = The test is performed but no configuration is discarded.
     ! The test is performed and configurations could be discarded but elite configurations are preserved.
     . All alive configurations are elite and nothing is discarded.

+-+-----------+-----------+-----------+----------------+-----------+--------+-----+----+------+
| |   Instance|      Alive|       Best|       Mean best| Exp so far|  W time|  rho|KenW|  Qvar|
+-+-----------+-----------+-----------+----------------+-----------+--------+-----+----+------+
|.|         16|          4|        207|     546164.0000|          0|00:00:00|   NA|  NA|    NA|
|.|          2|          4|        207|     434008.0000|          0|00:00:00|-0.40|0.30|0.8451|
|.|         12|          4|        207|     428364.0000|          0|00:00:00|-0.33|0.11|1.0059|
|.|          4|          4|        207|     2235789.000|          0|00:00:00|-0.17|0.12|0.8455|
|.|          3|          4|        207|     3328374.800|          0|00:00:00|-0.06|0.15|0.8446|
|.|         10|          4|        207|     2834477.667|          0|00:00:00|+0.00|0.17|0.7919|
|.|         13|          4|        207|     2531737.429|          0|00:00:00|+0.11|0.24|0.7074|
|.|         15|          4|        207|     2276296.750|          0|00:00:00|+0.06|0.18|0.7088|
|.|          9|          4|        207|     2854431.778|          0|00:00:00|+0.11|0.21|0.6846|
|.|          8|          4|        207|     2624656.400|          0|00:00:00|+0.09|0.18|0.7055|
|.|         14|          4|        207|     3050860.909|          0|00:00:00|+0.00|0.09|0.7350|
|.|         11|          4|        207|     2826565.500|          0|00:00:00|-0.00|0.08|0.7380|
|.|          6|          4|        207|     3189198.308|          0|00:00:00|+0.01|0.08|0.7256|
|.|          5|          4|        207|     3490733.857|          0|00:00:00|-0.01|0.06|0.7138|
|.|          1|          4|        207|     3752681.200|          0|00:00:00|-0.02|0.04|0.7495|
|.|          7|          4|        207|     3981712.250|          0|00:00:00|-0.01|0.05|0.7481|
|=|         17|          4|        105|     3769748.118|          4|00:00:04|-0.02|0.04|0.7618|
+-+-----------+-----------+-----------+----------------+-----------+--------+-----+----+------+
Best-so-far configuration:         105    mean value:      3769748.118
Description of the best-so-far configuration:
    .ID. localsearch rho ants .PARENT.
105  105           3 0.5    4       23

# 2025-06-08 16:37:52 -04: Elite configurations (first number is the configuration ID; listed from best to worst according to the sum of ranks):
    localsearch  rho ants
105           3 0.50    4
179           3 0.46    4
209           3 0.56    5
# Total CPU user time: 5443.283, CPU sys time: 34.899, Wall-clock time: 837.291
    .ID. localsearch  rho ants .PARENT. .RANK.  .WEIGHT.
105  105           3 0.50    4       23   36.0 0.5000000
179  179           3 0.46    4      105   43.5 0.3333333
209  209           3 0.56    5      207   44.0 0.1666667
