# 2025-05-14 07:41:06 -04: Reading parameter file '/home/dianag/PruebasPablo/irace-independent-executions/ACOTSP/Scenarios/E3-BH-N/Runs/E3-BH-N_seed_1357924680/parameters.txt'.
# 2025-05-14 07:41:06 -04: 1 expression(s) specifying forbidden configurations read.
# 2025-05-14 07:41:06 -04: Initialization
# Elitist race
# Elitist new instances: 1
# Elitist limit: 2
# nbIterations: 5
# minNbSurvival: 5
# nbParameters: 11
# seed: 1357924680
# confidence level: 0.95
# budget: 5500
# mu: 5
# deterministic: FALSE

# 2025-05-14 07:41:06 -04: Iteration 1 of 5
# experimentsUsed: 0
# remainingBudget: 5500
# currentBudget: 1100
# nbConfigurations: 183
# Markers:
     x No test is performed.
     c Configurations are discarded only due to capping.
     - The test is performed and some configurations are discarded.
     = The test is performed but no configuration is discarded.
     ! The test is performed and configurations could be discarded but elite configurations are preserved.
     . All alive configurations are elite and nothing is discarded.

+-+-----------+-----------+-----------+----------------+-----------+--------+-----+----+------+
| |   Instance|      Alive|       Best|       Mean best| Exp so far|  W time|  rho|KenW|  Qvar|
+-+-----------+-----------+-----------+----------------+-----------+--------+-----+----+------+
|x|          1|        183|         37|     32406674.00|        183|00:04:43|   NA|  NA|    NA|
|x|          2|        183|        103|     32487776.00|        366|00:04:42|+0.98|0.99|0.0012|
|x|          3|        183|         37|     32561381.00|        549|00:04:38|+0.98|0.99|0.0018|
|x|          4|        183|        103|     32498232.00|        732|00:04:42|+0.98|0.99|0.0016|
|-|          5|          8|        103|     32487474.00|        915|00:04:39|+0.35|0.48|0.5285|
|-|          6|          4|        103|     32485355.33|        923|00:00:11|-0.05|0.12|0.8072|
+-+-----------+-----------+-----------+----------------+-----------+--------+-----+----+------+
Best-so-far configuration:         103    mean value:      32485355.33
Description of the best-so-far configuration:
    .ID. algorithm localsearch alpha beta  rho ants   q0 rasrank elitistants
103  103       acs           3  2.73 6.89 0.37   30 0.35      NA          NA
    nnls dlb .PARENT.
103    8   0       NA

# 2025-05-14 08:04:44 -04: Elite configurations (first number is the configuration ID; listed from best to worst according to the sum of ranks):
    algorithm localsearch alpha beta  rho ants   q0 rasrank elitistants nnls
103       acs           3  2.73 6.89 0.37   30 0.35      NA          NA    8
37        acs           3  3.32 0.88 0.41   43 0.50      NA          NA   21
167       acs           2  1.42 3.49 0.39   29 0.50      NA          NA   38
154       ras           3  3.37 2.71 0.71   87   NA      13          NA   16
    dlb
103   0
37    0
167   0
154   0
# 2025-05-14 08:04:44 -04: Iteration 2 of 5
# experimentsUsed: 923
# remainingBudget: 4577
# currentBudget: 1144
# nbConfigurations: 166
# Markers:
     x No test is performed.
     c Configurations are discarded only due to capping.
     - The test is performed and some configurations are discarded.
     = The test is performed but no configuration is discarded.
     ! The test is performed and configurations could be discarded but elite configurations are preserved.
     . All alive configurations are elite and nothing is discarded.

+-+-----------+-----------+-----------+----------------+-----------+--------+-----+----+------+
| |   Instance|      Alive|       Best|       Mean best| Exp so far|  W time|  rho|KenW|  Qvar|
+-+-----------+-----------+-----------+----------------+-----------+--------+-----+----+------+
|x|          7|        166|        265|     32264179.00|        166|00:04:22|   NA|  NA|    NA|
|x|          3|        166|        265|     32471878.00|        328|00:04:12|+0.96|0.98|0.0033|
|x|          1|        166|        265|     32453582.67|        490|00:04:16|+0.97|0.98|0.0035|
|x|          5|        166|        265|     32447849.00|        652|00:04:14|+0.97|0.98|0.0029|
|-|          2|         10|        265|     32450137.00|        814|00:04:15|+0.31|0.45|0.6977|
|-|          4|          8|        265|     32429916.33|        820|00:00:10|+0.21|0.34|0.6147|
|-|          6|          3|        294|     32424633.57|        824|00:00:10|+0.29|0.39|0.4904|
+-+-----------+-----------+-----------+----------------+-----------+--------+-----+----+------+
Best-so-far configuration:         294    mean value:      32424633.57
Description of the best-so-far configuration:
    .ID. algorithm localsearch alpha beta  rho ants  q0 rasrank elitistants
294  294       acs           3     2  3.7 0.15   30 0.2      NA          NA
    nnls dlb .PARENT.
294   25   1      103

# 2025-05-14 08:26:27 -04: Elite configurations (first number is the configuration ID; listed from best to worst according to the sum of ranks):
    algorithm localsearch alpha beta  rho ants   q0 rasrank elitistants nnls
294       acs           3  2.00 3.70 0.15   30 0.20      NA          NA   25
265       acs           3  2.11 2.75 0.48   56 0.65      NA          NA    9
271       acs           3  3.36 4.68 0.47   14 0.71      NA          NA   17
    dlb
294   1
265   1
271   1
# 2025-05-14 08:26:27 -04: Iteration 3 of 5
# experimentsUsed: 1747
# remainingBudget: 3753
# currentBudget: 1251
# nbConfigurations: 159
# Markers:
     x No test is performed.
     c Configurations are discarded only due to capping.
     - The test is performed and some configurations are discarded.
     = The test is performed but no configuration is discarded.
     ! The test is performed and configurations could be discarded but elite configurations are preserved.
     . All alive configurations are elite and nothing is discarded.

+-+-----------+-----------+-----------+----------------+-----------+--------+-----+----+------+
| |   Instance|      Alive|       Best|       Mean best| Exp so far|  W time|  rho|KenW|  Qvar|
+-+-----------+-----------+-----------+----------------+-----------+--------+-----+----+------+
|x|          8|        159|        478|     32466871.00|        159|00:03:57|   NA|  NA|    NA|
|x|          2|        159|        478|     32455547.00|        315|00:03:55|+0.97|0.99|0.0020|
|x|          4|        159|        382|     32392167.67|        471|00:03:54|+0.96|0.97|0.0029|
|x|          6|        159|        382|     32393505.00|        627|00:03:54|+0.96|0.97|0.0033|
|-|          1|         10|        382|     32381176.20|        783|00:03:54|+0.30|0.44|0.6036|
|-|          7|          6|        382|     32366899.50|        790|00:00:10|+0.46|0.55|0.4424|
|!|          3|          6|        478|     32411943.86|        793|00:00:10|+0.34|0.43|0.5149|
|-|          5|          4|        478|     32411887.00|        796|00:00:10|-0.12|0.02|0.7947|
+-+-----------+-----------+-----------+----------------+-----------+--------+-----+----+------+
Best configuration for the instances in this race: 478
Best-so-far configuration:         382    mean value:      32415270.12
Description of the best-so-far configuration:
    .ID. algorithm localsearch alpha beta  rho ants  q0 rasrank elitistants
382  382       acs           3   2.4 5.58 0.29   49 0.4      NA          NA
    nnls dlb .PARENT.
382   12   1      265

# 2025-05-14 08:46:35 -04: Elite configurations (first number is the configuration ID; listed from best to worst according to the sum of ranks):
    algorithm localsearch alpha beta  rho ants   q0 rasrank elitistants nnls
382       acs           3  2.40 5.58 0.29   49 0.40      NA          NA   12
478       acs           3  3.19 1.67 0.45   59 0.58      NA          NA   18
294       acs           3  2.00 3.70 0.15   30 0.20      NA          NA   25
462       acs           3  2.25 6.03 0.59   50 0.67      NA          NA   11
    dlb
382   1
478   1
294   1
462   1
# 2025-05-14 08:46:35 -04: Iteration 4 of 5
# experimentsUsed: 2543
# remainingBudget: 2957
# currentBudget: 1478
# nbConfigurations: 167
# Markers:
     x No test is performed.
     c Configurations are discarded only due to capping.
     - The test is performed and some configurations are discarded.
     = The test is performed but no configuration is discarded.
     ! The test is performed and configurations could be discarded but elite configurations are preserved.
     . All alive configurations are elite and nothing is discarded.

+-+-----------+-----------+-----------+----------------+-----------+--------+-----+----+------+
| |   Instance|      Alive|       Best|       Mean best| Exp so far|  W time|  rho|KenW|  Qvar|
+-+-----------+-----------+-----------+----------------+-----------+--------+-----+----+------+
|x|          9|        167|        631|     32469325.00|        167|00:03:51|   NA|  NA|    NA|
|x|          1|        167|        631|     32403889.50|        330|00:03:46|+0.87|0.93|0.0017|
|x|          8|        167|        631|     32428993.00|        493|00:03:45|+0.87|0.91|0.0020|
|x|          7|        167|        478|     32411623.00|        656|00:03:47|+0.87|0.90|0.0019|
|-|          5|         31|        478|     32411596.20|        819|00:03:46|-0.07|0.14|1.0229|
|=|          6|         31|        631|     32413972.83|        846|00:00:41|-0.01|0.15|0.9679|
|=|          2|         31|        478|     32420829.71|        873|00:00:41|+0.04|0.18|0.9182|
|=|          3|         31|        478|     32445003.00|        900|00:00:41|+0.02|0.14|0.9419|
|=|          4|         31|        478|     32427713.33|        927|00:00:41|+0.02|0.13|0.9352|
|=|         10|         31|        631|     32439251.00|        958|00:00:41|+0.04|0.13|0.9059|
+-+-----------+-----------+-----------+----------------+-----------+--------+-----+----+------+
Best-so-far configuration:         631    mean value:      32439251.00
Description of the best-so-far configuration:
    .ID. algorithm localsearch alpha beta  rho ants   q0 rasrank elitistants
631  631       acs           3  2.26 5.52 0.24   49 0.49      NA          NA
    nnls dlb .PARENT.
631   15   1      382

# 2025-05-14 09:09:00 -04: Elite configurations (first number is the configuration ID; listed from best to worst according to the sum of ranks):
    algorithm localsearch alpha beta  rho ants   q0 rasrank elitistants nnls
631       acs           3  2.26 5.52 0.24   49 0.49      NA          NA   15
382       acs           3  2.40 5.58 0.29   49 0.40      NA          NA   12
478       acs           3  3.19 1.67 0.45   59 0.58      NA          NA   18
662       acs           3  3.65 1.05 0.49   63 0.51      NA          NA   18
629       acs           3  2.33 2.08 0.54   52 0.62      NA          NA   15
    dlb
631   1
382   1
478   1
662   1
629   1
# 2025-05-14 09:09:00 -04: Iteration 5 of 5
# experimentsUsed: 3501
# remainingBudget: 1999
# currentBudget: 1999
# nbConfigurations: 186
# Markers:
     x No test is performed.
     c Configurations are discarded only due to capping.
     - The test is performed and some configurations are discarded.
     = The test is performed but no configuration is discarded.
     ! The test is performed and configurations could be discarded but elite configurations are preserved.
     . All alive configurations are elite and nothing is discarded.

+-+-----------+-----------+-----------+----------------+-----------+--------+-----+----+------+
| |   Instance|      Alive|       Best|       Mean best| Exp so far|  W time|  rho|KenW|  Qvar|
+-+-----------+-----------+-----------+----------------+-----------+--------+-----+----+------+
|x|         11|        186|        821|     32508457.00|        186|00:04:09|   NA|  NA|    NA|
|x|          8|        186|        478|     32495215.50|        367|00:03:58|+0.70|0.85|0.0017|
|x|          6|        186|        478|     32478011.67|        548|00:03:59|+0.71|0.81|0.0016|
|x|          4|        186|        382|     32418145.50|        729|00:03:59|+0.71|0.78|0.0017|
|-|          2|         34|        382|     32421690.60|        910|00:03:59|-0.13|0.09|1.0863|
|=|          5|         34|        382|     32423333.83|        939|00:00:41|-0.09|0.09|1.0390|
|=|         10|         34|        382|     32441587.86|        968|00:00:41|-0.05|0.10|1.0057|
|=|          1|         34|        382|     32427872.00|        997|00:00:41|-0.04|0.09|0.9965|
|=|          7|         34|        382|     32413165.78|       1026|00:00:41|-0.01|0.11|0.9705|
|=|          9|         34|        382|     32423934.20|       1055|00:00:41|+0.00|0.10|0.9642|
|=|          3|         34|        478|     32449046.55|       1084|00:00:41|+0.00|0.09|0.9607|
|=|         12|         34|        725|     32465087.33|       1118|00:00:51|+0.01|0.09|0.9569|
+-+-----------+-----------+-----------+----------------+-----------+--------+-----+----+------+
Best-so-far configuration:         725    mean value:      32465087.33
Description of the best-so-far configuration:
    .ID. algorithm localsearch alpha beta  rho ants   q0 rasrank elitistants
725  725       acs           3  3.12 5.01 0.33   57 0.41      NA          NA
    nnls dlb .PARENT.
725   15   1      382

# 2025-05-14 09:34:09 -04: Elite configurations (first number is the configuration ID; listed from best to worst according to the sum of ranks):
    algorithm localsearch alpha beta  rho ants   q0 rasrank elitistants nnls
725       acs           3  3.12 5.01 0.33   57 0.41      NA          NA   15
478       acs           3  3.19 1.67 0.45   59 0.58      NA          NA   18
843       acs           3  4.05 0.51 0.55   61 0.42      NA          NA   14
776       acs           3  2.75 1.27 0.48   54 0.58      NA          NA   18
382       acs           3  2.40 5.58 0.29   49 0.40      NA          NA   12
    dlb
725   1
478   1
843   1
776   1
382   1
# 2025-05-14 09:34:09 -04: Iteration 6 of 6
# experimentsUsed: 4619
# remainingBudget: 881
# currentBudget: 881
# nbConfigurations: 72
# Markers:
     x No test is performed.
     c Configurations are discarded only due to capping.
     - The test is performed and some configurations are discarded.
     = The test is performed but no configuration is discarded.
     ! The test is performed and configurations could be discarded but elite configurations are preserved.
     . All alive configurations are elite and nothing is discarded.

+-+-----------+-----------+-----------+----------------+-----------+--------+-----+----+------+
| |   Instance|      Alive|       Best|       Mean best| Exp so far|  W time|  rho|KenW|  Qvar|
+-+-----------+-----------+-----------+----------------+-----------+--------+-----+----+------+
|x|         13|         72|        903|     32205246.00|         72|00:01:34|   NA|  NA|    NA|
|x|          3|         72|        725|     32422966.50|        139|00:01:33|+0.24|0.62|0.5913|
|x|          6|         72|        879|     32433678.33|        206|00:01:33|+0.21|0.47|0.6093|
|x|          7|         72|        725|     32385504.00|        273|00:01:33|+0.24|0.43|0.6335|
|-|          9|         33|        725|     32417288.40|        340|00:01:33|-0.07|0.15|1.0253|
|=|         10|         33|        725|     32435715.00|        368|00:00:41|-0.07|0.11|1.0353|
|=|          2|         33|        725|     32437681.71|        396|00:00:41|-0.02|0.12|0.9964|
|=|         11|         33|        725|     32449937.25|        424|00:00:41|-0.02|0.11|0.9867|
|=|          5|         33|        725|     32449979.22|        452|00:00:41|-0.02|0.09|0.9841|
|=|         12|         33|        725|     32467177.80|        480|00:00:41|-0.00|0.10|0.9664|
|=|          4|         33|        725|     32448218.64|        508|00:00:41|-0.00|0.09|0.9708|
|=|          1|         33|        725|     32439555.00|        536|00:00:41|+0.01|0.09|0.9606|
|=|          8|         33|        725|     32448075.46|        564|00:00:41|+0.02|0.09|0.9545|
|=|         14|         33|        852|     32487278.79|        597|00:00:52|+0.02|0.09|0.9524|
+-+-----------+-----------+-----------+----------------+-----------+--------+-----+----+------+
Best-so-far configuration:         852    mean value:      32487278.79
Description of the best-so-far configuration:
    .ID. algorithm localsearch alpha beta  rho ants   q0 rasrank elitistants
852  852       acs           3  3.34 4.71 0.36   62 0.43      NA          NA
    nnls dlb .PARENT.
852   16   1      725

# 2025-05-14 09:48:24 -04: Elite configurations (first number is the configuration ID; listed from best to worst according to the sum of ranks):
    algorithm localsearch alpha beta  rho ants   q0 rasrank elitistants nnls
852       acs           3  3.34 4.71 0.36   62 0.43      NA          NA   16
725       acs           3  3.12 5.01 0.33   57 0.41      NA          NA   15
478       acs           3  3.19 1.67 0.45   59 0.58      NA          NA   18
843       acs           3  4.05 0.51 0.55   61 0.42      NA          NA   14
776       acs           3  2.75 1.27 0.48   54 0.58      NA          NA   18
    dlb
852   1
725   1
478   1
843   1
776   1
# 2025-05-14 09:48:24 -04: Iteration 7 of 7
# experimentsUsed: 5216
# remainingBudget: 284
# currentBudget: 284
# nbConfigurations: 23
# Markers:
     x No test is performed.
     c Configurations are discarded only due to capping.
     - The test is performed and some configurations are discarded.
     = The test is performed but no configuration is discarded.
     ! The test is performed and configurations could be discarded but elite configurations are preserved.
     . All alive configurations are elite and nothing is discarded.

+-+-----------+-----------+-----------+----------------+-----------+--------+-----+----+------+
| |   Instance|      Alive|       Best|       Mean best| Exp so far|  W time|  rho|KenW|  Qvar|
+-+-----------+-----------+-----------+----------------+-----------+--------+-----+----+------+
|x|         15|         23|        852|     32479513.00|         23|00:00:31|   NA|  NA|    NA|
|x|         14|         23|        914|     32707397.00|         41|00:00:31|+0.09|0.55|0.5702|
|x|          9|         23|        913|     32652973.00|         59|00:00:31|+0.19|0.46|0.5466|
|x|         10|         23|        922|     32624058.50|         77|00:00:31|+0.27|0.45|0.4640|
|-|          2|         14|        913|     32588073.40|         95|00:00:31|-0.08|0.14|0.9832|
|=|          5|         14|        929|     32563583.67|        104|00:00:20|-0.02|0.15|0.9217|
|=|          6|         14|        776|     32539702.00|        113|00:00:20|-0.02|0.12|0.9047|
|=|          4|         14|        776|     32504222.00|        122|00:00:20|+0.01|0.13|0.8852|
|=|          3|         14|        922|     32515812.67|        131|00:00:20|-0.03|0.08|0.9269|
|=|          1|         14|        922|     32496637.40|        140|00:00:20|-0.02|0.08|0.9195|
|=|         13|         14|        922|     32476492.91|        149|00:00:20|+0.01|0.10|0.8843|
|=|          7|         14|        922|     32460649.67|        158|00:00:20|+0.04|0.12|0.8586|
|=|         11|         14|        725|     32474468.00|        167|00:00:20|+0.03|0.11|0.8770|
|=|          8|         14|        852|     32474082.64|        176|00:00:20|+0.04|0.11|0.8686|
|=|         12|         14|        776|     32488762.47|        185|00:00:20|+0.04|0.11|0.8765|
|=|         16|         14|        725|     32488833.25|        199|00:00:20|+0.03|0.09|0.8948|
+-+-----------+-----------+-----------+----------------+-----------+--------+-----+----+------+
Best-so-far configuration:         725    mean value:      32488833.25
Description of the best-so-far configuration:
    .ID. algorithm localsearch alpha beta  rho ants   q0 rasrank elitistants
725  725       acs           3  3.12 5.01 0.33   57 0.41      NA          NA
    nnls dlb .PARENT.
725   15   1      382

# 2025-05-14 09:54:49 -04: Elite configurations (first number is the configuration ID; listed from best to worst according to the sum of ranks):
    algorithm localsearch alpha beta  rho ants   q0 rasrank elitistants nnls
725       acs           3  3.12 5.01 0.33   57 0.41      NA          NA   15
776       acs           3  2.75 1.27 0.48   54 0.58      NA          NA   18
926       acs           3  3.36 1.48 0.44   59 0.64      NA          NA   20
843       acs           3  4.05 0.51 0.55   61 0.42      NA          NA   14
852       acs           3  3.34 4.71 0.36   62 0.43      NA          NA   16
    dlb
725   1
776   1
926   1
843   1
852   1
# 2025-05-14 09:54:49 -04: Iteration 8 of 8
# experimentsUsed: 5415
# remainingBudget: 85
# currentBudget: 85
# nbConfigurations: 9
# Markers:
     x No test is performed.
     c Configurations are discarded only due to capping.
     - The test is performed and some configurations are discarded.
     = The test is performed but no configuration is discarded.
     ! The test is performed and configurations could be discarded but elite configurations are preserved.
     . All alive configurations are elite and nothing is discarded.

+-+-----------+-----------+-----------+----------------+-----------+--------+-----+----+------+
| |   Instance|      Alive|       Best|       Mean best| Exp so far|  W time|  rho|KenW|  Qvar|
+-+-----------+-----------+-----------+----------------+-----------+--------+-----+----+------+
|x|         17|          9|        934|     32548716.00|          9|00:00:20|   NA|  NA|    NA|
|x|          8|          9|        776|     32531292.00|         13|00:00:10|+0.07|0.53|0.8602|
|x|          6|          9|        776|     32492727.67|         17|00:00:10|+0.17|0.44|0.9158|
|x|          9|          9|        776|     32490245.00|         21|00:00:10|+0.05|0.29|0.9060|
|=|          1|          9|        776|     32469921.80|         25|00:00:10|-0.05|0.16|0.9566|
|=|         14|          9|        776|     32555433.50|         29|00:00:10|-0.04|0.13|0.9469|
|=|          4|          9|        776|     32512637.57|         33|00:00:10|-0.00|0.14|0.9193|
|=|         10|          9|        852|     32521793.25|         37|00:00:10|-0.04|0.09|0.9497|
|=|          2|          9|        852|     32513102.44|         41|00:00:10|-0.02|0.10|0.9398|
|=|         12|          9|        776|     32521432.60|         45|00:00:10|-0.02|0.08|0.9379|
|=|          7|          9|        776|     32497281.18|         49|00:00:10|-0.00|0.09|0.9146|
|=|         16|          9|        776|     32500362.42|         53|00:00:10|-0.04|0.04|0.9407|
|=|          5|          9|        776|     32492659.08|         57|00:00:10|-0.03|0.05|0.9338|
|=|         15|          9|        776|     32493211.93|         61|00:00:10|-0.02|0.06|0.9264|
|=|         11|          9|        776|     32499951.80|         65|00:00:10|-0.03|0.04|0.9240|
|=|          3|          9|        843|     32507852.06|         69|00:00:10|-0.04|0.02|0.9286|
|=|         13|          9|        776|     32496367.06|         73|00:00:10|-0.03|0.03|0.9188|
|=|         18|          9|        776|     32528789.17|         82|00:00:20|-0.03|0.03|0.9174|
+-+-----------+-----------+-----------+----------------+-----------+--------+-----+----+------+
Best-so-far configuration:         776    mean value:      32528789.17
Description of the best-so-far configuration:
    .ID. algorithm localsearch alpha beta  rho ants   q0 rasrank elitistants
776  776       acs           3  2.75 1.27 0.48   54 0.58      NA          NA
    nnls dlb .PARENT.
776   18   1      478

# 2025-05-14 09:58:19 -04: Elite configurations (first number is the configuration ID; listed from best to worst according to the sum of ranks):
    algorithm localsearch alpha beta  rho ants   q0 rasrank elitistants nnls
776       acs           3  2.75 1.27 0.48   54 0.58      NA          NA   18
852       acs           3  3.34 4.71 0.36   62 0.43      NA          NA   16
725       acs           3  3.12 5.01 0.33   57 0.41      NA          NA   15
843       acs           3  4.05 0.51 0.55   61 0.42      NA          NA   14
933       acs           3  3.27 4.63 0.35   61 0.43      NA          NA   16
    dlb
776   1
852   1
725   1
843   1
933   1
# 2025-05-14 09:58:19 -04: Stopped because there is not enough budget left to race more than the minimum (5).
# You may either increase the budget or set 'minNbSurvival' to a lower value.
# Iteration: 9
# nbIterations: 9
# experimentsUsed: 5497
# timeUsed: 0
# remainingBudget: 3
# currentBudget: 3
# number of elites: 5
# nbConfigurations: 5
# Total CPU user time: 60971.53, CPU sys time: 451.883, Wall-clock time: 8232.733
# 2025-05-14 09:58:19 -04: Starting post-selection:
# Configurations selected: 776, 852, 725.
# Pending instances: 0, 0, 0.
# 2025-05-14 09:58:19 -04: seed: 1357924680
# Configurations: 3
# Available experiments: 3
# minSurvival: 1
# Markers:
     x No test is performed.
     c Configurations are discarded only due to capping.
     - The test is performed and some configurations are discarded.
     = The test is performed but no configuration is discarded.
     ! The test is performed and configurations could be discarded but elite configurations are preserved.
     . All alive configurations are elite and nothing is discarded.

+-+-----------+-----------+-----------+----------------+-----------+--------+-----+----+------+
| |   Instance|      Alive|       Best|       Mean best| Exp so far|  W time|  rho|KenW|  Qvar|
+-+-----------+-----------+-----------+----------------+-----------+--------+-----+----+------+
|.|          1|          3|        852|     32335110.00|          0|00:00:00|   NA|  NA|    NA|
|.|         13|          3|        852|     32310084.00|          0|00:00:00|-0.50|0.25|0.8878|
|.|          3|          3|        852|     32425848.33|          0|00:00:00|+0.17|0.44|0.4837|
|.|          6|          3|        852|     32432391.75|          0|00:00:00|-0.25|0.06|0.7567|
|.|          5|          3|        852|     32420010.60|          0|00:00:00|-0.20|0.04|0.8212|
|.|         10|          3|        852|     32438742.83|          0|00:00:00|-0.10|0.08|0.7501|
|.|         14|          3|        852|     32512011.29|          0|00:00:00|-0.07|0.08|0.7318|
|.|          8|          3|        852|     32508314.25|          0|00:00:00|-0.02|0.11|0.7227|
|.|         17|          3|        852|     32519818.89|          0|00:00:00|-0.03|0.09|0.7265|
|.|         16|          3|        852|     32521679.10|          0|00:00:00|-0.08|0.03|0.7336|
|.|          9|          3|        852|     32528619.36|          0|00:00:00|-0.09|0.01|0.7329|
|.|          4|          3|        852|     32502140.67|          0|00:00:00|-0.06|0.03|0.7208|
|.|         15|          3|        852|     32500400.08|          0|00:00:00|-0.03|0.05|0.7030|
|.|         11|          3|        852|     32505677.79|          0|00:00:00|-0.04|0.04|0.7062|
|.|          7|          3|        852|     32489590.53|          0|00:00:00|-0.06|0.01|0.7091|
|.|         18|          3|        852|     32524617.94|          0|00:00:00|-0.04|0.03|0.6970|
|.|          2|          3|        852|     32519850.76|          0|00:00:00|-0.04|0.02|0.7014|
|.|         12|          3|        852|     32527873.44|          0|00:00:00|-0.05|0.01|0.7046|
|=|         19|          3|        852|     32525543.05|          3|00:00:10|-0.04|0.01|0.6990|
+-+-----------+-----------+-----------+----------------+-----------+--------+-----+----+------+
Best-so-far configuration:         852    mean value:      32525543.05
Description of the best-so-far configuration:
    .ID. algorithm localsearch alpha beta  rho ants   q0 rasrank elitistants
852  852       acs           3  3.34 4.71 0.36   62 0.43      NA          NA
    nnls dlb .PARENT.
852   16   1      725

# 2025-05-14 09:58:29 -04: Elite configurations (first number is the configuration ID; listed from best to worst according to the sum of ranks):
    algorithm localsearch alpha beta  rho ants   q0 rasrank elitistants nnls
852       acs           3  3.34 4.71 0.36   62 0.43      NA          NA   16
725       acs           3  3.12 5.01 0.33   57 0.41      NA          NA   15
776       acs           3  2.75 1.27 0.48   54 0.58      NA          NA   18
    dlb
852   1
725   1
776   1
# Total CPU user time: 61002.8, CPU sys time: 452.154, Wall-clock time: 8243.271
    .ID. algorithm localsearch alpha beta  rho ants   q0 rasrank elitistants
852  852       acs           3  3.34 4.71 0.36   62 0.43      NA          NA
725  725       acs           3  3.12 5.01 0.33   57 0.41      NA          NA
776  776       acs           3  2.75 1.27 0.48   54 0.58      NA          NA
    nnls dlb .PARENT. .RANK.  .WEIGHT.
852   16   1      725     36 0.5000000
725   15   1      382     38 0.3333333
776   18   1      478     40 0.1666667
