# 2025-05-16 18:56:10 -04: Reading parameter file '/home/dianag/PruebasPablo/irace-independent-executions/PSO-X/Scenarios/E1-BL-Mixed-N/Runs/E1-BL-Mixed-N_seed_839201/parameters.txt'.
# 2025-05-16 18:56:10 -04: 2 expression(s) specifying forbidden configurations read.
# 2025-05-16 18:56:10 -04: Initialization
# Elitist race
# Elitist new instances: 1
# Elitist limit: 2
# nbIterations: 5
# minNbSurvival: 5
# nbParameters: 8
# seed: 839201
# confidence level: 0.95
# budget: 2000
# mu: 5
# deterministic: FALSE

# 2025-05-16 18:56:10 -04: Iteration 1 of 5
# experimentsUsed: 0
# remainingBudget: 2000
# currentBudget: 400
# nbConfigurations: 66
# Markers:
     x No test is performed.
     c Configurations are discarded only due to capping.
     - The test is performed and some configurations are discarded.
     = The test is performed but no configuration is discarded.
     ! The test is performed and configurations could be discarded but elite configurations are preserved.
     . All alive configurations are elite and nothing is discarded.

+-+-----------+-----------+-----------+----------------+-----------+--------+-----+----+------+
| |   Instance|      Alive|       Best|       Mean best| Exp so far|  W time|  rho|KenW|  Qvar|
+-+-----------+-----------+-----------+----------------+-----------+--------+-----+----+------+
|x|          1|         66|         44|     12.10859611|         66|00:00:20|   NA|  NA|    NA|
|x|          2|         66|         44|     8.101042310|        132|00:00:18|+0.69|0.84|0.5504|
|x|          3|         66|         13|     7.145443193|        198|00:00:19|+0.66|0.77|0.4334|
|x|          4|         66|         44|     20.86245748|        264|00:00:19|+0.70|0.77|0.3533|
|-|          5|         19|         52|     52.98778927|        330|00:00:19|-0.03|0.17|0.9410|
|=|          6|         19|         52|     196.1046009|        349|00:00:39|-0.03|0.14|0.9514|
|=|          7|         19|         52|     176.6638374|        368|00:00:11|-0.06|0.09|0.9574|
+-+-----------+-----------+-----------+----------------+-----------+--------+-----+----+------+
Best-so-far configuration:          52    mean value:      176.6638374
Description of the best-so-far configuration:
   .ID. particles topology modInfluence branching tSchedule phi1 phi2 inertia
52   52        31        1            1        NA        NA  1.8 1.88    0.61
   .PARENT.
52       NA

# 2025-05-16 18:58:38 -04: Elite configurations (first number is the configuration ID; listed from best to worst according to the sum of ranks):
   particles topology modInfluence branching tSchedule phi1 phi2 inertia
52        31        1            1        NA        NA  1.8 1.88    0.61
3         84        4            0        NA        NA  0.2 2.00    0.23
34       174        4            0        NA        NA  2.2 1.65    0.07
44        37        4            1        NA        NA  1.1 1.49    0.13
18        16        4            2        NA        NA  2.0 0.36    0.43
# 2025-05-16 18:58:38 -04: Iteration 2 of 5
# experimentsUsed: 368
# remainingBudget: 1632
# currentBudget: 408
# nbConfigurations: 55
# Markers:
     x No test is performed.
     c Configurations are discarded only due to capping.
     - The test is performed and some configurations are discarded.
     = The test is performed but no configuration is discarded.
     ! The test is performed and configurations could be discarded but elite configurations are preserved.
     . All alive configurations are elite and nothing is discarded.

+-+-----------+-----------+-----------+----------------+-----------+--------+-----+----+------+
| |   Instance|      Alive|       Best|       Mean best| Exp so far|  W time|  rho|KenW|  Qvar|
+-+-----------+-----------+-----------+----------------+-----------+--------+-----+----+------+
|x|          8|         55|        112|     8.645497047|         55|00:00:10|   NA|  NA|    NA|
|x|          2|         55|         71|     27.13494027|        105|00:00:07|+0.36|0.68|0.4150|
|x|          7|         55|         79|     34.22703782|        155|00:00:08|+0.45|0.63|0.4096|
|x|          1|         55|         95|     26.60157360|        205|00:00:07|+0.43|0.57|0.3725|
|-|          6|         19|         95|     203.1344779|        255|00:01:33|-0.08|0.14|0.9924|
|=|          4|         19|         95|     181.9190211|        269|00:00:02|-0.10|0.09|1.0153|
|=|          3|         19|         95|     156.4637214|        283|00:00:02|-0.04|0.11|0.9735|
|=|          5|         19|         95|     156.3929596|        297|00:00:02|-0.02|0.10|0.9524|
|=|          9|         19|         95|     240.2144919|        316|00:00:38|-0.03|0.09|0.9461|
+-+-----------+-----------+-----------+----------------+-----------+--------+-----+----+------+
Best-so-far configuration:          95    mean value:      240.2144919
Description of the best-so-far configuration:
   .ID. particles topology modInfluence branching tSchedule phi1 phi2 inertia
95   95        69        1            0        NA        NA 1.43 2.21     0.5
   .PARENT.
95       52

# 2025-05-16 19:01:34 -04: Elite configurations (first number is the configuration ID; listed from best to worst according to the sum of ranks):
   particles topology modInfluence branching tSchedule phi1 phi2 inertia
95        69        1            0        NA        NA 1.43 2.21    0.50
71        12        1            0        NA        NA 1.35 1.66    0.28
52        31        1            1        NA        NA 1.80 1.88    0.61
74        79        4            1        NA        NA 2.21 1.72    0.84
3         84        4            0        NA        NA 0.20 2.00    0.23
# 2025-05-16 19:01:34 -04: Iteration 3 of 5
# experimentsUsed: 684
# remainingBudget: 1316
# currentBudget: 438
# nbConfigurations: 48
# Markers:
     x No test is performed.
     c Configurations are discarded only due to capping.
     - The test is performed and some configurations are discarded.
     = The test is performed but no configuration is discarded.
     ! The test is performed and configurations could be discarded but elite configurations are preserved.
     . All alive configurations are elite and nothing is discarded.

+-+-----------+-----------+-----------+----------------+-----------+--------+-----+----+------+
| |   Instance|      Alive|       Best|       Mean best| Exp so far|  W time|  rho|KenW|  Qvar|
+-+-----------+-----------+-----------+----------------+-----------+--------+-----+----+------+
|x|         10|         48|        122|     206.1314065|         48|00:01:28|   NA|  NA|    NA|
|x|          2|         48|        122|     105.9191647|         91|00:00:12|-0.06|0.47|0.1760|
|x|          5|         48|        122|     130.7165087|        134|00:00:12|-0.08|0.28|0.1337|
|x|          7|         48|        131|     109.9216869|        177|00:00:12|+0.05|0.29|0.2074|
|=|          1|         48|        131|     90.75916477|        220|00:00:12|+0.08|0.27|0.1778|
|-|          9|         30|        127|     226.9105041|        263|00:01:17|-0.09|0.10|0.9761|
|=|          3|         30|         95|     198.3443748|        288|00:00:11|-0.06|0.10|0.9720|
|=|          8|         30|        127|     174.6653159|        313|00:00:11|-0.03|0.10|0.9739|
|=|          6|         30|         95|     259.5095276|        338|00:00:50|-0.00|0.11|0.9532|
|=|          4|         30|        127|     237.0613296|        363|00:00:11|-0.01|0.09|0.9545|
|=|         11|         30|        127|     294.8350623|        393|00:00:33|-0.02|0.08|0.9582|
+-+-----------+-----------+-----------+----------------+-----------+--------+-----+----+------+
Best-so-far configuration:         127    mean value:      294.8350623
Description of the best-so-far configuration:
    .ID. particles topology modInfluence branching tSchedule phi1 phi2 inertia
127  127       111        4            0        NA        NA 1.45 2.32     0.5
    .PARENT.
127        3

# 2025-05-16 19:07:08 -04: Elite configurations (first number is the configuration ID; listed from best to worst according to the sum of ranks):
    particles topology modInfluence branching tSchedule phi1 phi2 inertia
127       111        4            0        NA        NA 1.45 2.32    0.50
95         69        1            0        NA        NA 1.43 2.21    0.50
122        33        1            0        NA        NA 1.79 1.82    0.48
155        35        1            0        NA        NA 1.53 2.05    0.48
153        45        1            0        NA        NA 1.33 2.21    0.49
# 2025-05-16 19:07:08 -04: Iteration 4 of 5
# experimentsUsed: 1077
# remainingBudget: 923
# currentBudget: 461
# nbConfigurations: 43
# Markers:
     x No test is performed.
     c Configurations are discarded only due to capping.
     - The test is performed and some configurations are discarded.
     = The test is performed but no configuration is discarded.
     ! The test is performed and configurations could be discarded but elite configurations are preserved.
     . All alive configurations are elite and nothing is discarded.

+-+-----------+-----------+-----------+----------------+-----------+--------+-----+----+------+
| |   Instance|      Alive|       Best|       Mean best| Exp so far|  W time|  rho|KenW|  Qvar|
+-+-----------+-----------+-----------+----------------+-----------+--------+-----+----+------+
|x|         12|         43|        174|     97.82982900|         43|00:00:05|   NA|  NA|    NA|
|x|          9|         43|        192|     525.0343784|         81|00:01:07|-0.15|0.43|0.9504|
|x|          1|         43|        161|     344.6219719|        119|00:00:05|-0.10|0.26|0.9411|
|x|          4|         43|        161|     281.8316431|        157|00:00:04|+0.00|0.25|0.9215|
|=|          8|         43|        187|     237.6899097|        195|00:00:05|-0.01|0.19|0.9542|
|=|          5|         43|        161|     222.1107624|        233|00:00:04|+0.02|0.18|0.9287|
|=|          6|         43|        161|     320.2830969|        271|00:01:07|+0.04|0.18|0.9219|
|=|          2|         43|        161|     280.9171398|        309|00:00:04|+0.04|0.16|0.9045|
|=|         10|         43|        127|     272.7601195|        347|00:01:04|+0.04|0.15|0.8847|
|-|          7|         30|        127|     250.1528107|        385|00:00:05|-0.05|0.05|0.9712|
|=|         11|         30|        127|     306.7364087|        410|00:00:32|-0.04|0.06|0.9674|
|=|          3|         30|        161|     286.0597239|        435|00:00:03|-0.02|0.07|0.9537|
+-+-----------+-----------+-----------+----------------+-----------+--------+-----+----+------+
Best-so-far configuration:         161    mean value:      286.0597239
Description of the best-so-far configuration:
    .ID. particles topology modInfluence branching tSchedule phi1 phi2 inertia
161  161        97        4            0        NA        NA 1.54 2.48     0.4
    .PARENT.
161      127

# 2025-05-16 19:11:39 -04: Elite configurations (first number is the configuration ID; listed from best to worst according to the sum of ranks):
    particles topology modInfluence branching tSchedule phi1 phi2 inertia
161        97        4            0        NA        NA 1.54 2.48    0.40
187       157        4            0        NA        NA 1.88 2.04    0.58
127       111        4            0        NA        NA 1.45 2.32    0.50
176        74        4            0        NA        NA 1.13 2.49    0.57
95         69        1            0        NA        NA 1.43 2.21    0.50
# 2025-05-16 19:11:39 -04: Iteration 5 of 5
# experimentsUsed: 1512
# remainingBudget: 488
# currentBudget: 488
# nbConfigurations: 42
# Markers:
     x No test is performed.
     c Configurations are discarded only due to capping.
     - The test is performed and some configurations are discarded.
     = The test is performed but no configuration is discarded.
     ! The test is performed and configurations could be discarded but elite configurations are preserved.
     . All alive configurations are elite and nothing is discarded.

+-+-----------+-----------+-----------+----------------+-----------+--------+-----+----+------+
| |   Instance|      Alive|       Best|       Mean best| Exp so far|  W time|  rho|KenW|  Qvar|
+-+-----------+-----------+-----------+----------------+-----------+--------+-----+----+------+
|x|         13|         42|        206|     31.10040410|         42|00:00:34|   NA|  NA|    NA|
|x|          3|         42|        210|     17.63572415|         79|00:00:04|+0.01|0.51|0.9040|
|x|          9|         42|        210|     314.9501473|        116|00:01:06|+0.09|0.39|0.9278|
|x|          7|         42|        215|     247.7047252|        153|00:00:04|+0.14|0.35|0.8458|
|-|         11|         26|        187|     371.8700167|        190|00:00:42|-0.05|0.16|1.0159|
|=|         12|         26|        210|     329.5928906|        211|00:00:03|-0.05|0.12|1.0254|
|=|          4|         26|        210|     293.4133143|        232|00:00:02|-0.03|0.12|0.9871|
|=|          8|         26|        210|     263.4648723|        253|00:00:02|-0.01|0.11|0.9604|
|=|          6|         26|        210|     335.2670623|        274|00:00:38|-0.03|0.09|0.9483|
|=|          1|         26|        187|     304.8518732|        295|00:00:03|-0.03|0.07|0.9686|
|=|          2|         26|        210|     276.0159047|        316|00:00:02|-0.04|0.06|0.9798|
|=|          5|         26|        210|     265.4911069|        337|00:00:02|-0.02|0.06|0.9647|
|=|         10|         26|        210|     262.6704832|        358|00:00:38|-0.02|0.05|0.9717|
|=|         14|         26|        210|     770.0462284|        384|00:00:03|-0.01|0.06|0.9624|
+-+-----------+-----------+-----------+----------------+-----------+--------+-----+----+------+
Best-so-far configuration:         210    mean value:      770.0462284
Description of the best-so-far configuration:
    .ID. particles topology modInfluence branching tSchedule phi1 phi2 inertia
210  210       122        4            0        NA        NA 1.79 2.44    0.42
    .PARENT.
210      127

# 2025-05-16 19:15:48 -04: Elite configurations (first number is the configuration ID; listed from best to worst according to the sum of ranks):
    particles topology modInfluence branching tSchedule phi1 phi2 inertia
210       122        4            0        NA        NA 1.79 2.44    0.42
127       111        4            0        NA        NA 1.45 2.32    0.50
204       111        4            0        NA        NA 1.53 2.28    0.51
221        80        4            0        NA        NA 1.46 2.46    0.51
223       104        4            0        NA        NA 1.44 2.09    0.50
# 2025-05-16 19:15:48 -04: Iteration 6 of 6
# experimentsUsed: 1896
# remainingBudget: 104
# currentBudget: 104
# nbConfigurations: 11
# Markers:
     x No test is performed.
     c Configurations are discarded only due to capping.
     - The test is performed and some configurations are discarded.
     = The test is performed but no configuration is discarded.
     ! The test is performed and configurations could be discarded but elite configurations are preserved.
     . All alive configurations are elite and nothing is discarded.

+-+-----------+-----------+-----------+----------------+-----------+--------+-----+----+------+
| |   Instance|      Alive|       Best|       Mean best| Exp so far|  W time|  rho|KenW|  Qvar|
+-+-----------+-----------+-----------+----------------+-----------+--------+-----+----+------+
|x|         15|         11|        236|     475.5626653|         11|00:00:24|   NA|  NA|    NA|
|x|         13|         11|        210|     253.8921791|         17|00:00:06|+0.07|0.54|0.7128|
|x|          4|         11|        210|     194.7067384|         23|00:00:01|+0.12|0.41|0.7312|
|x|          2|         11|        210|     147.4008526|         29|00:00:00|+0.14|0.35|0.7882|
|=|          7|         11|        236|     127.9453978|         35|00:00:01|+0.12|0.30|0.8246|
|=|         14|         11|        210|     1333.901756|         41|00:00:00|+0.03|0.19|0.9254|
|=|          1|         11|        236|     1151.292439|         47|00:00:01|-0.00|0.14|0.9252|
|=|          9|         11|        210|     1115.784715|         53|00:00:13|+0.01|0.13|0.9003|
|=|         10|         11|        210|     1017.233414|         59|00:00:12|+0.01|0.12|0.8930|
|=|         12|         11|        210|     927.3996802|         65|00:00:01|-0.02|0.08|0.9226|
|=|         11|         11|        210|     921.8119469|         71|00:00:08|+0.01|0.10|0.9086|
|=|          3|         11|        210|     845.3260923|         77|00:00:01|+0.02|0.10|0.9019|
|=|          8|         11|        210|     784.4414528|         83|00:00:01|-0.00|0.08|0.9037|
|=|          5|         11|        210|     739.1040869|         89|00:00:01|+0.00|0.07|0.8992|
|=|          6|         11|        210|     750.4761200|         95|00:00:12|-0.01|0.06|0.9047|
+-+-----------+-----------+-----------+----------------+-----------+--------+-----+----+------+
Best-so-far configuration:         210    mean value:      750.4761200
Description of the best-so-far configuration:
    .ID. particles topology modInfluence branching tSchedule phi1 phi2 inertia
210  210       122        4            0        NA        NA 1.79 2.44    0.42
    .PARENT.
210      127

# 2025-05-16 19:17:18 -04: Elite configurations (first number is the configuration ID; listed from best to worst according to the sum of ranks):
    particles topology modInfluence branching tSchedule phi1 phi2 inertia
210       122        4            0        NA        NA 1.79 2.44    0.42
204       111        4            0        NA        NA 1.53 2.28    0.51
237       101        4            0        NA        NA 1.71 2.39    0.49
127       111        4            0        NA        NA 1.45 2.32    0.50
239       154        4            0        NA        NA 1.59 2.40    0.45
# 2025-05-16 19:17:18 -04: Stopped because there is not enough budget left to race more than the minimum (5).
# You may either increase the budget or set 'minNbSurvival' to a lower value.
# Iteration: 7
# nbIterations: 7
# experimentsUsed: 1991
# timeUsed: 0
# remainingBudget: 9
# currentBudget: 9
# number of elites: 5
# nbConfigurations: 5
# Total CPU user time: 8573.679, CPU sys time: 69.827, Wall-clock time: 1267.69
# 2025-05-16 19:17:18 -04: Starting post-selection:
# Configurations selected: 210, 204, 237, 127, 239, 221, 223, 235, 236.
# Pending instances: 0, 0, 0, 0, 0, 0, 0, 0, 0.
# 2025-05-16 19:17:18 -04: seed: 839201
# Configurations: 9
# Available experiments: 9
# minSurvival: 1
# Markers:
     x No test is performed.
     c Configurations are discarded only due to capping.
     - The test is performed and some configurations are discarded.
     = The test is performed but no configuration is discarded.
     ! The test is performed and configurations could be discarded but elite configurations are preserved.
     . All alive configurations are elite and nothing is discarded.

+-+-----------+-----------+-----------+----------------+-----------+--------+-----+----+------+
| |   Instance|      Alive|       Best|       Mean best| Exp so far|  W time|  rho|KenW|  Qvar|
+-+-----------+-----------+-----------+----------------+-----------+--------+-----+----+------+
|.|          4|          9|        127|     63.64013703|          0|00:00:00|   NA|  NA|    NA|
|.|          1|          9|        127|     38.85447390|          0|00:00:00|+0.18|0.59|0.7286|
|.|         15|          9|        127|     185.0924313|          0|00:00:00|+0.03|0.35|0.8364|
|.|         12|          9|        127|     172.6440088|          0|00:00:00|+0.07|0.30|0.7891|
|.|         14|          9|        127|     1607.490849|          0|00:00:00|-0.07|0.15|0.9849|
|.|          8|          9|        127|     1344.821636|          0|00:00:00|-0.03|0.14|0.9072|
|.|         10|          9|        127|     1184.613966|          0|00:00:00|-0.04|0.11|0.9126|
|.|          3|          9|        127|     1037.085212|          0|00:00:00|+0.02|0.14|0.8813|
|.|          9|          9|        127|     1022.954461|          0|00:00:00|+0.01|0.12|0.8990|
|.|          7|          9|        127|     925.3277179|          0|00:00:00|+0.01|0.11|0.8836|
|.|          2|          9|        127|     841.7758098|          0|00:00:00|-0.04|0.06|0.9196|
|.|          5|          9|        127|     785.0589967|          0|00:00:00|-0.01|0.07|0.8945|
|.|         11|          9|        127|     791.7907961|          0|00:00:00|+0.01|0.08|0.8837|
|.|          6|          9|        127|     800.2093558|          0|00:00:00|+0.01|0.08|0.8776|
|.|         13|          9|        127|     748.9697309|          0|00:00:00|-0.01|0.06|0.8938|
|=|         16|          9|        210|     726.6386474|          9|00:00:16|-0.01|0.05|0.8872|
+-+-----------+-----------+-----------+----------------+-----------+--------+-----+----+------+
Best-so-far configuration:         210    mean value:      726.6386474
Description of the best-so-far configuration:
    .ID. particles topology modInfluence branching tSchedule phi1 phi2 inertia
210  210       122        4            0        NA        NA 1.79 2.44    0.42
    .PARENT.
210      127

# 2025-05-16 19:17:34 -04: Elite configurations (first number is the configuration ID; listed from best to worst according to the sum of ranks):
    particles topology modInfluence branching tSchedule phi1 phi2 inertia
210       122        4            0        NA        NA 1.79 2.44    0.42
237       101        4            0        NA        NA 1.71 2.39    0.49
204       111        4            0        NA        NA 1.53 2.28    0.51
239       154        4            0        NA        NA 1.59 2.40    0.45
221        80        4            0        NA        NA 1.46 2.46    0.51
# Total CPU user time: 8650.134, CPU sys time: 70.257, Wall-clock time: 1284.007
    .ID. particles topology modInfluence branching tSchedule phi1 phi2 inertia
210  210       122        4            0        NA        NA 1.79 2.44    0.42
237  237       101        4            0        NA        NA 1.71 2.39    0.49
204  204       111        4            0        NA        NA 1.53 2.28    0.51
239  239       154        4            0        NA        NA 1.59 2.40    0.45
221  221        80        4            0        NA        NA 1.46 2.46    0.51
    .PARENT. .RANK.   .WEIGHT.
210      127     61 0.33333333
237      127     76 0.26666667
204      127     77 0.20000000
239      210     77 0.13333333
221      161     79 0.06666667
