# 2025-05-15 13:41:15 -04: Reading parameter file '/home/dianag/PruebasPablo/irace-independent-executions/ACOTSP/Scenarios/E4-BH-SR/Runs/E4-BH-SR_seed_999888777/parameters.txt'.
# 2025-05-15 13:41:15 -04: 1 expression(s) specifying forbidden configurations read.
# 2025-05-15 13:41:15 -04: Initialization
# Elitist race
# Elitist new instances: 1
# Elitist limit: 2
# nbIterations: 5
# minNbSurvival: 5
# nbParameters: 11
# seed: 999888777
# confidence level: 0.95
# budget: 5500
# mu: 5
# deterministic: FALSE

# 2025-05-15 13:41:15 -04: Iteration 1 of 5
# experimentsUsed: 0
# remainingBudget: 5500
# currentBudget: 1100
# nbConfigurations: 183
# Markers:
     x No test is performed.
     c Configurations are discarded only due to capping.
     - The test is performed and some configurations are discarded.
     = The test is performed but no configuration is discarded.
     ! The test is performed and configurations could be discarded but elite configurations are preserved.
     . All alive configurations are elite and nothing is discarded.

+-+-----------+-----------+-----------+----------------+-----------+--------+-----+----+------+
| |   Instance|      Alive|       Best|       Mean best| Exp so far|  W time|  rho|KenW|  Qvar|
+-+-----------+-----------+-----------+----------------+-----------+--------+-----+----+------+
|x|          1|        183|        102|     32820397.00|        183|00:04:33|   NA|  NA|    NA|
|x|          2|        183|        102|     32587262.00|        366|00:04:31|+0.97|0.99|0.0010|
|x|          3|        183|        102|     32562687.33|        549|00:04:38|+0.97|0.98|0.0010|
|x|          4|        183|        131|     32626855.00|        732|00:04:41|+0.98|0.98|0.0010|
|-|          5|         11|        102|     32598769.00|        915|00:04:42|+0.26|0.41|0.6590|
|-|          6|          4|        131|     32595223.50|        926|00:00:20|+0.00|0.17|0.7433|
+-+-----------+-----------+-----------+----------------+-----------+--------+-----+----+------+
Best configuration for the instances in this race: 131
Best-so-far configuration:         102    mean value:      32593621.67
Description of the best-so-far configuration:
    .ID. algorithm localsearch alpha beta  rho ants   q0 rasrank elitistants
102  102       acs           3  3.39 6.65 0.25   36 0.54      NA          NA
    nnls dlb .PARENT.
102   19   0       NA

# 2025-05-15 14:04:43 -04: Elite configurations (first number is the configuration ID; listed from best to worst according to the sum of ranks):
    algorithm localsearch alpha beta  rho ants   q0 rasrank elitistants nnls
102       acs           3  3.39 6.65 0.25   36 0.54      NA          NA   19
131       acs           3  1.61 0.91 0.99   11 0.59      NA          NA   30
72        acs           3  1.90 5.56 0.33   31 0.80      NA          NA   25
125      mmas           3  3.86 8.21 0.29   15   NA      NA          NA   17
    dlb
102   0
131   1
72    0
125   1
# 2025-05-15 14:04:43 -04: Iteration 2 of 5
# experimentsUsed: 926
# remainingBudget: 4574
# currentBudget: 1143
# nbConfigurations: 166
# Markers:
     x No test is performed.
     c Configurations are discarded only due to capping.
     - The test is performed and some configurations are discarded.
     = The test is performed but no configuration is discarded.
     ! The test is performed and configurations could be discarded but elite configurations are preserved.
     . All alive configurations are elite and nothing is discarded.

+-+-----------+-----------+-----------+----------------+-----------+--------+-----+----+------+
| |   Instance|      Alive|       Best|       Mean best| Exp so far|  W time|  rho|KenW|  Qvar|
+-+-----------+-----------+-----------+----------------+-----------+--------+-----+----+------+
|x|          7|        166|        192|     32443989.00|        166|00:04:14|   NA|  NA|    NA|
|x|          2|        166|        308|     32403270.00|        328|00:04:09|+0.95|0.97|0.0031|
|x|          4|        166|        208|     32485271.67|        490|00:04:06|+0.94|0.96|0.0032|
|x|          5|        166|        208|     32491231.75|        652|00:04:11|+0.94|0.95|0.0039|
|-|          1|         18|        208|     32570544.20|        814|00:04:08|+0.06|0.25|0.9144|
|-|          6|         12|        208|     32550911.83|        828|00:00:23|+0.06|0.22|0.8711|
|-|          3|          8|        208|     32533472.00|        836|00:00:11|-0.04|0.11|0.9034|
|=|          8|          8|        208|     32564851.38|        844|00:00:11|+0.03|0.15|0.8644|
|=|          9|          8|        208|     32591831.67|        852|00:00:10|+0.10|0.20|0.8123|
+-+-----------+-----------+-----------+----------------+-----------+--------+-----+----+------+
Best-so-far configuration:         208    mean value:      32591831.67
Description of the best-so-far configuration:
    .ID. algorithm localsearch alpha beta  rho ants   q0 rasrank elitistants
208  208       acs           3  3.06 0.55 0.33   28 0.85      NA          NA
    nnls dlb .PARENT.
208   19   1       72

# 2025-05-15 14:26:30 -04: Elite configurations (first number is the configuration ID; listed from best to worst according to the sum of ranks):
    algorithm localsearch alpha beta  rho ants   q0 rasrank elitistants nnls
208       acs           3  3.06 0.55 0.33   28 0.85      NA          NA   19
255       acs           3  1.93 3.63 0.18   53 0.81      NA          NA   20
231       acs           3  3.92 6.05 0.07   34 0.72      NA          NA   13
221      mmas           3  2.89 2.90 0.18   62   NA      NA          NA   10
194       acs           3  3.55 4.24 0.43   36 0.15      NA          NA   20
    dlb
208   1
255   1
231   1
221   1
194   0
# 2025-05-15 14:26:30 -04: Iteration 3 of 5
# experimentsUsed: 1778
# remainingBudget: 3722
# currentBudget: 1240
# nbConfigurations: 128
# Markers:
     x No test is performed.
     c Configurations are discarded only due to capping.
     - The test is performed and some configurations are discarded.
     = The test is performed but no configuration is discarded.
     ! The test is performed and configurations could be discarded but elite configurations are preserved.
     . All alive configurations are elite and nothing is discarded.

+-+-----------+-----------+-----------+----------------+-----------+--------+-----+----+------+
| |   Instance|      Alive|       Best|       Mean best| Exp so far|  W time|  rho|KenW|  Qvar|
+-+-----------+-----------+-----------+----------------+-----------+--------+-----+----+------+
|x|         10|        128|        389|     32813967.00|        128|00:03:22|   NA|  NA|    NA|
|x|          3|        128|        231|     32621990.50|        251|00:03:18|+0.94|0.97|0.0029|
|x|          9|        128|        231|     32697603.00|        374|00:03:16|+0.93|0.95|0.0060|
|x|          7|        128|        231|     32634837.00|        497|00:03:19|+0.93|0.95|0.0051|
|-|          1|         20|        375|     32673853.20|        620|00:03:17|-0.01|0.19|0.9721|
|=|          5|         20|        375|     32637375.67|        635|00:00:20|-0.01|0.16|0.9447|
|=|          6|         20|        375|     32607651.71|        650|00:00:20|+0.04|0.17|0.9009|
|=|          8|         20|        375|     32634815.25|        665|00:00:20|+0.02|0.15|0.9101|
|=|          2|         20|        375|     32590945.22|        680|00:00:20|+0.07|0.17|0.8749|
|-|          4|         12|        375|     32594260.90|        695|00:00:20|-0.05|0.05|0.9478|
|=|         11|         12|        389|     32588594.27|        707|00:00:20|-0.05|0.05|0.9457|
|=|         12|         12|        389|     32571029.25|        719|00:00:20|-0.04|0.04|0.9515|
+-+-----------+-----------+-----------+----------------+-----------+--------+-----+----+------+
Best-so-far configuration:         389    mean value:      32571029.25
Description of the best-so-far configuration:
    .ID. algorithm localsearch alpha beta rho ants   q0 rasrank elitistants
389  389       acs           3  1.84 4.07 0.1   36 0.86      NA          NA
    nnls dlb .PARENT.
389   20   1      255

# 2025-05-15 14:45:32 -04: Elite configurations (first number is the configuration ID; listed from best to worst according to the sum of ranks):
    algorithm localsearch alpha beta  rho ants   q0 rasrank elitistants nnls
389       acs           3  1.84 4.07 0.10   36 0.86      NA          NA   20
375       acs           3  2.30 0.95 0.22   22 0.82      NA          NA   17
399       acs           3  4.16 8.11 0.08   43 0.91      NA          NA   21
347       acs           3  3.07 4.38 0.08   49 0.97      NA          NA   21
208       acs           3  3.06 0.55 0.33   28 0.85      NA          NA   19
    dlb
389   1
375   1
399   1
347   1
208   1
# 2025-05-15 14:45:32 -04: Iteration 4 of 5
# experimentsUsed: 2497
# remainingBudget: 3003
# currentBudget: 1501
# nbConfigurations: 120
# Markers:
     x No test is performed.
     c Configurations are discarded only due to capping.
     - The test is performed and some configurations are discarded.
     = The test is performed but no configuration is discarded.
     ! The test is performed and configurations could be discarded but elite configurations are preserved.
     . All alive configurations are elite and nothing is discarded.

+-+-----------+-----------+-----------+----------------+-----------+--------+-----+----+------+
| |   Instance|      Alive|       Best|       Mean best| Exp so far|  W time|  rho|KenW|  Qvar|
+-+-----------+-----------+-----------+----------------+-----------+--------+-----+----+------+
|x|         13|        120|        471|     32978226.00|        120|00:02:45|   NA|  NA|    NA|
|x|         10|        120|        540|     32905034.50|        235|00:02:36|+0.80|0.90|0.0018|
|x|          2|        120|        540|     32700461.33|        350|00:02:38|+0.81|0.87|0.0013|
|x|          4|        120|        540|     32678775.50|        465|00:02:36|+0.82|0.87|0.0017|
|-|          6|         27|        540|     32637703.60|        580|00:02:39|-0.09|0.13|1.0576|
|=|         11|         27|        389|     32611538.50|        602|00:00:31|-0.06|0.12|1.0122|
|=|          3|         27|        389|     32585189.71|        624|00:00:31|-0.05|0.10|1.0071|
|=|          9|         27|        472|     32624925.12|        646|00:00:31|-0.05|0.09|1.0073|
|=|         12|         27|        472|     32598016.89|        668|00:00:31|-0.03|0.08|0.9947|
|=|          8|         27|        471|     32606031.70|        690|00:00:31|-0.03|0.08|0.9852|
|=|          5|         27|        472|     32598572.91|        712|00:00:31|-0.01|0.09|0.9638|
|=|          7|         27|        472|     32583809.50|        734|00:00:31|+0.01|0.09|0.9538|
|=|          1|         27|        472|     32602493.54|        756|00:00:31|+0.01|0.09|0.9507|
|=|         14|         27|        471|     32578243.29|        783|00:00:41|+0.02|0.09|0.9357|
+-+-----------+-----------+-----------+----------------+-----------+--------+-----+----+------+
Best-so-far configuration:         471    mean value:      32578243.29
Description of the best-so-far configuration:
    .ID. algorithm localsearch alpha beta rho ants   q0 rasrank elitistants
471  471       acs           3  3.34 6.77 0.1   45 0.84      NA          NA
    nnls dlb .PARENT.
471   17   1      399

# 2025-05-15 15:03:42 -04: Elite configurations (first number is the configuration ID; listed from best to worst according to the sum of ranks):
    algorithm localsearch alpha beta  rho ants   q0 rasrank elitistants nnls
471       acs           3  3.34 6.77 0.10   45 0.84      NA          NA   17
472       acs           3  3.89 6.05 0.07   47 0.88      NA          NA   22
572       acs           3  2.76 3.81 0.07   44 0.79      NA          NA   17
473       acs           3  4.22 5.13 0.03   42 0.86      NA          NA   16
389       acs           3  1.84 4.07 0.10   36 0.86      NA          NA   20
    dlb
471   1
472   1
572   1
473   1
389   1
# 2025-05-15 15:03:42 -04: Iteration 5 of 5
# experimentsUsed: 3280
# remainingBudget: 2220
# currentBudget: 2220
# nbConfigurations: 152
# Markers:
     x No test is performed.
     c Configurations are discarded only due to capping.
     - The test is performed and some configurations are discarded.
     = The test is performed but no configuration is discarded.
     ! The test is performed and configurations could be discarded but elite configurations are preserved.
     . All alive configurations are elite and nothing is discarded.

+-+-----------+-----------+-----------+----------------+-----------+--------+-----+----+------+
| |   Instance|      Alive|       Best|       Mean best| Exp so far|  W time|  rho|KenW|  Qvar|
+-+-----------+-----------+-----------+----------------+-----------+--------+-----+----+------+
|x|         15|        152|        663|     32544912.00|        152|00:03:21|   NA|  NA|    NA|
|x|          9|        152|        704|     32669819.00|        299|00:03:17|+0.68|0.84|0.0088|
|x|         12|        152|        629|     32565494.67|        446|00:03:17|+0.69|0.79|0.0081|
|x|          4|        152|        629|     32574128.00|        593|00:03:17|+0.68|0.76|0.0093|
|-|         13|         42|        629|     32658783.60|        740|00:03:17|-0.10|0.12|1.0572|
|=|         10|         42|        663|     32684828.50|        777|00:00:51|-0.08|0.10|1.0332|
|=|          7|         42|        663|     32647037.00|        814|00:00:52|-0.05|0.10|1.0104|
|=|         14|         42|        663|     32598424.88|        851|00:00:52|-0.03|0.10|0.9870|
|=|          2|         42|        663|     32565231.67|        888|00:00:51|-0.02|0.09|0.9773|
|=|          6|         42|        663|     32551010.90|        925|00:00:52|-0.01|0.09|0.9657|
|=|          5|         42|        663|     32546527.82|        962|00:00:52|-0.01|0.08|0.9733|
|=|          3|         42|        663|     32538419.17|        999|00:00:52|-0.01|0.07|0.9701|
|=|         11|         42|        663|     32530547.00|       1036|00:00:52|+0.00|0.08|0.9611|
|=|          1|         42|        663|     32550075.79|       1073|00:00:52|+0.00|0.08|0.9570|
|=|          8|         42|        663|     32561403.00|       1110|00:00:52|+0.01|0.08|0.9519|
|=|         16|         42|        663|     32531610.00|       1152|00:01:02|+0.01|0.07|0.9539|
+-+-----------+-----------+-----------+----------------+-----------+--------+-----+----+------+
Best-so-far configuration:         663    mean value:      32531610.00
Description of the best-so-far configuration:
    .ID. algorithm localsearch alpha beta  rho ants   q0 rasrank elitistants
663  663       acs           3  3.32 4.28 0.03   38 0.89      NA          NA
    nnls dlb .PARENT.
663   15   1      572

# 2025-05-15 15:29:56 -04: Elite configurations (first number is the configuration ID; listed from best to worst according to the sum of ranks):
    algorithm localsearch alpha beta  rho ants   q0 rasrank elitistants nnls
663       acs           3  3.32 4.28 0.03   38 0.89      NA          NA   15
676       acs           3  4.03 3.99 0.05   46 0.90      NA          NA   15
629       acs           3  3.14 2.66 0.15   49 0.69      NA          NA   13
608       acs           3  3.81 4.25 0.03   41 0.85      NA          NA   15
719       acs           3  3.02 4.26 0.13   43 0.76      NA          NA   15
    dlb
663   1
676   1
629   1
608   1
719   1
# 2025-05-15 15:29:56 -04: Iteration 6 of 6
# experimentsUsed: 4432
# remainingBudget: 1068
# currentBudget: 1068
# nbConfigurations: 67
# Markers:
     x No test is performed.
     c Configurations are discarded only due to capping.
     - The test is performed and some configurations are discarded.
     = The test is performed but no configuration is discarded.
     ! The test is performed and configurations could be discarded but elite configurations are preserved.
     . All alive configurations are elite and nothing is discarded.

+-+-----------+-----------+-----------+----------------+-----------+--------+-----+----+------+
| |   Instance|      Alive|       Best|       Mean best| Exp so far|  W time|  rho|KenW|  Qvar|
+-+-----------+-----------+-----------+----------------+-----------+--------+-----+----+------+
|x|         17|         67|        759|     32465257.00|         67|00:01:34|   NA|  NA|    NA|
|x|          5|         67|        783|     32461576.00|        129|00:01:23|+0.55|0.78|0.1293|
|x|          9|         67|        783|     32575801.00|        191|00:01:23|+0.51|0.67|0.1309|
|x|          8|         67|        783|     32606524.00|        253|00:01:23|+0.51|0.63|0.1377|
|-|          1|         24|        783|     32650355.00|        315|00:01:23|-0.07|0.14|1.0330|
|=|          7|         24|        757|     32616124.50|        334|00:00:31|-0.05|0.13|1.0116|
|=|         16|         24|        676|     32537944.00|        353|00:00:31|-0.04|0.11|1.0043|
|=|          6|         24|        676|     32523196.75|        372|00:00:31|-0.01|0.12|0.9599|
|=|          3|         24|        676|     32506353.33|        391|00:00:31|+0.02|0.13|0.9310|
|=|         15|         24|        676|     32523109.10|        410|00:00:31|+0.02|0.12|0.9268|
|=|         12|         24|        779|     32502439.18|        429|00:00:31|+0.03|0.11|0.9113|
|=|         10|         24|        779|     32528757.25|        448|00:00:31|+0.05|0.13|0.8932|
|=|          4|         24|        779|     32534588.15|        467|00:00:31|+0.04|0.11|0.8967|
|=|          2|         24|        779|     32514736.07|        486|00:00:31|+0.04|0.11|0.8931|
|-|         13|         17|        779|     32548921.00|        505|00:00:31|-0.03|0.04|0.9580|
|=|         11|         17|        779|     32547361.19|        517|00:00:20|-0.02|0.05|0.9491|
|=|         14|         17|        779|     32530641.71|        529|00:00:20|-0.02|0.04|0.9447|
|=|         18|         17|        676|     32559106.06|        546|00:00:31|-0.02|0.04|0.9483|
+-+-----------+-----------+-----------+----------------+-----------+--------+-----+----+------+
Best-so-far configuration:         676    mean value:      32559106.06
Description of the best-so-far configuration:
    .ID. algorithm localsearch alpha beta  rho ants  q0 rasrank elitistants
676  676       acs           3  4.03 3.99 0.05   46 0.9      NA          NA
    nnls dlb .PARENT.
676   15   1      473

# 2025-05-15 15:43:30 -04: Elite configurations (first number is the configuration ID; listed from best to worst according to the sum of ranks):
    algorithm localsearch alpha beta  rho ants   q0 rasrank elitistants nnls
676       acs           3  4.03 3.99 0.05   46 0.90      NA          NA   15
663       acs           3  3.32 4.28 0.03   38 0.89      NA          NA   15
779       acs           3  3.20 1.09 0.23   50 0.74      NA          NA   16
757       acs           3  3.34 2.96 0.15   53 0.73      NA          NA   10
783       acs           3  4.11 4.85 0.08   52 0.90      NA          NA   20
    dlb
676   1
663   1
779   1
757   1
783   1
# 2025-05-15 15:43:30 -04: Iteration 7 of 7
# experimentsUsed: 4978
# remainingBudget: 522
# currentBudget: 522
# nbConfigurations: 32
# Markers:
     x No test is performed.
     c Configurations are discarded only due to capping.
     - The test is performed and some configurations are discarded.
     = The test is performed but no configuration is discarded.
     ! The test is performed and configurations could be discarded but elite configurations are preserved.
     . All alive configurations are elite and nothing is discarded.

+-+-----------+-----------+-----------+----------------+-----------+--------+-----+----+------+
| |   Instance|      Alive|       Best|       Mean best| Exp so far|  W time|  rho|KenW|  Qvar|
+-+-----------+-----------+-----------+----------------+-----------+--------+-----+----+------+
|x|         19|         32|        805|     32453347.00|         32|00:00:41|   NA|  NA|    NA|
|x|          6|         32|        676|     32449303.00|         59|00:00:41|+0.46|0.73|0.5383|
|x|         17|         32|        757|     32455592.00|         86|00:00:41|+0.15|0.43|0.7983|
|x|         18|         32|        757|     32569922.50|        113|00:00:41|+0.13|0.35|0.8176|
|=|         16|         32|        676|     32474132.00|        140|00:00:41|+0.08|0.26|0.8665|
|-|          5|         19|        676|     32480166.67|        167|00:00:41|-0.05|0.13|0.9625|
|=|         13|         19|        676|     32557063.57|        181|00:00:20|-0.00|0.14|0.9292|
|=|         14|         19|        676|     32519858.88|        195|00:00:20|+0.03|0.15|0.8966|
|=|          1|         19|        676|     32553553.00|        209|00:00:20|+0.03|0.13|0.9016|
|=|          3|         19|        676|     32535358.30|        223|00:00:20|+0.02|0.12|0.9048|
|=|          9|         19|        676|     32558390.09|        237|00:00:21|+0.03|0.12|0.8983|
|=|          2|         19|        676|     32537810.17|        251|00:00:20|+0.03|0.11|0.9120|
|-|          8|         12|        676|     32546513.15|        265|00:00:20|-0.02|0.05|0.9418|
|=|         11|         12|        676|     32543362.79|        272|00:00:10|-0.03|0.04|0.9412|
|=|         10|         12|        676|     32564673.27|        279|00:00:10|-0.03|0.04|0.9461|
|=|          4|         12|        676|     32566505.25|        286|00:00:10|-0.03|0.03|0.9433|
|=|         15|         12|        676|     32572823.24|        293|00:00:10|-0.03|0.03|0.9453|
|=|         12|         12|        676|     32561639.17|        300|00:00:10|-0.04|0.02|0.9423|
|=|          7|         12|        676|     32554871.00|        307|00:00:10|-0.03|0.03|0.9348|
|=|         20|         12|        663|     32542942.15|        319|00:00:20|-0.02|0.03|0.9291|
+-+-----------+-----------+-----------+----------------+-----------+--------+-----+----+------+
Best-so-far configuration:         663    mean value:      32542942.15
Description of the best-so-far configuration:
    .ID. algorithm localsearch alpha beta  rho ants   q0 rasrank elitistants
663  663       acs           3  3.32 4.28 0.03   38 0.89      NA          NA
    nnls dlb .PARENT.
663   15   1      572

# 2025-05-15 15:51:31 -04: Elite configurations (first number is the configuration ID; listed from best to worst according to the sum of ranks):
    algorithm localsearch alpha beta  rho ants   q0 rasrank elitistants nnls
663       acs           3  3.32 4.28 0.03   38 0.89      NA          NA   15
757       acs           3  3.34 2.96 0.15   53 0.73      NA          NA   10
676       acs           3  4.03 3.99 0.05   46 0.90      NA          NA   15
779       acs           3  3.20 1.09 0.23   50 0.74      NA          NA   16
783       acs           3  4.11 4.85 0.08   52 0.90      NA          NA   20
    dlb
663   1
757   1
676   1
779   1
783   1
# 2025-05-15 15:51:31 -04: Iteration 8 of 8
# experimentsUsed: 5297
# remainingBudget: 203
# currentBudget: 203
# nbConfigurations: 14
# Markers:
     x No test is performed.
     c Configurations are discarded only due to capping.
     - The test is performed and some configurations are discarded.
     = The test is performed but no configuration is discarded.
     ! The test is performed and configurations could be discarded but elite configurations are preserved.
     . All alive configurations are elite and nothing is discarded.

+-+-----------+-----------+-----------+----------------+-----------+--------+-----+----+------+
| |   Instance|      Alive|       Best|       Mean best| Exp so far|  W time|  rho|KenW|  Qvar|
+-+-----------+-----------+-----------+----------------+-----------+--------+-----+----+------+
|x|         21|         14|        663|     32441746.00|         14|00:00:21|   NA|  NA|    NA|
|x|          3|         14|        821|     32430881.00|         23|00:00:20|-0.38|0.31|0.9418|
|x|         15|         14|        779|     32466669.67|         32|00:00:20|+0.01|0.34|0.6279|
|x|          7|         14|        779|     32451645.50|         41|00:00:20|+0.08|0.31|0.5635|
|=|         13|         14|        779|     32566818.40|         50|00:00:20|+0.17|0.34|0.5534|
|-|         12|         10|        663|     32528813.83|         59|00:00:20|-0.00|0.17|0.8762|
|=|          6|         10|        779|     32508549.14|         64|00:00:10|+0.01|0.15|0.8623|
|=|         14|         10|        779|     32477871.75|         69|00:00:10|+0.06|0.18|0.8105|
|=|         16|         10|        779|     32432588.44|         74|00:00:10|-0.00|0.11|0.8736|
|=|         19|         10|        779|     32440224.70|         79|00:00:10|+0.01|0.11|0.8539|
|=|          9|         10|        663|     32478228.82|         84|00:00:10|-0.01|0.08|0.8861|
|=|          4|         10|        676|     32494768.83|         89|00:00:10|+0.01|0.09|0.8738|
|=|          2|         10|        779|     32468250.85|         94|00:00:10|-0.02|0.06|0.9066|
|=|         18|         10|        676|     32511517.86|         99|00:00:10|-0.01|0.06|0.9032|
|=|          8|         10|        676|     32520813.27|        104|00:00:10|+0.01|0.08|0.8838|
|=|         11|         10|        676|     32519662.94|        109|00:00:10|+0.00|0.06|0.8899|
|=|         17|         10|        676|     32522732.76|        114|00:00:10|-0.00|0.06|0.8935|
|=|          1|         10|        676|     32539420.17|        119|00:00:10|+0.00|0.06|0.8909|
|=|         20|         10|        826|     32525962.74|        124|00:00:10|-0.01|0.05|0.8947|
|=|         10|         10|        826|     32542363.00|        129|00:00:10|+0.00|0.05|0.8853|
|=|          5|         10|        826|     32537365.76|        134|00:00:10|+0.01|0.06|0.8801|
|=|         22|         10|        663|     32512004.86|        144|00:00:20|+0.01|0.05|0.8815|
+-+-----------+-----------+-----------+----------------+-----------+--------+-----+----+------+
Best-so-far configuration:         663    mean value:      32512004.86
Description of the best-so-far configuration:
    .ID. algorithm localsearch alpha beta  rho ants   q0 rasrank elitistants
663  663       acs           3  3.32 4.28 0.03   38 0.89      NA          NA
    nnls dlb .PARENT.
663   15   1      572

# 2025-05-15 15:56:35 -04: Elite configurations (first number is the configuration ID; listed from best to worst according to the sum of ranks):
    algorithm localsearch alpha beta  rho ants   q0 rasrank elitistants nnls
663       acs           3  3.32 4.28 0.03   38 0.89      NA          NA   15
826       acs           3  2.98 1.10 0.25   50 0.72      NA          NA   17
676       acs           3  4.03 3.99 0.05   46 0.90      NA          NA   15
779       acs           3  3.20 1.09 0.23   50 0.74      NA          NA   16
783       acs           3  4.11 4.85 0.08   52 0.90      NA          NA   20
    dlb
663   1
826   1
676   1
779   1
783   1
# 2025-05-15 15:56:35 -04: Iteration 9 of 9
# experimentsUsed: 5441
# remainingBudget: 59
# currentBudget: 59
# nbConfigurations: 7
# Markers:
     x No test is performed.
     c Configurations are discarded only due to capping.
     - The test is performed and some configurations are discarded.
     = The test is performed but no configuration is discarded.
     ! The test is performed and configurations could be discarded but elite configurations are preserved.
     . All alive configurations are elite and nothing is discarded.

+-+-----------+-----------+-----------+----------------+-----------+--------+-----+----+------+
| |   Instance|      Alive|       Best|       Mean best| Exp so far|  W time|  rho|KenW|  Qvar|
+-+-----------+-----------+-----------+----------------+-----------+--------+-----+----+------+
|x|         23|          7|        826|     32571391.00|          7|00:00:10|   NA|  NA|    NA|
|x|         20|          7|        826|     32477401.50|          9|00:00:10|+0.79|0.89|0.3189|
|x|         10|          7|        783|     32571227.33|         11|00:00:10|+0.37|0.58|0.5184|
|x|         12|          7|        779|     32524061.00|         13|00:00:10|+0.37|0.53|0.5319|
|-|         17|          6|        783|     32511051.00|         15|00:00:10|+0.37|0.49|0.5052|
|=|          3|          6|        783|     32495281.67|         16|00:00:10|+0.06|0.22|0.7433|
|=|          4|          6|        826|     32520350.29|         17|00:00:10|-0.01|0.14|0.7841|
|=|          2|          6|        779|     32489942.00|         18|00:00:10|+0.08|0.19|0.7136|
|=|         13|          6|        826|     32547456.89|         19|00:00:10|+0.04|0.15|0.7601|
|=|          6|          6|        826|     32534702.40|         20|00:00:10|+0.08|0.17|0.7267|
|=|         16|          6|        826|     32489640.82|         21|00:00:10|+0.05|0.14|0.7698|
|=|         15|          6|        826|     32495229.50|         22|00:00:10|+0.07|0.15|0.7598|
|=|         18|          6|        826|     32527681.38|         23|00:00:10|+0.05|0.13|0.7688|
|=|         19|          6|        826|     32525534.36|         24|00:00:10|+0.06|0.13|0.7591|
|=|          8|          6|        826|     32535321.20|         25|00:00:10|+0.08|0.14|0.7410|
|-|          7|          5|        826|     32531725.56|         26|00:00:10|-0.01|0.05|0.8207|
|.|          1|          5|        826|     32545058.00|         26|00:00:00|-0.01|0.05|0.8169|
|.|          9|          5|        826|     32563631.06|         26|00:00:00|-0.03|0.03|0.8276|
|.|         11|          5|        826|     32561614.11|         26|00:00:00|-0.04|0.02|0.8332|
|.|         14|          5|        826|     32545977.85|         26|00:00:00|-0.03|0.02|0.8243|
|.|         21|          5|        826|     32543745.29|         26|00:00:00|-0.04|0.01|0.8230|
|.|          5|          5|        826|     32538912.36|         26|00:00:00|-0.04|0.01|0.8249|
|.|         22|          5|        826|     32517048.26|         26|00:00:00|-0.03|0.02|0.8199|
+-+-----------+-----------+-----------+----------------+-----------+--------+-----+----+------+
Best-so-far configuration:         826    mean value:      32517048.26
Description of the best-so-far configuration:
    .ID. algorithm localsearch alpha beta  rho ants   q0 rasrank elitistants
826  826       acs           3  2.98  1.1 0.25   50 0.72      NA          NA
    nnls dlb .PARENT.
826   17   1      779

# 2025-05-15 15:59:22 -04: Elite configurations (first number is the configuration ID; listed from best to worst according to the sum of ranks):
    algorithm localsearch alpha beta  rho ants   q0 rasrank elitistants nnls
826       acs           3  2.98 1.10 0.25   50 0.72      NA          NA   17
663       acs           3  3.32 4.28 0.03   38 0.89      NA          NA   15
779       acs           3  3.20 1.09 0.23   50 0.74      NA          NA   16
676       acs           3  4.03 3.99 0.05   46 0.90      NA          NA   15
783       acs           3  4.11 4.85 0.08   52 0.90      NA          NA   20
    dlb
826   1
663   1
779   1
676   1
783   1
# 2025-05-15 15:59:22 -04: Iteration 10 of 10
# experimentsUsed: 5467
# remainingBudget: 33
# currentBudget: 33
# nbConfigurations: 6
# Markers:
     x No test is performed.
     c Configurations are discarded only due to capping.
     - The test is performed and some configurations are discarded.
     = The test is performed but no configuration is discarded.
     ! The test is performed and configurations could be discarded but elite configurations are preserved.
     . All alive configurations are elite and nothing is discarded.

+-+-----------+-----------+-----------+----------------+-----------+--------+-----+----+------+
| |   Instance|      Alive|       Best|       Mean best| Exp so far|  W time|  rho|KenW|  Qvar|
+-+-----------+-----------+-----------+----------------+-----------+--------+-----+----+------+
|x|         24|          6|        779|     32218908.00|          6|00:00:10|   NA|  NA|    NA|
|x|         15|          6|        779|     32372271.50|          7|00:00:10|+0.77|0.89|0.2736|
|x|          8|          6|        779|     32467829.00|          8|00:00:10|+0.12|0.42|0.6082|
|x|          5|          6|        779|     32480796.75|          9|00:00:10|-0.12|0.16|0.7876|
|=|          4|          6|        779|     32505549.20|         10|00:00:10|-0.06|0.15|0.7641|
|=|         10|          6|        779|     32557667.00|         11|00:00:10|-0.02|0.15|0.7685|
|=|         18|          6|        779|     32616682.29|         12|00:00:10|-0.08|0.08|0.8410|
|=|          3|          6|        779|     32587209.75|         13|00:00:10|-0.04|0.09|0.8150|
|=|         13|          6|        779|     32636132.00|         14|00:00:10|-0.01|0.10|0.7953|
|=|         21|          6|        779|     32621866.00|         15|00:00:10|-0.04|0.06|0.8198|
|=|          7|          6|        779|     32602293.91|         16|00:00:10|+0.00|0.09|0.7832|
|=|          2|          6|        779|     32573491.00|         17|00:00:10|+0.03|0.11|0.7652|
|=|         14|          6|        779|     32549617.08|         18|00:00:10|+0.03|0.11|0.7714|
|=|         19|          6|        779|     32546712.36|         19|00:00:10|-0.01|0.07|0.8127|
|=|          6|          6|        779|     32536734.93|         20|00:00:10|+0.02|0.08|0.7826|
|=|         23|          6|        779|     32540124.94|         21|00:00:10|+0.03|0.09|0.7772|
|=|         20|          6|        779|     32529430.06|         22|00:00:10|+0.05|0.11|0.7594|
|=|         16|          6|        779|     32503924.06|         23|00:00:10|+0.02|0.08|0.7831|
|=|         17|          6|        826|     32510092.11|         24|00:00:10|+0.02|0.08|0.7890|
|=|          9|          6|        826|     32528556.15|         25|00:00:10|-0.00|0.05|0.8122|
|=|         12|          6|        826|     32519317.90|         26|00:00:10|+0.00|0.05|0.8058|
|=|         22|          6|        826|     32497350.64|         27|00:00:10|+0.02|0.06|0.7996|
|=|         11|          6|        826|     32498566.22|         28|00:00:10|+0.00|0.04|0.8050|
|=|          1|          6|        826|     32509391.67|         29|00:00:10|+0.01|0.05|0.7988|
+-+-----------+-----------+-----------+----------------+-----------+--------+-----+----+------+
Best-so-far configuration:         826    mean value:      32509391.67
Description of the best-so-far configuration:
    .ID. algorithm localsearch alpha beta  rho ants   q0 rasrank elitistants
826  826       acs           3  2.98  1.1 0.25   50 0.72      NA          NA
    nnls dlb .PARENT.
826   17   1      779

# 2025-05-15 16:03:32 -04: Elite configurations (first number is the configuration ID; listed from best to worst according to the sum of ranks):
    algorithm localsearch alpha beta  rho ants   q0 rasrank elitistants nnls
826       acs           3  2.98 1.10 0.25   50 0.72      NA          NA   17
663       acs           3  3.32 4.28 0.03   38 0.89      NA          NA   15
779       acs           3  3.20 1.09 0.23   50 0.74      NA          NA   16
783       acs           3  4.11 4.85 0.08   52 0.90      NA          NA   20
676       acs           3  4.03 3.99 0.05   46 0.90      NA          NA   15
    dlb
826   1
663   1
779   1
783   1
676   1
# 2025-05-15 16:03:32 -04: Stopped because there is not enough budget left to race more than the minimum (5).
# You may either increase the budget or set 'minNbSurvival' to a lower value.
# Iteration: 11
# nbIterations: 11
# experimentsUsed: 5496
# timeUsed: 0
# remainingBudget: 4
# currentBudget: 4
# number of elites: 5
# nbConfigurations: 5
# Total CPU user time: 60368.93, CPU sys time: 453.922, Wall-clock time: 8537.212
# 2025-05-15 16:03:32 -04: Starting post-selection:
# Configurations selected: 826, 663, 779, 783.
# Pending instances: 0, 0, 0, 0.
# 2025-05-15 16:03:32 -04: seed: 999888777
# Configurations: 4
# Available experiments: 4
# minSurvival: 1
# Markers:
     x No test is performed.
     c Configurations are discarded only due to capping.
     - The test is performed and some configurations are discarded.
     = The test is performed but no configuration is discarded.
     ! The test is performed and configurations could be discarded but elite configurations are preserved.
     . All alive configurations are elite and nothing is discarded.

+-+-----------+-----------+-----------+----------------+-----------+--------+-----+----+------+
| |   Instance|      Alive|       Best|       Mean best| Exp so far|  W time|  rho|KenW|  Qvar|
+-+-----------+-----------+-----------+----------------+-----------+--------+-----+----+------+
|.|          5|          4|        783|     32436575.00|          0|00:00:00|   NA|  NA|    NA|
|.|         15|          4|        783|     32526355.50|          0|00:00:00|-1.00|0.00|1.3388|
|.|         24|          4|        783|     32449186.67|          0|00:00:00|-0.33|0.11|1.0380|
|.|         21|          4|        783|     32458915.50|          0|00:00:00|-0.10|0.17|0.9149|
|.|         19|          4|        783|     32473223.20|          0|00:00:00|-0.14|0.09|0.8065|
|.|         11|          4|        783|     32481219.17|          0|00:00:00|-0.03|0.14|0.7273|
|.|         16|          4|        783|     32420912.43|          0|00:00:00|-0.12|0.04|0.7959|
|.|          7|          4|        783|     32422969.50|          0|00:00:00|-0.07|0.06|0.7826|
|.|         23|          4|        783|     32441938.56|          0|00:00:00|-0.10|0.02|0.7992|
|.|         10|          4|        783|     32475109.60|          0|00:00:00|-0.08|0.03|0.8147|
|.|          9|          4|        783|     32505031.55|          0|00:00:00|-0.05|0.05|0.8027|
|.|         20|          4|        783|     32491807.42|          0|00:00:00|-0.04|0.05|0.7990|
|.|          3|          4|        783|     32486009.54|          0|00:00:00|-0.04|0.04|0.7928|
|.|         22|          4|        783|     32454368.14|          0|00:00:00|-0.05|0.02|0.7897|
|.|         12|          4|        783|     32447743.33|          0|00:00:00|-0.04|0.03|0.7780|
|.|          2|          4|        783|     32434429.19|          0|00:00:00|-0.04|0.03|0.7819|
|.|          1|          4|        783|     32457443.88|          0|00:00:00|-0.05|0.01|0.7891|
|.|          6|          4|        783|     32455427.89|          0|00:00:00|-0.05|0.01|0.7795|
|.|          8|          4|        783|     32468231.32|          0|00:00:00|-0.04|0.01|0.7728|
|.|         18|          4|        783|     32490907.85|          0|00:00:00|-0.05|0.01|0.7814|
|.|         13|          4|        783|     32518808.24|          0|00:00:00|-0.05|0.00|0.7770|
|.|         14|          4|        783|     32510663.00|          0|00:00:00|-0.05|0.00|0.7688|
|.|          4|          4|        783|     32515393.04|          0|00:00:00|-0.04|0.01|0.7578|
|.|         17|          4|        783|     32514192.38|          0|00:00:00|-0.04|0.01|0.7658|
|=|         25|          4|        826|     32507019.88|          4|00:00:10|-0.04|0.01|0.7713|
+-+-----------+-----------+-----------+----------------+-----------+--------+-----+----+------+
Best-so-far configuration:         826    mean value:      32507019.88
Description of the best-so-far configuration:
    .ID. algorithm localsearch alpha beta  rho ants   q0 rasrank elitistants
826  826       acs           3  2.98  1.1 0.25   50 0.72      NA          NA
    nnls dlb .PARENT.
826   17   1      779

# 2025-05-15 16:03:42 -04: Elite configurations (first number is the configuration ID; listed from best to worst according to the sum of ranks):
    algorithm localsearch alpha beta  rho ants   q0 rasrank elitistants nnls
826       acs           3  2.98 1.10 0.25   50 0.72      NA          NA   17
779       acs           3  3.20 1.09 0.23   50 0.74      NA          NA   16
663       acs           3  3.32 4.28 0.03   38 0.89      NA          NA   15
783       acs           3  4.11 4.85 0.08   52 0.90      NA          NA   20
    dlb
826   1
779   1
663   1
783   1
# Total CPU user time: 60410, CPU sys time: 454.193, Wall-clock time: 8547.728
    .ID. algorithm localsearch alpha beta  rho ants   q0 rasrank elitistants
826  826       acs           3  2.98 1.10 0.25   50 0.72      NA          NA
779  779       acs           3  3.20 1.09 0.23   50 0.74      NA          NA
663  663       acs           3  3.32 4.28 0.03   38 0.89      NA          NA
783  783       acs           3  4.11 4.85 0.08   52 0.90      NA          NA
    nnls dlb .PARENT. .RANK. .WEIGHT.
826   17   1      779     59      0.4
779   16   1      629     63      0.3
663   15   1      572     64      0.2
783   20   1      676     64      0.1
