# 2025-05-22 02:04:38 -04: Reading parameter file '/home/dianag/PruebasPablo/irace-independent-executions/PSO-X/Scenarios/E7-BH-Multimodal-N/Runs/E7-BH-Multimodal-N_seed_4040404040/parameters.txt'.
# 2025-05-22 02:04:38 -04: 2 expression(s) specifying forbidden configurations read.
# 2025-05-22 02:04:38 -04: Initialization
# Elitist race
# Elitist new instances: 1
# Elitist limit: 2
# nbIterations: 5
# minNbSurvival: 5
# nbParameters: 8
# seed: 1601036828
# confidence level: 0.95
# budget: 4000
# mu: 5
# deterministic: FALSE

# 2025-05-22 02:04:38 -04: Iteration 1 of 5
# experimentsUsed: 0
# remainingBudget: 4000
# currentBudget: 800
# nbConfigurations: 133
# Markers:
     x No test is performed.
     c Configurations are discarded only due to capping.
     - The test is performed and some configurations are discarded.
     = The test is performed but no configuration is discarded.
     ! The test is performed and configurations could be discarded but elite configurations are preserved.
     . All alive configurations are elite and nothing is discarded.

+-+-----------+-----------+-----------+----------------+-----------+--------+-----+----+------+
| |   Instance|      Alive|       Best|       Mean best| Exp so far|  W time|  rho|KenW|  Qvar|
+-+-----------+-----------+-----------+----------------+-----------+--------+-----+----+------+
|x|          1|        132|        108|     16691.39529|        132|00:00:37|   NA|  NA|    NA|
|x|          2|        132|         20|     8695.796132|        264|00:00:35|+0.33|0.67|0.6084|
|x|          3|        132|         81|     5751.366568|        396|00:01:46|+0.10|0.40|0.8657|
|x|          4|        132|         29|     4371.519871|        528|00:00:37|+0.24|0.43|0.7892|
|-|          5|         41|         29|     3538.257641|        660|00:00:35|-0.08|0.14|1.0700|
|=|          6|         41|         29|     2953.309985|        701|00:00:18|-0.06|0.11|1.0295|
|=|          7|         41|         29|     2531.789705|        742|00:00:18|-0.02|0.13|0.9849|
+-+-----------+-----------+-----------+----------------+-----------+--------+-----+----+------+
Best-so-far configuration:          29    mean value:      2531.789705
Description of the best-so-far configuration:
   .ID. particles topology modInfluence branching tSchedule phi1 phi2 inertia
29   29       161        4            0        NA        NA 2.16 1.26    0.83
   .PARENT.
29       NA

# 2025-05-22 02:09:27 -04: Elite configurations (first number is the configuration ID; listed from best to worst according to the sum of ranks):
    particles topology modInfluence branching tSchedule phi1 phi2 inertia
29        161        4            0        NA        NA 2.16 1.26    0.83
14         43        1            0        NA        NA 1.30 2.27    0.30
117       163        0            1        NA        NA 1.36 1.86    0.90
122       131        0            0        NA        NA 1.49 0.99    0.65
99         20        1            2        NA        NA 1.75 1.16    0.81
# 2025-05-22 02:09:27 -04: Iteration 2 of 5
# experimentsUsed: 742
# remainingBudget: 3258
# currentBudget: 814
# nbConfigurations: 106
# Markers:
     x No test is performed.
     c Configurations are discarded only due to capping.
     - The test is performed and some configurations are discarded.
     = The test is performed but no configuration is discarded.
     ! The test is performed and configurations could be discarded but elite configurations are preserved.
     . All alive configurations are elite and nothing is discarded.

+-+-----------+-----------+-----------+----------------+-----------+--------+-----+----+------+
| |   Instance|      Alive|       Best|       Mean best| Exp so far|  W time|  rho|KenW|  Qvar|
+-+-----------+-----------+-----------+----------------+-----------+--------+-----+----+------+
|x|          8|        106|        190|     447.4816171|        106|00:00:33|   NA|  NA|    NA|
|x|          5|        106|        186|     402.0152667|        207|00:00:31|+0.53|0.76|0.1282|
|x|          2|        106|        186|     268.1449661|        308|00:00:31|+0.53|0.69|0.1997|
|x|          3|        106|        186|     211.0556530|        409|00:01:29|+0.35|0.51|0.5097|
|-|          4|         34|        186|     205.4769968|        510|00:00:32|-0.00|0.20|0.9661|
|=|          6|         34|        186|     175.4833390|        539|00:00:16|-0.05|0.13|0.9746|
|=|          7|         34|        186|     150.4313815|        568|00:00:16|-0.02|0.13|0.9312|
|=|          1|         34|        186|     2314.423441|        597|00:00:16|-0.04|0.09|0.9228|
|=|          9|         34|        203|     3838.839933|        631|00:00:17|-0.01|0.10|0.8925|
+-+-----------+-----------+-----------+----------------+-----------+--------+-----+----+------+
Best-so-far configuration:         203    mean value:      3838.839933
Description of the best-so-far configuration:
    .ID. particles topology modInfluence branching tSchedule phi1 phi2 inertia
203  203       110        4            0        NA        NA    2 1.28    0.73
    .PARENT.
203       29

# 2025-05-22 02:14:12 -04: Elite configurations (first number is the configuration ID; listed from best to worst according to the sum of ranks):
    particles topology modInfluence branching tSchedule phi1 phi2 inertia
203       110        4            0        NA        NA 2.00 1.28    0.73
135       161        4            2        NA        NA 1.24 2.17    0.76
186       200        5            0        NA         8 1.26 1.07    0.77
181        22        0            2        NA        NA 1.27 0.95    0.83
223       190        4            2        NA        NA 2.39 1.94    0.82
# 2025-05-22 02:14:12 -04: Iteration 3 of 5
# experimentsUsed: 1373
# remainingBudget: 2627
# currentBudget: 875
# nbConfigurations: 92
# Markers:
     x No test is performed.
     c Configurations are discarded only due to capping.
     - The test is performed and some configurations are discarded.
     = The test is performed but no configuration is discarded.
     ! The test is performed and configurations could be discarded but elite configurations are preserved.
     . All alive configurations are elite and nothing is discarded.

+-+-----------+-----------+-----------+----------------+-----------+--------+-----+----+------+
| |   Instance|      Alive|       Best|       Mean best| Exp so far|  W time|  rho|KenW|  Qvar|
+-+-----------+-----------+-----------+----------------+-----------+--------+-----+----+------+
|x|         10|         92|        269|    0.2340402320|         92|00:00:27|   NA|  NA|    NA|
|x|          1|         92|        290|     7940.189645|        179|00:00:28|-0.12|0.44|0.8154|
|x|          3|         92|        290|     5306.694024|        266|00:01:14|-0.03|0.32|0.8793|
|x|          9|         92|        290|     8002.560096|        353|00:00:27|+0.16|0.37|0.7449|
|-|          6|         47|        203|     6538.977255|        440|00:00:26|-0.07|0.15|1.0218|
|=|          5|         47|        203|     5481.907548|        482|00:00:16|-0.03|0.14|0.9535|
|=|          7|         47|        203|     4699.006204|        524|00:00:17|-0.04|0.11|0.9172|
|=|          8|         47|        203|     4294.036791|        566|00:00:16|-0.02|0.11|0.9405|
|=|          4|         47|        203|     3838.818438|        608|00:00:17|+0.02|0.13|0.8939|
|-|          2|         35|        317|     3407.909661|        650|00:00:17|-0.06|0.05|0.9690|
|=|         11|         35|        317|     3147.073697|        685|00:00:04|-0.03|0.06|0.9420|
|=|         12|         35|        135|     3067.104378|        720|00:00:04|-0.00|0.08|0.9315|
+-+-----------+-----------+-----------+----------------+-----------+--------+-----+----+------+
Best-so-far configuration:         135    mean value:      3067.104378
Description of the best-so-far configuration:
    .ID. particles topology modInfluence branching tSchedule phi1 phi2 inertia
135  135       161        4            2        NA        NA 1.24 2.17    0.76
    .PARENT.
135      122

# 2025-05-22 02:18:51 -04: Elite configurations (first number is the configuration ID; listed from best to worst according to the sum of ranks):
    particles topology modInfluence branching tSchedule phi1 phi2 inertia
135       161        4            2        NA        NA 1.24 2.17    0.76
317       127        4            0        NA        NA 0.88 2.39    0.62
255       102        4            2        NA        NA 1.46 2.23    0.78
299       163        4            2        NA        NA 2.29 2.50    0.68
203       110        4            0        NA        NA 2.00 1.28    0.73
# 2025-05-22 02:18:51 -04: Iteration 4 of 5
# experimentsUsed: 2093
# remainingBudget: 1907
# currentBudget: 953
# nbConfigurations: 77
# Markers:
     x No test is performed.
     c Configurations are discarded only due to capping.
     - The test is performed and some configurations are discarded.
     = The test is performed but no configuration is discarded.
     ! The test is performed and configurations could be discarded but elite configurations are preserved.
     . All alive configurations are elite and nothing is discarded.

+-+-----------+-----------+-----------+----------------+-----------+--------+-----+----+------+
| |   Instance|      Alive|       Best|       Mean best| Exp so far|  W time|  rho|KenW|  Qvar|
+-+-----------+-----------+-----------+----------------+-----------+--------+-----+----+------+
|x|         13|         77|        348|    0.8279722086|         77|00:00:22|   NA|  NA|    NA|
|x|          1|         77|        326|     7834.590358|        149|00:00:24|-0.21|0.40|0.8754|
|x|          7|         77|        368|     5707.579187|        221|00:00:22|+0.03|0.35|0.6104|
|x|          6|         77|        368|     4285.287557|        293|00:00:23|+0.19|0.39|0.7885|
|-|          5|         47|        367|     3363.257849|        365|00:00:22|-0.05|0.16|1.0491|
|=|          4|         47|        367|     2831.421759|        407|00:00:05|-0.05|0.13|1.0175|
|=|          2|         47|        350|     2403.129484|        449|00:00:04|-0.03|0.12|0.9886|
|=|         10|         47|        333|     2452.730466|        491|00:00:04|-0.01|0.11|0.9684|
|=|          8|         47|        333|     2247.371474|        533|00:00:04|+0.02|0.13|0.9447|
|=|          9|         47|        367|     3294.549297|        575|00:00:05|+0.03|0.13|0.9385|
|-|          3|         33|        367|     2998.525323|        617|00:00:32|-0.04|0.05|1.0176|
|=|         11|         33|        367|     2783.045327|        645|00:00:03|-0.04|0.05|1.0149|
|=|         12|         33|        367|     2569.083826|        673|00:00:03|-0.02|0.05|1.0028|
|=|         14|         33|        367|     2392.453585|        706|00:00:04|-0.02|0.05|0.9827|
+-+-----------+-----------+-----------+----------------+-----------+--------+-----+----+------+
Best-so-far configuration:         367    mean value:      2392.453585
Description of the best-so-far configuration:
    .ID. particles topology modInfluence branching tSchedule phi1 phi2 inertia
367  367       117        4            0        NA        NA 0.81 2.44    0.46
    .PARENT.
367      317

# 2025-05-22 02:21:55 -04: Elite configurations (first number is the configuration ID; listed from best to worst according to the sum of ranks):
    particles topology modInfluence branching tSchedule phi1 phi2 inertia
367       117        4            0        NA        NA 0.81 2.44    0.46
350       126        4            0        NA        NA 0.70 2.32    0.54
326       117        4            0        NA        NA 1.49 2.36    0.62
299       163        4            2        NA        NA 2.29 2.50    0.68
352       124        4            0        NA        NA 0.84 2.35    0.56
# 2025-05-22 02:21:55 -04: Iteration 5 of 5
# experimentsUsed: 2799
# remainingBudget: 1201
# currentBudget: 1201
# nbConfigurations: 84
# Markers:
     x No test is performed.
     c Configurations are discarded only due to capping.
     - The test is performed and some configurations are discarded.
     = The test is performed but no configuration is discarded.
     ! The test is performed and configurations could be discarded but elite configurations are preserved.
     . All alive configurations are elite and nothing is discarded.

+-+-----------+-----------+-----------+----------------+-----------+--------+-----+----+------+
| |   Instance|      Alive|       Best|       Mean best| Exp so far|  W time|  rho|KenW|  Qvar|
+-+-----------+-----------+-----------+----------------+-----------+--------+-----+----+------+
|x|         15|         84|        419|     145.2264579|         84|00:00:11|   NA|  NA|    NA|
|x|          3|         84|        419|     91.35581289|        163|00:00:53|+0.31|0.65|0.7364|
|x|          9|         84|        398|     5293.432283|        242|00:00:12|+0.42|0.61|0.5204|
|x|         11|         84|        429|     3938.456492|        321|00:00:11|+0.33|0.49|0.6003|
|-|         13|         47|        398|     3248.938556|        400|00:00:11|-0.06|0.15|1.0457|
|=|          2|         47|        398|     2707.510430|        442|00:00:04|-0.07|0.11|1.0458|
|=|          4|         47|        429|     2279.503707|        484|00:00:04|-0.05|0.10|1.0029|
|=|         10|         47|        429|     1994.608831|        526|00:00:04|-0.07|0.06|1.0287|
|=|          7|         47|        429|     1772.998468|        568|00:00:03|-0.06|0.05|1.0231|
|=|         12|         47|        398|     1646.260436|        610|00:00:04|-0.05|0.06|1.0132|
|=|          1|         47|        398|     3002.047687|        652|00:00:04|-0.04|0.05|0.9928|
|=|          5|         47|        429|     2687.585132|        694|00:00:03|-0.03|0.06|0.9660|
|=|          8|         47|        429|     2516.999392|        736|00:00:03|-0.02|0.05|0.9697|
|=|         14|         47|        367|     2406.001444|        778|00:00:04|-0.02|0.05|0.9602|
|=|          6|         47|        367|     2246.901436|        820|00:00:04|-0.02|0.05|0.9665|
|=|         16|         47|        367|     2107.774696|        867|00:00:05|-0.02|0.05|0.9661|
+-+-----------+-----------+-----------+----------------+-----------+--------+-----+----+------+
Best-so-far configuration:         367    mean value:      2107.774696
Description of the best-so-far configuration:
    .ID. particles topology modInfluence branching tSchedule phi1 phi2 inertia
367  367       117        4            0        NA        NA 0.81 2.44    0.46
    .PARENT.
367      317

# 2025-05-22 02:24:20 -04: Elite configurations (first number is the configuration ID; listed from best to worst according to the sum of ranks):
    particles topology modInfluence branching tSchedule phi1 phi2 inertia
367       117        4            0        NA        NA 0.81 2.44    0.46
455       112        4            0        NA        NA 0.65 2.39    0.55
432       125        4            0        NA        NA 0.81 2.36    0.46
398       118        4            0        NA        NA 0.73 2.36    0.41
450       107        4            0        NA        NA 0.61 2.46    0.49
# 2025-05-22 02:24:20 -04: Iteration 6 of 6
# experimentsUsed: 3666
# remainingBudget: 334
# currentBudget: 334
# nbConfigurations: 24
# Markers:
     x No test is performed.
     c Configurations are discarded only due to capping.
     - The test is performed and some configurations are discarded.
     = The test is performed but no configuration is discarded.
     ! The test is performed and configurations could be discarded but elite configurations are preserved.
     . All alive configurations are elite and nothing is discarded.

+-+-----------+-----------+-----------+----------------+-----------+--------+-----+----+------+
| |   Instance|      Alive|       Best|       Mean best| Exp so far|  W time|  rho|KenW|  Qvar|
+-+-----------+-----------+-----------+----------------+-----------+--------+-----+----+------+
|x|         17|         24|        480|    0.3624489883|         24|00:00:08|   NA|  NA|    NA|
|x|          4|         24|        367|     86.33668442|         43|00:00:02|+0.23|0.61|0.0760|
|x|         13|         24|        476|     64.16740942|         62|00:00:02|+0.13|0.42|0.0527|
|x|          2|         24|        476|     48.22152472|         81|00:00:01|+0.08|0.31|0.4164|
|=|         14|         24|        484|     61.44854323|        100|00:00:02|+0.09|0.27|0.3550|
|-|          5|         20|        484|     86.16556277|        119|00:00:02|-0.06|0.12|1.0359|
|=|          1|         20|        450|     2352.311544|        134|00:00:02|-0.03|0.11|1.0097|
|=|         12|         20|        367|     2133.466066|        149|00:00:01|-0.03|0.10|0.9993|
|=|          6|         20|        484|     1942.683127|        164|00:00:01|-0.03|0.08|0.9934|
|=|         10|         20|        484|     1748.447414|        179|00:00:01|-0.02|0.08|0.9744|
|=|         15|         20|        484|     1605.817144|        194|00:00:01|-0.02|0.07|0.9797|
|=|         16|         20|        484|     1473.744226|        209|00:00:02|-0.02|0.06|0.9689|
|=|         11|         20|        450|     1302.641741|        224|00:00:01|-0.03|0.05|0.9728|
|=|          7|         20|        450|     1209.602256|        239|00:00:01|-0.02|0.05|0.9635|
|=|          8|         20|        450|     1216.514418|        254|00:00:01|-0.02|0.05|0.9590|
|=|          9|         20|        367|     2105.408851|        269|00:00:02|-0.01|0.06|0.9580|
|=|          3|         20|        367|     1983.813364|        284|00:00:12|+0.00|0.06|0.9418|
|=|         18|         20|        367|     1874.760495|        304|00:00:02|+0.01|0.07|0.9330|
+-+-----------+-----------+-----------+----------------+-----------+--------+-----+----+------+
Best-so-far configuration:         367    mean value:      1874.760495
Description of the best-so-far configuration:
    .ID. particles topology modInfluence branching tSchedule phi1 phi2 inertia
367  367       117        4            0        NA        NA 0.81 2.44    0.46
    .PARENT.
367      317

# 2025-05-22 02:25:15 -04: Elite configurations (first number is the configuration ID; listed from best to worst according to the sum of ranks):
    particles topology modInfluence branching tSchedule phi1 phi2 inertia
367       117        4            0        NA        NA 0.81 2.44    0.46
450       107        4            0        NA        NA 0.61 2.46    0.49
484       126        4            0        NA        NA 0.76 2.49    0.45
480       121        4            0        NA        NA 0.92 2.34    0.46
432       125        4            0        NA        NA 0.81 2.36    0.46
# 2025-05-22 02:25:15 -04: Iteration 7 of 7
# experimentsUsed: 3970
# remainingBudget: 30
# currentBudget: 30
# nbConfigurations: 6
# Markers:
     x No test is performed.
     c Configurations are discarded only due to capping.
     - The test is performed and some configurations are discarded.
     = The test is performed but no configuration is discarded.
     ! The test is performed and configurations could be discarded but elite configurations are preserved.
     . All alive configurations are elite and nothing is discarded.

+-+-----------+-----------+-----------+----------------+-----------+--------+-----+----+------+
| |   Instance|      Alive|       Best|       Mean best| Exp so far|  W time|  rho|KenW|  Qvar|
+-+-----------+-----------+-----------+----------------+-----------+--------+-----+----+------+
|x|         19|          6|        491|     3.182397415|          6|00:00:06|   NA|  NA|    NA|
|x|          3|          6|        432|     30.21418694|          7|00:00:06|+0.37|0.69|0.8206|
|x|          7|          6|        367|     20.71368699|          8|00:00:00|+0.12|0.42|1.0704|
|x|         10|          6|        367|     15.62214238|          9|00:00:00|-0.08|0.19|1.0535|
|=|         11|          6|        432|     38.73633831|         10|00:00:00|-0.04|0.17|0.9426|
|=|         14|          6|        432|     47.94370810|         11|00:00:00|+0.06|0.22|0.8790|
|=|         18|          6|        432|     44.09284593|         12|00:00:00|+0.03|0.17|0.8789|
|=|          6|          6|        432|     40.85629480|         13|00:00:00|+0.04|0.16|0.8479|
|=|         17|          6|        432|     36.38340643|         14|00:00:02|-0.02|0.10|0.8974|
|=|         15|          6|        432|     51.86577125|         15|00:00:00|-0.05|0.05|0.9005|
|=|          5|          6|        367|     91.41998473|         16|00:00:00|-0.05|0.04|0.8933|
|=|         13|          6|        432|     61.00498710|         17|00:00:00|-0.03|0.06|0.8710|
|=|         12|          6|        367|     77.54813688|         18|00:00:00|-0.02|0.05|0.8775|
|=|          8|          6|        367|     81.42916594|         19|00:00:00|+0.00|0.08|0.8575|
|=|         16|          6|        367|     77.39212744|         20|00:00:00|-0.01|0.06|0.8524|
|=|          4|          6|        367|     83.32020121|         21|00:00:00|+0.02|0.08|0.8381|
|=|          9|          6|        367|     1009.254339|         22|00:00:00|+0.02|0.08|0.8330|
|=|          1|          6|        367|     1876.052319|         23|00:00:01|+0.02|0.08|0.8277|
|=|          2|          6|        367|     1777.340714|         24|00:00:00|+0.01|0.06|0.8363|
|=|         20|          6|        367|     1689.127553|         30|00:00:01|-0.01|0.04|0.8494|
+-+-----------+-----------+-----------+----------------+-----------+--------+-----+----+------+
Best-so-far configuration:         367    mean value:      1689.127553
Description of the best-so-far configuration:
    .ID. particles topology modInfluence branching tSchedule phi1 phi2 inertia
367  367       117        4            0        NA        NA 0.81 2.44    0.46
    .PARENT.
367      317

# 2025-05-22 02:25:45 -04: Elite configurations (first number is the configuration ID; listed from best to worst according to the sum of ranks):
    particles topology modInfluence branching tSchedule phi1 phi2 inertia
367       117        4            0        NA        NA 0.81 2.44    0.46
432       125        4            0        NA        NA 0.81 2.36    0.46
480       121        4            0        NA        NA 0.92 2.34    0.46
484       126        4            0        NA        NA 0.76 2.49    0.45
450       107        4            0        NA        NA 0.61 2.46    0.49
# 2025-05-22 02:25:45 -04: Stopped because budget is exhausted
# Iteration: 8
# nbIterations: 7
# experimentsUsed: 4000
# timeUsed: 0
# remainingBudget: 0
# currentBudget: 30
# number of elites: 5
# nbConfigurations: 6
# Total CPU user time: 9114.291, CPU sys time: 120.233, Wall-clock time: 1266.6
    .ID. particles topology modInfluence branching tSchedule phi1 phi2 inertia
367  367       117        4            0        NA        NA 0.81 2.44    0.46
432  432       125        4            0        NA        NA 0.81 2.36    0.46
480  480       121        4            0        NA        NA 0.92 2.34    0.46
484  484       126        4            0        NA        NA 0.76 2.49    0.45
450  450       107        4            0        NA        NA 0.61 2.46    0.49
    .PARENT. .RANK.   .WEIGHT.
367      317     60 0.33333333
432      367     64 0.26666667
480      367     68 0.20000000
484      432     71 0.13333333
450      367     75 0.06666667
