# 2025-05-17 03:19:37 -04: Reading parameter file '/home/dianag/PruebasPablo/irace-independent-executions/PSO-X/Scenarios/E2-BL-Mixed-SR/Runs/E2-BL-Mixed-SR_seed_1357924680/parameters.txt'.
# 2025-05-17 03:19:37 -04: 2 expression(s) specifying forbidden configurations read.
# 2025-05-17 03:19:37 -04: Initialization
# Elitist race
# Elitist new instances: 1
# Elitist limit: 2
# nbIterations: 5
# minNbSurvival: 5
# nbParameters: 8
# seed: 1357924680
# confidence level: 0.95
# budget: 2000
# mu: 5
# deterministic: FALSE

# 2025-05-17 03:19:37 -04: Iteration 1 of 5
# experimentsUsed: 0
# remainingBudget: 2000
# currentBudget: 400
# nbConfigurations: 66
# Markers:
     x No test is performed.
     c Configurations are discarded only due to capping.
     - The test is performed and some configurations are discarded.
     = The test is performed but no configuration is discarded.
     ! The test is performed and configurations could be discarded but elite configurations are preserved.
     . All alive configurations are elite and nothing is discarded.

+-+-----------+-----------+-----------+----------------+-----------+--------+-----+----+------+
| |   Instance|      Alive|       Best|       Mean best| Exp so far|  W time|  rho|KenW|  Qvar|
+-+-----------+-----------+-----------+----------------+-----------+--------+-----+----+------+
|x|          1|         66|         31|     3.486506451|         66|00:00:28|   NA|  NA|    NA|
|x|          2|         66|         51|     37221.35944|        132|00:00:28|+0.39|0.70|0.4503|
|x|          3|         66|         48|     32702.20308|        198|00:01:27|+0.25|0.50|0.6460|
|x|          4|         66|         45|     27574.51638|        264|00:02:01|+0.32|0.49|0.6081|
|-|          5|         35|         20|     18539.64247|        330|00:00:27|-0.12|0.10|1.0217|
|=|          6|         35|         32|     21851.86887|        365|00:00:21|-0.08|0.10|0.9413|
|=|          7|         35|         32|     18860.25316|        400|00:01:12|-0.06|0.09|0.9739|
+-+-----------+-----------+-----------+----------------+-----------+--------+-----+----+------+
Best-so-far configuration:          32    mean value:      18860.25316
Description of the best-so-far configuration:
   .ID. particles topology modInfluence branching tSchedule phi1 phi2 inertia
32   32        27        1            1        NA        NA 2.15 0.31    0.78
   .PARENT.
32       NA

# 2025-05-17 03:26:05 -04: Elite configurations (first number is the configuration ID; listed from best to worst according to the sum of ranks):
   particles topology modInfluence branching tSchedule phi1 phi2 inertia
32        27        1            1        NA        NA 2.15 0.31    0.78
14       186        1            1        NA        NA 2.35 1.44    0.62
45        64        4            0        NA        NA 2.00 1.71    0.38
62        71        1            2        NA        NA 0.04 2.42    0.80
64        10        4            1        NA        NA 0.34 2.12    0.81
# 2025-05-17 03:26:05 -04: Iteration 2 of 5
# experimentsUsed: 400
# remainingBudget: 1600
# currentBudget: 400
# nbConfigurations: 54
# Markers:
     x No test is performed.
     c Configurations are discarded only due to capping.
     - The test is performed and some configurations are discarded.
     = The test is performed but no configuration is discarded.
     ! The test is performed and configurations could be discarded but elite configurations are preserved.
     . All alive configurations are elite and nothing is discarded.

+-+-----------+-----------+-----------+----------------+-----------+--------+-----+----+------+
| |   Instance|      Alive|       Best|       Mean best| Exp so far|  W time|  rho|KenW|  Qvar|
+-+-----------+-----------+-----------+----------------+-----------+--------+-----+----+------+
|x|          8|         54|         69|     535.2298856|         54|00:01:38|   NA|  NA|    NA|
|x|          6|         54|         70|     297.5450759|        103|00:00:21|+0.40|0.70|0.5097|
|x|          2|         54|         69|     34573.20412|        152|00:00:21|+0.20|0.46|0.5311|
|x|          5|         54|         14|     18934.28661|        201|00:00:21|+0.27|0.45|0.4610|
|-|          7|         24|         14|     15312.71836|        250|00:01:32|-0.04|0.16|0.9792|
|=|          3|         24|        114|     26770.24152|        269|00:00:25|-0.07|0.10|1.0202|
|=|          1|         24|        114|     22946.83484|        288|00:00:02|-0.02|0.13|0.9709|
|=|          4|         24|        114|     20150.17247|        307|00:00:37|+0.02|0.14|0.9504|
|=|          9|         24|         14|     16748.23012|        331|00:00:03|+0.05|0.15|0.9442|
+-+-----------+-----------+-----------+----------------+-----------+--------+-----+----+------+
Best-so-far configuration:          14    mean value:      16748.23012
Description of the best-so-far configuration:
   .ID. particles topology modInfluence branching tSchedule phi1 phi2 inertia
14   14       186        1            1        NA        NA 2.35 1.44    0.62
   .PARENT.
14       NA

# 2025-05-17 03:31:29 -04: Elite configurations (first number is the configuration ID; listed from best to worst according to the sum of ranks):
    particles topology modInfluence branching tSchedule phi1 phi2 inertia
14        186        1            1        NA        NA 2.35 1.44    0.62
114       156        4            0        NA        NA 2.42 2.48    0.56
69        101        4            0        NA        NA 1.49 2.26    0.16
45         64        4            0        NA        NA 2.00 1.71    0.38
87         26        4            1        NA        NA 0.42 2.40    0.75
# 2025-05-17 03:31:29 -04: Iteration 3 of 5
# experimentsUsed: 731
# remainingBudget: 1269
# currentBudget: 423
# nbConfigurations: 46
# Markers:
     x No test is performed.
     c Configurations are discarded only due to capping.
     - The test is performed and some configurations are discarded.
     = The test is performed but no configuration is discarded.
     ! The test is performed and configurations could be discarded but elite configurations are preserved.
     . All alive configurations are elite and nothing is discarded.

+-+-----------+-----------+-----------+----------------+-----------+--------+-----+----+------+
| |   Instance|      Alive|       Best|       Mean best| Exp so far|  W time|  rho|KenW|  Qvar|
+-+-----------+-----------+-----------+----------------+-----------+--------+-----+----+------+
|x|         10|         46|        154|     7.892477496|         46|00:00:19|   NA|  NA|    NA|
|x|          9|         46|        124|     31957.58134|         87|00:00:17|-0.57|0.21|0.7552|
|x|          2|         46|        128|     45040.25846|        128|00:00:17|-0.23|0.18|0.9930|
|x|          8|         46|        128|     33913.90078|        169|00:01:17|-0.06|0.21|0.8559|
|=|          4|         46|        120|     37012.47805|        210|00:01:16|+0.04|0.23|0.7842|
|=|          3|         46|        120|     30987.53727|        251|00:00:50|+0.01|0.18|0.7877|
|-|          1|         28|        120|     26561.47749|        292|00:00:17|-0.04|0.11|1.0058|
|=|          7|         28|        120|     23354.89730|        315|00:00:39|-0.01|0.11|1.0076|
|=|          6|         28|        120|     20765.52437|        338|00:00:04|-0.02|0.09|0.9972|
|=|          5|         28|        120|     18700.97072|        361|00:00:03|-0.04|0.07|0.9906|
|=|         11|         28|        120|     17028.86082|        389|00:00:51|-0.02|0.07|0.9658|
+-+-----------+-----------+-----------+----------------+-----------+--------+-----+----+------+
Best-so-far configuration:         120    mean value:      17028.86082
Description of the best-so-far configuration:
    .ID. particles topology modInfluence branching tSchedule phi1 phi2 inertia
120  120        68        4            0        NA        NA 2.35 2.17    0.33
    .PARENT.
120      114

# 2025-05-17 03:37:45 -04: Elite configurations (first number is the configuration ID; listed from best to worst according to the sum of ranks):
    particles topology modInfluence branching tSchedule phi1 phi2 inertia
120        68        4            0        NA        NA 2.35 2.17    0.33
114       156        4            0        NA        NA 2.42 2.48    0.56
130       118        4            0        NA        NA 1.72 1.69    0.45
131        79        4            0        NA        NA 0.95 1.52    0.29
122        67        4            0        NA        NA 2.35 2.14    0.41
# 2025-05-17 03:37:45 -04: Iteration 4 of 5
# experimentsUsed: 1120
# remainingBudget: 880
# currentBudget: 440
# nbConfigurations: 41
# Markers:
     x No test is performed.
     c Configurations are discarded only due to capping.
     - The test is performed and some configurations are discarded.
     = The test is performed but no configuration is discarded.
     ! The test is performed and configurations could be discarded but elite configurations are preserved.
     . All alive configurations are elite and nothing is discarded.

+-+-----------+-----------+-----------+----------------+-----------+--------+-----+----+------+
| |   Instance|      Alive|       Best|       Mean best| Exp so far|  W time|  rho|KenW|  Qvar|
+-+-----------+-----------+-----------+----------------+-----------+--------+-----+----+------+
|x|         12|         41|        169|     4.762856661|         41|00:00:06|   NA|  NA|    NA|
|x|          3|         41|        171|     438.0247159|         77|00:00:42|+0.56|0.78|0.5215|
|x|          7|         41|        171|     595.0063492|        113|00:01:04|+0.56|0.71|0.3072|
|x|         10|         41|        171|     451.8068850|        149|00:00:06|+0.61|0.71|0.2225|
|-|         11|         12|        171|     412.8892880|        185|00:01:03|+0.28|0.42|0.6378|
|=|          9|         12|        171|     17337.93519|        192|00:00:01|+0.03|0.19|0.8389|
|=|          5|         12|        171|     14864.70539|        199|00:00:01|+0.09|0.22|0.7905|
|=|          8|         12|        171|     13075.73245|        206|00:00:13|-0.00|0.12|0.8253|
|=|          1|         12|        171|     11623.67331|        213|00:00:01|-0.04|0.08|0.8619|
|=|          6|         12|        171|     10466.49533|        220|00:00:01|-0.01|0.09|0.8515|
|=|          2|         12|        171|     20739.92572|        227|00:00:01|+0.00|0.09|0.8675|
|=|          4|         12|        171|     19060.18155|        234|00:00:13|+0.01|0.10|0.8601|
|=|         13|         12|        120|     14449.40917|        246|00:00:24|+0.02|0.10|0.8781|
+-+-----------+-----------+-----------+----------------+-----------+--------+-----+----+------+
Best-so-far configuration:         120    mean value:      14449.40917
Description of the best-so-far configuration:
    .ID. particles topology modInfluence branching tSchedule phi1 phi2 inertia
120  120        68        4            0        NA        NA 2.35 2.17    0.33
    .PARENT.
120      114

# 2025-05-17 03:41:46 -04: Elite configurations (first number is the configuration ID; listed from best to worst according to the sum of ranks):
    particles topology modInfluence branching tSchedule phi1 phi2 inertia
120        68        4            0        NA        NA 2.35 2.17    0.33
171       147        4            0        NA        NA 2.49 2.44    0.62
184       103        4            0        NA        NA 2.05 2.29    0.44
173        55        4            0        NA        NA 2.08 2.42    0.47
114       156        4            0        NA        NA 2.42 2.48    0.56
# 2025-05-17 03:41:46 -04: Iteration 5 of 5
# experimentsUsed: 1366
# remainingBudget: 634
# currentBudget: 634
# nbConfigurations: 49
# Markers:
     x No test is performed.
     c Configurations are discarded only due to capping.
     - The test is performed and some configurations are discarded.
     = The test is performed but no configuration is discarded.
     ! The test is performed and configurations could be discarded but elite configurations are preserved.
     . All alive configurations are elite and nothing is discarded.

+-+-----------+-----------+-----------+----------------+-----------+--------+-----+----+------+
| |   Instance|      Alive|       Best|       Mean best| Exp so far|  W time|  rho|KenW|  Qvar|
+-+-----------+-----------+-----------+----------------+-----------+--------+-----+----+------+
|x|         14|         49|        206|     220.5475825|         49|00:00:57|   NA|  NA|    NA|
|x|          1|         49|        199|     120.9196215|         93|00:00:05|-0.61|0.19|1.1321|
|x|          6|         49|        205|     95.52350576|        137|00:00:06|-0.21|0.19|1.0017|
|x|          4|         49|        199|     210.0765013|        181|00:01:19|-0.08|0.19|0.8793|
|=|          8|         49|        200|     276.1921038|        225|00:01:17|+0.02|0.21|0.8728|
|-|         13|         34|        194|     318.2758274|        269|00:01:13|+0.00|0.17|1.0412|
|=|         11|         34|        216|     309.9393931|        298|00:00:51|-0.05|0.10|1.0033|
|=|         10|         34|        199|     321.6776776|        327|00:00:04|-0.08|0.06|0.9974|
|=|          3|         34|        199|     383.9268374|        356|00:00:32|-0.07|0.05|0.9735|
|=|          2|         34|        205|     8871.299078|        385|00:00:04|-0.05|0.05|0.9708|
|=|          5|         34|        205|     8072.170733|        414|00:00:04|-0.05|0.05|0.9605|
|=|         12|         34|        205|     7401.023659|        443|00:00:03|-0.02|0.06|0.9356|
|=|          9|         34|        205|     16199.42128|        472|00:00:03|-0.03|0.05|0.9596|
|=|          7|         34|        205|     15107.44806|        501|00:00:52|-0.03|0.05|0.9549|
|=|         15|         34|        232|     13204.05563|        535|00:00:28|-0.03|0.04|0.9620|
+-+-----------+-----------+-----------+----------------+-----------+--------+-----+----+------+
Best-so-far configuration:         232    mean value:      13204.05563
Description of the best-so-far configuration:
    .ID. particles topology modInfluence branching tSchedule phi1 phi2 inertia
232  232        59        4            0        NA        NA 2.45 2.22    0.35
    .PARENT.
232      120

# 2025-05-17 03:49:51 -04: Elite configurations (first number is the configuration ID; listed from best to worst according to the sum of ranks):
    particles topology modInfluence branching tSchedule phi1 phi2 inertia
232        59        4            0        NA        NA 2.45 2.22    0.35
171       147        4            0        NA        NA 2.49 2.44    0.62
212       132        4            0        NA        NA 2.48 2.25    0.63
205        88        4            0        NA        NA 2.44 2.15    0.52
194        74        4            0        NA        NA 2.11 2.41    0.32
# 2025-05-17 03:49:51 -04: Iteration 6 of 6
# experimentsUsed: 1901
# remainingBudget: 99
# currentBudget: 99
# nbConfigurations: 10
# Markers:
     x No test is performed.
     c Configurations are discarded only due to capping.
     - The test is performed and some configurations are discarded.
     = The test is performed but no configuration is discarded.
     ! The test is performed and configurations could be discarded but elite configurations are preserved.
     . All alive configurations are elite and nothing is discarded.

+-+-----------+-----------+-----------+----------------+-----------+--------+-----+----+------+
| |   Instance|      Alive|       Best|       Mean best| Exp so far|  W time|  rho|KenW|  Qvar|
+-+-----------+-----------+-----------+----------------+-----------+--------+-----+----+------+
|x|         16|         10|        205|     908.4648525|         10|00:00:25|   NA|  NA|    NA|
|x|         14|         10|        205|     573.0126430|         15|00:00:08|-0.02|0.49|0.7422|
|x|          2|         10|        205|     28941.17954|         20|00:00:01|-0.09|0.28|0.9711|
|x|         11|         10|        205|     21774.79148|         25|00:00:12|-0.06|0.21|0.8724|
|=|         12|         10|        205|     17423.51435|         30|00:00:01|+0.06|0.25|0.7535|
|=|          3|         10|        205|     14664.59277|         35|00:00:08|+0.13|0.27|0.6632|
|=|         15|         10|        171|     17969.79219|         40|00:00:06|+0.02|0.16|0.8280|
|=|          8|         10|        171|     15792.68341|         45|00:00:12|-0.04|0.09|0.8852|
|=|          9|         10|        171|     25367.18133|         50|00:00:01|-0.04|0.08|0.9063|
|=|          4|         10|        171|     22888.76276|         55|00:00:12|-0.05|0.06|0.9142|
|=|         13|         10|        171|     20851.51348|         60|00:00:12|-0.04|0.05|0.9273|
|=|          1|         10|        205|     17615.90697|         65|00:00:00|-0.02|0.07|0.9230|
|=|          5|         10|        171|     17646.09038|         70|00:00:01|-0.01|0.07|0.8995|
|=|          7|         10|        171|     16450.58176|         75|00:00:12|-0.01|0.06|0.9058|
|=|          6|         10|        171|     15357.33587|         80|00:00:01|-0.00|0.07|0.8988|
|=|         10|         10|        171|     14398.89041|         85|00:00:01|-0.01|0.05|0.9000|
|=|         17|         10|        205|     12497.09479|         95|00:00:01|-0.00|0.06|0.8948|
+-+-----------+-----------+-----------+----------------+-----------+--------+-----+----+------+
Best-so-far configuration:         205    mean value:      12497.09479
Description of the best-so-far configuration:
    .ID. particles topology modInfluence branching tSchedule phi1 phi2 inertia
205  205        88        4            0        NA        NA 2.44 2.15    0.52
    .PARENT.
205      184

# 2025-05-17 03:51:53 -04: Elite configurations (first number is the configuration ID; listed from best to worst according to the sum of ranks):
    particles topology modInfluence branching tSchedule phi1 phi2 inertia
205        88        4            0        NA        NA 2.44 2.15    0.52
171       147        4            0        NA        NA 2.49 2.44    0.62
238       132        4            0        NA        NA 2.50 2.19    0.68
241        73        4            0        NA        NA 2.43 2.41    0.34
232        59        4            0        NA        NA 2.45 2.22    0.35
# 2025-05-17 03:51:53 -04: Stopped because there is not enough budget left to race more than the minimum (5).
# You may either increase the budget or set 'minNbSurvival' to a lower value.
# Iteration: 7
# nbIterations: 7
# experimentsUsed: 1996
# timeUsed: 0
# remainingBudget: 4
# currentBudget: 4
# number of elites: 5
# nbConfigurations: 5
# Total CPU user time: 12936.15, CPU sys time: 79.673, Wall-clock time: 1935.651
# 2025-05-17 03:51:53 -04: Starting post-selection:
# Configurations selected: 205, 171, 238, 241.
# Pending instances: 0, 0, 0, 0.
# 2025-05-17 03:51:53 -04: seed: 1357924680
# Configurations: 4
# Available experiments: 4
# minSurvival: 1
# Markers:
     x No test is performed.
     c Configurations are discarded only due to capping.
     - The test is performed and some configurations are discarded.
     = The test is performed but no configuration is discarded.
     ! The test is performed and configurations could be discarded but elite configurations are preserved.
     . All alive configurations are elite and nothing is discarded.

+-+-----------+-----------+-----------+----------------+-----------+--------+-----+----+------+
| |   Instance|      Alive|       Best|       Mean best| Exp so far|  W time|  rho|KenW|  Qvar|
+-+-----------+-----------+-----------+----------------+-----------+--------+-----+----+------+
|.|         13|          4|        238|     473.3085566|          0|00:00:00|   NA|  NA|    NA|
|.|          8|          4|        238|     522.6435741|          0|00:00:00|-0.20|0.40|0.9803|
|.|          5|          4|        238|     376.3223773|          0|00:00:00|-0.47|0.02|1.0613|
|.|         15|          4|        238|     290.5306985|          0|00:00:00|-0.27|0.05|0.8648|
|.|          9|          4|        238|     28426.62881|          0|00:00:00|-0.08|0.14|0.7410|
|.|          1|          4|        238|     23690.10562|          0|00:00:00|+0.03|0.19|0.7248|
|.|         14|          4|        238|     20338.21900|          0|00:00:00|-0.10|0.05|0.8123|
|.|         12|          4|        238|     17799.20943|          0|00:00:00|-0.09|0.04|0.8123|
|.|         11|          4|        238|     15851.96269|          0|00:00:00|-0.07|0.05|0.7749|
|.|         16|          4|        238|     14357.73928|          0|00:00:00|-0.08|0.03|0.7967|
|.|         10|          4|        238|     13053.83326|          0|00:00:00|-0.08|0.01|0.7855|
|.|          3|          4|        238|     12037.94571|          0|00:00:00|-0.06|0.03|0.7611|
|.|          7|          4|        238|     11181.89432|          0|00:00:00|-0.04|0.04|0.7453|
|.|          4|          4|        238|     10426.24599|          0|00:00:00|-0.05|0.02|0.7635|
|.|         17|          4|        238|     9731.438070|          0|00:00:00|-0.06|0.02|0.7781|
|.|          6|          4|        238|     9126.380748|          0|00:00:00|-0.05|0.02|0.7811|
|.|          2|          4|        238|     18503.70668|          0|00:00:00|-0.03|0.03|0.7708|
|=|         18|          4|        205|     11817.86553|          4|00:00:12|-0.03|0.02|0.7624|
+-+-----------+-----------+-----------+----------------+-----------+--------+-----+----+------+
Best-so-far configuration:         205    mean value:      11817.86553
Description of the best-so-far configuration:
    .ID. particles topology modInfluence branching tSchedule phi1 phi2 inertia
205  205        88        4            0        NA        NA 2.44 2.15    0.52
    .PARENT.
205      184

# 2025-05-17 03:52:05 -04: Elite configurations (first number is the configuration ID; listed from best to worst according to the sum of ranks):
    particles topology modInfluence branching tSchedule phi1 phi2 inertia
205        88        4            0        NA        NA 2.44 2.15    0.52
171       147        4            0        NA        NA 2.49 2.44    0.62
241        73        4            0        NA        NA 2.43 2.41    0.34
238       132        4            0        NA        NA 2.50 2.19    0.68
# Total CPU user time: 12983.82, CPU sys time: 79.881, Wall-clock time: 1948.019
    .ID. particles topology modInfluence branching tSchedule phi1 phi2 inertia
205  205        88        4            0        NA        NA 2.44 2.15    0.52
171  171       147        4            0        NA        NA 2.49 2.44    0.62
241  241        73        4            0        NA        NA 2.43 2.41    0.34
238  238       132        4            0        NA        NA 2.50 2.19    0.68
    .PARENT. .RANK. .WEIGHT.
205      184     41      0.4
171      114     43      0.3
241      232     47      0.2
238      171     49      0.1
