# 2025-05-16 22:44:00 -04: Reading parameter file '/home/dianag/PruebasPablo/irace-independent-executions/PSO-X/Scenarios/E1-BL-Mixed-N/Runs/E1-BL-Mixed-N_seed_11235813/parameters.txt'.
# 2025-05-16 22:44:00 -04: 2 expression(s) specifying forbidden configurations read.
# 2025-05-16 22:44:00 -04: Initialization
# Elitist race
# Elitist new instances: 1
# Elitist limit: 2
# nbIterations: 5
# minNbSurvival: 5
# nbParameters: 8
# seed: 11235813
# confidence level: 0.95
# budget: 2000
# mu: 5
# deterministic: FALSE

# 2025-05-16 22:44:00 -04: Iteration 1 of 5
# experimentsUsed: 0
# remainingBudget: 2000
# currentBudget: 400
# nbConfigurations: 66
# Markers:
     x No test is performed.
     c Configurations are discarded only due to capping.
     - The test is performed and some configurations are discarded.
     = The test is performed but no configuration is discarded.
     ! The test is performed and configurations could be discarded but elite configurations are preserved.
     . All alive configurations are elite and nothing is discarded.

+-+-----------+-----------+-----------+----------------+-----------+--------+-----+----+------+
| |   Instance|      Alive|       Best|       Mean best| Exp so far|  W time|  rho|KenW|  Qvar|
+-+-----------+-----------+-----------+----------------+-----------+--------+-----+----+------+
|x|          1|         66|         15|     3.393512986|         66|00:00:30|   NA|  NA|    NA|
|x|          2|         66|         15|     46.72390831|        132|00:00:28|+0.94|0.97|0.0962|
|x|          3|         66|         15|     131.6448513|        198|00:01:36|+0.79|0.86|0.3300|
|x|          4|         66|         15|     109.3369791|        264|00:00:31|+0.80|0.85|0.2685|
|-|          5|         15|         28|     95.52667732|        330|00:00:30|-0.04|0.17|0.9667|
|=|          6|         15|         28|     80.78127442|        345|00:00:02|-0.02|0.15|0.9347|
|=|          7|         15|         48|     90.65616033|        360|00:00:02|-0.01|0.14|0.8784|
+-+-----------+-----------+-----------+----------------+-----------+--------+-----+----+------+
Best-so-far configuration:          48    mean value:      90.65616033
Description of the best-so-far configuration:
   .ID. particles topology modInfluence branching tSchedule phi1 phi2 inertia
48   48        30        4            0        NA        NA 2.22 2.12    0.72
   .PARENT.
48       NA

# 2025-05-16 22:47:43 -04: Elite configurations (first number is the configuration ID; listed from best to worst according to the sum of ranks):
   particles topology modInfluence branching tSchedule phi1 phi2 inertia
48        30        4            0        NA        NA 2.22 2.12    0.72
28         8        1            2        NA        NA 1.08 1.77    0.68
19        20        4            0        NA        NA 0.93 0.99    0.51
57        92        4            0        NA        NA 1.44 1.96    0.78
20        45        0            0        NA        NA 0.62 1.92    0.18
# 2025-05-16 22:47:43 -04: Iteration 2 of 5
# experimentsUsed: 360
# remainingBudget: 1640
# currentBudget: 410
# nbConfigurations: 55
# Markers:
     x No test is performed.
     c Configurations are discarded only due to capping.
     - The test is performed and some configurations are discarded.
     = The test is performed but no configuration is discarded.
     ! The test is performed and configurations could be discarded but elite configurations are preserved.
     . All alive configurations are elite and nothing is discarded.

+-+-----------+-----------+-----------+----------------+-----------+--------+-----+----+------+
| |   Instance|      Alive|       Best|       Mean best| Exp so far|  W time|  rho|KenW|  Qvar|
+-+-----------+-----------+-----------+----------------+-----------+--------+-----+----+------+
|x|          8|         55|         89|     49192.61436|         55|00:00:19|   NA|  NA|    NA|
|x|          1|         55|         89|     24598.36052|        105|00:00:19|+0.58|0.79|0.2769|
|x|          6|         55|         85|     23360.86217|        155|00:00:19|+0.61|0.74|0.7423|
|x|          3|         55|         85|     17678.84833|        205|00:01:04|+0.43|0.57|0.7536|
|-|          7|         33|         94|     17511.20780|        255|00:00:19|-0.10|0.12|1.0645|
|=|          5|         33|         94|     14600.83248|        283|00:00:04|-0.06|0.11|1.0197|
|=|          4|         33|         94|     12525.23722|        311|00:00:04|-0.01|0.14|0.9765|
|=|          2|         33|         79|     17600.81573|        339|00:00:03|+0.00|0.13|0.9640|
|=|          9|         33|         79|     15746.39129|        372|00:01:05|+0.04|0.15|0.9404|
+-+-----------+-----------+-----------+----------------+-----------+--------+-----+----+------+
Best-so-far configuration:          79    mean value:      15746.39129
Description of the best-so-far configuration:
   .ID. particles topology modInfluence branching tSchedule phi1 phi2 inertia
79   79        29        4            0        NA        NA 2.24  2.4    0.47
   .PARENT.
79       48

# 2025-05-16 22:51:24 -04: Elite configurations (first number is the configuration ID; listed from best to worst according to the sum of ranks):
    particles topology modInfluence branching tSchedule phi1 phi2 inertia
79         29        4            0        NA        NA 2.24 2.40    0.47
48         30        4            0        NA        NA 2.22 2.12    0.72
94         34        4            2        NA        NA 1.18 2.34    0.67
113        14        1            0        NA        NA 1.94 2.09    0.21
28          8        1            2        NA        NA 1.08 1.77    0.68
# 2025-05-16 22:51:24 -04: Iteration 3 of 5
# experimentsUsed: 732
# remainingBudget: 1268
# currentBudget: 422
# nbConfigurations: 46
# Markers:
     x No test is performed.
     c Configurations are discarded only due to capping.
     - The test is performed and some configurations are discarded.
     = The test is performed but no configuration is discarded.
     ! The test is performed and configurations could be discarded but elite configurations are preserved.
     . All alive configurations are elite and nothing is discarded.

+-+-----------+-----------+-----------+----------------+-----------+--------+-----+----+------+
| |   Instance|      Alive|       Best|       Mean best| Exp so far|  W time|  rho|KenW|  Qvar|
+-+-----------+-----------+-----------+----------------+-----------+--------+-----+----+------+
|x|         10|         46|         48|     30.62544057|         46|00:00:43|   NA|  NA|    NA|
|x|          2|         46|         79|     76.76115101|         87|00:00:12|+0.08|0.54|0.5604|
|x|          5|         46|         79|     64.09668374|        128|00:00:12|+0.26|0.51|0.4077|
|x|          6|         46|         79|     49.36261415|        169|00:00:11|+0.33|0.50|0.4656|
|-|          1|         23|         79|     40.31961582|        210|00:00:12|-0.06|0.15|1.0350|
|=|          4|         23|         79|     42.10782447|        228|00:00:10|-0.09|0.09|0.9587|
|=|          3|         23|         79|     98.41345568|        246|00:00:31|-0.05|0.10|0.9148|
|=|          9|         23|         79|     199.9862417|        264|00:00:45|+0.01|0.13|0.8761|
|=|          7|         23|        140|     176.0119638|        282|00:00:09|+0.04|0.15|0.8319|
|=|          8|         23|        140|     14146.57475|        300|00:00:08|-0.03|0.07|0.9245|
|=|         11|         23|        140|     12880.28289|        323|00:00:44|-0.02|0.08|0.9132|
+-+-----------+-----------+-----------+----------------+-----------+--------+-----+----+------+
Best-so-far configuration:         140    mean value:      12880.28289
Description of the best-so-far configuration:
    .ID. particles topology modInfluence branching tSchedule phi1 phi2 inertia
140  140        41        4            0        NA        NA 1.95 2.38     0.7
    .PARENT.
140       48

# 2025-05-16 22:55:27 -04: Elite configurations (first number is the configuration ID; listed from best to worst according to the sum of ranks):
    particles topology modInfluence branching tSchedule phi1 phi2 inertia
140        41        4            0        NA        NA 1.95 2.38    0.70
79         29        4            0        NA        NA 2.24 2.40    0.47
48         30        4            0        NA        NA 2.22 2.12    0.72
135        49        4            0        NA        NA 1.48 2.06    0.65
94         34        4            2        NA        NA 1.18 2.34    0.67
# 2025-05-16 22:55:27 -04: Iteration 4 of 5
# experimentsUsed: 1055
# remainingBudget: 945
# currentBudget: 472
# nbConfigurations: 43
# Markers:
     x No test is performed.
     c Configurations are discarded only due to capping.
     - The test is performed and some configurations are discarded.
     = The test is performed but no configuration is discarded.
     ! The test is performed and configurations could be discarded but elite configurations are preserved.
     . All alive configurations are elite and nothing is discarded.

+-+-----------+-----------+-----------+----------------+-----------+--------+-----+----+------+
| |   Instance|      Alive|       Best|       Mean best| Exp so far|  W time|  rho|KenW|  Qvar|
+-+-----------+-----------+-----------+----------------+-----------+--------+-----+----+------+
|x|         12|         43|        177|     70.17801990|         43|00:00:07|   NA|  NA|    NA|
|x|         10|         43|        177|     50.36174968|         81|00:00:31|+0.01|0.51|0.4561|
|x|          7|         43|        165|     80.87597098|        119|00:00:07|+0.10|0.40|0.4274|
|x|          5|         43|        193|     80.94175698|        157|00:00:07|+0.10|0.33|0.3943|
|-|          3|         32|        165|     107.3212635|        195|00:00:43|-0.07|0.14|0.9471|
|=|         11|         32|        193|     131.9844687|        222|00:00:49|-0.03|0.14|0.9266|
|=|          4|         32|         48|     110.9084040|        249|00:00:04|+0.02|0.16|0.8704|
|=|          9|         32|         48|     210.6863209|        276|00:00:52|+0.06|0.18|0.8497|
|=|          2|         32|         48|     207.9754013|        303|00:00:03|+0.01|0.12|0.8542|
|=|          6|         32|         48|     187.8971834|        330|00:00:03|-0.01|0.09|0.8901|
|=|          1|         32|         48|     171.2046607|        357|00:00:03|-0.00|0.09|0.9000|
|=|          8|         32|         48|     12701.55779|        384|00:00:03|+0.00|0.08|0.9180|
|=|         13|         32|        190|     8984.188136|        416|00:00:34|-0.01|0.07|0.9433|
+-+-----------+-----------+-----------+----------------+-----------+--------+-----+----+------+
Best-so-far configuration:         190    mean value:      8984.188136
Description of the best-so-far configuration:
    .ID. particles topology modInfluence branching tSchedule phi1 phi2 inertia
190  190        45        4            0        NA        NA 1.67 2.19    0.61
    .PARENT.
190      135

# 2025-05-16 22:59:41 -04: Elite configurations (first number is the configuration ID; listed from best to worst according to the sum of ranks):
    particles topology modInfluence branching tSchedule phi1 phi2 inertia
190        45        4            0        NA        NA 1.67 2.19    0.61
48         30        4            0        NA        NA 2.22 2.12    0.72
140        41        4            0        NA        NA 1.95 2.38    0.70
135        49        4            0        NA        NA 1.48 2.06    0.65
171        56        4            0        NA        NA 1.75 2.27    0.73
# 2025-05-16 22:59:41 -04: Iteration 5 of 5
# experimentsUsed: 1471
# remainingBudget: 529
# currentBudget: 529
# nbConfigurations: 42
# Markers:
     x No test is performed.
     c Configurations are discarded only due to capping.
     - The test is performed and some configurations are discarded.
     = The test is performed but no configuration is discarded.
     ! The test is performed and configurations could be discarded but elite configurations are preserved.
     . All alive configurations are elite and nothing is discarded.

+-+-----------+-----------+-----------+----------------+-----------+--------+-----+----+------+
| |   Instance|      Alive|       Best|       Mean best| Exp so far|  W time|  rho|KenW|  Qvar|
+-+-----------+-----------+-----------+----------------+-----------+--------+-----+----+------+
|x|         14|         42|        216|     228.5248106|         42|00:01:16|   NA|  NA|    NA|
|x|         13|         42|        216|     544.9493242|         79|00:00:42|+0.39|0.70|0.7694|
|x|         10|         42|        216|     373.9559494|        116|00:00:29|+0.11|0.41|0.8939|
|x|          5|         42|        216|     293.2571621|        153|00:00:04|+0.07|0.30|0.8854|
|=|          1|         42|        190|     248.8812807|        190|00:00:04|-0.02|0.19|0.9753|
|=|          2|         42|        220|     124.9784514|        227|00:00:04|-0.03|0.14|0.9627|
|=|          6|         42|        226|     198.1963692|        264|00:00:03|+0.01|0.15|0.9331|
|=|          7|         42|        222|     191.9989612|        301|00:00:04|-0.01|0.12|0.9510|
|=|          8|         42|        222|     12980.11289|        338|00:00:03|+0.01|0.12|0.9343|
|=|          3|         42|        222|     11710.05607|        375|00:00:42|-0.02|0.08|0.9446|
|=|          4|         42|        222|     10647.68084|        412|00:00:05|-0.04|0.06|0.9306|
|=|         11|         42|         48|     12706.00975|        449|00:01:03|-0.03|0.06|0.9173|
|=|          9|         42|        222|     9096.565356|        486|00:01:07|-0.01|0.07|0.8997|
|=|         12|         42|        222|     8453.731227|        523|00:00:04|-0.01|0.06|0.9124|
+-+-----------+-----------+-----------+----------------+-----------+--------+-----+----+------+
Best-so-far configuration:         222    mean value:      8453.731227
Description of the best-so-far configuration:
    .ID. particles topology modInfluence branching tSchedule phi1 phi2 inertia
222  222        45        4            0        NA        NA 2.02 2.42    0.59
    .PARENT.
222      140

# 2025-05-16 23:05:40 -04: Elite configurations (first number is the configuration ID; listed from best to worst according to the sum of ranks):
    particles topology modInfluence branching tSchedule phi1 phi2 inertia
222        45        4            0        NA        NA 2.02 2.42    0.59
48         30        4            0        NA        NA 2.22 2.12    0.72
229        53        4            0        NA        NA 1.66 2.14    0.62
190        45        4            0        NA        NA 1.67 2.19    0.61
140        41        4            0        NA        NA 1.95 2.38    0.70
# 2025-05-16 23:05:40 -04: Stopped because there is not enough budget left to race more than the minimum (5).
# You may either increase the budget or set 'minNbSurvival' to a lower value.
# Iteration: 6
# nbIterations: 6
# experimentsUsed: 1994
# timeUsed: 0
# remainingBudget: 6
# currentBudget: 6
# number of elites: 5
# nbConfigurations: 5
# Total CPU user time: 8383.058, CPU sys time: 70.979, Wall-clock time: 1300.228
# 2025-05-16 23:05:40 -04: Starting post-selection:
# Configurations selected: 222, 48, 229, 190, 140, 135.
# Pending instances: 0, 0, 0, 0, 0, 0.
# 2025-05-16 23:05:40 -04: seed: 11235813
# Configurations: 6
# Available experiments: 6
# minSurvival: 1
# Markers:
     x No test is performed.
     c Configurations are discarded only due to capping.
     - The test is performed and some configurations are discarded.
     = The test is performed but no configuration is discarded.
     ! The test is performed and configurations could be discarded but elite configurations are preserved.
     . All alive configurations are elite and nothing is discarded.

+-+-----------+-----------+-----------+----------------+-----------+--------+-----+----+------+
| |   Instance|      Alive|       Best|       Mean best| Exp so far|  W time|  rho|KenW|  Qvar|
+-+-----------+-----------+-----------+----------------+-----------+--------+-----+----+------+
|.|         10|          6|        229|     29.00473806|          0|00:00:00|   NA|  NA|    NA|
|.|          2|          6|        229|     78.66579386|          0|00:00:00|+0.31|0.66|0.5865|
|.|         11|          6|        229|     120.2703851|          0|00:00:00|+0.12|0.42|0.7577|
|.|          5|          6|        229|     103.1346216|          0|00:00:00|-0.18|0.11|1.0029|
|.|          1|          6|        229|     83.34766725|          0|00:00:00|-0.13|0.09|0.9455|
|.|          6|          6|        229|     70.52048675|          0|00:00:00|-0.02|0.15|0.8617|
|.|         12|          6|        229|     74.18334694|          0|00:00:00|+0.03|0.17|0.7984|
|.|         14|          6|        229|     97.83876153|          0|00:00:00|-0.03|0.10|0.8609|
|.|          9|          6|        229|     188.0180651|          0|00:00:00|-0.03|0.09|0.8444|
|.|         13|          6|        229|     257.0454970|          0|00:00:00|-0.00|0.10|0.8374|
|.|          4|          6|        229|     234.9860890|          0|00:00:00|-0.06|0.04|0.8825|
|.|          3|          6|        229|     236.5693009|          0|00:00:00|-0.08|0.01|0.8969|
|.|          7|          6|        229|     229.4458787|          0|00:00:00|-0.06|0.02|0.8882|
|.|          8|          6|        229|     8364.415934|          0|00:00:00|-0.05|0.03|0.8757|
|=|         15|          6|        222|     7926.935083|          6|00:00:12|-0.03|0.04|0.8570|
+-+-----------+-----------+-----------+----------------+-----------+--------+-----+----+------+
Best-so-far configuration:         222    mean value:      7926.935083
Description of the best-so-far configuration:
    .ID. particles topology modInfluence branching tSchedule phi1 phi2 inertia
222  222        45        4            0        NA        NA 2.02 2.42    0.59
    .PARENT.
222      140

# 2025-05-16 23:05:53 -04: Elite configurations (first number is the configuration ID; listed from best to worst according to the sum of ranks):
    particles topology modInfluence branching tSchedule phi1 phi2 inertia
222        45        4            0        NA        NA 2.02 2.42    0.59
229        53        4            0        NA        NA 1.66 2.14    0.62
190        45        4            0        NA        NA 1.67 2.19    0.61
135        49        4            0        NA        NA 1.48 2.06    0.65
140        41        4            0        NA        NA 1.95 2.38    0.70
# Total CPU user time: 8456.8, CPU sys time: 71.261, Wall-clock time: 1312.636
    .ID. particles topology modInfluence branching tSchedule phi1 phi2 inertia
222  222        45        4            0        NA        NA 2.02 2.42    0.59
229  229        53        4            0        NA        NA 1.66 2.14    0.62
190  190        45        4            0        NA        NA 1.67 2.19    0.61
135  135        49        4            0        NA        NA 1.48 2.06    0.65
140  140        41        4            0        NA        NA 1.95 2.38    0.70
    .PARENT. .RANK.   .WEIGHT.
222      140     43 0.33333333
229      140     50 0.26666667
190      135     52 0.20000000
135       79     54 0.13333333
140       48     57 0.06666667
