# 2025-06-12 17:31:14 -04: Reading parameter file '/home/dianag/PruebasPablo/irace-independent-executions/PSO-X/Scenarios/E6-BL-Multimodal-SR/Runs/E6-BL-Multimodal-SR_seed_11235813/parameters.txt'.
# 2025-06-12 17:31:14 -04: 2 expression(s) specifying forbidden configurations read.
# 2025-06-12 17:31:15 -04: Initialization
# Elitist race
# Elitist new instances: 1
# Elitist limit: 2
# nbIterations: 5
# minNbSurvival: 5
# nbParameters: 8
# seed: 11235813
# confidence level: 0.95
# budget: 2000
# mu: 5
# deterministic: FALSE

# 2025-06-12 17:31:15 -04: Iteration 1 of 5
# experimentsUsed: 0
# remainingBudget: 2000
# currentBudget: 400
# nbConfigurations: 66
# Markers:
     x No test is performed.
     c Configurations are discarded only due to capping.
     - The test is performed and some configurations are discarded.
     = The test is performed but no configuration is discarded.
     ! The test is performed and configurations could be discarded but elite configurations are preserved.
     . All alive configurations are elite and nothing is discarded.

+-+-----------+-----------+-----------+----------------+-----------+--------+-----+----+------+
| |   Instance|      Alive|       Best|       Mean best| Exp so far|  W time|  rho|KenW|  Qvar|
+-+-----------+-----------+-----------+----------------+-----------+--------+-----+----+------+
|x|          1|         66|          2|     13.76265416|         66|00:00:51|   NA|  NA|    NA|
|x|          2|         66|         59|     8.389510365|        132|00:00:21|+0.40|0.70|0.5955|
|x|          3|         66|         59|     14.91701414|        198|00:00:20|+0.55|0.70|0.4111|
|x|          4|         66|          1|     15.49646914|        264|00:00:31|+0.40|0.55|0.6236|
|-|          5|         25|         64|     12.92788139|        330|00:00:21|-0.11|0.11|1.0292|
|=|          6|         25|         62|     27.74006163|        355|00:00:07|-0.09|0.09|0.9892|
|=|          7|         25|         62|     29.15190927|        380|00:00:22|-0.05|0.10|0.9802|
+-+-----------+-----------+-----------+----------------+-----------+--------+-----+----+------+
Best-so-far configuration:          62    mean value:      29.15190927
Description of the best-so-far configuration:
   .ID. particles topology modInfluence branching tSchedule phi1 phi2 inertia
62   62       115        1            0        NA        NA 1.55 2.05    0.69
   .PARENT.
62       NA

# 2025-06-12 17:34:11 -04: Elite configurations (first number is the configuration ID; listed from best to worst according to the sum of ranks):
   particles topology modInfluence branching tSchedule phi1 phi2 inertia
62       115        1            0        NA        NA 1.55 2.05    0.69
29       151        4            2        NA        NA 1.80 2.46    0.70
54        17        5            0        NA        10 1.06 2.42    0.40
3        157        1            0        NA        NA 1.10 1.60    0.28
21       113        3            1        NA        NA 1.96 2.31    0.75
# 2025-06-12 17:34:11 -04: Iteration 2 of 5
# experimentsUsed: 380
# remainingBudget: 1620
# currentBudget: 405
# nbConfigurations: 55
# Markers:
     x No test is performed.
     c Configurations are discarded only due to capping.
     - The test is performed and some configurations are discarded.
     = The test is performed but no configuration is discarded.
     ! The test is performed and configurations could be discarded but elite configurations are preserved.
     . All alive configurations are elite and nothing is discarded.

+-+-----------+-----------+-----------+----------------+-----------+--------+-----+----+------+
| |   Instance|      Alive|       Best|       Mean best| Exp so far|  W time|  rho|KenW|  Qvar|
+-+-----------+-----------+-----------+----------------+-----------+--------+-----+----+------+
|x|          8|         55|         80|     15584.95854|         55|00:00:14|   NA|  NA|    NA|
|x|          2|         55|        114|     7921.028518|        105|00:00:13|+0.32|0.66|0.6901|
|x|          1|         55|         69|     5354.556709|        155|00:00:39|+0.40|0.60|0.6362|
|x|          4|         55|         70|     3998.551035|        205|00:00:23|+0.36|0.52|0.6401|
|-|          7|         35|         87|     3311.501488|        255|00:00:41|-0.06|0.15|0.9829|
|=|          6|         35|         87|     2769.422283|        285|00:00:13|+0.03|0.19|0.9063|
|=|          3|         35|        116|     2331.298132|        315|00:00:13|+0.04|0.17|0.8820|
|-|          5|         21|         87|     2080.790200|        345|00:00:13|-0.05|0.08|0.9847|
|=|          9|         21|         87|     1850.440699|        366|00:00:02|-0.02|0.10|0.9640|
|=|         10|         21|         87|     1903.875313|        387|00:00:02|-0.01|0.09|0.9543|
+-+-----------+-----------+-----------+----------------+-----------+--------+-----+----+------+
Best-so-far configuration:          87    mean value:      1903.875313
Description of the best-so-far configuration:
   .ID. particles topology modInfluence branching tSchedule phi1 phi2 inertia
87   87       106        4            0        NA        NA 1.72 2.01    0.76
   .PARENT.
87       62

# 2025-06-12 17:37:08 -04: Elite configurations (first number is the configuration ID; listed from best to worst according to the sum of ranks):
    particles topology modInfluence branching tSchedule phi1 phi2 inertia
87        106        4            0        NA        NA 1.72 2.01    0.76
116        56        1            0        NA        NA 1.67 1.53    0.75
80        127        0            0        NA        NA 1.54 1.41    0.85
102       115        4            2        NA        NA 1.80 2.48    0.90
70        151        4            0        NA        NA 0.96 2.18    0.30
# 2025-06-12 17:37:08 -04: Iteration 3 of 5
# experimentsUsed: 767
# remainingBudget: 1233
# currentBudget: 411
# nbConfigurations: 41
# Markers:
     x No test is performed.
     c Configurations are discarded only due to capping.
     - The test is performed and some configurations are discarded.
     = The test is performed but no configuration is discarded.
     ! The test is performed and configurations could be discarded but elite configurations are preserved.
     . All alive configurations are elite and nothing is discarded.

+-+-----------+-----------+-----------+----------------+-----------+--------+-----+----+------+
| |   Instance|      Alive|       Best|       Mean best| Exp so far|  W time|  rho|KenW|  Qvar|
+-+-----------+-----------+-----------+----------------+-----------+--------+-----+----+------+
|x|         11|         41|        144|     20.77321731|         41|00:00:15|   NA|  NA|    NA|
|x|          7|         41|        127|     29.26426476|         77|00:00:37|+0.17|0.58|0.7344|
|x|          9|         41|        152|     20.64482368|        113|00:00:15|+0.14|0.43|0.7584|
|x|          1|         41|        127|     19.58390102|        149|00:00:34|+0.17|0.38|0.7522|
|-|          6|         27|        127|     40.23034272|        185|00:00:15|-0.07|0.14|0.9562|
|=|          5|         27|        127|     33.68443640|        207|00:00:12|-0.05|0.13|0.9261|
|=|         10|         27|        148|     280.4563523|        229|00:00:11|-0.05|0.10|0.9226|
|=|          4|         27|        148|     245.4764619|        251|00:00:17|-0.04|0.09|0.9106|
|=|          8|         27|        148|     1910.003261|        273|00:00:12|-0.01|0.11|0.8745|
|=|          3|         27|        152|     1664.073562|        295|00:00:12|+0.00|0.10|0.8911|
|=|          2|         27|        148|     1565.402727|        317|00:00:12|-0.03|0.07|0.9045|
|=|         12|         27|        152|     1388.507623|        344|00:00:12|-0.03|0.06|0.9221|
+-+-----------+-----------+-----------+----------------+-----------+--------+-----+----+------+
Best-so-far configuration:         152    mean value:      1388.507623
Description of the best-so-far configuration:
    .ID. particles topology modInfluence branching tSchedule phi1 phi2 inertia
152  152        36        1            0        NA        NA 1.52 2.35    0.79
    .PARENT.
152      116

# 2025-06-12 17:40:37 -04: Elite configurations (first number is the configuration ID; listed from best to worst according to the sum of ranks):
    particles topology modInfluence branching tSchedule phi1 phi2 inertia
152        36        1            0        NA        NA 1.52 2.35    0.79
141        73        5            0        NA         8 0.65 1.78    0.79
149       157        4            2        NA        NA 1.67 2.35    0.84
148        84        4            0        NA        NA 1.92 2.26    0.70
140       199        4            0        NA        NA 0.54 2.50    0.39
# 2025-06-12 17:40:37 -04: Iteration 4 of 5
# experimentsUsed: 1111
# remainingBudget: 889
# currentBudget: 444
# nbConfigurations: 38
# Markers:
     x No test is performed.
     c Configurations are discarded only due to capping.
     - The test is performed and some configurations are discarded.
     = The test is performed but no configuration is discarded.
     ! The test is performed and configurations could be discarded but elite configurations are preserved.
     . All alive configurations are elite and nothing is discarded.

+-+-----------+-----------+-----------+----------------+-----------+--------+-----+----+------+
| |   Instance|      Alive|       Best|       Mean best| Exp so far|  W time|  rho|KenW|  Qvar|
+-+-----------+-----------+-----------+----------------+-----------+--------+-----+----+------+
|x|         13|         38|        181|     91048.35174|         38|00:00:10|   NA|  NA|    NA|
|x|         10|         38|        167|     64929.40232|         71|00:00:05|+0.24|0.62|1.0064|
|x|          1|         38|        167|     43294.33189|        104|00:00:23|-0.05|0.30|1.0315|
|x|          8|         38|        140|     36895.03668|        137|00:00:05|-0.00|0.25|0.9870|
|=|         11|         38|        140|     29520.20883|        170|00:00:05|+0.02|0.22|0.9420|
|=|          7|         38|        148|     23544.25466|        203|00:00:25|+0.02|0.18|0.9625|
|=|          2|         38|        163|     25706.02487|        236|00:00:05|-0.00|0.14|0.9532|
|=|          9|         38|        148|     17658.42470|        269|00:00:05|-0.02|0.11|0.9485|
|=|          5|         38|        148|     15696.39323|        302|00:00:05|+0.01|0.12|0.9234|
|=|         12|         38|        148|     14128.85793|        335|00:00:05|-0.01|0.09|0.9444|
|=|          4|         38|        163|     16361.29905|        368|00:00:11|+0.00|0.09|0.9244|
|=|          3|         38|        155|     18377.96579|        401|00:00:05|+0.01|0.09|0.9193|
|=|          6|         38|        152|     14660.60393|        434|00:00:05|+0.01|0.09|0.9122|
+-+-----------+-----------+-----------+----------------+-----------+--------+-----+----+------+
Best-so-far configuration:         152    mean value:      14660.60393
Description of the best-so-far configuration:
    .ID. particles topology modInfluence branching tSchedule phi1 phi2 inertia
152  152        36        1            0        NA        NA 1.52 2.35    0.79
    .PARENT.
152      116

# 2025-06-12 17:42:34 -04: Elite configurations (first number is the configuration ID; listed from best to worst according to the sum of ranks):
    particles topology modInfluence branching tSchedule phi1 phi2 inertia
152        36        1            0        NA        NA 1.52 2.35    0.79
155        51        1            0        NA        NA 1.73 2.42    0.80
163        62        1            0        NA        NA 2.05 2.48    0.72
148        84        4            0        NA        NA 1.92 2.26    0.70
140       199        4            0        NA        NA 0.54 2.50    0.39
# 2025-06-12 17:42:34 -04: Iteration 5 of 5
# experimentsUsed: 1545
# remainingBudget: 455
# currentBudget: 455
# nbConfigurations: 37
# Markers:
     x No test is performed.
     c Configurations are discarded only due to capping.
     - The test is performed and some configurations are discarded.
     = The test is performed but no configuration is discarded.
     ! The test is performed and configurations could be discarded but elite configurations are preserved.
     . All alive configurations are elite and nothing is discarded.

+-+-----------+-----------+-----------+----------------+-----------+--------+-----+----+------+
| |   Instance|      Alive|       Best|       Mean best| Exp so far|  W time|  rho|KenW|  Qvar|
+-+-----------+-----------+-----------+----------------+-----------+--------+-----+----+------+
|x|         14|         37|        192|     162.2761220|         37|00:00:03|   NA|  NA|    NA|
|x|         12|         37|        206|     101.0098544|         69|00:00:04|-0.01|0.50|0.8555|
|x|          9|         37|        206|     70.92119405|        101|00:00:03|-0.08|0.28|0.6215|
|x|          3|         37|        155|     59.60473467|        133|00:00:03|+0.03|0.27|0.4615|
|=|          4|         37|        189|     45.97655457|        165|00:00:11|+0.07|0.26|0.5991|
|=|          5|         37|        189|     38.37850801|        197|00:00:03|+0.07|0.22|0.5116|
|-|         10|         27|        189|     105.7283794|        229|00:00:02|-0.09|0.07|1.0468|
|=|          6|         27|        189|     103.1100978|        251|00:00:02|-0.08|0.06|0.9906|
|=|         13|         27|        189|     19959.45679|        273|00:00:06|-0.05|0.06|0.9344|
|=|         11|         27|        205|     11403.47467|        295|00:00:03|-0.04|0.06|0.9313|
|=|          1|         27|        205|     10368.92983|        317|00:00:17|-0.05|0.05|0.9516|
|=|          7|         27|        205|     9508.076457|        339|00:00:18|-0.03|0.06|0.9467|
|=|          2|         27|        189|     13825.00813|        361|00:00:02|-0.03|0.05|0.9586|
|=|          8|         27|        202|     11003.28302|        383|00:00:03|-0.02|0.05|0.9313|
|=|         15|         27|        202|     11373.64848|        410|00:00:03|-0.01|0.06|0.9021|
+-+-----------+-----------+-----------+----------------+-----------+--------+-----+----+------+
Best-so-far configuration:         202    mean value:      11373.64848
Description of the best-so-far configuration:
    .ID. particles topology modInfluence branching tSchedule phi1 phi2 inertia
202  202        59        4            0        NA        NA 2.13 2.22    0.74
    .PARENT.
202      148

# 2025-06-12 17:44:04 -04: Elite configurations (first number is the configuration ID; listed from best to worst according to the sum of ranks):
    particles topology modInfluence branching tSchedule phi1 phi2 inertia
202        59        4            0        NA        NA 2.13 2.22    0.74
214        82        4            0        NA        NA 1.41 2.23    0.71
190        66        1            0        NA        NA 2.15 2.15    0.64
189        47        1            0        NA        NA 1.53 2.37    0.68
155        51        1            0        NA        NA 1.73 2.42    0.80
# 2025-06-12 17:44:04 -04: Iteration 6 of 6
# experimentsUsed: 1955
# remainingBudget: 45
# currentBudget: 45
# nbConfigurations: 7
# Markers:
     x No test is performed.
     c Configurations are discarded only due to capping.
     - The test is performed and some configurations are discarded.
     = The test is performed but no configuration is discarded.
     ! The test is performed and configurations could be discarded but elite configurations are preserved.
     . All alive configurations are elite and nothing is discarded.

+-+-----------+-----------+-----------+----------------+-----------+--------+-----+----+------+
| |   Instance|      Alive|       Best|       Mean best| Exp so far|  W time|  rho|KenW|  Qvar|
+-+-----------+-----------+-----------+----------------+-----------+--------+-----+----+------+
|x|         16|          7|        214|     12.81683747|          7|00:00:01|   NA|  NA|    NA|
|x|         11|          7|        190|     16.77847306|          9|00:00:00|+0.57|0.79|0.2116|
|x|         12|          7|        155|     18.21172947|         11|00:00:01|+0.07|0.38|0.7614|
|x|         13|          7|        214|     37124.38749|         13|00:00:02|+0.10|0.33|0.7318|
|=|         15|          7|        190|     30029.53694|         15|00:00:01|+0.08|0.26|0.7905|
|=|         14|          7|        190|     25054.64566|         17|00:00:00|-0.01|0.15|0.8534|
|=|          7|          7|        190|     21481.20222|         19|00:00:06|-0.01|0.14|0.8636|
|=|          2|          7|        190|     18796.07895|         21|00:00:00|+0.06|0.18|0.7963|
|=|          9|          7|        190|     16709.32565|         23|00:00:00|+0.03|0.14|0.7990|
|=|         10|          7|        190|     15054.08044|         25|00:00:00|+0.07|0.16|0.7636|
|=|          3|          7|        190|     13688.13393|         27|00:00:01|+0.08|0.16|0.7528|
|=|          6|          7|        190|     12556.17038|         29|00:00:01|+0.02|0.10|0.7984|
|=|          8|          7|        155|     18292.56033|         31|00:00:01|+0.00|0.08|0.8290|
|=|          4|          7|        155|     16985.99525|         33|00:00:02|+0.01|0.08|0.8177|
|=|          5|          7|        190|     11115.61442|         35|00:00:01|+0.02|0.09|0.8067|
|=|          1|          7|        214|     11439.92716|         37|00:00:05|+0.02|0.08|0.8139|
|=|         17|          7|        214|     10767.12098|         44|00:00:01|+0.03|0.09|0.7951|
+-+-----------+-----------+-----------+----------------+-----------+--------+-----+----+------+
Best-so-far configuration:         214    mean value:      10767.12098
Description of the best-so-far configuration:
    .ID. particles topology modInfluence branching tSchedule phi1 phi2 inertia
214  214        82        4            0        NA        NA 1.41 2.23    0.71
    .PARENT.
214      148

# 2025-06-12 17:44:35 -04: Elite configurations (first number is the configuration ID; listed from best to worst according to the sum of ranks):
    particles topology modInfluence branching tSchedule phi1 phi2 inertia
214        82        4            0        NA        NA 1.41 2.23    0.71
190        66        1            0        NA        NA 2.15 2.15    0.64
155        51        1            0        NA        NA 1.73 2.42    0.80
218        63        4            0        NA        NA 2.21 2.11    0.71
202        59        4            0        NA        NA 2.13 2.22    0.74
# 2025-06-12 17:44:35 -04: Stopped because there is not enough budget left to race more than the minimum (5).
# You may either increase the budget or set 'minNbSurvival' to a lower value.
# Iteration: 7
# nbIterations: 7
# experimentsUsed: 1999
# timeUsed: 0
# remainingBudget: 1
# currentBudget: 1
# number of elites: 5
# nbConfigurations: 5
# Total CPU user time: 5424.531, CPU sys time: 61.904, Wall-clock time: 800.71
    .ID. particles topology modInfluence branching tSchedule phi1 phi2 inertia
214  214        82        4            0        NA        NA 1.41 2.23    0.71
190  190        66        1            0        NA        NA 2.15 2.15    0.64
155  155        51        1            0        NA        NA 1.73 2.42    0.80
218  218        63        4            0        NA        NA 2.21 2.11    0.71
202  202        59        4            0        NA        NA 2.13 2.22    0.74
    .PARENT. .RANK.   .WEIGHT.
214      148     61 0.33333333
190      163     61 0.26666667
155      152     63 0.20000000
218      202     63 0.13333333
202      148     66 0.06666667
