# 2025-05-22 00:07:03 -04: Reading parameter file '/home/dianag/PruebasPablo/irace-independent-executions/PSO-X/Scenarios/E7-BH-Multimodal-N/Runs/E7-BH-Multimodal-N_seed_2314/parameters.txt'.
# 2025-05-22 00:07:03 -04: 2 expression(s) specifying forbidden configurations read.
# 2025-05-22 00:07:03 -04: Initialization
# Elitist race
# Elitist new instances: 1
# Elitist limit: 2
# nbIterations: 5
# minNbSurvival: 5
# nbParameters: 8
# seed: 2314
# confidence level: 0.95
# budget: 4000
# mu: 5
# deterministic: FALSE

# 2025-05-22 00:07:03 -04: Iteration 1 of 5
# experimentsUsed: 0
# remainingBudget: 4000
# currentBudget: 800
# nbConfigurations: 133
# Markers:
     x No test is performed.
     c Configurations are discarded only due to capping.
     - The test is performed and some configurations are discarded.
     = The test is performed but no configuration is discarded.
     ! The test is performed and configurations could be discarded but elite configurations are preserved.
     . All alive configurations are elite and nothing is discarded.

+-+-----------+-----------+-----------+----------------+-----------+--------+-----+----+------+
| |   Instance|      Alive|       Best|       Mean best| Exp so far|  W time|  rho|KenW|  Qvar|
+-+-----------+-----------+-----------+----------------+-----------+--------+-----+----+------+
|x|          1|        132|         19|     133.1896242|        132|00:00:33|   NA|  NA|    NA|
|x|          2|        132|          5|     8640.875075|        264|00:00:37|+0.28|0.64|0.7547|
|x|          3|        132|        116|     5902.071819|        396|00:00:34|+0.35|0.57|0.6722|
|x|          4|        132|        116|     4426.670337|        528|00:01:01|+0.37|0.52|0.6513|
|-|          5|         53|        107|     67442.94247|        660|00:00:34|-0.07|0.15|0.7445|
|=|          6|         53|          5|     2920.264404|        713|00:00:08|-0.05|0.13|0.7336|
|=|          7|         53|        116|     2588.004235|        766|00:00:07|+0.00|0.15|0.7238|
+-+-----------+-----------+-----------+----------------+-----------+--------+-----+----+------+
Best-so-far configuration:         116    mean value:      2588.004235
Description of the best-so-far configuration:
    .ID. particles topology modInfluence branching tSchedule phi1 phi2 inertia
116  116        28        1            0        NA        NA 0.71 0.98    0.39
    .PARENT.
116       NA

# 2025-05-22 00:10:41 -04: Elite configurations (first number is the configuration ID; listed from best to worst according to the sum of ranks):
    particles topology modInfluence branching tSchedule phi1 phi2 inertia
116        28        1            0        NA        NA 0.71 0.98    0.39
113        65        4            0        NA        NA 0.87 2.08    0.79
5          38        5            0        NA         7 2.37 1.47    0.74
17        169        1            0        NA        NA 1.67 2.49    0.37
33        122        5            0        NA         4 0.06 2.37    0.47
# 2025-05-22 00:10:41 -04: Iteration 2 of 5
# experimentsUsed: 766
# remainingBudget: 3234
# currentBudget: 808
# nbConfigurations: 105
# Markers:
     x No test is performed.
     c Configurations are discarded only due to capping.
     - The test is performed and some configurations are discarded.
     = The test is performed but no configuration is discarded.
     ! The test is performed and configurations could be discarded but elite configurations are preserved.
     . All alive configurations are elite and nothing is discarded.

+-+-----------+-----------+-----------+----------------+-----------+--------+-----+----+------+
| |   Instance|      Alive|       Best|       Mean best| Exp so far|  W time|  rho|KenW|  Qvar|
+-+-----------+-----------+-----------+----------------+-----------+--------+-----+----+------+
|x|          8|        105|        194|     47669.88433|        105|00:00:35|   NA|  NA|    NA|
|x|          7|        105|        194|     23922.98868|        205|00:00:19|+0.32|0.66|0.6932|
|x|          1|        105|        168|     33590.02430|        305|00:00:19|+0.34|0.56|0.6942|
|x|          2|        105|        168|     29089.78691|        405|00:00:22|+0.42|0.56|0.6149|
|-|          6|         37|        168|     23322.95873|        505|00:00:19|-0.02|0.18|0.9718|
|=|          4|         37|        168|     19435.84795|        537|00:00:15|-0.01|0.16|0.9269|
|=|          3|         37|        168|     16662.26414|        569|00:00:08|+0.01|0.15|0.9082|
|=|          5|         37|        168|     14579.53633|        601|00:00:08|-0.00|0.12|0.9347|
|=|          9|         37|        168|     12964.13866|        638|00:00:29|-0.02|0.10|0.9627|
+-+-----------+-----------+-----------+----------------+-----------+--------+-----+----+------+
Best-so-far configuration:         168    mean value:      12964.13866
Description of the best-so-far configuration:
    .ID. particles topology modInfluence branching tSchedule phi1 phi2 inertia
168  168       106        5            0        NA         7 2.06 1.91    0.68
    .PARENT.
168        5

# 2025-05-22 00:13:38 -04: Elite configurations (first number is the configuration ID; listed from best to worst according to the sum of ranks):
    particles topology modInfluence branching tSchedule phi1 phi2 inertia
168       106        5            0        NA         7 2.06 1.91    0.68
116        28        1            0        NA        NA 0.71 0.98    0.39
226        64        4            0        NA        NA 1.68 1.96    0.38
137        11        1            0        NA        NA 1.03 1.31    0.62
211        52        4            0        NA        NA 2.26 1.63    0.49
# 2025-05-22 00:13:38 -04: Iteration 3 of 5
# experimentsUsed: 1404
# remainingBudget: 2596
# currentBudget: 865
# nbConfigurations: 91
# Markers:
     x No test is performed.
     c Configurations are discarded only due to capping.
     - The test is performed and some configurations are discarded.
     = The test is performed but no configuration is discarded.
     ! The test is performed and configurations could be discarded but elite configurations are preserved.
     . All alive configurations are elite and nothing is discarded.

+-+-----------+-----------+-----------+----------------+-----------+--------+-----+----+------+
| |   Instance|      Alive|       Best|       Mean best| Exp so far|  W time|  rho|KenW|  Qvar|
+-+-----------+-----------+-----------+----------------+-----------+--------+-----+----+------+
|x|         10|         91|        252|    0.5974679185|         91|00:00:20|   NA|  NA|    NA|
|x|          7|         91|        301|     95.08080257|        177|00:00:19|-0.00|0.50|0.6096|
|x|          3|         91|        278|     70.12803481|        263|00:00:18|+0.24|0.49|0.5565|
|x|          8|         91|        278|     13513.00664|        349|00:00:31|+0.27|0.45|0.6354|
|-|          9|         36|        318|     17985.72377|        435|00:01:04|-0.01|0.19|1.0445|
|=|          4|         36|        278|     9015.519634|        466|00:00:11|-0.04|0.13|1.0024|
|=|          6|         36|        278|     7757.921210|        497|00:00:03|+0.01|0.15|0.9452|
|=|          5|         36|        299|     11958.80307|        528|00:00:03|+0.00|0.13|0.9640|
|=|          1|         36|        299|     10695.71381|        559|00:00:03|-0.02|0.10|0.9887|
|=|          2|         36|        299|     11328.46569|        590|00:00:04|+0.00|0.10|0.9547|
|=|         11|         36|        264|     9356.561372|        626|00:00:04|+0.03|0.11|0.9307|
+-+-----------+-----------+-----------+----------------+-----------+--------+-----+----+------+
Best-so-far configuration:         264    mean value:      9356.561372
Description of the best-so-far configuration:
    .ID. particles topology modInfluence branching tSchedule phi1 phi2 inertia
264  264       102        4            0        NA        NA 1.22 2.45     0.3
    .PARENT.
264      226

# 2025-05-22 00:16:44 -04: Elite configurations (first number is the configuration ID; listed from best to worst according to the sum of ranks):
    particles topology modInfluence branching tSchedule phi1 phi2 inertia
264       102        4            0        NA        NA 1.22 2.45    0.30
301        87        4            0        NA        NA 1.27 2.21    0.36
299        78        4            0        NA        NA 1.59 2.27    0.42
278        59        4            0        NA        NA 1.21 2.42    0.33
318        74        4            0        NA        NA 2.30 2.31    0.38
# 2025-05-22 00:16:44 -04: Iteration 4 of 5
# experimentsUsed: 2030
# remainingBudget: 1970
# currentBudget: 985
# nbConfigurations: 86
# Markers:
     x No test is performed.
     c Configurations are discarded only due to capping.
     - The test is performed and some configurations are discarded.
     = The test is performed but no configuration is discarded.
     ! The test is performed and configurations could be discarded but elite configurations are preserved.
     . All alive configurations are elite and nothing is discarded.

+-+-----------+-----------+-----------+----------------+-----------+--------+-----+----+------+
| |   Instance|      Alive|       Best|       Mean best| Exp so far|  W time|  rho|KenW|  Qvar|
+-+-----------+-----------+-----------+----------------+-----------+--------+-----+----+------+
|x|         12|         86|        394|    0.3754631207|         86|00:00:07|   NA|  NA|    NA|
|x|          8|         86|        360|     34593.98813|        167|00:00:19|+0.02|0.51|0.6266|
|x|          1|         86|        360|     23180.78815|        248|00:00:06|+0.20|0.47|0.4693|
|x|         11|         86|        376|     16562.48556|        329|00:00:07|+0.26|0.44|0.3963|
|-|          5|         38|        376|     13250.04430|        410|00:00:07|-0.08|0.14|1.0369|
|=|          9|         38|        376|     11048.36563|        443|00:00:25|-0.07|0.11|1.0173|
|=|          4|         38|        376|     9470.096020|        476|00:00:11|-0.05|0.10|1.0043|
|=|          6|         38|        364|     9780.042970|        509|00:00:03|-0.04|0.09|1.0092|
|=|          3|         38|        364|     8695.130479|        542|00:00:03|-0.04|0.07|1.0092|
|=|          2|         38|        364|     9494.123957|        575|00:00:04|-0.02|0.08|0.9824|
|=|         10|         38|        333|     8611.168827|        608|00:00:03|-0.03|0.06|0.9955|
|=|          7|         38|        364|     7927.951969|        641|00:00:03|-0.03|0.05|0.9945|
|=|         13|         38|        333|     7305.204056|        679|00:00:03|-0.03|0.05|0.9964|
+-+-----------+-----------+-----------+----------------+-----------+--------+-----+----+------+
Best-so-far configuration:         333    mean value:      7305.204056
Description of the best-so-far configuration:
    .ID. particles topology modInfluence branching tSchedule phi1 phi2 inertia
333  333        85        4            0        NA        NA 1.59 2.37    0.35
    .PARENT.
333      299

# 2025-05-22 00:18:32 -04: Elite configurations (first number is the configuration ID; listed from best to worst according to the sum of ranks):
    particles topology modInfluence branching tSchedule phi1 phi2 inertia
333        85        4            0        NA        NA 1.59 2.37    0.35
364        58        4            0        NA        NA 1.51 2.33    0.45
394        87        4            0        NA        NA 1.64 2.41    0.45
342       101        4            0        NA        NA 1.20 2.36    0.32
376       101        4            0        NA        NA 1.26 2.44    0.32
# 2025-05-22 00:18:32 -04: Iteration 5 of 5
# experimentsUsed: 2709
# remainingBudget: 1291
# currentBudget: 1291
# nbConfigurations: 96
# Markers:
     x No test is performed.
     c Configurations are discarded only due to capping.
     - The test is performed and some configurations are discarded.
     = The test is performed but no configuration is discarded.
     ! The test is performed and configurations could be discarded but elite configurations are preserved.
     . All alive configurations are elite and nothing is discarded.

+-+-----------+-----------+-----------+----------------+-----------+--------+-----+----+------+
| |   Instance|      Alive|       Best|       Mean best| Exp so far|  W time|  rho|KenW|  Qvar|
+-+-----------+-----------+-----------+----------------+-----------+--------+-----+----+------+
|x|         14|         96|        429|     2.756606865|         96|00:00:58|   NA|  NA|    NA|
|x|          3|         96|        486|     9.104461891|        187|00:00:08|-0.12|0.44|0.9866|
|x|         11|         96|        468|     40.62341719|        278|00:00:08|+0.03|0.35|0.9207|
|x|          2|         96|        468|     4079.067343|        369|00:00:09|+0.04|0.28|0.8135|
|=|         10|         96|        468|     3263.432516|        460|00:00:09|+0.02|0.22|0.7845|
|-|          4|         51|        468|     2719.582427|        551|00:00:28|-0.10|0.08|1.0704|
|=|          9|         51|        468|     2336.636703|        597|00:00:32|-0.08|0.07|1.0540|
|=|          7|         51|        444|     2070.120199|        643|00:00:04|-0.06|0.07|1.0358|
|=|          5|         51|        444|     1840.133459|        689|00:00:03|-0.04|0.08|1.0192|
|=|         13|         51|        468|     1658.312779|        735|00:00:04|-0.02|0.08|1.0069|
|=|         12|         51|        468|     1507.595569|        781|00:00:04|-0.02|0.07|1.0044|
|=|          1|         51|        468|     1413.072196|        827|00:00:03|-0.01|0.07|0.9982|
|=|          8|         51|        468|     10284.98856|        873|00:00:11|-0.01|0.06|1.0002|
|=|          6|         51|        468|     9566.661347|        919|00:00:03|-0.02|0.06|1.0032|
|=|         15|         51|        468|     8930.275236|        970|00:00:05|-0.02|0.05|1.0018|
+-+-----------+-----------+-----------+----------------+-----------+--------+-----+----+------+
Best-so-far configuration:         468    mean value:      8930.275236
Description of the best-so-far configuration:
    .ID. particles topology modInfluence branching tSchedule phi1 phi2 inertia
468  468        94        4            0        NA        NA 1.77 2.21    0.46
    .PARENT.
468      333

# 2025-05-22 00:21:49 -04: Elite configurations (first number is the configuration ID; listed from best to worst according to the sum of ranks):
    particles topology modInfluence branching tSchedule phi1 phi2 inertia
468        94        4            0        NA        NA 1.77 2.21    0.46
444       119        4            0        NA        NA 1.09 2.39    0.34
427       106        4            0        NA        NA 1.08 2.50    0.41
486        75        4            0        NA        NA 1.87 2.28    0.47
333        85        4            0        NA        NA 1.59 2.37    0.35
# 2025-05-22 00:21:49 -04: Iteration 6 of 6
# experimentsUsed: 3679
# remainingBudget: 321
# currentBudget: 321
# nbConfigurations: 24
# Markers:
     x No test is performed.
     c Configurations are discarded only due to capping.
     - The test is performed and some configurations are discarded.
     = The test is performed but no configuration is discarded.
     ! The test is performed and configurations could be discarded but elite configurations are preserved.
     . All alive configurations are elite and nothing is discarded.

+-+-----------+-----------+-----------+----------------+-----------+--------+-----+----+------+
| |   Instance|      Alive|       Best|       Mean best| Exp so far|  W time|  rho|KenW|  Qvar|
+-+-----------+-----------+-----------+----------------+-----------+--------+-----+----+------+
|x|         16|         24|        486|   0.03484385598|         24|00:00:02|   NA|  NA|    NA|
|x|          9|         24|        505|     18.56778186|         43|00:00:13|-0.20|0.40|1.0109|
|x|          5|         24|        496|     13.09316504|         62|00:00:02|-0.11|0.26|0.9983|
|x|          6|         24|        496|     54.43958602|         81|00:00:02|-0.01|0.24|0.9198|
|=|         15|         24|        496|     47.72500728|        100|00:00:02|+0.00|0.20|0.8985|
|=|         12|         24|        496|     39.86495665|        119|00:00:01|-0.02|0.15|0.9580|
|=|          1|         24|        468|     94.61487477|        138|00:00:01|-0.02|0.13|0.9638|
|=|          3|         24|        468|     84.72981555|        157|00:00:02|+0.01|0.14|0.9571|
|=|         10|         24|        468|     75.41463691|        176|00:00:02|+0.01|0.12|0.9731|
|=|         13|         24|        468|     70.20324198|        195|00:00:01|+0.06|0.15|0.9304|
|=|         14|         24|        468|     64.10007268|        214|00:00:11|+0.05|0.14|0.9208|
|-|          2|         10|        468|     1408.291660|        233|00:00:02|+0.00|0.09|0.9243|
|=|          7|         10|        444|     1454.878728|        238|00:00:01|+0.03|0.10|0.9124|
|=|          4|         10|        468|     1221.639570|        243|00:00:03|+0.04|0.11|0.9023|
|=|         11|         10|        468|     1147.081430|        248|00:00:01|+0.02|0.09|0.9064|
|=|          8|         10|        468|     8372.137895|        253|00:00:02|+0.01|0.07|0.9168|
|=|         17|         10|        468|     7880.413980|        263|00:00:01|+0.02|0.08|0.9044|
+-+-----------+-----------+-----------+----------------+-----------+--------+-----+----+------+
Best-so-far configuration:         468    mean value:      7880.413980
Description of the best-so-far configuration:
    .ID. particles topology modInfluence branching tSchedule phi1 phi2 inertia
468  468        94        4            0        NA        NA 1.77 2.21    0.46
    .PARENT.
468      333

# 2025-05-22 00:22:46 -04: Elite configurations (first number is the configuration ID; listed from best to worst according to the sum of ranks):
    particles topology modInfluence branching tSchedule phi1 phi2 inertia
468        94        4            0        NA        NA 1.77 2.21    0.46
427       106        4            0        NA        NA 1.08 2.50    0.41
444       119        4            0        NA        NA 1.09 2.39    0.34
486        75        4            0        NA        NA 1.87 2.28    0.47
507       129        4            0        NA        NA 1.23 2.47    0.37
# 2025-05-22 00:22:46 -04: Iteration 7 of 7
# experimentsUsed: 3942
# remainingBudget: 58
# currentBudget: 58
# nbConfigurations: 7
# Markers:
     x No test is performed.
     c Configurations are discarded only due to capping.
     - The test is performed and some configurations are discarded.
     = The test is performed but no configuration is discarded.
     ! The test is performed and configurations could be discarded but elite configurations are preserved.
     . All alive configurations are elite and nothing is discarded.

+-+-----------+-----------+-----------+----------------+-----------+--------+-----+----+------+
| |   Instance|      Alive|       Best|       Mean best| Exp so far|  W time|  rho|KenW|  Qvar|
+-+-----------+-----------+-----------+----------------+-----------+--------+-----+----+------+
|x|         18|          7|        486|     215.2273503|          7|00:00:01|   NA|  NA|    NA|
|x|          2|          7|        468|     8210.415138|          9|00:00:00|-0.54|0.23|1.3143|
|x|         16|          7|        486|     5707.126081|         11|00:00:00|-0.13|0.25|1.0089|
|x|         15|          7|        468|     4110.444435|         13|00:00:00|-0.25|0.06|1.0548|
|=|          9|          7|        468|     3296.148019|         15|00:00:06|-0.13|0.09|0.9515|
|=|          5|          7|        468|     2746.831367|         17|00:00:00|-0.10|0.09|0.9222|
|=|         11|          7|        468|     2369.179382|         19|00:00:00|-0.04|0.11|0.8537|
|=|          4|          7|        468|     2073.073457|         21|00:00:02|+0.01|0.13|0.8171|
|=|         14|          7|        468|     1843.072893|         23|00:00:05|+0.03|0.14|0.8160|
|=|          8|          7|        468|     13333.56409|         25|00:00:02|-0.03|0.08|0.8605|
|=|         17|          7|        468|     12122.58839|         27|00:00:01|-0.00|0.09|0.8474|
|=|         12|          7|        468|     11112.40798|         29|00:00:00|-0.03|0.06|0.8715|
|=|          3|          7|        468|     10258.80232|         31|00:00:01|-0.03|0.05|0.8694|
|=|          7|          7|        468|     9540.539442|         33|00:00:00|-0.02|0.05|0.8607|
|=|          6|          7|        468|     8919.730655|         35|00:00:00|-0.02|0.04|0.8718|
|=|         13|          7|        468|     8363.703782|         37|00:00:00|-0.00|0.06|0.8485|
|=|          1|          7|        468|     7893.680918|         39|00:00:01|-0.00|0.06|0.8413|
|=|         10|          7|        468|     7455.192712|         41|00:00:01|+0.01|0.06|0.8310|
|=|         19|          7|        468|     7066.380074|         48|00:00:01|+0.01|0.06|0.8352|
+-+-----------+-----------+-----------+----------------+-----------+--------+-----+----+------+
Best-so-far configuration:         468    mean value:      7066.380074
Description of the best-so-far configuration:
    .ID. particles topology modInfluence branching tSchedule phi1 phi2 inertia
468  468        94        4            0        NA        NA 1.77 2.21    0.46
    .PARENT.
468      333

# 2025-05-22 00:23:18 -04: Elite configurations (first number is the configuration ID; listed from best to worst according to the sum of ranks):
    particles topology modInfluence branching tSchedule phi1 phi2 inertia
468        94        4            0        NA        NA 1.77 2.21    0.46
427       106        4            0        NA        NA 1.08 2.50    0.41
486        75        4            0        NA        NA 1.87 2.28    0.47
444       119        4            0        NA        NA 1.09 2.39    0.34
511        94        4            0        NA        NA 1.67 2.26    0.49
# 2025-05-22 00:23:18 -04: Stopped because there is not enough budget left to race more than the minimum (5).
# You may either increase the budget or set 'minNbSurvival' to a lower value.
# Iteration: 8
# nbIterations: 8
# experimentsUsed: 3990
# timeUsed: 0
# remainingBudget: 10
# currentBudget: 10
# number of elites: 5
# nbConfigurations: 5
# Total CPU user time: 7865.589, CPU sys time: 119.802, Wall-clock time: 974.372
# 2025-05-22 00:23:18 -04: Starting post-selection:
# Configurations selected: 468, 427, 486, 444, 511, 507, 333.
# Pending instances: 1, 1, 1, 1, 1, 1, 3.
# 2025-05-22 00:23:18 -04: seed: 2314
# Configurations: 7
# Available experiments: 10
# minSurvival: 1
# Markers:
     x No test is performed.
     c Configurations are discarded only due to capping.
     - The test is performed and some configurations are discarded.
     = The test is performed but no configuration is discarded.
     ! The test is performed and configurations could be discarded but elite configurations are preserved.
     . All alive configurations are elite and nothing is discarded.

+-+-----------+-----------+-----------+----------------+-----------+--------+-----+----+------+
| |   Instance|      Alive|       Best|       Mean best| Exp so far|  W time|  rho|KenW|  Qvar|
+-+-----------+-----------+-----------+----------------+-----------+--------+-----+----+------+
|x|         18|          7|        486|     215.2273503|          1|00:00:00|   NA|  NA|    NA|
|.|          3|          7|        486|     115.2309191|          1|00:00:00|-0.14|0.43|0.8380|
|.|          5|          7|        486|     76.90854394|          1|00:00:00|+0.05|0.37|0.7246|
|.|         15|          7|        486|     62.92292810|          1|00:00:00|-0.11|0.17|0.8648|
|.|         14|          7|        486|     50.93322965|          1|00:00:00|+0.04|0.23|0.7556|
|.|          8|          7|        486|     12855.90543|          1|00:00:00|+0.00|0.17|0.8266|
|.|          1|          7|        486|     11055.84817|          1|00:00:00|+0.03|0.17|0.7733|
|.|          4|          7|        486|     9673.920680|          1|00:00:00|-0.03|0.10|0.8171|
|.|          2|          7|        486|     10477.49794|          1|00:00:00|+0.01|0.12|0.8038|
|.|         13|          7|        486|     9432.323766|          1|00:00:00|+0.04|0.13|0.7803|
|.|         17|          7|        486|     8576.020114|          1|00:00:00|+0.02|0.11|0.8091|
|.|         11|          7|        486|     7874.778496|          1|00:00:00|+0.02|0.10|0.8061|
|.|          6|          7|        486|     7285.183574|          1|00:00:00|+0.02|0.09|0.8354|
|x|         19|          7|        468|     9572.695895|          2|00:00:00|+0.02|0.09|0.8385|
|.|         16|          7|        468|     8934.521354|          2|00:00:00|+0.05|0.11|0.8231|
|.|         10|          7|        468|     8376.169595|          2|00:00:00|+0.04|0.10|0.8285|
|.|          9|          7|        468|     7885.745640|          2|00:00:00|+0.04|0.09|0.8285|
|.|         12|          7|        468|     7447.672186|          2|00:00:00|+0.03|0.08|0.8446|
|.|          7|          7|        468|     7066.380074|          2|00:00:00|+0.04|0.09|0.8381|
|=|         20|          7|        468|     7520.329304|          9|00:00:01|+0.03|0.08|0.8337|
+-+-----------+-----------+-----------+----------------+-----------+--------+-----+----+------+
Best-so-far configuration:         468    mean value:      7520.329304
Description of the best-so-far configuration:
    .ID. particles topology modInfluence branching tSchedule phi1 phi2 inertia
468  468        94        4            0        NA        NA 1.77 2.21    0.46
    .PARENT.
468      333

# 2025-05-22 00:23:21 -04: Elite configurations (first number is the configuration ID; listed from best to worst according to the sum of ranks):
    particles topology modInfluence branching tSchedule phi1 phi2 inertia
468        94        4            0        NA        NA 1.77 2.21    0.46
427       106        4            0        NA        NA 1.08 2.50    0.41
486        75        4            0        NA        NA 1.87 2.28    0.47
444       119        4            0        NA        NA 1.09 2.39    0.34
511        94        4            0        NA        NA 1.67 2.26    0.49
# Total CPU user time: 7874.296, CPU sys time: 120.053, Wall-clock time: 977.299
    .ID. particles topology modInfluence branching tSchedule phi1 phi2 inertia
468  468        94        4            0        NA        NA 1.77 2.21    0.46
427  427       106        4            0        NA        NA 1.08 2.50    0.41
486  486        75        4            0        NA        NA 1.87 2.28    0.47
444  444       119        4            0        NA        NA 1.09 2.39    0.34
511  511        94        4            0        NA        NA 1.67 2.26    0.49
    .PARENT. .RANK.   .WEIGHT.
468      333     63 0.33333333
427      376     71 0.26666667
486      394     74 0.20000000
444      342     78 0.13333333
511      468     85 0.06666667
