# 2025-05-16 10:02:41 -04: Reading parameter file '/home/dianag/PruebasPablo/irace-independent-executions/MMASQAP/Scenarios/E2-BL-SR/Runs/E2-BL-SR_seed_123456789/parameters.txt'.
# 2025-05-16 10:02:41 -04: Initialization
# Elitist race
# Elitist new instances: 1
# Elitist limit: 2
# nbIterations: 3
# minNbSurvival: 3
# nbParameters: 3
# seed: 123456789
# confidence level: 0.95
# budget: 750
# mu: 5
# deterministic: FALSE

# 2025-05-16 10:02:41 -04: Iteration 1 of 3
# experimentsUsed: 0
# remainingBudget: 750
# currentBudget: 250
# nbConfigurations: 41
# Markers:
     x No test is performed.
     c Configurations are discarded only due to capping.
     - The test is performed and some configurations are discarded.
     = The test is performed but no configuration is discarded.
     ! The test is performed and configurations could be discarded but elite configurations are preserved.
     . All alive configurations are elite and nothing is discarded.

+-+-----------+-----------+-----------+----------------+-----------+--------+-----+----+------+
| |   Instance|      Alive|       Best|       Mean best| Exp so far|  W time|  rho|KenW|  Qvar|
+-+-----------+-----------+-----------+----------------+-----------+--------+-----+----+------+
|x|          1|         41|         39|     7378456.000|         41|00:00:16|   NA|  NA|    NA|
|x|          2|         41|          1|     3997974.000|         82|00:00:15|+0.38|0.69|0.5304|
|x|          3|         41|          1|     5131861.333|        123|00:00:14|+0.55|0.70|0.4063|
|x|          4|         41|         39|     3986720.500|        164|00:00:15|+0.49|0.62|0.4109|
|-|          5|          8|         39|     4691394.800|        205|00:00:15|+0.07|0.25|0.8042|
|=|          6|          8|         39|     5177387.667|        213|00:00:05|+0.01|0.17|0.8507|
|=|          7|          8|          1|     5522359.714|        221|00:00:05|+0.07|0.21|0.7984|
+-+-----------+-----------+-----------+----------------+-----------+--------+-----+----+------+
Best-so-far configuration:           1    mean value:      5522359.714
Description of the best-so-far configuration:
  .ID. localsearch  rho ants .PARENT.
1    1           3 0.33   12       NA

# 2025-05-16 10:04:09 -04: Elite configurations (first number is the configuration ID; listed from best to worst according to the sum of ranks):
   localsearch  rho ants
1            3 0.33   12
39           3 0.28   36
24           3 0.55    3
# 2025-05-16 10:04:09 -04: Iteration 2 of 3
# experimentsUsed: 221
# remainingBudget: 529
# currentBudget: 264
# nbConfigurations: 35
# Markers:
     x No test is performed.
     c Configurations are discarded only due to capping.
     - The test is performed and some configurations are discarded.
     = The test is performed but no configuration is discarded.
     ! The test is performed and configurations could be discarded but elite configurations are preserved.
     . All alive configurations are elite and nothing is discarded.

+-+-----------+-----------+-----------+----------------+-----------+--------+-----+----+------+
| |   Instance|      Alive|       Best|       Mean best| Exp so far|  W time|  rho|KenW|  Qvar|
+-+-----------+-----------+-----------+----------------+-----------+--------+-----+----+------+
|x|          8|         35|         47|     351946.0000|         35|00:00:16|   NA|  NA|    NA|
|x|          5|         35|         39|     3932996.000|         67|00:00:14|+0.36|0.68|0.7510|
|x|          6|         35|         24|     5150794.000|         99|00:00:14|+0.54|0.69|0.5295|
|x|          4|         35|         39|     4003088.500|        131|00:00:14|+0.39|0.55|0.6721|
|-|          2|         14|         73|     3326521.200|        163|00:00:14|-0.08|0.13|1.0364|
|=|          1|         14|         39|     4002408.667|        174|00:00:09|-0.12|0.07|1.0264|
|=|          7|         14|         73|     4517864.571|        185|00:00:09|-0.10|0.06|1.0084|
|=|          3|         14|         45|     4876083.500|        196|00:00:08|-0.08|0.05|0.9843|
|=|          9|         14|         71|     5187283.556|        210|00:00:09|-0.07|0.05|0.9820|
+-+-----------+-----------+-----------+----------------+-----------+--------+-----+----+------+
Best-so-far configuration:          71    mean value:      5187283.556
Description of the best-so-far configuration:
   .ID. localsearch  rho ants .PARENT.
71   71           3 0.35    6        1

# 2025-05-16 10:06:01 -04: Elite configurations (first number is the configuration ID; listed from best to worst according to the sum of ranks):
   localsearch  rho ants
71           3 0.35    6
39           3 0.28   36
45           3 0.40   24
# 2025-05-16 10:06:01 -04: Iteration 3 of 3
# experimentsUsed: 431
# remainingBudget: 319
# currentBudget: 319
# nbConfigurations: 34
# Markers:
     x No test is performed.
     c Configurations are discarded only due to capping.
     - The test is performed and some configurations are discarded.
     = The test is performed but no configuration is discarded.
     ! The test is performed and configurations could be discarded but elite configurations are preserved.
     . All alive configurations are elite and nothing is discarded.

+-+-----------+-----------+-----------+----------------+-----------+--------+-----+----+------+
| |   Instance|      Alive|       Best|       Mean best| Exp so far|  W time|  rho|KenW|  Qvar|
+-+-----------+-----------+-----------+----------------+-----------+--------+-----+----+------+
|x|         10|         34|         45|     713752.0000|         34|00:00:18|   NA|  NA|    NA|
|x|          7|         34|         45|     4160959.000|         65|00:00:16|+0.36|0.68|0.5092|
|x|          6|         34|         77|     5307676.000|         96|00:00:16|+0.44|0.63|0.3733|
|x|          4|         34|         71|     4117494.000|        127|00:00:16|+0.26|0.44|0.5836|
|-|          9|         22|         71|     4825688.800|        158|00:00:16|-0.08|0.13|1.0472|
|=|          1|         22|         77|     5250637.000|        177|00:00:13|-0.03|0.14|0.9957|
|=|          2|         22|         77|     4588141.143|        196|00:00:13|-0.02|0.13|0.9768|
|=|          3|         22|         77|     4939051.750|        215|00:00:14|+0.02|0.14|0.9503|
|=|          8|         22|         77|     4430552.889|        234|00:00:13|+0.06|0.16|0.9097|
|=|          5|         22|         77|     4739944.800|        253|00:00:13|+0.06|0.15|0.9112|
|=|         11|         22|         45|     5006016.909|        275|00:00:14|+0.02|0.11|0.9436|
+-+-----------+-----------+-----------+----------------+-----------+--------+-----+----+------+
Best-so-far configuration:          45    mean value:      5006016.909
Description of the best-so-far configuration:
   .ID. localsearch rho ants .PARENT.
45   45           3 0.4   24        1

# 2025-05-16 10:08:49 -04: Elite configurations (first number is the configuration ID; listed from best to worst according to the sum of ranks):
   localsearch  rho ants
45           3 0.40   24
71           3 0.35    6
77           3 0.28    8
# 2025-05-16 10:08:49 -04: Iteration 4 of 4
# experimentsUsed: 706
# remainingBudget: 44
# currentBudget: 44
# nbConfigurations: 6
# Markers:
     x No test is performed.
     c Configurations are discarded only due to capping.
     - The test is performed and some configurations are discarded.
     = The test is performed but no configuration is discarded.
     ! The test is performed and configurations could be discarded but elite configurations are preserved.
     . All alive configurations are elite and nothing is discarded.

+-+-----------+-----------+-----------+----------------+-----------+--------+-----+----+------+
| |   Instance|      Alive|       Best|       Mean best| Exp so far|  W time|  rho|KenW|  Qvar|
+-+-----------+-----------+-----------+----------------+-----------+--------+-----+----+------+
|x|         12|          6|        105|     312762.0000|          6|00:00:05|   NA|  NA|    NA|
|x|         10|          6|        105|     514884.0000|          9|00:00:05|-0.32|0.34|0.9778|
|x|          1|          6|         45|     2802586.667|         12|00:00:05|+0.06|0.37|0.6788|
|x|          9|          6|         71|     4016589.500|         15|00:00:04|+0.20|0.40|0.5114|
|=|          8|          6|         71|     3284468.000|         18|00:00:05|+0.10|0.28|0.5980|
|=|         11|          6|         71|     4016691.333|         21|00:00:04|+0.12|0.26|0.5859|
|=|          3|          6|         71|     4499276.857|         24|00:00:04|+0.02|0.16|0.7023|
|=|          7|          6|         71|     4888465.750|         27|00:00:05|+0.04|0.16|0.7278|
|=|          2|          6|         45|     4413212.444|         30|00:00:04|+0.02|0.13|0.7610|
|=|          5|          6|         45|     4722471.200|         33|00:00:04|+0.07|0.16|0.7499|
|=|          4|          6|         45|     4342527.091|         36|00:00:04|+0.09|0.17|0.7258|
|=|          6|          6|         45|     4615213.500|         39|00:00:04|+0.09|0.17|0.7240|
+-+-----------+-----------+-----------+----------------+-----------+--------+-----+----+------+
Best-so-far configuration:          45    mean value:      4615213.500
Description of the best-so-far configuration:
   .ID. localsearch rho ants .PARENT.
45   45           3 0.4   24        1

# 2025-05-16 10:09:48 -04: Elite configurations (first number is the configuration ID; listed from best to worst according to the sum of ranks):
    localsearch  rho ants
45            3 0.40   24
71            3 0.35    6
105           3 0.54   24
# 2025-05-16 10:09:48 -04: Stopped because there is not enough budget left to race more than the minimum (3).
# You may either increase the budget or set 'minNbSurvival' to a lower value.
# Iteration: 5
# nbIterations: 5
# experimentsUsed: 745
# timeUsed: 0
# remainingBudget: 5
# currentBudget: 5
# number of elites: 3
# nbConfigurations: 3
# Total CPU user time: 2649.301, CPU sys time: 16.606, Wall-clock time: 427.019
# 2025-05-16 10:09:48 -04: Starting post-selection:
# Configurations selected: 45, 71, 105, 77, 106.
# Pending instances: 0, 0, 0, 0, 0.
# 2025-05-16 10:09:48 -04: seed: 123456789
# Configurations: 5
# Available experiments: 5
# minSurvival: 1
# Markers:
     x No test is performed.
     c Configurations are discarded only due to capping.
     - The test is performed and some configurations are discarded.
     = The test is performed but no configuration is discarded.
     ! The test is performed and configurations could be discarded but elite configurations are preserved.
     . All alive configurations are elite and nothing is discarded.

+-+-----------+-----------+-----------+----------------+-----------+--------+-----+----+------+
| |   Instance|      Alive|       Best|       Mean best| Exp so far|  W time|  rho|KenW|  Qvar|
+-+-----------+-----------+-----------+----------------+-----------+--------+-----+----+------+
|.|          8|          5|         71|     355982.0000|          0|00:00:00|   NA|  NA|    NA|
|.|          5|          5|         71|     3936466.000|          0|00:00:00|-0.30|0.35|0.9090|
|.|         12|          5|         71|     2729288.667|          0|00:00:00|+0.17|0.44|0.6278|
|.|          7|          5|         71|     3950163.500|          0|00:00:00|+0.12|0.34|0.6986|
|.|          1|          5|         71|     4635662.800|          0|00:00:00|+0.07|0.26|0.6939|
|.|         10|          5|         71|     3982268.333|          0|00:00:00|+0.13|0.28|0.6328|
|.|          6|          5|         71|     4498759.714|          0|00:00:00|+0.16|0.28|0.6330|
|.|          4|          5|         71|     4004437.750|          0|00:00:00|+0.18|0.28|0.6070|
|.|          2|          5|         71|     3629169.333|          0|00:00:00|+0.12|0.22|0.6979|
|.|         11|          5|         71|     4034033.200|          0|00:00:00|+0.12|0.20|0.6978|
|.|          9|          5|         71|     4363527.273|          0|00:00:00|+0.14|0.22|0.6643|
|.|          3|          5|         71|     4616132.500|          0|00:00:00|+0.11|0.18|0.6847|
|=|         13|          5|         71|     4809730.154|          5|00:00:04|+0.09|0.16|0.7145|
+-+-----------+-----------+-----------+----------------+-----------+--------+-----+----+------+
Best-so-far configuration:          71    mean value:      4809730.154
Description of the best-so-far configuration:
   .ID. localsearch  rho ants .PARENT.
71   71           3 0.35    6        1

# 2025-05-16 10:09:53 -04: Elite configurations (first number is the configuration ID; listed from best to worst according to the sum of ranks):
   localsearch  rho ants
71           3 0.35    6
45           3 0.40   24
77           3 0.28    8
# Total CPU user time: 2672.118, CPU sys time: 16.71, Wall-clock time: 431.898
   .ID. localsearch  rho ants .PARENT. .RANK.  .WEIGHT.
71   71           3 0.35    6        1   31.0 0.5000000
45   45           3 0.40   24        1   33.5 0.3333333
77   77           3 0.28    8       71   38.5 0.1666667
