# 2025-06-05 09:46:49 -04: Reading parameter file '/home/dianag/PruebasPablo/irace-independent-executions/ACOTSP/Scenarios/E1-BL-N/Runs/E1-BL-N_seed_600613007/parameters.txt'.
# 2025-06-05 09:46:49 -04: 1 expression(s) specifying forbidden configurations read.
# 2025-06-05 09:46:49 -04: Initialization
# Elitist race
# Elitist new instances: 1
# Elitist limit: 2
# nbIterations: 5
# minNbSurvival: 5
# nbParameters: 11
# seed: 600613007
# confidence level: 0.95
# budget: 2750
# mu: 5
# deterministic: FALSE

# 2025-06-05 09:46:49 -04: Iteration 1 of 5
# experimentsUsed: 0
# remainingBudget: 2750
# currentBudget: 550
# nbConfigurations: 91
# Markers:
     x No test is performed.
     c Configurations are discarded only due to capping.
     - The test is performed and some configurations are discarded.
     = The test is performed but no configuration is discarded.
     ! The test is performed and configurations could be discarded but elite configurations are preserved.
     . All alive configurations are elite and nothing is discarded.

+-+-----------+-----------+-----------+----------------+-----------+--------+-----+----+------+
| |   Instance|      Alive|       Best|       Mean best| Exp so far|  W time|  rho|KenW|  Qvar|
+-+-----------+-----------+-----------+----------------+-----------+--------+-----+----+------+
|x|          1|         91|         88|     33253495.00|         91|00:02:28|   NA|  NA|    NA|
|x|          2|         91|         88|     32911300.00|        182|00:02:22|+0.97|0.99|0.0025|
|x|          3|         91|         84|     32834089.67|        273|00:02:22|+0.98|0.98|0.0021|
|x|          4|         91|         84|     32698550.25|        364|00:02:22|+0.97|0.98|0.0020|
|-|          5|          6|         84|     32749736.40|        455|00:02:21|+0.07|0.26|0.7887|
|=|          6|          6|         84|     32712967.00|        461|00:00:19|+0.14|0.28|0.7180|
|=|          7|          6|         84|     32728903.43|        467|00:00:19|+0.18|0.30|0.6962|
+-+-----------+-----------+-----------+----------------+-----------+--------+-----+----+------+
Best-so-far configuration:          84    mean value:      32728903.43
Description of the best-so-far configuration:
   .ID. algorithm localsearch alpha beta  rho ants q0 rasrank elitistants nnls
84   84      mmas           3  1.45 9.64 0.97   51 NA      NA          NA   32
   dlb .PARENT.
84   1       NA

# 2025-06-05 09:59:27 -04: Elite configurations (first number is the configuration ID; listed from best to worst according to the sum of ranks):
   algorithm localsearch alpha beta  rho ants   q0 rasrank elitistants nnls dlb
84      mmas           3  1.45 9.64 0.97   51   NA      NA          NA   32   1
88       acs           3  3.32 3.39 0.35   63 0.47      NA          NA   49   1
77      mmas           2  0.98 3.70 0.69   54   NA      NA          NA   36   1
29       acs           3  3.98 0.50 0.86    6 0.07      NA          NA   47   0
79       eas           3  2.23 1.20 0.45   30   NA      NA          21   25   0
# 2025-06-05 09:59:27 -04: Iteration 2 of 5
# experimentsUsed: 467
# remainingBudget: 2283
# currentBudget: 570
# nbConfigurations: 75
# Markers:
     x No test is performed.
     c Configurations are discarded only due to capping.
     - The test is performed and some configurations are discarded.
     = The test is performed but no configuration is discarded.
     ! The test is performed and configurations could be discarded but elite configurations are preserved.
     . All alive configurations are elite and nothing is discarded.

+-+-----------+-----------+-----------+----------------+-----------+--------+-----+----+------+
| |   Instance|      Alive|       Best|       Mean best| Exp so far|  W time|  rho|KenW|  Qvar|
+-+-----------+-----------+-----------+----------------+-----------+--------+-----+----+------+
|x|          8|         75|         88|     32471368.00|         75|00:02:04|   NA|  NA|    NA|
|x|          1|         75|         88|     32862431.50|        145|00:02:04|+0.98|0.99|0.0017|
|x|          2|         75|         88|     32764656.00|        215|00:02:06|+0.96|0.98|0.0018|
|x|          4|         75|         84|     32659670.00|        285|00:02:10|+0.96|0.97|0.0016|
|-|          5|          6|         84|     32718632.20|        355|00:02:05|+0.19|0.35|0.7266|
|=|          7|          6|         84|     32736280.50|        356|00:00:22|+0.19|0.33|0.7142|
|=|          3|          6|         84|     32729507.57|        357|00:00:18|+0.14|0.26|0.7426|
|-|          6|          2|         84|     32704459.12|        358|00:00:21|-0.07|0.06|0.5357|
+-+-----------+-----------+-----------+----------------+-----------+--------+-----+----+------+
Best-so-far configuration:          84    mean value:      32704459.12
Description of the best-so-far configuration:
   .ID. algorithm localsearch alpha beta  rho ants q0 rasrank elitistants nnls
84   84      mmas           3  1.45 9.64 0.97   51 NA      NA          NA   32
   dlb .PARENT.
84   1       NA

# 2025-06-05 10:10:59 -04: Elite configurations (first number is the configuration ID; listed from best to worst according to the sum of ranks):
   algorithm localsearch alpha beta  rho ants   q0 rasrank elitistants nnls dlb
84      mmas           3  1.45 9.64 0.97   51   NA      NA          NA   32   1
88       acs           3  3.32 3.39 0.35   63 0.47      NA          NA   49   1
# 2025-06-05 10:10:59 -04: Iteration 3 of 5
# experimentsUsed: 825
# remainingBudget: 1925
# currentBudget: 641
# nbConfigurations: 73
# Markers:
     x No test is performed.
     c Configurations are discarded only due to capping.
     - The test is performed and some configurations are discarded.
     = The test is performed but no configuration is discarded.
     ! The test is performed and configurations could be discarded but elite configurations are preserved.
     . All alive configurations are elite and nothing is discarded.

+-+-----------+-----------+-----------+----------------+-----------+--------+-----+----+------+
| |   Instance|      Alive|       Best|       Mean best| Exp so far|  W time|  rho|KenW|  Qvar|
+-+-----------+-----------+-----------+----------------+-----------+--------+-----+----+------+
|x|          9|         73|        193|     32635279.00|         73|00:02:00|   NA|  NA|    NA|
|x|          6|         73|        193|     32562170.00|        144|00:01:53|+0.95|0.97|0.0015|
|x|          4|         73|        193|     32462500.00|        215|00:02:03|+0.95|0.97|0.0022|
|x|          3|         73|        193|     32491204.75|        286|00:01:56|+0.95|0.96|0.0024|
|-|          5|          6|        193|     32585541.20|        357|00:02:01|+0.34|0.47|0.4215|
|-|          1|          4|        193|     32679956.67|        361|00:00:10|+0.47|0.56|0.2610|
+-+-----------+-----------+-----------+----------------+-----------+--------+-----+----+------+
Best configuration for the instances in this race: 193
Best-so-far configuration:          84    mean value:      32703224.22
Description of the best-so-far configuration:
   .ID. algorithm localsearch alpha beta  rho ants q0 rasrank elitistants nnls
84   84      mmas           3  1.45 9.64 0.97   51 NA      NA          NA   32
   dlb .PARENT.
84   1       NA

# 2025-06-05 10:21:06 -04: Elite configurations (first number is the configuration ID; listed from best to worst according to the sum of ranks):
    algorithm localsearch alpha beta  rho ants   q0 rasrank elitistants nnls
84       mmas           3  1.45 9.64 0.97   51   NA      NA          NA   32
88        acs           3  3.32 3.39 0.35   63 0.47      NA          NA   49
193       acs           3  3.51 5.35 0.49   72 0.81      NA          NA    8
232       acs           3  2.46 3.97 0.25   17 0.02      NA          NA   24
    dlb
84    1
88    1
193   1
232   1
# 2025-06-05 10:21:06 -04: Iteration 4 of 5
# experimentsUsed: 1186
# remainingBudget: 1564
# currentBudget: 782
# nbConfigurations: 81
# Markers:
     x No test is performed.
     c Configurations are discarded only due to capping.
     - The test is performed and some configurations are discarded.
     = The test is performed but no configuration is discarded.
     ! The test is performed and configurations could be discarded but elite configurations are preserved.
     . All alive configurations are elite and nothing is discarded.

+-+-----------+-----------+-----------+----------------+-----------+--------+-----+----+------+
| |   Instance|      Alive|       Best|       Mean best| Exp so far|  W time|  rho|KenW|  Qvar|
+-+-----------+-----------+-----------+----------------+-----------+--------+-----+----+------+
|x|         10|         81|        269|     32685932.00|         81|00:02:13|   NA|  NA|    NA|
|x|          6|         81|        243|     32589026.50|        158|00:02:03|+0.91|0.96|0.0015|
|x|          7|         81|        249|     32620982.00|        237|00:02:02|+0.91|0.94|0.0064|
|x|          1|         81|        249|     32762779.25|        314|00:02:01|+0.90|0.93|0.0053|
|-|          4|         14|        249|     32653747.80|        391|00:01:59|+0.20|0.36|0.6684|
|-|          9|          7|        249|     32647773.50|        401|00:00:20|+0.55|0.62|0.3539|
|-|          3|          6|        249|     32646370.29|        404|00:00:10|+0.61|0.67|0.2930|
|-|          5|          5|        249|     32684089.25|        406|00:00:10|+0.65|0.69|0.2334|
+-+-----------+-----------+-----------+----------------+-----------+--------+-----+----+------+
Best configuration for the instances in this race: 249
Best-so-far configuration:          84    mean value:      32712928.50
Description of the best-so-far configuration:
   .ID. algorithm localsearch alpha beta  rho ants q0 rasrank elitistants nnls
84   84      mmas           3  1.45 9.64 0.97   51 NA      NA          NA   32
   dlb .PARENT.
84   1       NA

# 2025-06-05 10:32:07 -04: Elite configurations (first number is the configuration ID; listed from best to worst according to the sum of ranks):
    algorithm localsearch alpha beta  rho ants   q0 rasrank elitistants nnls
84       mmas           3  1.45 9.64 0.97   51   NA      NA          NA   32
88        acs           3  3.32 3.39 0.35   63 0.47      NA          NA   49
249       acs           3  3.25 3.81 0.37   68 0.94      NA          NA   10
193       acs           3  3.51 5.35 0.49   72 0.81      NA          NA    8
243       acs           3  3.06 4.82 0.20   42 0.09      NA          NA   19
    dlb
84    1
88    1
249   1
193   1
243   1
# 2025-06-05 10:32:07 -04: Iteration 5 of 5
# experimentsUsed: 1592
# remainingBudget: 1158
# currentBudget: 1158
# nbConfigurations: 109
# Markers:
     x No test is performed.
     c Configurations are discarded only due to capping.
     - The test is performed and some configurations are discarded.
     = The test is performed but no configuration is discarded.
     ! The test is performed and configurations could be discarded but elite configurations are preserved.
     . All alive configurations are elite and nothing is discarded.

+-+-----------+-----------+-----------+----------------+-----------+--------+-----+----+------+
| |   Instance|      Alive|       Best|       Mean best| Exp so far|  W time|  rho|KenW|  Qvar|
+-+-----------+-----------+-----------+----------------+-----------+--------+-----+----+------+
|x|         11|        109|        412|     32212407.00|        109|00:02:39|   NA|  NA|    NA|
|x|          2|        109|        412|     32330264.00|        216|00:02:38|+0.83|0.91|0.0067|
|x|          3|        109|        243|     32427977.33|        320|00:02:30|+0.84|0.90|0.0073|
|x|          7|        109|        386|     32508628.50|        424|00:02:30|+0.85|0.89|0.0065|
|-|         10|         19|        413|     32552946.80|        528|00:02:28|+0.13|0.30|0.6821|
|-|          1|         17|        413|     32647832.00|        542|00:00:20|+0.21|0.34|0.5824|
|!|          4|         17|        413|     32593538.14|        554|00:00:20|+0.21|0.33|0.5533|
|!|          5|         17|        413|     32643023.38|        566|00:00:21|+0.17|0.27|0.5925|
|-|          6|         16|        413|     32624617.67|        578|00:00:20|+0.18|0.27|0.5686|
|!|          8|         16|        413|     32612004.70|        592|00:00:20|+0.16|0.24|0.6277|
|-|          9|         14|        380|     32612196.00|        603|00:00:20|-0.07|0.03|0.9906|
|=|         12|         14|        413|     32568584.58|        617|00:00:20|-0.06|0.03|0.9852|
|=|         13|         14|        413|     32545323.08|        631|00:00:20|-0.05|0.03|0.9814|
+-+-----------+-----------+-----------+----------------+-----------+--------+-----+----+------+
Best-so-far configuration:         413    mean value:      32545323.08
Description of the best-so-far configuration:
    .ID. algorithm localsearch alpha beta  rho ants  q0 rasrank elitistants
413  413       acs           3  2.88  4.1 0.36   66 0.8      NA          NA
    nnls dlb .PARENT.
413    8   1      249

# 2025-06-05 10:47:42 -04: Elite configurations (first number is the configuration ID; listed from best to worst according to the sum of ranks):
    algorithm localsearch alpha beta  rho ants   q0 rasrank elitistants nnls
413       acs           3  2.88 4.10 0.36   66 0.80      NA          NA    8
396       acs           3  3.11 5.86 0.30   61 0.76      NA          NA   16
249       acs           3  3.25 3.81 0.37   68 0.94      NA          NA   10
386       acs           3  3.73 4.37 0.45   70 0.73      NA          NA   15
412       acs           3  2.76 5.21 0.38   54 0.93      NA          NA   16
    dlb
413   1
396   1
249   1
386   1
412   1
# 2025-06-05 10:47:42 -04: Iteration 6 of 6
# experimentsUsed: 2223
# remainingBudget: 527
# currentBudget: 527
# nbConfigurations: 42
# Markers:
     x No test is performed.
     c Configurations are discarded only due to capping.
     - The test is performed and some configurations are discarded.
     = The test is performed but no configuration is discarded.
     ! The test is performed and configurations could be discarded but elite configurations are preserved.
     . All alive configurations are elite and nothing is discarded.

+-+-----------+-----------+-----------+----------------+-----------+--------+-----+----+------+
| |   Instance|      Alive|       Best|       Mean best| Exp so far|  W time|  rho|KenW|  Qvar|
+-+-----------+-----------+-----------+----------------+-----------+--------+-----+----+------+
|x|         14|         42|        412|     32408193.00|         42|00:01:02|   NA|  NA|    NA|
|x|          7|         42|        249|     32546998.00|         79|00:00:52|+0.69|0.84|0.1208|
|x|          1|         42|        413|     32776460.33|        116|00:00:52|+0.64|0.76|0.1271|
|x|         10|         42|        413|     32751341.50|        153|00:00:51|+0.65|0.74|0.1240|
|-|          4|         16|        415|     32646677.40|        190|00:00:52|-0.12|0.10|1.0526|
|=|         12|         16|        415|     32549897.00|        201|00:00:20|-0.10|0.08|1.0382|
|=|         11|         16|        413|     32507625.86|        212|00:00:20|-0.09|0.07|1.0213|
|=|          9|         16|        428|     32512280.25|        223|00:00:20|-0.06|0.07|0.9956|
|=|          6|         16|        413|     32518530.11|        234|00:00:20|-0.03|0.09|0.9600|
|=|          8|         16|        449|     32508448.80|        245|00:00:20|-0.01|0.09|0.9477|
|=|          3|         16|        449|     32516832.09|        256|00:00:21|-0.03|0.07|0.9643|
|=|         13|         16|        428|     32491284.25|        267|00:00:20|-0.00|0.08|0.9356|
|=|          5|         16|        449|     32532251.08|        278|00:00:20|-0.00|0.07|0.9344|
|=|          2|         16|        449|     32525848.50|        289|00:00:20|+0.01|0.08|0.9206|
|=|         15|         16|        449|     32545156.47|        305|00:00:20|+0.03|0.09|0.9041|
+-+-----------+-----------+-----------+----------------+-----------+--------+-----+----+------+
Best-so-far configuration:         449    mean value:      32545156.47
Description of the best-so-far configuration:
    .ID. algorithm localsearch alpha beta  rho ants   q0 rasrank elitistants
449  449       acs           3  3.51 4.22 0.31   65 0.89      NA          NA
    nnls dlb .PARENT.
449   11   1      249

# 2025-06-05 10:55:41 -04: Elite configurations (first number is the configuration ID; listed from best to worst according to the sum of ranks):
    algorithm localsearch alpha beta  rho ants   q0 rasrank elitistants nnls
449       acs           3  3.51 4.22 0.31   65 0.89      NA          NA   11
428       acs           3  3.57 6.29 0.35   63 0.82      NA          NA   14
413       acs           3  2.88 4.10 0.36   66 0.80      NA          NA    8
386       acs           3  3.73 4.37 0.45   70 0.73      NA          NA   15
412       acs           3  2.76 5.21 0.38   54 0.93      NA          NA   16
    dlb
449   1
428   1
413   1
386   1
412   1
# 2025-06-05 10:55:41 -04: Iteration 7 of 7
# experimentsUsed: 2528
# remainingBudget: 222
# currentBudget: 222
# nbConfigurations: 18
# Markers:
     x No test is performed.
     c Configurations are discarded only due to capping.
     - The test is performed and some configurations are discarded.
     = The test is performed but no configuration is discarded.
     ! The test is performed and configurations could be discarded but elite configurations are preserved.
     . All alive configurations are elite and nothing is discarded.

+-+-----------+-----------+-----------+----------------+-----------+--------+-----+----+------+
| |   Instance|      Alive|       Best|       Mean best| Exp so far|  W time|  rho|KenW|  Qvar|
+-+-----------+-----------+-----------+----------------+-----------+--------+-----+----+------+
|x|         16|         18|        463|     32487162.00|         18|00:00:31|   NA|  NA|    NA|
|x|         11|         18|        449|     32349983.00|         31|00:00:20|+0.43|0.72|0.2402|
|x|          1|         18|        449|     32605822.00|         44|00:00:20|+0.36|0.58|0.4528|
|x|          7|         18|        449|     32649326.25|         57|00:00:20|+0.20|0.40|0.5065|
|-|          5|         14|        449|     32713111.20|         70|00:00:20|-0.12|0.10|1.0639|
|=|          8|         14|        449|     32661952.00|         79|00:00:20|-0.04|0.13|0.9748|
|=|         15|         14|        449|     32683882.86|         88|00:00:20|-0.06|0.09|0.9794|
|=|         12|         14|        449|     32615308.50|         97|00:00:20|-0.06|0.07|0.9855|
|=|          6|         14|        449|     32598157.67|        106|00:00:20|-0.02|0.09|0.9454|
|=|         13|         14|        449|     32564927.90|        115|00:00:20|-0.01|0.09|0.9138|
|=|          3|         14|        449|     32568176.73|        124|00:00:20|+0.01|0.10|0.8992|
|=|          4|         14|        449|     32537623.58|        133|00:00:20|+0.02|0.11|0.8973|
|=|         14|         14|        449|     32531989.08|        142|00:00:20|+0.01|0.09|0.9087|
|=|          2|         14|        449|     32525605.21|        151|00:00:20|+0.01|0.08|0.9188|
|=|         10|         14|        449|     32535903.87|        160|00:00:20|+0.01|0.08|0.9121|
|=|          9|         14|        449|     32543497.38|        169|00:00:20|+0.02|0.08|0.8990|
|=|         17|         14|        456|     32535961.59|        183|00:00:21|+0.03|0.08|0.8917|
+-+-----------+-----------+-----------+----------------+-----------+--------+-----+----+------+
Best-so-far configuration:         456    mean value:      32535961.59
Description of the best-so-far configuration:
    .ID. algorithm localsearch alpha beta  rho ants   q0 rasrank elitistants
456  456       acs           3  4.01 4.93 0.24   61 0.77      NA          NA
    nnls dlb .PARENT.
456   15   1      428

# 2025-06-05 11:01:45 -04: Elite configurations (first number is the configuration ID; listed from best to worst according to the sum of ranks):
    algorithm localsearch alpha beta  rho ants   q0 rasrank elitistants nnls
456       acs           3  4.01 4.93 0.24   61 0.77      NA          NA   15
449       acs           3  3.51 4.22 0.31   65 0.89      NA          NA   11
458       acs           3  3.77 5.87 0.26   61 0.84      NA          NA   13
428       acs           3  3.57 6.29 0.35   63 0.82      NA          NA   14
461       acs           3  3.92 6.12 0.23   63 0.79      NA          NA   11
    dlb
456   1
449   1
458   1
428   1
461   1
# 2025-06-05 11:01:45 -04: Iteration 8 of 8
# experimentsUsed: 2711
# remainingBudget: 39
# currentBudget: 39
# nbConfigurations: 6
# Markers:
     x No test is performed.
     c Configurations are discarded only due to capping.
     - The test is performed and some configurations are discarded.
     = The test is performed but no configuration is discarded.
     ! The test is performed and configurations could be discarded but elite configurations are preserved.
     . All alive configurations are elite and nothing is discarded.

+-+-----------+-----------+-----------+----------------+-----------+--------+-----+----+------+
| |   Instance|      Alive|       Best|       Mean best| Exp so far|  W time|  rho|KenW|  Qvar|
+-+-----------+-----------+-----------+----------------+-----------+--------+-----+----+------+
|x|         18|          6|        449|     32734228.00|          6|00:00:10|   NA|  NA|    NA|
|x|          6|          6|        449|     32597589.50|          7|00:00:10|-0.09|0.46|0.5994|
|x|         17|          6|        449|     32554190.33|          8|00:00:10|-0.22|0.19|0.8409|
|x|         13|          6|        449|     32482107.75|          9|00:00:10|-0.24|0.07|1.0318|
|=|          2|          6|        449|     32474209.20|         10|00:00:10|-0.21|0.04|0.9568|
|=|         14|          6|        449|     32472570.17|         11|00:00:10|-0.15|0.04|0.9405|
|=|         11|          6|        449|     32430968.00|         12|00:00:10|-0.09|0.06|0.8869|
|=|          9|          6|        456|     32462666.50|         13|00:00:10|-0.11|0.03|0.9054|
|=|         16|          6|        449|     32465865.22|         14|00:00:10|-0.07|0.05|0.8693|
|=|          8|          6|        449|     32459894.30|         15|00:00:10|-0.03|0.07|0.8435|
|=|          5|          6|        449|     32506108.55|         16|00:00:10|+0.00|0.09|0.8385|
|=|          1|          6|        449|     32557057.83|         17|00:00:10|+0.04|0.12|0.8143|
|=|         10|          6|        449|     32566521.46|         18|00:00:10|+0.02|0.10|0.8200|
|=|         15|          6|        456|     32584435.50|         19|00:00:10|+0.01|0.09|0.8452|
|=|          4|          6|        456|     32560065.73|         20|00:00:10|+0.01|0.07|0.8537|
|=|         12|          6|        456|     32532543.00|         21|00:00:10|-0.02|0.04|0.8716|
|=|          7|          6|        456|     32545425.71|         22|00:00:10|-0.02|0.04|0.8678|
|=|          3|          6|        456|     32548282.22|         23|00:00:10|-0.02|0.04|0.8624|
|=|         19|          6|        456|     32554887.68|         29|00:00:10|-0.02|0.03|0.8653|
+-+-----------+-----------+-----------+----------------+-----------+--------+-----+----+------+
Best-so-far configuration:         456    mean value:      32554887.68
Description of the best-so-far configuration:
    .ID. algorithm localsearch alpha beta  rho ants   q0 rasrank elitistants
456  456       acs           3  4.01 4.93 0.24   61 0.77      NA          NA
    nnls dlb .PARENT.
456   15   1      428

# 2025-06-05 11:05:03 -04: Elite configurations (first number is the configuration ID; listed from best to worst according to the sum of ranks):
    algorithm localsearch alpha beta  rho ants   q0 rasrank elitistants nnls
456       acs           3  4.01 4.93 0.24   61 0.77      NA          NA   15
458       acs           3  3.77 5.87 0.26   61 0.84      NA          NA   13
449       acs           3  3.51 4.22 0.31   65 0.89      NA          NA   11
428       acs           3  3.57 6.29 0.35   63 0.82      NA          NA   14
461       acs           3  3.92 6.12 0.23   63 0.79      NA          NA   11
    dlb
456   1
458   1
449   1
428   1
461   1
# 2025-06-05 11:05:03 -04: Stopped because there is not enough budget left to race more than the minimum (5).
# You may either increase the budget or set 'minNbSurvival' to a lower value.
# Iteration: 9
# nbIterations: 9
# experimentsUsed: 2740
# timeUsed: 0
# remainingBudget: 10
# currentBudget: 10
# number of elites: 5
# nbConfigurations: 5
# Total CPU user time: 31471.17, CPU sys time: 225.841, Wall-clock time: 4694.5
# 2025-06-05 11:05:03 -04: Starting post-selection:
# Configurations selected: 456, 458, 449, 428, 461, 413.
# Pending instances: 1, 1, 1, 1, 1, 3.
# 2025-06-05 11:05:04 -04: seed: 600613007
# Configurations: 6
# Available experiments: 10
# minSurvival: 1
# Markers:
     x No test is performed.
     c Configurations are discarded only due to capping.
     - The test is performed and some configurations are discarded.
     = The test is performed but no configuration is discarded.
     ! The test is performed and configurations could be discarded but elite configurations are preserved.
     . All alive configurations are elite and nothing is discarded.

+-+-----------+-----------+-----------+----------------+-----------+--------+-----+----+------+
| |   Instance|      Alive|       Best|       Mean best| Exp so far|  W time|  rho|KenW|  Qvar|
+-+-----------+-----------+-----------+----------------+-----------+--------+-----+----+------+
|.|         10|          6|        461|     32645154.00|          0|00:00:00|   NA|  NA|    NA|
|x|         18|          6|        461|     32700498.50|          1|00:00:10|+0.14|0.57|0.5770|
|.|         13|          6|        461|     32550790.33|          1|00:00:00|-0.07|0.29|1.0581|
|.|          1|          6|        461|     32702776.25|          1|00:00:00|-0.15|0.14|1.0169|
|.|         17|          6|        461|     32651064.80|          1|00:00:00|-0.03|0.18|0.9056|
|x|         19|          6|        461|     32649073.83|          2|00:00:10|-0.01|0.16|0.8795|
|.|          9|          6|        461|     32648317.86|          2|00:00:00|-0.04|0.11|0.8859|
|.|         11|          6|        461|     32597454.50|          2|00:00:00|-0.09|0.05|0.9118|
|.|          6|          6|        461|     32588235.11|          2|00:00:00|-0.09|0.03|0.9134|
|.|          4|          6|        461|     32551132.50|          2|00:00:00|-0.08|0.03|0.8916|
|.|          5|          6|        461|     32589466.82|          2|00:00:00|-0.05|0.04|0.8834|
|.|         14|          6|        461|     32578972.83|          2|00:00:00|-0.05|0.04|0.8812|
|.|          2|          6|        461|     32569975.46|          2|00:00:00|-0.04|0.04|0.8717|
|.|          7|          6|        461|     32585180.57|          2|00:00:00|-0.03|0.04|0.8624|
|.|         16|          6|        461|     32583141.00|          2|00:00:00|-0.03|0.04|0.8605|
|.|         12|          6|        461|     32548163.19|          2|00:00:00|-0.04|0.03|0.8653|
|.|         15|          6|        461|     32561198.53|          2|00:00:00|-0.04|0.02|0.8678|
|.|          3|          6|        461|     32565516.56|          2|00:00:00|-0.03|0.03|0.8576|
|.|          8|          6|        461|     32559247.47|          2|00:00:00|-0.01|0.04|0.8520|
|=|         20|          6|        456|     32547609.10|          8|00:00:10|+0.00|0.05|0.8394|
+-+-----------+-----------+-----------+----------------+-----------+--------+-----+----+------+
Best-so-far configuration:         456    mean value:      32547609.10
Description of the best-so-far configuration:
    .ID. algorithm localsearch alpha beta  rho ants   q0 rasrank elitistants
456  456       acs           3  4.01 4.93 0.24   61 0.77      NA          NA
    nnls dlb .PARENT.
456   15   1      428

# 2025-06-05 11:05:35 -04: Elite configurations (first number is the configuration ID; listed from best to worst according to the sum of ranks):
    algorithm localsearch alpha beta  rho ants   q0 rasrank elitistants nnls
456       acs           3  4.01 4.93 0.24   61 0.77      NA          NA   15
449       acs           3  3.51 4.22 0.31   65 0.89      NA          NA   11
458       acs           3  3.77 5.87 0.26   61 0.84      NA          NA   13
428       acs           3  3.57 6.29 0.35   63 0.82      NA          NA   14
461       acs           3  3.92 6.12 0.23   63 0.79      NA          NA   11
    dlb
456   1
449   1
458   1
428   1
461   1
# Total CPU user time: 31554.33, CPU sys time: 226.483, Wall-clock time: 4726.022
    .ID. algorithm localsearch alpha beta  rho ants   q0 rasrank elitistants
456  456       acs           3  4.01 4.93 0.24   61 0.77      NA          NA
449  449       acs           3  3.51 4.22 0.31   65 0.89      NA          NA
458  458       acs           3  3.77 5.87 0.26   61 0.84      NA          NA
428  428       acs           3  3.57 6.29 0.35   63 0.82      NA          NA
461  461       acs           3  3.92 6.12 0.23   63 0.79      NA          NA
    nnls dlb .PARENT. .RANK.   .WEIGHT.
456   15   1      428     61 0.33333333
449   11   1      249     63 0.26666667
458   13   1      428     67 0.20000000
428   14   1      396     70 0.13333333
461   11   1      449     74 0.06666667
