# 2025-05-16 13:56:29 -04: Reading parameter file '/home/dianag/PruebasPablo/irace-independent-executions/MMASQAP/Scenarios/E4-BH-SR/Runs/E4-BH-SR_seed_4040404040/parameters.txt'.
# 2025-05-16 13:56:29 -04: Initialization
# Elitist race
# Elitist new instances: 1
# Elitist limit: 2
# nbIterations: 3
# minNbSurvival: 3
# nbParameters: 3
# seed: 1288591922
# confidence level: 0.95
# budget: 1500
# mu: 5
# deterministic: FALSE

# 2025-05-16 13:56:29 -04: Iteration 1 of 3
# experimentsUsed: 0
# remainingBudget: 1500
# currentBudget: 500
# nbConfigurations: 83
# Markers:
     x No test is performed.
     c Configurations are discarded only due to capping.
     - The test is performed and some configurations are discarded.
     = The test is performed but no configuration is discarded.
     ! The test is performed and configurations could be discarded but elite configurations are preserved.
     . All alive configurations are elite and nothing is discarded.

+-+-----------+-----------+-----------+----------------+-----------+--------+-----+----+------+
| |   Instance|      Alive|       Best|       Mean best| Exp so far|  W time|  rho|KenW|  Qvar|
+-+-----------+-----------+-----------+----------------+-----------+--------+-----+----+------+
|x|          1|         83|         73|     7492850.000|         83|00:00:28|   NA|  NA|    NA|
|x|          2|         83|         50|     3940927.000|        166|00:00:28|+0.30|0.65|0.5443|
|x|          3|         83|         50|     5058843.333|        249|00:00:27|+0.40|0.60|0.4073|
|x|          4|         83|         62|     5678251.500|        332|00:00:28|+0.49|0.62|0.3590|
|-|          5|         18|         14|     6064588.400|        415|00:00:28|+0.09|0.27|0.7894|
|=|          6|         18|         77|     5127647.667|        433|00:00:13|+0.02|0.18|0.8726|
|=|          7|         18|         33|     4463622.000|        451|00:00:13|-0.01|0.14|0.9132|
+-+-----------+-----------+-----------+----------------+-----------+--------+-----+----+------+
Best-so-far configuration:          33    mean value:      4463622.000
Description of the best-so-far configuration:
   .ID. localsearch  rho ants .PARENT.
33   33           3 0.22    9       NA

# 2025-05-16 13:59:18 -04: Elite configurations (first number is the configuration ID; listed from best to worst according to the sum of ranks):
   localsearch  rho ants
33           3 0.22    9
77           3 0.43    4
14           3 0.52   20
# 2025-05-16 13:59:18 -04: Iteration 2 of 3
# experimentsUsed: 451
# remainingBudget: 1049
# currentBudget: 524
# nbConfigurations: 68
# Markers:
     x No test is performed.
     c Configurations are discarded only due to capping.
     - The test is performed and some configurations are discarded.
     = The test is performed but no configuration is discarded.
     ! The test is performed and configurations could be discarded but elite configurations are preserved.
     . All alive configurations are elite and nothing is discarded.

+-+-----------+-----------+-----------+----------------+-----------+--------+-----+----+------+
| |   Instance|      Alive|       Best|       Mean best| Exp so far|  W time|  rho|KenW|  Qvar|
+-+-----------+-----------+-----------+----------------+-----------+--------+-----+----+------+
|x|          8|         68|        144|     7333250.000|         68|00:00:30|   NA|  NA|    NA|
|x|          4|         68|         94|     7435029.000|        133|00:00:28|+0.73|0.87|0.1953|
|x|          5|         68|        144|     7491342.667|        198|00:00:28|+0.76|0.84|0.1700|
|x|          6|         68|        144|     5727051.500|        263|00:00:28|+0.49|0.61|0.4499|
|-|          1|         30|        144|     6084106.000|        328|00:00:29|-0.13|0.09|1.0819|
|=|          7|         30|        144|     5149714.000|        355|00:00:18|-0.08|0.10|1.0192|
|=|          3|         30|        144|     5455528.000|        382|00:00:18|-0.05|0.10|1.0077|
|=|          2|         30|        144|     4818866.250|        409|00:00:18|-0.03|0.10|0.9944|
|=|          9|         30|         89|     4335816.000|        439|00:00:19|-0.03|0.08|0.9992|
+-+-----------+-----------+-----------+----------------+-----------+--------+-----+----+------+
Best-so-far configuration:          89    mean value:      4335816.000
Description of the best-so-far configuration:
   .ID. localsearch  rho ants .PARENT.
89   89           3 0.43    7       77

# 2025-05-16 14:02:58 -04: Elite configurations (first number is the configuration ID; listed from best to worst according to the sum of ranks):
    localsearch  rho ants
89            3 0.43    7
144           3 0.37    5
84            3 0.34   13
# 2025-05-16 14:02:58 -04: Iteration 3 of 3
# experimentsUsed: 890
# remainingBudget: 610
# currentBudget: 610
# nbConfigurations: 63
# Markers:
     x No test is performed.
     c Configurations are discarded only due to capping.
     - The test is performed and some configurations are discarded.
     = The test is performed but no configuration is discarded.
     ! The test is performed and configurations could be discarded but elite configurations are preserved.
     . All alive configurations are elite and nothing is discarded.

+-+-----------+-----------+-----------+----------------+-----------+--------+-----+----+------+
| |   Instance|      Alive|       Best|       Mean best| Exp so far|  W time|  rho|KenW|  Qvar|
+-+-----------+-----------+-----------+----------------+-----------+--------+-----+----+------+
|x|         10|         63|        151|     433350.0000|         63|00:00:30|   NA|  NA|    NA|
|x|          7|         63|        184|     452462.0000|        123|00:00:29|+0.27|0.64|0.7610|
|x|          3|         63|        168|     2727772.667|        183|00:00:28|+0.26|0.51|0.7273|
|x|          9|         63|        166|     2160502.500|        243|00:00:28|+0.20|0.40|0.7912|
|-|          1|         35|        166|     3231161.600|        303|00:00:29|-0.12|0.10|1.0892|
|=|          4|         35|        204|     3952742.000|        335|00:00:18|-0.08|0.10|1.0314|
|=|          8|         35|        208|     4433748.286|        367|00:00:19|-0.04|0.10|1.0162|
|=|          2|         35|        166|     3927046.750|        399|00:00:19|-0.02|0.10|0.9975|
|=|          6|         35|        166|     3539890.000|        431|00:00:19|-0.02|0.09|0.9924|
|=|          5|         35|        166|     3946049.200|        463|00:00:20|-0.01|0.09|0.9754|
|=|         11|         35|        166|     4227377.818|        498|00:00:23|-0.00|0.09|0.9686|
+-+-----------+-----------+-----------+----------------+-----------+--------+-----+----+------+
Best-so-far configuration:         166    mean value:      4227377.818
Description of the best-so-far configuration:
    .ID. localsearch  rho ants .PARENT.
166  166           3 0.23   17      144

# 2025-05-16 14:07:25 -04: Elite configurations (first number is the configuration ID; listed from best to worst according to the sum of ranks):
    localsearch  rho ants
166           3 0.23   17
89            3 0.43    7
187           3 0.24    5
# 2025-05-16 14:07:25 -04: Iteration 4 of 4
# experimentsUsed: 1388
# remainingBudget: 112
# currentBudget: 112
# nbConfigurations: 12
# Markers:
     x No test is performed.
     c Configurations are discarded only due to capping.
     - The test is performed and some configurations are discarded.
     = The test is performed but no configuration is discarded.
     ! The test is performed and configurations could be discarded but elite configurations are preserved.
     . All alive configurations are elite and nothing is discarded.

+-+-----------+-----------+-----------+----------------+-----------+--------+-----+----+------+
| |   Instance|      Alive|       Best|       Mean best| Exp so far|  W time|  rho|KenW|  Qvar|
+-+-----------+-----------+-----------+----------------+-----------+--------+-----+----+------+
|x|         12|         12|         89|     7173734.000|         12|00:00:09|   NA|  NA|    NA|
|x|          9|         12|        214|     3814492.000|         21|00:00:06|+0.01|0.51|0.9632|
|x|          4|         12|        213|     5055434.667|         30|00:00:07|-0.10|0.26|0.7148|
|x|          7|         12|        209|     3912159.500|         39|00:00:06|-0.01|0.24|0.7234|
|=|          1|         12|         89|     4631486.400|         48|00:00:07|+0.08|0.26|0.6491|
|=|          5|         12|        213|     5124588.667|         57|00:00:07|+0.14|0.28|0.5676|
|=|         10|         12|        213|     4454908.000|         66|00:00:07|+0.02|0.16|0.7480|
|=|          2|         12|        166|     3945748.500|         75|00:00:06|+0.06|0.18|0.7047|
|-|         11|          9|        166|     4289628.000|         84|00:00:07|-0.01|0.10|0.8987|
|=|          8|          9|        166|     4596007.600|         90|00:00:05|+0.04|0.14|0.8610|
|=|          6|          9|        166|     4218428.364|         96|00:00:05|+0.03|0.12|0.8783|
|=|          3|          9|        166|     4474898.333|        102|00:00:05|+0.06|0.14|0.8620|
|=|         13|          9|        166|     4685132.769|        111|00:00:09|+0.05|0.12|0.8710|
+-+-----------+-----------+-----------+----------------+-----------+--------+-----+----+------+
Best-so-far configuration:         166    mean value:      4685132.769
Description of the best-so-far configuration:
    .ID. localsearch  rho ants .PARENT.
166  166           3 0.23   17      144

# 2025-05-16 14:08:57 -04: Elite configurations (first number is the configuration ID; listed from best to worst according to the sum of ranks):
    localsearch  rho ants
166           3 0.23   17
213           3 0.18   14
89            3 0.43    7
# 2025-05-16 14:08:57 -04: Stopped because there is not enough budget left to race more than the minimum (3).
# You may either increase the budget or set 'minNbSurvival' to a lower value.
# Iteration: 5
# nbIterations: 5
# experimentsUsed: 1499
# timeUsed: 0
# remainingBudget: 1
# currentBudget: 1
# number of elites: 3
# nbConfigurations: 3
# Total CPU user time: 5314.903, CPU sys time: 34.661, Wall-clock time: 747.582
    .ID. localsearch  rho ants .PARENT. .RANK.  .WEIGHT.
166  166           3 0.23   17      144     46 0.5000000
213  213           3 0.18   14      166     51 0.3333333
89    89           3 0.43    7       77     54 0.1666667
