# 2025-05-16 14:08:57 -04: Reading parameter file '/home/dianag/PruebasPablo/irace-independent-executions/MMASQAP/Scenarios/E4-BH-SR/Runs/E4-BH-SR_seed_666999000/parameters.txt'.
# 2025-05-16 14:08:57 -04: Initialization
# Elitist race
# Elitist new instances: 1
# Elitist limit: 2
# nbIterations: 3
# minNbSurvival: 3
# nbParameters: 3
# seed: 666999000
# confidence level: 0.95
# budget: 1500
# mu: 5
# deterministic: FALSE

# 2025-05-16 14:08:57 -04: Iteration 1 of 3
# experimentsUsed: 0
# remainingBudget: 1500
# currentBudget: 500
# nbConfigurations: 83
# Markers:
     x No test is performed.
     c Configurations are discarded only due to capping.
     - The test is performed and some configurations are discarded.
     = The test is performed but no configuration is discarded.
     ! The test is performed and configurations could be discarded but elite configurations are preserved.
     . All alive configurations are elite and nothing is discarded.

+-+-----------+-----------+-----------+----------------+-----------+--------+-----+----+------+
| |   Instance|      Alive|       Best|       Mean best| Exp so far|  W time|  rho|KenW|  Qvar|
+-+-----------+-----------+-----------+----------------+-----------+--------+-----+----+------+
|x|          1|         83|          4|     433350.0000|         83|00:00:29|   NA|  NA|    NA|
|x|          2|         83|         13|     3820223.000|        166|00:00:28|+0.36|0.68|0.4713|
|x|          3|         83|         33|     5038205.333|        249|00:00:27|+0.46|0.64|0.4111|
|x|          4|         83|         13|     5683079.500|        332|00:00:28|+0.54|0.66|0.3479|
|-|          5|         22|         33|     4672384.400|        415|00:00:29|+0.00|0.20|0.9187|
|=|          6|         22|         33|     3984875.000|        437|00:00:13|-0.01|0.16|0.9458|
|=|          7|         22|          5|     3496164.286|        459|00:00:13|+0.03|0.16|0.9213|
+-+-----------+-----------+-----------+----------------+-----------+--------+-----+----+------+
Best-so-far configuration:           5    mean value:      3496164.286
Description of the best-so-far configuration:
  .ID. localsearch  rho ants .PARENT.
5    5           3 0.27   51       NA

# 2025-05-16 14:11:49 -04: Elite configurations (first number is the configuration ID; listed from best to worst according to the sum of ranks):
   localsearch  rho ants
5            3 0.27   51
55           3 0.04   21
33           3 0.50   30
# 2025-05-16 14:11:49 -04: Iteration 2 of 3
# experimentsUsed: 459
# remainingBudget: 1041
# currentBudget: 520
# nbConfigurations: 67
# Markers:
     x No test is performed.
     c Configurations are discarded only due to capping.
     - The test is performed and some configurations are discarded.
     = The test is performed but no configuration is discarded.
     ! The test is performed and configurations could be discarded but elite configurations are preserved.
     . All alive configurations are elite and nothing is discarded.

+-+-----------+-----------+-----------+----------------+-----------+--------+-----+----+------+
| |   Instance|      Alive|       Best|       Mean best| Exp so far|  W time|  rho|KenW|  Qvar|
+-+-----------+-----------+-----------+----------------+-----------+--------+-----+----+------+
|x|          8|         67|         84|     712712.0000|         67|00:00:29|   NA|  NA|    NA|
|x|          5|         67|         90|     685941.0000|        131|00:00:26|-0.04|0.48|1.0268|
|x|          1|         67|         88|     603040.0000|        195|00:00:27|-0.11|0.26|1.0731|
|x|          3|         67|         33|     2326225.000|        259|00:00:26|+0.01|0.26|0.9585|
|=|          6|         67|         33|     1970445.600|        323|00:00:27|+0.01|0.21|0.9727|
|-|          2|         29|         33|     2840660.667|        387|00:00:27|-0.04|0.13|1.0184|
|=|          4|         29|         33|     3519310.857|        413|00:00:14|-0.02|0.12|0.9563|
|=|          7|         29|         55|     3149922.000|        439|00:00:15|-0.03|0.10|0.9628|
|=|          9|         29|         55|     2846009.111|        468|00:00:18|-0.00|0.11|0.9531|
+-+-----------+-----------+-----------+----------------+-----------+--------+-----+----+------+
Best-so-far configuration:          55    mean value:      2846009.111
Description of the best-so-far configuration:
   .ID. localsearch  rho ants .PARENT.
55   55           3 0.04   21       NA

# 2025-05-16 14:15:23 -04: Elite configurations (first number is the configuration ID; listed from best to worst according to the sum of ranks):
    localsearch  rho ants
55            3 0.04   21
126           3 0.19   25
95            3 0.69   19
# 2025-05-16 14:15:23 -04: Iteration 3 of 3
# experimentsUsed: 927
# remainingBudget: 573
# currentBudget: 573
# nbConfigurations: 60
# Markers:
     x No test is performed.
     c Configurations are discarded only due to capping.
     - The test is performed and some configurations are discarded.
     = The test is performed but no configuration is discarded.
     ! The test is performed and configurations could be discarded but elite configurations are preserved.
     . All alive configurations are elite and nothing is discarded.

+-+-----------+-----------+-----------+----------------+-----------+--------+-----+----+------+
| |   Instance|      Alive|       Best|       Mean best| Exp so far|  W time|  rho|KenW|  Qvar|
+-+-----------+-----------+-----------+----------------+-----------+--------+-----+----+------+
|x|         10|         60|        174|     7450560.000|         60|00:00:28|   NA|  NA|    NA|
|x|          6|         60|        161|     4007087.000|        117|00:00:26|-0.21|0.40|1.1947|
|x|          5|         60|         55|     2894982.000|        174|00:00:26|-0.12|0.25|1.0892|
|x|          3|         60|         55|     4043327.500|        231|00:00:25|+0.02|0.26|0.9488|
|-|          4|         40|        152|     4743821.600|        288|00:00:25|-0.08|0.13|0.9462|
|=|          1|         40|        152|     4025834.333|        325|00:00:21|-0.02|0.15|0.9163|
|=|          2|         40|        152|     4480250.857|        362|00:00:21|+0.01|0.15|0.8435|
|=|          9|         40|        155|     3974264.250|        399|00:00:21|+0.01|0.13|0.8883|
|=|          7|         40|        155|     3593681.333|        436|00:00:22|+0.03|0.14|0.8716|
|=|          8|         40|        155|     3306413.400|        473|00:00:22|+0.03|0.12|0.8826|
|=|         11|         40|        159|     3698777.091|        513|00:00:24|+0.04|0.13|0.8562|
+-+-----------+-----------+-----------+----------------+-----------+--------+-----+----+------+
Best-so-far configuration:         159    mean value:      3698777.091
Description of the best-so-far configuration:
    .ID. localsearch  rho ants .PARENT.
159  159           3 0.18   24      126

# 2025-05-16 14:19:47 -04: Elite configurations (first number is the configuration ID; listed from best to worst according to the sum of ranks):
    localsearch  rho ants
159           3 0.18   24
155           3 0.12   33
149           3 0.21   27
# 2025-05-16 14:19:47 -04: Iteration 4 of 4
# experimentsUsed: 1440
# remainingBudget: 60
# currentBudget: 60
# nbConfigurations: 7
# Markers:
     x No test is performed.
     c Configurations are discarded only due to capping.
     - The test is performed and some configurations are discarded.
     = The test is performed but no configuration is discarded.
     ! The test is performed and configurations could be discarded but elite configurations are preserved.
     . All alive configurations are elite and nothing is discarded.

+-+-----------+-----------+-----------+----------------+-----------+--------+-----+----+------+
| |   Instance|      Alive|       Best|       Mean best| Exp so far|  W time|  rho|KenW|  Qvar|
+-+-----------+-----------+-----------+----------------+-----------+--------+-----+----+------+
|x|         12|          7|        208|     544806.0000|          7|00:00:05|   NA|  NA|    NA|
|x|         11|          7|        207|     4071214.000|         11|00:00:04|+0.36|0.68|0.3509|
|x|          4|          7|        208|     5236357.333|         15|00:00:04|+0.00|0.33|0.8106|
|x|          8|          7|        208|     4107162.500|         19|00:00:04|+0.01|0.25|0.8107|
|=|          6|          7|        208|     3396788.000|         23|00:00:04|+0.01|0.21|0.8177|
|=|          9|          7|        208|     2900773.000|         27|00:00:05|+0.08|0.23|0.7773|
|=|         10|          7|        155|     3554690.286|         31|00:00:05|+0.07|0.20|0.7710|
|=|          3|          7|        208|     4046950.500|         35|00:00:04|+0.02|0.14|0.8537|
|=|          5|          7|        149|     3671689.556|         39|00:00:04|+0.01|0.12|0.8664|
|=|          1|          7|        155|     3348992.200|         43|00:00:05|+0.05|0.14|0.8263|
|=|          7|          7|        159|     3093751.273|         47|00:00:04|+0.06|0.14|0.8321|
|=|          2|          7|        155|     3436095.500|         51|00:00:04|+0.07|0.15|0.8203|
|-|         13|          6|        155|     3717809.692|         58|00:00:05|-0.03|0.05|0.8446|
+-+-----------+-----------+-----------+----------------+-----------+--------+-----+----+------+
Best-so-far configuration:         155    mean value:      3717809.692
Description of the best-so-far configuration:
    .ID. localsearch  rho ants .PARENT.
155  155           3 0.12   33       55

# 2025-05-16 14:20:51 -04: Elite configurations (first number is the configuration ID; listed from best to worst according to the sum of ranks):
    localsearch  rho ants
155           3 0.12   33
159           3 0.18   24
149           3 0.21   27
# 2025-05-16 14:20:51 -04: Stopped because there is not enough budget left to race more than the minimum (3).
# You may either increase the budget or set 'minNbSurvival' to a lower value.
# Iteration: 5
# nbIterations: 5
# experimentsUsed: 1498
# timeUsed: 0
# remainingBudget: 2
# currentBudget: 2
# number of elites: 3
# nbConfigurations: 3
# Total CPU user time: 4990.846, CPU sys time: 34.865, Wall-clock time: 713.94
# 2025-05-16 14:20:51 -04: Starting post-selection:
# Configurations selected: 155, 159.
# Pending instances: 0, 0.
# 2025-05-16 14:20:51 -04: seed: 666999000
# Configurations: 2
# Available experiments: 2
# minSurvival: 1
# Markers:
     x No test is performed.
     c Configurations are discarded only due to capping.
     - The test is performed and some configurations are discarded.
     = The test is performed but no configuration is discarded.
     ! The test is performed and configurations could be discarded but elite configurations are preserved.
     . All alive configurations are elite and nothing is discarded.

+-+-----------+-----------+-----------+----------------+-----------+--------+-----+----+------+
| |   Instance|      Alive|       Best|       Mean best| Exp so far|  W time|  rho|KenW|  Qvar|
+-+-----------+-----------+-----------+----------------+-----------+--------+-----+----+------+
|.|         10|          2|        155|     7470090.000|          0|00:00:00|   NA|  NA|    NA|
|.|          9|          2|        155|     3942382.000|          0|00:00:00|+1.00|1.00|0.0000|
|.|         13|          2|        155|     4994381.333|          0|00:00:00|+1.00|1.00|0.0000|
|.|          7|          2|        155|     3883040.500|          0|00:00:00|+0.00|0.25|0.5000|
|.|          5|          2|        155|     3239848.400|          0|00:00:00|-0.20|0.04|0.6000|
|.|          6|          2|        155|     2792640.667|          0|00:00:00|-0.20|0.00|0.6000|
|.|          3|          2|        155|     3466072.000|          0|00:00:00|-0.14|0.02|0.5714|
|.|          8|          2|        155|     3122938.250|          0|00:00:00|-0.14|0.00|0.5714|
|.|          4|          2|        155|     3614995.333|          0|00:00:00|-0.11|0.01|0.5556|
|.|          1|          2|        155|     3296830.800|          0|00:00:00|-0.07|0.04|0.5333|
|.|         12|          2|        155|     3047122.727|          0|00:00:00|-0.02|0.07|0.5091|
|.|         11|          2|        155|     3428110.000|          0|00:00:00|-0.06|0.03|0.5303|
|.|          2|          2|        155|     3717809.692|          0|00:00:00|-0.03|0.05|0.5128|
|=|         14|          2|        155|     3993025.286|          2|00:00:04|-0.05|0.02|0.5275|
+-+-----------+-----------+-----------+----------------+-----------+--------+-----+----+------+
Best-so-far configuration:         155    mean value:      3993025.286
Description of the best-so-far configuration:
    .ID. localsearch  rho ants .PARENT.
155  155           3 0.12   33       55

# 2025-05-16 14:20:56 -04: Elite configurations (first number is the configuration ID; listed from best to worst according to the sum of ranks):
    localsearch  rho ants
155           3 0.12   33
159           3 0.18   24
# Total CPU user time: 5000.055, CPU sys time: 34.91, Wall-clock time: 718.811
    .ID. localsearch  rho ants .PARENT. .RANK.  .WEIGHT.
155  155           3 0.12   33       55     20 0.6666667
159  159           3 0.18   24      126     22 0.3333333
