# 2025-06-08 19:56:42 -04: Reading parameter file '/home/dianag/PruebasPablo/irace-independent-executions/MMASQAP/Scenarios/E4-BH-SR/Runs/E4-BH-SR_seed_1357924680/parameters.txt'.
# 2025-06-08 19:56:43 -04: Initialization
# Elitist race
# Elitist new instances: 1
# Elitist limit: 2
# nbIterations: 3
# minNbSurvival: 3
# nbParameters: 3
# seed: 1357924680
# confidence level: 0.95
# budget: 1500
# mu: 5
# deterministic: FALSE

# 2025-06-08 19:56:43 -04: Iteration 1 of 3
# experimentsUsed: 0
# remainingBudget: 1500
# currentBudget: 500
# nbConfigurations: 83
# Markers:
     x No test is performed.
     c Configurations are discarded only due to capping.
     - The test is performed and some configurations are discarded.
     = The test is performed but no configuration is discarded.
     ! The test is performed and configurations could be discarded but elite configurations are preserved.
     . All alive configurations are elite and nothing is discarded.

+-+-----------+-----------+-----------+----------------+-----------+--------+-----+----+------+
| |   Instance|      Alive|       Best|       Mean best| Exp so far|  W time|  rho|KenW|  Qvar|
+-+-----------+-----------+-----------+----------------+-----------+--------+-----+----+------+
|x|          1|         83|         44|     7300344.000|         83|00:00:31|   NA|  NA|    NA|
|x|          2|         83|         17|     3804377.000|        166|00:00:31|+0.26|0.63|0.6340|
|x|          3|         83|         17|     4972262.000|        249|00:00:30|+0.38|0.59|0.5107|
|x|          4|         83|         17|     3838239.500|        332|00:00:30|+0.30|0.48|0.5202|
|-|          5|         32|         17|     3133770.800|        415|00:00:31|-0.08|0.14|1.0507|
|=|          6|         32|         48|     3846340.000|        447|00:00:16|+0.02|0.19|0.9437|
|-|          7|         17|         48|     4305282.857|        479|00:00:15|+0.06|0.19|0.8979|
|-|          8|         12|         48|     3823279.750|        496|00:00:12|+0.00|0.13|0.9587|
+-+-----------+-----------+-----------+----------------+-----------+--------+-----+----+------+
Best configuration for the instances in this race: 48
Best-so-far configuration:          65    mean value:      3819170.250
Description of the best-so-far configuration:
   .ID. localsearch  rho ants .PARENT.
65   65           3 0.46   42       NA

# 2025-06-08 20:00:02 -04: Elite configurations (first number is the configuration ID; listed from best to worst according to the sum of ranks):
   localsearch  rho ants
65           3 0.46   42
48           3 0.56    9
17           3 0.23   20
# 2025-06-08 20:00:02 -04: Iteration 2 of 3
# experimentsUsed: 496
# remainingBudget: 1004
# currentBudget: 502
# nbConfigurations: 58
# Markers:
     x No test is performed.
     c Configurations are discarded only due to capping.
     - The test is performed and some configurations are discarded.
     = The test is performed but no configuration is discarded.
     ! The test is performed and configurations could be discarded but elite configurations are preserved.
     . All alive configurations are elite and nothing is discarded.

+-+-----------+-----------+-----------+----------------+-----------+--------+-----+----+------+
| |   Instance|      Alive|       Best|       Mean best| Exp so far|  W time|  rho|KenW|  Qvar|
+-+-----------+-----------+-----------+----------------+-----------+--------+-----+----+------+
|x|          9|         58|        117|     7376402.000|         58|00:00:28|   NA|  NA|    NA|
|x|          5|         58|        117|     3841701.000|        113|00:00:26|+0.43|0.71|0.5719|
|x|          2|         58|        117|     2658853.333|        168|00:00:27|+0.29|0.53|0.6935|
|x|          7|         58|         97|     3769142.500|        223|00:00:25|+0.33|0.50|0.6282|
|-|          8|         27|         97|     3104796.800|        278|00:00:26|-0.11|0.11|1.0824|
|=|          3|         27|         97|     3798835.667|        302|00:00:15|-0.03|0.14|1.0210|
|=|          6|         27|        128|     4314009.429|        326|00:00:16|-0.01|0.13|0.9935|
|=|          4|         27|         97|     3832177.250|        350|00:00:16|+0.01|0.13|0.9730|
|=|          1|         27|         87|     4218178.000|        374|00:00:16|-0.01|0.10|0.9776|
|=|         10|         27|        128|     4554071.600|        401|00:00:20|+0.01|0.11|0.9587|
+-+-----------+-----------+-----------+----------------+-----------+--------+-----+----+------+
Best-so-far configuration:         128    mean value:      4554071.600
Description of the best-so-far configuration:
    .ID. localsearch  rho ants .PARENT.
128  128           3 0.61    8       48

# 2025-06-08 20:03:42 -04: Elite configurations (first number is the configuration ID; listed from best to worst according to the sum of ranks):
    localsearch  rho ants
128           3 0.61    8
100           3 0.36   42
87            3 0.69   16
# 2025-06-08 20:03:42 -04: Iteration 3 of 3
# experimentsUsed: 897
# remainingBudget: 603
# currentBudget: 603
# nbConfigurations: 57
# Markers:
     x No test is performed.
     c Configurations are discarded only due to capping.
     - The test is performed and some configurations are discarded.
     = The test is performed but no configuration is discarded.
     ! The test is performed and configurations could be discarded but elite configurations are preserved.
     . All alive configurations are elite and nothing is discarded.

+-+-----------+-----------+-----------+----------------+-----------+--------+-----+----+------+
| |   Instance|      Alive|       Best|       Mean best| Exp so far|  W time|  rho|KenW|  Qvar|
+-+-----------+-----------+-----------+----------------+-----------+--------+-----+----+------+
|x|         11|         57|        151|     356414.0000|         57|00:00:31|   NA|  NA|    NA|
|x|          2|         57|        164|     324236.0000|        111|00:00:29|+0.04|0.52|0.9065|
|x|         10|         57|        164|     2749652.000|        165|00:00:31|+0.07|0.38|0.8475|
|x|          8|         57|        145|     2176313.500|        219|00:00:30|+0.12|0.34|0.7998|
|-|          7|         36|        161|     3155558.400|        273|00:00:32|-0.09|0.13|1.0291|
|=|          3|         36|        161|     3844229.333|        306|00:00:22|-0.03|0.14|0.9678|
|=|          1|         36|        128|     4336710.000|        339|00:00:23|-0.01|0.13|0.9159|
|=|          4|         36|        189|     3852307.250|        372|00:00:22|+0.01|0.14|0.9012|
|=|          5|         36|        100|     3459018.000|        405|00:00:22|+0.01|0.12|0.9229|
|=|          9|         36|        128|     3850203.800|        438|00:00:22|+0.03|0.13|0.8836|
|=|          6|         36|        128|     4173390.364|        471|00:00:22|+0.03|0.12|0.8822|
|=|         12|         36|        128|     4443073.000|        507|00:00:24|+0.04|0.12|0.8548|
+-+-----------+-----------+-----------+----------------+-----------+--------+-----+----+------+
Best-so-far configuration:         128    mean value:      4443073.000
Description of the best-so-far configuration:
    .ID. localsearch  rho ants .PARENT.
128  128           3 0.61    8       48

# 2025-06-08 20:08:58 -04: Elite configurations (first number is the configuration ID; listed from best to worst according to the sum of ranks):
    localsearch  rho ants
128           3 0.61    8
178           3 0.63   11
100           3 0.36   42
# 2025-06-08 20:08:58 -04: Iteration 4 of 4
# experimentsUsed: 1404
# remainingBudget: 96
# currentBudget: 96
# nbConfigurations: 10
# Markers:
     x No test is performed.
     c Configurations are discarded only due to capping.
     - The test is performed and some configurations are discarded.
     = The test is performed but no configuration is discarded.
     ! The test is performed and configurations could be discarded but elite configurations are preserved.
     . All alive configurations are elite and nothing is discarded.

+-+-----------+-----------+-----------+----------------+-----------+--------+-----+----+------+
| |   Instance|      Alive|       Best|       Mean best| Exp so far|  W time|  rho|KenW|  Qvar|
+-+-----------+-----------+-----------+----------------+-----------+--------+-----+----+------+
|x|         13|         10|        128|     656094.0000|         10|00:00:09|   NA|  NA|    NA|
|x|          7|         10|        128|     3863446.000|         17|00:00:05|+0.69|0.84|0.6884|
|x|         12|         10|        128|     5045491.333|         24|00:00:05|+0.38|0.59|0.5039|
|x|          1|         10|        128|     5611934.500|         31|00:00:05|+0.37|0.52|0.4070|
|-|          5|          8|        128|     4552578.800|         38|00:00:05|-0.09|0.13|0.9289|
|=|          2|          8|        195|     3847323.000|         43|00:00:06|-0.08|0.10|0.9526|
|=|         10|          8|        195|     4380954.571|         48|00:00:06|+0.00|0.14|0.8676|
|=|          8|          8|        128|     3887184.750|         53|00:00:06|+0.02|0.14|0.8664|
|=|          3|          8|        128|     4263469.333|         58|00:00:05|+0.05|0.16|0.8299|
|=|          4|          8|        128|     3881186.800|         63|00:00:05|+0.03|0.13|0.8418|
|=|          6|          8|        128|     4201556.727|         68|00:00:05|+0.05|0.13|0.8109|
|=|         11|          8|        128|     3881975.167|         73|00:00:05|+0.04|0.12|0.8155|
|=|          9|          8|        128|     4151766.923|         78|00:00:05|+0.05|0.12|0.8053|
|=|         14|          8|        128|     3885617.000|         86|00:00:06|+0.05|0.12|0.8065|
+-+-----------+-----------+-----------+----------------+-----------+--------+-----+----+------+
Best-so-far configuration:         128    mean value:      3885617.000
Description of the best-so-far configuration:
    .ID. localsearch  rho ants .PARENT.
128  128           3 0.61    8       48

# 2025-06-08 20:10:22 -04: Elite configurations (first number is the configuration ID; listed from best to worst according to the sum of ranks):
    localsearch  rho ants
128           3 0.61    8
178           3 0.63   11
100           3 0.36   42
# 2025-06-08 20:10:22 -04: Stopped because there is not enough budget left to race more than the minimum (3).
# You may either increase the budget or set 'minNbSurvival' to a lower value.
# Iteration: 5
# nbIterations: 5
# experimentsUsed: 1490
# timeUsed: 0
# remainingBudget: 10
# currentBudget: 10
# number of elites: 3
# nbConfigurations: 3
# Total CPU user time: 5717.005, CPU sys time: 35.84, Wall-clock time: 819.341
# 2025-06-08 20:10:22 -04: Starting post-selection:
# Configurations selected: 128, 178, 100, 87.
# Pending instances: 1, 1, 1, 3.
# 2025-06-08 20:10:22 -04: seed: 1357924680
# Configurations: 4
# Available experiments: 10
# minSurvival: 1
# Markers:
     x No test is performed.
     c Configurations are discarded only due to capping.
     - The test is performed and some configurations are discarded.
     = The test is performed but no configuration is discarded.
     ! The test is performed and configurations could be discarded but elite configurations are preserved.
     . All alive configurations are elite and nothing is discarded.

+-+-----------+-----------+-----------+----------------+-----------+--------+-----+----+------+
| |   Instance|      Alive|       Best|       Mean best| Exp so far|  W time|  rho|KenW|  Qvar|
+-+-----------+-----------+-----------+----------------+-----------+--------+-----+----+------+
|.|          2|          4|         87|     292070.0000|          0|00:00:00|   NA|  NA|    NA|
|.|          4|          4|         87|     361727.0000|          0|00:00:00|+0.80|0.90|0.0151|
|.|          8|          4|         87|     390534.6667|          0|00:00:00|+0.07|0.38|0.8748|
|.|          3|          4|         87|     2117784.000|          0|00:00:00|-0.03|0.23|0.9203|
|.|          6|          4|         87|     3176545.600|          0|00:00:00|-0.20|0.04|0.9276|
|.|          7|          4|         87|     3824211.667|          0|00:00:00|-0.12|0.07|0.8897|
|.|          5|          4|         87|     3323716.571|          0|00:00:00|-0.14|0.02|0.8701|
|.|          1|          4|         87|     3820626.500|          0|00:00:00|-0.10|0.04|0.8524|
|.|         12|          4|         87|     4221693.556|          0|00:00:00|-0.09|0.03|0.8403|
|x|         13|          4|        128|     3862638.200|          1|00:00:04|-0.05|0.06|0.8191|
|.|          9|          4|        128|     4183240.909|          1|00:00:00|-0.03|0.07|0.7949|
|.|         10|          4|        128|     4467199.333|          1|00:00:00|-0.00|0.08|0.7786|
|x|         14|          4|        128|     4156312.308|          2|00:00:04|+0.03|0.10|0.7510|
|.|         11|          4|        128|     3885617.000|          2|00:00:00|+0.04|0.11|0.7300|
|=|         15|          4|        128|     4138546.533|          6|00:00:06|+0.04|0.11|0.7324|
|=|         16|          4|        128|     4328558.500|         10|00:00:05|+0.06|0.12|0.7205|
+-+-----------+-----------+-----------+----------------+-----------+--------+-----+----+------+
Best-so-far configuration:         128    mean value:      4328558.500
Description of the best-so-far configuration:
    .ID. localsearch  rho ants .PARENT.
128  128           3 0.61    8       48

# 2025-06-08 20:10:43 -04: Elite configurations (first number is the configuration ID; listed from best to worst according to the sum of ranks):
    localsearch  rho ants
128           3 0.61    8
87            3 0.69   16
178           3 0.63   11
# Total CPU user time: 5765.202, CPU sys time: 36.058, Wall-clock time: 839.954
    .ID. localsearch  rho ants .PARENT. .RANK.  .WEIGHT.
128  128           3 0.61    8       48   30.5 0.5000000
87    87           3 0.69   16       65   39.5 0.3333333
178  178           3 0.63   11      128   43.0 0.1666667
