# 2025-05-14 14:25:51 -04: Reading parameter file '/home/dianag/PruebasPablo/irace-independent-executions/ACOTSP/Scenarios/E3-BH-N/Runs/E3-BH-N_seed_999888777/parameters.txt'.
# 2025-05-14 14:25:51 -04: 1 expression(s) specifying forbidden configurations read.
# 2025-05-14 14:25:51 -04: Initialization
# Elitist race
# Elitist new instances: 1
# Elitist limit: 2
# nbIterations: 5
# minNbSurvival: 5
# nbParameters: 11
# seed: 999888777
# confidence level: 0.95
# budget: 5500
# mu: 5
# deterministic: FALSE

# 2025-05-14 14:25:51 -04: Iteration 1 of 5
# experimentsUsed: 0
# remainingBudget: 5500
# currentBudget: 1100
# nbConfigurations: 183
# Markers:
     x No test is performed.
     c Configurations are discarded only due to capping.
     - The test is performed and some configurations are discarded.
     = The test is performed but no configuration is discarded.
     ! The test is performed and configurations could be discarded but elite configurations are preserved.
     . All alive configurations are elite and nothing is discarded.

+-+-----------+-----------+-----------+----------------+-----------+--------+-----+----+------+
| |   Instance|      Alive|       Best|       Mean best| Exp so far|  W time|  rho|KenW|  Qvar|
+-+-----------+-----------+-----------+----------------+-----------+--------+-----+----+------+
|x|          1|        183|        102|     32820397.00|        183|00:04:33|   NA|  NA|    NA|
|x|          2|        183|        102|     32587262.00|        366|00:04:29|+0.97|0.99|0.0010|
|x|          3|        183|        102|     32555168.00|        549|00:04:34|+0.97|0.98|0.0010|
|x|          4|        183|        131|     32611430.75|        732|00:04:38|+0.98|0.98|0.0010|
|-|          5|         10|        131|     32602528.00|        915|00:04:42|+0.50|0.60|0.5176|
|-|          6|          3|        131|     32585441.67|        925|00:00:20|+0.43|0.53|0.5151|
+-+-----------+-----------+-----------+----------------+-----------+--------+-----+----+------+
Best-so-far configuration:         131    mean value:      32585441.67
Description of the best-so-far configuration:
    .ID. algorithm localsearch alpha beta  rho ants   q0 rasrank elitistants
131  131       acs           3  1.61 0.91 0.99   11 0.59      NA          NA
    nnls dlb .PARENT.
131   30   1       NA

# 2025-05-14 14:49:11 -04: Elite configurations (first number is the configuration ID; listed from best to worst according to the sum of ranks):
    algorithm localsearch alpha beta  rho ants   q0 rasrank elitistants nnls
131       acs           3  1.61 0.91 0.99   11 0.59      NA          NA   30
102       acs           3  3.39 6.65 0.25   36 0.54      NA          NA   19
125      mmas           3  3.86 8.21 0.29   15   NA      NA          NA   17
    dlb
131   1
102   0
125   1
# 2025-05-14 14:49:11 -04: Iteration 2 of 5
# experimentsUsed: 925
# remainingBudget: 4575
# currentBudget: 1143
# nbConfigurations: 165
# Markers:
     x No test is performed.
     c Configurations are discarded only due to capping.
     - The test is performed and some configurations are discarded.
     = The test is performed but no configuration is discarded.
     ! The test is performed and configurations could be discarded but elite configurations are preserved.
     . All alive configurations are elite and nothing is discarded.

+-+-----------+-----------+-----------+----------------+-----------+--------+-----+----+------+
| |   Instance|      Alive|       Best|       Mean best| Exp so far|  W time|  rho|KenW|  Qvar|
+-+-----------+-----------+-----------+----------------+-----------+--------+-----+----+------+
|x|          7|        165|        218|     32436556.00|        165|00:04:15|   NA|  NA|    NA|
|x|          4|        165|        218|     32537168.50|        327|00:04:14|+0.96|0.98|0.0022|
|x|          3|        165|        218|     32501911.00|        489|00:04:12|+0.96|0.97|0.0020|
|x|          2|        165|        218|     32458726.25|        651|00:04:11|+0.96|0.97|0.0019|
|-|          5|         14|        218|     32469084.00|        813|00:04:13|+0.46|0.57|0.5139|
|-|          1|          6|        218|     32525838.17|        824|00:00:21|+0.66|0.72|0.3577|
|-|          6|          3|        218|     32515556.29|        827|00:00:10|+0.00|0.14|0.6287|
+-+-----------+-----------+-----------+----------------+-----------+--------+-----+----+------+
Best-so-far configuration:         218    mean value:      32515556.29
Description of the best-so-far configuration:
    .ID. algorithm localsearch alpha beta  rho ants   q0 rasrank elitistants
218  218       acs           3  1.39 6.11 0.46   11 0.88      NA          NA
    nnls dlb .PARENT.
218   15   1      125

# 2025-05-14 15:10:51 -04: Elite configurations (first number is the configuration ID; listed from best to worst according to the sum of ranks):
    algorithm localsearch alpha beta  rho ants   q0 rasrank elitistants nnls
218       acs           3  1.39 6.11 0.46   11 0.88      NA          NA   15
222       acs           3  3.26 0.41 0.60   49 0.09      NA          NA   27
252       acs           3  3.51 5.96 0.81   24 0.22      NA          NA    9
    dlb
218   1
222   1
252   0
# 2025-05-14 15:10:51 -04: Iteration 3 of 5
# experimentsUsed: 1752
# remainingBudget: 3748
# currentBudget: 1249
# nbConfigurations: 158
# Markers:
     x No test is performed.
     c Configurations are discarded only due to capping.
     - The test is performed and some configurations are discarded.
     = The test is performed but no configuration is discarded.
     ! The test is performed and configurations could be discarded but elite configurations are preserved.
     . All alive configurations are elite and nothing is discarded.

+-+-----------+-----------+-----------+----------------+-----------+--------+-----+----+------+
| |   Instance|      Alive|       Best|       Mean best| Exp so far|  W time|  rho|KenW|  Qvar|
+-+-----------+-----------+-----------+----------------+-----------+--------+-----+----+------+
|x|          8|        158|        379|     32699934.00|        158|00:03:57|   NA|  NA|    NA|
|x|          1|        158|        218|     32756548.00|        313|00:03:53|+0.90|0.95|0.0011|
|x|          6|        158|        218|     32655653.67|        468|00:03:51|+0.90|0.94|0.0010|
|x|          4|        158|        218|     32651185.50|        623|00:03:49|+0.92|0.94|0.0010|
|-|          7|         18|        218|     32608259.60|        778|00:03:52|+0.08|0.26|0.8952|
|=|          3|         18|        218|     32578782.33|        793|00:00:20|+0.08|0.23|0.8777|
|=|          5|         18|        218|     32569029.86|        808|00:00:20|+0.10|0.23|0.8525|
|-|          2|         10|        218|     32539047.62|        823|00:00:20|-0.04|0.09|0.9162|
|=|          9|         10|        354|     32570792.78|        833|00:00:20|-0.03|0.08|0.9177|
|=|         10|         10|        218|     32599171.00|        843|00:00:20|-0.01|0.09|0.8898|
+-+-----------+-----------+-----------+----------------+-----------+--------+-----+----+------+
Best-so-far configuration:         218    mean value:      32599171.00
Description of the best-so-far configuration:
    .ID. algorithm localsearch alpha beta  rho ants   q0 rasrank elitistants
218  218       acs           3  1.39 6.11 0.46   11 0.88      NA          NA
    nnls dlb .PARENT.
218   15   1      125

# 2025-05-14 15:31:59 -04: Elite configurations (first number is the configuration ID; listed from best to worst according to the sum of ranks):
    algorithm localsearch alpha beta  rho ants   q0 rasrank elitistants nnls
218       acs           3  1.39 6.11 0.46   11 0.88      NA          NA   15
354       acs           3  2.15 1.61 0.52   42 0.11      NA          NA   25
445       acs           3  1.15 3.86 0.37   16 0.83      NA          NA   10
452       acs           3  2.47 1.20 0.49   29 0.02      NA          NA   20
391       acs           3  2.95 0.10 0.35   48 0.27      NA          NA   28
    dlb
218   1
354   1
445   1
452   1
391   1
# 2025-05-14 15:31:59 -04: Iteration 4 of 5
# experimentsUsed: 2595
# remainingBudget: 2905
# currentBudget: 1452
# nbConfigurations: 136
# Markers:
     x No test is performed.
     c Configurations are discarded only due to capping.
     - The test is performed and some configurations are discarded.
     = The test is performed but no configuration is discarded.
     ! The test is performed and configurations could be discarded but elite configurations are preserved.
     . All alive configurations are elite and nothing is discarded.

+-+-----------+-----------+-----------+----------------+-----------+--------+-----+----+------+
| |   Instance|      Alive|       Best|       Mean best| Exp so far|  W time|  rho|KenW|  Qvar|
+-+-----------+-----------+-----------+----------------+-----------+--------+-----+----+------+
|x|         11|        136|        605|     32483549.00|        136|00:03:07|   NA|  NA|    NA|
|x|          9|        136|        536|     32640011.00|        267|00:03:00|+0.88|0.94|0.0009|
|x|          3|        136|        536|     32554830.67|        398|00:03:03|+0.88|0.92|0.0014|
|x|          8|        136|        536|     32587989.75|        529|00:03:01|+0.87|0.90|0.0016|
|-|          6|         17|        523|     32568659.40|        660|00:03:02|-0.01|0.19|0.9686|
|=|          2|         17|        523|     32516167.83|        672|00:00:20|+0.02|0.18|0.9368|
|=|         10|         17|        523|     32561673.43|        684|00:00:20|+0.02|0.16|0.9341|
|=|          7|         17|        523|     32547479.25|        696|00:00:20|+0.04|0.16|0.9064|
|=|          5|         17|        523|     32540295.00|        708|00:00:20|+0.04|0.14|0.9125|
|-|          4|         10|        523|     32548629.20|        720|00:00:20|+0.15|0.23|0.7735|
|-|          1|          4|        523|     32571373.55|        725|00:00:10|+0.11|0.19|0.6947|
+-+-----------+-----------+-----------+----------------+-----------+--------+-----+----+------+
Best-so-far configuration:         523    mean value:      32571373.55
Description of the best-so-far configuration:
    .ID. algorithm localsearch alpha beta  rho ants   q0 rasrank elitistants
523  523       acs           3  1.39  5.2 0.26   34 0.82      NA          NA
    nnls dlb .PARENT.
523    9   1      218

# 2025-05-14 15:49:09 -04: Elite configurations (first number is the configuration ID; listed from best to worst according to the sum of ranks):
    algorithm localsearch alpha beta  rho ants   q0 rasrank elitistants nnls
523       acs           3  1.39 5.20 0.26   34 0.82      NA          NA    9
536       acs           3  1.84 2.81 0.56   37 0.11      NA          NA   15
599       acs           3  1.77 3.45 0.17   25 0.52      NA          NA   14
354       acs           3  2.15 1.61 0.52   42 0.11      NA          NA   25
    dlb
523   1
536   1
599   1
354   1
# 2025-05-14 15:49:09 -04: Iteration 5 of 5
# experimentsUsed: 3320
# remainingBudget: 2180
# currentBudget: 2180
# nbConfigurations: 185
# Markers:
     x No test is performed.
     c Configurations are discarded only due to capping.
     - The test is performed and some configurations are discarded.
     = The test is performed but no configuration is discarded.
     ! The test is performed and configurations could be discarded but elite configurations are preserved.
     . All alive configurations are elite and nothing is discarded.

+-+-----------+-----------+-----------+----------------+-----------+--------+-----+----+------+
| |   Instance|      Alive|       Best|       Mean best| Exp so far|  W time|  rho|KenW|  Qvar|
+-+-----------+-----------+-----------+----------------+-----------+--------+-----+----+------+
|x|         12|        185|        657|     32288133.00|        185|00:04:09|   NA|  NA|    NA|
|x|          4|        185|        760|     32439403.00|        366|00:03:59|+0.70|0.85|0.0025|
|x|          3|        185|        536|     32438793.67|        547|00:03:59|+0.64|0.76|0.0025|
|x|         10|        185|        536|     32541987.00|        728|00:03:59|+0.65|0.74|0.0028|
|-|          9|         41|        536|     32591795.40|        909|00:03:59|-0.09|0.13|1.0537|
|=|         11|         41|        536|     32574661.67|        946|00:00:52|-0.06|0.11|1.0477|
|=|          6|         41|        764|     32558200.14|        983|00:00:52|-0.05|0.10|1.0301|
|=|          7|         41|        656|     32544944.12|       1020|00:00:51|-0.02|0.11|1.0017|
|=|          1|         41|        536|     32574752.89|       1057|00:00:52|-0.01|0.10|0.9950|
|=|          8|         41|        536|     32586024.30|       1094|00:00:52|+0.01|0.11|0.9663|
|=|          2|         41|        536|     32560715.82|       1131|00:00:52|+0.01|0.10|0.9676|
|=|          5|         41|        523|     32559278.33|       1168|00:00:52|+0.02|0.10|0.9567|
|=|         13|         41|        737|     32594372.54|       1209|00:01:02|+0.01|0.09|0.9585|
+-+-----------+-----------+-----------+----------------+-----------+--------+-----+----+------+
Best-so-far configuration:         737    mean value:      32594372.54
Description of the best-so-far configuration:
    .ID. algorithm localsearch alpha beta  rho ants   q0 rasrank elitistants
737  737       acs           3  2.44 2.43 0.56   47 0.06      NA          NA
    nnls dlb .PARENT.
737   25   1      354

# 2025-05-14 16:16:25 -04: Elite configurations (first number is the configuration ID; listed from best to worst according to the sum of ranks):
    algorithm localsearch alpha beta  rho ants   q0 rasrank elitistants nnls
737       acs           3  2.44 2.43 0.56   47 0.06      NA          NA   25
810       acs           3  1.91 3.07 0.20   31 0.25      NA          NA   14
523       acs           3  1.39 5.20 0.26   34 0.82      NA          NA    9
764       acs           3  1.60 4.63 0.30   36 0.76      NA          NA   10
536       acs           3  1.84 2.81 0.56   37 0.11      NA          NA   15
    dlb
737   1
810   1
523   1
764   1
536   1
# 2025-05-14 16:16:25 -04: Iteration 6 of 6
# experimentsUsed: 4529
# remainingBudget: 971
# currentBudget: 971
# nbConfigurations: 74
# Markers:
     x No test is performed.
     c Configurations are discarded only due to capping.
     - The test is performed and some configurations are discarded.
     = The test is performed but no configuration is discarded.
     ! The test is performed and configurations could be discarded but elite configurations are preserved.
     . All alive configurations are elite and nothing is discarded.

+-+-----------+-----------+-----------+----------------+-----------+--------+-----+----+------+
| |   Instance|      Alive|       Best|       Mean best| Exp so far|  W time|  rho|KenW|  Qvar|
+-+-----------+-----------+-----------+----------------+-----------+--------+-----+----+------+
|x|         14|         74|        838|     32228893.00|         74|00:01:44|   NA|  NA|    NA|
|x|          4|         74|        848|     32407311.50|        143|00:01:34|+0.18|0.59|0.2075|
|x|          8|         74|        827|     32501497.33|        212|00:01:33|+0.30|0.53|0.1659|
|x|         11|         74|        827|     32502953.25|        281|00:01:33|+0.28|0.46|0.1666|
|-|          2|         31|        875|     32466594.00|        350|00:01:33|-0.05|0.16|1.0484|
|=|          3|         31|        536|     32455463.17|        376|00:00:41|+0.00|0.17|0.9922|
|=|         12|         31|        536|     32439869.57|        402|00:00:41|+0.01|0.15|0.9812|
|=|          7|         31|        536|     32436690.12|        428|00:00:41|+0.04|0.16|0.9455|
|=|         10|         31|        858|     32477357.22|        454|00:00:41|+0.05|0.16|0.9335|
|-|          9|         13|        858|     32510091.30|        480|00:00:41|-0.02|0.08|0.9607|
|=|          6|         13|        858|     32502398.82|        488|00:00:10|-0.03|0.06|0.9595|
|=|         13|         13|        858|     32552060.58|        496|00:00:10|-0.04|0.04|0.9657|
|=|          1|         13|        858|     32571748.38|        504|00:00:10|-0.04|0.04|0.9655|
|=|          5|         13|        858|     32566793.71|        512|00:00:10|-0.03|0.04|0.9600|
|=|         15|         13|        858|     32566367.33|        525|00:00:20|-0.02|0.04|0.9635|
+-+-----------+-----------+-----------+----------------+-----------+--------+-----+----+------+
Best-so-far configuration:         858    mean value:      32566367.33
Description of the best-so-far configuration:
    .ID. algorithm localsearch alpha beta  rho ants   q0 rasrank elitistants
858  858       acs           3  2.01 3.09 0.26   41 0.37      NA          NA
    nnls dlb .PARENT.
858   12   1      810

# 2025-05-14 16:28:56 -04: Elite configurations (first number is the configuration ID; listed from best to worst according to the sum of ranks):
    algorithm localsearch alpha beta  rho ants   q0 rasrank elitistants nnls
858       acs           3  2.01 3.09 0.26   41 0.37      NA          NA   12
536       acs           3  1.84 2.81 0.56   37 0.11      NA          NA   15
848       acs           3  2.23 2.65 0.23   41 0.26      NA          NA   14
523       acs           3  1.39 5.20 0.26   34 0.82      NA          NA    9
810       acs           3  1.91 3.07 0.20   31 0.25      NA          NA   14
    dlb
858   1
536   1
848   1
523   1
810   1
# 2025-05-14 16:28:56 -04: Iteration 7 of 7
# experimentsUsed: 5054
# remainingBudget: 446
# currentBudget: 446
# nbConfigurations: 32
# Markers:
     x No test is performed.
     c Configurations are discarded only due to capping.
     - The test is performed and some configurations are discarded.
     = The test is performed but no configuration is discarded.
     ! The test is performed and configurations could be discarded but elite configurations are preserved.
     . All alive configurations are elite and nothing is discarded.

+-+-----------+-----------+-----------+----------------+-----------+--------+-----+----+------+
| |   Instance|      Alive|       Best|       Mean best| Exp so far|  W time|  rho|KenW|  Qvar|
+-+-----------+-----------+-----------+----------------+-----------+--------+-----+----+------+
|x|         16|         32|        858|     31993973.00|         32|00:00:42|   NA|  NA|    NA|
|x|          7|         32|        858|     32203025.50|         59|00:00:41|+0.27|0.63|0.4686|
|x|         12|         32|        858|     32246801.33|         86|00:00:41|+0.30|0.54|0.3749|
|x|         14|         32|        858|     32242349.75|        113|00:00:41|+0.35|0.51|0.3609|
|-|         13|         12|        883|     32405724.20|        140|00:00:41|+0.02|0.22|0.9449|
|=|          4|         12|        883|     32445202.00|        147|00:00:10|-0.02|0.15|0.9632|
|=|          2|         12|        858|     32417104.43|        154|00:00:10|-0.02|0.12|0.9522|
|=|          3|         12|        858|     32415755.38|        161|00:00:10|+0.00|0.13|0.9288|
|=|         10|         12|        883|     32458427.78|        168|00:00:10|+0.02|0.13|0.9043|
|=|          9|         12|        858|     32496239.30|        175|00:00:10|+0.01|0.11|0.9210|
|=|         15|         12|        858|     32502071.91|        182|00:00:10|+0.04|0.13|0.8848|
|=|          6|         12|        858|     32495688.75|        189|00:00:10|+0.03|0.11|0.9005|
|=|         11|         12|        858|     32496382.54|        196|00:00:10|+0.02|0.10|0.9046|
|=|          1|         12|        858|     32518641.07|        203|00:00:10|+0.01|0.09|0.9149|
|=|          5|         12|        858|     32517557.20|        210|00:00:10|+0.02|0.09|0.9088|
|=|          8|         12|        858|     32530592.69|        217|00:00:10|+0.00|0.06|0.9209|
|=|         17|         12|        858|     32532814.35|        229|00:00:20|+0.00|0.06|0.9218|
+-+-----------+-----------+-----------+----------------+-----------+--------+-----+----+------+
Best-so-far configuration:         858    mean value:      32532814.35
Description of the best-so-far configuration:
    .ID. algorithm localsearch alpha beta  rho ants   q0 rasrank elitistants
858  858       acs           3  2.01 3.09 0.26   41 0.37      NA          NA
    nnls dlb .PARENT.
858   12   1      810

# 2025-05-14 16:34:42 -04: Elite configurations (first number is the configuration ID; listed from best to worst according to the sum of ranks):
    algorithm localsearch alpha beta  rho ants   q0 rasrank elitistants nnls
858       acs           3  2.01 3.09 0.26   41 0.37      NA          NA   12
883       acs           3  1.99 2.34 0.27   38 0.41      NA          NA   11
523       acs           3  1.39 5.20 0.26   34 0.82      NA          NA    9
908       acs           3  2.05 2.33 0.32   43 0.46      NA          NA   14
810       acs           3  1.91 3.07 0.20   31 0.25      NA          NA   14
    dlb
858   1
883   1
523   1
908   1
810   1
# 2025-05-14 16:34:42 -04: Iteration 8 of 8
# experimentsUsed: 5283
# remainingBudget: 217
# currentBudget: 217
# nbConfigurations: 16
# Markers:
     x No test is performed.
     c Configurations are discarded only due to capping.
     - The test is performed and some configurations are discarded.
     = The test is performed but no configuration is discarded.
     ! The test is performed and configurations could be discarded but elite configurations are preserved.
     . All alive configurations are elite and nothing is discarded.

+-+-----------+-----------+-----------+----------------+-----------+--------+-----+----+------+
| |   Instance|      Alive|       Best|       Mean best| Exp so far|  W time|  rho|KenW|  Qvar|
+-+-----------+-----------+-----------+----------------+-----------+--------+-----+----+------+
|x|         18|         16|        523|     32875767.00|         16|00:00:20|   NA|  NA|    NA|
|x|          9|         16|        523|     32826692.00|         27|00:00:20|+0.24|0.62|0.7579|
|x|          3|         16|        523|     32677560.33|         38|00:00:20|+0.10|0.40|0.8686|
|x|         13|         16|        523|     32776580.25|         49|00:00:20|-0.06|0.20|0.9984|
|=|         12|         16|        919|     32689971.80|         60|00:00:20|-0.02|0.18|0.9731|
|=|          2|         16|        919|     32618835.00|         71|00:00:20|+0.04|0.20|0.9297|
|=|          4|         16|        919|     32619534.71|         82|00:00:20|+0.05|0.18|0.9225|
|=|         10|         16|        919|     32647735.12|         93|00:00:20|+0.09|0.20|0.8816|
|=|         17|         16|        919|     32636723.22|        104|00:00:20|+0.06|0.17|0.9051|
|=|         11|         16|        919|     32618390.60|        115|00:00:20|+0.04|0.14|0.9015|
|-|         15|         10|        919|     32609888.00|        126|00:00:20|-0.04|0.06|0.9325|
|=|          5|         10|        919|     32598258.08|        131|00:00:10|-0.01|0.08|0.9053|
|=|          6|         10|        919|     32582932.69|        136|00:00:10|-0.01|0.07|0.9076|
|=|          7|         10|        919|     32575243.79|        141|00:00:10|-0.02|0.05|0.9204|
|=|         16|         10|        919|     32537365.47|        146|00:00:10|-0.02|0.05|0.9134|
|=|          8|         10|        919|     32550436.25|        151|00:00:10|-0.03|0.03|0.9256|
|=|          1|         10|        919|     32567582.18|        156|00:00:10|-0.04|0.02|0.9317|
|=|         14|         10|        919|     32552240.89|        161|00:00:10|-0.03|0.02|0.9291|
|=|         19|         10|        919|     32548139.74|        171|00:00:20|-0.02|0.03|0.9179|
+-+-----------+-----------+-----------+----------------+-----------+--------+-----+----+------+
Best-so-far configuration:         919    mean value:      32548139.74
Description of the best-so-far configuration:
    .ID. algorithm localsearch alpha beta  rho ants  q0 rasrank elitistants
919  919       acs           3  1.88 2.08 0.28   35 0.4      NA          NA
    nnls dlb .PARENT.
919   11   1      883

# 2025-05-14 16:40:05 -04: Elite configurations (first number is the configuration ID; listed from best to worst according to the sum of ranks):
    algorithm localsearch alpha beta  rho ants   q0 rasrank elitistants nnls
919       acs           3  1.88 2.08 0.28   35 0.40      NA          NA   11
858       acs           3  2.01 3.09 0.26   41 0.37      NA          NA   12
883       acs           3  1.99 2.34 0.27   38 0.41      NA          NA   11
523       acs           3  1.39 5.20 0.26   34 0.82      NA          NA    9
918       acs           3  1.90 2.64 0.21   40 0.37      NA          NA   12
    dlb
919   1
858   1
883   1
523   1
918   1
# 2025-05-14 16:40:05 -04: Iteration 9 of 9
# experimentsUsed: 5454
# remainingBudget: 46
# currentBudget: 46
# nbConfigurations: 7
# Markers:
     x No test is performed.
     c Configurations are discarded only due to capping.
     - The test is performed and some configurations are discarded.
     = The test is performed but no configuration is discarded.
     ! The test is performed and configurations could be discarded but elite configurations are preserved.
     . All alive configurations are elite and nothing is discarded.

+-+-----------+-----------+-----------+----------------+-----------+--------+-----+----+------+
| |   Instance|      Alive|       Best|       Mean best| Exp so far|  W time|  rho|KenW|  Qvar|
+-+-----------+-----------+-----------+----------------+-----------+--------+-----+----+------+
|x|         20|          7|        883|     32387767.00|          7|00:00:10|   NA|  NA|    NA|
|x|          8|          7|        883|     32546518.50|          9|00:00:10|+0.18|0.59|0.5918|
|x|          7|          7|        883|     32501256.00|         11|00:00:10|+0.39|0.60|0.5336|
|x|          6|          7|        883|     32499631.50|         13|00:00:10|-0.05|0.21|0.8854|
|=|          1|          7|        858|     32552905.80|         15|00:00:10|+0.01|0.21|0.8304|
|=|          9|          7|        920|     32589672.67|         17|00:00:10|+0.02|0.19|0.8623|
|=|         17|          7|        523|     32589514.71|         19|00:00:10|+0.02|0.16|0.8713|
|=|         15|          7|        523|     32592122.88|         21|00:00:10|+0.03|0.15|0.8517|
|=|         18|          7|        523|     32623638.89|         23|00:00:10|+0.00|0.11|0.8690|
|=|         11|          7|        523|     32612229.70|         25|00:00:10|-0.03|0.08|0.8714|
|=|          3|          7|        523|     32591054.00|         27|00:00:10|+0.00|0.09|0.8484|
|=|          4|          7|        523|     32593769.25|         29|00:00:10|-0.02|0.07|0.8722|
|=|         16|          7|        523|     32549494.54|         31|00:00:10|+0.01|0.08|0.8453|
|=|          5|          7|        523|     32544732.14|         33|00:00:10|-0.02|0.06|0.8662|
|=|         13|          7|        523|     32579992.67|         35|00:00:10|-0.02|0.05|0.8704|
|=|         19|          7|        919|     32571433.94|         37|00:00:10|-0.01|0.06|0.8490|
|=|          2|          7|        523|     32556876.35|         39|00:00:10|-0.00|0.06|0.8393|
|=|         12|          7|        919|     32539996.67|         41|00:00:10|+0.00|0.06|0.8403|
|=|         14|          7|        919|     32526914.68|         43|00:00:10|+0.01|0.06|0.8282|
|=|         10|          7|        919|     32542825.85|         45|00:00:10|+0.03|0.07|0.8161|
+-+-----------+-----------+-----------+----------------+-----------+--------+-----+----+------+
Best-so-far configuration:         919    mean value:      32542825.85
Description of the best-so-far configuration:
    .ID. algorithm localsearch alpha beta  rho ants  q0 rasrank elitistants
919  919       acs           3  1.88 2.08 0.28   35 0.4      NA          NA
    nnls dlb .PARENT.
919   11   1      883

# 2025-05-14 16:43:35 -04: Elite configurations (first number is the configuration ID; listed from best to worst according to the sum of ranks):
    algorithm localsearch alpha beta  rho ants   q0 rasrank elitistants nnls
919       acs           3  1.88 2.08 0.28   35 0.40      NA          NA   11
883       acs           3  1.99 2.34 0.27   38 0.41      NA          NA   11
858       acs           3  2.01 3.09 0.26   41 0.37      NA          NA   12
523       acs           3  1.39 5.20 0.26   34 0.82      NA          NA    9
918       acs           3  1.90 2.64 0.21   40 0.37      NA          NA   12
    dlb
919   1
883   1
858   1
523   1
918   1
# 2025-05-14 16:43:35 -04: Stopped because there is not enough budget left to race more than the minimum (5).
# You may either increase the budget or set 'minNbSurvival' to a lower value.
# Iteration: 10
# nbIterations: 10
# experimentsUsed: 5499
# timeUsed: 0
# remainingBudget: 1
# currentBudget: 1
# number of elites: 5
# nbConfigurations: 5
# Total CPU user time: 60422.98, CPU sys time: 463.677, Wall-clock time: 8263.99
    .ID. algorithm localsearch alpha beta  rho ants   q0 rasrank elitistants
919  919       acs           3  1.88 2.08 0.28   35 0.40      NA          NA
883  883       acs           3  1.99 2.34 0.27   38 0.41      NA          NA
858  858       acs           3  2.01 3.09 0.26   41 0.37      NA          NA
523  523       acs           3  1.39 5.20 0.26   34 0.82      NA          NA
918  918       acs           3  1.90 2.64 0.21   40 0.37      NA          NA
    nnls dlb .PARENT. .RANK.   .WEIGHT.
919   11   1      883     72 0.33333333
883   11   1      858     72 0.26666667
858   12   1      810     73 0.20000000
523    9   1      218     76 0.13333333
918   12   1      858     79 0.06666667
