# 2025-05-13 05:08:59 -04: Reading parameter file '/home/dianag/PruebasPablo/irace-independent-executions/ACOTSP/Scenarios/E2-BL-SR/Runs/E2-BL-SR_seed_198347562/parameters.txt'.
# 2025-05-13 05:08:59 -04: 1 expression(s) specifying forbidden configurations read.
# 2025-05-13 05:08:59 -04: Initialization
# Elitist race
# Elitist new instances: 1
# Elitist limit: 2
# nbIterations: 5
# minNbSurvival: 5
# nbParameters: 11
# seed: 198347562
# confidence level: 0.95
# budget: 2750
# mu: 5
# deterministic: FALSE

# 2025-05-13 05:08:59 -04: Iteration 1 of 5
# experimentsUsed: 0
# remainingBudget: 2750
# currentBudget: 550
# nbConfigurations: 91
# Markers:
     x No test is performed.
     c Configurations are discarded only due to capping.
     - The test is performed and some configurations are discarded.
     = The test is performed but no configuration is discarded.
     ! The test is performed and configurations could be discarded but elite configurations are preserved.
     . All alive configurations are elite and nothing is discarded.

+-+-----------+-----------+-----------+----------------+-----------+--------+-----+----+------+
| |   Instance|      Alive|       Best|       Mean best| Exp so far|  W time|  rho|KenW|  Qvar|
+-+-----------+-----------+-----------+----------------+-----------+--------+-----+----+------+
|x|          1|         91|         51|     32897313.00|         91|00:02:22|   NA|  NA|    NA|
|x|          2|         91|         44|     32776672.00|        182|00:02:22|+0.98|0.99|0.0043|
|x|          3|         91|         44|     32768604.67|        273|00:02:22|+0.98|0.99|0.0039|
|x|          4|         91|         44|     32713932.00|        364|00:02:18|+0.98|0.98|0.0045|
|-|          5|          6|         44|     32704664.40|        455|00:02:23|+0.22|0.38|0.6420|
|-|          6|          2|         44|     32746934.83|        461|00:00:23|-0.07|0.11|0.5333|
+-+-----------+-----------+-----------+----------------+-----------+--------+-----+----+------+
Best-so-far configuration:          44    mean value:      32746934.83
Description of the best-so-far configuration:
   .ID. algorithm localsearch alpha beta  rho ants q0 rasrank elitistants nnls
44   44      mmas           3  2.14 4.04 0.38   71 NA      NA          NA   11
   dlb .PARENT.
44   1       NA

# 2025-05-13 05:21:13 -04: Elite configurations (first number is the configuration ID; listed from best to worst according to the sum of ranks):
   algorithm localsearch alpha beta  rho ants   q0 rasrank elitistants nnls dlb
44      mmas           3  2.14 4.04 0.38   71   NA      NA          NA   11   1
20       acs           3  2.99 6.69 0.52   63 0.98      NA          NA   47   0
# 2025-05-13 05:21:13 -04: Iteration 2 of 5
# experimentsUsed: 461
# remainingBudget: 2289
# currentBudget: 572
# nbConfigurations: 83
# Markers:
     x No test is performed.
     c Configurations are discarded only due to capping.
     - The test is performed and some configurations are discarded.
     = The test is performed but no configuration is discarded.
     ! The test is performed and configurations could be discarded but elite configurations are preserved.
     . All alive configurations are elite and nothing is discarded.

+-+-----------+-----------+-----------+----------------+-----------+--------+-----+----+------+
| |   Instance|      Alive|       Best|       Mean best| Exp so far|  W time|  rho|KenW|  Qvar|
+-+-----------+-----------+-----------+----------------+-----------+--------+-----+----+------+
|x|          7|         83|        129|     32591656.00|         83|00:02:12|   NA|  NA|    NA|
|x|          5|         83|        129|     32602701.50|        164|00:02:05|+0.98|0.99|0.0013|
|x|          6|         83|        129|     32709239.33|        245|00:02:05|+0.97|0.98|0.0011|
|x|          4|         83|        129|     32645043.00|        326|00:02:05|+0.97|0.98|0.0013|
|-|          3|          4|        129|     32675107.60|        407|00:02:07|+0.20|0.36|0.5940|
+-+-----------+-----------+-----------+----------------+-----------+--------+-----+----+------+
Best configuration for the instances in this race: 129
Best-so-far configuration:          44    mean value:      32738403.43
Description of the best-so-far configuration:
   .ID. algorithm localsearch alpha beta  rho ants q0 rasrank elitistants nnls
44   44      mmas           3  2.14 4.04 0.38   71 NA      NA          NA   11
   dlb .PARENT.
44   1       NA

# 2025-05-13 05:31:49 -04: Elite configurations (first number is the configuration ID; listed from best to worst according to the sum of ranks):
    algorithm localsearch alpha beta  rho ants   q0 rasrank elitistants nnls
44       mmas           3  2.14 4.04 0.38   71   NA      NA          NA   11
20        acs           3  2.99 6.69 0.52   63 0.98      NA          NA   47
129       acs           3  2.73 2.45 0.58   55 0.11      NA          NA   27
160       ras           3  2.60 4.10 0.41   25   NA       7          NA   42
    dlb
44    1
20    0
129   1
160   0
# 2025-05-13 05:31:49 -04: Iteration 3 of 5
# experimentsUsed: 868
# remainingBudget: 1882
# currentBudget: 627
# nbConfigurations: 81
# Markers:
     x No test is performed.
     c Configurations are discarded only due to capping.
     - The test is performed and some configurations are discarded.
     = The test is performed but no configuration is discarded.
     ! The test is performed and configurations could be discarded but elite configurations are preserved.
     . All alive configurations are elite and nothing is discarded.

+-+-----------+-----------+-----------+----------------+-----------+--------+-----+----+------+
| |   Instance|      Alive|       Best|       Mean best| Exp so far|  W time|  rho|KenW|  Qvar|
+-+-----------+-----------+-----------+----------------+-----------+--------+-----+----+------+
|x|          8|         81|        129|     32640502.00|         81|00:02:51|   NA|  NA|    NA|
|x|          4|         81|        129|     32546478.00|        158|00:02:35|+0.97|0.98|0.0018|
|x|          7|         81|        129|     32561537.33|        235|00:02:39|+0.95|0.97|0.0017|
|x|          5|         81|        129|     32574589.75|        312|00:02:38|+0.95|0.96|0.0014|
|-|          6|          7|        219|     32650922.00|        389|00:02:29|+0.43|0.54|0.5218|
|!|          2|          7|        129|     32627677.83|        394|00:00:22|+0.42|0.52|0.4997|
|-|          3|          6|        129|     32651633.29|        397|00:00:10|+0.33|0.42|0.5205|
|-|          1|          3|        129|     32677067.12|        401|00:00:10|-0.09|0.05|0.7256|
+-+-----------+-----------+-----------+----------------+-----------+--------+-----+----+------+
Best-so-far configuration:         129    mean value:      32677067.12
Description of the best-so-far configuration:
    .ID. algorithm localsearch alpha beta  rho ants   q0 rasrank elitistants
129  129       acs           3  2.73 2.45 0.58   55 0.11      NA          NA
    nnls dlb .PARENT.
129   27   1       44

# 2025-05-13 05:45:47 -04: Elite configurations (first number is the configuration ID; listed from best to worst according to the sum of ranks):
    algorithm localsearch alpha beta  rho ants   q0 rasrank elitistants nnls
129       acs           3  2.73 2.45 0.58   55 0.11      NA          NA   27
219       acs           3  3.17 6.31 0.54   69 0.47      NA          NA   10
240       acs           3  4.70 3.90 0.72   79 0.99      NA          NA   34
    dlb
129   1
219   1
240   1
# 2025-05-13 05:45:47 -04: Iteration 4 of 5
# experimentsUsed: 1269
# remainingBudget: 1481
# currentBudget: 740
# nbConfigurations: 84
# Markers:
     x No test is performed.
     c Configurations are discarded only due to capping.
     - The test is performed and some configurations are discarded.
     = The test is performed but no configuration is discarded.
     ! The test is performed and configurations could be discarded but elite configurations are preserved.
     . All alive configurations are elite and nothing is discarded.

+-+-----------+-----------+-----------+----------------+-----------+--------+-----+----+------+
| |   Instance|      Alive|       Best|       Mean best| Exp so far|  W time|  rho|KenW|  Qvar|
+-+-----------+-----------+-----------+----------------+-----------+--------+-----+----+------+
|x|          9|         84|        294|     32809467.00|         84|00:02:08|   NA|  NA|    NA|
|x|          4|         84|        291|     32648664.00|        165|00:02:04|+0.88|0.94|0.0025|
|x|          6|         84|        258|     32718853.67|        246|00:02:03|+0.89|0.93|0.0017|
|x|          5|         84|        258|     32690046.50|        327|00:02:05|+0.90|0.92|0.0020|
|-|          7|         17|        313|     32665163.80|        408|00:02:00|-0.03|0.17|0.8998|
|=|          8|         17|        313|     32651819.00|        422|00:00:20|+0.01|0.17|0.8608|
|=|          3|         17|        313|     32662325.86|        436|00:00:20|+0.02|0.16|0.8679|
|=|          2|         17|        313|     32653779.50|        450|00:00:21|+0.05|0.17|0.8404|
|=|          1|         17|        313|     32672385.00|        464|00:00:20|+0.05|0.15|0.8437|
|-|         10|          9|        313|     32652331.20|        481|00:00:31|-0.01|0.09|0.8965|
|=|         11|          9|        313|     32635547.91|        490|00:00:20|+0.02|0.11|0.8801|
|=|         12|          9|        313|     32619821.33|        499|00:00:20|+0.01|0.09|0.8896|
+-+-----------+-----------+-----------+----------------+-----------+--------+-----+----+------+
Best-so-far configuration:         313    mean value:      32619821.33
Description of the best-so-far configuration:
    .ID. algorithm localsearch alpha beta  rho ants   q0 rasrank elitistants
313  313       acs           3  3.87 6.61 0.75   63 0.09      NA          NA
    nnls dlb .PARENT.
313   11   1      219

# 2025-05-13 05:58:46 -04: Elite configurations (first number is the configuration ID; listed from best to worst according to the sum of ranks):
    algorithm localsearch alpha beta  rho ants   q0 rasrank elitistants nnls
313       acs           3  3.87 6.61 0.75   63 0.09      NA          NA   11
329       acs           3  2.78 0.62 0.74   51 0.19      NA          NA   23
297       acs           3  3.98 7.29 0.69   63 0.65      NA          NA   15
258       acs           3  2.38 6.09 0.51   53 0.66      NA          NA   12
266       acs           3  2.39 7.70 0.64   54 0.82      NA          NA   13
    dlb
313   1
329   1
297   1
258   1
266   1
# 2025-05-13 05:58:46 -04: Iteration 5 of 5
# experimentsUsed: 1768
# remainingBudget: 982
# currentBudget: 982
# nbConfigurations: 80
# Markers:
     x No test is performed.
     c Configurations are discarded only due to capping.
     - The test is performed and some configurations are discarded.
     = The test is performed but no configuration is discarded.
     ! The test is performed and configurations could be discarded but elite configurations are preserved.
     . All alive configurations are elite and nothing is discarded.

+-+-----------+-----------+-----------+----------------+-----------+--------+-----+----+------+
| |   Instance|      Alive|       Best|       Mean best| Exp so far|  W time|  rho|KenW|  Qvar|
+-+-----------+-----------+-----------+----------------+-----------+--------+-----+----+------+
|x|         13|         80|        348|     32541209.00|         80|00:01:43|   NA|  NA|    NA|
|x|          1|         80|        348|     32637570.50|        155|00:01:43|+0.64|0.82|0.0008|
|x|         11|         80|        348|     32574946.33|        230|00:01:44|+0.62|0.75|0.0025|
|x|          3|         80|        348|     32612632.50|        305|00:01:44|+0.63|0.72|0.0022|
|-|          7|         23|        348|     32612393.80|        380|00:01:43|-0.03|0.17|0.9755|
|=|          5|         23|        313|     32623633.67|        398|00:00:31|+0.01|0.18|0.9986|
|=|          2|         23|        382|     32620791.57|        416|00:00:31|+0.03|0.16|0.9857|
|=|          8|         23|        382|     32610342.12|        434|00:00:31|+0.04|0.16|0.9552|
|=|         12|         23|        382|     32592143.78|        452|00:00:31|+0.04|0.15|0.9442|
|=|          4|         23|        382|     32579835.00|        470|00:00:31|+0.01|0.11|0.9630|
|=|          6|         23|        382|     32605814.64|        488|00:00:31|+0.03|0.12|0.9451|
|=|         10|         23|        313|     32594889.67|        506|00:00:31|+0.04|0.12|0.9383|
|=|          9|         23|        313|     32617538.00|        524|00:00:31|+0.04|0.12|0.9261|
|-|         14|         19|        382|     32622289.43|        547|00:00:31|-0.02|0.06|0.9628|
|=|         15|         19|        382|     32586783.60|        566|00:00:31|+0.00|0.07|0.9481|
|=|         16|         19|        346|     32586969.56|        585|00:00:31|+0.00|0.07|0.9467|
+-+-----------+-----------+-----------+----------------+-----------+--------+-----+----+------+
Best-so-far configuration:         346    mean value:      32586969.56
Description of the best-so-far configuration:
    .ID. algorithm localsearch alpha beta  rho ants   q0 rasrank elitistants
346  346       acs           3  3.98 6.53 0.76   66 0.11      NA          NA
    nnls dlb .PARENT.
346   14   1      313

# 2025-05-13 06:13:09 -04: Elite configurations (first number is the configuration ID; listed from best to worst according to the sum of ranks):
    algorithm localsearch alpha beta  rho ants   q0 rasrank elitistants nnls
346       acs           3  3.98 6.53 0.76   66 0.11      NA          NA   14
382       acs           3  2.08 5.26 0.40   49 0.50      NA          NA   13
313       acs           3  3.87 6.61 0.75   63 0.09      NA          NA   11
383       acs           3  4.09 6.17 0.69   65 0.37      NA          NA   13
360       acs           3  3.70 7.06 0.73   65 0.39      NA          NA   18
    dlb
346   1
382   1
313   1
383   1
360   1
# 2025-05-13 06:13:09 -04: Iteration 6 of 6
# experimentsUsed: 2353
# remainingBudget: 397
# currentBudget: 397
# nbConfigurations: 28
# Markers:
     x No test is performed.
     c Configurations are discarded only due to capping.
     - The test is performed and some configurations are discarded.
     = The test is performed but no configuration is discarded.
     ! The test is performed and configurations could be discarded but elite configurations are preserved.
     . All alive configurations are elite and nothing is discarded.

+-+-----------+-----------+-----------+----------------+-----------+--------+-----+----+------+
| |   Instance|      Alive|       Best|       Mean best| Exp so far|  W time|  rho|KenW|  Qvar|
+-+-----------+-----------+-----------+----------------+-----------+--------+-----+----+------+
|x|         17|         28|        424|     32396853.00|         28|00:00:41|   NA|  NA|    NA|
|x|         12|         28|        406|     32405777.50|         51|00:00:31|+0.32|0.66|0.6585|
|x|          3|         28|        417|     32502153.67|         74|00:00:31|+0.23|0.49|0.7505|
|x|          1|         28|        417|     32575831.50|         97|00:00:31|+0.31|0.48|0.6576|
|-|          4|         14|        424|     32551161.40|        120|00:00:31|+0.00|0.20|0.9593|
|=|          9|         14|        417|     32610060.67|        129|00:00:20|+0.02|0.18|0.9547|
|=|          2|         14|        360|     32612111.57|        138|00:00:20|-0.01|0.14|0.9763|
|=|         13|         14|        346|     32610228.50|        147|00:00:20|-0.06|0.07|1.0054|
|=|          5|         14|        409|     32602018.67|        156|00:00:20|-0.07|0.05|1.0001|
|=|         10|         14|        360|     32614111.20|        165|00:00:20|-0.08|0.02|1.0059|
|=|          6|         14|        409|     32621718.64|        174|00:00:20|-0.07|0.03|0.9892|
|=|         11|         14|        409|     32605616.42|        183|00:00:20|-0.06|0.03|0.9827|
|=|          8|         14|        409|     32606035.31|        192|00:00:20|-0.06|0.03|0.9732|
|=|          7|         14|        360|     32616817.50|        201|00:00:20|-0.05|0.02|0.9700|
|=|         14|         14|        428|     32611821.73|        210|00:00:20|-0.03|0.04|0.9511|
|=|         16|         14|        428|     32609853.56|        219|00:00:20|-0.03|0.04|0.9492|
|=|         15|         14|        428|     32578783.94|        228|00:00:20|-0.00|0.06|0.9260|
|=|         18|         14|        428|     32569237.00|        242|00:00:20|-0.00|0.05|0.9255|
+-+-----------+-----------+-----------+----------------+-----------+--------+-----+----+------+
Best-so-far configuration:         428    mean value:      32569237.00
Description of the best-so-far configuration:
    .ID. algorithm localsearch alpha beta  rho ants   q0 rasrank elitistants
428  428       acs           3  3.58  6.9 0.78   68 0.12      NA          NA
    nnls dlb .PARENT.
428   12   1      346

# 2025-05-13 06:20:25 -04: Elite configurations (first number is the configuration ID; listed from best to worst according to the sum of ranks):
    algorithm localsearch alpha beta  rho ants   q0 rasrank elitistants nnls
428       acs           3  3.58 6.90 0.78   68 0.12      NA          NA   12
409       acs           3  3.62 6.54 0.68   66 0.13      NA          NA   12
346       acs           3  3.98 6.53 0.76   66 0.11      NA          NA   14
382       acs           3  2.08 5.26 0.40   49 0.50      NA          NA   13
360       acs           3  3.70 7.06 0.73   65 0.39      NA          NA   18
    dlb
428   1
409   1
346   1
382   1
360   1
# 2025-05-13 06:20:25 -04: Iteration 7 of 7
# experimentsUsed: 2595
# remainingBudget: 155
# currentBudget: 155
# nbConfigurations: 12
# Markers:
     x No test is performed.
     c Configurations are discarded only due to capping.
     - The test is performed and some configurations are discarded.
     = The test is performed but no configuration is discarded.
     ! The test is performed and configurations could be discarded but elite configurations are preserved.
     . All alive configurations are elite and nothing is discarded.

+-+-----------+-----------+-----------+----------------+-----------+--------+-----+----+------+
| |   Instance|      Alive|       Best|       Mean best| Exp so far|  W time|  rho|KenW|  Qvar|
+-+-----------+-----------+-----------+----------------+-----------+--------+-----+----+------+
|x|         19|         12|        432|     32543937.00|         12|00:00:20|   NA|  NA|    NA|
|x|         14|         12|        360|     32606411.50|         19|00:00:10|-0.04|0.48|0.5836|
|x|          2|         12|        428|     32574766.67|         26|00:00:10|+0.25|0.50|0.4449|
|x|         10|         12|        360|     32571071.25|         33|00:00:10|+0.42|0.56|0.3339|
|-|          6|          9|        432|     32622388.80|         40|00:00:10|-0.05|0.16|0.9147|
|=|          9|          9|        428|     32660610.33|         44|00:00:10|-0.04|0.14|0.9048|
|=|          5|          9|        428|     32650024.29|         48|00:00:10|-0.01|0.13|0.8979|
|=|          4|          9|        433|     32634802.38|         52|00:00:10|+0.03|0.15|0.8902|
|=|          8|          9|        429|     32629054.22|         56|00:00:10|+0.02|0.13|0.9051|
|=|         18|          9|        432|     32609642.40|         60|00:00:10|+0.00|0.10|0.9204|
|=|          3|          9|        432|     32618619.36|         64|00:00:10|+0.03|0.11|0.8902|
|=|         15|          9|        428|     32570480.25|         68|00:00:10|+0.03|0.11|0.8673|
|=|         13|          9|        428|     32574246.85|         72|00:00:10|+0.03|0.10|0.8657|
|=|          1|          9|        429|     32595658.57|         76|00:00:10|+0.04|0.11|0.8449|
|=|         11|          9|        429|     32587388.53|         80|00:00:10|+0.05|0.12|0.8485|
|=|         16|          9|        428|     32585313.25|         84|00:00:10|+0.06|0.12|0.8392|
|-|         17|          8|        429|     32580057.47|         88|00:00:10|-0.02|0.04|0.8933|
|=|          7|          8|        429|     32580909.72|         91|00:00:10|-0.02|0.04|0.8880|
|=|         12|          8|        429|     32571564.26|         94|00:00:10|-0.03|0.03|0.8951|
|=|         20|          8|        428|     32568307.75|        102|00:00:10|-0.03|0.03|0.8909|
+-+-----------+-----------+-----------+----------------+-----------+--------+-----+----+------+
Best-so-far configuration:         428    mean value:      32568307.75
Description of the best-so-far configuration:
    .ID. algorithm localsearch alpha beta  rho ants   q0 rasrank elitistants
428  428       acs           3  3.58  6.9 0.78   68 0.12      NA          NA
    nnls dlb .PARENT.
428   12   1      346

# 2025-05-13 06:24:06 -04: Elite configurations (first number is the configuration ID; listed from best to worst according to the sum of ranks):
    algorithm localsearch alpha beta  rho ants   q0 rasrank elitistants nnls
428       acs           3  3.58 6.90 0.78   68 0.12      NA          NA   12
409       acs           3  3.62 6.54 0.68   66 0.13      NA          NA   12
429       acs           3  3.92 6.49 0.77   64 0.09      NA          NA   20
432       acs           3  4.08 5.75 0.78   68 0.17      NA          NA   11
382       acs           3  2.08 5.26 0.40   49 0.50      NA          NA   13
    dlb
428   1
409   1
429   1
432   1
382   1
# 2025-05-13 06:24:06 -04: Iteration 8 of 8
# experimentsUsed: 2697
# remainingBudget: 53
# currentBudget: 53
# nbConfigurations: 7
# Markers:
     x No test is performed.
     c Configurations are discarded only due to capping.
     - The test is performed and some configurations are discarded.
     = The test is performed but no configuration is discarded.
     ! The test is performed and configurations could be discarded but elite configurations are preserved.
     . All alive configurations are elite and nothing is discarded.

+-+-----------+-----------+-----------+----------------+-----------+--------+-----+----+------+
| |   Instance|      Alive|       Best|       Mean best| Exp so far|  W time|  rho|KenW|  Qvar|
+-+-----------+-----------+-----------+----------------+-----------+--------+-----+----+------+
|x|         21|          7|        428|     32461471.00|          7|00:00:10|   NA|  NA|    NA|
|x|         18|          7|        432|     32432585.50|          9|00:00:10|-0.04|0.48|0.4700|
|x|         11|          7|        436|     32442211.00|         11|00:00:10|+0.17|0.44|0.3023|
|x|         19|          7|        436|     32471944.25|         13|00:00:10|+0.31|0.48|0.2385|
|-|          9|          6|        409|     32554827.20|         15|00:00:10|-0.15|0.08|0.9929|
|=|          8|          6|        409|     32564199.67|         16|00:00:10|-0.18|0.01|0.9739|
|=|         13|          6|        409|     32569063.43|         17|00:00:10|-0.10|0.05|0.9065|
|=|         20|          6|        428|     32565824.50|         18|00:00:10|-0.05|0.08|0.8491|
|=|          3|          6|        428|     32582247.89|         19|00:00:10|-0.06|0.06|0.8751|
|=|         12|          6|        409|     32562017.80|         20|00:00:10|-0.08|0.03|0.8984|
|=|          2|          6|        428|     32562414.55|         21|00:00:10|-0.05|0.05|0.8831|
|=|         10|          6|        428|     32560174.33|         22|00:00:10|-0.04|0.05|0.8666|
|=|         14|          6|        428|     32562683.15|         23|00:00:10|-0.03|0.05|0.8567|
|=|          7|          6|        428|     32563461.71|         24|00:00:10|-0.03|0.04|0.8496|
|=|         16|          6|        428|     32564586.33|         25|00:00:10|-0.02|0.05|0.8466|
|=|          5|          6|        428|     32565956.44|         26|00:00:10|-0.02|0.04|0.8453|
|=|         15|          6|        428|     32537469.00|         27|00:00:10|-0.01|0.05|0.8305|
|=|          6|          6|        428|     32555405.06|         28|00:00:10|-0.00|0.05|0.8172|
|=|          4|          6|        428|     32552567.16|         29|00:00:10|-0.01|0.05|0.8255|
|=|         17|          6|        428|     32549581.45|         30|00:00:10|+0.00|0.05|0.8210|
|=|          1|          6|        428|     32563220.29|         31|00:00:10|-0.01|0.03|0.8364|
|=|         22|          6|        429|     32553254.68|         37|00:00:10|-0.01|0.03|0.8417|
+-+-----------+-----------+-----------+----------------+-----------+--------+-----+----+------+
Best-so-far configuration:         429    mean value:      32553254.68
Description of the best-so-far configuration:
    .ID. algorithm localsearch alpha beta  rho ants   q0 rasrank elitistants
429  429       acs           3  3.92 6.49 0.77   64 0.09      NA          NA
    nnls dlb .PARENT.
429   20   1      346

# 2025-05-13 06:27:56 -04: Elite configurations (first number is the configuration ID; listed from best to worst according to the sum of ranks):
    algorithm localsearch alpha beta  rho ants   q0 rasrank elitistants nnls
429       acs           3  3.92 6.49 0.77   64 0.09      NA          NA   20
428       acs           3  3.58 6.90 0.78   68 0.12      NA          NA   12
432       acs           3  4.08 5.75 0.78   68 0.17      NA          NA   11
409       acs           3  3.62 6.54 0.68   66 0.13      NA          NA   12
382       acs           3  2.08 5.26 0.40   49 0.50      NA          NA   13
    dlb
429   1
428   1
432   1
409   1
382   1
# 2025-05-13 06:27:56 -04: Stopped because there is not enough budget left to race more than the minimum (5).
# You may either increase the budget or set 'minNbSurvival' to a lower value.
# Iteration: 9
# nbIterations: 9
# experimentsUsed: 2734
# timeUsed: 0
# remainingBudget: 16
# currentBudget: 16
# number of elites: 5
# nbConfigurations: 5
# Total CPU user time: 31828.96, CPU sys time: 226.785, Wall-clock time: 4736.426
# 2025-05-13 06:27:56 -04: Starting post-selection:
# Configurations selected: 429, 428, 432, 409, 382, 346, 360, 313.
# Pending instances: 1, 1, 1, 1, 1, 3, 3, 5.
# 2025-05-13 06:27:56 -04: seed: 198347562
# Configurations: 8
# Available experiments: 16
# minSurvival: 1
# Markers:
     x No test is performed.
     c Configurations are discarded only due to capping.
     - The test is performed and some configurations are discarded.
     = The test is performed but no configuration is discarded.
     ! The test is performed and configurations could be discarded but elite configurations are preserved.
     . All alive configurations are elite and nothing is discarded.

+-+-----------+-----------+-----------+----------------+-----------+--------+-----+----+------+
| |   Instance|      Alive|       Best|       Mean best| Exp so far|  W time|  rho|KenW|  Qvar|
+-+-----------+-----------+-----------+----------------+-----------+--------+-----+----+------+
|.|          1|          8|        382|     32782553.00|          0|00:00:00|   NA|  NA|    NA|
|.|          9|          8|        382|     32820997.00|          0|00:00:00|-0.14|0.43|1.0185|
|.|          5|          8|        382|     32744477.00|          0|00:00:00|-0.21|0.19|1.0341|
|.|         16|          8|        382|     32719870.50|          0|00:00:00|-0.23|0.08|1.0705|
|.|         11|          8|        382|     32672629.20|          0|00:00:00|-0.13|0.10|0.9901|
|.|         10|          8|        382|     32654233.17|          0|00:00:00|-0.15|0.04|1.0185|
|.|          6|          8|        382|     32684430.00|          0|00:00:00|-0.09|0.07|0.9737|
|x|         19|          8|        432|     32658683.50|          1|00:00:10|-0.01|0.11|0.9125|
|.|         17|          8|        432|     32637027.56|          1|00:00:00|+0.03|0.13|0.8808|
|.|         15|          8|        432|     32584941.00|          1|00:00:00|+0.01|0.11|0.9025|
|.|          8|          8|        432|     32587102.55|          1|00:00:00|-0.00|0.09|0.8983|
|.|         18|          8|        432|     32571040.00|          1|00:00:00|+0.01|0.09|0.8917|
|x|         21|          8|        409|     32560459.38|          4|00:00:10|+0.01|0.08|0.8883|
|.|          3|          8|        409|     32574076.86|          4|00:00:00|+0.02|0.09|0.8785|
|.|         14|          8|        409|     32579934.60|          4|00:00:00|-0.01|0.06|0.8874|
|x|         22|          8|        429|     32560027.94|          7|00:00:10|-0.02|0.05|0.8993|
|.|         12|          8|        429|     32550811.35|          7|00:00:00|-0.02|0.04|0.9022|
|.|          4|          8|        429|     32546264.94|          7|00:00:00|-0.01|0.04|0.8999|
|.|         13|          8|        429|     32550311.63|          7|00:00:00|-0.02|0.03|0.8987|
|.|          2|          8|        429|     32549475.45|          7|00:00:00|-0.01|0.04|0.8956|
|.|          7|          8|        429|     32551662.24|          7|00:00:00|-0.02|0.03|0.8943|
|=|         20|          8|        429|     32553254.68|          8|00:00:10|-0.02|0.03|0.8983|
|=|         23|          8|        428|     32555841.78|         16|00:00:10|-0.01|0.03|0.8906|
+-+-----------+-----------+-----------+----------------+-----------+--------+-----+----+------+
Best-so-far configuration:         428    mean value:      32555841.78
Description of the best-so-far configuration:
    .ID. algorithm localsearch alpha beta  rho ants   q0 rasrank elitistants
428  428       acs           3  3.58  6.9 0.78   68 0.12      NA          NA
    nnls dlb .PARENT.
428   12   1      346

# 2025-05-13 06:28:49 -04: Elite configurations (first number is the configuration ID; listed from best to worst according to the sum of ranks):
    algorithm localsearch alpha beta  rho ants   q0 rasrank elitistants nnls
428       acs           3  3.58 6.90 0.78   68 0.12      NA          NA   12
429       acs           3  3.92 6.49 0.77   64 0.09      NA          NA   20
432       acs           3  4.08 5.75 0.78   68 0.17      NA          NA   11
409       acs           3  3.62 6.54 0.68   66 0.13      NA          NA   12
382       acs           3  2.08 5.26 0.40   49 0.50      NA          NA   13
    dlb
428   1
429   1
432   1
409   1
382   1
# Total CPU user time: 31995.5, CPU sys time: 228.121, Wall-clock time: 4789.2
    .ID. algorithm localsearch alpha beta  rho ants   q0 rasrank elitistants
428  428       acs           3  3.58 6.90 0.78   68 0.12      NA          NA
429  429       acs           3  3.92 6.49 0.77   64 0.09      NA          NA
432  432       acs           3  4.08 5.75 0.78   68 0.17      NA          NA
409  409       acs           3  3.62 6.54 0.68   66 0.13      NA          NA
382  382       acs           3  2.08 5.26 0.40   49 0.50      NA          NA
    nnls dlb .PARENT. .RANK.   .WEIGHT.
428   12   1      346     90 0.33333333
429   20   1      346     94 0.26666667
432   11   1      346     95 0.20000000
409   12   1      313    101 0.13333333
382   13   1      258    108 0.06666667
