# 2025-05-19 16:54:31 -04: Reading parameter file '/home/dianag/PruebasPablo/irace-independent-executions/PSO-X/Scenarios/E5-BL-Multimodal-N/Runs/E5-BL-Multimodal-N_seed_1357924680/parameters.txt'.
# 2025-05-19 16:54:31 -04: 2 expression(s) specifying forbidden configurations read.
# 2025-05-19 16:54:31 -04: Initialization
# Elitist race
# Elitist new instances: 1
# Elitist limit: 2
# nbIterations: 5
# minNbSurvival: 5
# nbParameters: 8
# seed: 1357924680
# confidence level: 0.95
# budget: 2000
# mu: 5
# deterministic: FALSE

# 2025-05-19 16:54:31 -04: Iteration 1 of 5
# experimentsUsed: 0
# remainingBudget: 2000
# currentBudget: 400
# nbConfigurations: 66
# Markers:
     x No test is performed.
     c Configurations are discarded only due to capping.
     - The test is performed and some configurations are discarded.
     = The test is performed but no configuration is discarded.
     ! The test is performed and configurations could be discarded but elite configurations are preserved.
     . All alive configurations are elite and nothing is discarded.

+-+-----------+-----------+-----------+----------------+-----------+--------+-----+----+------+
| |   Instance|      Alive|       Best|       Mean best| Exp so far|  W time|  rho|KenW|  Qvar|
+-+-----------+-----------+-----------+----------------+-----------+--------+-----+----+------+
|x|          1|         66|          3|     192.6403702|         66|00:00:23|   NA|  NA|    NA|
|x|          2|         66|          3|     8358.099432|        132|00:00:23|+0.51|0.75|0.5071|
|x|          3|         66|         49|     5787.594483|        198|00:00:23|+0.09|0.39|0.8883|
|x|          4|         66|         49|     4343.693962|        264|00:00:23|+0.15|0.37|0.8308|
|-|          5|         21|         49|     3578.701251|        330|00:00:21|-0.01|0.20|0.9615|
|=|          6|         21|         49|     2982.428769|        351|00:00:16|+0.07|0.23|0.8538|
|-|          7|         15|         32|     2536.956472|        372|00:00:15|-0.03|0.11|0.9856|
|=|          8|         15|         32|     27758.17610|        387|00:00:17|-0.00|0.12|0.9476|
+-+-----------+-----------+-----------+----------------+-----------+--------+-----+----+------+
Best-so-far configuration:          32    mean value:      27758.17610
Description of the best-so-far configuration:
   .ID. particles topology modInfluence branching tSchedule phi1 phi2 inertia
32   32       126        5            0        NA         9  1.7 2.39    0.82
   .PARENT.
32       NA

# 2025-05-19 16:57:16 -04: Elite configurations (first number is the configuration ID; listed from best to worst according to the sum of ranks):
   particles topology modInfluence branching tSchedule phi1 phi2 inertia
32       126        5            0        NA         9 1.70 2.39    0.82
9        123        0            0        NA        NA 1.34 0.95    0.72
49       194        0            0        NA        NA 0.68 2.00    0.46
14       148        4            0        NA        NA 2.28 1.89    0.38
3         36        5            0        NA         2 0.88 1.42    0.67
# 2025-05-19 16:57:16 -04: Iteration 2 of 5
# experimentsUsed: 387
# remainingBudget: 1613
# currentBudget: 403
# nbConfigurations: 49
# Markers:
     x No test is performed.
     c Configurations are discarded only due to capping.
     - The test is performed and some configurations are discarded.
     = The test is performed but no configuration is discarded.
     ! The test is performed and configurations could be discarded but elite configurations are preserved.
     . All alive configurations are elite and nothing is discarded.

+-+-----------+-----------+-----------+----------------+-----------+--------+-----+----+------+
| |   Instance|      Alive|       Best|       Mean best| Exp so far|  W time|  rho|KenW|  Qvar|
+-+-----------+-----------+-----------+----------------+-----------+--------+-----+----+------+
|x|          9|         49|        103|     104.1288153|         49|00:00:13|   NA|  NA|    NA|
|x|          3|         49|        103|     62.53078950|         93|00:00:14|+0.09|0.55|0.8341|
|x|          6|         49|         78|     59.28038092|        137|00:00:12|+0.22|0.48|0.6351|
|x|          7|         49|         78|     97.07745893|        181|00:00:12|+0.35|0.51|0.6001|
|-|          8|         22|         78|     18448.92644|        225|00:00:19|-0.12|0.10|1.0804|
|=|          2|         22|         78|     18162.24865|        242|00:00:07|-0.09|0.09|1.0171|
|=|          1|         22|         78|     15595.58325|        259|00:00:06|-0.04|0.11|0.9699|
|=|          4|         22|         78|     13647.86855|        276|00:00:07|-0.05|0.08|0.9706|
|=|          5|         22|         78|     12170.31507|        293|00:00:06|-0.04|0.08|0.9571|
|=|         10|         22|         78|     10953.33000|        315|00:00:07|-0.02|0.08|0.9555|
+-+-----------+-----------+-----------+----------------+-----------+--------+-----+----+------+
Best-so-far configuration:          78    mean value:      10953.33000
Description of the best-so-far configuration:
   .ID. particles topology modInfluence branching tSchedule phi1 phi2 inertia
78   78        64        5            0        NA         7 1.57 2.45    0.59
   .PARENT.
78       32

# 2025-05-19 16:59:05 -04: Elite configurations (first number is the configuration ID; listed from best to worst according to the sum of ranks):
    particles topology modInfluence branching tSchedule phi1 phi2 inertia
78         64        5            0        NA         7 1.57 2.45    0.59
73        124        5            0        NA         7 1.74 1.30    0.88
14        148        4            0        NA        NA 2.28 1.89    0.38
49        194        0            0        NA        NA 0.68 2.00    0.46
110       193        5            0        NA         6 1.65 2.33    0.84
# 2025-05-19 16:59:05 -04: Iteration 3 of 5
# experimentsUsed: 702
# remainingBudget: 1298
# currentBudget: 432
# nbConfigurations: 43
# Markers:
     x No test is performed.
     c Configurations are discarded only due to capping.
     - The test is performed and some configurations are discarded.
     = The test is performed but no configuration is discarded.
     ! The test is performed and configurations could be discarded but elite configurations are preserved.
     . All alive configurations are elite and nothing is discarded.

+-+-----------+-----------+-----------+----------------+-----------+--------+-----+----+------+
| |   Instance|      Alive|       Best|       Mean best| Exp so far|  W time|  rho|KenW|  Qvar|
+-+-----------+-----------+-----------+----------------+-----------+--------+-----+----+------+
|x|         11|         43|        140|     20.77825376|         43|00:00:22|   NA|  NA|    NA|
|x|          5|         43|         14|     232.5563438|         81|00:00:21|-0.05|0.47|0.9526|
|x|          7|         43|         14|     242.2711450|        119|00:00:21|+0.08|0.38|0.6222|
|x|          8|         43|        131|     30311.69582|        157|00:00:29|+0.14|0.35|0.7297|
|-|          9|         28|         14|     27301.92034|        195|00:00:21|-0.09|0.13|1.0133|
|=|          1|         28|        131|     20264.63552|        218|00:00:03|-0.00|0.16|0.9463|
|=|          6|         28|        131|     17369.69877|        241|00:00:04|+0.04|0.18|0.9238|
|-|          2|         18|        131|     17303.86277|        264|00:00:04|-0.05|0.08|0.9442|
|=|          4|         18|        147|     36013.94418|        277|00:00:02|-0.04|0.08|0.9294|
|=|         10|         18|         73|     46384.00578|        290|00:00:02|-0.01|0.09|0.9167|
|=|          3|         18|         78|     9959.486117|        303|00:00:02|-0.01|0.08|0.9227|
|=|         12|         18|         73|     38656.70581|        321|00:00:18|+0.00|0.09|0.9279|
+-+-----------+-----------+-----------+----------------+-----------+--------+-----+----+------+
Best-so-far configuration:          73    mean value:      38656.70581
Description of the best-so-far configuration:
   .ID. particles topology modInfluence branching tSchedule phi1 phi2 inertia
73   73       124        5            0        NA         7 1.74  1.3    0.88
   .PARENT.
73       49

# 2025-05-19 17:01:39 -04: Elite configurations (first number is the configuration ID; listed from best to worst according to the sum of ranks):
    particles topology modInfluence branching tSchedule phi1 phi2 inertia
73        124        5            0        NA         7 1.74 1.30    0.88
147       193        5            0        NA         6 0.89 1.56    0.89
124       145        4            0        NA        NA 2.49 2.25    0.41
78         64        5            0        NA         7 1.57 2.45    0.59
132       118        4            0        NA        NA 1.29 1.94    0.72
# 2025-05-19 17:01:39 -04: Iteration 4 of 5
# experimentsUsed: 1023
# remainingBudget: 977
# currentBudget: 488
# nbConfigurations: 42
# Markers:
     x No test is performed.
     c Configurations are discarded only due to capping.
     - The test is performed and some configurations are discarded.
     = The test is performed but no configuration is discarded.
     ! The test is performed and configurations could be discarded but elite configurations are preserved.
     . All alive configurations are elite and nothing is discarded.

+-+-----------+-----------+-----------+----------------+-----------+--------+-----+----+------+
| |   Instance|      Alive|       Best|       Mean best| Exp so far|  W time|  rho|KenW|  Qvar|
+-+-----------+-----------+-----------+----------------+-----------+--------+-----+----+------+
|x|         13|         42|        156|     85.15687043|         42|00:00:12|   NA|  NA|    NA|
|x|         11|         42|        156|     52.99441420|         79|00:00:12|-0.22|0.39|0.9537|
|x|          9|         42|        156|     89.19024805|        116|00:00:11|-0.03|0.31|0.8260|
|x|          8|         42|        156|     17773.16668|        153|00:00:15|+0.03|0.27|0.7961|
|=|          1|         42|        156|     14267.96343|        190|00:00:11|+0.05|0.24|0.7560|
|-|          6|         34|        163|     28955.82547|        227|00:00:11|-0.09|0.09|1.0590|
|=|          2|         34|         78|     15582.17443|        256|00:00:04|-0.05|0.10|1.0197|
|=|          4|         34|         73|     55933.94335|        285|00:00:04|-0.03|0.10|0.9951|
|=|          7|         34|        184|     23781.27920|        314|00:00:04|-0.01|0.10|0.9630|
|=|          3|         34|        184|     21405.24633|        343|00:00:03|+0.00|0.10|0.9426|
|=|          5|         34|        184|     19488.25906|        372|00:00:03|+0.00|0.09|0.9370|
|=|         10|         34|        184|     17864.28418|        401|00:00:03|+0.01|0.09|0.9408|
|=|         12|         34|        184|     16491.72196|        430|00:00:24|+0.03|0.10|0.9264|
|=|         14|         34|        184|     15313.81562|        464|00:00:04|+0.02|0.09|0.9218|
+-+-----------+-----------+-----------+----------------+-----------+--------+-----+----+------+
Best-so-far configuration:         184    mean value:      15313.81562
Description of the best-so-far configuration:
    .ID. particles topology modInfluence branching tSchedule phi1 phi2 inertia
184  184       177        5            0        NA         5 1.05 1.64    0.81
    .PARENT.
184      147

# 2025-05-19 17:03:50 -04: Elite configurations (first number is the configuration ID; listed from best to worst according to the sum of ranks):
    particles topology modInfluence branching tSchedule phi1 phi2 inertia
184       177        5            0        NA         5 1.05 1.64    0.81
124       145        4            0        NA        NA 2.49 2.25    0.41
170       151        5            0        NA         3 1.82 1.14    0.79
183        91        5            0        NA         5 1.89 2.45    0.73
78         64        5            0        NA         7 1.57 2.45    0.59
# 2025-05-19 17:03:50 -04: Iteration 5 of 5
# experimentsUsed: 1487
# remainingBudget: 513
# currentBudget: 513
# nbConfigurations: 38
# Markers:
     x No test is performed.
     c Configurations are discarded only due to capping.
     - The test is performed and some configurations are discarded.
     = The test is performed but no configuration is discarded.
     ! The test is performed and configurations could be discarded but elite configurations are preserved.
     . All alive configurations are elite and nothing is discarded.

+-+-----------+-----------+-----------+----------------+-----------+--------+-----+----+------+
| |   Instance|      Alive|       Best|       Mean best| Exp so far|  W time|  rho|KenW|  Qvar|
+-+-----------+-----------+-----------+----------------+-----------+--------+-----+----+------+
|x|         15|         38|        192|     37.30221723|         38|00:00:38|   NA|  NA|    NA|
|x|          1|         38|        192|     117.5217408|         71|00:00:09|+0.19|0.59|0.7678|
|x|          5|         38|        124|     112.7515293|        104|00:00:09|+0.08|0.39|0.9215|
|x|          8|         38|        124|     24067.02415|        137|00:00:16|+0.06|0.30|0.9199|
|=|         11|         38|        212|     26140.98055|        170|00:00:09|+0.01|0.20|0.9690|
|=|          7|         38|        212|     21817.67317|        203|00:00:09|-0.02|0.15|0.9487|
|=|         10|         38|        204|     11012.00992|        236|00:00:09|-0.04|0.11|0.9846|
|=|         14|         38|        204|     9635.616900|        269|00:00:10|-0.01|0.12|0.9831|
|=|          3|         38|        204|     8567.323194|        302|00:00:09|-0.01|0.10|0.9739|
|=|         13|         38|        209|     8997.140183|        335|00:00:08|+0.02|0.12|0.9593|
|=|          9|         38|        209|     8190.228579|        368|00:00:09|+0.03|0.12|0.9372|
|=|         12|         38|        124|     8065.239119|        401|00:00:29|+0.02|0.11|0.9366|
|=|          6|         38|        209|     6932.576526|        434|00:00:09|+0.02|0.10|0.9360|
|=|          4|         38|        209|     6438.161810|        467|00:00:09|+0.02|0.09|0.9364|
|=|          2|         38|        209|     7111.492121|        500|00:00:09|+0.03|0.09|0.9310|
+-+-----------+-----------+-----------+----------------+-----------+--------+-----+----+------+
Best-so-far configuration:         209    mean value:      7111.492121
Description of the best-so-far configuration:
    .ID. particles topology modInfluence branching tSchedule phi1 phi2 inertia
209  209       132        4            0        NA        NA 2.41 2.49    0.37
    .PARENT.
209      124

# 2025-05-19 17:07:08 -04: Elite configurations (first number is the configuration ID; listed from best to worst according to the sum of ranks):
    particles topology modInfluence branching tSchedule phi1 phi2 inertia
209       132        4            0        NA        NA 2.41 2.49    0.37
204       150        4            0        NA        NA 2.34 2.29    0.38
124       145        4            0        NA        NA 2.49 2.25    0.41
183        91        5            0        NA         5 1.89 2.45    0.73
212       172        5            0        NA         5 1.26 1.68    0.77
# 2025-05-19 17:07:08 -04: Stopped because there is not enough budget left to race more than the minimum (5).
# You may either increase the budget or set 'minNbSurvival' to a lower value.
# Iteration: 6
# nbIterations: 6
# experimentsUsed: 1987
# timeUsed: 0
# remainingBudget: 13
# currentBudget: 13
# number of elites: 5
# nbConfigurations: 5
# Total CPU user time: 3853.154, CPU sys time: 58.633, Wall-clock time: 757.36
# 2025-05-19 17:07:08 -04: Starting post-selection:
# Configurations selected: 209, 204, 124, 183, 212, 184, 170, 78, 186, 187, 188, 189, 190.
# Pending instances: 0, 0, 0, 0, 0, 0, 0, 0, 0, 0, 0, 0, 0.
# 2025-05-19 17:07:08 -04: seed: 1357924680
# Configurations: 13
# Available experiments: 13
# minSurvival: 1
# Markers:
     x No test is performed.
     c Configurations are discarded only due to capping.
     - The test is performed and some configurations are discarded.
     = The test is performed but no configuration is discarded.
     ! The test is performed and configurations could be discarded but elite configurations are preserved.
     . All alive configurations are elite and nothing is discarded.

+-+-----------+-----------+-----------+----------------+-----------+--------+-----+----+------+
| |   Instance|      Alive|       Best|       Mean best| Exp so far|  W time|  rho|KenW|  Qvar|
+-+-----------+-----------+-----------+----------------+-----------+--------+-----+----+------+
|.|         14|         13|        209|    0.7757464255|          0|00:00:00|   NA|  NA|    NA|
|.|          1|         13|        209|     118.1353354|          0|00:00:00|-0.57|0.21|1.5564|
|.|         11|         13|        209|     85.75872097|          0|00:00:00|-0.27|0.15|1.2350|
|.|          9|         13|        209|     94.59717572|          0|00:00:00|-0.10|0.18|1.0240|
|.|          5|         13|        209|     94.49573199|          0|00:00:00|+0.04|0.23|0.8835|
|.|          8|         13|        209|     14904.13475|          0|00:00:00|+0.08|0.23|0.8798|
|.|         13|         13|        209|     12827.95659|          0|00:00:00|+0.13|0.25|0.8289|
|.|         12|         13|        209|     11228.32153|          0|00:00:00|+0.05|0.17|0.8607|
|.|         15|         13|        209|     9985.152397|          0|00:00:00|+0.07|0.17|0.8510|
|.|          6|         13|        209|     8986.647593|          0|00:00:00|+0.04|0.14|0.8813|
|.|          7|         13|        209|     8191.114990|          0|00:00:00|-0.00|0.09|0.9166|
|.|         10|         13|        209|     7508.558795|          0|00:00:00|-0.01|0.07|0.9198|
|.|          3|         13|        209|     6932.576526|          0|00:00:00|+0.00|0.08|0.9156|
|.|          2|         13|        209|     7618.686523|          0|00:00:00|+0.00|0.08|0.9053|
|.|          4|         13|        209|     7111.492121|          0|00:00:00|+0.01|0.08|0.8981|
|=|         16|         13|        209|     6668.697942|         13|00:00:02|+0.01|0.07|0.9043|
+-+-----------+-----------+-----------+----------------+-----------+--------+-----+----+------+
Best-so-far configuration:         209    mean value:      6668.697942
Description of the best-so-far configuration:
    .ID. particles topology modInfluence branching tSchedule phi1 phi2 inertia
209  209       132        4            0        NA        NA 2.41 2.49    0.37
    .PARENT.
209      124

# 2025-05-19 17:07:10 -04: Elite configurations (first number is the configuration ID; listed from best to worst according to the sum of ranks):
    particles topology modInfluence branching tSchedule phi1 phi2 inertia
209       132        4            0        NA        NA 2.41 2.49    0.37
204       150        4            0        NA        NA 2.34 2.29    0.38
212       172        5            0        NA         5 1.26 1.68    0.77
184       177        5            0        NA         5 1.05 1.64    0.81
124       145        4            0        NA        NA 2.49 2.25    0.41
# Total CPU user time: 3863.91, CPU sys time: 58.983, Wall-clock time: 759.64
    .ID. particles topology modInfluence branching tSchedule phi1 phi2 inertia
209  209       132        4            0        NA        NA 2.41 2.49    0.37
204  204       150        4            0        NA        NA 2.34 2.29    0.38
212  212       172        5            0        NA         5 1.26 1.68    0.77
184  184       177        5            0        NA         5 1.05 1.64    0.81
124  124       145        4            0        NA        NA 2.49 2.25    0.41
    .PARENT. .RANK.   .WEIGHT.
209      124     79 0.33333333
204      124    100 0.26666667
212      184    100 0.20000000
184      147    104 0.13333333
124       14    105 0.06666667
