# 2025-05-14 09:50:00 -04: Reading parameter file '/home/dianag/PruebasPablo/irace-independent-executions/ACOTSP/Scenarios/E3-BH-N/Runs/E3-BH-N_seed_777000777/parameters.txt'.
# 2025-05-14 09:50:00 -04: 1 expression(s) specifying forbidden configurations read.
# 2025-05-14 09:50:01 -04: Initialization
# Elitist race
# Elitist new instances: 1
# Elitist limit: 2
# nbIterations: 5
# minNbSurvival: 5
# nbParameters: 11
# seed: 777000777
# confidence level: 0.95
# budget: 5500
# mu: 5
# deterministic: FALSE

# 2025-05-14 09:50:01 -04: Iteration 1 of 5
# experimentsUsed: 0
# remainingBudget: 5500
# currentBudget: 1100
# nbConfigurations: 183
# Markers:
     x No test is performed.
     c Configurations are discarded only due to capping.
     - The test is performed and some configurations are discarded.
     = The test is performed but no configuration is discarded.
     ! The test is performed and configurations could be discarded but elite configurations are preserved.
     . All alive configurations are elite and nothing is discarded.

+-+-----------+-----------+-----------+----------------+-----------+--------+-----+----+------+
| |   Instance|      Alive|       Best|       Mean best| Exp so far|  W time|  rho|KenW|  Qvar|
+-+-----------+-----------+-----------+----------------+-----------+--------+-----+----+------+
|x|          1|        183|         80|     32623956.00|        183|00:04:34|   NA|  NA|    NA|
|x|          2|        183|         80|     32592875.00|        366|00:04:34|+0.99|0.99|0.0011|
|x|          3|        183|         80|     32666709.67|        549|00:04:39|+0.99|0.99|0.0011|
|x|          4|        183|         80|     32677679.25|        732|00:04:41|+0.99|0.99|0.0011|
|-|          5|          7|         80|     32627818.00|        915|00:04:40|+0.34|0.47|0.5602|
|-|          6|          2|         80|     32626810.50|        922|00:00:16|+0.33|0.44|0.3333|
+-+-----------+-----------+-----------+----------------+-----------+--------+-----+----+------+
Best-so-far configuration:          80    mean value:      32626810.50
Description of the best-so-far configuration:
   .ID. algorithm localsearch alpha beta  rho ants   q0 rasrank elitistants
80   80       acs           3  1.93 0.98 0.61   36 0.23      NA          NA
   nnls dlb .PARENT.
80   11   1       NA

# 2025-05-14 10:13:27 -04: Elite configurations (first number is the configuration ID; listed from best to worst according to the sum of ranks):
   algorithm localsearch alpha beta  rho ants   q0 rasrank elitistants nnls dlb
80       acs           3  1.93 0.98 0.61   36 0.23      NA          NA   11   1
21       acs           3  2.75 6.06 0.75   42 0.64      NA          NA   19   1
# 2025-05-14 10:13:27 -04: Iteration 2 of 5
# experimentsUsed: 922
# remainingBudget: 4578
# currentBudget: 1144
# nbConfigurations: 165
# Markers:
     x No test is performed.
     c Configurations are discarded only due to capping.
     - The test is performed and some configurations are discarded.
     = The test is performed but no configuration is discarded.
     ! The test is performed and configurations could be discarded but elite configurations are preserved.
     . All alive configurations are elite and nothing is discarded.

+-+-----------+-----------+-----------+----------------+-----------+--------+-----+----+------+
| |   Instance|      Alive|       Best|       Mean best| Exp so far|  W time|  rho|KenW|  Qvar|
+-+-----------+-----------+-----------+----------------+-----------+--------+-----+----+------+
|x|          7|        165|        272|     32373364.00|        165|00:03:57|   NA|  NA|    NA|
|x|          5|        165|        218|     32379647.50|        328|00:03:55|+0.97|0.99|0.0014|
|x|          3|        165|        218|     32504534.33|        491|00:03:52|+0.96|0.98|0.0016|
|x|          1|        165|        218|     32538840.25|        654|00:03:51|+0.97|0.98|0.0017|
|-|          6|         12|        272|     32564139.60|        817|00:03:52|+0.42|0.53|0.5948|
|-|          2|          7|        272|     32566259.17|        827|00:00:20|+0.19|0.33|0.7946|
|=|          4|          7|        218|     32589679.71|        832|00:00:10|+0.10|0.23|0.8452|
|=|          8|          7|        218|     32576472.12|        839|00:00:11|+0.10|0.22|0.8239|
+-+-----------+-----------+-----------+----------------+-----------+--------+-----+----+------+
Best-so-far configuration:         218    mean value:      32576472.12
Description of the best-so-far configuration:
    .ID. algorithm localsearch alpha beta  rho ants   q0 rasrank elitistants
218  218       acs           3  1.92 3.65 0.47   32 0.19      NA          NA
    nnls dlb .PARENT.
218   21   1       80

# 2025-05-14 10:33:39 -04: Elite configurations (first number is the configuration ID; listed from best to worst according to the sum of ranks):
    algorithm localsearch alpha beta  rho ants   q0 rasrank elitistants nnls
218       acs           3  1.92 3.65 0.47   32 0.19      NA          NA   21
80        acs           3  1.93 0.98 0.61   36 0.23      NA          NA   11
272       acs           3  2.52 9.68 0.91   48 0.24      NA          NA   17
285       acs           3  1.88 3.63 0.05   20 0.26      NA          NA   13
216       acs           3  1.51 8.88 0.96   22 0.85      NA          NA   24
    dlb
218   1
80    1
272   1
285   1
216   1
# 2025-05-14 10:33:39 -04: Iteration 3 of 5
# experimentsUsed: 1761
# remainingBudget: 3739
# currentBudget: 1246
# nbConfigurations: 142
# Markers:
     x No test is performed.
     c Configurations are discarded only due to capping.
     - The test is performed and some configurations are discarded.
     = The test is performed but no configuration is discarded.
     ! The test is performed and configurations could be discarded but elite configurations are preserved.
     . All alive configurations are elite and nothing is discarded.

+-+-----------+-----------+-----------+----------------+-----------+--------+-----+----+------+
| |   Instance|      Alive|       Best|       Mean best| Exp so far|  W time|  rho|KenW|  Qvar|
+-+-----------+-----------+-----------+----------------+-----------+--------+-----+----+------+
|x|          9|        142|        385|     32237317.00|        142|00:03:21|   NA|  NA|    NA|
|x|          2|        142|        385|     32380161.00|        279|00:03:13|+0.97|0.99|0.0015|
|x|          5|        142|        385|     32382908.33|        416|00:03:13|+0.97|0.98|0.0015|
|x|          4|        142|        378|     32466738.00|        553|00:03:13|+0.97|0.98|0.0017|
|-|          1|         18|        378|     32482154.80|        690|00:03:12|-0.01|0.19|0.8874|
|=|          3|         18|        378|     32536353.67|        703|00:00:20|-0.03|0.15|0.9259|
|=|          7|         18|        378|     32520326.43|        716|00:00:20|-0.03|0.12|0.9389|
|=|          6|         18|        378|     32536544.12|        729|00:00:20|-0.00|0.12|0.9223|
|=|          8|         18|        378|     32522640.44|        742|00:00:20|+0.01|0.12|0.9177|
|=|         10|         18|        378|     32546390.00|        760|00:00:31|-0.02|0.08|0.9463|
+-+-----------+-----------+-----------+----------------+-----------+--------+-----+----+------+
Best-so-far configuration:         378    mean value:      32546390.00
Description of the best-so-far configuration:
    .ID. algorithm localsearch alpha beta  rho ants   q0 rasrank elitistants
378  378       acs           3  2.06 5.68 0.17   39 0.36      NA          NA
    nnls dlb .PARENT.
378   17   1      218

# 2025-05-14 10:51:48 -04: Elite configurations (first number is the configuration ID; listed from best to worst according to the sum of ranks):
    algorithm localsearch alpha beta  rho ants   q0 rasrank elitistants nnls
378       acs           3  2.06 5.68 0.17   39 0.36      NA          NA   17
385       acs           3  4.53 5.46 0.09   45 0.52      NA          NA   17
399       acs           3  2.66 1.04 0.56   38 0.07      NA          NA   13
423       acs           3  1.97 4.16 0.40   20 0.41      NA          NA   14
466       acs           3  1.73 5.39 0.27   15 0.01      NA          NA   17
    dlb
378   1
385   1
399   1
423   1
466   1
# 2025-05-14 10:51:48 -04: Iteration 4 of 5
# experimentsUsed: 2521
# remainingBudget: 2979
# currentBudget: 1489
# nbConfigurations: 139
# Markers:
     x No test is performed.
     c Configurations are discarded only due to capping.
     - The test is performed and some configurations are discarded.
     = The test is performed but no configuration is discarded.
     ! The test is performed and configurations could be discarded but elite configurations are preserved.
     . All alive configurations are elite and nothing is discarded.

+-+-----------+-----------+-----------+----------------+-----------+--------+-----+----+------+
| |   Instance|      Alive|       Best|       Mean best| Exp so far|  W time|  rho|KenW|  Qvar|
+-+-----------+-----------+-----------+----------------+-----------+--------+-----+----+------+
|x|         11|        139|        587|     32765093.00|        139|00:03:06|   NA|  NA|    NA|
|x|          6|        139|        585|     32692685.00|        273|00:03:02|+0.86|0.93|0.0026|
|x|          1|        139|        495|     32653403.00|        407|00:03:01|+0.86|0.91|0.0043|
|x|          7|        139|        423|     32600322.00|        541|00:03:03|+0.85|0.89|0.0053|
|-|          5|         27|        516|     32550029.40|        675|00:03:02|-0.11|0.11|1.0783|
|=|          3|         27|        516|     32585417.17|        697|00:00:31|-0.04|0.13|1.0190|
|=|          8|         27|        541|     32568209.00|        719|00:00:31|-0.04|0.11|1.0109|
|=|          2|         27|        516|     32561438.50|        741|00:00:31|-0.01|0.11|0.9809|
|=|          9|         27|        516|     32531838.22|        763|00:00:31|-0.01|0.10|0.9725|
|=|          4|         27|        516|     32549524.50|        785|00:00:31|-0.01|0.09|0.9706|
|=|         10|         27|        516|     32562103.55|        807|00:00:31|-0.00|0.09|0.9600|
|=|         12|         27|        541|     32548255.50|        834|00:00:41|+0.02|0.10|0.9434|
+-+-----------+-----------+-----------+----------------+-----------+--------+-----+----+------+
Best-so-far configuration:         541    mean value:      32548255.50
Description of the best-so-far configuration:
    .ID. algorithm localsearch alpha beta  rho ants   q0 rasrank elitistants
541  541       acs           3  2.65 5.99 0.17   40 0.58      NA          NA
    nnls dlb .PARENT.
541   12   1      378

# 2025-05-14 11:10:54 -04: Elite configurations (first number is the configuration ID; listed from best to worst according to the sum of ranks):
    algorithm localsearch alpha beta  rho ants   q0 rasrank elitistants nnls
541       acs           3  2.65 5.99 0.17   40 0.58      NA          NA   12
516       acs           3  4.85 6.09 0.30   61 0.59      NA          NA    9
597       acs           3  3.38 3.78 0.17   56 0.57      NA          NA   14
607       acs           3  4.63 6.60 0.05   46 0.56      NA          NA   17
585       acs           3  3.47 4.33 0.17   49 0.44      NA          NA   12
    dlb
541   1
516   1
597   1
607   1
585   1
# 2025-05-14 11:10:54 -04: Iteration 5 of 5
# experimentsUsed: 3355
# remainingBudget: 2145
# currentBudget: 2145
# nbConfigurations: 169
# Markers:
     x No test is performed.
     c Configurations are discarded only due to capping.
     - The test is performed and some configurations are discarded.
     = The test is performed but no configuration is discarded.
     ! The test is performed and configurations could be discarded but elite configurations are preserved.
     . All alive configurations are elite and nothing is discarded.

+-+-----------+-----------+-----------+----------------+-----------+--------+-----+----+------+
| |   Instance|      Alive|       Best|       Mean best| Exp so far|  W time|  rho|KenW|  Qvar|
+-+-----------+-----------+-----------+----------------+-----------+--------+-----+----+------+
|x|         13|        169|        763|     32036887.00|        169|00:03:48|   NA|  NA|    NA|
|x|          4|        169|        646|     32356196.00|        333|00:03:38|+0.49|0.75|0.0105|
|x|          7|        169|        646|     32366168.00|        497|00:03:38|+0.48|0.65|0.0111|
|x|         11|        169|        712|     32472938.25|        661|00:03:38|+0.48|0.61|0.0093|
|-|          5|         57|        712|     32445708.40|        825|00:03:38|-0.15|0.08|1.1278|
|=|          6|         57|        687|     32483276.67|        877|00:01:12|-0.10|0.08|1.0962|
|=|          2|         57|        687|     32489999.14|        929|00:01:12|-0.08|0.07|1.0759|
|=|          3|         57|        687|     32527445.12|        981|00:01:12|-0.05|0.09|1.0383|
|=|         10|         57|        516|     32550585.89|       1033|00:01:12|-0.02|0.09|1.0139|
|=|         12|         57|        687|     32525898.60|       1085|00:01:12|-0.00|0.10|0.9955|
|=|          9|         57|        687|     32503761.18|       1137|00:01:12|+0.02|0.10|0.9772|
|=|          1|         57|        585|     32512492.50|       1189|00:01:12|+0.02|0.10|0.9664|
|-|          8|         42|        687|     32507874.08|       1241|00:01:13|-0.03|0.05|1.0191|
|=|         14|         42|        687|     32507707.93|       1283|00:01:02|-0.02|0.06|1.0036|
|=|         15|         42|        687|     32499895.20|       1325|00:01:02|-0.01|0.06|0.9962|
+-+-----------+-----------+-----------+----------------+-----------+--------+-----+----+------+
Best-so-far configuration:         687    mean value:      32499895.20
Description of the best-so-far configuration:
    .ID. algorithm localsearch alpha beta  rho ants   q0 rasrank elitistants
687  687       acs           3  2.42 5.71 0.25   51 0.71      NA          NA
    nnls dlb .PARENT.
687   10   1      541

# 2025-05-14 11:41:01 -04: Elite configurations (first number is the configuration ID; listed from best to worst according to the sum of ranks):
    algorithm localsearch alpha beta  rho ants   q0 rasrank elitistants nnls
687       acs           3  2.42 5.71 0.25   51 0.71      NA          NA   10
657       acs           3  4.16 5.86 0.16   57 0.58      NA          NA   11
707       acs           3  4.71 7.58 0.29   62 0.52      NA          NA   11
585       acs           3  3.47 4.33 0.17   49 0.44      NA          NA   12
661       acs           3  3.08 5.97 0.12   43 0.66      NA          NA   17
    dlb
687   1
657   1
707   1
585   1
661   1
# 2025-05-14 11:41:01 -04: Iteration 6 of 6
# experimentsUsed: 4680
# remainingBudget: 820
# currentBudget: 820
# nbConfigurations: 55
# Markers:
     x No test is performed.
     c Configurations are discarded only due to capping.
     - The test is performed and some configurations are discarded.
     = The test is performed but no configuration is discarded.
     ! The test is performed and configurations could be discarded but elite configurations are preserved.
     . All alive configurations are elite and nothing is discarded.

+-+-----------+-----------+-----------+----------------+-----------+--------+-----+----+------+
| |   Instance|      Alive|       Best|       Mean best| Exp so far|  W time|  rho|KenW|  Qvar|
+-+-----------+-----------+-----------+----------------+-----------+--------+-----+----+------+
|x|         16|         55|        687|     32374598.00|         55|00:01:13|   NA|  NA|    NA|
|x|          4|         55|        796|     32533356.50|        105|00:01:12|+0.68|0.84|0.1133|
|x|          2|         55|        820|     32534677.67|        155|00:01:12|+0.66|0.77|0.1192|
|x|          8|         55|        783|     32491310.50|        205|00:01:12|+0.64|0.73|0.1316|
|-|         10|         18|        783|     32526704.40|        255|00:01:12|-0.00|0.20|0.9453|
|=|          3|         18|        783|     32569171.50|        268|00:00:20|-0.01|0.15|0.9530|
|=|         15|         18|        783|     32546937.57|        281|00:00:20|-0.02|0.12|0.9425|
|=|          9|         18|        707|     32508306.12|        294|00:00:21|-0.04|0.09|0.9756|
|=|          6|         18|        796|     32530200.78|        307|00:00:20|+0.01|0.12|0.9407|
|=|          5|         18|        796|     32514371.70|        320|00:00:20|+0.01|0.11|0.9460|
|=|         13|         18|        707|     32467613.09|        333|00:00:20|+0.01|0.10|0.9379|
|=|         14|         18|        707|     32473480.08|        346|00:00:21|+0.03|0.11|0.9234|
|=|         12|         18|        687|     32468104.23|        359|00:00:20|+0.04|0.11|0.9111|
|=|         11|         18|        687|     32492276.79|        372|00:00:20|+0.03|0.10|0.9178|
|=|          1|         18|        687|     32502132.27|        385|00:00:20|+0.03|0.10|0.9187|
|=|          7|         18|        687|     32492064.12|        398|00:00:20|+0.03|0.09|0.9221|
|-|         17|         14|        687|     32493217.59|        416|00:00:31|-0.01|0.05|0.9463|
|=|         18|         14|        783|     32507398.89|        430|00:00:20|-0.01|0.04|0.9486|
|=|         19|         14|        783|     32514627.53|        444|00:00:20|-0.00|0.05|0.9377|
+-+-----------+-----------+-----------+----------------+-----------+--------+-----+----+------+
Best-so-far configuration:         783    mean value:      32514627.53
Description of the best-so-far configuration:
    .ID. algorithm localsearch alpha beta  rho ants   q0 rasrank elitistants
783  783       acs           3  2.68 5.63 0.22   53 0.76      NA          NA
    nnls dlb .PARENT.
783   12   1      687

# 2025-05-14 11:52:08 -04: Elite configurations (first number is the configuration ID; listed from best to worst according to the sum of ranks):
    algorithm localsearch alpha beta  rho ants   q0 rasrank elitistants nnls
783       acs           3  2.68 5.63 0.22   53 0.76      NA          NA   12
687       acs           3  2.42 5.71 0.25   51 0.71      NA          NA   10
657       acs           3  4.16 5.86 0.16   57 0.58      NA          NA   11
820       acs           3  4.31 6.47 0.15   55 0.58      NA          NA   11
661       acs           3  3.08 5.97 0.12   43 0.66      NA          NA   17
    dlb
783   1
687   1
657   1
820   1
661   1
# 2025-05-14 11:52:08 -04: Iteration 7 of 7
# experimentsUsed: 5124
# remainingBudget: 376
# currentBudget: 376
# nbConfigurations: 23
# Markers:
     x No test is performed.
     c Configurations are discarded only due to capping.
     - The test is performed and some configurations are discarded.
     = The test is performed but no configuration is discarded.
     ! The test is performed and configurations could be discarded but elite configurations are preserved.
     . All alive configurations are elite and nothing is discarded.

+-+-----------+-----------+-----------+----------------+-----------+--------+-----+----+------+
| |   Instance|      Alive|       Best|       Mean best| Exp so far|  W time|  rho|KenW|  Qvar|
+-+-----------+-----------+-----------+----------------+-----------+--------+-----+----+------+
|x|         20|         23|        838|     32386365.00|         23|00:00:31|   NA|  NA|    NA|
|x|          6|         23|        657|     32504655.50|         41|00:00:31|+0.50|0.75|0.3162|
|x|          4|         23|        657|     32547092.67|         59|00:00:31|+0.37|0.58|0.3162|
|x|         10|         23|        838|     32587557.00|         77|00:00:31|+0.35|0.51|0.3182|
|-|         12|          9|        838|     32534437.80|         95|00:00:31|+0.17|0.34|0.7484|
|-|         11|          6|        657|     32579291.17|         99|00:00:10|+0.40|0.50|0.5018|
|!|          7|          6|        657|     32549419.29|        100|00:00:10|+0.22|0.33|0.6736|
|=|         17|          6|        657|     32541467.12|        101|00:00:10|+0.14|0.25|0.7202|
|=|         14|          6|        657|     32537978.11|        102|00:00:10|+0.05|0.16|0.7947|
|=|         13|          6|        657|     32500535.80|        103|00:00:10|-0.01|0.09|0.8519|
|=|         18|          6|        657|     32524508.36|        104|00:00:10|-0.00|0.09|0.8430|
|=|          8|          6|        657|     32515990.58|        105|00:00:10|+0.03|0.11|0.8124|
|=|         19|          6|        657|     32522033.92|        106|00:00:10|+0.01|0.09|0.8076|
|=|          5|          6|        657|     32514562.57|        107|00:00:10|-0.02|0.05|0.8301|
|=|          3|          6|        657|     32531913.20|        108|00:00:10|-0.03|0.04|0.8388|
|=|          1|          6|        783|     32531203.19|        109|00:00:10|-0.04|0.03|0.8439|
|=|         16|          6|        783|     32523073.76|        110|00:00:10|-0.03|0.03|0.8425|
|=|          2|          6|        783|     32523642.56|        111|00:00:10|-0.04|0.02|0.8529|
|=|          9|          6|        783|     32513675.79|        112|00:00:10|-0.04|0.02|0.8489|
|=|         15|          6|        657|     32513125.40|        113|00:00:10|-0.03|0.02|0.8422|
|=|         21|          6|        657|     32527052.33|        119|00:00:10|-0.01|0.03|0.8318|
+-+-----------+-----------+-----------+----------------+-----------+--------+-----+----+------+
Best-so-far configuration:         657    mean value:      32527052.33
Description of the best-so-far configuration:
    .ID. algorithm localsearch alpha beta  rho ants   q0 rasrank elitistants
657  657       acs           3  4.16 5.86 0.16   57 0.58      NA          NA
    nnls dlb .PARENT.
657   11   1      516

# 2025-05-14 11:57:31 -04: Elite configurations (first number is the configuration ID; listed from best to worst according to the sum of ranks):
    algorithm localsearch alpha beta  rho ants   q0 rasrank elitistants nnls
657       acs           3  4.16 5.86 0.16   57 0.58      NA          NA   11
687       acs           3  2.42 5.71 0.25   51 0.71      NA          NA   10
783       acs           3  2.68 5.63 0.22   53 0.76      NA          NA   12
820       acs           3  4.31 6.47 0.15   55 0.58      NA          NA   11
661       acs           3  3.08 5.97 0.12   43 0.66      NA          NA   17
    dlb
657   1
687   1
783   1
820   1
661   1
# 2025-05-14 11:57:31 -04: Iteration 8 of 8
# experimentsUsed: 5243
# remainingBudget: 257
# currentBudget: 257
# nbConfigurations: 16
# Markers:
     x No test is performed.
     c Configurations are discarded only due to capping.
     - The test is performed and some configurations are discarded.
     = The test is performed but no configuration is discarded.
     ! The test is performed and configurations could be discarded but elite configurations are preserved.
     . All alive configurations are elite and nothing is discarded.

+-+-----------+-----------+-----------+----------------+-----------+--------+-----+----+------+
| |   Instance|      Alive|       Best|       Mean best| Exp so far|  W time|  rho|KenW|  Qvar|
+-+-----------+-----------+-----------+----------------+-----------+--------+-----+----+------+
|x|         22|         16|        859|     32269762.00|         16|00:00:21|   NA|  NA|    NA|
|x|          3|         16|        859|     32504632.50|         27|00:00:20|+0.40|0.70|0.2196|
|x|          2|         16|        855|     32517254.33|         38|00:00:20|+0.34|0.56|0.1831|
|x|         14|         16|        859|     32523394.00|         49|00:00:20|+0.34|0.50|0.1996|
|-|         11|         11|        657|     32574966.20|         60|00:00:20|-0.11|0.11|1.0303|
|=|          7|         11|        657|     32540836.50|         66|00:00:10|-0.05|0.13|0.9523|
|=|         16|         11|        687|     32529892.00|         72|00:00:10|-0.04|0.11|0.9382|
|=|          9|         11|        855|     32497418.12|         78|00:00:10|-0.03|0.10|0.9092|
|=|         19|         11|        657|     32507811.56|         84|00:00:10|+0.00|0.11|0.8891|
|=|          4|         11|        657|     32520227.10|         90|00:00:10|+0.02|0.12|0.8694|
|=|         21|         11|        657|     32546169.27|         96|00:00:10|+0.03|0.12|0.8564|
|=|         17|         11|        657|     32541138.67|        102|00:00:10|+0.03|0.11|0.8555|
|=|         10|         11|        657|     32554650.38|        108|00:00:10|+0.03|0.10|0.8685|
|=|         12|         11|        657|     32538887.14|        114|00:00:10|+0.03|0.10|0.8616|
|=|         18|         11|        657|     32553910.27|        120|00:00:10|+0.02|0.09|0.8672|
|=|          1|         11|        657|     32559804.88|        126|00:00:10|+0.03|0.09|0.8685|
|=|         20|         11|        657|     32549656.00|        132|00:00:10|+0.03|0.09|0.8685|
|=|          5|         11|        783|     32543806.44|        138|00:00:10|+0.03|0.08|0.8749|
|=|          8|         11|        783|     32533784.95|        144|00:00:10|+0.04|0.09|0.8675|
|-|          6|          6|        783|     32538645.65|        150|00:00:10|-0.01|0.05|0.8369|
|=|         15|          6|        657|     32532367.86|        151|00:00:10|+0.00|0.05|0.8338|
|=|         13|          6|        657|     32515603.64|        152|00:00:10|-0.02|0.03|0.8479|
|=|         23|          6|        657|     32520230.48|        158|00:00:10|-0.01|0.03|0.8437|
+-+-----------+-----------+-----------+----------------+-----------+--------+-----+----+------+
Best-so-far configuration:         657    mean value:      32520230.48
Description of the best-so-far configuration:
    .ID. algorithm localsearch alpha beta  rho ants   q0 rasrank elitistants
657  657       acs           3  4.16 5.86 0.16   57 0.58      NA          NA
    nnls dlb .PARENT.
657   11   1      516

# 2025-05-14 12:02:24 -04: Elite configurations (first number is the configuration ID; listed from best to worst according to the sum of ranks):
    algorithm localsearch alpha beta  rho ants   q0 rasrank elitistants nnls
657       acs           3  4.16 5.86 0.16   57 0.58      NA          NA   11
783       acs           3  2.68 5.63 0.22   53 0.76      NA          NA   12
687       acs           3  2.42 5.71 0.25   51 0.71      NA          NA   10
820       acs           3  4.31 6.47 0.15   55 0.58      NA          NA   11
661       acs           3  3.08 5.97 0.12   43 0.66      NA          NA   17
    dlb
657   1
783   1
687   1
820   1
661   1
# 2025-05-14 12:02:24 -04: Iteration 9 of 9
# experimentsUsed: 5401
# remainingBudget: 99
# currentBudget: 99
# nbConfigurations: 8
# Markers:
     x No test is performed.
     c Configurations are discarded only due to capping.
     - The test is performed and some configurations are discarded.
     = The test is performed but no configuration is discarded.
     ! The test is performed and configurations could be discarded but elite configurations are preserved.
     . All alive configurations are elite and nothing is discarded.

+-+-----------+-----------+-----------+----------------+-----------+--------+-----+----+------+
| |   Instance|      Alive|       Best|       Mean best| Exp so far|  W time|  rho|KenW|  Qvar|
+-+-----------+-----------+-----------+----------------+-----------+--------+-----+----+------+
|x|         24|          8|        657|     32556165.00|          8|00:00:10|   NA|  NA|    NA|
|x|          3|          8|        657|     32665493.50|         11|00:00:10|-0.48|0.26|1.0357|
|x|          4|          8|        657|     32654318.00|         14|00:00:10|-0.20|0.20|0.9293|
|x|         22|          8|        657|     32559533.75|         17|00:00:10|-0.04|0.22|0.8785|
|=|         19|          8|        657|     32566537.80|         20|00:00:10|+0.07|0.26|0.7373|
|=|         12|          8|        657|     32527775.67|         23|00:00:10|+0.08|0.23|0.7218|
|=|          5|          8|        657|     32512012.71|         26|00:00:10|+0.02|0.16|0.8194|
|=|          7|          8|        657|     32494284.62|         29|00:00:10|-0.00|0.12|0.8669|
|=|         16|          8|        687|     32495970.89|         32|00:00:10|+0.01|0.12|0.8577|
|=|          9|          8|        657|     32468500.80|         35|00:00:10|-0.02|0.08|0.8825|
|=|         17|          8|        657|     32470073.64|         38|00:00:10|+0.00|0.09|0.8643|
|=|          6|          8|        657|     32482737.25|         41|00:00:10|+0.04|0.12|0.8329|
|=|         14|          8|        657|     32484839.46|         44|00:00:10|+0.06|0.13|0.8209|
|-|         15|          5|        657|     32476908.50|         47|00:00:10|+0.00|0.07|0.7939|
|.|         23|          5|        657|     32486582.67|         47|00:00:00|-0.01|0.06|0.8070|
|.|          1|          5|        657|     32496685.25|         47|00:00:00|-0.04|0.03|0.8281|
|.|         13|          5|        657|     32477089.35|         47|00:00:00|-0.04|0.02|0.8321|
|.|          2|          5|        657|     32480087.11|         47|00:00:00|-0.03|0.03|0.8303|
|.|         21|          5|        657|     32497218.89|         47|00:00:00|-0.01|0.04|0.8159|
|.|          8|          5|        657|     32493472.70|         47|00:00:00|-0.01|0.04|0.8176|
|.|         10|          5|        657|     32504106.90|         47|00:00:00|-0.01|0.04|0.8153|
|.|         11|          5|        657|     32516816.27|         47|00:00:00|+0.00|0.05|0.8070|
|.|         18|          5|        657|     32527573.57|         47|00:00:00|+0.00|0.04|0.8059|
|.|         20|          5|        657|     32521727.75|         47|00:00:00|+0.01|0.05|0.7984|
+-+-----------+-----------+-----------+----------------+-----------+--------+-----+----+------+
Best-so-far configuration:         657    mean value:      32521727.75
Description of the best-so-far configuration:
    .ID. algorithm localsearch alpha beta  rho ants   q0 rasrank elitistants
657  657       acs           3  4.16 5.86 0.16   57 0.58      NA          NA
    nnls dlb .PARENT.
657   11   1      516

# 2025-05-14 12:04:51 -04: Elite configurations (first number is the configuration ID; listed from best to worst according to the sum of ranks):
    algorithm localsearch alpha beta  rho ants   q0 rasrank elitistants nnls
657       acs           3  4.16 5.86 0.16   57 0.58      NA          NA   11
687       acs           3  2.42 5.71 0.25   51 0.71      NA          NA   10
783       acs           3  2.68 5.63 0.22   53 0.76      NA          NA   12
820       acs           3  4.31 6.47 0.15   55 0.58      NA          NA   11
661       acs           3  3.08 5.97 0.12   43 0.66      NA          NA   17
    dlb
657   1
687   1
783   1
820   1
661   1
# 2025-05-14 12:04:51 -04: Iteration 10 of 10
# experimentsUsed: 5448
# remainingBudget: 52
# currentBudget: 52
# nbConfigurations: 6
# Markers:
     x No test is performed.
     c Configurations are discarded only due to capping.
     - The test is performed and some configurations are discarded.
     = The test is performed but no configuration is discarded.
     ! The test is performed and configurations could be discarded but elite configurations are preserved.
     . All alive configurations are elite and nothing is discarded.

+-+-----------+-----------+-----------+----------------+-----------+--------+-----+----+------+
| |   Instance|      Alive|       Best|       Mean best| Exp so far|  W time|  rho|KenW|  Qvar|
+-+-----------+-----------+-----------+----------------+-----------+--------+-----+----+------+
|x|         25|          6|        661|     32565150.00|          6|00:00:10|   NA|  NA|    NA|
|x|         22|          6|        661|     32451858.50|          7|00:00:10|-0.66|0.17|1.2677|
|x|          9|          6|        661|     32385156.33|          8|00:00:10|+0.03|0.35|0.7918|
|x|         12|          6|        661|     32370345.25|          9|00:00:10|+0.01|0.26|0.8526|
|=|         10|          6|        657|     32442123.00|         10|00:00:10|-0.09|0.13|0.9513|
|=|          6|          6|        657|     32472108.67|         11|00:00:10|-0.01|0.16|0.8694|
|=|         19|          6|        657|     32489600.86|         12|00:00:10|+0.00|0.15|0.8227|
|=|         11|          6|        657|     32526364.88|         13|00:00:10|+0.08|0.19|0.7722|
|=|          5|          6|        657|     32514261.56|         14|00:00:10|+0.03|0.14|0.8091|
|=|          7|          6|        657|     32499854.20|         15|00:00:10|-0.01|0.09|0.8105|
|=|         23|          6|        657|     32510960.27|         16|00:00:10|-0.03|0.06|0.8282|
|=|         18|          6|        657|     32532066.42|         17|00:00:10|-0.05|0.04|0.8385|
|=|          3|          6|        657|     32550739.92|         18|00:00:10|-0.05|0.03|0.8586|
|=|          2|          6|        657|     32549333.43|         19|00:00:10|-0.05|0.03|0.8573|
|=|         16|          6|        657|     32542771.73|         20|00:00:10|-0.05|0.02|0.8563|
|=|          4|          6|        657|     32548346.44|         21|00:00:10|-0.04|0.03|0.8387|
|=|         15|          6|        657|     32538079.35|         22|00:00:10|-0.02|0.04|0.8201|
|=|         21|          6|        657|     32552941.11|         23|00:00:10|-0.01|0.05|0.8222|
|=|         13|          6|        657|     32532447.11|         24|00:00:10|-0.01|0.04|0.8330|
|=|         20|          6|        657|     32525188.45|         25|00:00:10|-0.01|0.04|0.8353|
|=|         17|          6|        657|     32523312.90|         26|00:00:10|-0.01|0.03|0.8269|
|=|         24|          6|        657|     32524806.18|         27|00:00:10|-0.00|0.04|0.8191|
|=|          1|          6|        657|     32530172.17|         28|00:00:10|-0.02|0.03|0.8336|
|=|          8|          6|        657|     32525677.29|         29|00:00:10|-0.01|0.03|0.8315|
|=|         14|          6|        657|     32525052.84|         30|00:00:10|-0.01|0.03|0.8281|
|=|         26|          6|        657|     32527562.96|         36|00:00:10|-0.01|0.03|0.8277|
+-+-----------+-----------+-----------+----------------+-----------+--------+-----+----+------+
Best-so-far configuration:         657    mean value:      32527562.96
Description of the best-so-far configuration:
    .ID. algorithm localsearch alpha beta  rho ants   q0 rasrank elitistants
657  657       acs           3  4.16 5.86 0.16   57 0.58      NA          NA
    nnls dlb .PARENT.
657   11   1      516

# 2025-05-14 12:09:22 -04: Elite configurations (first number is the configuration ID; listed from best to worst according to the sum of ranks):
    algorithm localsearch alpha beta  rho ants   q0 rasrank elitistants nnls
657       acs           3  4.16 5.86 0.16   57 0.58      NA          NA   11
687       acs           3  2.42 5.71 0.25   51 0.71      NA          NA   10
783       acs           3  2.68 5.63 0.22   53 0.76      NA          NA   12
864       acs           3  2.33 5.51 0.23   53 0.73      NA          NA   10
820       acs           3  4.31 6.47 0.15   55 0.58      NA          NA   11
    dlb
657   1
687   1
783   1
864   1
820   1
# 2025-05-14 12:09:22 -04: Stopped because there is not enough budget left to race more than the minimum (5).
# You may either increase the budget or set 'minNbSurvival' to a lower value.
# Iteration: 11
# nbIterations: 11
# experimentsUsed: 5484
# timeUsed: 0
# remainingBudget: 16
# currentBudget: 16
# number of elites: 5
# nbConfigurations: 5
# Total CPU user time: 59367.62, CPU sys time: 449.021, Wall-clock time: 8361.165
# 2025-05-14 12:09:22 -04: Starting post-selection:
# Configurations selected: 657, 687, 783, 864, 820, 661, 707.
# Pending instances: 1, 1, 1, 1, 1, 1, 8.
# 2025-05-14 12:09:22 -04: seed: 777000777
# Configurations: 7
# Available experiments: 16
# minSurvival: 1
# Markers:
     x No test is performed.
     c Configurations are discarded only due to capping.
     - The test is performed and some configurations are discarded.
     = The test is performed but no configuration is discarded.
     ! The test is performed and configurations could be discarded but elite configurations are preserved.
     . All alive configurations are elite and nothing is discarded.

+-+-----------+-----------+-----------+----------------+-----------+--------+-----+----+------+
| |   Instance|      Alive|       Best|       Mean best| Exp so far|  W time|  rho|KenW|  Qvar|
+-+-----------+-----------+-----------+----------------+-----------+--------+-----+----+------+
|.|         13|          7|        687|     32056648.00|          0|00:00:00|   NA|  NA|    NA|
|.|          3|          7|        687|     32423107.50|          0|00:00:00|-0.04|0.48|0.7117|
|.|          6|          7|        687|     32489683.33|          0|00:00:00|-0.40|0.06|1.0942|
|x|         26|          7|        687|     32498934.75|          1|00:00:10|-0.24|0.07|1.0417|
|.|         16|          7|        687|     32474067.40|          1|00:00:00|-0.08|0.13|0.8850|
|.|         12|          7|        687|     32448353.83|          1|00:00:00|-0.02|0.15|0.8335|
|.|          4|          7|        687|     32488390.57|          1|00:00:00|-0.03|0.12|0.8470|
|x|         21|          7|        687|     32532840.75|          2|00:00:10|-0.02|0.11|0.8556|
|.|         10|          7|        687|     32553596.11|          2|00:00:00|+0.00|0.11|0.8385|
|x|         25|          7|        687|     32558549.80|          3|00:00:10|-0.03|0.08|0.8560|
|.|          2|          7|        687|     32555984.73|          3|00:00:00|-0.00|0.09|0.8629|
|.|          8|          7|        687|     32544726.08|          3|00:00:00|+0.00|0.08|0.8579|
|x|         24|          7|        687|     32545906.38|          4|00:00:10|+0.00|0.08|0.8647|
|.|          9|          7|        687|     32527083.57|          4|00:00:00|-0.01|0.06|0.8702|
|.|          1|          7|        687|     32534618.60|          4|00:00:00|-0.03|0.04|0.8870|
|.|         19|          7|        687|     32541481.50|          4|00:00:00|-0.04|0.03|0.8915|
|.|         17|          7|        687|     32539728.06|          4|00:00:00|-0.04|0.03|0.8843|
|x|         22|          7|        657|     32527105.56|          5|00:00:10|-0.03|0.02|0.8852|
|.|          7|          7|        657|     32518846.74|          5|00:00:00|-0.02|0.03|0.8719|
|.|          5|          7|        657|     32513776.15|          5|00:00:00|-0.02|0.03|0.8702|
|x|         20|          7|        687|     32506967.29|          6|00:00:10|-0.02|0.03|0.8727|
|.|         14|          7|        687|     32506902.77|          6|00:00:00|-0.01|0.03|0.8660|
|.|         18|          7|        687|     32519736.00|          6|00:00:00|-0.01|0.03|0.8650|
|.|         15|          7|        687|     32514351.88|          6|00:00:00|-0.00|0.04|0.8547|
|.|         11|          7|        687|     32526038.60|          6|00:00:00|-0.00|0.04|0.8577|
|=|         23|          7|        657|     32527562.96|          7|00:00:10|+0.00|0.04|0.8548|
|=|         27|          7|        657|     32525625.19|         14|00:00:10|-0.00|0.04|0.8582|
+-+-----------+-----------+-----------+----------------+-----------+--------+-----+----+------+
Best-so-far configuration:         657    mean value:      32525625.19
Description of the best-so-far configuration:
    .ID. algorithm localsearch alpha beta  rho ants   q0 rasrank elitistants
657  657       acs           3  4.16 5.86 0.16   57 0.58      NA          NA
    nnls dlb .PARENT.
657   11   1      516

# 2025-05-14 12:10:46 -04: Elite configurations (first number is the configuration ID; listed from best to worst according to the sum of ranks):
    algorithm localsearch alpha beta  rho ants   q0 rasrank elitistants nnls
657       acs           3  4.16 5.86 0.16   57 0.58      NA          NA   11
687       acs           3  2.42 5.71 0.25   51 0.71      NA          NA   10
783       acs           3  2.68 5.63 0.22   53 0.76      NA          NA   12
820       acs           3  4.31 6.47 0.15   55 0.58      NA          NA   11
864       acs           3  2.33 5.51 0.23   53 0.73      NA          NA   10
    dlb
657   1
687   1
783   1
820   1
864   1
# Total CPU user time: 59513.25, CPU sys time: 450.1, Wall-clock time: 8445.115
    .ID. algorithm localsearch alpha beta  rho ants   q0 rasrank elitistants
657  657       acs           3  4.16 5.86 0.16   57 0.58      NA          NA
687  687       acs           3  2.42 5.71 0.25   51 0.71      NA          NA
783  783       acs           3  2.68 5.63 0.22   53 0.76      NA          NA
820  820       acs           3  4.31 6.47 0.15   55 0.58      NA          NA
864  864       acs           3  2.33 5.51 0.23   53 0.73      NA          NA
    nnls dlb .PARENT. .RANK.   .WEIGHT.
657   11   1      516     92 0.33333333
687   10   1      541     99 0.26666667
783   12   1      687    104 0.20000000
820   11   1      657    106 0.13333333
864   10   1      687    113 0.06666667
