# 2025-05-15 11:25:27 -04: Reading parameter file '/home/dianag/PruebasPablo/irace-independent-executions/ACOTSP/Scenarios/E4-BH-SR/Runs/E4-BH-SR_seed_600613007/parameters.txt'.
# 2025-05-15 11:25:27 -04: 1 expression(s) specifying forbidden configurations read.
# 2025-05-15 11:25:27 -04: Initialization
# Elitist race
# Elitist new instances: 1
# Elitist limit: 2
# nbIterations: 5
# minNbSurvival: 5
# nbParameters: 11
# seed: 600613007
# confidence level: 0.95
# budget: 5500
# mu: 5
# deterministic: FALSE

# 2025-05-15 11:25:27 -04: Iteration 1 of 5
# experimentsUsed: 0
# remainingBudget: 5500
# currentBudget: 1100
# nbConfigurations: 183
# Markers:
     x No test is performed.
     c Configurations are discarded only due to capping.
     - The test is performed and some configurations are discarded.
     = The test is performed but no configuration is discarded.
     ! The test is performed and configurations could be discarded but elite configurations are preserved.
     . All alive configurations are elite and nothing is discarded.

+-+-----------+-----------+-----------+----------------+-----------+--------+-----+----+------+
| |   Instance|      Alive|       Best|       Mean best| Exp so far|  W time|  rho|KenW|  Qvar|
+-+-----------+-----------+-----------+----------------+-----------+--------+-----+----+------+
|x|          1|        183|         20|     33194655.00|        183|00:04:31|   NA|  NA|    NA|
|x|          2|        183|         20|     32813153.50|        366|00:04:26|+0.97|0.98|0.0013|
|x|          3|        183|         20|     32745608.67|        549|00:04:37|+0.97|0.98|0.0013|
|x|          4|        183|         20|     32618489.50|        732|00:04:44|+0.97|0.98|0.0015|
|-|          5|         12|         20|     32696379.60|        915|00:04:40|+0.37|0.49|0.6212|
|-|          6|          2|         20|     32668490.67|        927|00:00:30|+1.00|1.00|0.0000|
+-+-----------+-----------+-----------+----------------+-----------+--------+-----+----+------+
Best-so-far configuration:          20    mean value:      32668490.67
Description of the best-so-far configuration:
   .ID. algorithm localsearch alpha beta  rho ants   q0 rasrank elitistants
20   20       acs           3  2.58 4.92 0.37   44 0.76      NA          NA
   nnls dlb .PARENT.
20   13   1       NA

# 2025-05-15 11:48:58 -04: Elite configurations (first number is the configuration ID; listed from best to worst according to the sum of ranks):
   algorithm localsearch alpha beta  rho ants   q0 rasrank elitistants nnls dlb
20       acs           3  2.58 4.92 0.37   44 0.76      NA          NA   13   1
88       acs           3  3.24 8.59 0.44   32 0.10      NA          NA   22   1
# 2025-05-15 11:48:58 -04: Iteration 2 of 5
# experimentsUsed: 927
# remainingBudget: 4573
# currentBudget: 1143
# nbConfigurations: 165
# Markers:
     x No test is performed.
     c Configurations are discarded only due to capping.
     - The test is performed and some configurations are discarded.
     = The test is performed but no configuration is discarded.
     ! The test is performed and configurations could be discarded but elite configurations are preserved.
     . All alive configurations are elite and nothing is discarded.

+-+-----------+-----------+-----------+----------------+-----------+--------+-----+----+------+
| |   Instance|      Alive|       Best|       Mean best| Exp so far|  W time|  rho|KenW|  Qvar|
+-+-----------+-----------+-----------+----------------+-----------+--------+-----+----+------+
|x|          7|        165|        227|     32759075.00|        165|00:04:09|   NA|  NA|    NA|
|x|          2|        165|        227|     32611802.00|        328|00:04:09|+0.92|0.96|0.0052|
|x|          4|        165|        227|     32466312.33|        491|00:04:12|+0.93|0.95|0.0051|
|x|          1|        165|        227|     32639536.00|        654|00:04:08|+0.94|0.95|0.0045|
|-|          5|         10|        227|     32707768.20|        817|00:04:09|+0.65|0.72|0.3808|
|-|          3|          4|        227|     32688716.50|        825|00:00:22|+0.64|0.70|0.2257|
+-+-----------+-----------+-----------+----------------+-----------+--------+-----+----+------+
Best configuration for the instances in this race: 227
Best-so-far configuration:          20    mean value:      32689709.29
Description of the best-so-far configuration:
   .ID. algorithm localsearch alpha beta  rho ants   q0 rasrank elitistants
20   20       acs           3  2.58 4.92 0.37   44 0.76      NA          NA
   nnls dlb .PARENT.
20   13   1       NA

# 2025-05-15 12:10:11 -04: Elite configurations (first number is the configuration ID; listed from best to worst according to the sum of ranks):
    algorithm localsearch alpha beta  rho ants   q0 rasrank elitistants nnls
20        acs           3  2.58 4.92 0.37   44 0.76      NA          NA   13
88        acs           3  3.24 8.59 0.44   32 0.10      NA          NA   22
227       acs           3  3.21 4.40 0.18   53 0.69      NA          NA   11
300       acs           3  2.12 4.83 0.47   52 0.84      NA          NA   10
    dlb
20    1
88    1
227   1
300   1
# 2025-05-15 12:10:11 -04: Iteration 3 of 5
# experimentsUsed: 1752
# remainingBudget: 3748
# currentBudget: 1249
# nbConfigurations: 159
# Markers:
     x No test is performed.
     c Configurations are discarded only due to capping.
     - The test is performed and some configurations are discarded.
     = The test is performed but no configuration is discarded.
     ! The test is performed and configurations could be discarded but elite configurations are preserved.
     . All alive configurations are elite and nothing is discarded.

+-+-----------+-----------+-----------+----------------+-----------+--------+-----+----+------+
| |   Instance|      Alive|       Best|       Mean best| Exp so far|  W time|  rho|KenW|  Qvar|
+-+-----------+-----------+-----------+----------------+-----------+--------+-----+----+------+
|x|          8|        159|        404|     32397943.00|        159|00:03:38|   NA|  NA|    NA|
|x|          2|        159|        454|     32461588.50|        314|00:03:33|+0.93|0.96|0.0045|
|x|          6|        159|        454|     32468403.00|        471|00:03:34|+0.94|0.96|0.0036|
|x|          7|        159|        454|     32546357.00|        626|00:03:34|+0.94|0.95|0.0039|
|-|          3|         18|        404|     32550245.60|        781|00:03:31|+0.09|0.27|0.8036|
|-|          4|         13|        227|     32493054.50|        795|00:00:20|+0.12|0.26|0.7447|
|-|          5|         12|        404|     32553100.71|        804|00:00:20|+0.17|0.28|0.6972|
|-|          1|         10|        227|     32637278.88|        812|00:00:10|-0.02|0.11|0.8806|
|=|          9|         10|        227|     32632709.89|        822|00:00:20|+0.03|0.14|0.8474|
|=|         10|         10|        227|     32639339.70|        832|00:00:20|+0.03|0.13|0.8461|
+-+-----------+-----------+-----------+----------------+-----------+--------+-----+----+------+
Best-so-far configuration:         227    mean value:      32639339.70
Description of the best-so-far configuration:
    .ID. algorithm localsearch alpha beta  rho ants   q0 rasrank elitistants
227  227       acs           3  3.21  4.4 0.18   53 0.69      NA          NA
    nnls dlb .PARENT.
227   11   1       20

# 2025-05-15 12:29:37 -04: Elite configurations (first number is the configuration ID; listed from best to worst according to the sum of ranks):
    algorithm localsearch alpha beta  rho ants   q0 rasrank elitistants nnls
227       acs           3  3.21 4.40 0.18   53 0.69      NA          NA   11
300       acs           3  2.12 4.83 0.47   52 0.84      NA          NA   10
404       acs           3  2.67 6.62 0.61   62 0.60      NA          NA   10
422       acs           3  2.54 6.01 0.18   41 0.19      NA          NA   19
454       acs           3  2.72 4.30 0.33   56 0.59      NA          NA   17
    dlb
227   1
300   1
404   1
422   1
454   1
# 2025-05-15 12:29:37 -04: Iteration 4 of 5
# experimentsUsed: 2584
# remainingBudget: 2916
# currentBudget: 1458
# nbConfigurations: 137
# Markers:
     x No test is performed.
     c Configurations are discarded only due to capping.
     - The test is performed and some configurations are discarded.
     = The test is performed but no configuration is discarded.
     ! The test is performed and configurations could be discarded but elite configurations are preserved.
     . All alive configurations are elite and nothing is discarded.

+-+-----------+-----------+-----------+----------------+-----------+--------+-----+----+------+
| |   Instance|      Alive|       Best|       Mean best| Exp so far|  W time|  rho|KenW|  Qvar|
+-+-----------+-----------+-----------+----------------+-----------+--------+-----+----+------+
|x|         11|        137|        584|     32190703.00|        137|00:03:06|   NA|  NA|    NA|
|x|          8|        137|        509|     32317008.50|        269|00:02:56|+0.82|0.91|0.0048|
|x|          1|        137|        509|     32588195.67|        401|00:02:57|+0.80|0.87|0.0061|
|x|          6|        137|        509|     32575340.75|        533|00:02:57|+0.81|0.86|0.0056|
|-|          9|         32|        516|     32581358.80|        665|00:02:57|-0.11|0.11|1.0616|
|=|          7|         32|        580|     32617623.00|        692|00:00:41|-0.04|0.13|1.0078|
|=|          5|         32|        625|     32673561.00|        719|00:00:41|-0.03|0.12|0.9889|
|=|          4|         32|        227|     32610875.25|        746|00:00:41|-0.02|0.11|0.9791|
|=|          2|         32|        509|     32591722.22|        773|00:00:41|-0.01|0.10|0.9642|
|=|         10|         32|        509|     32601703.10|        800|00:00:41|-0.01|0.09|0.9525|
|=|          3|         32|        509|     32601591.18|        827|00:00:41|-0.00|0.09|0.9295|
|=|         12|         32|        509|     32553073.25|        859|00:00:41|+0.01|0.09|0.9211|
+-+-----------+-----------+-----------+----------------+-----------+--------+-----+----+------+
Best-so-far configuration:         509    mean value:      32553073.25
Description of the best-so-far configuration:
    .ID. algorithm localsearch alpha beta  rho ants   q0 rasrank elitistants
509  509       acs           3  3.78 6.76 0.18   57 0.78      NA          NA
    nnls dlb .PARENT.
509    9   1      227

# 2025-05-15 12:49:25 -04: Elite configurations (first number is the configuration ID; listed from best to worst according to the sum of ranks):
    algorithm localsearch alpha beta  rho ants   q0 rasrank elitistants nnls
509       acs           3  3.78 6.76 0.18   57 0.78      NA          NA    9
227       acs           3  3.21 4.40 0.18   53 0.69      NA          NA   11
614       acs           3  2.50 3.71 0.29   57 0.74      NA          NA   11
300       acs           3  2.12 4.83 0.47   52 0.84      NA          NA   10
404       acs           3  2.67 6.62 0.61   62 0.60      NA          NA   10
    dlb
509   1
227   1
614   1
300   1
404   1
# 2025-05-15 12:49:25 -04: Iteration 5 of 5
# experimentsUsed: 3443
# remainingBudget: 2057
# currentBudget: 2057
# nbConfigurations: 162
# Markers:
     x No test is performed.
     c Configurations are discarded only due to capping.
     - The test is performed and some configurations are discarded.
     = The test is performed but no configuration is discarded.
     ! The test is performed and configurations could be discarded but elite configurations are preserved.
     . All alive configurations are elite and nothing is discarded.

+-+-----------+-----------+-----------+----------------+-----------+--------+-----+----+------+
| |   Instance|      Alive|       Best|       Mean best| Exp so far|  W time|  rho|KenW|  Qvar|
+-+-----------+-----------+-----------+----------------+-----------+--------+-----+----+------+
|x|         13|        162|        664|     32208918.00|        162|00:03:38|   NA|  NA|    NA|
|x|         12|        162|        673|     32126999.00|        319|00:03:28|+0.72|0.86|0.0077|
|x|          1|        162|        673|     32462337.33|        476|00:03:28|+0.74|0.82|0.0112|
|x|          3|        162|        673|     32493235.50|        633|00:03:28|+0.72|0.79|0.0097|
|-|          2|         37|        673|     32481640.00|        790|00:03:28|-0.11|0.11|1.0979|
|=|          9|         37|        673|     32510166.17|        822|00:00:41|-0.09|0.09|1.0617|
|=|          4|         37|        647|     32456939.43|        854|00:00:41|-0.05|0.10|1.0223|
|=|         11|         37|        647|     32434286.75|        886|00:00:41|-0.04|0.09|1.0138|
|=|          5|         37|        673|     32498783.11|        918|00:00:41|-0.02|0.09|0.9884|
|=|          7|         37|        673|     32523668.10|        950|00:00:41|-0.01|0.09|0.9831|
|=|          6|         37|        673|     32518683.91|        982|00:00:42|-0.00|0.09|0.9708|
|=|         10|         37|        673|     32530320.17|       1014|00:00:41|+0.00|0.09|0.9743|
|=|          8|         37|        673|     32527372.54|       1046|00:00:41|-0.01|0.07|0.9801|
|=|         14|         37|        673|     32519213.71|       1083|00:00:51|+0.00|0.07|0.9722|
+-+-----------+-----------+-----------+----------------+-----------+--------+-----+----+------+
Best-so-far configuration:         673    mean value:      32519213.71
Description of the best-so-far configuration:
    .ID. algorithm localsearch alpha beta  rho ants   q0 rasrank elitistants
673  673       acs           3  3.13 4.58 0.17   56 0.71      NA          NA
    nnls dlb .PARENT.
673   10   1      227

# 2025-05-15 13:13:24 -04: Elite configurations (first number is the configuration ID; listed from best to worst according to the sum of ranks):
    algorithm localsearch alpha beta  rho ants   q0 rasrank elitistants nnls
673       acs           3  3.13 4.58 0.17   56 0.71      NA          NA   10
686       acs           3  3.39 4.54 0.12   46 0.61      NA          NA   11
647       acs           3  3.91 4.12 0.10   56 0.73      NA          NA   11
300       acs           3  2.12 4.83 0.47   52 0.84      NA          NA   10
509       acs           3  3.78 6.76 0.18   57 0.78      NA          NA    9
    dlb
673   1
686   1
647   1
300   1
509   1
# 2025-05-15 13:13:24 -04: Iteration 6 of 6
# experimentsUsed: 4526
# remainingBudget: 974
# currentBudget: 974
# nbConfigurations: 69
# Markers:
     x No test is performed.
     c Configurations are discarded only due to capping.
     - The test is performed and some configurations are discarded.
     = The test is performed but no configuration is discarded.
     ! The test is performed and configurations could be discarded but elite configurations are preserved.
     . All alive configurations are elite and nothing is discarded.

+-+-----------+-----------+-----------+----------------+-----------+--------+-----+----+------+
| |   Instance|      Alive|       Best|       Mean best| Exp so far|  W time|  rho|KenW|  Qvar|
+-+-----------+-----------+-----------+----------------+-----------+--------+-----+----+------+
|x|         15|         69|        808|     32740663.00|         69|00:01:33|   NA|  NA|    NA|
|x|          5|         69|        686|     32844676.00|        133|00:01:23|+0.58|0.79|0.0668|
|x|         11|         69|        841|     32641724.00|        197|00:01:23|+0.56|0.71|0.0745|
|x|          6|         69|        841|     32587500.00|        261|00:01:23|+0.52|0.64|0.0819|
|-|          8|         15|        841|     32556706.20|        325|00:01:23|-0.03|0.18|0.9565|
|=|          4|         15|        841|     32497717.17|        335|00:00:20|+0.00|0.17|0.9365|
|=|          1|         15|        841|     32589366.14|        345|00:00:20|+0.03|0.17|0.9161|
|=|          9|         15|        841|     32592430.62|        355|00:00:20|+0.04|0.16|0.9046|
|=|          2|         15|        841|     32571708.00|        365|00:00:20|+0.07|0.18|0.8803|
|=|          3|         15|        841|     32574681.30|        375|00:00:20|+0.05|0.14|0.8947|
|=|         12|         15|        841|     32526392.82|        385|00:00:20|+0.05|0.13|0.8962|
|=|          7|         15|        841|     32548020.08|        395|00:00:20|+0.03|0.11|0.9158|
|=|         14|         15|        841|     32546028.00|        405|00:00:20|+0.01|0.09|0.9321|
|=|         10|         15|        841|     32552932.14|        415|00:00:20|+0.02|0.09|0.9236|
|=|         13|         15|        841|     32532853.73|        425|00:00:20|+0.03|0.09|0.9124|
|=|         16|         15|        841|     32532791.88|        440|00:00:20|+0.01|0.07|0.9252|
+-+-----------+-----------+-----------+----------------+-----------+--------+-----+----+------+
Best-so-far configuration:         841    mean value:      32532791.88
Description of the best-so-far configuration:
    .ID. algorithm localsearch alpha beta  rho ants   q0 rasrank elitistants
841  841       acs           3  3.11  5.2 0.08   41 0.56      NA          NA
    nnls dlb .PARENT.
841   15   1      686

# 2025-05-15 13:24:21 -04: Elite configurations (first number is the configuration ID; listed from best to worst according to the sum of ranks):
    algorithm localsearch alpha beta  rho ants   q0 rasrank elitistants nnls
841       acs           3  3.11 5.20 0.08   41 0.56      NA          NA   15
673       acs           3  3.13 4.58 0.17   56 0.71      NA          NA   10
686       acs           3  3.39 4.54 0.12   46 0.61      NA          NA   11
791       acs           3  3.37 4.87 0.22   58 0.70      NA          NA   11
806       acs           3  1.85 5.03 0.42   53 0.93      NA          NA   11
    dlb
841   1
673   1
686   1
791   1
806   1
# 2025-05-15 13:24:21 -04: Iteration 7 of 7
# experimentsUsed: 4966
# remainingBudget: 534
# currentBudget: 534
# nbConfigurations: 36
# Markers:
     x No test is performed.
     c Configurations are discarded only due to capping.
     - The test is performed and some configurations are discarded.
     = The test is performed but no configuration is discarded.
     ! The test is performed and configurations could be discarded but elite configurations are preserved.
     . All alive configurations are elite and nothing is discarded.

+-+-----------+-----------+-----------+----------------+-----------+--------+-----+----+------+
| |   Instance|      Alive|       Best|       Mean best| Exp so far|  W time|  rho|KenW|  Qvar|
+-+-----------+-----------+-----------+----------------+-----------+--------+-----+----+------+
|x|         17|         36|        686|     32369864.00|         36|00:00:52|   NA|  NA|    NA|
|x|         10|         36|        673|     32535484.50|         67|00:00:41|+0.29|0.65|0.2482|
|x|         14|         36|        673|     32494706.00|         98|00:00:41|+0.20|0.46|0.3861|
|x|          2|         36|        673|     32479844.00|        129|00:00:41|+0.25|0.44|0.3319|
|-|          4|         17|        673|     32423116.00|        160|00:00:41|-0.05|0.16|0.9995|
|=|          5|         17|        673|     32513263.83|        172|00:00:20|-0.01|0.16|0.9697|
|=|         13|         17|        673|     32475331.43|        184|00:00:20|+0.05|0.18|0.9252|
|=|         16|         17|        673|     32483804.00|        196|00:00:20|+0.02|0.15|0.9472|
|=|          3|         17|        673|     32495151.33|        208|00:00:20|+0.01|0.12|0.9562|
|=|         11|         17|        673|     32472420.60|        220|00:00:20|+0.03|0.13|0.9309|
|=|         15|         17|        673|     32498336.27|        232|00:00:20|+0.04|0.13|0.9189|
|=|         12|         17|        673|     32457330.00|        244|00:00:20|+0.03|0.11|0.9300|
|=|          7|         17|        673|     32479661.00|        256|00:00:20|+0.03|0.10|0.9287|
|=|          1|         17|        673|     32526329.07|        268|00:00:20|+0.04|0.11|0.9214|
|-|          6|          6|        673|     32522496.60|        280|00:00:20|+0.03|0.09|0.8344|
|=|          8|          6|        673|     32520590.62|        281|00:00:10|+0.01|0.07|0.8413|
|=|          9|          6|        841|     32529213.88|        282|00:00:10|+0.00|0.06|0.8424|
|=|         18|          6|        673|     32540946.33|        288|00:00:10|+0.01|0.06|0.8456|
+-+-----------+-----------+-----------+----------------+-----------+--------+-----+----+------+
Best-so-far configuration:         673    mean value:      32540946.33
Description of the best-so-far configuration:
    .ID. algorithm localsearch alpha beta  rho ants   q0 rasrank elitistants
673  673       acs           3  3.13 4.58 0.17   56 0.71      NA          NA
    nnls dlb .PARENT.
673   10   1      227

# 2025-05-15 13:32:00 -04: Elite configurations (first number is the configuration ID; listed from best to worst according to the sum of ranks):
    algorithm localsearch alpha beta  rho ants   q0 rasrank elitistants nnls
673       acs           3  3.13 4.58 0.17   56 0.71      NA          NA   10
686       acs           3  3.39 4.54 0.12   46 0.61      NA          NA   11
841       acs           3  3.11 5.20 0.08   41 0.56      NA          NA   15
791       acs           3  3.37 4.87 0.22   58 0.70      NA          NA   11
865       acs           3  3.20 4.43 0.08   44 0.48      NA          NA   14
    dlb
673   1
686   1
841   1
791   1
865   1
# 2025-05-15 13:32:00 -04: Iteration 8 of 8
# experimentsUsed: 5254
# remainingBudget: 246
# currentBudget: 246
# nbConfigurations: 17
# Markers:
     x No test is performed.
     c Configurations are discarded only due to capping.
     - The test is performed and some configurations are discarded.
     = The test is performed but no configuration is discarded.
     ! The test is performed and configurations could be discarded but elite configurations are preserved.
     . All alive configurations are elite and nothing is discarded.

+-+-----------+-----------+-----------+----------------+-----------+--------+-----+----+------+
| |   Instance|      Alive|       Best|       Mean best| Exp so far|  W time|  rho|KenW|  Qvar|
+-+-----------+-----------+-----------+----------------+-----------+--------+-----+----+------+
|x|         19|         17|        791|     32654858.00|         17|00:00:30|   NA|  NA|    NA|
|x|          5|         17|        841|     32806735.50|         29|00:00:20|+0.18|0.59|0.7235|
|x|          3|         17|        887|     32726121.33|         41|00:00:20|+0.16|0.44|0.7766|
|x|          2|         17|        841|     32655209.75|         53|00:00:20|+0.15|0.36|0.8122|
|=|          8|         17|        841|     32610874.00|         65|00:00:20|+0.13|0.31|0.8529|
|-|          9|          9|        841|     32611375.33|         77|00:00:20|+0.00|0.17|0.8610|
|=|         18|          9|        841|     32635439.57|         81|00:00:10|-0.01|0.13|0.8752|
|=|         11|          9|        841|     32583427.88|         85|00:00:10|+0.02|0.15|0.8557|
|=|         16|          9|        841|     32577698.56|         89|00:00:10|+0.01|0.12|0.8871|
|=|         13|          9|        841|     32545104.30|         93|00:00:10|+0.02|0.11|0.8762|
|=|          1|          9|        841|     32599118.45|         97|00:00:10|-0.00|0.09|0.8882|
|=|          7|          9|        841|     32614685.25|        101|00:00:10|+0.02|0.10|0.8849|
|=|         10|          9|        841|     32616839.15|        105|00:00:10|+0.02|0.10|0.8719|
|=|          4|          9|        841|     32587262.93|        109|00:00:10|+0.00|0.08|0.8785|
|=|         17|          9|        841|     32579576.47|        113|00:00:10|-0.00|0.07|0.8862|
|=|         14|          9|        686|     32570473.38|        117|00:00:10|-0.01|0.05|0.9045|
|=|         12|          9|        673|     32544892.06|        121|00:00:10|-0.01|0.05|0.9128|
|=|         15|          9|        673|     32556703.22|        125|00:00:10|+0.00|0.06|0.9054|
|=|          6|          9|        841|     32549818.16|        129|00:00:10|+0.01|0.06|0.8924|
|=|         20|          9|        841|     32541696.40|        138|00:00:20|+0.02|0.06|0.8816|
+-+-----------+-----------+-----------+----------------+-----------+--------+-----+----+------+
Best-so-far configuration:         841    mean value:      32541696.40
Description of the best-so-far configuration:
    .ID. algorithm localsearch alpha beta  rho ants   q0 rasrank elitistants
841  841       acs           3  3.11  5.2 0.08   41 0.56      NA          NA
    nnls dlb .PARENT.
841   15   1      686

# 2025-05-15 13:36:52 -04: Elite configurations (first number is the configuration ID; listed from best to worst according to the sum of ranks):
    algorithm localsearch alpha beta  rho ants   q0 rasrank elitistants nnls
841       acs           3  3.11 5.20 0.08   41 0.56      NA          NA   15
673       acs           3  3.13 4.58 0.17   56 0.71      NA          NA   10
686       acs           3  3.39 4.54 0.12   46 0.61      NA          NA   11
865       acs           3  3.20 4.43 0.08   44 0.48      NA          NA   14
791       acs           3  3.37 4.87 0.22   58 0.70      NA          NA   11
    dlb
841   1
673   1
686   1
865   1
791   1
# 2025-05-15 13:36:52 -04: Iteration 9 of 9
# experimentsUsed: 5392
# remainingBudget: 108
# currentBudget: 108
# nbConfigurations: 9
# Markers:
     x No test is performed.
     c Configurations are discarded only due to capping.
     - The test is performed and some configurations are discarded.
     = The test is performed but no configuration is discarded.
     ! The test is performed and configurations could be discarded but elite configurations are preserved.
     . All alive configurations are elite and nothing is discarded.

+-+-----------+-----------+-----------+----------------+-----------+--------+-----+----+------+
| |   Instance|      Alive|       Best|       Mean best| Exp so far|  W time|  rho|KenW|  Qvar|
+-+-----------+-----------+-----------+----------------+-----------+--------+-----+----+------+
|x|         21|          9|        791|     32766704.00|          9|00:00:20|   NA|  NA|    NA|
|x|         18|          9|        791|     32761769.00|         13|00:00:10|-0.13|0.43|0.7949|
|x|         12|          9|        791|     32533448.33|         17|00:00:10|+0.01|0.34|0.7891|
|x|         10|          9|        673|     32560438.25|         21|00:00:10|+0.10|0.33|0.7348|
|=|          8|          9|        841|     32535617.80|         25|00:00:10|+0.00|0.20|0.8265|
|=|         19|          9|        841|     32558028.83|         29|00:00:10|+0.09|0.24|0.7419|
|=|         17|          9|        841|     32545734.14|         33|00:00:10|-0.02|0.13|0.8798|
|=|          2|          9|        841|     32528258.25|         37|00:00:10|+0.03|0.15|0.8713|
|=|          3|          9|        841|     32536389.67|         41|00:00:10|+0.04|0.14|0.8527|
|=|         15|          9|        841|     32558994.60|         45|00:00:10|+0.03|0.12|0.8656|
|=|         16|          9|        841|     32556528.18|         49|00:00:10|+0.01|0.10|0.8725|
|=|          5|          9|        841|     32588766.42|         53|00:00:10|+0.03|0.11|0.8492|
|=|          6|          9|        841|     32576155.77|         57|00:00:10|+0.04|0.12|0.8346|
|=|          1|          9|        841|     32616377.50|         61|00:00:10|+0.07|0.13|0.8217|
|=|         14|          9|        841|     32610093.87|         65|00:00:10|+0.06|0.12|0.8418|
|=|          4|          9|        673|     32587242.19|         69|00:00:10|+0.03|0.09|0.8598|
|=|         13|          9|        673|     32567271.29|         73|00:00:10|+0.03|0.09|0.8603|
|=|          7|          9|        673|     32577291.39|         77|00:00:10|+0.04|0.09|0.8498|
|=|          9|          9|        673|     32581265.37|         81|00:00:10|+0.04|0.09|0.8452|
|=|         11|          9|        841|     32561254.20|         85|00:00:10|+0.04|0.09|0.8431|
|=|         20|          9|        841|     32552974.62|         89|00:00:10|+0.04|0.08|0.8389|
|=|         22|          9|        841|     32562820.32|         98|00:00:20|+0.04|0.09|0.8337|
+-+-----------+-----------+-----------+----------------+-----------+--------+-----+----+------+
Best-so-far configuration:         841    mean value:      32562820.32
Description of the best-so-far configuration:
    .ID. algorithm localsearch alpha beta  rho ants   q0 rasrank elitistants
841  841       acs           3  3.11  5.2 0.08   41 0.56      NA          NA
    nnls dlb .PARENT.
841   15   1      686

# 2025-05-15 13:41:03 -04: Elite configurations (first number is the configuration ID; listed from best to worst according to the sum of ranks):
    algorithm localsearch alpha beta  rho ants   q0 rasrank elitistants nnls
841       acs           3  3.11 5.20 0.08   41 0.56      NA          NA   15
673       acs           3  3.13 4.58 0.17   56 0.71      NA          NA   10
686       acs           3  3.39 4.54 0.12   46 0.61      NA          NA   11
900       acs           3  3.31 4.77 0.18   58 0.75      NA          NA   10
791       acs           3  3.37 4.87 0.22   58 0.70      NA          NA   11
    dlb
841   1
673   1
686   1
900   1
791   1
# 2025-05-15 13:41:03 -04: Stopped because there is not enough budget left to race more than the minimum (5).
# You may either increase the budget or set 'minNbSurvival' to a lower value.
# Iteration: 10
# nbIterations: 10
# experimentsUsed: 5490
# timeUsed: 0
# remainingBudget: 10
# currentBudget: 10
# number of elites: 5
# nbConfigurations: 5
# Total CPU user time: 59465.8, CPU sys time: 457.262, Wall-clock time: 8136.228
# 2025-05-15 13:41:03 -04: Starting post-selection:
# Configurations selected: 841, 673, 686, 900, 791, 865.
# Pending instances: 1, 1, 1, 1, 1, 1.
# 2025-05-15 13:41:04 -04: seed: 600613007
# Configurations: 6
# Available experiments: 10
# minSurvival: 1
# Markers:
     x No test is performed.
     c Configurations are discarded only due to capping.
     - The test is performed and some configurations are discarded.
     = The test is performed but no configuration is discarded.
     ! The test is performed and configurations could be discarded but elite configurations are preserved.
     . All alive configurations are elite and nothing is discarded.

+-+-----------+-----------+-----------+----------------+-----------+--------+-----+----+------+
| |   Instance|      Alive|       Best|       Mean best| Exp so far|  W time|  rho|KenW|  Qvar|
+-+-----------+-----------+-----------+----------------+-----------+--------+-----+----+------+
|.|         10|          6|        841|     32642686.00|          0|00:00:00|   NA|  NA|    NA|
|.|         18|          6|        841|     32711255.50|          0|00:00:00|-0.31|0.34|1.0338|
|.|         20|          6|        841|     32603298.00|          0|00:00:00|-0.07|0.29|0.8828|
|.|         13|          6|        841|     32515412.50|          0|00:00:00|-0.12|0.16|0.8065|
|.|          1|          6|        841|     32640182.00|          0|00:00:00|+0.01|0.21|0.7298|
|.|         19|          6|        841|     32645165.67|          0|00:00:00|-0.05|0.13|0.8023|
|.|         22|          6|        841|     32662939.14|          0|00:00:00|-0.10|0.06|0.8417|
|.|          9|          6|        841|     32656807.00|          0|00:00:00|-0.12|0.02|0.8746|
|.|         11|          6|        841|     32608200.22|          0|00:00:00|-0.10|0.03|0.8590|
|.|          6|          6|        841|     32589863.00|          0|00:00:00|-0.07|0.04|0.8174|
|.|         14|          6|        841|     32583704.82|          0|00:00:00|-0.07|0.03|0.8562|
|.|          4|          6|        841|     32551960.42|          0|00:00:00|-0.07|0.02|0.8662|
|.|          5|          6|        841|     32582070.15|          0|00:00:00|-0.05|0.03|0.8453|
|.|          8|          6|        841|     32571460.21|          0|00:00:00|-0.05|0.02|0.8360|
|.|          2|          6|        841|     32560424.67|          0|00:00:00|-0.04|0.03|0.8308|
|.|         21|          6|        841|     32574056.81|          0|00:00:00|-0.04|0.03|0.8300|
|.|         15|          6|        841|     32585138.12|          0|00:00:00|-0.03|0.03|0.8242|
|.|          7|          6|        841|     32596292.67|          0|00:00:00|-0.04|0.02|0.8375|
|.|         16|          6|        841|     32592901.68|          0|00:00:00|-0.04|0.01|0.8402|
|.|         17|          6|        841|     32586854.90|          0|00:00:00|-0.03|0.02|0.8387|
|.|         12|          6|        841|     32560981.24|          0|00:00:00|-0.03|0.02|0.8406|
|.|          3|          6|        841|     32562820.32|          0|00:00:00|-0.03|0.02|0.8409|
|=|         23|          6|        841|     32563780.43|          6|00:00:10|-0.02|0.02|0.8379|
+-+-----------+-----------+-----------+----------------+-----------+--------+-----+----+------+
Best-so-far configuration:         841    mean value:      32563780.43
Description of the best-so-far configuration:
    .ID. algorithm localsearch alpha beta  rho ants   q0 rasrank elitistants
841  841       acs           3  3.11  5.2 0.08   41 0.56      NA          NA
    nnls dlb .PARENT.
841   15   1      686

# 2025-05-15 13:41:14 -04: Elite configurations (first number is the configuration ID; listed from best to worst according to the sum of ranks):
    algorithm localsearch alpha beta  rho ants   q0 rasrank elitistants nnls
841       acs           3  3.11 5.20 0.08   41 0.56      NA          NA   15
673       acs           3  3.13 4.58 0.17   56 0.71      NA          NA   10
791       acs           3  3.37 4.87 0.22   58 0.70      NA          NA   11
686       acs           3  3.39 4.54 0.12   46 0.61      NA          NA   11
900       acs           3  3.31 4.77 0.18   58 0.75      NA          NA   10
    dlb
841   1
673   1
791   1
686   1
900   1
# Total CPU user time: 59528.11, CPU sys time: 457.758, Wall-clock time: 8147.004
    .ID. algorithm localsearch alpha beta  rho ants   q0 rasrank elitistants
841  841       acs           3  3.11 5.20 0.08   41 0.56      NA          NA
673  673       acs           3  3.13 4.58 0.17   56 0.71      NA          NA
791  791       acs           3  3.37 4.87 0.22   58 0.70      NA          NA
686  686       acs           3  3.39 4.54 0.12   46 0.61      NA          NA
900  900       acs           3  3.31 4.77 0.18   58 0.75      NA          NA
    nnls dlb .PARENT. .RANK.   .WEIGHT.
841   15   1      686     72 0.33333333
673   10   1      227     74 0.26666667
791   11   1      673     81 0.20000000
686   11   1      227     84 0.13333333
900   10   1      791     84 0.06666667
