# 2025-05-22 22:53:19 -04: Reading parameter file '/home/dianag/PruebasPablo/irace-independent-executions/PSO-X/Scenarios/E8-BH-Multimodal-SR/Runs/E8-BH-Multimodal-SR_seed_8675309/parameters.txt'.
# 2025-05-22 22:53:19 -04: 2 expression(s) specifying forbidden configurations read.
# 2025-05-22 22:53:19 -04: Initialization
# Elitist race
# Elitist new instances: 1
# Elitist limit: 2
# nbIterations: 5
# minNbSurvival: 5
# nbParameters: 8
# seed: 8675309
# confidence level: 0.95
# budget: 4000
# mu: 5
# deterministic: FALSE

# 2025-05-22 22:53:19 -04: Iteration 1 of 5
# experimentsUsed: 0
# remainingBudget: 4000
# currentBudget: 800
# nbConfigurations: 133
# Markers:
     x No test is performed.
     c Configurations are discarded only due to capping.
     - The test is performed and some configurations are discarded.
     = The test is performed but no configuration is discarded.
     ! The test is performed and configurations could be discarded but elite configurations are preserved.
     . All alive configurations are elite and nothing is discarded.

+-+-----------+-----------+-----------+----------------+-----------+--------+-----+----+------+
| |   Instance|      Alive|       Best|       Mean best| Exp so far|  W time|  rho|KenW|  Qvar|
+-+-----------+-----------+-----------+----------------+-----------+--------+-----+----+------+
|x|          1|        133|        105|     79.43556892|        133|00:00:31|   NA|  NA|    NA|
|x|          2|        133|          8|     284.9296099|        266|00:00:31|+0.92|0.96|0.0557|
|x|          3|        133|        115|     198.7404933|        399|00:00:32|+0.39|0.59|0.6107|
|x|          4|        133|        113|     139.0099802|        532|00:00:32|+0.48|0.61|0.5900|
|-|          5|         40|        113|     130.8647244|        665|00:00:32|-0.01|0.19|0.9490|
|=|          6|         40|        113|     111.2388829|        705|00:00:15|+0.02|0.18|0.9052|
|=|          7|         40|         90|     2453.383561|        745|00:00:15|+0.05|0.19|0.8601|
+-+-----------+-----------+-----------+----------------+-----------+--------+-----+----+------+
Best-so-far configuration:          90    mean value:      2453.383561
Description of the best-so-far configuration:
   .ID. particles topology modInfluence branching tSchedule phi1 phi2 inertia
90   90        50        4            0        NA        NA 1.02 1.76    0.62
   .PARENT.
90       NA

# 2025-05-22 22:56:31 -04: Elite configurations (first number is the configuration ID; listed from best to worst according to the sum of ranks):
    particles topology modInfluence branching tSchedule phi1 phi2 inertia
90         50        4            0        NA        NA 1.02 1.76    0.62
108       171        5            0        NA         8 2.31 1.88    0.86
113        97        4            2        NA        NA 0.12 2.19    0.75
58        123        0            0        NA        NA 2.18 1.67    0.46
10         95        1            0        NA        NA 0.89 2.17    0.70
# 2025-05-22 22:56:31 -04: Iteration 2 of 5
# experimentsUsed: 745
# remainingBudget: 3255
# currentBudget: 813
# nbConfigurations: 106
# Markers:
     x No test is performed.
     c Configurations are discarded only due to capping.
     - The test is performed and some configurations are discarded.
     = The test is performed but no configuration is discarded.
     ! The test is performed and configurations could be discarded but elite configurations are preserved.
     . All alive configurations are elite and nothing is discarded.

+-+-----------+-----------+-----------+----------------+-----------+--------+-----+----+------+
| |   Instance|      Alive|       Best|       Mean best| Exp so far|  W time|  rho|KenW|  Qvar|
+-+-----------+-----------+-----------+----------------+-----------+--------+-----+----+------+
|x|          8|        106|        150|     48210.50470|        106|00:00:47|   NA|  NA|    NA|
|x|          7|        106|        163|     42416.75344|        207|00:00:32|+0.60|0.80|0.3854|
|x|          4|        106|        207|     31028.77322|        308|00:00:31|+0.51|0.67|0.4411|
|x|          6|        106|        207|     23274.79986|        409|00:00:32|+0.47|0.60|0.4967|
|-|          3|         34|        161|     20892.39598|        510|00:00:33|-0.05|0.16|0.9775|
|=|          5|         34|        161|     17427.84379|        539|00:00:03|-0.00|0.16|0.9347|
|=|          1|         34|        141|     13017.82374|        568|00:00:02|+0.00|0.14|0.9429|
|=|          2|         34|        141|     11394.01907|        597|00:00:02|+0.03|0.15|0.9271|
|=|          9|         34|        141|     10131.10790|        631|00:00:22|+0.03|0.14|0.9136|
+-+-----------+-----------+-----------+----------------+-----------+--------+-----+----+------+
Best-so-far configuration:         141    mean value:      10131.10790
Description of the best-so-far configuration:
    .ID. particles topology modInfluence branching tSchedule phi1 phi2 inertia
141  141        49        4            0        NA        NA  1.7 2.19    0.66
    .PARENT.
141       90

# 2025-05-22 23:00:01 -04: Elite configurations (first number is the configuration ID; listed from best to worst according to the sum of ranks):
    particles topology modInfluence branching tSchedule phi1 phi2 inertia
141        49        4            0        NA        NA 1.70 2.19    0.66
161       190        0            0        NA        NA 1.85 2.33    0.67
90         50        4            0        NA        NA 1.02 1.76    0.62
220        41        4            0        NA        NA 1.57 2.04    0.58
108       171        5            0        NA         8 2.31 1.88    0.86
# 2025-05-22 23:00:01 -04: Iteration 3 of 5
# experimentsUsed: 1376
# remainingBudget: 2624
# currentBudget: 874
# nbConfigurations: 91
# Markers:
     x No test is performed.
     c Configurations are discarded only due to capping.
     - The test is performed and some configurations are discarded.
     = The test is performed but no configuration is discarded.
     ! The test is performed and configurations could be discarded but elite configurations are preserved.
     . All alive configurations are elite and nothing is discarded.

+-+-----------+-----------+-----------+----------------+-----------+--------+-----+----+------+
| |   Instance|      Alive|       Best|       Mean best| Exp so far|  W time|  rho|KenW|  Qvar|
+-+-----------+-----------+-----------+----------------+-----------+--------+-----+----+------+
|x|         10|         91|        293|     168.0038577|         91|00:00:15|   NA|  NA|    NA|
|x|          1|         91|        296|     246.5840159|        177|00:00:13|+0.20|0.60|0.0124|
|x|          3|         91|        293|     256.0138394|        263|00:00:15|+0.15|0.43|0.6309|
|x|          9|         91|        293|     197.7974922|        349|00:00:52|+0.16|0.37|0.7186|
|-|          8|         42|        293|     21144.24822|        435|00:00:26|-0.08|0.14|1.0353|
|=|          7|         42|        293|     20260.37389|        472|00:00:04|-0.08|0.10|1.0026|
|=|          2|         42|        293|     17370.20687|        509|00:00:03|-0.07|0.08|0.9965|
|=|          4|         42|        293|     15198.95555|        546|00:00:03|-0.03|0.10|0.9666|
|=|          5|         42|        293|     13522.89481|        583|00:00:03|-0.01|0.10|0.9540|
|=|          6|         42|        293|     12171.88510|        620|00:00:04|+0.02|0.11|0.9378|
|=|         11|         42|        141|     8307.467540|        662|00:00:04|+0.01|0.10|0.9170|
+-+-----------+-----------+-----------+----------------+-----------+--------+-----+----+------+
Best-so-far configuration:         141    mean value:      8307.467540
Description of the best-so-far configuration:
    .ID. particles topology modInfluence branching tSchedule phi1 phi2 inertia
141  141        49        4            0        NA        NA  1.7 2.19    0.66
    .PARENT.
141       90

# 2025-05-22 23:02:28 -04: Elite configurations (first number is the configuration ID; listed from best to worst according to the sum of ranks):
    particles topology modInfluence branching tSchedule phi1 phi2 inertia
141        49        4            0        NA        NA 1.70 2.19    0.66
293        64        4            0        NA        NA 1.31 2.38    0.67
90         50        4            0        NA        NA 1.02 1.76    0.62
303        43        4            0        NA        NA 2.07 2.36    0.55
240       179        5            0        NA         7 2.35 1.92    0.75
# 2025-05-22 23:02:28 -04: Iteration 4 of 5
# experimentsUsed: 2038
# remainingBudget: 1962
# currentBudget: 981
# nbConfigurations: 86
# Markers:
     x No test is performed.
     c Configurations are discarded only due to capping.
     - The test is performed and some configurations are discarded.
     = The test is performed but no configuration is discarded.
     ! The test is performed and configurations could be discarded but elite configurations are preserved.
     . All alive configurations are elite and nothing is discarded.

+-+-----------+-----------+-----------+----------------+-----------+--------+-----+----+------+
| |   Instance|      Alive|       Best|       Mean best| Exp so far|  W time|  rho|KenW|  Qvar|
+-+-----------+-----------+-----------+----------------+-----------+--------+-----+----+------+
|x|         12|         86|        345|     82.78795168|         86|00:00:06|   NA|  NA|    NA|
|x|          1|         86|        369|     144.8839813|        167|00:00:06|+0.28|0.64|0.0012|
|x|          3|         86|        387|     181.1147760|        248|00:00:08|+0.02|0.35|0.7765|
|x|         11|         86|        354|     164.5829810|        329|00:00:07|+0.08|0.31|0.7836|
|=|          6|         86|        326|     108.8765473|        410|00:00:08|+0.06|0.24|0.8287|
|-|          2|         64|        141|     112.0160358|        491|00:00:07|-0.07|0.11|1.0342|
|=|          4|         64|        368|     203.7597823|        550|00:00:05|-0.04|0.11|1.0009|
|=|         10|         64|        368|     200.0506154|        609|00:00:06|-0.02|0.11|0.9466|
|=|          5|         64|        368|     189.6402351|        668|00:00:05|-0.00|0.11|0.9029|
|=|          9|         64|        346|     174.8259532|        727|00:00:35|+0.01|0.11|0.9121|
|=|          7|         64|        387|     1509.253736|        786|00:00:06|+0.02|0.11|0.8783|
|=|          8|         64|        366|     8349.204768|        845|00:00:14|+0.01|0.10|0.8644|
|-|         13|         44|        366|     7721.827693|        909|00:00:06|-0.03|0.05|1.0015|
|=|         14|         44|        366|     7171.168912|        953|00:00:04|-0.03|0.05|0.9910|
+-+-----------+-----------+-----------+----------------+-----------+--------+-----+----+------+
Best-so-far configuration:         366    mean value:      7171.168912
Description of the best-so-far configuration:
    .ID. particles topology modInfluence branching tSchedule phi1 phi2 inertia
366  366        38        4            0        NA        NA 1.96 2.42    0.61
    .PARENT.
366      141

# 2025-05-22 23:04:39 -04: Elite configurations (first number is the configuration ID; listed from best to worst according to the sum of ranks):
    particles topology modInfluence branching tSchedule phi1 phi2 inertia
366        38        4            0        NA        NA 1.96 2.42    0.61
346        48        4            0        NA        NA 1.75 2.32    0.64
387        63        4            0        NA        NA 1.30 2.24    0.72
368        59        4            0        NA        NA 1.50 1.89    0.61
141        49        4            0        NA        NA 1.70 2.19    0.66
# 2025-05-22 23:04:39 -04: Iteration 5 of 5
# experimentsUsed: 2991
# remainingBudget: 1009
# currentBudget: 1009
# nbConfigurations: 71
# Markers:
     x No test is performed.
     c Configurations are discarded only due to capping.
     - The test is performed and some configurations are discarded.
     = The test is performed but no configuration is discarded.
     ! The test is performed and configurations could be discarded but elite configurations are preserved.
     . All alive configurations are elite and nothing is discarded.

+-+-----------+-----------+-----------+----------------+-----------+--------+-----+----+------+
| |   Instance|      Alive|       Best|       Mean best| Exp so far|  W time|  rho|KenW|  Qvar|
+-+-----------+-----------+-----------+----------------+-----------+--------+-----+----+------+
|x|         15|         71|        467|     20.82659148|         71|00:00:06|   NA|  NA|    NA|
|x|          5|         71|        464|     43.18525082|        137|00:00:06|+0.00|0.50|1.0123|
|x|         10|         71|        425|     86.89999334|        203|00:00:06|+0.08|0.38|0.8574|
|x|         13|         71|        425|     111.0128298|        269|00:00:06|+0.20|0.40|0.7086|
|-|          9|         35|        425|     93.34792507|        335|00:00:40|-0.10|0.12|1.0833|
|=|          8|         35|        425|     19083.07521|        365|00:00:07|-0.04|0.13|1.0208|
|=|         12|         35|        425|     16375.78564|        395|00:00:02|-0.01|0.14|0.9942|
|=|          4|         35|        425|     14328.82713|        425|00:00:03|-0.01|0.12|0.9969|
|=|         11|         35|        425|     12736.95456|        455|00:00:02|+0.01|0.12|0.9854|
|=|         14|         35|        425|     11463.73778|        485|00:00:03|+0.01|0.11|0.9800|
|=|          3|         35|        425|     10423.48623|        515|00:00:03|+0.00|0.09|0.9818|
|=|          2|         35|        415|     8374.722225|        545|00:00:03|+0.00|0.09|0.9766|
|=|          7|         35|        415|     8952.862152|        575|00:00:03|-0.01|0.07|0.9827|
|=|          6|         35|        415|     8314.287408|        605|00:00:03|-0.00|0.07|0.9815|
|=|          1|         35|        415|     8265.377361|        635|00:00:02|-0.00|0.06|0.9847|
|=|         16|         35|        415|     7751.316928|        670|00:00:25|-0.01|0.06|0.9820|
+-+-----------+-----------+-----------+----------------+-----------+--------+-----+----+------+
Best-so-far configuration:         415    mean value:      7751.316928
Description of the best-so-far configuration:
    .ID. particles topology modInfluence branching tSchedule phi1 phi2 inertia
415  415        45        4            0        NA        NA 1.95 2.37    0.66
    .PARENT.
415      366

# 2025-05-22 23:06:46 -04: Elite configurations (first number is the configuration ID; listed from best to worst according to the sum of ranks):
    particles topology modInfluence branching tSchedule phi1 phi2 inertia
415        45        4            0        NA        NA 1.95 2.37    0.66
425        43        4            0        NA        NA 2.09 2.32    0.68
421        72        4            0        NA        NA 1.22 2.41    0.68
346        48        4            0        NA        NA 1.75 2.32    0.64
387        63        4            0        NA        NA 1.30 2.24    0.72
# 2025-05-22 23:06:46 -04: Iteration 6 of 6
# experimentsUsed: 3661
# remainingBudget: 339
# currentBudget: 339
# nbConfigurations: 24
# Markers:
     x No test is performed.
     c Configurations are discarded only due to capping.
     - The test is performed and some configurations are discarded.
     = The test is performed but no configuration is discarded.
     ! The test is performed and configurations could be discarded but elite configurations are preserved.
     . All alive configurations are elite and nothing is discarded.

+-+-----------+-----------+-----------+----------------+-----------+--------+-----+----+------+
| |   Instance|      Alive|       Best|       Mean best| Exp so far|  W time|  rho|KenW|  Qvar|
+-+-----------+-----------+-----------+----------------+-----------+--------+-----+----+------+
|x|         17|         24|        473|    0.2350178265|         24|00:00:02|   NA|  NA|    NA|
|x|         16|         24|        480|     19.25590579|         43|00:00:13|-0.08|0.46|1.1598|
|x|         11|         24|        470|     13.95174031|         62|00:00:02|+0.04|0.36|0.9130|
|x|          3|         24|        470|     15.69409604|         81|00:00:02|-0.09|0.19|1.0501|
|=|          9|         24|        470|     16.72026920|        100|00:00:11|-0.06|0.15|0.9891|
|=|         13|         24|        484|     42.47971080|        119|00:00:02|-0.04|0.14|0.9556|
|=|         10|         24|        470|     64.08914878|        138|00:00:02|-0.04|0.11|0.9692|
|=|          8|         24|        470|     12170.42338|        157|00:00:04|-0.03|0.10|0.9660|
|=|          1|         24|        421|     11217.30388|        176|00:00:01|-0.01|0.10|0.9703|
|=|         15|         24|        484|     12981.87318|        195|00:00:02|-0.03|0.07|0.9795|
|=|         14|         24|        484|     11802.36800|        214|00:00:02|-0.04|0.06|0.9864|
|=|          2|         24|        470|     8547.077248|        233|00:00:01|-0.05|0.04|0.9974|
|=|          7|         24|        470|     9082.813463|        252|00:00:02|-0.04|0.04|0.9830|
|=|         12|         24|        484|     10408.61388|        271|00:00:01|-0.03|0.05|0.9761|
|=|          4|         24|        484|     9714.711881|        290|00:00:01|-0.03|0.04|0.9785|
|=|          5|         24|        484|     9113.184034|        309|00:00:02|-0.02|0.04|0.9685|
|=|          6|         24|        484|     8577.889454|        328|00:00:02|-0.02|0.04|0.9687|
+-+-----------+-----------+-----------+----------------+-----------+--------+-----+----+------+
Best-so-far configuration:         484    mean value:      8577.889454
Description of the best-so-far configuration:
    .ID. particles topology modInfluence branching tSchedule phi1 phi2 inertia
484  484        39        4            0        NA        NA 1.85 2.49    0.65
    .PARENT.
484      415

# 2025-05-22 23:07:49 -04: Elite configurations (first number is the configuration ID; listed from best to worst according to the sum of ranks):
    particles topology modInfluence branching tSchedule phi1 phi2 inertia
484        39        4            0        NA        NA 1.85 2.49    0.65
421        72        4            0        NA        NA 1.22 2.41    0.68
415        45        4            0        NA        NA 1.95 2.37    0.66
470        44        4            0        NA        NA 2.14 2.36    0.62
486        57        4            0        NA        NA 2.07 2.43    0.62
# 2025-05-22 23:07:49 -04: Stopped because there is not enough budget left to race more than the minimum (5).
# You may either increase the budget or set 'minNbSurvival' to a lower value.
# Iteration: 7
# nbIterations: 7
# experimentsUsed: 3989
# timeUsed: 0
# remainingBudget: 11
# currentBudget: 11
# number of elites: 5
# nbConfigurations: 5
# Total CPU user time: 7116.864, CPU sys time: 119.923, Wall-clock time: 869.874
# 2025-05-22 23:07:49 -04: Starting post-selection:
# Configurations selected: 484, 421, 415, 470, 486, 425, 346, 387, 468, 469, 471.
# Pending instances: 0, 0, 0, 0, 0, 0, 0, 0, 0, 0, 0.
# 2025-05-22 23:07:49 -04: seed: 8675309
# Configurations: 11
# Available experiments: 11
# minSurvival: 1
# Markers:
     x No test is performed.
     c Configurations are discarded only due to capping.
     - The test is performed and some configurations are discarded.
     = The test is performed but no configuration is discarded.
     ! The test is performed and configurations could be discarded but elite configurations are preserved.
     . All alive configurations are elite and nothing is discarded.

+-+-----------+-----------+-----------+----------------+-----------+--------+-----+----+------+
| |   Instance|      Alive|       Best|       Mean best| Exp so far|  W time|  rho|KenW|  Qvar|
+-+-----------+-----------+-----------+----------------+-----------+--------+-----+----+------+
|.|          2|         11|        415|     25.01840103|          0|00:00:00|   NA|  NA|    NA|
|.|          5|         11|        415|     56.29998599|          0|00:00:00|-0.12|0.44|0.9042|
|.|         11|         11|        415|     38.17327385|          0|00:00:00|-0.08|0.28|0.9226|
|.|          8|         11|        415|     24945.35781|          0|00:00:00|+0.05|0.29|0.8337|
|.|         12|         11|        415|     20011.66783|          0|00:00:00|+0.03|0.22|0.7890|
|.|          4|         11|        415|     16676.40450|          0|00:00:00|+0.05|0.21|0.7844|
|.|         14|         11|        415|     14294.20425|          0|00:00:00|+0.07|0.20|0.7977|
|.|          9|         11|        415|     12510.73790|          0|00:00:00|+0.01|0.13|0.8686|
|.|         15|         11|        415|     11122.97603|          0|00:00:00|+0.02|0.13|0.8714|
|.|          7|         11|        415|     11599.73255|          0|00:00:00|+0.03|0.13|0.8640|
|.|         16|         11|        415|     10548.88509|          0|00:00:00|+0.03|0.12|0.8691|
|.|          1|         11|        415|     10301.53105|          0|00:00:00|+0.01|0.09|0.9078|
|.|          3|         11|        415|     9510.714637|          0|00:00:00|-0.02|0.06|0.9267|
|.|         17|         11|        415|     8831.402228|          0|00:00:00|-0.02|0.05|0.9361|
|.|          6|         11|        415|     8243.496462|          0|00:00:00|-0.03|0.04|0.9439|
|.|         10|         11|        415|     7739.221108|          0|00:00:00|-0.02|0.04|0.9408|
|.|         13|         11|        415|     7295.377162|          0|00:00:00|-0.02|0.04|0.9397|
|=|         18|         11|        470|     6634.298737|         11|00:00:01|-0.01|0.04|0.9293|
+-+-----------+-----------+-----------+----------------+-----------+--------+-----+----+------+
Best-so-far configuration:         470    mean value:      6634.298737
Description of the best-so-far configuration:
    .ID. particles topology modInfluence branching tSchedule phi1 phi2 inertia
470  470        44        4            0        NA        NA 2.14 2.36    0.62
    .PARENT.
470      425

# 2025-05-22 23:07:51 -04: Elite configurations (first number is the configuration ID; listed from best to worst according to the sum of ranks):
    particles topology modInfluence branching tSchedule phi1 phi2 inertia
470        44        4            0        NA        NA 2.14 2.36    0.62
415        45        4            0        NA        NA 1.95 2.37    0.66
484        39        4            0        NA        NA 1.85 2.49    0.65
421        72        4            0        NA        NA 1.22 2.41    0.68
346        48        4            0        NA        NA 1.75 2.32    0.64
# Total CPU user time: 7125.184, CPU sys time: 120.233, Wall-clock time: 871.804
    .ID. particles topology modInfluence branching tSchedule phi1 phi2 inertia
470  470        44        4            0        NA        NA 2.14 2.36    0.62
415  415        45        4            0        NA        NA 1.95 2.37    0.66
484  484        39        4            0        NA        NA 1.85 2.49    0.65
421  421        72        4            0        NA        NA 1.22 2.41    0.68
346  346        48        4            0        NA        NA 1.75 2.32    0.64
    .PARENT. .RANK.   .WEIGHT.
470      425     94 0.33333333
415      366     97 0.26666667
484      415     97 0.20000000
421      387    101 0.13333333
346      141    105 0.06666667
