# 2025-06-13 04:10:10 -04: Reading parameter file '/home/dianag/PruebasPablo/irace-independent-executions/PSO-X/Scenarios/E8-BH-Multimodal-SR/Runs/E8-BH-Multimodal-SR_seed_31415926/parameters.txt'.
# 2025-06-13 04:10:10 -04: 2 expression(s) specifying forbidden configurations read.
# 2025-06-13 04:10:11 -04: Initialization
# Elitist race
# Elitist new instances: 1
# Elitist limit: 2
# nbIterations: 5
# minNbSurvival: 5
# nbParameters: 8
# seed: 31415926
# confidence level: 0.95
# budget: 4000
# mu: 5
# deterministic: FALSE

# 2025-06-13 04:10:11 -04: Iteration 1 of 5
# experimentsUsed: 0
# remainingBudget: 4000
# currentBudget: 800
# nbConfigurations: 133
# Markers:
     x No test is performed.
     c Configurations are discarded only due to capping.
     - The test is performed and some configurations are discarded.
     = The test is performed but no configuration is discarded.
     ! The test is performed and configurations could be discarded but elite configurations are preserved.
     . All alive configurations are elite and nothing is discarded.

+-+-----------+-----------+-----------+----------------+-----------+--------+-----+----+------+
| |   Instance|      Alive|       Best|       Mean best| Exp so far|  W time|  rho|KenW|  Qvar|
+-+-----------+-----------+-----------+----------------+-----------+--------+-----+----+------+
|x|          1|        133|         76|     89.22259578|        133|00:00:36|   NA|  NA|    NA|
|x|          2|        133|         58|     508.4979701|        266|00:01:43|+0.43|0.71|0.6275|
|x|          3|        133|         20|     392.1965540|        399|00:00:37|+0.52|0.68|0.5432|
|x|          4|        133|         20|     4594.665024|        532|00:00:38|+0.50|0.63|0.5646|
|-|          5|         36|        100|     3448.789466|        665|00:00:38|+0.05|0.24|0.9271|
|=|          6|         36|        100|     25714.03861|        701|00:00:20|+0.05|0.21|0.9046|
|=|          7|         36|         42|     17144.49117|        737|00:00:17|+0.05|0.19|0.8940|
+-+-----------+-----------+-----------+----------------+-----------+--------+-----+----+------+
Best-so-far configuration:          42    mean value:      17144.49117
Description of the best-so-far configuration:
   .ID. particles topology modInfluence branching tSchedule phi1 phi2 inertia
42   42       150        4            0        NA        NA 0.75 1.87    0.42
   .PARENT.
42       NA

# 2025-06-13 04:15:03 -04: Elite configurations (first number is the configuration ID; listed from best to worst according to the sum of ranks):
    particles topology modInfluence branching tSchedule phi1 phi2 inertia
42        150        4            0        NA        NA 0.75 1.87    0.42
100        64        4            0        NA        NA 0.85 1.70    0.59
10         97        1            0        NA        NA 1.65 1.05    0.55
78        179        5            0        NA         7 1.59 1.97    0.85
124       127        1            0        NA        NA 0.59 1.24    0.66
# 2025-06-13 04:15:03 -04: Iteration 2 of 5
# experimentsUsed: 737
# remainingBudget: 3263
# currentBudget: 815
# nbConfigurations: 106
# Markers:
     x No test is performed.
     c Configurations are discarded only due to capping.
     - The test is performed and some configurations are discarded.
     = The test is performed but no configuration is discarded.
     ! The test is performed and configurations could be discarded but elite configurations are preserved.
     . All alive configurations are elite and nothing is discarded.

+-+-----------+-----------+-----------+----------------+-----------+--------+-----+----+------+
| |   Instance|      Alive|       Best|       Mean best| Exp so far|  W time|  rho|KenW|  Qvar|
+-+-----------+-----------+-----------+----------------+-----------+--------+-----+----+------+
|x|          8|        106|        141|     36.28753298|        106|00:01:27|   NA|  NA|    NA|
|x|          2|        106|        153|     26.50347490|        207|00:01:19|-0.02|0.49|1.0140|
|x|          1|        106|        153|     402.5296827|        308|00:00:30|+0.19|0.46|0.8839|
|x|          4|        106|        161|     3935.323589|        409|00:00:33|+0.26|0.44|0.8252|
|-|          3|         40|        209|     3308.064950|        510|00:00:31|-0.08|0.13|1.0398|
|=|          7|         40|        161|     2658.192601|        545|00:00:18|-0.01|0.16|0.9786|
|=|          5|         40|        161|     2280.320760|        580|00:00:18|+0.03|0.17|0.9354|
|=|          6|         40|        161|     18153.96251|        615|00:00:23|+0.04|0.16|0.9126|
|=|          9|         40|        161|     16136.95532|        655|00:00:19|+0.03|0.14|0.9367|
+-+-----------+-----------+-----------+----------------+-----------+--------+-----+----+------+
Best-so-far configuration:         161    mean value:      16136.95532
Description of the best-so-far configuration:
    .ID. particles topology modInfluence branching tSchedule phi1 phi2 inertia
161  161       123        4            0        NA        NA 1.03 2.47    0.55
    .PARENT.
161       42

# 2025-06-13 04:20:45 -04: Elite configurations (first number is the configuration ID; listed from best to worst according to the sum of ranks):
    particles topology modInfluence branching tSchedule phi1 phi2 inertia
161       123        4            0        NA        NA 1.03 2.47    0.55
209        21        1            0        NA        NA 0.76 2.43    0.51
42        150        4            0        NA        NA 0.75 1.87    0.42
228        21        4            0        NA        NA 1.32 1.64    0.71
10         97        1            0        NA        NA 1.65 1.05    0.55
# 2025-06-13 04:20:45 -04: Iteration 3 of 5
# experimentsUsed: 1392
# remainingBudget: 2608
# currentBudget: 869
# nbConfigurations: 91
# Markers:
     x No test is performed.
     c Configurations are discarded only due to capping.
     - The test is performed and some configurations are discarded.
     = The test is performed but no configuration is discarded.
     ! The test is performed and configurations could be discarded but elite configurations are preserved.
     . All alive configurations are elite and nothing is discarded.

+-+-----------+-----------+-----------+----------------+-----------+--------+-----+----+------+
| |   Instance|      Alive|       Best|       Mean best| Exp so far|  W time|  rho|KenW|  Qvar|
+-+-----------+-----------+-----------+----------------+-----------+--------+-----+----+------+
|x|         10|         91|        259|    0.2588504760|         91|00:00:15|   NA|  NA|    NA|
|x|          6|         91|        259|     52202.33130|        177|00:00:25|+0.22|0.61|0.5121|
|x|          5|         91|        296|     43983.10160|        263|00:00:15|+0.23|0.49|0.6468|
|x|          1|         91|        314|     30608.94262|        349|00:00:15|+0.32|0.49|0.6570|
|-|          4|         43|        314|     27597.32362|        435|00:00:16|-0.10|0.12|0.8574|
|=|          8|         43|        296|     24730.02200|        473|00:00:26|-0.08|0.10|0.9164|
|=|          3|         43|        296|     21223.70261|        511|00:00:04|-0.02|0.12|0.8739|
|=|          9|         43|        161|     18149.85410|        549|00:00:04|-0.03|0.10|0.8495|
|=|          7|         43|        161|     16135.52789|        587|00:00:04|-0.03|0.09|0.8858|
|=|          2|         43|        161|     14524.32971|        625|00:00:23|-0.03|0.07|0.9025|
|=|         11|         43|        161|     13223.81600|        668|00:00:04|-0.01|0.08|0.8622|
+-+-----------+-----------+-----------+----------------+-----------+--------+-----+----+------+
Best-so-far configuration:         161    mean value:      13223.81600
Description of the best-so-far configuration:
    .ID. particles topology modInfluence branching tSchedule phi1 phi2 inertia
161  161       123        4            0        NA        NA 1.03 2.47    0.55
    .PARENT.
161       42

# 2025-06-13 04:23:19 -04: Elite configurations (first number is the configuration ID; listed from best to worst according to the sum of ranks):
    particles topology modInfluence branching tSchedule phi1 phi2 inertia
161       123        4            0        NA        NA 1.03 2.47    0.55
314        72        4            0        NA        NA 1.00 2.16    0.67
277        44        4            0        NA        NA 1.61 1.72    0.59
296       121        4            0        NA        NA 0.94 2.38    0.61
280        64        1            0        NA        NA 1.47 1.96    0.68
# 2025-06-13 04:23:19 -04: Iteration 4 of 5
# experimentsUsed: 2060
# remainingBudget: 1940
# currentBudget: 970
# nbConfigurations: 85
# Markers:
     x No test is performed.
     c Configurations are discarded only due to capping.
     - The test is performed and some configurations are discarded.
     = The test is performed but no configuration is discarded.
     ! The test is performed and configurations could be discarded but elite configurations are preserved.
     . All alive configurations are elite and nothing is discarded.

+-+-----------+-----------+-----------+----------------+-----------+--------+-----+----+------+
| |   Instance|      Alive|       Best|       Mean best| Exp so far|  W time|  rho|KenW|  Qvar|
+-+-----------+-----------+-----------+----------------+-----------+--------+-----+----+------+
|x|         12|         85|        369|     171.4887312|         85|00:00:09|   NA|  NA|    NA|
|x|          6|         85|        363|     37604.87292|        165|00:00:20|+0.34|0.67|0.6093|
|x|         11|         85|        336|     28161.41633|        245|00:00:08|+0.42|0.62|0.4101|
|x|         10|         85|        336|     21122.23329|        325|00:00:08|+0.44|0.58|0.3767|
|-|          2|         51|        314|     24521.63555|        405|00:00:48|-0.07|0.14|1.0244|
|=|          7|         51|        336|     14089.39665|        451|00:00:04|-0.01|0.16|0.9940|
|=|          1|         51|        336|     12109.03070|        497|00:00:03|+0.02|0.16|0.9907|
|=|          9|         51|        336|     10595.51471|        543|00:00:04|+0.03|0.15|0.9687|
|=|          4|         51|        336|     11216.66783|        589|00:00:05|+0.03|0.14|0.9658|
|=|          5|         51|        336|     10096.29349|        635|00:00:04|+0.00|0.10|0.9842|
|=|          3|         51|        377|     12768.71925|        681|00:00:04|+0.00|0.09|0.9819|
|=|          8|         51|        377|     11707.92607|        727|00:00:32|-0.00|0.08|0.9854|
|=|         13|         51|        377|     10807.34075|        778|00:00:05|+0.00|0.08|0.9775|
+-+-----------+-----------+-----------+----------------+-----------+--------+-----+----+------+
Best-so-far configuration:         377    mean value:      10807.34075
Description of the best-so-far configuration:
    .ID. particles topology modInfluence branching tSchedule phi1 phi2 inertia
377  377        55        4            0        NA        NA 0.97 1.98    0.65
    .PARENT.
377      314

# 2025-06-13 04:26:00 -04: Elite configurations (first number is the configuration ID; listed from best to worst according to the sum of ranks):
    particles topology modInfluence branching tSchedule phi1 phi2 inertia
377        55        4            0        NA        NA 0.97 1.98    0.65
314        72        4            0        NA        NA 1.00 2.16    0.67
359       130        4            0        NA        NA 1.10 2.39    0.67
375        99        4            0        NA        NA 1.14 2.29    0.58
370        63        4            0        NA        NA 0.73 2.02    0.61
# 2025-06-13 04:26:00 -04: Iteration 5 of 5
# experimentsUsed: 2838
# remainingBudget: 1162
# currentBudget: 1162
# nbConfigurations: 87
# Markers:
     x No test is performed.
     c Configurations are discarded only due to capping.
     - The test is performed and some configurations are discarded.
     = The test is performed but no configuration is discarded.
     ! The test is performed and configurations could be discarded but elite configurations are preserved.
     . All alive configurations are elite and nothing is discarded.

+-+-----------+-----------+-----------+----------------+-----------+--------+-----+----+------+
| |   Instance|      Alive|       Best|       Mean best| Exp so far|  W time|  rho|KenW|  Qvar|
+-+-----------+-----------+-----------+----------------+-----------+--------+-----+----+------+
|x|         14|         87|        459|     20.76301113|         87|00:00:09|   NA|  NA|    NA|
|x|         11|         87|        463|     96.41343708|        169|00:00:07|-0.02|0.49|0.9799|
|x|          2|         87|        463|     71.13749264|        251|00:00:51|+0.05|0.36|0.9219|
|x|          1|         87|        463|     98.59830468|        333|00:00:07|+0.04|0.28|0.8430|
|=|          4|         87|        463|     3170.584343|        415|00:00:08|+0.03|0.22|0.8055|
|=|          3|         87|        463|     2671.770933|        497|00:00:07|+0.04|0.20|0.7763|
|=|          5|         87|        463|     2291.928349|        579|00:00:07|+0.04|0.18|0.8009|
|-|          7|         32|        463|     2008.043622|        661|00:00:08|-0.07|0.06|1.0394|
|=|          6|         32|        463|     16373.85091|        688|00:00:07|-0.07|0.05|1.0288|
|=|         10|         32|        463|     14736.98541|        715|00:00:03|-0.04|0.06|1.0065|
|=|          9|         32|        463|     13397.35025|        742|00:00:03|-0.02|0.07|0.9927|
|=|          8|         32|        463|     12284.28640|        769|00:00:19|-0.03|0.05|0.9997|
|=|         12|         32|        463|     11354.05372|        796|00:00:03|-0.03|0.05|0.9991|
|=|         13|         32|        463|     10543.08303|        823|00:00:03|-0.02|0.05|0.9846|
|=|         15|         32|        463|     9840.233902|        855|00:00:11|-0.01|0.06|0.9682|
+-+-----------+-----------+-----------+----------------+-----------+--------+-----+----+------+
Best-so-far configuration:         463    mean value:      9840.233902
Description of the best-so-far configuration:
    .ID. particles topology modInfluence branching tSchedule phi1 phi2 inertia
463  463       113        4            0        NA        NA 1.18 2.47    0.67
    .PARENT.
463      359

# 2025-06-13 04:28:38 -04: Elite configurations (first number is the configuration ID; listed from best to worst according to the sum of ranks):
    particles topology modInfluence branching tSchedule phi1 phi2 inertia
463       113        4            0        NA        NA 1.18 2.47    0.67
377        55        4            0        NA        NA 0.97 1.98    0.65
468        62        4            0        NA        NA 0.84 2.22    0.64
440       119        4            0        NA        NA 1.36 2.26    0.67
359       130        4            0        NA        NA 1.10 2.39    0.67
# 2025-06-13 04:28:38 -04: Iteration 6 of 6
# experimentsUsed: 3693
# remainingBudget: 307
# currentBudget: 307
# nbConfigurations: 23
# Markers:
     x No test is performed.
     c Configurations are discarded only due to capping.
     - The test is performed and some configurations are discarded.
     = The test is performed but no configuration is discarded.
     ! The test is performed and configurations could be discarded but elite configurations are preserved.
     . All alive configurations are elite and nothing is discarded.

+-+-----------+-----------+-----------+----------------+-----------+--------+-----+----+------+
| |   Instance|      Alive|       Best|       Mean best| Exp so far|  W time|  rho|KenW|  Qvar|
+-+-----------+-----------+-----------+----------------+-----------+--------+-----+----+------+
|x|         16|         23|        495|     463.2849328|         23|00:00:01|   NA|  NA|    NA|
|x|          8|         23|        495|     250.6213303|         41|00:00:13|-0.01|0.50|0.7257|
|x|         10|         23|        494|     229.4647795|         59|00:00:02|-0.11|0.26|1.0598|
|x|          1|         23|        485|     183.6632514|         77|00:00:01|+0.05|0.29|0.9003|
|=|         12|         23|        485|     184.3509444|         95|00:00:02|-0.00|0.20|0.8917|
|=|          2|         23|        485|     157.4775122|        113|00:00:12|+0.04|0.20|0.8551|
|=|          6|         23|        485|     17343.29288|        131|00:00:05|+0.06|0.19|0.9155|
|=|         13|         23|        485|     15175.43317|        149|00:00:02|+0.03|0.16|0.9207|
|=|         11|         23|        485|     13509.86008|        167|00:00:02|+0.06|0.16|0.9151|
|-|         15|         13|        377|     12447.55821|        185|00:00:05|-0.03|0.07|0.9511|
|=|          5|         13|        485|     11054.69494|        193|00:00:01|-0.03|0.06|0.9538|
|=|          9|         13|        485|     10133.55059|        201|00:00:01|-0.01|0.08|0.9329|
|=|          7|         13|        485|     9355.651889|        209|00:00:01|-0.00|0.07|0.9259|
|=|          3|         13|        377|     8905.386069|        217|00:00:01|-0.02|0.06|0.9311|
|=|          4|         13|        377|     9414.161558|        225|00:00:01|-0.03|0.04|0.9346|
|=|         14|         13|        463|     9267.307612|        233|00:00:01|-0.02|0.05|0.9269|
|=|         17|         13|        485|     8114.429637|        246|00:00:01|-0.01|0.05|0.9254|
+-+-----------+-----------+-----------+----------------+-----------+--------+-----+----+------+
Best-so-far configuration:         485    mean value:      8114.429637
Description of the best-so-far configuration:
    .ID. particles topology modInfluence branching tSchedule phi1 phi2 inertia
485  485       110        4            0        NA        NA 1.57 2.35    0.66
    .PARENT.
485      440

# 2025-06-13 04:29:36 -04: Elite configurations (first number is the configuration ID; listed from best to worst according to the sum of ranks):
    particles topology modInfluence branching tSchedule phi1 phi2 inertia
485       110        4            0        NA        NA 1.57 2.35    0.66
463       113        4            0        NA        NA 1.18 2.47    0.67
377        55        4            0        NA        NA 0.97 1.98    0.65
468        62        4            0        NA        NA 0.84 2.22    0.64
489       120        4            0        NA        NA 1.10 2.48    0.68
# 2025-06-13 04:29:36 -04: Iteration 7 of 7
# experimentsUsed: 3939
# remainingBudget: 61
# currentBudget: 61
# nbConfigurations: 8
# Markers:
     x No test is performed.
     c Configurations are discarded only due to capping.
     - The test is performed and some configurations are discarded.
     = The test is performed but no configuration is discarded.
     ! The test is performed and configurations could be discarded but elite configurations are preserved.
     . All alive configurations are elite and nothing is discarded.

+-+-----------+-----------+-----------+----------------+-----------+--------+-----+----+------+
| |   Instance|      Alive|       Best|       Mean best| Exp so far|  W time|  rho|KenW|  Qvar|
+-+-----------+-----------+-----------+----------------+-----------+--------+-----+----+------+
|x|         18|          8|        463|    0.2991697374|          8|00:00:01|   NA|  NA|    NA|
|x|         11|          8|        463|     86.12152650|         11|00:00:00|+0.14|0.57|1.0525|
|x|          9|          8|        463|     57.74723511|         14|00:00:01|-0.07|0.29|1.0887|
|x|         12|          8|        463|     91.12583422|         17|00:00:01|+0.07|0.30|0.9481|
|=|         13|          8|        485|     74.82077423|         20|00:00:01|-0.07|0.14|0.9994|
|=|          2|          8|        485|     66.20237031|         23|00:00:05|+0.02|0.18|0.9081|
|=|         17|          8|        485|     57.03057279|         26|00:00:01|+0.02|0.16|0.9089|
|=|         10|          8|        485|     50.26153793|         29|00:00:01|+0.09|0.21|0.8379|
|=|          4|          8|        485|     1835.026732|         32|00:00:01|+0.04|0.15|0.8817|
|=|         14|          8|        485|     1653.614872|         35|00:00:01|+0.02|0.11|0.8876|
|=|          3|          8|        463|     1459.093449|         38|00:00:00|+0.02|0.11|0.8760|
|=|          1|          8|        463|     1352.584057|         41|00:00:00|+0.06|0.13|0.8452|
|=|          7|          8|        463|     1250.143016|         44|00:00:00|+0.07|0.14|0.8349|
|=|         16|          8|        485|     1245.326451|         47|00:00:01|+0.06|0.13|0.8216|
|-|          5|          5|        485|     1163.132031|         50|00:00:01|+0.07|0.13|0.7820|
|.|          6|          5|        485|     8619.072847|         50|00:00:00|+0.05|0.11|0.7821|
|.|          8|          5|        485|     8114.421128|         50|00:00:00|+0.01|0.07|0.8033|
|.|         15|          5|        485|     7663.647373|         50|00:00:00|-0.01|0.05|0.8165|
+-+-----------+-----------+-----------+----------------+-----------+--------+-----+----+------+
Best-so-far configuration:         485    mean value:      7663.647373
Description of the best-so-far configuration:
    .ID. particles topology modInfluence branching tSchedule phi1 phi2 inertia
485  485       110        4            0        NA        NA 1.57 2.35    0.66
    .PARENT.
485      440

# 2025-06-13 04:29:58 -04: Elite configurations (first number is the configuration ID; listed from best to worst according to the sum of ranks):
    particles topology modInfluence branching tSchedule phi1 phi2 inertia
485       110        4            0        NA        NA 1.57 2.35    0.66
463       113        4            0        NA        NA 1.18 2.47    0.67
377        55        4            0        NA        NA 0.97 1.98    0.65
468        62        4            0        NA        NA 0.84 2.22    0.64
489       120        4            0        NA        NA 1.10 2.48    0.68
# 2025-06-13 04:29:58 -04: Stopped because there is not enough budget left to race more than the minimum (5).
# You may either increase the budget or set 'minNbSurvival' to a lower value.
# Iteration: 8
# nbIterations: 8
# experimentsUsed: 3989
# timeUsed: 0
# remainingBudget: 11
# currentBudget: 11
# number of elites: 5
# nbConfigurations: 5
# Total CPU user time: 9203.816, CPU sys time: 124.253, Wall-clock time: 1187.341
# 2025-06-13 04:29:58 -04: Starting post-selection:
# Configurations selected: 485, 463, 377, 468, 489, 440, 359.
# Pending instances: 1, 1, 1, 1, 1, 2, 2.
# 2025-06-13 04:29:58 -04: seed: 31415926
# Configurations: 7
# Available experiments: 11
# minSurvival: 1
# Markers:
     x No test is performed.
     c Configurations are discarded only due to capping.
     - The test is performed and some configurations are discarded.
     = The test is performed but no configuration is discarded.
     ! The test is performed and configurations could be discarded but elite configurations are preserved.
     . All alive configurations are elite and nothing is discarded.

+-+-----------+-----------+-----------+----------------+-----------+--------+-----+----+------+
| |   Instance|      Alive|       Best|       Mean best| Exp so far|  W time|  rho|KenW|  Qvar|
+-+-----------+-----------+-----------+----------------+-----------+--------+-----+----+------+
|.|         12|          7|        359|     186.3526522|          0|00:00:00|   NA|  NA|    NA|
|.|          7|          7|        359|     103.5957852|          0|00:00:00|+0.61|0.80|0.4233|
|.|          6|          7|        359|     49562.07407|          0|00:00:00|-0.01|0.33|0.7504|
|.|         17|          7|        359|     37172.09895|          0|00:00:00|-0.07|0.20|0.8629|
|.|         16|          7|        359|     29917.21982|          0|00:00:00|-0.02|0.19|0.8311|
|.|          4|          7|        359|     27596.14036|          0|00:00:00|-0.03|0.14|0.8593|
|.|         15|          7|        359|     23653.89216|          0|00:00:00|-0.03|0.12|0.8574|
|.|          3|          7|        359|     20717.18856|          0|00:00:00|-0.08|0.05|0.9072|
|x|         18|          7|        463|     16424.98622|          2|00:00:00|-0.03|0.08|0.8929|
|.|          2|          7|        463|     14784.54616|          2|00:00:00|-0.04|0.06|0.8970|
|.|          1|          7|        463|     13456.94930|          2|00:00:00|-0.02|0.08|0.8848|
|.|         11|          7|        463|     12349.86552|          2|00:00:00|+0.02|0.10|0.8598|
|.|         13|          7|        463|     11399.91156|          2|00:00:00|-0.02|0.06|0.8907|
|.|         14|          7|        463|     10587.12380|          2|00:00:00|-0.00|0.07|0.8709|
|.|          8|          7|        463|     9884.021151|          2|00:00:00|-0.01|0.06|0.8743|
|.|          9|          7|        463|     9266.332245|          2|00:00:00|+0.00|0.07|0.8655|
|.|         10|          7|        463|     8721.559518|          2|00:00:00|-0.00|0.06|0.8619|
|.|          5|          7|        463|     8237.743592|          2|00:00:00|-0.00|0.05|0.8674|
|=|         19|          7|        463|     7805.574268|          9|00:00:01|-0.01|0.04|0.8709|
+-+-----------+-----------+-----------+----------------+-----------+--------+-----+----+------+
Best-so-far configuration:         463    mean value:      7805.574268
Description of the best-so-far configuration:
    .ID. particles topology modInfluence branching tSchedule phi1 phi2 inertia
463  463       113        4            0        NA        NA 1.18 2.47    0.67
    .PARENT.
463      359

# 2025-06-13 04:30:00 -04: Elite configurations (first number is the configuration ID; listed from best to worst according to the sum of ranks):
    particles topology modInfluence branching tSchedule phi1 phi2 inertia
463       113        4            0        NA        NA 1.18 2.47    0.67
485       110        4            0        NA        NA 1.57 2.35    0.66
377        55        4            0        NA        NA 0.97 1.98    0.65
489       120        4            0        NA        NA 1.10 2.48    0.68
468        62        4            0        NA        NA 0.84 2.22    0.64
# Total CPU user time: 9211.576, CPU sys time: 124.541, Wall-clock time: 1189.445
    .ID. particles topology modInfluence branching tSchedule phi1 phi2 inertia
463  463       113        4            0        NA        NA 1.18 2.47    0.67
485  485       110        4            0        NA        NA 1.57 2.35    0.66
377  377        55        4            0        NA        NA 0.97 1.98    0.65
489  489       120        4            0        NA        NA 1.10 2.48    0.68
468  468        62        4            0        NA        NA 0.84 2.22    0.64
    .PARENT. .RANK.   .WEIGHT.
463      359     66 0.33333333
485      440     68 0.26666667
377      314     73 0.20000000
489      463     76 0.13333333
468      370     77 0.06666667
