# 2025-06-08 14:30:11 -04: Reading parameter file '/home/dianag/PruebasPablo/irace-independent-executions/MMASQAP/Scenarios/E1-BL-N/Runs/E1-BL-N_seed_8675309/parameters.txt'.
# 2025-06-08 14:30:11 -04: Initialization
# Elitist race
# Elitist new instances: 1
# Elitist limit: 2
# nbIterations: 3
# minNbSurvival: 3
# nbParameters: 3
# seed: 8675309
# confidence level: 0.95
# budget: 750
# mu: 5
# deterministic: FALSE

# 2025-06-08 14:30:11 -04: Iteration 1 of 3
# experimentsUsed: 0
# remainingBudget: 750
# currentBudget: 250
# nbConfigurations: 41
# Markers:
     x No test is performed.
     c Configurations are discarded only due to capping.
     - The test is performed and some configurations are discarded.
     = The test is performed but no configuration is discarded.
     ! The test is performed and configurations could be discarded but elite configurations are preserved.
     . All alive configurations are elite and nothing is discarded.

+-+-----------+-----------+-----------+----------------+-----------+--------+-----+----+------+
| |   Instance|      Alive|       Best|       Mean best| Exp so far|  W time|  rho|KenW|  Qvar|
+-+-----------+-----------+-----------+----------------+-----------+--------+-----+----+------+
|x|          1|         41|          9|     474388.0000|         41|00:00:14|   NA|  NA|    NA|
|x|          2|         41|          3|     3996320.000|         82|00:00:14|+0.13|0.56|0.5696|
|x|          3|         41|          3|     2800548.000|        123|00:00:14|+0.22|0.48|0.5142|
|x|          4|         41|          3|     2263905.500|        164|00:00:13|+0.22|0.42|0.5407|
|-|          5|          9|          3|     1883110.400|        205|00:00:13|+0.05|0.24|0.9120|
|=|          6|          9|          3|     1661060.000|        214|00:00:04|+0.14|0.28|0.8256|
|=|          7|          9|          3|     2499431.143|        223|00:00:05|+0.12|0.25|0.8145|
+-+-----------+-----------+-----------+----------------+-----------+--------+-----+----+------+
Best-so-far configuration:           3    mean value:      2499431.143
Description of the best-so-far configuration:
  .ID. localsearch  rho ants .PARENT.
3    3           3 0.21    4       NA

# 2025-06-08 14:31:31 -04: Elite configurations (first number is the configuration ID; listed from best to worst according to the sum of ranks):
   localsearch  rho ants
3            3 0.21    4
13           2 0.65   23
33           2 0.07   12
# 2025-06-08 14:31:31 -04: Iteration 2 of 3
# experimentsUsed: 223
# remainingBudget: 527
# currentBudget: 263
# nbConfigurations: 35
# Markers:
     x No test is performed.
     c Configurations are discarded only due to capping.
     - The test is performed and some configurations are discarded.
     = The test is performed but no configuration is discarded.
     ! The test is performed and configurations could be discarded but elite configurations are preserved.
     . All alive configurations are elite and nothing is discarded.

+-+-----------+-----------+-----------+----------------+-----------+--------+-----+----+------+
| |   Instance|      Alive|       Best|       Mean best| Exp so far|  W time|  rho|KenW|  Qvar|
+-+-----------+-----------+-----------+----------------+-----------+--------+-----+----+------+
|x|          8|         35|         52|     478574.0000|         35|00:00:12|   NA|  NA|    NA|
|x|          4|         35|         63|     561281.0000|         67|00:00:12|-0.22|0.39|1.2178|
|x|          7|         35|         73|     2883931.333|         99|00:00:11|-0.04|0.31|0.9938|
|x|          5|         35|         73|     2252378.500|        131|00:00:11|+0.03|0.27|0.9010|
|=|          2|         35|         73|     3304251.200|        163|00:00:11|+0.08|0.27|0.8364|
|-|          3|         10|         73|     2822076.333|        195|00:00:12|+0.09|0.24|0.8880|
|=|          6|         10|          3|     2498874.571|        202|00:00:05|+0.10|0.23|0.8386|
|=|          1|         10|          3|     2247314.750|        209|00:00:04|+0.09|0.21|0.8547|
|=|          9|         10|          3|     2071733.111|        219|00:00:05|+0.04|0.15|0.8990|
+-+-----------+-----------+-----------+----------------+-----------+--------+-----+----+------+
Best-so-far configuration:           3    mean value:      2071733.111
Description of the best-so-far configuration:
  .ID. localsearch  rho ants .PARENT.
3    3           3 0.21    4       NA

# 2025-06-08 14:32:59 -04: Elite configurations (first number is the configuration ID; listed from best to worst according to the sum of ranks):
   localsearch  rho ants
3            3 0.21    4
59           3 0.28   17
61           3 0.06   18
# 2025-06-08 14:32:59 -04: Iteration 3 of 3
# experimentsUsed: 442
# remainingBudget: 308
# currentBudget: 308
# nbConfigurations: 33
# Markers:
     x No test is performed.
     c Configurations are discarded only due to capping.
     - The test is performed and some configurations are discarded.
     = The test is performed but no configuration is discarded.
     ! The test is performed and configurations could be discarded but elite configurations are preserved.
     . All alive configurations are elite and nothing is discarded.

+-+-----------+-----------+-----------+----------------+-----------+--------+-----+----+------+
| |   Instance|      Alive|       Best|       Mean best| Exp so far|  W time|  rho|KenW|  Qvar|
+-+-----------+-----------+-----------+----------------+-----------+--------+-----+----+------+
|x|         10|         33|         81|     490700.0000|         33|00:00:19|   NA|  NA|    NA|
|x|          5|         33|         97|     426771.0000|         63|00:00:18|+0.22|0.61|0.8391|
|x|          3|         33|         82|     421420.6667|         93|00:00:18|+0.09|0.40|0.9214|
|x|          9|         33|         97|     481376.5000|        123|00:00:18|-0.01|0.24|1.0024|
|=|          8|         33|         97|     480800.0000|        153|00:00:18|+0.01|0.21|0.9629|
|=|          6|         33|         59|     493186.3333|        183|00:00:18|+0.02|0.18|0.9497|
|=|          4|         33|         97|     514918.8571|        213|00:00:18|+0.00|0.15|0.9643|
|=|          1|         33|         59|     513604.0000|        243|00:00:18|+0.01|0.14|0.9588|
|=|          7|         33|         59|     1292467.556|        273|00:00:18|+0.03|0.14|0.9383|
|=|          2|         33|         91|     1910879.400|        303|00:00:19|+0.03|0.13|0.9184|
+-+-----------+-----------+-----------+----------------+-----------+--------+-----+----+------+
Best-so-far configuration:          91    mean value:      1910879.400
Description of the best-so-far configuration:
   .ID. localsearch  rho ants .PARENT.
91   91           3 0.12   21       61

# 2025-06-08 14:36:07 -04: Elite configurations (first number is the configuration ID; listed from best to worst according to the sum of ranks):
   localsearch  rho ants
91           3 0.12   21
59           3 0.28   17
3            3 0.21    4
# 2025-06-08 14:36:07 -04: Stopped because there is not enough budget left to race more than the minimum (3).
# You may either increase the budget or set 'minNbSurvival' to a lower value.
# Iteration: 4
# nbIterations: 4
# experimentsUsed: 745
# timeUsed: 0
# remainingBudget: 5
# currentBudget: 5
# number of elites: 3
# nbConfigurations: 3
# Total CPU user time: 2343.217, CPU sys time: 17.016, Wall-clock time: 355.998
# 2025-06-08 14:36:07 -04: Starting post-selection:
# Configurations selected: 91, 59, 3, 61, 74.
# Pending instances: 0, 0, 0, 0, 0.
# 2025-06-08 14:36:07 -04: seed: 8675309
# Configurations: 5
# Available experiments: 5
# minSurvival: 1
# Markers:
     x No test is performed.
     c Configurations are discarded only due to capping.
     - The test is performed and some configurations are discarded.
     = The test is performed but no configuration is discarded.
     ! The test is performed and configurations could be discarded but elite configurations are preserved.
     . All alive configurations are elite and nothing is discarded.

+-+-----------+-----------+-----------+----------------+-----------+--------+-----+----+------+
| |   Instance|      Alive|       Best|       Mean best| Exp so far|  W time|  rho|KenW|  Qvar|
+-+-----------+-----------+-----------+----------------+-----------+--------+-----+----+------+
|.|         10|          5|         74|     497106.0000|          0|00:00:00|   NA|  NA|    NA|
|.|          5|          5|         74|     430479.0000|          0|00:00:00|+0.15|0.58|1.0339|
|.|          6|          5|         74|     474261.3333|          0|00:00:00|+0.03|0.36|0.8481|
|.|          3|          5|         74|     464762.5000|          0|00:00:00|+0.14|0.36|0.6838|
|.|          4|          5|         74|     498442.0000|          0|00:00:00|-0.14|0.09|0.9087|
|.|          8|          5|         74|     495238.0000|          0|00:00:00|-0.08|0.10|0.8488|
|.|          2|          5|         74|     1498604.857|          0|00:00:00|-0.06|0.09|0.8027|
|.|          9|          5|         74|     1394547.750|          0|00:00:00|-0.07|0.06|0.8369|
|.|          7|          5|         74|     2075160.000|          0|00:00:00|-0.08|0.04|0.8667|
|.|          1|          5|         74|     1916411.600|          0|00:00:00|-0.08|0.03|0.8548|
|=|         11|          5|         91|     2404557.636|          5|00:00:04|-0.09|0.01|0.8724|
+-+-----------+-----------+-----------+----------------+-----------+--------+-----+----+------+
Best-so-far configuration:          91    mean value:      2404557.636
Description of the best-so-far configuration:
   .ID. localsearch  rho ants .PARENT.
91   91           3 0.12   21       61

# 2025-06-08 14:36:12 -04: Elite configurations (first number is the configuration ID; listed from best to worst according to the sum of ranks):
   localsearch  rho ants
91           3 0.12   21
74           3 0.24   13
59           3 0.28   17
# Total CPU user time: 2365.328, CPU sys time: 17.11, Wall-clock time: 360.517
   .ID. localsearch  rho ants .PARENT. .RANK.  .WEIGHT.
91   91           3 0.12   21       61   31.5 0.5000000
74   74           3 0.24   13        3   32.0 0.3333333
59   59           3 0.28   17        3   33.0 0.1666667
