# 2025-05-16 10:02:04 -04: Reading parameter file '/home/dianag/PruebasPablo/irace-independent-executions/MMASQAP/Scenarios/E2-BL-SR/Runs/E2-BL-SR_seed_31415926/parameters.txt'.
# 2025-05-16 10:02:04 -04: Initialization
# Elitist race
# Elitist new instances: 1
# Elitist limit: 2
# nbIterations: 3
# minNbSurvival: 3
# nbParameters: 3
# seed: 31415926
# confidence level: 0.95
# budget: 750
# mu: 5
# deterministic: FALSE

# 2025-05-16 10:02:04 -04: Iteration 1 of 3
# experimentsUsed: 0
# remainingBudget: 750
# currentBudget: 250
# nbConfigurations: 41
# Markers:
     x No test is performed.
     c Configurations are discarded only due to capping.
     - The test is performed and some configurations are discarded.
     = The test is performed but no configuration is discarded.
     ! The test is performed and configurations could be discarded but elite configurations are preserved.
     . All alive configurations are elite and nothing is discarded.

+-+-----------+-----------+-----------+----------------+-----------+--------+-----+----+------+
| |   Instance|      Alive|       Best|       Mean best| Exp so far|  W time|  rho|KenW|  Qvar|
+-+-----------+-----------+-----------+----------------+-----------+--------+-----+----+------+
|x|          1|         41|         14|     409468.0000|         41|00:00:15|   NA|  NA|    NA|
|x|          2|         41|         22|     3872092.000|         82|00:00:14|+0.28|0.64|0.4939|
|x|          3|         41|         22|     2725189.333|        123|00:00:15|+0.36|0.57|0.4172|
|x|          4|         41|         22|     3874493.500|        164|00:00:14|+0.39|0.54|0.4442|
|-|          5|         10|         22|     3195293.600|        205|00:00:15|-0.03|0.18|0.9228|
|=|          6|         10|         31|     2713521.667|        215|00:00:07|-0.04|0.13|0.9530|
|=|          7|         10|         31|     3419198.571|        225|00:00:07|+0.04|0.17|0.8828|
+-+-----------+-----------+-----------+----------------+-----------+--------+-----+----+------+
Best-so-far configuration:          31    mean value:      3419198.571
Description of the best-so-far configuration:
   .ID. localsearch  rho ants .PARENT.
31   31           3 0.46   18       NA

# 2025-05-16 10:03:36 -04: Elite configurations (first number is the configuration ID; listed from best to worst according to the sum of ranks):
   localsearch  rho ants
31           3 0.46   18
22           3 0.15   87
20           3 0.53   74
# 2025-05-16 10:03:36 -04: Iteration 2 of 3
# experimentsUsed: 225
# remainingBudget: 525
# currentBudget: 262
# nbConfigurations: 35
# Markers:
     x No test is performed.
     c Configurations are discarded only due to capping.
     - The test is performed and some configurations are discarded.
     = The test is performed but no configuration is discarded.
     ! The test is performed and configurations could be discarded but elite configurations are preserved.
     . All alive configurations are elite and nothing is discarded.

+-+-----------+-----------+-----------+----------------+-----------+--------+-----+----+------+
| |   Instance|      Alive|       Best|       Mean best| Exp so far|  W time|  rho|KenW|  Qvar|
+-+-----------+-----------+-----------+----------------+-----------+--------+-----+----+------+
|x|          8|         35|         64|     549218.0000|         35|00:00:14|   NA|  NA|    NA|
|x|          4|         35|         62|     3929661.000|         67|00:00:12|+0.11|0.55|0.8303|
|x|          1|         35|         62|     2759912.000|         99|00:00:13|+0.06|0.38|0.8614|
|x|          2|         35|         48|     3895827.500|        131|00:00:12|+0.17|0.38|0.7678|
|-|          6|         21|         49|     3186408.000|        163|00:00:13|-0.06|0.15|1.0076|
|=|          7|         21|         49|     3931473.667|        181|00:00:09|+0.02|0.18|0.9188|
|=|          5|         21|         49|     3438239.143|        199|00:00:09|+0.03|0.17|0.9131|
|=|          3|         21|         49|     3062923.750|        217|00:00:09|+0.02|0.15|0.9085|
|-|          9|         14|         49|     3575986.889|        238|00:00:10|-0.02|0.09|0.9204|
|=|         10|         14|         31|     3263598.200|        252|00:00:09|-0.02|0.08|0.9390|
+-+-----------+-----------+-----------+----------------+-----------+--------+-----+----+------+
Best-so-far configuration:          31    mean value:      3263598.200
Description of the best-so-far configuration:
   .ID. localsearch  rho ants .PARENT.
31   31           3 0.46   18       NA

# 2025-05-16 10:05:32 -04: Elite configurations (first number is the configuration ID; listed from best to worst according to the sum of ranks):
   localsearch  rho ants
31           3 0.46   18
49           3 0.15   22
61           3 0.63    8
# 2025-05-16 10:05:32 -04: Iteration 3 of 3
# experimentsUsed: 477
# remainingBudget: 273
# currentBudget: 273
# nbConfigurations: 27
# Markers:
     x No test is performed.
     c Configurations are discarded only due to capping.
     - The test is performed and some configurations are discarded.
     = The test is performed but no configuration is discarded.
     ! The test is performed and configurations could be discarded but elite configurations are preserved.
     . All alive configurations are elite and nothing is discarded.

+-+-----------+-----------+-----------+----------------+-----------+--------+-----+----+------+
| |   Instance|      Alive|       Best|       Mean best| Exp so far|  W time|  rho|KenW|  Qvar|
+-+-----------+-----------+-----------+----------------+-----------+--------+-----+----+------+
|x|         11|         27|         87|     409004.0000|         27|00:00:14|   NA|  NA|    NA|
|x|          4|         27|         96|     3862164.000|         51|00:00:11|+0.24|0.62|0.6454|
|x|          9|         27|         85|     5133098.667|         75|00:00:11|+0.44|0.63|0.4437|
|x|         10|         27|         85|     3958992.500|         99|00:00:12|+0.29|0.47|0.6619|
|-|          2|         12|         84|     4626720.400|        123|00:00:12|+0.00|0.20|0.8740|
|=|          3|         12|         84|     3928737.333|        132|00:00:09|-0.04|0.13|0.9389|
|=|          6|         12|         85|     3415025.143|        141|00:00:08|-0.04|0.11|0.9419|
|=|          1|         12|         85|     3041398.250|        150|00:00:09|-0.06|0.07|0.9725|
|=|          8|         12|         85|     2766986.222|        159|00:00:09|-0.08|0.04|0.9863|
|=|          5|         12|         49|     2540071.600|        168|00:00:08|-0.07|0.04|0.9775|
|=|          7|         12|         92|     3002821.455|        177|00:00:08|-0.04|0.05|0.9594|
|=|         12|         12|         92|     2812513.000|        189|00:00:10|-0.04|0.04|0.9639|
+-+-----------+-----------+-----------+----------------+-----------+--------+-----+----+------+
Best-so-far configuration:          92    mean value:      2812513.000
Description of the best-so-far configuration:
   .ID. localsearch  rho ants .PARENT.
92   92           3 0.47   18       31

# 2025-05-16 10:07:39 -04: Elite configurations (first number is the configuration ID; listed from best to worst according to the sum of ranks):
   localsearch  rho ants
92           3 0.47   18
49           3 0.15   22
89           3 0.16   24
# 2025-05-16 10:07:39 -04: Iteration 4 of 4
# experimentsUsed: 666
# remainingBudget: 84
# currentBudget: 84
# nbConfigurations: 9
# Markers:
     x No test is performed.
     c Configurations are discarded only due to capping.
     - The test is performed and some configurations are discarded.
     = The test is performed but no configuration is discarded.
     ! The test is performed and configurations could be discarded but elite configurations are preserved.
     . All alive configurations are elite and nothing is discarded.

+-+-----------+-----------+-----------+----------------+-----------+--------+-----+----+------+
| |   Instance|      Alive|       Best|       Mean best| Exp so far|  W time|  rho|KenW|  Qvar|
+-+-----------+-----------+-----------+----------------+-----------+--------+-----+----+------+
|x|         13|          9|         49|     7455342.000|          9|00:00:08|   NA|  NA|    NA|
|x|         11|          9|         49|     3935704.000|         15|00:00:04|+0.05|0.53|0.9240|
|x|          1|          9|         49|     2762640.000|         21|00:00:04|+0.11|0.41|0.8847|
|x|         12|          9|         49|     2250804.000|         27|00:00:04|+0.12|0.34|0.7553|
|=|          9|          9|         49|     3336741.600|         33|00:00:04|+0.02|0.21|0.8412|
|=|          8|          9|         49|     2873002.000|         39|00:00:04|-0.02|0.15|0.8812|
|=|          5|          9|         49|     2530977.714|         45|00:00:04|+0.03|0.17|0.8210|
|=|          2|          9|         49|     3130402.000|         51|00:00:05|+0.01|0.14|0.8373|
|=|          7|          9|         49|     3633335.333|         57|00:00:04|+0.02|0.13|0.8510|
|=|         10|          9|         49|     3315758.800|         63|00:00:04|-0.01|0.09|0.8794|
|=|          4|          9|         49|     3680537.273|         69|00:00:04|-0.02|0.07|0.8783|
|=|          6|          9|         49|     3399370.000|         75|00:00:04|-0.00|0.08|0.8768|
|=|          3|          9|         49|     3171396.615|         81|00:00:04|+0.01|0.09|0.8661|
+-+-----------+-----------+-----------+----------------+-----------+--------+-----+----+------+
Best-so-far configuration:          49    mean value:      3171396.615
Description of the best-so-far configuration:
   .ID. localsearch  rho ants .PARENT.
49   49           3 0.15   22       31

# 2025-05-16 10:08:46 -04: Elite configurations (first number is the configuration ID; listed from best to worst according to the sum of ranks):
    localsearch  rho ants
49            3 0.15   22
101           3 0.47   16
92            3 0.47   18
# 2025-05-16 10:08:46 -04: Stopped because there is not enough budget left to race more than the minimum (3).
# You may either increase the budget or set 'minNbSurvival' to a lower value.
# Iteration: 5
# nbIterations: 5
# experimentsUsed: 747
# timeUsed: 0
# remainingBudget: 3
# currentBudget: 3
# number of elites: 3
# nbConfigurations: 3
# Total CPU user time: 2482.595, CPU sys time: 16.65, Wall-clock time: 402.058
# 2025-05-16 10:08:46 -04: Starting post-selection:
# Configurations selected: 49, 101, 92.
# Pending instances: 0, 0, 0.
# 2025-05-16 10:08:46 -04: seed: 31415926
# Configurations: 3
# Available experiments: 3
# minSurvival: 1
# Markers:
     x No test is performed.
     c Configurations are discarded only due to capping.
     - The test is performed and some configurations are discarded.
     = The test is performed but no configuration is discarded.
     ! The test is performed and configurations could be discarded but elite configurations are preserved.
     . All alive configurations are elite and nothing is discarded.

+-+-----------+-----------+-----------+----------------+-----------+--------+-----+----+------+
| |   Instance|      Alive|       Best|       Mean best| Exp so far|  W time|  rho|KenW|  Qvar|
+-+-----------+-----------+-----------+----------------+-----------+--------+-----+----+------+
|.|          9|          3|        101|     7674524.000|          0|00:00:00|   NA|  NA|    NA|
|.|          7|          3|        101|     7669478.000|          0|00:00:00|-1.00|0.00|1.2958|
|.|          2|          3|        101|     7552318.000|          0|00:00:00|-0.33|0.11|0.8056|
|.|         10|          3|        101|     5774687.500|          0|00:00:00|+0.00|0.25|0.5914|
|.|         11|          3|        101|     4704877.200|          0|00:00:00|-0.20|0.04|0.7734|
|.|          6|          3|        101|     3971819.333|          0|00:00:00|-0.14|0.05|0.7621|
|.|          8|          3|        101|     3484922.571|          0|00:00:00|-0.16|0.01|0.7728|
|.|         12|          3|        101|     3140091.000|          0|00:00:00|-0.14|0.00|0.7571|
|.|          5|          3|        101|     2844552.222|          0|00:00:00|-0.10|0.02|0.7253|
|.|          1|          3|        101|     2602092.400|          0|00:00:00|-0.06|0.05|0.6924|
|.|          3|          3|        101|     2404755.273|          0|00:00:00|-0.08|0.01|0.7156|
|.|         13|          3|        101|     2828251.333|          0|00:00:00|-0.07|0.02|0.7025|
|.|          4|          3|        101|     3172100.462|          0|00:00:00|-0.08|0.00|0.7158|
|=|         14|          3|         49|     3472647.857|          3|00:00:04|-0.07|0.00|0.7142|
+-+-----------+-----------+-----------+----------------+-----------+--------+-----+----+------+
Best-so-far configuration:          49    mean value:      3472647.857
Description of the best-so-far configuration:
   .ID. localsearch  rho ants .PARENT.
49   49           3 0.15   22       31

# 2025-05-16 10:08:51 -04: Elite configurations (first number is the configuration ID; listed from best to worst according to the sum of ranks):
    localsearch  rho ants
49            3 0.15   22
101           3 0.47   16
92            3 0.47   18
# Total CPU user time: 2495.714, CPU sys time: 16.714, Wall-clock time: 406.49
    .ID. localsearch  rho ants .PARENT. .RANK.  .WEIGHT.
49    49           3 0.15   22       31   27.5 0.5000000
101  101           3 0.47   16       92   27.5 0.3333333
92    92           3 0.47   18       31   29.0 0.1666667
