# 2025-06-09 18:10:22 -04: Reading parameter file '/home/dianag/PruebasPablo/irace-independent-executions/PSO-X/Scenarios/E11-BH-Unimodal-N/Runs/E11-BH-Unimodal-N_seed_777000777/parameters.txt'.
# 2025-06-09 18:10:22 -04: 2 expression(s) specifying forbidden configurations read.
# 2025-06-09 18:10:22 -04: Initialization
# Elitist race
# Elitist new instances: 1
# Elitist limit: 2
# nbIterations: 5
# minNbSurvival: 5
# nbParameters: 8
# seed: 777000777
# confidence level: 0.95
# budget: 4000
# mu: 5
# deterministic: FALSE

# 2025-06-09 18:10:22 -04: Iteration 1 of 5
# experimentsUsed: 0
# remainingBudget: 4000
# currentBudget: 800
# nbConfigurations: 133
# Markers:
     x No test is performed.
     c Configurations are discarded only due to capping.
     - The test is performed and some configurations are discarded.
     = The test is performed but no configuration is discarded.
     ! The test is performed and configurations could be discarded but elite configurations are preserved.
     . All alive configurations are elite and nothing is discarded.

+-+-----------+-----------+-----------+----------------+-----------+--------+-----+----+------+
| |   Instance|      Alive|       Best|       Mean best| Exp so far|  W time|  rho|KenW|  Qvar|
+-+-----------+-----------+-----------+----------------+-----------+--------+-----+----+------+
|x|          1|        132|         35|     669478.0260|        132|00:00:42|   NA|  NA|    NA|
|x|          2|        132|         35|     334739.2457|        264|00:00:40|+0.98|0.99|0.0460|
|x|          3|        132|         35|     223159.7581|        396|00:00:40|+0.94|0.96|0.0705|
|x|          4|        132|         35|     382959.2716|        528|00:00:41|+0.94|0.95|0.0950|
|-|          5|          7|         35|     306367.5066|        660|00:00:40|+0.67|0.73|0.5049|
|-|          6|          2|         35|     255306.2946|        667|00:00:04|+1.00|1.00|0.0000|
+-+-----------+-----------+-----------+----------------+-----------+--------+-----+----+------+
Best-so-far configuration:          35    mean value:      255306.2946
Description of the best-so-far configuration:
   .ID. particles topology modInfluence branching tSchedule phi1 phi2 inertia
35   35         4        0            2        NA        NA 1.13 2.37    0.02
   .PARENT.
35       NA

# 2025-06-09 18:13:52 -04: Elite configurations (first number is the configuration ID; listed from best to worst according to the sum of ranks):
    particles topology modInfluence branching tSchedule phi1 phi2 inertia
35          4        0            2        NA        NA 1.13 2.37    0.02
127         3        2            1        NA        NA 2.17 0.46    0.20
# 2025-06-09 18:13:52 -04: Iteration 2 of 5
# experimentsUsed: 667
# remainingBudget: 3333
# currentBudget: 833
# nbConfigurations: 120
# Markers:
     x No test is performed.
     c Configurations are discarded only due to capping.
     - The test is performed and some configurations are discarded.
     = The test is performed but no configuration is discarded.
     ! The test is performed and configurations could be discarded but elite configurations are preserved.
     . All alive configurations are elite and nothing is discarded.

+-+-----------+-----------+-----------+----------------+-----------+--------+-----+----+------+
| |   Instance|      Alive|       Best|       Mean best| Exp so far|  W time|  rho|KenW|  Qvar|
+-+-----------+-----------+-----------+----------------+-----------+--------+-----+----+------+
|x|          7|        120|         35|     10.83007865|        120|00:00:26|   NA|  NA|    NA|
|x|          1|        120|        171|     306819.9501|        238|00:00:25|+0.42|0.71|0.1884|
|x|          4|        120|         35|     510615.5561|        356|00:00:26|+0.52|0.68|0.1153|
|x|          5|        120|         35|     382961.7787|        474|00:00:25|+0.63|0.72|0.1431|
|-|          2|         27|         35|     306369.5161|        592|00:00:25|+0.17|0.34|0.8148|
|-|          6|          8|         35|     255307.9691|        617|00:00:09|+0.13|0.28|0.7597|
|-|          3|          5|         35|     218835.5139|        623|00:00:01|+0.05|0.18|0.7851|
+-+-----------+-----------+-----------+----------------+-----------+--------+-----+----+------+
Best-so-far configuration:          35    mean value:      218835.5139
Description of the best-so-far configuration:
   .ID. particles topology modInfluence branching tSchedule phi1 phi2 inertia
35   35         4        0            2        NA        NA 1.13 2.37    0.02
   .PARENT.
35       NA

# 2025-06-09 18:16:13 -04: Elite configurations (first number is the configuration ID; listed from best to worst according to the sum of ranks):
    particles topology modInfluence branching tSchedule phi1 phi2 inertia
35          4        0            2        NA        NA 1.13 2.37    0.02
177        13        0            1        NA        NA 2.02 2.09    0.04
137         3        0            2        NA        NA 2.21 1.58    0.11
156         8        0            2        NA        NA 1.83 2.21    0.19
168         5        2            1        NA        NA 2.44 0.47    0.16
# 2025-06-09 18:16:13 -04: Iteration 3 of 5
# experimentsUsed: 1290
# remainingBudget: 2710
# currentBudget: 903
# nbConfigurations: 117
# Markers:
     x No test is performed.
     c Configurations are discarded only due to capping.
     - The test is performed and some configurations are discarded.
     = The test is performed but no configuration is discarded.
     ! The test is performed and configurations could be discarded but elite configurations are preserved.
     . All alive configurations are elite and nothing is discarded.

+-+-----------+-----------+-----------+----------------+-----------+--------+-----+----+------+
| |   Instance|      Alive|       Best|       Mean best| Exp so far|  W time|  rho|KenW|  Qvar|
+-+-----------+-----------+-----------+----------------+-----------+--------+-----+----+------+
|x|          8|        117|        349|     849089.1210|        117|00:00:28|   NA|  NA|    NA|
|x|          2|        117|        357|     653389.8328|        229|00:00:26|+0.68|0.84|0.3336|
|x|          5|        117|        177|     867878.5452|        341|00:00:27|+0.70|0.80|0.2286|
|x|          6|        117|        278|     366511.3005|        453|00:00:27|+0.71|0.78|0.4095|
|-|          3|         26|        278|     293209.1766|        565|00:00:26|-0.00|0.20|0.9740|
|=|          7|         26|        278|     244342.8807|        586|00:00:04|-0.01|0.16|0.9967|
|=|          4|         26|        278|     326895.7885|        607|00:00:03|+0.05|0.19|0.9424|
|=|          1|         26|        260|     300664.3798|        628|00:00:04|+0.06|0.18|0.9289|
|-|          9|         13|        278|     327715.2543|        654|00:00:04|-0.01|0.10|0.9587|
|=|         10|         13|        278|     294967.4302|        667|00:00:02|+0.03|0.12|0.9324|
|=|         11|         13|        260|     218693.2795|        680|00:00:02|+0.01|0.10|0.9114|
+-+-----------+-----------+-----------+----------------+-----------+--------+-----+----+------+
Best-so-far configuration:         260    mean value:      218693.2795
Description of the best-so-far configuration:
    .ID. particles topology modInfluence branching tSchedule phi1 phi2 inertia
260  260         6        0            1        NA        NA 1.97 1.96    0.11
    .PARENT.
260      156

# 2025-06-09 18:18:50 -04: Elite configurations (first number is the configuration ID; listed from best to worst according to the sum of ranks):
    particles topology modInfluence branching tSchedule phi1 phi2 inertia
260         6        0            1        NA        NA 1.97 1.96    0.11
278         7        0            1        NA        NA 1.72 1.80    0.09
277         4        4            1        NA        NA 2.32 2.24    0.20
35          4        0            2        NA        NA 1.13 2.37    0.02
303         2        2            1        NA        NA 2.32 1.32    0.06
# 2025-06-09 18:18:50 -04: Iteration 4 of 5
# experimentsUsed: 1970
# remainingBudget: 2030
# currentBudget: 1015
# nbConfigurations: 89
# Markers:
     x No test is performed.
     c Configurations are discarded only due to capping.
     - The test is performed and some configurations are discarded.
     = The test is performed but no configuration is discarded.
     ! The test is performed and configurations could be discarded but elite configurations are preserved.
     . All alive configurations are elite and nothing is discarded.

+-+-----------+-----------+-----------+----------------+-----------+--------+-----+----+------+
| |   Instance|      Alive|       Best|       Mean best| Exp so far|  W time|  rho|KenW|  Qvar|
+-+-----------+-----------+-----------+----------------+-----------+--------+-----+----+------+
|x|         12|         89|        428|     163.6656681|         89|00:00:20|   NA|  NA|    NA|
|x|          4|         89|         35|     431286.5903|        173|00:00:18|-0.07|0.46|1.1723|
|x|          9|         89|         35|     287524.5836|        257|00:00:17|+0.25|0.50|0.7759|
|x|          1|         89|        411|     357957.1813|        341|00:00:18|+0.23|0.43|0.5918|
|-|          2|         41|        411|     286365.8308|        425|00:00:18|-0.10|0.12|1.1040|
|=|         10|         41|        411|     238687.1064|        461|00:00:07|-0.11|0.08|1.0903|
|=|         11|         41|        403|     203731.7747|        497|00:00:07|-0.07|0.08|1.0548|
|=|          8|         41|        403|     287699.7886|        533|00:00:07|-0.01|0.12|0.9991|
|=|          7|         41|        411|     294171.0345|        569|00:00:06|-0.01|0.10|0.9891|
|=|          5|         41|        411|     264753.9739|        605|00:00:06|-0.01|0.09|1.0026|
|=|          6|         41|        411|     240685.4546|        641|00:00:07|+0.03|0.12|0.9674|
|-|          3|         25|        411|     220628.3802|        677|00:00:06|-0.02|0.07|0.9420|
|=|         13|         25|        403|     182888.1359|        702|00:00:05|-0.01|0.06|0.9484|
|=|         14|         25|        403|     169824.8994|        727|00:00:04|-0.01|0.06|0.9570|
+-+-----------+-----------+-----------+----------------+-----------+--------+-----+----+------+
Best-so-far configuration:         403    mean value:      169824.8994
Description of the best-so-far configuration:
    .ID. particles topology modInfluence branching tSchedule phi1 phi2 inertia
403  403         5        0            1        NA        NA  1.6 1.68    0.13
    .PARENT.
403      278

# 2025-06-09 18:21:22 -04: Elite configurations (first number is the configuration ID; listed from best to worst according to the sum of ranks):
    particles topology modInfluence branching tSchedule phi1 phi2 inertia
403         5        0            1        NA        NA 1.60 1.68    0.13
260         6        0            1        NA        NA 1.97 1.96    0.11
420         5        0            2        NA        NA 1.47 2.02    0.02
35          4        0            2        NA        NA 1.13 2.37    0.02
411         7        0            1        NA        NA 1.89 1.87    0.02
# 2025-06-09 18:21:22 -04: Iteration 5 of 5
# experimentsUsed: 2697
# remainingBudget: 1303
# currentBudget: 1303
# nbConfigurations: 91
# Markers:
     x No test is performed.
     c Configurations are discarded only due to capping.
     - The test is performed and some configurations are discarded.
     = The test is performed but no configuration is discarded.
     ! The test is performed and configurations could be discarded but elite configurations are preserved.
     . All alive configurations are elite and nothing is discarded.

+-+-----------+-----------+-----------+----------------+-----------+--------+-----+----+------+
| |   Instance|      Alive|       Best|       Mean best| Exp so far|  W time|  rho|KenW|  Qvar|
+-+-----------+-----------+-----------+----------------+-----------+--------+-----+----+------+
|x|         15|         91|        466|     24711.39249|         91|00:00:16|   NA|  NA|    NA|
|x|         11|         91|        506|     13240.20382|        177|00:00:15|+0.72|0.86|0.3481|
|x|          7|         91|        456|     14224.43573|        263|00:00:15|+0.09|0.40|0.9607|
|x|         10|         91|        510|     12930.86036|        349|00:00:17|+0.01|0.26|1.0307|
|-|          3|         38|        510|     10344.80754|        435|00:00:15|-0.05|0.16|1.0086|
|=|          1|         38|        510|     114348.6107|        468|00:00:05|-0.02|0.15|0.9705|
|=|          2|         38|        510|     98013.15443|        501|00:00:06|-0.01|0.13|0.9639|
|=|          5|         38|        510|     85761.56245|        534|00:00:05|+0.00|0.13|0.9464|
|=|          6|         38|        510|     76232.52812|        567|00:00:05|+0.05|0.16|0.9170|
|-|         14|         21|        519|     60935.75462|        600|00:00:05|-0.04|0.06|0.9904|
|=|         12|         21|        519|     55416.81907|        616|00:00:02|-0.05|0.05|0.9875|
|=|         13|         21|        519|     57219.20531|        632|00:00:02|-0.03|0.06|0.9702|
|=|          8|         21|        519|     115988.9706|        648|00:00:02|-0.01|0.07|0.9495|
|=|          9|         21|        519|     107704.0822|        664|00:00:02|+0.01|0.08|0.9424|
|=|          4|         21|        519|     153353.0062|        680|00:00:02|+0.03|0.10|0.9222|
|=|         16|         21|        519|     155904.4560|        701|00:00:02|+0.00|0.06|0.9529|
+-+-----------+-----------+-----------+----------------+-----------+--------+-----+----+------+
Best-so-far configuration:         519    mean value:      155904.4560
Description of the best-so-far configuration:
    .ID. particles topology modInfluence branching tSchedule phi1 phi2 inertia
519  519         5        0            1        NA        NA 1.79 2.05    0.15
    .PARENT.
519      260

# 2025-06-09 18:23:28 -04: Elite configurations (first number is the configuration ID; listed from best to worst according to the sum of ranks):
    particles topology modInfluence branching tSchedule phi1 phi2 inertia
519         5        0            1        NA        NA 1.79 2.05    0.15
515         5        0            1        NA        NA 1.80 2.10    0.03
511         5        0            1        NA        NA 1.67 1.99    0.00
510         5        0            1        NA        NA 1.87 1.91    0.10
403         5        0            1        NA        NA 1.60 1.68    0.13
# 2025-06-09 18:23:28 -04: Iteration 6 of 6
# experimentsUsed: 3398
# remainingBudget: 602
# currentBudget: 602
# nbConfigurations: 40
# Markers:
     x No test is performed.
     c Configurations are discarded only due to capping.
     - The test is performed and some configurations are discarded.
     = The test is performed but no configuration is discarded.
     ! The test is performed and configurations could be discarded but elite configurations are preserved.
     . All alive configurations are elite and nothing is discarded.

+-+-----------+-----------+-----------+----------------+-----------+--------+-----+----+------+
| |   Instance|      Alive|       Best|       Mean best| Exp so far|  W time|  rho|KenW|  Qvar|
+-+-----------+-----------+-----------+----------------+-----------+--------+-----+----+------+
|x|         17|         40|        536|     699752.5174|         40|00:00:06|   NA|  NA|    NA|
|x|         11|         40|        539|     387126.5095|         75|00:00:05|+0.81|0.91|0.1190|
|x|         12|         40|        535|     321855.8029|        110|00:00:05|+0.13|0.42|0.7624|
|x|          5|         40|        539|     193624.5677|        145|00:00:05|+0.06|0.30|0.8540|
|=|         10|         40|        519|     187875.0073|        180|00:00:05|-0.05|0.16|0.9538|
|=|          4|         40|        519|     288635.4965|        215|00:00:06|+0.05|0.21|0.8744|
|-|         15|         26|        519|     254529.5844|        250|00:00:05|-0.05|0.10|0.9877|
|=|          7|         26|        558|     221585.2187|        271|00:00:02|-0.07|0.07|1.0093|
|=|          8|         26|        558|     285682.7133|        292|00:00:03|-0.01|0.10|0.9556|
|=|          6|         26|        519|     260294.5334|        313|00:00:03|+0.02|0.12|0.9208|
|=|          1|         26|        519|     287462.1511|        334|00:00:02|+0.02|0.11|0.9322|
|=|          2|         26|        519|     263507.0089|        355|00:00:02|+0.02|0.10|0.9295|
|=|          3|         26|        519|     243237.2869|        376|00:00:02|+0.03|0.10|0.9206|
|=|         16|         26|        519|     239732.9239|        397|00:00:03|-0.01|0.06|0.9586|
|=|          9|         26|        519|     223750.7645|        418|00:00:02|+0.02|0.08|0.9406|
|-|         14|         13|        519|     209766.5017|        439|00:00:03|-0.01|0.06|0.9232|
|=|         13|         13|        519|     201959.3812|        447|00:00:01|-0.02|0.04|0.9326|
|=|         18|         13|        519|     190739.4394|        460|00:00:01|-0.01|0.05|0.9248|
+-+-----------+-----------+-----------+----------------+-----------+--------+-----+----+------+
Best-so-far configuration:         519    mean value:      190739.4394
Description of the best-so-far configuration:
    .ID. particles topology modInfluence branching tSchedule phi1 phi2 inertia
519  519         5        0            1        NA        NA 1.79 2.05    0.15
    .PARENT.
519      260

# 2025-06-09 18:24:39 -04: Elite configurations (first number is the configuration ID; listed from best to worst according to the sum of ranks):
    particles topology modInfluence branching tSchedule phi1 phi2 inertia
519         5        0            1        NA        NA 1.79 2.05    0.15
511         5        0            1        NA        NA 1.67 1.99    0.00
545         4        0            1        NA        NA 1.67 2.03    0.00
558         5        0            1        NA        NA 1.69 2.08    0.04
515         5        0            1        NA        NA 1.80 2.10    0.03
# 2025-06-09 18:24:39 -04: Iteration 7 of 7
# experimentsUsed: 3858
# remainingBudget: 142
# currentBudget: 142
# nbConfigurations: 12
# Markers:
     x No test is performed.
     c Configurations are discarded only due to capping.
     - The test is performed and some configurations are discarded.
     = The test is performed but no configuration is discarded.
     ! The test is performed and configurations could be discarded but elite configurations are preserved.
     . All alive configurations are elite and nothing is discarded.

+-+-----------+-----------+-----------+----------------+-----------+--------+-----+----+------+
| |   Instance|      Alive|       Best|       Mean best| Exp so far|  W time|  rho|KenW|  Qvar|
+-+-----------+-----------+-----------+----------------+-----------+--------+-----+----+------+
|x|         19|         12|        568|     55.35123473|         12|00:00:02|   NA|  NA|    NA|
|x|          9|         12|        511|     35.65276231|         19|00:00:01|+0.03|0.51|0.6166|
|x|         12|         12|        511|     98.62937303|         26|00:00:01|-0.00|0.33|0.6726|
|x|          4|         12|        515|     189154.1045|         33|00:00:01|+0.18|0.39|0.6880|
|-|          6|          7|        515|     151323.3335|         40|00:00:01|-0.16|0.07|0.9627|
|=|         13|          7|        545|     142630.9067|         42|00:00:01|-0.12|0.07|0.8872|
|=|          5|          7|        545|     122255.1241|         44|00:00:01|-0.09|0.07|0.8764|
|=|         16|          7|        545|     130939.4780|         46|00:00:00|-0.03|0.09|0.8254|
|=|         11|          7|        545|     116397.8303|         48|00:00:01|-0.02|0.10|0.7974|
|=|         18|          7|        545|     104758.0899|         50|00:00:01|+0.04|0.13|0.7519|
|=|          3|          7|        545|     95234.68263|         52|00:00:01|+0.05|0.14|0.7633|
|=|         14|          7|        545|     87298.66846|         54|00:00:01|+0.09|0.16|0.7303|
|=|          7|          7|        545|     80584.28183|         56|00:00:01|+0.06|0.13|0.7693|
|=|         15|          7|        545|     79620.26780|         58|00:00:01|+0.04|0.11|0.8196|
|=|          1|          7|        545|     110424.7995|         60|00:00:01|+0.05|0.11|0.8167|
|=|          2|          7|        545|     103523.2772|         62|00:00:01|+0.03|0.09|0.8366|
|=|         17|          7|        545|     157372.2036|         64|00:00:01|+0.02|0.07|0.8463|
|=|         10|          7|        519|     145119.7493|         66|00:00:01|+0.00|0.06|0.8570|
|=|          8|          7|        519|     180704.2969|         68|00:00:01|-0.01|0.05|0.8684|
|=|         20|          7|        545|     198782.6237|         75|00:00:01|-0.01|0.04|0.8718|
+-+-----------+-----------+-----------+----------------+-----------+--------+-----+----+------+
Best-so-far configuration:         545    mean value:      198782.6237
Description of the best-so-far configuration:
    .ID. particles topology modInfluence branching tSchedule phi1 phi2 inertia
545  545         4        0            1        NA        NA 1.67 2.03       0
    .PARENT.
545      511

# 2025-06-09 18:25:07 -04: Elite configurations (first number is the configuration ID; listed from best to worst according to the sum of ranks):
    particles topology modInfluence branching tSchedule phi1 phi2 inertia
545         4        0            1        NA        NA 1.67 2.03    0.00
519         5        0            1        NA        NA 1.79 2.05    0.15
511         5        0            1        NA        NA 1.67 1.99    0.00
558         5        0            1        NA        NA 1.69 2.08    0.04
515         5        0            1        NA        NA 1.80 2.10    0.03
# 2025-06-09 18:25:07 -04: Iteration 8 of 8
# experimentsUsed: 3933
# remainingBudget: 67
# currentBudget: 67
# nbConfigurations: 7
# Markers:
     x No test is performed.
     c Configurations are discarded only due to capping.
     - The test is performed and some configurations are discarded.
     = The test is performed but no configuration is discarded.
     ! The test is performed and configurations could be discarded but elite configurations are preserved.
     . All alive configurations are elite and nothing is discarded.

+-+-----------+-----------+-----------+----------------+-----------+--------+-----+----+------+
| |   Instance|      Alive|       Best|       Mean best| Exp so far|  W time|  rho|KenW|  Qvar|
+-+-----------+-----------+-----------+----------------+-----------+--------+-----+----+------+
|x|         21|          7|        576|     209.1198902|          7|00:00:01|   NA|  NA|    NA|
|x|          1|          7|        545|     270954.3821|          9|00:00:01|-0.14|0.43|0.7406|
|x|          3|          7|        545|     180636.4581|         11|00:00:01|-0.02|0.32|0.8640|
|x|         19|          7|        545|     135492.1717|         13|00:00:01|+0.16|0.37|0.7371|
|=|          2|          7|        545|     108393.8259|         15|00:00:01|-0.06|0.15|0.9523|
|=|         11|          7|        545|     90338.96307|         17|00:00:01|-0.03|0.14|0.8898|
|=|         12|          7|        545|     77465.22437|         19|00:00:01|-0.01|0.14|0.8370|
|=|         16|          7|        545|     91748.31567|         21|00:00:01|+0.02|0.14|0.8102|
|=|         10|          7|        545|     81581.50539|         23|00:00:01|-0.03|0.08|0.8641|
|=|          7|          7|        545|     73424.51908|         25|00:00:01|-0.05|0.05|0.9006|
|=|          6|          7|        545|     66749.58416|         27|00:00:01|-0.04|0.06|0.8682|
|=|          5|          7|        545|     61187.15454|         29|00:00:00|-0.03|0.06|0.8569|
|=|         15|          7|        545|     61641.07230|         31|00:00:01|-0.01|0.07|0.8419|
|=|         14|          7|        545|     57238.31803|         33|00:00:01|+0.02|0.09|0.8158|
|=|         20|          7|        545|     53422.45740|         35|00:00:00|+0.00|0.07|0.8376|
|=|         18|          7|        545|     50083.58045|         37|00:00:01|+0.01|0.07|0.8304|
|=|          9|          7|        545|     47137.51654|         39|00:00:01|-0.01|0.05|0.8559|
|=|         17|          7|        545|     101127.3781|         41|00:00:01|-0.01|0.05|0.8479|
|=|         13|          7|        545|     98868.34554|         43|00:00:01|+0.02|0.07|0.8284|
|=|          8|          7|        545|     158928.8074|         45|00:00:01|+0.01|0.06|0.8398|
|=|          4|          7|        545|     189327.2855|         47|00:00:01|+0.03|0.07|0.8240|
|=|         22|          7|        545|     180721.5214|         54|00:00:01|+0.04|0.08|0.8172|
+-+-----------+-----------+-----------+----------------+-----------+--------+-----+----+------+
Best-so-far configuration:         545    mean value:      180721.5214
Description of the best-so-far configuration:
    .ID. particles topology modInfluence branching tSchedule phi1 phi2 inertia
545  545         4        0            1        NA        NA 1.67 2.03       0
    .PARENT.
545      511

# 2025-06-09 18:25:35 -04: Elite configurations (first number is the configuration ID; listed from best to worst according to the sum of ranks):
    particles topology modInfluence branching tSchedule phi1 phi2 inertia
545         4        0            1        NA        NA 1.67 2.03    0.00
519         5        0            1        NA        NA 1.79 2.05    0.15
511         5        0            1        NA        NA 1.67 1.99    0.00
558         5        0            1        NA        NA 1.69 2.08    0.04
515         5        0            1        NA        NA 1.80 2.10    0.03
# 2025-06-09 18:25:35 -04: Stopped because there is not enough budget left to race more than the minimum (5).
# You may either increase the budget or set 'minNbSurvival' to a lower value.
# Iteration: 9
# nbIterations: 9
# experimentsUsed: 3987
# timeUsed: 0
# remainingBudget: 13
# currentBudget: 13
# number of elites: 5
# nbConfigurations: 5
# Total CPU user time: 6874.061, CPU sys time: 131.299, Wall-clock time: 912.437
# 2025-06-09 18:25:35 -04: Starting post-selection:
# Configurations selected: 545, 519, 511, 558, 515, 510.
# Pending instances: 1, 1, 1, 1, 1, 5.
# 2025-06-09 18:25:35 -04: seed: 777000777
# Configurations: 6
# Available experiments: 13
# minSurvival: 1
# Markers:
     x No test is performed.
     c Configurations are discarded only due to capping.
     - The test is performed and some configurations are discarded.
     = The test is performed but no configuration is discarded.
     ! The test is performed and configurations could be discarded but elite configurations are preserved.
     . All alive configurations are elite and nothing is discarded.

+-+-----------+-----------+-----------+----------------+-----------+--------+-----+----+------+
| |   Instance|      Alive|       Best|       Mean best| Exp so far|  W time|  rho|KenW|  Qvar|
+-+-----------+-----------+-----------+----------------+-----------+--------+-----+----+------+
|.|         13|          6|        545|     58205.75945|          0|00:00:00|   NA|  NA|    NA|
|x|         22|          6|        519|     38522.93928|          1|00:00:01|+0.89|0.94|0.4258|
|.|         18|          6|        519|     25682.10213|          1|00:00:00|+0.79|0.86|0.2669|
|.|          5|          6|        519|     19261.66945|          1|00:00:00|+0.42|0.56|0.5015|
|.|         11|          6|        519|     15425.80809|          1|00:00:00|+0.38|0.50|0.5016|
|.|         12|          6|        519|     12892.75067|          1|00:00:00|+0.25|0.38|0.5138|
|.|          6|          6|        519|     11050.96030|          1|00:00:00|+0.30|0.40|0.4874|
|x|         19|          6|        545|     7319.259829|          2|00:00:00|+0.17|0.27|0.5950|
|.|         17|          6|        545|     119723.2337|          2|00:00:00|+0.06|0.16|0.7218|
|.|          4|          6|        545|     187480.5951|          2|00:00:00|+0.08|0.18|0.7239|
|.|          9|          6|        545|     170436.9495|          2|00:00:00|+0.08|0.17|0.7457|
|x|         21|          6|        545|     156252.2471|          3|00:00:01|+0.11|0.18|0.7191|
|.|          7|          6|        545|     144233.7391|          3|00:00:00|+0.05|0.12|0.7832|
|.|         10|          6|        545|     133948.9736|          3|00:00:00|+0.00|0.08|0.8140|
|.|          3|          6|        545|     125019.0827|          3|00:00:00|-0.02|0.05|0.8298|
|.|          2|          6|        545|     117205.4177|          3|00:00:00|-0.04|0.03|0.8500|
|.|         16|          6|        545|     121589.2140|          3|00:00:00|-0.03|0.03|0.8428|
|.|          1|          6|        545|     144928.0490|          3|00:00:00|-0.01|0.05|0.8264|
|x|         20|          6|        545|     137300.2785|          4|00:00:01|-0.01|0.05|0.8271|
|.|          8|          6|        545|     195439.1437|          4|00:00:00|-0.01|0.04|0.8411|
|.|         14|          6|        545|     186132.6374|          4|00:00:00|+0.00|0.05|0.8281|
|.|         15|          6|        545|     180721.5214|          4|00:00:00|-0.00|0.05|0.8391|
|=|         23|          6|        545|     194119.4488|         10|00:00:01|+0.00|0.04|0.8428|
+-+-----------+-----------+-----------+----------------+-----------+--------+-----+----+------+
Best-so-far configuration:         545    mean value:      194119.4488
Description of the best-so-far configuration:
    .ID. particles topology modInfluence branching tSchedule phi1 phi2 inertia
545  545         4        0            1        NA        NA 1.67 2.03       0
    .PARENT.
545      511

# 2025-06-09 18:25:40 -04: Elite configurations (first number is the configuration ID; listed from best to worst according to the sum of ranks):
    particles topology modInfluence branching tSchedule phi1 phi2 inertia
545         4        0            1        NA        NA 1.67 2.03    0.00
519         5        0            1        NA        NA 1.79 2.05    0.15
511         5        0            1        NA        NA 1.67 1.99    0.00
558         5        0            1        NA        NA 1.69 2.08    0.04
515         5        0            1        NA        NA 1.80 2.10    0.03
# Total CPU user time: 6884.693, CPU sys time: 131.6, Wall-clock time: 918.069
    .ID. particles topology modInfluence branching tSchedule phi1 phi2 inertia
545  545         4        0            1        NA        NA 1.67 2.03    0.00
519  519         5        0            1        NA        NA 1.79 2.05    0.15
511  511         5        0            1        NA        NA 1.67 1.99    0.00
558  558         5        0            1        NA        NA 1.69 2.08    0.04
515  515         5        0            1        NA        NA 1.80 2.10    0.03
    .PARENT. .RANK.   .WEIGHT.
545      511     68 0.33333333
519      260     75 0.26666667
511      411     77 0.20000000
558      515     84 0.13333333
515      260     85 0.06666667
