# 2025-05-17 04:29:50 -04: Reading parameter file '/home/dianag/PruebasPablo/irace-independent-executions/PSO-X/Scenarios/E2-BL-Mixed-SR/Runs/E2-BL-Mixed-SR_seed_999888777/parameters.txt'.
# 2025-05-17 04:29:50 -04: 2 expression(s) specifying forbidden configurations read.
# 2025-05-17 04:29:50 -04: Initialization
# Elitist race
# Elitist new instances: 1
# Elitist limit: 2
# nbIterations: 5
# minNbSurvival: 5
# nbParameters: 8
# seed: 999888777
# confidence level: 0.95
# budget: 2000
# mu: 5
# deterministic: FALSE

# 2025-05-17 04:29:50 -04: Iteration 1 of 5
# experimentsUsed: 0
# remainingBudget: 2000
# currentBudget: 400
# nbConfigurations: 66
# Markers:
     x No test is performed.
     c Configurations are discarded only due to capping.
     - The test is performed and some configurations are discarded.
     = The test is performed but no configuration is discarded.
     ! The test is performed and configurations could be discarded but elite configurations are preserved.
     . All alive configurations are elite and nothing is discarded.

+-+-----------+-----------+-----------+----------------+-----------+--------+-----+----+------+
| |   Instance|      Alive|       Best|       Mean best| Exp so far|  W time|  rho|KenW|  Qvar|
+-+-----------+-----------+-----------+----------------+-----------+--------+-----+----+------+
|x|          1|         66|         34|     3.931863195|         66|00:00:24|   NA|  NA|    NA|
|x|          2|         66|         25|     283.7811392|        132|00:02:07|+0.46|0.73|0.4665|
|x|          3|         66|         53|     230.1159056|        198|00:00:23|+0.43|0.62|0.4686|
|x|          4|         66|         53|     188.0971051|        264|00:00:22|+0.50|0.63|0.3898|
|-|          5|         23|         53|     332.8179809|        330|00:02:08|-0.01|0.19|0.9668|
|=|          6|         23|          1|     321.8098780|        353|00:00:03|+0.02|0.18|0.9782|
|=|          7|         23|          1|     345.4980570|        376|00:00:39|+0.01|0.15|0.9688|
+-+-----------+-----------+-----------+----------------+-----------+--------+-----+----+------+
Best-so-far configuration:           1    mean value:      345.4980570
Description of the best-so-far configuration:
  .ID. particles topology modInfluence branching tSchedule phi1 phi2 inertia
1    1        67        1            1        NA        NA 1.56  1.6    0.86
  .PARENT.
1       NA

# 2025-05-17 04:36:00 -04: Elite configurations (first number is the configuration ID; listed from best to worst according to the sum of ranks):
   particles topology modInfluence branching tSchedule phi1 phi2 inertia
1         67        1            1        NA        NA 1.56 1.60    0.86
25       160        4            1        NA        NA 2.11 1.67    0.60
63        84        1            0        NA        NA 1.07 1.77    0.54
53        20        1            0        NA        NA 1.91 2.42    0.53
60         8        4            1        NA        NA 2.38 0.39    0.70
# 2025-05-17 04:36:00 -04: Iteration 2 of 5
# experimentsUsed: 376
# remainingBudget: 1624
# currentBudget: 406
# nbConfigurations: 55
# Markers:
     x No test is performed.
     c Configurations are discarded only due to capping.
     - The test is performed and some configurations are discarded.
     = The test is performed but no configuration is discarded.
     ! The test is performed and configurations could be discarded but elite configurations are preserved.
     . All alive configurations are elite and nothing is discarded.

+-+-----------+-----------+-----------+----------------+-----------+--------+-----+----+------+
| |   Instance|      Alive|       Best|       Mean best| Exp so far|  W time|  rho|KenW|  Qvar|
+-+-----------+-----------+-----------+----------------+-----------+--------+-----+----+------+
|x|          8|         55|         53|     46.01633916|         55|00:00:18|   NA|  NA|    NA|
|x|          7|         55|        116|     266.5102290|        105|00:01:30|+0.26|0.63|0.2946|
|x|          3|         55|        116|     224.9062960|        155|00:00:17|+0.37|0.58|0.3081|
|x|          4|         55|        116|     180.0413960|        205|00:00:17|+0.43|0.57|0.2780|
|-|          2|         24|        116|     258.4235043|        255|00:01:33|-0.13|0.09|0.9442|
|=|          6|         24|        116|     245.7158183|        274|00:00:03|-0.06|0.12|0.8806|
|=|          5|         24|        116|     340.6657034|        293|00:00:39|-0.03|0.12|0.8884|
|=|          1|         24|        108|     290.3441650|        312|00:00:03|+0.01|0.13|0.8320|
|=|          9|         24|        116|     365.6121813|        336|00:00:46|+0.00|0.11|0.8194|
+-+-----------+-----------+-----------+----------------+-----------+--------+-----+----+------+
Best-so-far configuration:         116    mean value:      365.6121813
Description of the best-so-far configuration:
    .ID. particles topology modInfluence branching tSchedule phi1 phi2 inertia
116  116        92        1            0        NA        NA 1.93 1.79    0.56
    .PARENT.
116       53

# 2025-05-17 04:41:28 -04: Elite configurations (first number is the configuration ID; listed from best to worst according to the sum of ranks):
    particles topology modInfluence branching tSchedule phi1 phi2 inertia
116        92        1            0        NA        NA 1.93 1.79    0.56
108        39        1            1        NA        NA 2.32 1.91    0.48
63         84        1            0        NA        NA 1.07 1.77    0.54
69        124        1            1        NA        NA 1.80 1.53    0.62
100        26        4            1        NA        NA 1.85 2.34    0.77
# 2025-05-17 04:41:28 -04: Iteration 3 of 5
# experimentsUsed: 712
# remainingBudget: 1288
# currentBudget: 429
# nbConfigurations: 47
# Markers:
     x No test is performed.
     c Configurations are discarded only due to capping.
     - The test is performed and some configurations are discarded.
     = The test is performed but no configuration is discarded.
     ! The test is performed and configurations could be discarded but elite configurations are preserved.
     . All alive configurations are elite and nothing is discarded.

+-+-----------+-----------+-----------+----------------+-----------+--------+-----+----+------+
| |   Instance|      Alive|       Best|       Mean best| Exp so far|  W time|  rho|KenW|  Qvar|
+-+-----------+-----------+-----------+----------------+-----------+--------+-----+----+------+
|x|         10|         47|        137|     191.4965247|         47|00:01:19|   NA|  NA|    NA|
|x|          5|         47|        133|     589.3295334|         89|00:01:18|+0.45|0.72|0.1402|
|x|          9|         47|        146|     677.3373385|        131|00:01:28|+0.47|0.65|0.1646|
|x|          1|         47|        116|     516.9700691|        173|00:00:06|+0.20|0.40|0.1557|
|-|          6|         37|        136|     464.9934938|        215|00:00:06|-0.12|0.10|1.0444|
|=|          2|         37|        116|     470.3349337|        247|00:00:55|-0.07|0.11|1.0155|
|=|          4|         37|        116|     409.6366140|        279|00:00:04|-0.02|0.13|0.9814|
|=|          3|         37|        116|     376.1443410|        311|00:00:04|-0.01|0.12|0.9431|
|=|          7|         37|        116|     387.4694070|        343|00:00:52|+0.02|0.13|0.9153|
|=|          8|         37|        157|     361.3604164|        375|00:00:05|+0.04|0.14|0.8909|
|=|         11|         37|        157|     8917.057186|        412|00:00:04|+0.03|0.12|0.9229|
+-+-----------+-----------+-----------+----------------+-----------+--------+-----+----+------+
Best-so-far configuration:         157    mean value:      8917.057186
Description of the best-so-far configuration:
    .ID. particles topology modInfluence branching tSchedule phi1 phi2 inertia
157  157        65        1            0        NA        NA 2.47 2.02    0.54
    .PARENT.
157      116

# 2025-05-17 04:47:54 -04: Elite configurations (first number is the configuration ID; listed from best to worst according to the sum of ranks):
    particles topology modInfluence branching tSchedule phi1 phi2 inertia
157        65        1            0        NA        NA 2.47 2.02    0.54
116        92        1            0        NA        NA 1.93 1.79    0.56
133        99        1            0        NA        NA 1.73 2.11    0.67
108        39        1            1        NA        NA 2.32 1.91    0.48
69        124        1            1        NA        NA 1.80 1.53    0.62
# 2025-05-17 04:47:54 -04: Iteration 4 of 5
# experimentsUsed: 1124
# remainingBudget: 876
# currentBudget: 438
# nbConfigurations: 41
# Markers:
     x No test is performed.
     c Configurations are discarded only due to capping.
     - The test is performed and some configurations are discarded.
     = The test is performed but no configuration is discarded.
     ! The test is performed and configurations could be discarded but elite configurations are preserved.
     . All alive configurations are elite and nothing is discarded.

+-+-----------+-----------+-----------+----------------+-----------+--------+-----+----+------+
| |   Instance|      Alive|       Best|       Mean best| Exp so far|  W time|  rho|KenW|  Qvar|
+-+-----------+-----------+-----------+----------------+-----------+--------+-----+----+------+
|x|         12|         41|        177|     249.2605725|         41|00:00:49|   NA|  NA|    NA|
|x|          2|         41|        177|     404.3740491|         77|00:01:03|-0.08|0.46|0.9520|
|x|          6|         41|        188|     612.7840376|        113|00:00:06|-0.22|0.18|0.7876|
|x|          7|         41|        188|     578.6059816|        149|00:01:04|+0.02|0.27|0.6342|
|-|          1|         26|        108|     465.5575929|        185|00:00:06|-0.05|0.16|1.0350|
|=|          3|         26|        108|     428.2416672|        206|00:00:03|-0.09|0.09|0.9923|
|=|          9|         26|        180|     396.8829223|        227|00:00:45|-0.07|0.09|0.9213|
|=|         10|         26|        180|     383.4202509|        248|00:00:38|-0.03|0.10|0.8655|
|=|          8|         26|        180|     346.4600258|        269|00:00:03|+0.02|0.12|0.8046|
|=|         11|         26|        180|     10071.19354|        290|00:00:02|-0.02|0.08|0.8855|
|=|          4|         26|        180|     9159.817629|        311|00:00:02|-0.03|0.06|0.9096|
|=|          5|         26|        174|     8291.393119|        332|00:00:39|-0.03|0.06|0.9256|
|=|         13|         26|        174|     7660.306588|        358|00:00:03|-0.03|0.05|0.9273|
+-+-----------+-----------+-----------+----------------+-----------+--------+-----+----+------+
Best-so-far configuration:         174    mean value:      7660.306588
Description of the best-so-far configuration:
    .ID. particles topology modInfluence branching tSchedule phi1 phi2 inertia
174  174       103        1            0        NA        NA 1.64 2.18    0.52
    .PARENT.
174      116

# 2025-05-17 04:53:23 -04: Elite configurations (first number is the configuration ID; listed from best to worst according to the sum of ranks):
    particles topology modInfluence branching tSchedule phi1 phi2 inertia
174       103        1            0        NA        NA 1.64 2.18    0.52
189        66        1            0        NA        NA 2.25 2.30    0.57
157        65        1            0        NA        NA 2.47 2.02    0.54
108        39        1            1        NA        NA 2.32 1.91    0.48
180        81        1            0        NA        NA 2.38 1.80    0.46
# 2025-05-17 04:53:23 -04: Iteration 5 of 5
# experimentsUsed: 1482
# remainingBudget: 518
# currentBudget: 518
# nbConfigurations: 41
# Markers:
     x No test is performed.
     c Configurations are discarded only due to capping.
     - The test is performed and some configurations are discarded.
     = The test is performed but no configuration is discarded.
     ! The test is performed and configurations could be discarded but elite configurations are preserved.
     . All alive configurations are elite and nothing is discarded.

+-+-----------+-----------+-----------+----------------+-----------+--------+-----+----+------+
| |   Instance|      Alive|       Best|       Mean best| Exp so far|  W time|  rho|KenW|  Qvar|
+-+-----------+-----------+-----------+----------------+-----------+--------+-----+----+------+
|x|         14|         41|        204|     71153.64199|         41|00:00:04|   NA|  NA|    NA|
|x|         13|         41|        204|     35604.43181|         77|00:00:04|+0.63|0.82|0.5721|
|x|         10|         41|        208|     41652.06126|        113|00:01:03|+0.34|0.56|0.3766|
|x|          4|         41|        218|     24692.54181|        149|00:00:04|+0.36|0.52|0.2819|
|-|          5|         23|        195|     18917.76633|        185|00:01:05|-0.03|0.17|0.9638|
|=|         11|         23|        195|     25417.73525|        203|00:00:03|+0.03|0.19|0.8839|
|=|          8|         23|        195|     21797.66329|        221|00:00:03|-0.07|0.08|1.0205|
|=|          2|         23|        218|     20524.51615|        239|00:00:37|-0.04|0.09|1.0073|
|=|          6|         23|        218|     18254.63352|        257|00:00:03|+0.01|0.12|0.9577|
|=|         12|         23|        218|     16552.26781|        275|00:00:24|-0.05|0.05|1.0118|
|=|          7|         23|        218|     15090.66934|        293|00:00:36|-0.03|0.07|1.0099|
|=|          1|         23|        218|     13833.46270|        311|00:00:02|-0.00|0.08|0.9865|
|=|          3|         23|        218|     12786.68040|        329|00:00:02|-0.03|0.05|1.0028|
|=|          9|         23|        218|     11958.51867|        347|00:00:43|-0.05|0.03|1.0042|
|=|         15|         23|        228|     13615.50816|        370|00:00:24|-0.05|0.02|0.9960|
+-+-----------+-----------+-----------+----------------+-----------+--------+-----+----+------+
Best-so-far configuration:         228    mean value:      13615.50816
Description of the best-so-far configuration:
    .ID. particles topology modInfluence branching tSchedule phi1 phi2 inertia
228  228        78        1            0        NA        NA  2.2 2.26    0.47
    .PARENT.
228      189

# 2025-05-17 04:58:46 -04: Elite configurations (first number is the configuration ID; listed from best to worst according to the sum of ranks):
    particles topology modInfluence branching tSchedule phi1 phi2 inertia
228        78        1            0        NA        NA 2.20 2.26    0.47
218        54        1            1        NA        NA 2.34 1.85    0.47
108        39        1            1        NA        NA 2.32 1.91    0.48
203        86        1            0        NA        NA 1.63 2.34    0.41
213        88        1            0        NA        NA 2.44 1.92    0.47
# 2025-05-17 04:58:46 -04: Iteration 6 of 6
# experimentsUsed: 1852
# remainingBudget: 148
# currentBudget: 148
# nbConfigurations: 13
# Markers:
     x No test is performed.
     c Configurations are discarded only due to capping.
     - The test is performed and some configurations are discarded.
     = The test is performed but no configuration is discarded.
     ! The test is performed and configurations could be discarded but elite configurations are preserved.
     . All alive configurations are elite and nothing is discarded.

+-+-----------+-----------+-----------+----------------+-----------+--------+-----+----+------+
| |   Instance|      Alive|       Best|       Mean best| Exp so far|  W time|  rho|KenW|  Qvar|
+-+-----------+-----------+-----------+----------------+-----------+--------+-----+----+------+
|x|         16|         13|        238|     7436.389496|         13|00:00:02|   NA|  NA|    NA|
|x|          6|         13|        234|     3811.398357|         21|00:00:01|-0.74|0.13|1.7322|
|x|         12|         13|        234|     2692.156781|         29|00:00:09|-0.17|0.22|1.1618|
|x|         14|         13|        234|     36158.96366|         37|00:00:01|-0.22|0.09|1.1625|
|=|          3|         13|        234|     28957.90597|         45|00:00:01|-0.14|0.09|1.0427|
|=|         11|         13|        234|     36982.66389|         53|00:00:01|-0.13|0.06|1.0541|
|=|          4|         13|        218|     24559.25324|         61|00:00:00|-0.12|0.04|1.0393|
|=|         10|         13|        203|     33140.91648|         69|00:00:12|-0.10|0.04|1.0080|
|=|         13|         13|        218|     19143.96702|         77|00:00:01|-0.06|0.06|0.9865|
|=|         15|         13|        203|     26608.04759|         85|00:00:08|-0.06|0.05|0.9867|
|=|          5|         13|        203|     24271.89002|         93|00:00:13|-0.06|0.04|0.9899|
|=|          9|         13|        203|     22325.75158|        101|00:00:15|-0.06|0.03|0.9855|
|=|          7|         13|        234|     17347.21619|        109|00:00:12|-0.05|0.03|0.9744|
|=|          8|         13|        203|     19174.07409|        117|00:00:01|-0.04|0.04|0.9617|
|=|          1|         13|        234|     15038.41815|        125|00:00:01|-0.02|0.04|0.9513|
|=|          2|         13|        234|     14133.07349|        133|00:00:13|-0.01|0.05|0.9467|
|=|         17|         13|        234|     13333.87736|        146|00:00:24|-0.01|0.05|0.9384|
+-+-----------+-----------+-----------+----------------+-----------+--------+-----+----+------+
Best-so-far configuration:         234    mean value:      13333.87736
Description of the best-so-far configuration:
    .ID. particles topology modInfluence branching tSchedule phi1 phi2 inertia
234  234        92        1            0        NA        NA 2.38 1.82    0.46
    .PARENT.
234      213

# 2025-05-17 05:00:49 -04: Elite configurations (first number is the configuration ID; listed from best to worst according to the sum of ranks):
    particles topology modInfluence branching tSchedule phi1 phi2 inertia
234        92        1            0        NA        NA 2.38 1.82    0.46
203        86        1            0        NA        NA 1.63 2.34    0.41
228        78        1            0        NA        NA 2.20 2.26    0.47
108        39        1            1        NA        NA 2.32 1.91    0.48
235        85        1            0        NA        NA 2.17 2.30    0.47
# 2025-05-17 05:00:49 -04: Stopped because there is not enough budget left to race more than the minimum (5).
# You may either increase the budget or set 'minNbSurvival' to a lower value.
# Iteration: 7
# nbIterations: 7
# experimentsUsed: 1998
# timeUsed: 0
# remainingBudget: 2
# currentBudget: 2
# number of elites: 5
# nbConfigurations: 5
# Total CPU user time: 13174, CPU sys time: 78.995, Wall-clock time: 1859.33
# 2025-05-17 05:00:49 -04: Starting post-selection:
# Configurations selected: 234, 203.
# Pending instances: 0, 0.
# 2025-05-17 05:00:49 -04: seed: 999888777
# Configurations: 2
# Available experiments: 2
# minSurvival: 1
# Markers:
     x No test is performed.
     c Configurations are discarded only due to capping.
     - The test is performed and some configurations are discarded.
     = The test is performed but no configuration is discarded.
     ! The test is performed and configurations could be discarded but elite configurations are preserved.
     . All alive configurations are elite and nothing is discarded.

+-+-----------+-----------+-----------+----------------+-----------+--------+-----+----+------+
| |   Instance|      Alive|       Best|       Mean best| Exp so far|  W time|  rho|KenW|  Qvar|
+-+-----------+-----------+-----------+----------------+-----------+--------+-----+----+------+
|.|         17|          2|        203|     538.5463306|          0|00:00:00|   NA|  NA|    NA|
|.|          8|          2|        203|     294.8040100|          0|00:00:00|+1.00|1.00|0.0000|
|.|         10|          2|        203|     280.0843700|          0|00:00:00|+1.00|1.00|0.0000|
|.|         11|          2|        203|     31152.98959|          0|00:00:00|+0.00|0.25|0.5000|
|.|         14|          2|        203|     51458.82844|          0|00:00:00|+0.20|0.36|0.4000|
|.|          9|          2|        203|     43035.39515|          0|00:00:00|-0.07|0.11|0.5333|
|.|          4|          2|        203|     36891.05468|          0|00:00:00|+0.05|0.18|0.4762|
|.|         13|          2|        203|     32290.01051|          0|00:00:00|+0.14|0.25|0.4286|
|.|          6|          2|        203|     28722.39480|          0|00:00:00|+0.00|0.11|0.5000|
|.|         12|          2|        203|     25904.07128|          0|00:00:00|-0.07|0.04|0.5333|
|.|         15|          2|        203|     23628.28686|          0|00:00:00|-0.02|0.07|0.5091|
|.|         16|          2|        203|     22286.87212|          0|00:00:00|-0.06|0.03|0.5303|
|.|          3|          2|        203|     20583.71636|          0|00:00:00|-0.03|0.05|0.5128|
|.|          1|          2|        203|     19113.76127|          0|00:00:00|-0.05|0.02|0.5275|
|.|          7|          2|        203|     17871.30763|          0|00:00:00|-0.07|0.00|0.5333|
|.|          2|          2|        203|     16788.87717|          0|00:00:00|-0.05|0.02|0.5250|
|.|          5|          2|        203|     15854.84406|          0|00:00:00|-0.06|0.00|0.5294|
|=|         18|          2|        203|     14991.73669|          2|00:00:12|-0.06|0.00|0.5294|
+-+-----------+-----------+-----------+----------------+-----------+--------+-----+----+------+
Best-so-far configuration:         203    mean value:      14991.73669
Description of the best-so-far configuration:
    .ID. particles topology modInfluence branching tSchedule phi1 phi2 inertia
203  203        86        1            0        NA        NA 1.63 2.34    0.41
    .PARENT.
203      174

# 2025-05-17 05:01:01 -04: Elite configurations (first number is the configuration ID; listed from best to worst according to the sum of ranks):
    particles topology modInfluence branching tSchedule phi1 phi2 inertia
203        86        1            0        NA        NA 1.63 2.34    0.41
234        92        1            0        NA        NA 2.38 1.82    0.46
# Total CPU user time: 13197.94, CPU sys time: 79.091, Wall-clock time: 1871.445
    .ID. particles topology modInfluence branching tSchedule phi1 phi2 inertia
203  203        86        1            0        NA        NA 1.63 2.34    0.41
234  234        92        1            0        NA        NA 2.38 1.82    0.46
    .PARENT. .RANK.  .WEIGHT.
203      174     27 0.6666667
234      213     27 0.3333333
