# 2025-06-14 04:25:06 -04: Reading parameter file '/home/dianag/PruebasPablo/irace-independent-executions/PSO-X/Scenarios/E10-BL-Unimodal-SR/Runs/E10-BL-Unimodal-SR_seed_909090909/parameters.txt'.
# 2025-06-14 04:25:06 -04: 2 expression(s) specifying forbidden configurations read.
# 2025-06-14 04:25:06 -04: Initialization
# Elitist race
# Elitist new instances: 1
# Elitist limit: 2
# nbIterations: 5
# minNbSurvival: 5
# nbParameters: 8
# seed: 909090909
# confidence level: 0.95
# budget: 2000
# mu: 5
# deterministic: FALSE

# 2025-06-14 04:25:06 -04: Iteration 1 of 5
# experimentsUsed: 0
# remainingBudget: 2000
# currentBudget: 400
# nbConfigurations: 66
# Markers:
     x No test is performed.
     c Configurations are discarded only due to capping.
     - The test is performed and some configurations are discarded.
     = The test is performed but no configuration is discarded.
     ! The test is performed and configurations could be discarded but elite configurations are preserved.
     . All alive configurations are elite and nothing is discarded.

+-+-----------+-----------+-----------+----------------+-----------+--------+-----+----+------+
| |   Instance|      Alive|       Best|       Mean best| Exp so far|  W time|  rho|KenW|  Qvar|
+-+-----------+-----------+-----------+----------------+-----------+--------+-----+----+------+
|x|          1|         66|         30|    0.4403005220|         66|00:00:26|   NA|  NA|    NA|
|x|          2|         66|         40|     6.799471329|        132|00:00:26|+0.47|0.74|0.3765|
|x|          3|         66|         40|     13.87674452|        198|00:00:27|+0.56|0.70|0.3412|
|x|          4|         66|         20|     11.87778256|        264|00:00:25|+0.56|0.67|0.4790|
|-|          5|         15|         20|     140770.8672|        330|00:00:26|+0.17|0.34|1.0122|
|-|          6|          5|         30|     123922.3146|        345|00:00:12|+0.31|0.43|0.7014|
+-+-----------+-----------+-----------+----------------+-----------+--------+-----+----+------+
Best-so-far configuration:          30    mean value:      123922.3146
Description of the best-so-far configuration:
   .ID. particles topology modInfluence branching tSchedule phi1 phi2 inertia
30   30        12        1            2        NA        NA 2.31 1.21    0.08
   .PARENT.
30       NA

# 2025-06-14 04:27:31 -04: Elite configurations (first number is the configuration ID; listed from best to worst according to the sum of ranks):
   particles topology modInfluence branching tSchedule phi1 phi2 inertia
30        12        1            2        NA        NA 2.31 1.21    0.08
20        25        4            1        NA        NA 2.16 1.67    0.25
40         9        3            2        NA        NA 1.96 2.34    0.18
63        79        0            0        NA        NA 0.81 1.23    0.39
65        30        5            2        NA         2 0.18 1.85    0.16
# 2025-06-14 04:27:31 -04: Iteration 2 of 5
# experimentsUsed: 345
# remainingBudget: 1655
# currentBudget: 413
# nbConfigurations: 63
# Markers:
     x No test is performed.
     c Configurations are discarded only due to capping.
     - The test is performed and some configurations are discarded.
     = The test is performed but no configuration is discarded.
     ! The test is performed and configurations could be discarded but elite configurations are preserved.
     . All alive configurations are elite and nothing is discarded.

+-+-----------+-----------+-----------+----------------+-----------+--------+-----+----+------+
| |   Instance|      Alive|       Best|       Mean best| Exp so far|  W time|  rho|KenW|  Qvar|
+-+-----------+-----------+-----------+----------------+-----------+--------+-----+----+------+
|x|          7|         63|        106|     52.14861255|         63|00:00:13|   NA|  NA|    NA|
|x|          5|         63|         88|     557395.1598|        121|00:00:12|+0.40|0.70|0.4279|
|x|          3|         63|        123|     434847.5158|        179|00:00:11|+0.57|0.71|0.3622|
|x|          1|         63|         30|     185930.0020|        237|00:00:12|+0.65|0.74|0.2907|
|-|          2|         23|         86|     145986.7829|        295|00:00:13|+0.03|0.22|1.0264|
|-|          6|         14|         86|     121655.8170|        313|00:00:07|+0.11|0.26|0.8360|
|=|          4|         14|         86|     104276.8281|        322|00:00:01|+0.10|0.23|0.9026|
|-|          8|          7|         86|     91242.29151|        336|00:00:01|+0.00|0.12|0.8698|
|=|          9|          7|         86|     81125.28365|        343|00:00:01|+0.03|0.14|0.8409|
|=|         10|          7|         86|     282748.6556|        350|00:00:01|-0.01|0.09|0.8546|
+-+-----------+-----------+-----------+----------------+-----------+--------+-----+----+------+
Best-so-far configuration:          86    mean value:      282748.6556
Description of the best-so-far configuration:
   .ID. particles topology modInfluence branching tSchedule phi1 phi2 inertia
86   86        19        2            1        NA        NA 2.45 2.49    0.02
   .PARENT.
86       20

# 2025-06-14 04:28:47 -04: Elite configurations (first number is the configuration ID; listed from best to worst according to the sum of ranks):
   particles topology modInfluence branching tSchedule phi1 phi2 inertia
86        19        2            1        NA        NA 2.45 2.49    0.02
20        25        4            1        NA        NA 2.16 1.67    0.25
30        12        1            2        NA        NA 2.31 1.21    0.08
79         4        5            2        NA         4 1.67 1.87    0.36
68         9        4            2        NA        NA 2.43 1.39    0.42
# 2025-06-14 04:28:47 -04: Iteration 3 of 5
# experimentsUsed: 695
# remainingBudget: 1305
# currentBudget: 435
# nbConfigurations: 44
# Markers:
     x No test is performed.
     c Configurations are discarded only due to capping.
     - The test is performed and some configurations are discarded.
     = The test is performed but no configuration is discarded.
     ! The test is performed and configurations could be discarded but elite configurations are preserved.
     . All alive configurations are elite and nothing is discarded.

+-+-----------+-----------+-----------+----------------+-----------+--------+-----+----+------+
| |   Instance|      Alive|       Best|       Mean best| Exp so far|  W time|  rho|KenW|  Qvar|
+-+-----------+-----------+-----------+----------------+-----------+--------+-----+----+------+
|x|         11|         44|        143|     21132.14946|         44|00:00:04|   NA|  NA|    NA|
|x|          4|         44|        148|     20208.39330|         83|00:00:04|+0.16|0.58|0.5671|
|x|          5|         44|        153|     204825.4941|        122|00:00:03|+0.18|0.46|0.7726|
|x|          1|         44|        153|     153619.2448|        161|00:00:04|+0.32|0.49|0.7133|
|-|          2|         21|        153|     122897.9202|        200|00:00:04|+0.04|0.23|0.9362|
|=|          7|         21|        151|     126329.5470|        216|00:00:02|+0.09|0.24|0.9062|
|-|          8|         11|        151|     108282.5295|        232|00:00:01|+0.13|0.25|0.7790|
|=|          3|         11|        151|     94747.24444|        238|00:00:01|+0.10|0.21|0.8298|
|-|          9|          9|        151|     84241.62761|        244|00:00:01|+0.14|0.24|0.7727|
|!|          6|          9|        151|     75817.53774|        248|00:00:00|+0.15|0.24|0.8034|
|-|         10|          2|        151|     169590.2754|        252|00:00:01|-0.09|0.01|0.5455|
+-+-----------+-----------+-----------+----------------+-----------+--------+-----+----+------+
Best-so-far configuration:         151    mean value:      169590.2754
Description of the best-so-far configuration:
    .ID. particles topology modInfluence branching tSchedule phi1 phi2 inertia
151  151         7        4            1        NA        NA 1.86 2.08    0.04
    .PARENT.
151       30

# 2025-06-14 04:29:17 -04: Elite configurations (first number is the configuration ID; listed from best to worst according to the sum of ranks):
    particles topology modInfluence branching tSchedule phi1 phi2 inertia
151         7        4            1        NA        NA 1.86 2.08    0.04
131         5        4            1        NA        NA 1.78 1.76    0.30
# 2025-06-14 04:29:17 -04: Iteration 4 of 5
# experimentsUsed: 947
# remainingBudget: 1053
# currentBudget: 526
# nbConfigurations: 45
# Markers:
     x No test is performed.
     c Configurations are discarded only due to capping.
     - The test is performed and some configurations are discarded.
     = The test is performed but no configuration is discarded.
     ! The test is performed and configurations could be discarded but elite configurations are preserved.
     . All alive configurations are elite and nothing is discarded.

+-+-----------+-----------+-----------+----------------+-----------+--------+-----+----+------+
| |   Instance|      Alive|       Best|       Mean best| Exp so far|  W time|  rho|KenW|  Qvar|
+-+-----------+-----------+-----------+----------------+-----------+--------+-----+----+------+
|x|         12|         45|        170|     52.06933094|         45|00:00:07|   NA|  NA|    NA|
|x|         10|         45|        172|     389034.8088|         88|00:00:08|+0.80|0.90|0.3868|
|x|          6|         45|        166|     330351.9026|        131|00:00:08|+0.85|0.90|0.2642|
|x|          5|         45|        166|     405050.6647|        174|00:00:07|+0.63|0.73|0.2150|
|-|          9|         18|        151|     351159.2046|        217|00:00:08|-0.03|0.17|0.9413|
|=|         11|         18|        192|     307490.0387|        233|00:00:03|-0.08|0.10|1.0026|
|=|          3|         18|        131|     306441.4949|        249|00:00:04|-0.03|0.12|0.9591|
|=|          7|         18|        151|     233198.3011|        265|00:00:04|+0.01|0.13|0.9413|
|=|          8|         18|        151|     207287.4259|        281|00:00:03|+0.02|0.13|0.9368|
|=|          4|         18|        151|     186558.9603|        297|00:00:04|+0.03|0.13|0.9300|
|=|          1|         18|        151|     169599.0962|        313|00:00:03|+0.04|0.13|0.9282|
|=|          2|         18|        151|     155466.8244|        329|00:00:04|+0.04|0.12|0.9223|
|=|         13|         18|        151|     150137.0277|        347|00:00:03|+0.03|0.11|0.9326|
+-+-----------+-----------+-----------+----------------+-----------+--------+-----+----+------+
Best-so-far configuration:         151    mean value:      150137.0277
Description of the best-so-far configuration:
    .ID. particles topology modInfluence branching tSchedule phi1 phi2 inertia
151  151         7        4            1        NA        NA 1.86 2.08    0.04
    .PARENT.
151       30

# 2025-06-14 04:30:29 -04: Elite configurations (first number is the configuration ID; listed from best to worst according to the sum of ranks):
    particles topology modInfluence branching tSchedule phi1 phi2 inertia
151         7        4            1        NA        NA 1.86 2.08    0.04
170         4        4            1        NA        NA 2.31 2.35    0.10
131         5        4            1        NA        NA 1.78 1.76    0.30
195        17        4            1        NA        NA 2.29 2.46    0.24
166         7        4            1        NA        NA 1.98 1.91    0.01
# 2025-06-14 04:30:29 -04: Iteration 5 of 5
# experimentsUsed: 1294
# remainingBudget: 706
# currentBudget: 706
# nbConfigurations: 55
# Markers:
     x No test is performed.
     c Configurations are discarded only due to capping.
     - The test is performed and some configurations are discarded.
     = The test is performed but no configuration is discarded.
     ! The test is performed and configurations could be discarded but elite configurations are preserved.
     . All alive configurations are elite and nothing is discarded.

+-+-----------+-----------+-----------+----------------+-----------+--------+-----+----+------+
| |   Instance|      Alive|       Best|       Mean best| Exp so far|  W time|  rho|KenW|  Qvar|
+-+-----------+-----------+-----------+----------------+-----------+--------+-----+----+------+
|x|         14|         55|        220|    0.5588923137|         55|00:00:05|   NA|  NA|    NA|
|x|         13|         55|        220|     23218.21021|        105|00:00:05|+0.66|0.83|0.9637|
|x|          5|         55|        253|     209864.4302|        155|00:00:05|+0.38|0.59|0.8891|
|x|          4|         55|        253|     157398.8989|        205|00:00:05|+0.21|0.41|1.0060|
|-|          2|         33|        253|     125921.5675|        255|00:00:06|-0.04|0.17|1.0499|
|=|         11|         33|        253|     120890.9943|        283|00:00:03|-0.07|0.11|1.0422|
|=|          3|         33|        253|     103620.8868|        311|00:00:03|-0.02|0.13|1.0033|
|=|          9|         33|        253|     90695.50696|        339|00:00:03|-0.04|0.09|1.0239|
|=|         12|         33|        253|     80625.08585|        367|00:00:03|+0.00|0.11|0.9831|
|=|         10|         33|        253|     204942.6985|        395|00:00:03|-0.00|0.10|0.9561|
|=|          8|         33|        253|     186311.5823|        423|00:00:03|+0.02|0.11|0.9507|
|=|          7|         33|        253|     170802.9859|        451|00:00:04|+0.02|0.10|0.9429|
|=|          6|         33|        253|     157664.3448|        479|00:00:03|+0.03|0.11|0.9211|
|=|          1|         33|        253|     146402.6340|        507|00:00:03|+0.03|0.10|0.9224|
|-|         15|         17|        253|     181077.3230|        540|00:00:04|-0.00|0.06|0.9701|
|=|         16|         17|        253|     203467.3660|        557|00:00:02|+0.02|0.08|0.9476|
|=|         17|         17|        253|     191498.8637|        574|00:00:02|+0.01|0.07|0.9583|
+-+-----------+-----------+-----------+----------------+-----------+--------+-----+----+------+
Best-so-far configuration:         253    mean value:      191498.8637
Description of the best-so-far configuration:
    .ID. particles topology modInfluence branching tSchedule phi1 phi2 inertia
253  253         5        4            1        NA        NA 1.78 1.93     0.1
    .PARENT.
253      151

# 2025-06-14 04:31:38 -04: Elite configurations (first number is the configuration ID; listed from best to worst according to the sum of ranks):
    particles topology modInfluence branching tSchedule phi1 phi2 inertia
253         5        4            1        NA        NA 1.78 1.93    0.10
170         4        4            1        NA        NA 2.31 2.35    0.10
213         4        4            2        NA        NA 1.90 2.37    0.13
131         5        4            1        NA        NA 1.78 1.76    0.30
220         4        4            1        NA        NA 1.90 2.08    0.08
# 2025-06-14 04:31:38 -04: Iteration 6 of 6
# experimentsUsed: 1868
# remainingBudget: 132
# currentBudget: 132
# nbConfigurations: 12
# Markers:
     x No test is performed.
     c Configurations are discarded only due to capping.
     - The test is performed and some configurations are discarded.
     = The test is performed but no configuration is discarded.
     ! The test is performed and configurations could be discarded but elite configurations are preserved.
     . All alive configurations are elite and nothing is discarded.

+-+-----------+-----------+-----------+----------------+-----------+--------+-----+----+------+
| |   Instance|      Alive|       Best|       Mean best| Exp so far|  W time|  rho|KenW|  Qvar|
+-+-----------+-----------+-----------+----------------+-----------+--------+-----+----+------+
|x|         18|         12|        170|     56.67962192|         12|00:00:02|   NA|  NA|    NA|
|x|         15|         12|        170|     170671.2233|         19|00:00:01|+0.94|0.97|0.0385|
|x|          8|         12|        220|     99301.44133|         26|00:00:01|+0.76|0.84|0.1984|
|x|         17|         12|        220|     74476.82396|         33|00:00:01|+0.23|0.42|0.6546|
|=|          7|         12|        253|     133360.4797|         40|00:00:01|+0.12|0.30|0.8127|
|=|          4|         12|        253|     111134.1173|         47|00:00:01|+0.06|0.22|0.8784|
|-|          5|          7|        253|     176111.0680|         54|00:00:01|-0.07|0.08|0.9306|
|=|          3|          7|        253|     154097.2148|         56|00:00:00|-0.06|0.07|0.8820|
|=|          2|          7|        253|     136976.6623|         58|00:00:01|-0.08|0.04|0.8999|
|=|          9|          7|        253|     123300.7808|         60|00:00:00|-0.06|0.05|0.8918|
|=|          1|          7|        253|     112091.6547|         62|00:00:00|-0.05|0.04|0.8850|
|=|         14|          7|        253|     102750.7302|         64|00:00:01|-0.03|0.06|0.8638|
|=|          6|          7|        253|     94846.87797|         66|00:00:01|-0.03|0.05|0.8663|
|=|         10|          7|        253|     182629.3304|         68|00:00:00|-0.03|0.04|0.8821|
|=|         12|          7|        253|     170458.1562|         70|00:00:00|-0.02|0.05|0.8659|
|=|         13|          7|        253|     163780.7687|         72|00:00:01|-0.01|0.05|0.8476|
|=|         16|          7|        253|     185871.1948|         74|00:00:01|+0.00|0.06|0.8274|
|=|         11|          7|        253|     180863.8022|         76|00:00:01|-0.02|0.04|0.8538|
|=|         19|          7|        253|     208379.1164|         83|00:00:01|-0.02|0.03|0.8604|
+-+-----------+-----------+-----------+----------------+-----------+--------+-----+----+------+
Best-so-far configuration:         253    mean value:      208379.1164
Description of the best-so-far configuration:
    .ID. particles topology modInfluence branching tSchedule phi1 phi2 inertia
253  253         5        4            1        NA        NA 1.78 1.93     0.1
    .PARENT.
253      151

# 2025-06-14 04:32:01 -04: Elite configurations (first number is the configuration ID; listed from best to worst according to the sum of ranks):
    particles topology modInfluence branching tSchedule phi1 phi2 inertia
253         5        4            1        NA        NA 1.78 1.93    0.10
220         4        4            1        NA        NA 1.90 2.08    0.08
170         4        4            1        NA        NA 2.31 2.35    0.10
131         5        4            1        NA        NA 1.78 1.76    0.30
263        10        4            2        NA        NA 1.82 2.16    0.11
# 2025-06-14 04:32:02 -04: Iteration 7 of 7
# experimentsUsed: 1951
# remainingBudget: 49
# currentBudget: 49
# nbConfigurations: 7
# Markers:
     x No test is performed.
     c Configurations are discarded only due to capping.
     - The test is performed and some configurations are discarded.
     = The test is performed but no configuration is discarded.
     ! The test is performed and configurations could be discarded but elite configurations are preserved.
     . All alive configurations are elite and nothing is discarded.

+-+-----------+-----------+-----------+----------------+-----------+--------+-----+----+------+
| |   Instance|      Alive|       Best|       Mean best| Exp so far|  W time|  rho|KenW|  Qvar|
+-+-----------+-----------+-----------+----------------+-----------+--------+-----+----+------+
|x|         20|          7|        263|    0.4183774293|          7|00:00:01|   NA|  NA|    NA|
|x|         12|          7|        170|     26.26450793|          9|00:00:01|+0.32|0.66|0.3282|
|x|         16|          7|        170|     196401.8394|         11|00:00:01|+0.35|0.56|0.3247|
|x|          2|          7|        170|     147304.0368|         13|00:00:01|+0.39|0.54|0.3657|
|=|          9|          7|        170|     117887.8316|         15|00:00:01|+0.23|0.38|0.6214|
|-|          5|          5|        131|     225944.1051|         17|00:00:01|-0.09|0.09|0.8736|
|.|         10|          5|        131|     396820.0210|         17|00:00:00|-0.15|0.02|0.9156|
|.|         14|          5|        131|     347217.5914|         17|00:00:00|-0.12|0.02|0.8757|
|.|          7|          5|        131|     308660.0400|         17|00:00:00|-0.07|0.05|0.8440|
|.|          8|          5|        131|     277794.0791|         17|00:00:00|-0.09|0.02|0.8721|
|.|          4|          5|        131|     252540.3434|         17|00:00:00|-0.07|0.03|0.8525|
|.|         18|          5|        131|     231500.1562|         17|00:00:00|-0.06|0.03|0.8372|
|.|         17|          5|        131|     213692.6818|         17|00:00:00|-0.05|0.03|0.8331|
|.|          6|          5|        131|     198428.9709|         17|00:00:00|-0.05|0.02|0.8415|
|.|         13|          5|        131|     189090.7688|         17|00:00:00|-0.05|0.02|0.8365|
|.|          3|          5|        131|     177272.6106|         17|00:00:00|-0.05|0.02|0.8225|
|.|         11|          5|        131|     171675.4848|         17|00:00:00|-0.06|0.01|0.8277|
|.|         15|          5|        131|     195725.6033|         17|00:00:00|-0.05|0.01|0.8247|
|.|         19|          5|        131|     228729.6024|         17|00:00:00|-0.05|0.01|0.8285|
|.|          1|          5|        131|     217293.1498|         17|00:00:00|-0.05|0.01|0.8270|
+-+-----------+-----------+-----------+----------------+-----------+--------+-----+----+------+
Best configuration for the instances in this race: 131
Best-so-far configuration:         253    mean value:      197960.1837
Description of the best-so-far configuration:
    .ID. particles topology modInfluence branching tSchedule phi1 phi2 inertia
253  253         5        4            1        NA        NA 1.78 1.93     0.1
    .PARENT.
253      151

# 2025-06-14 04:32:09 -04: Elite configurations (first number is the configuration ID; listed from best to worst according to the sum of ranks):
    particles topology modInfluence branching tSchedule phi1 phi2 inertia
253         5        4            1        NA        NA 1.78 1.93    0.10
220         4        4            1        NA        NA 1.90 2.08    0.08
170         4        4            1        NA        NA 2.31 2.35    0.10
263        10        4            2        NA        NA 1.82 2.16    0.11
131         5        4            1        NA        NA 1.78 1.76    0.30
# 2025-06-14 04:32:09 -04: Iteration 8 of 8
# experimentsUsed: 1968
# remainingBudget: 32
# currentBudget: 32
# nbConfigurations: 6
# Markers:
     x No test is performed.
     c Configurations are discarded only due to capping.
     - The test is performed and some configurations are discarded.
     = The test is performed but no configuration is discarded.
     ! The test is performed and configurations could be discarded but elite configurations are preserved.
     . All alive configurations are elite and nothing is discarded.

+-+-----------+-----------+-----------+----------------+-----------+--------+-----+----+------+
| |   Instance|      Alive|       Best|       Mean best| Exp so far|  W time|  rho|KenW|  Qvar|
+-+-----------+-----------+-----------+----------------+-----------+--------+-----+----+------+
|x|         21|          6|        266|     190.5384474|          6|00:00:01|   NA|  NA|    NA|
|x|         18|          6|        170|     128.6651244|          7|00:00:01|-0.14|0.43|1.2411|
|x|         12|          6|        170|     103.1331933|          8|00:00:01|+0.24|0.49|0.8337|
|x|         19|          6|        170|     168131.4411|          9|00:00:00|-0.08|0.19|1.0189|
|=|         20|          6|        170|     134505.2448|         10|00:00:00|-0.02|0.18|0.9717|
|=|         15|          6|        170|     168968.6652|         11|00:00:00|+0.02|0.18|0.8906|
|=|          1|          6|        170|     144830.3443|         12|00:00:00|-0.04|0.11|0.8899|
|=|         16|          6|        170|     200370.6749|         13|00:00:01|-0.04|0.09|0.8506|
|=|          4|          6|        170|     178117.3854|         14|00:00:00|-0.03|0.08|0.8080|
|=|          2|          6|        170|     160306.7098|         15|00:00:01|+0.01|0.11|0.7917|
|=|          5|          6|        170|     209652.9191|         16|00:00:00|-0.05|0.05|0.8443|
|=|          6|          6|        170|     192181.9021|         17|00:00:00|-0.03|0.05|0.8308|
|=|          3|          6|        170|     177398.6970|         18|00:00:01|-0.00|0.08|0.8009|
|=|          8|          6|        170|     164727.3919|         19|00:00:00|+0.01|0.08|0.7708|
|=|         17|          6|        170|     153745.7771|         20|00:00:00|-0.02|0.05|0.8093|
|=|         11|          6|        170|     150089.3380|         21|00:00:00|-0.03|0.03|0.8361|
|=|         13|          6|        170|     144028.7788|         22|00:00:00|-0.02|0.04|0.8242|
|=|         10|          6|        170|     209671.8588|         23|00:00:00|-0.03|0.03|0.8389|
|=|          7|          6|        170|     198647.9971|         24|00:00:01|-0.03|0.02|0.8427|
|=|          9|          6|        170|     188726.7478|         25|00:00:01|-0.03|0.02|0.8399|
|=|         14|          6|        170|     179739.7880|         26|00:00:00|-0.02|0.03|0.8325|
|=|         22|          6|        170|     171569.8285|         32|00:00:01|-0.01|0.04|0.8223|
+-+-----------+-----------+-----------+----------------+-----------+--------+-----+----+------+
Best-so-far configuration:         170    mean value:      171569.8285
Description of the best-so-far configuration:
    .ID. particles topology modInfluence branching tSchedule phi1 phi2 inertia
170  170         4        4            1        NA        NA 2.31 2.35     0.1
    .PARENT.
170      151

# 2025-06-14 04:32:31 -04: Elite configurations (first number is the configuration ID; listed from best to worst according to the sum of ranks):
    particles topology modInfluence branching tSchedule phi1 phi2 inertia
170         4        4            1        NA        NA 2.31 2.35    0.10
253         5        4            1        NA        NA 1.78 1.93    0.10
220         4        4            1        NA        NA 1.90 2.08    0.08
131         5        4            1        NA        NA 1.78 1.76    0.30
263        10        4            2        NA        NA 1.82 2.16    0.11
# 2025-06-14 04:32:31 -04: Stopped because budget is exhausted
# Iteration: 9
# nbIterations: 8
# experimentsUsed: 2000
# timeUsed: 0
# remainingBudget: 0
# currentBudget: 32
# number of elites: 5
# nbConfigurations: 6
# Total CPU user time: 2504.986, CPU sys time: 63.623, Wall-clock time: 444.523
    .ID. particles topology modInfluence branching tSchedule phi1 phi2 inertia
170  170         4        4            1        NA        NA 2.31 2.35    0.10
253  253         5        4            1        NA        NA 1.78 1.93    0.10
220  220         4        4            1        NA        NA 1.90 2.08    0.08
131  131         5        4            1        NA        NA 1.78 1.76    0.30
263  263        10        4            2        NA        NA 1.82 2.16    0.11
    .PARENT. .RANK.   .WEIGHT.
170      151     70 0.33333333
253      151     71 0.26666667
220      151     75 0.20000000
131       20     75 0.13333333
263      213     80 0.06666667
