# 2025-06-05 17:27:21 -04: Reading parameter file '/home/dianag/PruebasPablo/irace-independent-executions/ACOTSP/Scenarios/E2-BL-SR/Runs/E2-BL-SR_seed_8675309/parameters.txt'.
# 2025-06-05 17:27:21 -04: 1 expression(s) specifying forbidden configurations read.
# 2025-06-05 17:27:22 -04: Initialization
# Elitist race
# Elitist new instances: 1
# Elitist limit: 2
# nbIterations: 5
# minNbSurvival: 5
# nbParameters: 11
# seed: 8675309
# confidence level: 0.95
# budget: 2750
# mu: 5
# deterministic: FALSE

# 2025-06-05 17:27:22 -04: Iteration 1 of 5
# experimentsUsed: 0
# remainingBudget: 2750
# currentBudget: 550
# nbConfigurations: 91
# Markers:
     x No test is performed.
     c Configurations are discarded only due to capping.
     - The test is performed and some configurations are discarded.
     = The test is performed but no configuration is discarded.
     ! The test is performed and configurations could be discarded but elite configurations are preserved.
     . All alive configurations are elite and nothing is discarded.

+-+-----------+-----------+-----------+----------------+-----------+--------+-----+----+------+
| |   Instance|      Alive|       Best|       Mean best| Exp so far|  W time|  rho|KenW|  Qvar|
+-+-----------+-----------+-----------+----------------+-----------+--------+-----+----+------+
|x|          1|         91|         26|     32663576.00|         91|00:02:18|   NA|  NA|    NA|
|x|          2|         91|         14|     32636055.00|        182|00:02:23|+0.98|0.99|0.0032|
|x|          3|         91|         14|     32546806.00|        273|00:02:23|+0.98|0.98|0.0032|
|x|          4|         91|         14|     32596826.75|        364|00:02:26|+0.98|0.99|0.0028|
|-|          5|          5|         14|     32624671.00|        455|00:02:23|+0.42|0.54|0.4692|
+-+-----------+-----------+-----------+----------------+-----------+--------+-----+----+------+
Best-so-far configuration:          14    mean value:      32624671.00
Description of the best-so-far configuration:
   .ID. algorithm localsearch alpha beta  rho ants  q0 rasrank elitistants nnls
14   14       acs           3  4.91 6.48 0.02   18 0.1      NA          NA    7
   dlb .PARENT.
14   1       NA

# 2025-06-05 17:39:17 -04: Elite configurations (first number is the configuration ID; listed from best to worst according to the sum of ranks):
   algorithm localsearch alpha beta  rho ants   q0 rasrank elitistants nnls dlb
14       acs           3  4.91 6.48 0.02   18 0.10      NA          NA    7   1
26       acs           3  2.26 4.92 0.86   57 0.88      NA          NA   25   0
30      mmas           3  2.88 8.67 0.49   45   NA      NA          NA    8   0
47       acs           3  3.74 3.51 0.72   62 0.65      NA          NA   20   0
24        as           3  3.82 3.04 0.55   15   NA      NA          NA   45   0
# 2025-06-05 17:39:17 -04: Iteration 2 of 5
# experimentsUsed: 455
# remainingBudget: 2295
# currentBudget: 573
# nbConfigurations: 85
# Markers:
     x No test is performed.
     c Configurations are discarded only due to capping.
     - The test is performed and some configurations are discarded.
     = The test is performed but no configuration is discarded.
     ! The test is performed and configurations could be discarded but elite configurations are preserved.
     . All alive configurations are elite and nothing is discarded.

+-+-----------+-----------+-----------+----------------+-----------+--------+-----+----+------+
| |   Instance|      Alive|       Best|       Mean best| Exp so far|  W time|  rho|KenW|  Qvar|
+-+-----------+-----------+-----------+----------------+-----------+--------+-----+----+------+
|x|          6|         85|        101|     32550216.00|         85|00:02:11|   NA|  NA|    NA|
|x|          3|         85|        106|     32460244.00|        165|00:02:08|+0.97|0.99|0.0016|
|x|          5|         85|        112|     32559886.00|        245|00:02:08|+0.97|0.98|0.0020|
|x|          4|         85|        112|     32592082.50|        325|00:02:02|+0.97|0.98|0.0026|
|-|          1|         11|        112|     32601747.00|        405|00:02:05|+0.39|0.51|0.5231|
|-|          2|          7|        112|     32610291.33|        411|00:00:15|-0.04|0.13|0.9049|
|=|          7|          7|        112|     32637367.29|        418|00:00:17|+0.03|0.17|0.8347|
|=|          8|          7|        112|     32624613.00|        425|00:00:19|+0.06|0.18|0.8096|
+-+-----------+-----------+-----------+----------------+-----------+--------+-----+----+------+
Best-so-far configuration:         112    mean value:      32624613.00
Description of the best-so-far configuration:
    .ID. algorithm localsearch alpha beta  rho ants   q0 rasrank elitistants
112  112       acs           3  3.82 0.09 0.64   19 0.64      NA          NA
    nnls dlb .PARENT.
112   27   1       26

# 2025-06-05 17:50:46 -04: Elite configurations (first number is the configuration ID; listed from best to worst according to the sum of ranks):
    algorithm localsearch alpha beta  rho ants   q0 rasrank elitistants nnls
112       acs           3  3.82 0.09 0.64   19 0.64      NA          NA   27
106       acs           3  3.68 6.86 0.20    5 0.08      NA          NA    8
108       acs           3  3.14 6.76 0.23   50 0.51      NA          NA   37
14        acs           3  4.91 6.48 0.02   18 0.10      NA          NA    7
26        acs           3  2.26 4.92 0.86   57 0.88      NA          NA   25
    dlb
112   1
106   1
108   0
14    1
26    0
# 2025-06-05 17:50:46 -04: Iteration 3 of 5
# experimentsUsed: 880
# remainingBudget: 1870
# currentBudget: 623
# nbConfigurations: 73
# Markers:
     x No test is performed.
     c Configurations are discarded only due to capping.
     - The test is performed and some configurations are discarded.
     = The test is performed but no configuration is discarded.
     ! The test is performed and configurations could be discarded but elite configurations are preserved.
     . All alive configurations are elite and nothing is discarded.

+-+-----------+-----------+-----------+----------------+-----------+--------+-----+----+------+
| |   Instance|      Alive|       Best|       Mean best| Exp so far|  W time|  rho|KenW|  Qvar|
+-+-----------+-----------+-----------+----------------+-----------+--------+-----+----+------+
|x|          9|         73|        231|     32482943.00|         73|00:02:06|   NA|  NA|    NA|
|x|          1|         73|        232|     32539634.00|        141|00:01:58|+0.86|0.93|0.0048|
|x|          6|         73|        112|     32592525.67|        209|00:01:52|+0.86|0.91|0.0050|
|x|          4|         73|        112|     32616562.25|        277|00:01:55|+0.88|0.91|0.0051|
|-|          8|         14|        112|     32600316.40|        345|00:01:57|-0.02|0.18|0.9509|
|=|          2|         14|        231|     32587557.50|        354|00:00:20|-0.02|0.15|0.9416|
|=|          3|         14|        231|     32553019.14|        363|00:00:20|+0.02|0.16|0.8972|
|=|          5|         14|        231|     32567911.25|        372|00:00:20|+0.07|0.18|0.8514|
|-|          7|          9|        231|     32600190.56|        381|00:00:20|-0.02|0.09|0.9053|
|=|         10|          9|        222|     32581799.70|        390|00:00:20|-0.01|0.09|0.8860|
|=|         11|          9|        222|     32554375.45|        399|00:00:21|+0.01|0.10|0.8546|
+-+-----------+-----------+-----------+----------------+-----------+--------+-----+----+------+
Best-so-far configuration:         222    mean value:      32554375.45
Description of the best-so-far configuration:
    .ID. algorithm localsearch alpha beta  rho ants   q0 rasrank elitistants
222  222       acs           3  3.08 5.63 0.18   30 0.16      NA          NA
    nnls dlb .PARENT.
222   11   1      106

# 2025-06-05 18:02:41 -04: Elite configurations (first number is the configuration ID; listed from best to worst according to the sum of ranks):
    algorithm localsearch alpha beta  rho ants   q0 rasrank elitistants nnls
222       acs           3  3.08 5.63 0.18   30 0.16      NA          NA   11
231       acs           3  1.83 1.93 0.78    8 0.13      NA          NA   16
112       acs           3  3.82 0.09 0.64   19 0.64      NA          NA   27
232       acs           3  3.00 0.47 0.34   32 0.67      NA          NA   35
106       acs           3  3.68 6.86 0.20    5 0.08      NA          NA    8
    dlb
222   1
231   1
112   1
232   1
106   1
# 2025-06-05 18:02:41 -04: Iteration 4 of 5
# experimentsUsed: 1279
# remainingBudget: 1471
# currentBudget: 735
# nbConfigurations: 65
# Markers:
     x No test is performed.
     c Configurations are discarded only due to capping.
     - The test is performed and some configurations are discarded.
     = The test is performed but no configuration is discarded.
     ! The test is performed and configurations could be discarded but elite configurations are preserved.
     . All alive configurations are elite and nothing is discarded.

+-+-----------+-----------+-----------+----------------+-----------+--------+-----+----+------+
| |   Instance|      Alive|       Best|       Mean best| Exp so far|  W time|  rho|KenW|  Qvar|
+-+-----------+-----------+-----------+----------------+-----------+--------+-----+----+------+
|x|         12|         65|        256|     32665711.00|         65|00:01:33|   NA|  NA|    NA|
|x|          1|         65|        256|     32624542.50|        125|00:01:23|+0.70|0.85|0.0018|
|x|         11|         65|        289|     32513955.67|        185|00:01:23|+0.68|0.79|0.0023|
|x|          8|         65|        289|     32510587.25|        245|00:01:23|+0.70|0.77|0.0028|
|-|         10|         23|        289|     32474251.00|        305|00:01:23|+0.02|0.21|0.9381|
|=|          5|         23|        272|     32495331.50|        323|00:00:31|+0.08|0.23|0.8574|
|=|          3|         23|        272|     32469794.71|        341|00:00:31|+0.08|0.21|0.8711|
|-|          7|         21|        272|     32510699.62|        359|00:00:31|+0.15|0.25|0.8369|
|-|          6|         17|        268|     32514911.00|        375|00:00:20|+0.20|0.29|0.7336|
|-|          4|         14|        268|     32530263.30|        387|00:00:20|+0.26|0.34|0.6707|
|!|          2|         14|        289|     32533731.45|        396|00:00:20|+0.22|0.29|0.7031|
|-|          9|          9|        268|     32526673.75|        405|00:00:20|-0.03|0.06|0.8711|
|=|         13|          9|        268|     32525989.62|        414|00:00:21|-0.03|0.05|0.8790|
|=|         14|          9|        268|     32509823.21|        423|00:00:20|-0.01|0.06|0.8682|
+-+-----------+-----------+-----------+----------------+-----------+--------+-----+----+------+
Best-so-far configuration:         268    mean value:      32509823.21
Description of the best-so-far configuration:
    .ID. algorithm localsearch alpha beta  rho ants   q0 rasrank elitistants
268  268       acs           3  3.28 7.89 0.16   51 0.27      NA          NA
    nnls dlb .PARENT.
268   10   1      222

# 2025-06-05 18:13:28 -04: Elite configurations (first number is the configuration ID; listed from best to worst according to the sum of ranks):
    algorithm localsearch alpha beta  rho ants   q0 rasrank elitistants nnls
268       acs           3  3.28 7.89 0.16   51 0.27      NA          NA   10
290       acs           3  1.92 5.22 0.25   21 0.22      NA          NA   19
272       acs           3  2.26 7.50 0.18   26 0.22      NA          NA   20
289       acs           3  3.30 4.72 0.19   56 0.12      NA          NA   12
255       acs           3  2.75 3.37 0.36   40 0.10      NA          NA   22
    dlb
268   1
290   1
272   1
289   1
255   1
# 2025-06-05 18:13:28 -04: Iteration 5 of 5
# experimentsUsed: 1702
# remainingBudget: 1048
# currentBudget: 1048
# nbConfigurations: 74
# Markers:
     x No test is performed.
     c Configurations are discarded only due to capping.
     - The test is performed and some configurations are discarded.
     = The test is performed but no configuration is discarded.
     ! The test is performed and configurations could be discarded but elite configurations are preserved.
     . All alive configurations are elite and nothing is discarded.

+-+-----------+-----------+-----------+----------------+-----------+--------+-----+----+------+
| |   Instance|      Alive|       Best|       Mean best| Exp so far|  W time|  rho|KenW|  Qvar|
+-+-----------+-----------+-----------+----------------+-----------+--------+-----+----+------+
|x|         15|         74|        353|     32878995.00|         74|00:01:44|   NA|  NA|    NA|
|x|          8|         74|        347|     32683468.00|        143|00:01:33|+0.55|0.77|0.0023|
|x|          2|         74|        353|     32624914.67|        212|00:01:34|+0.60|0.73|0.0022|
|x|          9|         74|        348|     32588054.50|        281|00:01:34|+0.62|0.72|0.0022|
|-|          6|         31|        309|     32573342.60|        350|00:01:33|-0.09|0.13|1.0427|
|=|         12|         31|        355|     32602357.50|        376|00:00:41|-0.06|0.11|1.0367|
|=|         14|         31|        306|     32561685.71|        402|00:00:41|-0.03|0.12|0.9949|
|=|          1|         31|        306|     32564002.00|        428|00:00:41|-0.03|0.10|0.9934|
|=|          5|         31|        309|     32568039.11|        454|00:00:41|-0.02|0.09|0.9882|
|=|         13|         31|        309|     32567579.00|        480|00:00:41|-0.02|0.08|0.9854|
|=|          4|         31|        309|     32579346.91|        506|00:00:41|-0.01|0.08|0.9709|
|=|         11|         31|        309|     32551441.92|        532|00:00:41|+0.02|0.10|0.9512|
|=|         10|         31|        306|     32537796.00|        558|00:00:41|+0.03|0.11|0.9318|
|=|          7|         31|        306|     32553446.57|        584|00:00:41|+0.03|0.10|0.9276|
|-|          3|         18|        306|     32536337.67|        610|00:00:41|-0.03|0.04|0.9630|
|=|         16|         18|        306|     32544065.56|        628|00:00:31|-0.03|0.03|0.9642|
|=|         17|         18|        268|     32527662.82|        646|00:00:31|-0.02|0.04|0.9552|
+-+-----------+-----------+-----------+----------------+-----------+--------+-----+----+------+
Best-so-far configuration:         268    mean value:      32527662.82
Description of the best-so-far configuration:
    .ID. algorithm localsearch alpha beta  rho ants   q0 rasrank elitistants
268  268       acs           3  3.28 7.89 0.16   51 0.27      NA          NA
    nnls dlb .PARENT.
268   10   1      222

# 2025-06-05 18:29:28 -04: Elite configurations (first number is the configuration ID; listed from best to worst according to the sum of ranks):
    algorithm localsearch alpha beta  rho ants   q0 rasrank elitistants nnls
268       acs           3  3.28 7.89 0.16   51 0.27      NA          NA   10
306       acs           3  3.32 5.83 0.17   54 0.04      NA          NA   10
348       acs           3  2.83 7.53 0.18   40 0.40      NA          NA   11
333       acs           3  2.09 5.57 0.19   25 0.11      NA          NA   19
309       acs           3  3.24 4.54 0.13   50 0.31      NA          NA   12
    dlb
268   1
306   1
348   1
333   1
309   1
# 2025-06-05 18:29:28 -04: Iteration 6 of 6
# experimentsUsed: 2348
# remainingBudget: 402
# currentBudget: 402
# nbConfigurations: 27
# Markers:
     x No test is performed.
     c Configurations are discarded only due to capping.
     - The test is performed and some configurations are discarded.
     = The test is performed but no configuration is discarded.
     ! The test is performed and configurations could be discarded but elite configurations are preserved.
     . All alive configurations are elite and nothing is discarded.

+-+-----------+-----------+-----------+----------------+-----------+--------+-----+----+------+
| |   Instance|      Alive|       Best|       Mean best| Exp so far|  W time|  rho|KenW|  Qvar|
+-+-----------+-----------+-----------+----------------+-----------+--------+-----+----+------+
|x|         18|         27|        333|     32463476.00|         27|00:00:41|   NA|  NA|    NA|
|x|         12|         27|        333|     32573071.00|         49|00:00:31|+0.75|0.87|0.1054|
|x|          7|         27|        306|     32652836.00|         71|00:00:31|+0.78|0.85|0.0680|
|x|          3|         27|        306|     32563830.25|         93|00:00:31|+0.80|0.85|0.0639|
|-|         14|          7|        306|     32503539.00|        115|00:00:31|+0.28|0.42|0.5749|
|=|          4|          7|        306|     32532566.83|        117|00:00:10|+0.15|0.29|0.6631|
|!|         10|          7|        306|     32496262.57|        119|00:00:10|+0.19|0.31|0.6552|
|=|         16|          7|        306|     32516727.75|        121|00:00:10|+0.02|0.14|0.8224|
|=|          9|          7|        306|     32509023.67|        123|00:00:10|+0.03|0.13|0.8402|
|=|         17|          7|        306|     32498519.90|        125|00:00:10|+0.02|0.12|0.8529|
|=|          1|          7|        306|     32505946.82|        127|00:00:10|+0.03|0.12|0.8482|
|=|         11|          7|        380|     32480516.50|        129|00:00:10|+0.01|0.10|0.8590|
|=|          2|          7|        380|     32478623.85|        131|00:00:10|+0.02|0.09|0.8594|
|=|         13|          7|        380|     32480750.64|        133|00:00:10|+0.03|0.10|0.8495|
|=|          5|          7|        380|     32490070.60|        135|00:00:10|+0.02|0.08|0.8618|
|=|          8|          7|        380|     32487638.50|        137|00:00:10|+0.02|0.08|0.8626|
|=|          6|          7|        380|     32493089.94|        139|00:00:10|-0.00|0.06|0.8745|
|=|         15|          7|        380|     32516424.11|        141|00:00:10|-0.00|0.05|0.8709|
|=|         19|          7|        380|     32525798.47|        148|00:00:10|-0.01|0.04|0.8747|
+-+-----------+-----------+-----------+----------------+-----------+--------+-----+----+------+
Best-so-far configuration:         380    mean value:      32525798.47
Description of the best-so-far configuration:
    .ID. algorithm localsearch alpha beta  rho ants   q0 rasrank elitistants
380  380       acs           3  3.62  4.3 0.18   55 0.32      NA          NA
    nnls dlb .PARENT.
380   12   1      309

# 2025-06-05 18:34:41 -04: Elite configurations (first number is the configuration ID; listed from best to worst according to the sum of ranks):
    algorithm localsearch alpha beta  rho ants   q0 rasrank elitistants nnls
380       acs           3  3.62 4.30 0.18   55 0.32      NA          NA   12
268       acs           3  3.28 7.89 0.16   51 0.27      NA          NA   10
306       acs           3  3.32 5.83 0.17   54 0.04      NA          NA   10
378       acs           3  3.16 8.96 0.22   45 0.04      NA          NA   18
333       acs           3  2.09 5.57 0.19   25 0.11      NA          NA   19
    dlb
380   1
268   1
306   1
378   1
333   1
# 2025-06-05 18:34:41 -04: Iteration 7 of 7
# experimentsUsed: 2496
# remainingBudget: 254
# currentBudget: 254
# nbConfigurations: 17
# Markers:
     x No test is performed.
     c Configurations are discarded only due to capping.
     - The test is performed and some configurations are discarded.
     = The test is performed but no configuration is discarded.
     ! The test is performed and configurations could be discarded but elite configurations are preserved.
     . All alive configurations are elite and nothing is discarded.

+-+-----------+-----------+-----------+----------------+-----------+--------+-----+----+------+
| |   Instance|      Alive|       Best|       Mean best| Exp so far|  W time|  rho|KenW|  Qvar|
+-+-----------+-----------+-----------+----------------+-----------+--------+-----+----+------+
|x|         20|         17|        380|     32270260.00|         17|00:00:31|   NA|  NA|    NA|
|x|          7|         17|        380|     32519034.00|         29|00:00:20|+0.50|0.75|0.1879|
|x|         13|         17|        380|     32515489.00|         41|00:00:20|+0.54|0.69|0.1529|
|x|         14|         17|        380|     32457628.25|         53|00:00:20|+0.56|0.67|0.1560|
|-|         16|          9|        380|     32486432.40|         65|00:00:20|-0.11|0.11|0.9908|
|=|          5|          9|        380|     32508785.33|         69|00:00:10|-0.03|0.14|0.9027|
|=|          4|          9|        380|     32538866.14|         73|00:00:10|-0.02|0.13|0.8879|
|=|          3|          9|        380|     32508543.50|         77|00:00:10|-0.02|0.10|0.8835|
|=|         12|          9|        380|     32528881.33|         81|00:00:10|+0.02|0.13|0.8448|
|=|          8|          9|        380|     32521108.90|         85|00:00:10|+0.05|0.15|0.8244|
|=|          9|          9|        380|     32515807.00|         89|00:00:10|+0.08|0.16|0.8043|
|=|         15|          9|        380|     32548915.17|         93|00:00:10|+0.07|0.14|0.8136|
|=|         18|          9|        380|     32544795.38|         97|00:00:10|+0.08|0.15|0.8088|
|-|         19|          7|        380|     32555491.21|        101|00:00:10|-0.02|0.06|0.8801|
|=|         11|          7|        380|     32534423.60|        103|00:00:10|-0.03|0.03|0.8833|
|=|          6|          7|        380|     32537291.69|        105|00:00:10|-0.05|0.02|0.8875|
|=|          1|          7|        380|     32540637.35|        107|00:00:10|-0.04|0.02|0.8862|
|=|          2|          7|        380|     32535930.39|        109|00:00:10|-0.03|0.03|0.8771|
|=|         17|          7|        380|     32525768.37|        111|00:00:10|-0.02|0.04|0.8750|
|=|         10|          7|        380|     32513021.55|        113|00:00:10|-0.02|0.03|0.8762|
|=|         21|          7|        380|     32496706.10|        120|00:00:10|-0.02|0.03|0.8697|
+-+-----------+-----------+-----------+----------------+-----------+--------+-----+----+------+
Best-so-far configuration:         380    mean value:      32496706.10
Description of the best-so-far configuration:
    .ID. algorithm localsearch alpha beta  rho ants   q0 rasrank elitistants
380  380       acs           3  3.62  4.3 0.18   55 0.32      NA          NA
    nnls dlb .PARENT.
380   12   1      309

# 2025-06-05 18:39:24 -04: Elite configurations (first number is the configuration ID; listed from best to worst according to the sum of ranks):
    algorithm localsearch alpha beta  rho ants   q0 rasrank elitistants nnls
380       acs           3  3.62 4.30 0.18   55 0.32      NA          NA   12
378       acs           3  3.16 8.96 0.22   45 0.04      NA          NA   18
391       acs           3  3.63 4.97 0.17   47 0.01      NA          NA   12
392       acs           3  3.50 8.27 0.22   49 0.27      NA          NA   10
333       acs           3  2.09 5.57 0.19   25 0.11      NA          NA   19
    dlb
380   1
378   1
391   1
392   1
333   1
# 2025-06-05 18:39:24 -04: Iteration 8 of 8
# experimentsUsed: 2616
# remainingBudget: 134
# currentBudget: 134
# nbConfigurations: 10
# Markers:
     x No test is performed.
     c Configurations are discarded only due to capping.
     - The test is performed and some configurations are discarded.
     = The test is performed but no configuration is discarded.
     ! The test is performed and configurations could be discarded but elite configurations are preserved.
     . All alive configurations are elite and nothing is discarded.

+-+-----------+-----------+-----------+----------------+-----------+--------+-----+----+------+
| |   Instance|      Alive|       Best|       Mean best| Exp so far|  W time|  rho|KenW|  Qvar|
+-+-----------+-----------+-----------+----------------+-----------+--------+-----+----+------+
|x|         22|         10|        333|     32201940.00|         10|00:00:20|   NA|  NA|    NA|
|x|         20|         10|        380|     32242876.00|         15|00:00:10|+0.89|0.95|0.0809|
|x|          9|         10|        380|     32316180.00|         20|00:00:10|+0.64|0.76|0.0899|
|x|         15|         10|        380|     32465411.25|         25|00:00:10|+0.66|0.75|0.0708|
|-|          8|          6|        380|     32462560.40|         30|00:00:10|+0.16|0.33|0.7954|
|=|         19|          6|        380|     32501223.17|         31|00:00:10|+0.18|0.32|0.7339|
|=|          1|          6|        380|     32514501.00|         32|00:00:10|+0.14|0.27|0.7514|
|=|         16|          6|        380|     32525394.50|         33|00:00:10|+0.09|0.20|0.7985|
|=|          7|          6|        380|     32552329.33|         34|00:00:10|+0.11|0.21|0.7788|
|=|         14|          6|        380|     32525501.00|         35|00:00:10|+0.12|0.21|0.7684|
|=|          6|          6|        380|     32530483.91|         36|00:00:10|+0.07|0.15|0.8107|
|=|         18|          6|        380|     32527556.75|         37|00:00:10|+0.03|0.11|0.8293|
|=|          2|          6|        380|     32522045.62|         38|00:00:10|+0.04|0.11|0.8244|
|=|         11|          6|        380|     32501862.14|         39|00:00:10|+0.03|0.10|0.8082|
|=|         10|          6|        380|     32486460.13|         40|00:00:10|+0.02|0.08|0.8223|
|=|          5|          6|        380|     32494840.75|         41|00:00:10|+0.02|0.08|0.8159|
|=|         12|          6|        380|     32506413.88|         42|00:00:10|+0.03|0.08|0.8101|
|=|         21|          6|        380|     32487746.28|         43|00:00:10|+0.03|0.09|0.7984|
|=|         17|          6|        380|     32480120.26|         44|00:00:10|+0.02|0.07|0.8160|
|=|          4|          6|        380|     32492081.80|         45|00:00:10|+0.02|0.07|0.8140|
|=|          3|          6|        380|     32482758.14|         46|00:00:10|+0.02|0.07|0.8181|
|=|         13|          6|        380|     32483923.64|         47|00:00:10|+0.02|0.06|0.8224|
|=|         23|          6|        380|     32486202.65|         53|00:00:10|+0.03|0.07|0.8138|
+-+-----------+-----------+-----------+----------------+-----------+--------+-----+----+------+
Best-so-far configuration:         380    mean value:      32486202.65
Description of the best-so-far configuration:
    .ID. algorithm localsearch alpha beta  rho ants   q0 rasrank elitistants
380  380       acs           3  3.62  4.3 0.18   55 0.32      NA          NA
    nnls dlb .PARENT.
380   12   1      309

# 2025-06-05 18:43:36 -04: Elite configurations (first number is the configuration ID; listed from best to worst according to the sum of ranks):
    algorithm localsearch alpha beta  rho ants   q0 rasrank elitistants nnls
380       acs           3  3.62 4.30 0.18   55 0.32      NA          NA   12
378       acs           3  3.16 8.96 0.22   45 0.04      NA          NA   18
391       acs           3  3.63 4.97 0.17   47 0.01      NA          NA   12
392       acs           3  3.50 8.27 0.22   49 0.27      NA          NA   10
333       acs           3  2.09 5.57 0.19   25 0.11      NA          NA   19
    dlb
380   1
378   1
391   1
392   1
333   1
# 2025-06-05 18:43:36 -04: Iteration 9 of 9
# experimentsUsed: 2669
# remainingBudget: 81
# currentBudget: 81
# nbConfigurations: 8
# Markers:
     x No test is performed.
     c Configurations are discarded only due to capping.
     - The test is performed and some configurations are discarded.
     = The test is performed but no configuration is discarded.
     ! The test is performed and configurations could be discarded but elite configurations are preserved.
     . All alive configurations are elite and nothing is discarded.

+-+-----------+-----------+-----------+----------------+-----------+--------+-----+----+------+
| |   Instance|      Alive|       Best|       Mean best| Exp so far|  W time|  rho|KenW|  Qvar|
+-+-----------+-----------+-----------+----------------+-----------+--------+-----+----+------+
|x|         24|          8|        392|     32686286.00|          8|00:00:10|   NA|  NA|    NA|
|x|          8|          8|        378|     32581944.50|         11|00:00:10|+0.07|0.54|0.1805|
|x|          2|          8|        380|     32544315.33|         14|00:00:10|+0.33|0.55|0.2313|
|x|          1|          8|        380|     32556778.50|         17|00:00:10|+0.48|0.61|0.1787|
|-|         11|          6|        378|     32501711.40|         20|00:00:10|+0.17|0.34|0.7454|
|=|          4|          6|        378|     32530980.00|         21|00:00:10|+0.11|0.26|0.8075|
|=|          3|          6|        380|     32497461.00|         22|00:00:10|+0.00|0.15|0.8395|
|=|         13|          6|        380|     32498828.25|         23|00:00:10|-0.03|0.09|0.8650|
|=|         16|          6|        380|     32510252.78|         24|00:00:10|+0.03|0.14|0.8314|
|=|         15|          6|        380|     32550538.00|         25|00:00:10|+0.03|0.12|0.8212|
|=|          5|          6|        380|     32556902.73|         26|00:00:10|+0.05|0.13|0.7904|
|=|          9|          6|        380|     32549059.83|         27|00:00:10|+0.03|0.11|0.8116|
|=|         20|          6|        380|     32527613.69|         28|00:00:10|+0.04|0.12|0.8054|
|=|          6|          6|        380|     32531377.93|         29|00:00:10|+0.01|0.08|0.8306|
|=|         21|          6|        380|     32507312.53|         30|00:00:10|-0.01|0.06|0.8376|
|=|          7|          6|        380|     32523593.50|         31|00:00:10|+0.00|0.07|0.8242|
|=|         23|          6|        380|     32524343.35|         32|00:00:10|+0.03|0.08|0.8060|
|=|         19|          6|        380|     32533798.56|         33|00:00:10|+0.03|0.08|0.8030|
|=|         22|          6|        380|     32517045.58|         34|00:00:10|+0.02|0.07|0.8093|
|=|         12|          6|        380|     32525772.50|         35|00:00:10|+0.01|0.06|0.8203|
|=|         18|          6|        380|     32524324.19|         36|00:00:10|-0.00|0.05|0.8257|
|=|         17|          6|        380|     32516075.45|         37|00:00:10|-0.00|0.04|0.8347|
|=|         10|          6|        380|     32505412.70|         38|00:00:10|-0.00|0.04|0.8354|
|=|         14|          6|        380|     32496189.08|         39|00:00:10|-0.00|0.04|0.8367|
|=|         25|          6|        380|     32509924.44|         45|00:00:10|-0.01|0.03|0.8430|
+-+-----------+-----------+-----------+----------------+-----------+--------+-----+----+------+
Best-so-far configuration:         380    mean value:      32509924.44
Description of the best-so-far configuration:
    .ID. algorithm localsearch alpha beta  rho ants   q0 rasrank elitistants
380  380       acs           3  3.62  4.3 0.18   55 0.32      NA          NA
    nnls dlb .PARENT.
380   12   1      309

# 2025-06-05 18:47:57 -04: Elite configurations (first number is the configuration ID; listed from best to worst according to the sum of ranks):
    algorithm localsearch alpha beta  rho ants   q0 rasrank elitistants nnls
380       acs           3  3.62 4.30 0.18   55 0.32      NA          NA   12
378       acs           3  3.16 8.96 0.22   45 0.04      NA          NA   18
392       acs           3  3.50 8.27 0.22   49 0.27      NA          NA   10
409       acs           3  3.92 3.97 0.23   55 0.39      NA          NA   15
391       acs           3  3.63 4.97 0.17   47 0.01      NA          NA   12
    dlb
380   1
378   1
392   1
409   1
391   1
# 2025-06-05 18:47:57 -04: Iteration 10 of 10
# experimentsUsed: 2714
# remainingBudget: 36
# currentBudget: 36
# nbConfigurations: 6
# Markers:
     x No test is performed.
     c Configurations are discarded only due to capping.
     - The test is performed and some configurations are discarded.
     = The test is performed but no configuration is discarded.
     ! The test is performed and configurations could be discarded but elite configurations are preserved.
     . All alive configurations are elite and nothing is discarded.

+-+-----------+-----------+-----------+----------------+-----------+--------+-----+----+------+
| |   Instance|      Alive|       Best|       Mean best| Exp so far|  W time|  rho|KenW|  Qvar|
+-+-----------+-----------+-----------+----------------+-----------+--------+-----+----+------+
|x|         26|          6|        391|     32191027.00|          6|00:00:10|   NA|  NA|    NA|
|x|         17|          6|        391|     32252844.00|          7|00:00:10|+0.37|0.69|0.5407|
|x|          8|          6|        380|     32331535.33|          8|00:00:10|+0.22|0.48|0.7537|
|x|         15|          6|        391|     32476774.50|          9|00:00:10|+0.23|0.42|0.7650|
|=|         18|          6|        391|     32483343.80|         10|00:00:10|-0.01|0.19|0.8982|
|=|         21|          6|        380|     32428911.00|         11|00:00:10|-0.14|0.05|0.9673|
|=|          6|          6|        391|     32444029.86|         12|00:00:10|-0.12|0.04|0.9471|
|=|         10|          6|        380|     32428076.38|         13|00:00:10|-0.12|0.02|0.9342|
|=|          3|          6|        380|     32413432.89|         14|00:00:10|-0.09|0.03|0.9236|
|=|         23|          6|        380|     32425723.70|         15|00:00:10|-0.07|0.04|0.8970|
|=|         16|          6|        380|     32441716.91|         16|00:00:10|-0.06|0.03|0.8931|
|=|         19|          6|        380|     32462785.25|         17|00:00:10|-0.05|0.03|0.8835|
|=|         12|          6|        380|     32480385.15|         18|00:00:10|-0.04|0.04|0.8680|
|=|          4|          6|        380|     32497454.14|         19|00:00:10|-0.04|0.03|0.8712|
|=|         11|          6|        380|     32480255.67|         20|00:00:10|-0.03|0.04|0.8576|
|=|         24|          6|        380|     32495607.00|         21|00:00:10|-0.03|0.03|0.8580|
|=|          2|          6|        380|     32493272.00|         22|00:00:10|-0.03|0.03|0.8551|
|=|         22|          6|        380|     32477839.78|         23|00:00:10|-0.01|0.04|0.8430|
|=|          7|          6|        380|     32493101.26|         24|00:00:10|-0.01|0.04|0.8434|
|=|          1|          6|        380|     32498154.60|         25|00:00:10|+0.00|0.05|0.8330|
|=|         25|          6|        380|     32514412.62|         26|00:00:10|-0.01|0.04|0.8391|
|=|          9|          6|        380|     32512066.05|         27|00:00:10|-0.01|0.04|0.8463|
|=|         13|          6|        380|     32511906.61|         28|00:00:10|-0.01|0.04|0.8466|
|=|         20|          6|        380|     32501838.00|         29|00:00:10|-0.00|0.04|0.8412|
|=|         14|          6|        380|     32493126.32|         30|00:00:10|+0.01|0.05|0.8392|
|=|          5|          6|        380|     32498027.23|         31|00:00:10|+0.01|0.05|0.8327|
+-+-----------+-----------+-----------+----------------+-----------+--------+-----+----+------+
Best-so-far configuration:         380    mean value:      32498027.23
Description of the best-so-far configuration:
    .ID. algorithm localsearch alpha beta  rho ants   q0 rasrank elitistants
380  380       acs           3  3.62  4.3 0.18   55 0.32      NA          NA
    nnls dlb .PARENT.
380   12   1      309

# 2025-06-05 18:52:28 -04: Elite configurations (first number is the configuration ID; listed from best to worst according to the sum of ranks):
    algorithm localsearch alpha beta  rho ants   q0 rasrank elitistants nnls
380       acs           3  3.62 4.30 0.18   55 0.32      NA          NA   12
378       acs           3  3.16 8.96 0.22   45 0.04      NA          NA   18
392       acs           3  3.50 8.27 0.22   49 0.27      NA          NA   10
391       acs           3  3.63 4.97 0.17   47 0.01      NA          NA   12
409       acs           3  3.92 3.97 0.23   55 0.39      NA          NA   15
    dlb
380   1
378   1
392   1
391   1
409   1
# 2025-06-05 18:52:28 -04: Stopped because there is not enough budget left to race more than the minimum (5).
# You may either increase the budget or set 'minNbSurvival' to a lower value.
# Iteration: 11
# nbIterations: 11
# experimentsUsed: 2745
# timeUsed: 0
# remainingBudget: 5
# currentBudget: 5
# number of elites: 5
# nbConfigurations: 5
# Total CPU user time: 30442.34, CPU sys time: 229.25, Wall-clock time: 5106.952
# 2025-06-05 18:52:29 -04: Starting post-selection:
# Configurations selected: 380, 378, 392, 391, 409.
# Pending instances: 0, 0, 0, 0, 0.
# 2025-06-05 18:52:29 -04: seed: 8675309
# Configurations: 5
# Available experiments: 5
# minSurvival: 1
# Markers:
     x No test is performed.
     c Configurations are discarded only due to capping.
     - The test is performed and some configurations are discarded.
     = The test is performed but no configuration is discarded.
     ! The test is performed and configurations could be discarded but elite configurations are preserved.
     . All alive configurations are elite and nothing is discarded.

+-+-----------+-----------+-----------+----------------+-----------+--------+-----+----+------+
| |   Instance|      Alive|       Best|       Mean best| Exp so far|  W time|  rho|KenW|  Qvar|
+-+-----------+-----------+-----------+----------------+-----------+--------+-----+----+------+
|.|         21|          5|        409|     32080969.00|          0|00:00:00|   NA|  NA|    NA|
|.|         20|          5|        409|     32184778.50|          0|00:00:00|+0.10|0.55|0.7082|
|.|         24|          5|        409|     32356943.67|          0|00:00:00|+0.00|0.33|0.7730|
|.|         11|          5|        409|     32333792.75|          0|00:00:00|+0.05|0.29|0.8273|
|.|         16|          5|        409|     32396884.20|          0|00:00:00|+0.07|0.26|0.8401|
|.|         23|          5|        409|     32423560.50|          0|00:00:00|+0.15|0.29|0.7476|
|.|          6|          5|        409|     32437844.29|          0|00:00:00|+0.20|0.31|0.7282|
|.|          8|          5|        409|     32447066.25|          0|00:00:00|+0.18|0.28|0.7163|
|.|         10|          5|        409|     32430072.11|          0|00:00:00|+0.09|0.19|0.7581|
|.|         25|          5|        409|     32470258.30|          0|00:00:00|+0.06|0.15|0.7862|
|.|          5|          5|        409|     32483809.27|          0|00:00:00|+0.07|0.15|0.7636|
|.|          4|          5|        409|     32504240.75|          0|00:00:00|+0.05|0.13|0.7770|
|.|          2|          5|        409|     32501815.77|          0|00:00:00|+0.06|0.13|0.7785|
|.|         14|          5|        409|     32488313.29|          0|00:00:00|+0.07|0.13|0.7693|
|.|          9|          5|        409|     32484760.07|          0|00:00:00|+0.01|0.08|0.8062|
|.|         17|          5|        409|     32479706.38|          0|00:00:00|+0.01|0.07|0.8147|
|.|          3|          5|        409|     32469280.59|          0|00:00:00|-0.01|0.05|0.8180|
|.|          1|          5|        409|     32476791.78|          0|00:00:00|+0.00|0.06|0.8042|
|.|         19|          5|        409|     32485939.79|          0|00:00:00|-0.02|0.04|0.8156|
|.|         12|          5|        409|     32498740.10|          0|00:00:00|-0.01|0.04|0.8074|
|.|         26|          5|        409|     32486290.90|          0|00:00:00|-0.01|0.04|0.8094|
|.|         15|          5|        409|     32507031.95|          0|00:00:00|-0.01|0.04|0.8077|
|.|          7|          5|        409|     32516721.91|          0|00:00:00|-0.01|0.03|0.8137|
|.|         22|          5|        409|     32506413.54|          0|00:00:00|+0.00|0.04|0.8025|
|.|         13|          5|        409|     32505790.48|          0|00:00:00|-0.01|0.03|0.8063|
|.|         18|          5|        409|     32503268.42|          0|00:00:00|-0.01|0.03|0.8081|
|=|         27|          5|        380|     32509213.85|          5|00:00:10|-0.01|0.03|0.8007|
+-+-----------+-----------+-----------+----------------+-----------+--------+-----+----+------+
Best-so-far configuration:         380    mean value:      32509213.85
Description of the best-so-far configuration:
    .ID. algorithm localsearch alpha beta  rho ants   q0 rasrank elitistants
380  380       acs           3  3.62  4.3 0.18   55 0.32      NA          NA
    nnls dlb .PARENT.
380   12   1      309

# 2025-06-05 18:52:39 -04: Elite configurations (first number is the configuration ID; listed from best to worst according to the sum of ranks):
    algorithm localsearch alpha beta  rho ants   q0 rasrank elitistants nnls
380       acs           3  3.62 4.30 0.18   55 0.32      NA          NA   12
392       acs           3  3.50 8.27 0.22   49 0.27      NA          NA   10
378       acs           3  3.16 8.96 0.22   45 0.04      NA          NA   18
391       acs           3  3.63 4.97 0.17   47 0.01      NA          NA   12
409       acs           3  3.92 3.97 0.23   55 0.39      NA          NA   15
    dlb
380   1
392   1
378   1
391   1
409   1
# Total CPU user time: 30494.4, CPU sys time: 229.693, Wall-clock time: 5117.507
    .ID. algorithm localsearch alpha beta  rho ants   q0 rasrank elitistants
380  380       acs           3  3.62 4.30 0.18   55 0.32      NA          NA
392  392       acs           3  3.50 8.27 0.22   49 0.27      NA          NA
378  378       acs           3  3.16 8.96 0.22   45 0.04      NA          NA
391  391       acs           3  3.63 4.97 0.17   47 0.01      NA          NA
409  409       acs           3  3.92 3.97 0.23   55 0.39      NA          NA
    nnls dlb .PARENT. .RANK.   .WEIGHT.
380   12   1      309     69 0.33333333
392   10   1      268     80 0.26666667
378   18   1      268     82 0.20000000
391   12   1      306     87 0.13333333
409   15   1      380     87 0.06666667
