# 2025-05-13 08:55:10 -04: Reading parameter file '/home/dianag/PruebasPablo/irace-independent-executions/ACOTSP/Scenarios/E2-BL-SR/Runs/E2-BL-SR_seed_123456789/parameters.txt'.
# 2025-05-13 08:55:10 -04: 1 expression(s) specifying forbidden configurations read.
# 2025-05-13 08:55:10 -04: Initialization
# Elitist race
# Elitist new instances: 1
# Elitist limit: 2
# nbIterations: 5
# minNbSurvival: 5
# nbParameters: 11
# seed: 123456789
# confidence level: 0.95
# budget: 2750
# mu: 5
# deterministic: FALSE

# 2025-05-13 08:55:10 -04: Iteration 1 of 5
# experimentsUsed: 0
# remainingBudget: 2750
# currentBudget: 550
# nbConfigurations: 91
# Markers:
     x No test is performed.
     c Configurations are discarded only due to capping.
     - The test is performed and some configurations are discarded.
     = The test is performed but no configuration is discarded.
     ! The test is performed and configurations could be discarded but elite configurations are preserved.
     . All alive configurations are elite and nothing is discarded.

+-+-----------+-----------+-----------+----------------+-----------+--------+-----+----+------+
| |   Instance|      Alive|       Best|       Mean best| Exp so far|  W time|  rho|KenW|  Qvar|
+-+-----------+-----------+-----------+----------------+-----------+--------+-----+----+------+
|x|          1|         91|         61|     32368852.00|         91|00:02:21|   NA|  NA|    NA|
|x|          2|         91|         61|     32478551.00|        182|00:02:24|+0.98|0.99|0.0013|
|x|          3|         91|         61|     32577382.33|        273|00:02:23|+0.98|0.99|0.0016|
|x|          4|         91|         61|     32603861.50|        364|00:02:26|+0.98|0.99|0.0016|
|-|          5|          5|         61|     32591704.20|        455|00:02:26|+0.06|0.25|0.7579|
+-+-----------+-----------+-----------+----------------+-----------+--------+-----+----+------+
Best-so-far configuration:          61    mean value:      32591704.20
Description of the best-so-far configuration:
   .ID. algorithm localsearch alpha beta  rho ants q0 rasrank elitistants nnls
61   61      mmas           3  1.77 2.74 0.35   32 NA      NA          NA   13
   dlb .PARENT.
61   1       NA

# 2025-05-13 09:07:13 -04: Elite configurations (first number is the configuration ID; listed from best to worst according to the sum of ranks):
   algorithm localsearch alpha beta  rho ants   q0 rasrank elitistants nnls dlb
61      mmas           3  1.77 2.74 0.35   32   NA      NA          NA   13   1
22       acs           3  4.97 1.02 0.30   12 0.70      NA          NA    8   0
43       acs           3  0.98 2.42 0.13    5 0.97      NA          NA   14   0
29       ras           3  3.41 5.39 0.74   42   NA      10          NA   45   0
89      mmas           3  2.35 8.75 0.44   44   NA      NA          NA   22   1
# 2025-05-13 09:07:13 -04: Iteration 2 of 5
# experimentsUsed: 455
# remainingBudget: 2295
# currentBudget: 573
# nbConfigurations: 85
# Markers:
     x No test is performed.
     c Configurations are discarded only due to capping.
     - The test is performed and some configurations are discarded.
     = The test is performed but no configuration is discarded.
     ! The test is performed and configurations could be discarded but elite configurations are preserved.
     . All alive configurations are elite and nothing is discarded.

+-+-----------+-----------+-----------+----------------+-----------+--------+-----+----+------+
| |   Instance|      Alive|       Best|       Mean best| Exp so far|  W time|  rho|KenW|  Qvar|
+-+-----------+-----------+-----------+----------------+-----------+--------+-----+----+------+
|x|          6|         85|         22|     32718250.00|         85|00:02:20|   NA|  NA|    NA|
|x|          5|         85|         22|     32586841.50|        165|00:02:13|+0.99|0.99|0.0016|
|x|          1|         85|         22|     32532567.67|        245|00:02:12|+0.99|0.99|0.0014|
|x|          3|         85|         61|     32613443.75|        325|00:02:11|+0.98|0.98|0.0023|
|-|          4|          7|         61|     32627414.80|        405|00:02:10|+0.18|0.34|0.7239|
|=|          2|          7|         61|     32620887.33|        407|00:00:10|+0.04|0.20|0.8172|
|=|          7|          7|         61|     32639654.86|        414|00:00:21|+0.00|0.14|0.8790|
+-+-----------+-----------+-----------+----------------+-----------+--------+-----+----+------+
Best-so-far configuration:          61    mean value:      32639654.86
Description of the best-so-far configuration:
   .ID. algorithm localsearch alpha beta  rho ants q0 rasrank elitistants nnls
61   61      mmas           3  1.77 2.74 0.35   32 NA      NA          NA   13
   dlb .PARENT.
61   1       NA

# 2025-05-13 09:18:54 -04: Elite configurations (first number is the configuration ID; listed from best to worst according to the sum of ranks):
    algorithm localsearch alpha beta  rho ants   q0 rasrank elitistants nnls
61       mmas           3  1.77 2.74 0.35   32   NA      NA          NA   13
22        acs           3  4.97 1.02 0.30   12 0.70      NA          NA    8
103       acs           3  2.68 6.43 0.85    7 0.86      NA          NA   15
29        ras           3  3.41 5.39 0.74   42   NA      10          NA   45
111       acs           3  4.96 7.58 0.16   33 0.77      NA          NA   18
    dlb
61    1
22    0
103   1
29    0
111   0
# 2025-05-13 09:18:54 -04: Iteration 3 of 5
# experimentsUsed: 869
# remainingBudget: 1881
# currentBudget: 627
# nbConfigurations: 82
# Markers:
     x No test is performed.
     c Configurations are discarded only due to capping.
     - The test is performed and some configurations are discarded.
     = The test is performed but no configuration is discarded.
     ! The test is performed and configurations could be discarded but elite configurations are preserved.
     . All alive configurations are elite and nothing is discarded.

+-+-----------+-----------+-----------+----------------+-----------+--------+-----+----+------+
| |   Instance|      Alive|       Best|       Mean best| Exp so far|  W time|  rho|KenW|  Qvar|
+-+-----------+-----------+-----------+----------------+-----------+--------+-----+----+------+
|x|          8|         82|        242|     32522823.00|         82|00:02:04|   NA|  NA|    NA|
|x|          6|         82|         22|     32634723.00|        159|00:01:57|+0.81|0.90|0.0068|
|x|          5|         82|         22|     32574959.67|        236|00:01:56|+0.85|0.90|0.0072|
|x|          4|         82|         22|     32602866.50|        313|00:01:55|+0.83|0.87|0.0064|
|-|          1|         16|         22|     32567097.20|        390|00:01:57|+0.00|0.20|0.9543|
|=|          7|         16|        231|     32608910.33|        401|00:00:23|-0.05|0.13|1.0386|
|=|          2|         16|        231|     32599480.86|        412|00:00:21|+0.02|0.16|0.9656|
|=|          3|         16|        231|     32617716.75|        423|00:00:21|+0.06|0.18|0.9454|
|=|          9|         16|        231|     32607159.33|        439|00:00:27|+0.06|0.16|0.9210|
+-+-----------+-----------+-----------+----------------+-----------+--------+-----+----+------+
Best-so-far configuration:         231    mean value:      32607159.33
Description of the best-so-far configuration:
    .ID. algorithm localsearch alpha beta  rho ants   q0 rasrank elitistants
231  231       acs           3  4.09 9.33 0.54   62 0.82      NA          NA
    nnls dlb .PARENT.
231   11   0      111

# 2025-05-13 09:30:18 -04: Elite configurations (first number is the configuration ID; listed from best to worst according to the sum of ranks):
    algorithm localsearch alpha beta  rho ants   q0 rasrank elitistants nnls
231       acs           3  4.09 9.33 0.54   62 0.82      NA          NA   11
238       acs           3  1.34 6.80 0.90   49 0.69      NA          NA   13
61       mmas           3  1.77 2.74 0.35   32   NA      NA          NA   13
22        acs           3  4.97 1.02 0.30   12 0.70      NA          NA    8
103       acs           3  2.68 6.43 0.85    7 0.86      NA          NA   15
    dlb
231   0
238   1
61    1
22    0
103   1
# 2025-05-13 09:30:18 -04: Iteration 4 of 5
# experimentsUsed: 1308
# remainingBudget: 1442
# currentBudget: 721
# nbConfigurations: 76
# Markers:
     x No test is performed.
     c Configurations are discarded only due to capping.
     - The test is performed and some configurations are discarded.
     = The test is performed but no configuration is discarded.
     ! The test is performed and configurations could be discarded but elite configurations are preserved.
     . All alive configurations are elite and nothing is discarded.

+-+-----------+-----------+-----------+----------------+-----------+--------+-----+----+------+
| |   Instance|      Alive|       Best|       Mean best| Exp so far|  W time|  rho|KenW|  Qvar|
+-+-----------+-----------+-----------+----------------+-----------+--------+-----+----+------+
|x|         10|         76|        293|     32789429.00|         76|00:01:46|   NA|  NA|    NA|
|x|          5|         76|         22|     32649677.00|        147|00:01:40|+0.80|0.90|0.0114|
|x|          2|         76|        268|     32597312.00|        218|00:01:39|+0.80|0.87|0.0126|
|x|          8|         76|        268|     32571456.75|        289|00:01:41|+0.79|0.84|0.0132|
|-|          4|         14|        280|     32587601.20|        360|00:01:41|+0.26|0.41|0.7185|
|-|          3|         11|        300|     32618484.50|        369|00:00:20|+0.17|0.31|0.7597|
|-|          6|          9|        300|     32623319.71|        375|00:00:10|+0.24|0.35|0.6558|
|!|          9|          9|        300|     32617624.38|        379|00:00:10|+0.17|0.27|0.7033|
|!|          1|          9|        300|     32583888.22|        383|00:00:10|+0.22|0.31|0.6767|
|-|          7|          4|        300|     32590354.00|        387|00:00:10|+0.01|0.11|0.7169|
+-+-----------+-----------+-----------+----------------+-----------+--------+-----+----+------+
Best-so-far configuration:         300    mean value:      32590354.00
Description of the best-so-far configuration:
    .ID. algorithm localsearch alpha beta  rho ants   q0 rasrank elitistants
300  300       acs           3  1.79 7.48 0.82   41 0.87      NA          NA
    nnls dlb .PARENT.
300   17   1      238

# 2025-05-13 09:39:50 -04: Elite configurations (first number is the configuration ID; listed from best to worst according to the sum of ranks):
    algorithm localsearch alpha beta  rho ants   q0 rasrank elitistants nnls
300       acs           3  1.79 7.48 0.82   41 0.87      NA          NA   17
268       acs           3  2.95 5.31 0.84   66 0.64      NA          NA   13
280       acs           3  1.67 6.64 0.86   48 0.64      NA          NA    9
290       acs           3  2.80 9.53 0.49   58 0.93      NA          NA   11
    dlb
300   1
268   1
280   1
290   1
# 2025-05-13 09:39:50 -04: Iteration 5 of 5
# experimentsUsed: 1695
# remainingBudget: 1055
# currentBudget: 1055
# nbConfigurations: 99
# Markers:
     x No test is performed.
     c Configurations are discarded only due to capping.
     - The test is performed and some configurations are discarded.
     = The test is performed but no configuration is discarded.
     ! The test is performed and configurations could be discarded but elite configurations are preserved.
     . All alive configurations are elite and nothing is discarded.

+-+-----------+-----------+-----------+----------------+-----------+--------+-----+----+------+
| |   Instance|      Alive|       Best|       Mean best| Exp so far|  W time|  rho|KenW|  Qvar|
+-+-----------+-----------+-----------+----------------+-----------+--------+-----+----+------+
|x|         11|         99|        323|     32574822.00|         99|00:02:15|   NA|  NA|    NA|
|x|         10|         99|        323|     32689098.00|        194|00:02:07|+0.57|0.78|0.1373|
|x|          3|         99|        323|     32697382.67|        289|00:02:08|+0.67|0.78|0.1124|
|x|          6|         99|        333|     32672642.00|        384|00:02:07|+0.63|0.72|0.1132|
|-|          8|         19|        333|     32640944.20|        479|00:02:08|-0.12|0.10|1.0678|
|=|          1|         19|        333|     32589602.67|        494|00:00:20|-0.06|0.12|1.0100|
|=|          7|         19|        333|     32608337.57|        509|00:00:21|-0.06|0.09|1.0017|
|=|          5|         19|        333|     32592940.00|        524|00:00:20|-0.02|0.10|0.9616|
|=|          9|         19|        333|     32589047.33|        539|00:00:20|-0.01|0.11|0.9327|
|=|          2|         19|        333|     32576269.10|        554|00:00:20|+0.03|0.12|0.8954|
|=|          4|         19|        333|     32581182.55|        569|00:00:21|+0.05|0.13|0.8820|
|=|         12|         19|        333|     32560811.08|        588|00:00:31|+0.03|0.11|0.9065|
+-+-----------+-----------+-----------+----------------+-----------+--------+-----+----+------+
Best-so-far configuration:         333    mean value:      32560811.08
Description of the best-so-far configuration:
    .ID. algorithm localsearch alpha beta  rho ants   q0 rasrank elitistants
333  333       acs           3  2.79 4.81 0.72   61 0.57      NA          NA
    nnls dlb .PARENT.
333   12   1      268

# 2025-05-13 09:53:15 -04: Elite configurations (first number is the configuration ID; listed from best to worst according to the sum of ranks):
    algorithm localsearch alpha beta  rho ants   q0 rasrank elitistants nnls
333       acs           3  2.79 4.81 0.72   61 0.57      NA          NA   12
330       acs           3  1.53 5.37 0.92   52 0.62      NA          NA   12
300       acs           3  1.79 7.48 0.82   41 0.87      NA          NA   17
325       acs           3  2.17 6.13 0.75   55 0.67      NA          NA   18
268       acs           3  2.95 5.31 0.84   66 0.64      NA          NA   13
    dlb
333   1
330   1
300   1
325   1
268   1
# 2025-05-13 09:53:15 -04: Iteration 6 of 6
# experimentsUsed: 2283
# remainingBudget: 467
# currentBudget: 467
# nbConfigurations: 40
# Markers:
     x No test is performed.
     c Configurations are discarded only due to capping.
     - The test is performed and some configurations are discarded.
     = The test is performed but no configuration is discarded.
     ! The test is performed and configurations could be discarded but elite configurations are preserved.
     . All alive configurations are elite and nothing is discarded.

+-+-----------+-----------+-----------+----------------+-----------+--------+-----+----+------+
| |   Instance|      Alive|       Best|       Mean best| Exp so far|  W time|  rho|KenW|  Qvar|
+-+-----------+-----------+-----------+----------------+-----------+--------+-----+----+------+
|x|         13|         40|        325|     32410817.00|         40|00:00:53|   NA|  NA|    NA|
|x|          8|         40|        268|     32458542.50|         75|00:00:51|+0.59|0.79|0.1598|
|x|          4|         40|        440|     32505058.67|        110|00:00:52|+0.55|0.70|0.1605|
|x|          3|         40|        325|     32558960.50|        145|00:00:52|+0.52|0.64|0.1805|
|-|          5|         15|        300|     32545360.20|        180|00:00:52|-0.04|0.17|1.0118|
|=|          2|         15|        333|     32537356.50|        190|00:00:20|-0.01|0.16|0.9760|
|=|          1|         15|        325|     32511437.71|        200|00:00:20|+0.04|0.18|0.9456|
|=|          7|         15|        300|     32531409.00|        210|00:00:20|+0.01|0.13|0.9571|
|=|         10|         15|        325|     32561952.89|        220|00:00:20|+0.03|0.14|0.9369|
|=|         11|         15|        446|     32564271.00|        230|00:00:20|+0.04|0.14|0.9308|
|=|          6|         15|        333|     32571710.64|        240|00:00:20|+0.01|0.10|0.9403|
|=|         12|         15|        333|     32552128.50|        250|00:00:20|-0.00|0.08|0.9462|
|=|          9|         15|        446|     32559134.08|        260|00:00:20|+0.02|0.10|0.9179|
|=|         14|         15|        446|     32567719.86|        275|00:00:21|+0.01|0.08|0.9297|
+-+-----------+-----------+-----------+----------------+-----------+--------+-----+----+------+
Best-so-far configuration:         446    mean value:      32567719.86
Description of the best-so-far configuration:
    .ID. algorithm localsearch alpha beta  rho ants   q0 rasrank elitistants
446  446       acs           3  3.33 4.45 0.71   69 0.57      NA          NA
    nnls dlb .PARENT.
446   16   1      333

# 2025-05-13 10:00:45 -04: Elite configurations (first number is the configuration ID; listed from best to worst according to the sum of ranks):
    algorithm localsearch alpha beta  rho ants   q0 rasrank elitistants nnls
446       acs           3  3.33 4.45 0.71   69 0.57      NA          NA   16
325       acs           3  2.17 6.13 0.75   55 0.67      NA          NA   18
333       acs           3  2.79 4.81 0.72   61 0.57      NA          NA   12
447       acs           3  2.95 3.92 0.63   62 0.48      NA          NA   10
268       acs           3  2.95 5.31 0.84   66 0.64      NA          NA   13
    dlb
446   1
325   1
333   1
447   1
268   1
# 2025-05-13 10:00:45 -04: Iteration 7 of 7
# experimentsUsed: 2558
# remainingBudget: 192
# currentBudget: 192
# nbConfigurations: 17
# Markers:
     x No test is performed.
     c Configurations are discarded only due to capping.
     - The test is performed and some configurations are discarded.
     = The test is performed but no configuration is discarded.
     ! The test is performed and configurations could be discarded but elite configurations are preserved.
     . All alive configurations are elite and nothing is discarded.

+-+-----------+-----------+-----------+----------------+-----------+--------+-----+----+------+
| |   Instance|      Alive|       Best|       Mean best| Exp so far|  W time|  rho|KenW|  Qvar|
+-+-----------+-----------+-----------+----------------+-----------+--------+-----+----+------+
|x|         15|         17|        452|     32503567.00|         17|00:00:31|   NA|  NA|    NA|
|x|          4|         17|        325|     32573787.00|         29|00:00:20|+0.14|0.57|0.6413|
|x|         14|         17|        454|     32605704.67|         41|00:00:21|+0.17|0.44|0.6025|
|x|          3|         17|        325|     32631524.00|         53|00:00:20|+0.19|0.39|0.6334|
|=|          7|         17|        452|     32627285.60|         65|00:00:20|+0.15|0.32|0.6707|
|-|         12|         16|        452|     32576372.00|         77|00:00:21|-0.03|0.14|0.9411|
|=|          5|         16|        452|     32557809.29|         88|00:00:21|-0.01|0.14|0.9321|
|=|          6|         16|        452|     32575098.00|         99|00:00:20|+0.00|0.13|0.9199|
|=|          1|         16|        447|     32547670.22|        110|00:00:20|-0.01|0.10|0.9258|
|=|         11|         16|        446|     32568607.90|        121|00:00:20|+0.00|0.10|0.9192|
|=|         10|         16|        446|     32589586.27|        132|00:00:20|+0.03|0.12|0.8932|
|=|          8|         16|        446|     32583398.33|        143|00:00:20|+0.02|0.10|0.8883|
|=|          9|         16|        446|     32579765.69|        154|00:00:20|+0.02|0.10|0.8897|
|=|          2|         16|        446|     32572180.21|        165|00:00:20|+0.04|0.11|0.8698|
|-|         13|         11|        446|     32566482.07|        176|00:00:20|-0.04|0.03|0.9418|
|=|         16|         11|        447|     32538227.31|        187|00:00:20|-0.03|0.04|0.9304|
+-+-----------+-----------+-----------+----------------+-----------+--------+-----+----+------+
Best-so-far configuration:         447    mean value:      32538227.31
Description of the best-so-far configuration:
    .ID. algorithm localsearch alpha beta  rho ants   q0 rasrank elitistants
447  447       acs           3  2.95 3.92 0.63   62 0.48      NA          NA
    nnls dlb .PARENT.
447   10   1      333

# 2025-05-13 10:06:30 -04: Elite configurations (first number is the configuration ID; listed from best to worst according to the sum of ranks):
    algorithm localsearch alpha beta  rho ants   q0 rasrank elitistants nnls
447       acs           3  2.95 3.92 0.63   62 0.48      NA          NA   10
333       acs           3  2.79 4.81 0.72   61 0.57      NA          NA   12
446       acs           3  3.33 4.45 0.71   69 0.57      NA          NA   16
450       acs           3  3.07 4.98 0.73   69 0.62      NA          NA   14
452       acs           3  2.08 5.75 0.74   53 0.65      NA          NA   21
    dlb
447   1
333   1
446   1
450   1
452   1
# 2025-05-13 10:06:30 -04: Stopped because there is not enough budget left to race more than the minimum (5).
# You may either increase the budget or set 'minNbSurvival' to a lower value.
# Iteration: 8
# nbIterations: 8
# experimentsUsed: 2745
# timeUsed: 0
# remainingBudget: 5
# currentBudget: 5
# number of elites: 5
# nbConfigurations: 5
# Total CPU user time: 30538.98, CPU sys time: 227.973, Wall-clock time: 4279.986
# 2025-05-13 10:06:30 -04: Starting post-selection:
# Configurations selected: 447, 333, 446, 450, 452.
# Pending instances: 0, 0, 0, 0, 0.
# 2025-05-13 10:06:30 -04: seed: 123456789
# Configurations: 5
# Available experiments: 5
# minSurvival: 1
# Markers:
     x No test is performed.
     c Configurations are discarded only due to capping.
     - The test is performed and some configurations are discarded.
     = The test is performed but no configuration is discarded.
     ! The test is performed and configurations could be discarded but elite configurations are preserved.
     . All alive configurations are elite and nothing is discarded.

+-+-----------+-----------+-----------+----------------+-----------+--------+-----+----+------+
| |   Instance|      Alive|       Best|       Mean best| Exp so far|  W time|  rho|KenW|  Qvar|
+-+-----------+-----------+-----------+----------------+-----------+--------+-----+----+------+
|.|          7|          5|        447|     32575196.00|          0|00:00:00|   NA|  NA|    NA|
|.|         12|          5|        447|     32406110.50|          0|00:00:00|+0.90|0.95|0.1766|
|.|          1|          5|        447|     32385220.33|          0|00:00:00|-0.07|0.29|0.7521|
|.|         11|          5|        447|     32444628.75|          0|00:00:00|-0.07|0.20|0.7122|
|.|         15|          5|        447|     32467653.20|          0|00:00:00|-0.05|0.16|0.8453|
|.|          2|          5|        447|     32469124.00|          0|00:00:00|-0.09|0.09|0.8858|
|.|         13|          5|        447|     32468578.00|          0|00:00:00|-0.11|0.05|0.8610|
|.|          9|          5|        447|     32471427.75|          0|00:00:00|-0.06|0.07|0.8408|
|.|          6|          5|        447|     32490491.11|          0|00:00:00|-0.06|0.06|0.8215|
|.|         16|          5|        447|     32468133.70|          0|00:00:00|-0.07|0.04|0.8134|
|.|         14|          5|        447|     32489571.09|          0|00:00:00|-0.07|0.02|0.8302|
|.|          3|          5|        447|     32509110.00|          0|00:00:00|-0.08|0.01|0.8396|
|.|         10|          5|        447|     32533937.08|          0|00:00:00|-0.08|0.01|0.8393|
|.|          4|          5|        447|     32543874.14|          0|00:00:00|-0.07|0.01|0.8385|
|.|          8|          5|        447|     32542803.60|          0|00:00:00|-0.05|0.02|0.8409|
|.|          5|          5|        447|     32538227.31|          0|00:00:00|-0.05|0.02|0.8458|
|=|         17|          5|        333|     32547684.76|          5|00:00:10|-0.06|0.01|0.8453|
+-+-----------+-----------+-----------+----------------+-----------+--------+-----+----+------+
Best-so-far configuration:         333    mean value:      32547684.76
Description of the best-so-far configuration:
    .ID. algorithm localsearch alpha beta  rho ants   q0 rasrank elitistants
333  333       acs           3  2.79 4.81 0.72   61 0.57      NA          NA
    nnls dlb .PARENT.
333   12   1      268

# 2025-05-13 10:06:41 -04: Elite configurations (first number is the configuration ID; listed from best to worst according to the sum of ranks):
    algorithm localsearch alpha beta  rho ants   q0 rasrank elitistants nnls
333       acs           3  2.79 4.81 0.72   61 0.57      NA          NA   12
446       acs           3  3.33 4.45 0.71   69 0.57      NA          NA   16
447       acs           3  2.95 3.92 0.63   62 0.48      NA          NA   10
452       acs           3  2.08 5.75 0.74   53 0.65      NA          NA   21
450       acs           3  3.07 4.98 0.73   69 0.62      NA          NA   14
    dlb
333   1
446   1
447   1
452   1
450   1
# Total CPU user time: 30591.04, CPU sys time: 228.433, Wall-clock time: 4290.535
    .ID. algorithm localsearch alpha beta  rho ants   q0 rasrank elitistants
333  333       acs           3  2.79 4.81 0.72   61 0.57      NA          NA
446  446       acs           3  3.33 4.45 0.71   69 0.57      NA          NA
447  447       acs           3  2.95 3.92 0.63   62 0.48      NA          NA
452  452       acs           3  2.08 5.75 0.74   53 0.65      NA          NA
450  450       acs           3  3.07 4.98 0.73   69 0.62      NA          NA
    nnls dlb .PARENT. .RANK.   .WEIGHT.
333   12   1      268     49 0.33333333
446   16   1      333     49 0.26666667
447   10   1      333     51 0.20000000
452   21   1      325     52 0.13333333
450   14   1      446     54 0.06666667
