# 2025-06-12 12:01:31 -04: Reading parameter file '/home/dianag/PruebasPablo/irace-independent-executions/PSO-X/Scenarios/E5-BL-Multimodal-N/Runs/E5-BL-Multimodal-N_seed_9876543210/parameters.txt'.
# 2025-06-12 12:01:31 -04: 2 expression(s) specifying forbidden configurations read.
# 2025-06-12 12:01:31 -04: Initialization
# Elitist race
# Elitist new instances: 1
# Elitist limit: 2
# nbIterations: 5
# minNbSurvival: 5
# nbParameters: 8
# seed: 384890057
# confidence level: 0.95
# budget: 2000
# mu: 5
# deterministic: FALSE

# 2025-06-12 12:01:31 -04: Iteration 1 of 5
# experimentsUsed: 0
# remainingBudget: 2000
# currentBudget: 400
# nbConfigurations: 66
# Markers:
     x No test is performed.
     c Configurations are discarded only due to capping.
     - The test is performed and some configurations are discarded.
     = The test is performed but no configuration is discarded.
     ! The test is performed and configurations could be discarded but elite configurations are preserved.
     . All alive configurations are elite and nothing is discarded.

+-+-----------+-----------+-----------+----------------+-----------+--------+-----+----+------+
| |   Instance|      Alive|       Best|       Mean best| Exp so far|  W time|  rho|KenW|  Qvar|
+-+-----------+-----------+-----------+----------------+-----------+--------+-----+----+------+
|x|          1|         66|         64|   0.06350689228|         66|00:00:21|   NA|  NA|    NA|
|x|          2|         66|          8|     2.570338668|        132|00:00:56|+0.62|0.81|0.4669|
|x|          3|         66|          8|     48910.16833|        198|00:00:30|+0.34|0.56|0.6717|
|x|          4|         66|         14|     37605.26965|        264|00:00:20|+0.43|0.57|0.6249|
|-|          5|         27|          4|     30416.04649|        330|00:00:21|-0.02|0.18|0.9379|
|=|          6|         27|          5|     34663.16018|        357|00:00:27|-0.02|0.15|0.9791|
|=|          7|         27|          5|     29713.76038|        384|00:00:17|+0.07|0.20|0.8994|
+-+-----------+-----------+-----------+----------------+-----------+--------+-----+----+------+
Best-so-far configuration:           5    mean value:      29713.76038
Description of the best-so-far configuration:
  .ID. particles topology modInfluence branching tSchedule phi1 phi2 inertia
5    5       153        1            0        NA        NA 1.88 2.02    0.71
  .PARENT.
5       NA

# 2025-06-12 12:04:47 -04: Elite configurations (first number is the configuration ID; listed from best to worst according to the sum of ranks):
   particles topology modInfluence branching tSchedule phi1 phi2 inertia
5        153        1            0        NA        NA 1.88 2.02    0.71
14       115        0            0        NA        NA 1.72 2.18    0.77
36       118        5            0        NA         6 1.45 0.73    0.89
33        94        1            0        NA        NA 0.51 1.67    0.55
4         78        0            2        NA        NA 0.31 2.33    0.82
# 2025-06-12 12:04:47 -04: Iteration 2 of 5
# experimentsUsed: 384
# remainingBudget: 1616
# currentBudget: 404
# nbConfigurations: 54
# Markers:
     x No test is performed.
     c Configurations are discarded only due to capping.
     - The test is performed and some configurations are discarded.
     = The test is performed but no configuration is discarded.
     ! The test is performed and configurations could be discarded but elite configurations are preserved.
     . All alive configurations are elite and nothing is discarded.

+-+-----------+-----------+-----------+----------------+-----------+--------+-----+----+------+
| |   Instance|      Alive|       Best|       Mean best| Exp so far|  W time|  rho|KenW|  Qvar|
+-+-----------+-----------+-----------+----------------+-----------+--------+-----+----+------+
|x|          8|         54|         74|     20.84252048|         54|00:00:19|   NA|  NA|    NA|
|x|          5|         54|          5|     10.63626793|        103|00:00:17|-0.23|0.39|1.3610|
|x|          6|         54|          5|     20.24042827|        152|00:00:39|-0.04|0.31|1.0969|
|x|          2|         54|          5|     16.18384714|        201|00:00:37|+0.06|0.30|0.9468|
|-|          3|         30|          5|     41590.85756|        250|00:00:22|-0.09|0.13|1.0476|
|=|          4|         30|         87|     19696.61331|        275|00:00:14|-0.03|0.14|0.9716|
|=|          1|         30|         87|     16882.82436|        300|00:00:14|+0.04|0.18|0.9055|
|-|          7|         18|         87|     14787.78424|        325|00:00:14|-0.06|0.07|1.0117|
|=|          9|         18|         14|     16732.47635|        343|00:00:14|-0.05|0.06|1.0117|
|=|         10|         18|         14|     15059.25906|        361|00:00:18|-0.04|0.07|1.0074|
+-+-----------+-----------+-----------+----------------+-----------+--------+-----+----+------+
Best-so-far configuration:          14    mean value:      15059.25906
Description of the best-so-far configuration:
   .ID. particles topology modInfluence branching tSchedule phi1 phi2 inertia
14   14       115        0            0        NA        NA 1.72 2.18    0.77
   .PARENT.
14       NA

# 2025-06-12 12:08:21 -04: Elite configurations (first number is the configuration ID; listed from best to worst according to the sum of ranks):
   particles topology modInfluence branching tSchedule phi1 phi2 inertia
14       115        0            0        NA        NA 1.72 2.18    0.77
87       118        4            0        NA        NA 0.47 2.27    0.46
5        153        1            0        NA        NA 1.88 2.02    0.71
70       126        0            0        NA        NA 1.48 2.42    0.79
71       114        4            0        NA        NA 1.87 2.47    0.44
# 2025-06-12 12:08:21 -04: Iteration 3 of 5
# experimentsUsed: 745
# remainingBudget: 1255
# currentBudget: 418
# nbConfigurations: 42
# Markers:
     x No test is performed.
     c Configurations are discarded only due to capping.
     - The test is performed and some configurations are discarded.
     = The test is performed but no configuration is discarded.
     ! The test is performed and configurations could be discarded but elite configurations are preserved.
     . All alive configurations are elite and nothing is discarded.

+-+-----------+-----------+-----------+----------------+-----------+--------+-----+----+------+
| |   Instance|      Alive|       Best|       Mean best| Exp so far|  W time|  rho|KenW|  Qvar|
+-+-----------+-----------+-----------+----------------+-----------+--------+-----+----+------+
|x|         11|         42|         71|     163.0459000|         42|00:00:20|   NA|  NA|    NA|
|x|          8|         42|        121|     95.23736781|         79|00:00:21|-0.00|0.50|0.9573|
|x|          5|         42|        121|     63.60362470|        116|00:00:19|+0.13|0.42|0.8160|
|x|          6|         42|         87|     56.13990773|        153|00:00:43|+0.09|0.31|0.8760|
|-|          7|         24|          5|     56.65452835|        190|00:00:20|-0.07|0.15|0.9665|
|=|          3|         24|         87|     19735.96095|        209|00:00:20|-0.03|0.14|0.9044|
|=|          1|         24|         87|     16916.55090|        228|00:00:18|-0.01|0.14|0.8741|
|=|          2|         24|         87|     14805.01206|        247|00:00:27|+0.04|0.16|0.8734|
|=|         10|         24|         87|     13160.06058|        266|00:00:21|+0.06|0.16|0.8326|
|-|          4|         18|        127|     7974.729808|        285|00:00:17|-0.04|0.06|0.9953|
|=|          9|         18|         87|     10780.98623|        298|00:00:17|-0.05|0.05|0.9839|
|=|         12|         18|         87|     9916.040895|        316|00:00:17|-0.05|0.04|0.9846|
+-+-----------+-----------+-----------+----------------+-----------+--------+-----+----+------+
Best-so-far configuration:          87    mean value:      9916.040895
Description of the best-so-far configuration:
   .ID. particles topology modInfluence branching tSchedule phi1 phi2 inertia
87   87       118        4            0        NA        NA 0.47 2.27    0.46
   .PARENT.
87       14

# 2025-06-12 12:12:47 -04: Elite configurations (first number is the configuration ID; listed from best to worst according to the sum of ranks):
    particles topology modInfluence branching tSchedule phi1 phi2 inertia
87        118        4            0        NA        NA 0.47 2.27    0.46
145       104        4            0        NA        NA 0.76 2.39    0.40
127        88        0            0        NA        NA 1.65 2.25    0.63
71        114        4            0        NA        NA 1.87 2.47    0.44
151       136        0            0        NA        NA 1.06 1.97    0.71
# 2025-06-12 12:12:47 -04: Iteration 4 of 5
# experimentsUsed: 1061
# remainingBudget: 939
# currentBudget: 469
# nbConfigurations: 40
# Markers:
     x No test is performed.
     c Configurations are discarded only due to capping.
     - The test is performed and some configurations are discarded.
     = The test is performed but no configuration is discarded.
     ! The test is performed and configurations could be discarded but elite configurations are preserved.
     . All alive configurations are elite and nothing is discarded.

+-+-----------+-----------+-----------+----------------+-----------+--------+-----+----+------+
| |   Instance|      Alive|       Best|       Mean best| Exp so far|  W time|  rho|KenW|  Qvar|
+-+-----------+-----------+-----------+----------------+-----------+--------+-----+----+------+
|x|         13|         40|        161|    0.7277249135|         40|00:00:05|   NA|  NA|    NA|
|x|          7|         40|        162|    0.7311863369|         75|00:00:04|-0.13|0.43|0.9491|
|x|          3|         40|        127|     26466.55913|        110|00:00:09|+0.03|0.36|0.7519|
|x|          4|         40|        127|     19856.85745|        145|00:00:03|+0.11|0.33|0.6538|
|=|          8|         40|        127|     15889.67634|        180|00:00:04|+0.10|0.28|0.7419|
|=|          2|         40|        127|     13245.62649|        215|00:00:22|+0.05|0.20|0.7452|
|=|          9|         40|        127|     11373.91975|        250|00:00:04|+0.06|0.19|0.7344|
|-|          1|         23|        127|     9952.185775|        285|00:00:04|-0.06|0.07|0.9982|
|=|          5|         23|        127|     8846.452581|        303|00:00:02|-0.07|0.05|1.0036|
|=|         12|         23|        173|     10320.99730|        321|00:00:01|-0.06|0.05|0.9790|
|=|         11|         23|        173|     9402.703510|        339|00:00:02|-0.06|0.04|0.9637|
|=|         10|         23|         71|     8204.338329|        357|00:00:05|-0.04|0.05|0.9391|
|=|          6|         23|         87|     9153.340788|        375|00:00:13|-0.02|0.06|0.9325|
|=|         14|         23|         87|     8499.673664|        398|00:00:02|-0.01|0.06|0.9207|
+-+-----------+-----------+-----------+----------------+-----------+--------+-----+----+------+
Best-so-far configuration:          87    mean value:      8499.673664
Description of the best-so-far configuration:
   .ID. particles topology modInfluence branching tSchedule phi1 phi2 inertia
87   87       118        4            0        NA        NA 0.47 2.27    0.46
   .PARENT.
87       14

# 2025-06-12 12:14:14 -04: Elite configurations (first number is the configuration ID; listed from best to worst according to the sum of ranks):
    particles topology modInfluence branching tSchedule phi1 phi2 inertia
87        118        4            0        NA        NA 0.47 2.27    0.46
71        114        4            0        NA        NA 1.87 2.47    0.44
145       104        4            0        NA        NA 0.76 2.39    0.40
163       106        4            0        NA        NA 1.70 2.10    0.54
157       101        4            0        NA        NA 0.45 2.45    0.52
# 2025-06-12 12:14:14 -04: Iteration 5 of 5
# experimentsUsed: 1459
# remainingBudget: 541
# currentBudget: 541
# nbConfigurations: 40
# Markers:
     x No test is performed.
     c Configurations are discarded only due to capping.
     - The test is performed and some configurations are discarded.
     = The test is performed but no configuration is discarded.
     ! The test is performed and configurations could be discarded but elite configurations are preserved.
     . All alive configurations are elite and nothing is discarded.

+-+-----------+-----------+-----------+----------------+-----------+--------+-----+----+------+
| |   Instance|      Alive|       Best|       Mean best| Exp so far|  W time|  rho|KenW|  Qvar|
+-+-----------+-----------+-----------+----------------+-----------+--------+-----+----+------+
|x|         15|         40|        221|     138.9763409|         40|00:00:04|   NA|  NA|    NA|
|x|          5|         40|        199|     85.76415959|         75|00:00:03|+0.12|0.56|0.4984|
|x|          7|         40|        207|     65.20216457|        110|00:00:04|+0.30|0.53|0.5162|
|x|         10|         40|        219|     47.02027734|        145|00:00:11|+0.13|0.35|0.7741|
|-|          6|         23|        219|     45.22714370|        180|00:00:25|-0.08|0.14|1.0442|
|=|          2|         23|        219|     38.23347706|        198|00:00:11|+0.04|0.20|0.9536|
|=|         11|         23|        219|     55.63482129|        216|00:00:02|+0.07|0.20|0.9153|
|=|         13|         23|        219|     48.79936585|        234|00:00:02|-0.01|0.12|0.9717|
|=|         14|         23|        219|     43.56255795|        252|00:00:01|-0.03|0.08|0.9783|
|=|          8|         23|        219|     41.30803731|        270|00:00:02|-0.03|0.07|0.9788|
|=|          9|         23|        219|     47.79196913|        288|00:00:02|-0.03|0.06|0.9776|
|=|         12|         23|        219|     81.39911421|        306|00:00:01|-0.03|0.06|0.9850|
|=|          4|         23|        219|     77.15861284|        324|00:00:02|-0.03|0.05|0.9899|
|=|          3|         23|        219|     6584.262388|        342|00:00:05|-0.03|0.05|0.9881|
|=|          1|         23|        219|     6145.319154|        360|00:00:01|-0.01|0.05|0.9729|
|=|         16|         23|        219|     5762.538780|        383|00:00:03|-0.02|0.04|0.9743|
+-+-----------+-----------+-----------+----------------+-----------+--------+-----+----+------+
Best-so-far configuration:         219    mean value:      5762.538780
Description of the best-so-far configuration:
    .ID. particles topology modInfluence branching tSchedule phi1 phi2 inertia
219  219       101        4            0        NA        NA 0.74  2.5    0.47
    .PARENT.
219       87

# 2025-06-12 12:15:39 -04: Elite configurations (first number is the configuration ID; listed from best to worst according to the sum of ranks):
    particles topology modInfluence branching tSchedule phi1 phi2 inertia
219       101        4            0        NA        NA 0.74 2.50    0.47
215       117        4            0        NA        NA 1.06 2.45    0.39
202        98        4            0        NA        NA 1.93 2.49    0.44
221        95        4            0        NA        NA 0.89 2.49    0.37
213        90        4            0        NA        NA 1.99 2.41    0.40
# 2025-06-12 12:15:39 -04: Iteration 6 of 6
# experimentsUsed: 1842
# remainingBudget: 158
# currentBudget: 158
# nbConfigurations: 14
# Markers:
     x No test is performed.
     c Configurations are discarded only due to capping.
     - The test is performed and some configurations are discarded.
     = The test is performed but no configuration is discarded.
     ! The test is performed and configurations could be discarded but elite configurations are preserved.
     . All alive configurations are elite and nothing is discarded.

+-+-----------+-----------+-----------+----------------+-----------+--------+-----+----+------+
| |   Instance|      Alive|       Best|       Mean best| Exp so far|  W time|  rho|KenW|  Qvar|
+-+-----------+-----------+-----------+----------------+-----------+--------+-----+----+------+
|x|         17|         14|        202|     15673.32797|         14|00:00:01|   NA|  NA|    NA|
|x|         16|         14|        223|     7946.074171|         23|00:00:01|-0.03|0.48|1.0155|
|x|         12|         14|        223|     5434.484080|         32|00:00:01|+0.01|0.34|0.7884|
|x|          1|         14|        229|     4319.392449|         41|00:00:01|-0.10|0.18|0.9085|
|=|         13|         14|        223|     3260.883782|         50|00:00:01|-0.03|0.17|0.8914|
|=|         15|         14|        223|     2749.626377|         59|00:00:01|-0.07|0.11|0.9787|
|=|         11|         14|        223|     2384.588556|         68|00:00:01|-0.08|0.08|1.0008|
|=|          6|         14|        219|     2122.123660|         77|00:00:06|-0.08|0.05|1.0104|
|=|         14|         14|        219|     1886.517486|         86|00:00:01|-0.08|0.04|1.0007|
|=|          3|         14|        229|     10443.76389|         95|00:00:02|-0.05|0.06|0.9757|
|=|          9|         14|        219|     9842.536376|        104|00:00:01|-0.05|0.04|0.9700|
|=|          7|         14|        219|     9022.593624|        113|00:00:01|-0.05|0.04|0.9545|
|=|          2|         14|        219|     8328.799126|        122|00:00:06|-0.03|0.05|0.9349|
|=|          4|         14|        219|     7735.761517|        131|00:00:01|-0.03|0.05|0.9304|
|=|         10|         14|        219|     7220.069965|        140|00:00:03|-0.02|0.05|0.9336|
|=|          5|         14|        219|     6768.843326|        149|00:00:01|-0.01|0.05|0.9267|
|=|          8|         14|        219|     6371.912386|        158|00:00:01|-0.01|0.05|0.9340|
+-+-----------+-----------+-----------+----------------+-----------+--------+-----+----+------+
Best-so-far configuration:         219    mean value:      6371.912386
Description of the best-so-far configuration:
    .ID. particles topology modInfluence branching tSchedule phi1 phi2 inertia
219  219       101        4            0        NA        NA 0.74  2.5    0.47
    .PARENT.
219       87

# 2025-06-12 12:16:16 -04: Elite configurations (first number is the configuration ID; listed from best to worst according to the sum of ranks):
    particles topology modInfluence branching tSchedule phi1 phi2 inertia
219       101        4            0        NA        NA 0.74 2.50    0.47
229        87        4            0        NA        NA 2.21 2.48    0.44
223        86        4            0        NA        NA 1.88 2.46    0.51
202        98        4            0        NA        NA 1.93 2.49    0.44
221        95        4            0        NA        NA 0.89 2.49    0.37
# 2025-06-12 12:16:16 -04: Stopped because budget is exhausted
# Iteration: 7
# nbIterations: 6
# experimentsUsed: 2000
# timeUsed: 0
# remainingBudget: 0
# currentBudget: 158
# number of elites: 5
# nbConfigurations: 14
# Total CPU user time: 5591.697, CPU sys time: 61.008, Wall-clock time: 884.733
    .ID. particles topology modInfluence branching tSchedule phi1 phi2 inertia
219  219       101        4            0        NA        NA 0.74 2.50    0.47
229  229        87        4            0        NA        NA 2.21 2.48    0.44
223  223        86        4            0        NA        NA 1.88 2.46    0.51
202  202        98        4            0        NA        NA 1.93 2.49    0.44
221  221        95        4            0        NA        NA 0.89 2.49    0.37
    .PARENT. .RANK.   .WEIGHT.
219       87     99 0.33333333
229      213    111 0.26666667
223      202    112 0.20000000
202       71    117 0.13333333
221      145    121 0.06666667
