# 2025-05-23 09:20:11 -04: Reading parameter file '/home/dianag/PruebasPablo/irace-independent-executions/PSO-X/Scenarios/E9-BL-Unimodal-N/Runs/E9-BL-Unimodal-N_seed_123456789/parameters.txt'.
# 2025-05-23 09:20:11 -04: 2 expression(s) specifying forbidden configurations read.
# 2025-05-23 09:20:11 -04: Initialization
# Elitist race
# Elitist new instances: 1
# Elitist limit: 2
# nbIterations: 5
# minNbSurvival: 5
# nbParameters: 8
# seed: 123456789
# confidence level: 0.95
# budget: 2000
# mu: 5
# deterministic: FALSE

# 2025-05-23 09:20:11 -04: Iteration 1 of 5
# experimentsUsed: 0
# remainingBudget: 2000
# currentBudget: 400
# nbConfigurations: 66
# Markers:
     x No test is performed.
     c Configurations are discarded only due to capping.
     - The test is performed and some configurations are discarded.
     = The test is performed but no configuration is discarded.
     ! The test is performed and configurations could be discarded but elite configurations are preserved.
     . All alive configurations are elite and nothing is discarded.

+-+-----------+-----------+-----------+----------------+-----------+--------+-----+----+------+
| |   Instance|      Alive|       Best|       Mean best| Exp so far|  W time|  rho|KenW|  Qvar|
+-+-----------+-----------+-----------+----------------+-----------+--------+-----+----+------+
|x|          1|         66|         12|     4239.177804|         66|00:00:21|   NA|  NA|    NA|
|x|          2|         66|         35|     9858.606776|        132|00:00:20|+0.55|0.77|0.3502|
|x|          3|         66|         62|     537371.5458|        198|00:00:20|+0.64|0.76|0.2608|
|x|          4|         66|         32|     183983.8175|        264|00:00:20|+0.58|0.68|0.3535|
|-|          5|         22|         32|     2021166.422|        330|00:00:20|+0.07|0.26|0.9297|
|=|          6|         22|         47|     607395.4864|        352|00:00:04|-0.01|0.16|0.9180|
|=|          7|         22|         47|     711752.9446|        374|00:00:03|+0.03|0.17|0.8891|
+-+-----------+-----------+-----------+----------------+-----------+--------+-----+----+------+
Best-so-far configuration:          47    mean value:      711752.9446
Description of the best-so-far configuration:
   .ID. particles topology modInfluence branching tSchedule phi1 phi2 inertia
47   47         9        5            2        NA         3 2.04 2.02    0.31
   .PARENT.
47       NA

# 2025-05-23 09:22:02 -04: Elite configurations (first number is the configuration ID; listed from best to worst according to the sum of ranks):
   particles topology modInfluence branching tSchedule phi1 phi2 inertia
47         9        5            2        NA         3 2.04 2.02    0.31
24        12        0            2        NA        NA 2.39 0.88    0.41
32       152        0            0        NA        NA 2.12 2.09    0.11
55        21        0            1        NA        NA 2.20 0.30    0.03
10        30        1            0        NA        NA 0.91 1.59    0.32
# 2025-05-23 09:22:02 -04: Iteration 2 of 5
# experimentsUsed: 374
# remainingBudget: 1626
# currentBudget: 406
# nbConfigurations: 55
# Markers:
     x No test is performed.
     c Configurations are discarded only due to capping.
     - The test is performed and some configurations are discarded.
     = The test is performed but no configuration is discarded.
     ! The test is performed and configurations could be discarded but elite configurations are preserved.
     . All alive configurations are elite and nothing is discarded.

+-+-----------+-----------+-----------+----------------+-----------+--------+-----+----+------+
| |   Instance|      Alive|       Best|       Mean best| Exp so far|  W time|  rho|KenW|  Qvar|
+-+-----------+-----------+-----------+----------------+-----------+--------+-----+----+------+
|x|          8|         55|         32|    0.4980956889|         55|00:00:23|   NA|  NA|    NA|
|x|          4|         55|         32|     1.579933813|        105|00:00:22|+0.50|0.75|1.0401|
|x|          2|         55|         47|     1.440912787|        155|00:00:22|+0.59|0.73|0.7630|
|x|          6|         55|         74|     43.23688250|        205|00:00:24|+0.50|0.63|0.6946|
|-|          7|         20|         75|     327178.9925|        255|00:00:23|+0.01|0.21|0.9127|
|=|          5|         20|         47|     714706.8666|        270|00:00:03|+0.09|0.24|0.8705|
|=|          1|         20|         75|     712598.5387|        285|00:00:03|+0.01|0.16|0.9428|
|=|          3|         20|         47|     622783.8923|        300|00:00:03|+0.06|0.17|0.9112|
|=|          9|         20|         75|     637523.4905|        320|00:00:04|+0.03|0.14|0.9311|
+-+-----------+-----------+-----------+----------------+-----------+--------+-----+----+------+
Best-so-far configuration:          75    mean value:      637523.4905
Description of the best-so-far configuration:
   .ID. particles topology modInfluence branching tSchedule phi1 phi2 inertia
75   75       113        0            0        NA        NA 1.95 2.46    0.14
   .PARENT.
75       32

# 2025-05-23 09:24:14 -04: Elite configurations (first number is the configuration ID; listed from best to worst according to the sum of ranks):
   particles topology modInfluence branching tSchedule phi1 phi2 inertia
75       113        0            0        NA        NA 1.95 2.46    0.14
47         9        5            2        NA         3 2.04 2.02    0.31
32       152        0            0        NA        NA 2.12 2.09    0.11
88        22        0            1        NA        NA 2.48 1.23    0.55
71        13        1            2        NA        NA 1.33 2.16    0.45
# 2025-05-23 09:24:14 -04: Iteration 3 of 5
# experimentsUsed: 694
# remainingBudget: 1306
# currentBudget: 435
# nbConfigurations: 48
# Markers:
     x No test is performed.
     c Configurations are discarded only due to capping.
     - The test is performed and some configurations are discarded.
     = The test is performed but no configuration is discarded.
     ! The test is performed and configurations could be discarded but elite configurations are preserved.
     . All alive configurations are elite and nothing is discarded.

+-+-----------+-----------+-----------+----------------+-----------+--------+-----+----+------+
| |   Instance|      Alive|       Best|       Mean best| Exp so far|  W time|  rho|KenW|  Qvar|
+-+-----------+-----------+-----------+----------------+-----------+--------+-----+----+------+
|x|         10|         48|        154|     11.76895049|         48|00:00:15|   NA|  NA|    NA|
|x|          3|         48|        139|     297461.4372|         91|00:00:16|+0.23|0.61|0.1038|
|x|          9|         48|         75|     249844.8171|        134|00:00:15|+0.26|0.50|0.5204|
|x|          2|         48|         75|     187385.6916|        177|00:00:14|+0.24|0.43|0.4321|
|-|          1|         26|        148|     170934.0323|        220|00:00:15|-0.05|0.16|0.8793|
|=|          4|         26|        148|     142445.5265|        241|00:00:09|+0.04|0.20|0.8101|
|=|          7|         26|        148|     271505.0929|        262|00:00:09|+0.04|0.18|0.8198|
|-|          8|         16|        148|     237567.0165|        283|00:00:09|-0.03|0.10|0.9653|
|=|          6|         16|        148|     211193.3519|        294|00:00:02|-0.04|0.08|0.9563|
|=|          5|         16|        148|     453606.7760|        305|00:00:01|-0.02|0.09|0.9580|
|=|         11|         16|        148|     412369.9037|        321|00:00:02|+0.01|0.10|0.9395|
+-+-----------+-----------+-----------+----------------+-----------+--------+-----+----+------+
Best-so-far configuration:         148    mean value:      412369.9037
Description of the best-so-far configuration:
    .ID. particles topology modInfluence branching tSchedule phi1 phi2 inertia
148  148        52        0            0        NA        NA 2.39  2.5     0.3
    .PARENT.
148       75

# 2025-05-23 09:26:08 -04: Elite configurations (first number is the configuration ID; listed from best to worst according to the sum of ranks):
    particles topology modInfluence branching tSchedule phi1 phi2 inertia
148        52        0            0        NA        NA 2.39 2.50    0.30
47          9        5            2        NA         3 2.04 2.02    0.31
75        113        0            0        NA        NA 1.95 2.46    0.14
124        78        0            0        NA        NA 1.84 2.18    0.05
134         4        2            0        NA        NA 2.16 2.31    0.14
# 2025-05-23 09:26:08 -04: Iteration 4 of 5
# experimentsUsed: 1015
# remainingBudget: 985
# currentBudget: 492
# nbConfigurations: 45
# Markers:
     x No test is performed.
     c Configurations are discarded only due to capping.
     - The test is performed and some configurations are discarded.
     = The test is performed but no configuration is discarded.
     ! The test is performed and configurations could be discarded but elite configurations are preserved.
     . All alive configurations are elite and nothing is discarded.

+-+-----------+-----------+-----------+----------------+-----------+--------+-----+----+------+
| |   Instance|      Alive|       Best|       Mean best| Exp so far|  W time|  rho|KenW|  Qvar|
+-+-----------+-----------+-----------+----------------+-----------+--------+-----+----+------+
|x|         12|         45|        185|     10125.58465|         45|00:00:12|   NA|  NA|    NA|
|x|          3|         45|        134|     273276.7921|         85|00:00:12|+0.18|0.59|0.3178|
|x|          6|         45|        186|     211054.8341|        125|00:00:12|+0.22|0.48|0.5144|
|x|         10|         45|        186|     158294.2005|        165|00:00:12|+0.13|0.35|0.4610|
|-|          2|         36|        186|     126636.7197|        205|00:00:12|-0.09|0.12|0.9683|
|=|          7|         36|        185|     306948.0461|        236|00:00:03|-0.06|0.12|0.8898|
|=|          4|         36|        189|     302646.6299|        267|00:00:03|-0.03|0.11|0.9057|
|=|          8|         36|        185|     230211.4785|        298|00:00:03|+0.02|0.14|0.8862|
|=|          5|         36|        185|     517479.3382|        329|00:00:03|+0.04|0.14|0.8384|
|=|          1|         36|        197|     450093.2412|        360|00:00:03|+0.00|0.10|0.8731|
|=|         11|         36|        179|     367281.3240|        391|00:00:03|+0.03|0.11|0.8278|
|=|          9|         36|        160|     361293.0988|        422|00:00:03|+0.01|0.09|0.8409|
|=|         13|         36|        179|     310789.5968|        458|00:00:04|+0.03|0.11|0.8075|
+-+-----------+-----------+-----------+----------------+-----------+--------+-----+----+------+
Best-so-far configuration:         179    mean value:      310789.5968
Description of the best-so-far configuration:
    .ID. particles topology modInfluence branching tSchedule phi1 phi2 inertia
179  179        33        0            0        NA        NA 2.43  2.5     0.2
    .PARENT.
179      148

# 2025-05-23 09:27:39 -04: Elite configurations (first number is the configuration ID; listed from best to worst according to the sum of ranks):
    particles topology modInfluence branching tSchedule phi1 phi2 inertia
179        33        0            0        NA        NA 2.43 2.50    0.20
197        42        0            0        NA        NA 2.43 2.14    0.11
160        79        0            0        NA        NA 2.22 2.50    0.33
189        15        0            1        NA        NA 1.85 2.41    0.10
185        25        0            0        NA        NA 2.06 2.18    0.30
# 2025-05-23 09:27:39 -04: Iteration 5 of 5
# experimentsUsed: 1473
# remainingBudget: 527
# currentBudget: 527
# nbConfigurations: 42
# Markers:
     x No test is performed.
     c Configurations are discarded only due to capping.
     - The test is performed and some configurations are discarded.
     = The test is performed but no configuration is discarded.
     ! The test is performed and configurations could be discarded but elite configurations are preserved.
     . All alive configurations are elite and nothing is discarded.

+-+-----------+-----------+-----------+----------------+-----------+--------+-----+----+------+
| |   Instance|      Alive|       Best|       Mean best| Exp so far|  W time|  rho|KenW|  Qvar|
+-+-----------+-----------+-----------+----------------+-----------+--------+-----+----+------+
|x|         14|         42|        204|     63.74537603|         42|00:00:04|   NA|  NA|    NA|
|x|          8|         42|        185|     38.98642478|         79|00:00:03|+0.17|0.59|0.8112|
|x|          4|         42|        203|     28.78569122|        116|00:00:03|+0.01|0.34|0.9442|
|x|         10|         42|        219|     27.96625294|        153|00:00:04|+0.08|0.31|0.9654|
|=|          9|         42|        228|     1250.993181|        190|00:00:04|-0.03|0.17|0.9825|
|=|          3|         42|        212|     94213.12094|        227|00:00:03|+0.02|0.18|0.9357|
|-|         11|         27|        219|     84879.16824|        264|00:00:03|-0.02|0.13|0.9611|
|=|          5|         27|        219|     237956.0248|        286|00:00:02|-0.01|0.11|0.9522|
|=|          6|         27|        219|     211537.7490|        308|00:00:03|-0.01|0.10|0.9477|
|=|          1|         27|        219|     194482.3504|        330|00:00:01|-0.02|0.08|0.9422|
|=|         13|         27|        219|     176802.1807|        352|00:00:01|-0.03|0.07|0.9578|
|=|         12|         27|        219|     163487.0415|        374|00:00:02|-0.03|0.06|0.9441|
|=|          7|         27|        219|     229166.8122|        396|00:00:02|-0.03|0.05|0.9497|
|=|          2|         27|        219|     212797.8107|        418|00:00:02|-0.01|0.06|0.9378|
|=|         15|         27|        219|     198611.3079|        445|00:00:02|+0.01|0.07|0.9256|
+-+-----------+-----------+-----------+----------------+-----------+--------+-----+----+------+
Best-so-far configuration:         219    mean value:      198611.3079
Description of the best-so-far configuration:
    .ID. particles topology modInfluence branching tSchedule phi1 phi2 inertia
219  219        20        0            0        NA        NA 2.17 2.48    0.14
    .PARENT.
219      197

# 2025-05-23 09:28:25 -04: Elite configurations (first number is the configuration ID; listed from best to worst according to the sum of ranks):
    particles topology modInfluence branching tSchedule phi1 phi2 inertia
219        20        0            0        NA        NA 2.17 2.48    0.14
203        19        0            0        NA        NA 2.13 2.48    0.17
204         7        0            0        NA        NA 2.29 2.48    0.24
200        12        0            0        NA        NA 2.25 2.47    0.23
234        41        0            0        NA        NA 2.34 2.31    0.21
# 2025-05-23 09:28:25 -04: Iteration 6 of 6
# experimentsUsed: 1918
# remainingBudget: 82
# currentBudget: 82
# nbConfigurations: 9
# Markers:
     x No test is performed.
     c Configurations are discarded only due to capping.
     - The test is performed and some configurations are discarded.
     = The test is performed but no configuration is discarded.
     ! The test is performed and configurations could be discarded but elite configurations are preserved.
     . All alive configurations are elite and nothing is discarded.

+-+-----------+-----------+-----------+----------------+-----------+--------+-----+----+------+
| |   Instance|      Alive|       Best|       Mean best| Exp so far|  W time|  rho|KenW|  Qvar|
+-+-----------+-----------+-----------+----------------+-----------+--------+-----+----+------+
|x|         16|          9|        219|    0.2601891945|          9|00:00:01|   NA|  NA|    NA|
|x|          3|          9|        219|     296933.0015|         13|00:00:01|+0.13|0.57|0.9125|
|x|          7|          9|        219|     537063.3549|         17|00:00:01|+0.13|0.42|0.6975|
|x|          9|          9|        219|     402841.5023|         21|00:00:01|+0.05|0.29|0.8712|
|=|          1|          9|        203|     298326.0975|         25|00:00:01|-0.01|0.19|0.8741|
|=|          2|          9|        203|     248605.1843|         29|00:00:00|+0.10|0.25|0.7934|
|=|         15|          9|        203|     213090.1935|         33|00:00:01|+0.14|0.26|0.7681|
|=|         14|          9|        203|     186464.2855|         37|00:00:01|+0.09|0.21|0.7738|
|=|          8|          9|        203|     165746.0773|         41|00:00:00|+0.11|0.21|0.7579|
|-|         12|          8|        203|     150845.7417|         45|00:00:00|+0.08|0.17|0.6785|
|=|          4|          8|        203|     137132.7666|         48|00:00:00|+0.06|0.15|0.7323|
|=|         10|          8|        203|     125706.1623|         51|00:00:01|+0.03|0.12|0.7578|
|=|          5|          8|        219|     229152.0944|         54|00:00:01|+0.03|0.11|0.7723|
|=|          6|          8|        219|     212797.7693|         57|00:00:01|+0.03|0.10|0.7852|
|=|         13|          8|        219|     198611.2836|         60|00:00:00|+0.02|0.09|0.8038|
|=|         11|          8|        219|     186198.1174|         63|00:00:00|+0.03|0.09|0.8092|
|=|         17|          8|        219|     175245.3518|         71|00:00:01|+0.00|0.06|0.8328|
+-+-----------+-----------+-----------+----------------+-----------+--------+-----+----+------+
Best-so-far configuration:         219    mean value:      175245.3518
Description of the best-so-far configuration:
    .ID. particles topology modInfluence branching tSchedule phi1 phi2 inertia
219  219        20        0            0        NA        NA 2.17 2.48    0.14
    .PARENT.
219      197

# 2025-05-23 09:28:43 -04: Elite configurations (first number is the configuration ID; listed from best to worst according to the sum of ranks):
    particles topology modInfluence branching tSchedule phi1 phi2 inertia
219        20        0            0        NA        NA 2.17 2.48    0.14
203        19        0            0        NA        NA 2.13 2.48    0.17
240        22        0            0        NA        NA 2.47 2.39    0.12
204         7        0            0        NA        NA 2.29 2.48    0.24
239         9        0            0        NA        NA 2.27 2.20    0.28
# 2025-05-23 09:28:43 -04: Stopped because there is not enough budget left to race more than the minimum (5).
# You may either increase the budget or set 'minNbSurvival' to a lower value.
# Iteration: 7
# nbIterations: 7
# experimentsUsed: 1989
# timeUsed: 0
# remainingBudget: 11
# currentBudget: 11
# number of elites: 5
# nbConfigurations: 5
# Total CPU user time: 2909.796, CPU sys time: 59.797, Wall-clock time: 512.428
# 2025-05-23 09:28:43 -04: Starting post-selection:
# Configurations selected: 219, 203, 240, 204, 239, 200, 234, 179.
# Pending instances: 1, 1, 1, 1, 1, 1, 1, 3.
# 2025-05-23 09:28:43 -04: seed: 123456789
# Configurations: 8
# Available experiments: 11
# minSurvival: 1
# Markers:
     x No test is performed.
     c Configurations are discarded only due to capping.
     - The test is performed and some configurations are discarded.
     = The test is performed but no configuration is discarded.
     ! The test is performed and configurations could be discarded but elite configurations are preserved.
     . All alive configurations are elite and nothing is discarded.

+-+-----------+-----------+-----------+----------------+-----------+--------+-----+----+------+
| |   Instance|      Alive|       Best|       Mean best| Exp so far|  W time|  rho|KenW|  Qvar|
+-+-----------+-----------+-----------+----------------+-----------+--------+-----+----+------+
|.|          6|          8|        219|     191.5425417|          0|00:00:00|   NA|  NA|    NA|
|.|          1|          8|        219|     20587.65285|          0|00:00:00|-0.60|0.20|1.0923|
|.|          9|          8|        219|     13783.75010|          0|00:00:00|-0.08|0.28|0.7479|
|.|          5|          8|        219|     337711.3177|          0|00:00:00|-0.15|0.14|0.9470|
|.|          3|          8|        219|     388942.2027|          0|00:00:00|+0.00|0.20|0.8033|
|.|         13|          8|        219|     324118.5829|          0|00:00:00|-0.00|0.16|0.8094|
|.|         14|          8|        219|     277829.8492|          0|00:00:00|-0.08|0.07|0.8769|
|x|         16|          8|        219|     243101.1506|          1|00:00:00|-0.06|0.07|0.8795|
|.|          7|          8|        219|     329125.9185|          1|00:00:00|-0.04|0.07|0.8553|
|.|         11|          8|        219|     296213.3891|          1|00:00:00|-0.01|0.09|0.8516|
|x|         17|          8|        219|     269284.9993|          2|00:00:00|-0.05|0.05|0.8759|
|.|         15|          8|        219|     246844.6052|          2|00:00:00|-0.02|0.06|0.8561|
|.|         12|          8|        219|     229165.8286|          2|00:00:00|-0.02|0.06|0.8465|
|.|          2|          8|        219|     212796.8973|          2|00:00:00|+0.01|0.08|0.8200|
|.|          8|          8|        219|     198610.4650|          2|00:00:00|+0.02|0.09|0.8192|
|.|         10|          8|        219|     186197.9937|          2|00:00:00|+0.02|0.08|0.8263|
|.|          4|          8|        219|     175245.3518|          2|00:00:00|+0.02|0.08|0.8386|
|=|         18|          8|        219|     221129.4794|         10|00:00:01|+0.04|0.09|0.8203|
+-+-----------+-----------+-----------+----------------+-----------+--------+-----+----+------+
Best-so-far configuration:         219    mean value:      221129.4794
Description of the best-so-far configuration:
    .ID. particles topology modInfluence branching tSchedule phi1 phi2 inertia
219  219        20        0            0        NA        NA 2.17 2.48    0.14
    .PARENT.
219      197

# 2025-05-23 09:28:46 -04: Elite configurations (first number is the configuration ID; listed from best to worst according to the sum of ranks):
    particles topology modInfluence branching tSchedule phi1 phi2 inertia
219        20        0            0        NA        NA 2.17 2.48    0.14
203        19        0            0        NA        NA 2.13 2.48    0.17
240        22        0            0        NA        NA 2.47 2.39    0.12
204         7        0            0        NA        NA 2.29 2.48    0.24
239         9        0            0        NA        NA 2.27 2.20    0.28
# Total CPU user time: 2917.478, CPU sys time: 60.176, Wall-clock time: 515.118
    .ID. particles topology modInfluence branching tSchedule phi1 phi2 inertia
219  219        20        0            0        NA        NA 2.17 2.48    0.14
203  203        19        0            0        NA        NA 2.13 2.48    0.17
240  240        22        0            0        NA        NA 2.47 2.39    0.12
204  204         7        0            0        NA        NA 2.29 2.48    0.24
239  239         9        0            0        NA        NA 2.27 2.20    0.28
    .PARENT. .RANK.   .WEIGHT.
219      197     62 0.33333333
203      179     65 0.26666667
240      219     75 0.20000000
204      179     78 0.13333333
239      204     86 0.06666667
