# 2025-05-13 01:23:52 -04: Reading parameter file '/home/dianag/PruebasPablo/irace-independent-executions/ACOTSP/Scenarios/E1-BL-N/Runs/E1-BL-N_seed_11235813/parameters.txt'.
# 2025-05-13 01:23:52 -04: 1 expression(s) specifying forbidden configurations read.
# 2025-05-13 01:23:52 -04: Initialization
# Elitist race
# Elitist new instances: 1
# Elitist limit: 2
# nbIterations: 5
# minNbSurvival: 5
# nbParameters: 11
# seed: 11235813
# confidence level: 0.95
# budget: 2750
# mu: 5
# deterministic: FALSE

# 2025-05-13 01:23:52 -04: Iteration 1 of 5
# experimentsUsed: 0
# remainingBudget: 2750
# currentBudget: 550
# nbConfigurations: 91
# Markers:
     x No test is performed.
     c Configurations are discarded only due to capping.
     - The test is performed and some configurations are discarded.
     = The test is performed but no configuration is discarded.
     ! The test is performed and configurations could be discarded but elite configurations are preserved.
     . All alive configurations are elite and nothing is discarded.

+-+-----------+-----------+-----------+----------------+-----------+--------+-----+----+------+
| |   Instance|      Alive|       Best|       Mean best| Exp so far|  W time|  rho|KenW|  Qvar|
+-+-----------+-----------+-----------+----------------+-----------+--------+-----+----+------+
|x|          1|         91|         70|     32724902.00|         91|00:02:27|   NA|  NA|    NA|
|x|          2|         91|         70|     32640513.50|        182|00:02:27|+0.95|0.97|0.0022|
|x|          3|         91|         70|     32582691.33|        273|00:02:26|+0.95|0.97|0.0016|
|x|          4|         91|         70|     32490381.50|        364|00:02:24|+0.96|0.97|0.0022|
|-|          5|          4|         70|     32517111.00|        455|00:02:23|+0.36|0.49|0.4772|
+-+-----------+-----------+-----------+----------------+-----------+--------+-----+----+------+
Best-so-far configuration:          70    mean value:      32517111.00
Description of the best-so-far configuration:
   .ID. algorithm localsearch alpha beta rho ants   q0 rasrank elitistants nnls
70   70       acs           3  2.68 3.59 0.9   53 0.52      NA          NA   31
   dlb .PARENT.
70   0       NA

# 2025-05-13 01:36:03 -04: Elite configurations (first number is the configuration ID; listed from best to worst according to the sum of ranks):
   algorithm localsearch alpha beta  rho ants   q0 rasrank elitistants nnls dlb
70       acs           3  2.68 3.59 0.90   53 0.52      NA          NA   31   0
17       acs           3  4.67 0.08 0.40   16 0.88      NA          NA   29   1
27       ras           3  3.73 5.70 0.59   46   NA      33          NA   26   1
51        as           3  2.88 0.86 0.35   63   NA      NA          NA   14   1
# 2025-05-13 01:36:03 -04: Iteration 2 of 5
# experimentsUsed: 455
# remainingBudget: 2295
# currentBudget: 573
# nbConfigurations: 84
# Markers:
     x No test is performed.
     c Configurations are discarded only due to capping.
     - The test is performed and some configurations are discarded.
     = The test is performed but no configuration is discarded.
     ! The test is performed and configurations could be discarded but elite configurations are preserved.
     . All alive configurations are elite and nothing is discarded.

+-+-----------+-----------+-----------+----------------+-----------+--------+-----+----+------+
| |   Instance|      Alive|       Best|       Mean best| Exp so far|  W time|  rho|KenW|  Qvar|
+-+-----------+-----------+-----------+----------------+-----------+--------+-----+----+------+
|x|          6|         84|        142|     32610399.00|         84|00:02:18|   NA|  NA|    NA|
|x|          3|         84|         17|     32569311.00|        164|00:02:11|+0.94|0.97|0.0012|
|x|          5|         84|        141|     32572345.00|        244|00:02:12|+0.95|0.97|0.0017|
|x|          4|         84|        141|     32461639.50|        324|00:02:12|+0.96|0.97|0.0017|
|-|          2|         10|        141|     32452320.00|        404|00:02:15|+0.31|0.45|0.4456|
|-|          1|          5|        141|     32486520.00|        410|00:00:10|+0.02|0.18|0.6921|
+-+-----------+-----------+-----------+----------------+-----------+--------+-----+----+------+
Best-so-far configuration:         141    mean value:      32486520.00
Description of the best-so-far configuration:
    .ID. algorithm localsearch alpha beta  rho ants   q0 rasrank elitistants
141  141       acs           3  2.05 2.23 0.64   49 0.42      NA          NA
    nnls dlb .PARENT.
141   20   1       70

# 2025-05-13 01:47:24 -04: Elite configurations (first number is the configuration ID; listed from best to worst according to the sum of ranks):
    algorithm localsearch alpha beta  rho ants   q0 rasrank elitistants nnls
141       acs           3  2.05 2.23 0.64   49 0.42      NA          NA   20
167       acs           3  2.76 3.94 0.29   57 0.59      NA          NA   34
106       acs           3  2.36 1.20 0.82   52 0.71      NA          NA   11
118       acs           3  1.38 5.41 0.93    8 0.92      NA          NA   33
142       ras           3  3.17 1.53 0.98   84   NA      30          NA   17
    dlb
141   1
167   1
106   0
118   1
142   0
# 2025-05-13 01:47:24 -04: Iteration 3 of 5
# experimentsUsed: 865
# remainingBudget: 1885
# currentBudget: 628
# nbConfigurations: 82
# Markers:
     x No test is performed.
     c Configurations are discarded only due to capping.
     - The test is performed and some configurations are discarded.
     = The test is performed but no configuration is discarded.
     ! The test is performed and configurations could be discarded but elite configurations are preserved.
     . All alive configurations are elite and nothing is discarded.

+-+-----------+-----------+-----------+----------------+-----------+--------+-----+----+------+
| |   Instance|      Alive|       Best|       Mean best| Exp so far|  W time|  rho|KenW|  Qvar|
+-+-----------+-----------+-----------+----------------+-----------+--------+-----+----+------+
|x|          7|         82|        212|     32685340.00|         82|00:02:01|   NA|  NA|    NA|
|x|          4|         82|        212|     32367439.00|        159|00:01:54|+0.95|0.98|0.0064|
|x|          1|         82|        212|     32461744.00|        236|00:01:55|+0.96|0.97|0.0046|
|x|          6|         82|        212|     32499930.75|        313|00:01:55|+0.96|0.97|0.0053|
|-|          5|          9|        212|     32516013.60|        390|00:01:54|+0.38|0.51|0.5179|
|!|          2|          9|        198|     32499367.83|        394|00:00:10|+0.29|0.41|0.6024|
|-|          3|          5|        198|     32501138.14|        398|00:00:10|+0.01|0.15|0.7670|
+-+-----------+-----------+-----------+----------------+-----------+--------+-----+----+------+
Best-so-far configuration:         198    mean value:      32501138.14
Description of the best-so-far configuration:
    .ID. algorithm localsearch alpha beta rho ants   q0 rasrank elitistants
198  198       acs           3   1.8 4.65 0.7   51 0.42      NA          NA
    nnls dlb .PARENT.
198   22   1      141

# 2025-05-13 01:57:27 -04: Elite configurations (first number is the configuration ID; listed from best to worst according to the sum of ranks):
    algorithm localsearch alpha beta  rho ants   q0 rasrank elitistants nnls
198       acs           3  1.80 4.65 0.70   51 0.42      NA          NA   22
212       acs           3  3.39 3.93 0.94   68 0.44      NA          NA   23
141       acs           3  2.05 2.23 0.64   49 0.42      NA          NA   20
246       acs           3  1.30 2.85 0.81    6 0.89      NA          NA   26
211       acs           3  2.68 4.68 0.58   56 0.50      NA          NA   20
    dlb
198   1
212   1
141   1
246   1
211   1
# 2025-05-13 01:57:27 -04: Iteration 4 of 5
# experimentsUsed: 1263
# remainingBudget: 1487
# currentBudget: 743
# nbConfigurations: 86
# Markers:
     x No test is performed.
     c Configurations are discarded only due to capping.
     - The test is performed and some configurations are discarded.
     = The test is performed but no configuration is discarded.
     ! The test is performed and configurations could be discarded but elite configurations are preserved.
     . All alive configurations are elite and nothing is discarded.

+-+-----------+-----------+-----------+----------------+-----------+--------+-----+----+------+
| |   Instance|      Alive|       Best|       Mean best| Exp so far|  W time|  rho|KenW|  Qvar|
+-+-----------+-----------+-----------+----------------+-----------+--------+-----+----+------+
|x|          8|         86|        271|     32547118.00|         86|00:02:02|   NA|  NA|    NA|
|x|          4|         86|        211|     32283854.50|        167|00:01:54|+0.86|0.93|0.0027|
|x|          5|         86|        211|     32381917.33|        248|00:01:54|+0.89|0.93|0.0018|
|x|          6|         86|        249|     32450913.00|        329|00:01:54|+0.90|0.92|0.0023|
|-|          3|         18|        249|     32455763.40|        410|00:01:54|-0.08|0.13|1.0387|
|=|          1|         18|        249|     32485756.00|        423|00:00:20|-0.01|0.16|0.9778|
|=|          7|         18|        249|     32513432.71|        436|00:00:20|-0.00|0.14|0.9688|
|=|          2|         18|        249|     32517497.62|        449|00:00:20|-0.01|0.11|0.9708|
|=|          9|         18|        305|     32465296.56|        467|00:00:31|-0.01|0.10|0.9646|
+-+-----------+-----------+-----------+----------------+-----------+--------+-----+----+------+
Best-so-far configuration:         305    mean value:      32465296.56
Description of the best-so-far configuration:
    .ID. algorithm localsearch alpha beta  rho ants   q0 rasrank elitistants
305  305       acs           3  2.13 1.94 0.42   40 0.26      NA          NA
    nnls dlb .PARENT.
305   13   1      141

# 2025-05-13 02:08:41 -04: Elite configurations (first number is the configuration ID; listed from best to worst according to the sum of ranks):
    algorithm localsearch alpha beta  rho ants   q0 rasrank elitistants nnls
305       acs           3  2.13 1.94 0.42   40 0.26      NA          NA   13
249       acs           3  1.90 4.36 0.47   40 0.39      NA          NA   14
323       acs           3  1.74 3.38 0.78   22 0.60      NA          NA   17
212       acs           3  3.39 3.93 0.94   68 0.44      NA          NA   23
266       acs           3  1.61 3.46 0.94   27 0.49      NA          NA   15
    dlb
305   1
249   1
323   1
212   1
266   1
# 2025-05-13 02:08:41 -04: Iteration 5 of 5
# experimentsUsed: 1730
# remainingBudget: 1020
# currentBudget: 1020
# nbConfigurations: 106
# Markers:
     x No test is performed.
     c Configurations are discarded only due to capping.
     - The test is performed and some configurations are discarded.
     = The test is performed but no configuration is discarded.
     ! The test is performed and configurations could be discarded but elite configurations are preserved.
     . All alive configurations are elite and nothing is discarded.

+-+-----------+-----------+-----------+----------------+-----------+--------+-----+----+------+
| |   Instance|      Alive|       Best|       Mean best| Exp so far|  W time|  rho|KenW|  Qvar|
+-+-----------+-----------+-----------+----------------+-----------+--------+-----+----+------+
|x|         10|        106|        348|     32821710.00|        106|00:02:26|   NA|  NA|    NA|
|x|          8|        106|        405|     32687450.00|        207|00:02:15|+0.57|0.78|0.0025|
|x|          2|        106|        358|     32595947.33|        308|00:02:19|+0.55|0.70|0.0037|
|x|          6|        106|        358|     32590487.50|        409|00:02:16|+0.56|0.67|0.0037|
|-|          9|         39|        323|     32502056.40|        510|00:02:16|-0.08|0.14|1.0618|
|=|          4|         39|        358|     32432659.00|        544|00:00:51|-0.07|0.11|1.0451|
|=|          3|         39|        400|     32443267.14|        578|00:00:51|-0.05|0.10|1.0358|
|=|          7|         39|        400|     32474323.00|        612|00:00:51|-0.03|0.10|1.0086|
|=|          1|         39|        305|     32491553.11|        646|00:00:51|-0.01|0.10|0.9862|
|=|          5|         39|        305|     32504307.80|        680|00:00:51|+0.02|0.11|0.9601|
|=|         11|         39|        305|     32507647.27|        719|00:00:52|+0.02|0.11|0.9576|
+-+-----------+-----------+-----------+----------------+-----------+--------+-----+----+------+
Best-so-far configuration:         305    mean value:      32507647.27
Description of the best-so-far configuration:
    .ID. algorithm localsearch alpha beta  rho ants   q0 rasrank elitistants
305  305       acs           3  2.13 1.94 0.42   40 0.26      NA          NA
    nnls dlb .PARENT.
305   13   1      141

# 2025-05-13 02:25:27 -04: Elite configurations (first number is the configuration ID; listed from best to worst according to the sum of ranks):
    algorithm localsearch alpha beta  rho ants   q0 rasrank elitistants nnls
305       acs           3  2.13 1.94 0.42   40 0.26      NA          NA   13
358       acs           3  1.90 3.67 0.44   45 0.43      NA          NA   16
400       acs           3  1.87 4.98 0.44   38 0.52      NA          NA   15
419       acs           3  2.39 2.72 0.46   55 0.37      NA          NA   13
249       acs           3  1.90 4.36 0.47   40 0.39      NA          NA   14
    dlb
305   1
358   1
400   1
419   1
249   1
# 2025-05-13 02:25:27 -04: Iteration 6 of 6
# experimentsUsed: 2449
# remainingBudget: 301
# currentBudget: 301
# nbConfigurations: 29
# Markers:
     x No test is performed.
     c Configurations are discarded only due to capping.
     - The test is performed and some configurations are discarded.
     = The test is performed but no configuration is discarded.
     ! The test is performed and configurations could be discarded but elite configurations are preserved.
     . All alive configurations are elite and nothing is discarded.

+-+-----------+-----------+-----------+----------------+-----------+--------+-----+----+------+
| |   Instance|      Alive|       Best|       Mean best| Exp so far|  W time|  rho|KenW|  Qvar|
+-+-----------+-----------+-----------+----------------+-----------+--------+-----+----+------+
|x|         12|         29|        446|     32494435.00|         29|00:00:41|   NA|  NA|    NA|
|x|          9|         29|        446|     32297226.00|         53|00:00:31|+0.39|0.70|0.1210|
|x|          3|         29|        452|     32367134.67|         77|00:00:31|+0.36|0.58|0.1401|
|x|          5|         29|        434|     32421682.50|        101|00:00:31|+0.35|0.51|0.1353|
|-|         10|         21|        446|     32510704.80|        125|00:00:31|-0.05|0.16|0.9984|
|=|          8|         21|        453|     32517179.17|        141|00:00:20|+0.03|0.20|0.9169|
|=|          4|         21|        448|     32453794.86|        157|00:00:21|-0.04|0.11|0.9858|
|=|          1|         21|        448|     32475510.62|        173|00:00:20|-0.03|0.10|0.9550|
|=|          2|         21|        448|     32474789.78|        189|00:00:20|-0.02|0.09|0.9551|
|=|         11|         21|        448|     32477526.20|        205|00:00:21|-0.01|0.09|0.9562|
|=|          7|         21|        448|     32496185.36|        221|00:00:20|-0.00|0.09|0.9557|
|=|          6|         21|        446|     32507207.58|        237|00:00:20|+0.00|0.08|0.9481|
|=|         13|         21|        419|     32519762.00|        258|00:00:31|+0.02|0.09|0.9256|
+-+-----------+-----------+-----------+----------------+-----------+--------+-----+----+------+
Best-so-far configuration:         419    mean value:      32519762.00
Description of the best-so-far configuration:
    .ID. algorithm localsearch alpha beta  rho ants   q0 rasrank elitistants
419  419       acs           3  2.39 2.72 0.46   55 0.37      NA          NA
    nnls dlb .PARENT.
419   13   1      305

# 2025-05-13 02:31:13 -04: Elite configurations (first number is the configuration ID; listed from best to worst according to the sum of ranks):
    algorithm localsearch alpha beta  rho ants   q0 rasrank elitistants nnls
419       acs           3  2.39 2.72 0.46   55 0.37      NA          NA   13
446       acs           3  2.00 5.11 0.52   37 0.51      NA          NA   17
448       acs           3  2.32 2.74 0.45   48 0.49      NA          NA   18
358       acs           3  1.90 3.67 0.44   45 0.43      NA          NA   16
441       acs           3  1.52 4.21 0.41   40 0.45      NA          NA   10
    dlb
419   1
446   1
448   1
358   1
441   1
# 2025-05-13 02:31:13 -04: Iteration 7 of 7
# experimentsUsed: 2707
# remainingBudget: 43
# currentBudget: 43
# nbConfigurations: 7
# Markers:
     x No test is performed.
     c Configurations are discarded only due to capping.
     - The test is performed and some configurations are discarded.
     = The test is performed but no configuration is discarded.
     ! The test is performed and configurations could be discarded but elite configurations are preserved.
     . All alive configurations are elite and nothing is discarded.

+-+-----------+-----------+-----------+----------------+-----------+--------+-----+----+------+
| |   Instance|      Alive|       Best|       Mean best| Exp so far|  W time|  rho|KenW|  Qvar|
+-+-----------+-----------+-----------+----------------+-----------+--------+-----+----+------+
|x|         14|          7|        419|     32527279.00|          7|00:00:10|   NA|  NA|    NA|
|x|          9|          7|        419|     32313456.00|          9|00:00:10|-0.36|0.32|1.4359|
|x|          5|          7|        419|     32405180.67|         11|00:00:10|-0.21|0.19|1.1336|
|x|          6|          7|        419|     32451048.00|         13|00:00:10|-0.11|0.17|0.9942|
|=|         12|          7|        446|     32468763.20|         15|00:00:10|-0.04|0.17|0.9811|
|=|          1|          7|        446|     32495164.67|         17|00:00:10|+0.02|0.19|0.9570|
|=|          3|          7|        446|     32498669.00|         19|00:00:10|-0.05|0.10|0.9626|
|=|         13|          7|        446|     32524104.62|         21|00:00:10|-0.05|0.08|0.9526|
|=|          4|          7|        419|     32469503.78|         23|00:00:10|-0.05|0.07|0.9355|
|=|          8|          7|        419|     32475296.90|         25|00:00:10|-0.03|0.07|0.9147|
|=|         10|          7|        446|     32523025.09|         27|00:00:10|-0.02|0.07|0.9144|
|=|          7|          7|        446|     32534130.58|         29|00:00:10|-0.01|0.07|0.9081|
|=|          2|          7|        446|     32529030.00|         31|00:00:10|-0.04|0.04|0.9164|
|=|         11|          7|        419|     32520298.93|         33|00:00:10|-0.04|0.04|0.9104|
|=|         15|          7|        419|     32527085.27|         40|00:00:10|-0.02|0.04|0.8991|
+-+-----------+-----------+-----------+----------------+-----------+--------+-----+----+------+
Best-so-far configuration:         419    mean value:      32527085.27
Description of the best-so-far configuration:
    .ID. algorithm localsearch alpha beta  rho ants   q0 rasrank elitistants
419  419       acs           3  2.39 2.72 0.46   55 0.37      NA          NA
    nnls dlb .PARENT.
419   13   1      305

# 2025-05-13 02:33:50 -04: Elite configurations (first number is the configuration ID; listed from best to worst according to the sum of ranks):
    algorithm localsearch alpha beta  rho ants   q0 rasrank elitistants nnls
419       acs           3  2.39 2.72 0.46   55 0.37      NA          NA   13
448       acs           3  2.32 2.74 0.45   48 0.49      NA          NA   18
446       acs           3  2.00 5.11 0.52   37 0.51      NA          NA   17
358       acs           3  1.90 3.67 0.44   45 0.43      NA          NA   16
455       acs           3  2.02 2.06 0.43   49 0.47      NA          NA   16
    dlb
419   1
448   1
446   1
358   1
455   1
# 2025-05-13 02:33:50 -04: Stopped because there is not enough budget left to race more than the minimum (5).
# You may either increase the budget or set 'minNbSurvival' to a lower value.
# Iteration: 8
# nbIterations: 8
# experimentsUsed: 2747
# timeUsed: 0
# remainingBudget: 3
# currentBudget: 3
# number of elites: 5
# nbConfigurations: 5
# Total CPU user time: 30620.74, CPU sys time: 224.319, Wall-clock time: 4198.281
# 2025-05-13 02:33:50 -04: Starting post-selection:
# Configurations selected: 419, 448, 446.
# Pending instances: 0, 0, 0.
# 2025-05-13 02:33:50 -04: seed: 11235813
# Configurations: 3
# Available experiments: 3
# minSurvival: 1
# Markers:
     x No test is performed.
     c Configurations are discarded only due to capping.
     - The test is performed and some configurations are discarded.
     = The test is performed but no configuration is discarded.
     ! The test is performed and configurations could be discarded but elite configurations are preserved.
     . All alive configurations are elite and nothing is discarded.

+-+-----------+-----------+-----------+----------------+-----------+--------+-----+----+------+
| |   Instance|      Alive|       Best|       Mean best| Exp so far|  W time|  rho|KenW|  Qvar|
+-+-----------+-----------+-----------+----------------+-----------+--------+-----+----+------+
|.|         12|          3|        446|     32494435.00|          0|00:00:00|   NA|  NA|    NA|
|.|          8|          3|        446|     32528570.50|          0|00:00:00|-1.00|0.00|1.3321|
|.|          9|          3|        446|     32385719.33|          0|00:00:00|-0.33|0.11|0.8752|
|.|         13|          3|        446|     32464828.00|          0|00:00:00|-0.08|0.19|0.6934|
|.|          5|          3|        446|     32487049.40|          0|00:00:00|-0.20|0.04|0.7781|
|.|          6|          3|        446|     32497034.67|          0|00:00:00|-0.10|0.08|0.6977|
|.|          7|          3|        446|     32519785.57|          0|00:00:00|+0.00|0.14|0.6319|
|.|         15|          3|        446|     32532611.62|          0|00:00:00|+0.07|0.19|0.5751|
|.|         10|          3|        446|     32569370.56|          0|00:00:00|+0.06|0.16|0.6061|
|.|         11|          3|        446|     32566205.80|          0|00:00:00|-0.03|0.07|0.6725|
|.|          4|          3|        446|     32526940.82|          0|00:00:00|-0.04|0.06|0.6879|
|.|          3|          3|        446|     32526337.00|          0|00:00:00|-0.07|0.02|0.7085|
|.|          1|          3|        446|     32534093.54|          0|00:00:00|-0.06|0.02|0.7048|
|.|          2|          3|        446|     32529359.93|          0|00:00:00|-0.04|0.04|0.7040|
|.|         14|          3|        446|     32535833.80|          0|00:00:00|-0.04|0.03|0.7048|
|=|         16|          3|        419|     32534259.25|          3|00:00:10|-0.05|0.02|0.7048|
+-+-----------+-----------+-----------+----------------+-----------+--------+-----+----+------+
Best-so-far configuration:         419    mean value:      32534259.25
Description of the best-so-far configuration:
    .ID. algorithm localsearch alpha beta  rho ants   q0 rasrank elitistants
419  419       acs           3  2.39 2.72 0.46   55 0.37      NA          NA
    nnls dlb .PARENT.
419   13   1      305

# 2025-05-13 02:34:01 -04: Elite configurations (first number is the configuration ID; listed from best to worst according to the sum of ranks):
    algorithm localsearch alpha beta  rho ants   q0 rasrank elitistants nnls
419       acs           3  2.39 2.72 0.46   55 0.37      NA          NA   13
446       acs           3  2.00 5.11 0.52   37 0.51      NA          NA   17
448       acs           3  2.32 2.74 0.45   48 0.49      NA          NA   18
    dlb
419   1
446   1
448   1
# Total CPU user time: 30651.97, CPU sys time: 224.575, Wall-clock time: 4208.788
    .ID. algorithm localsearch alpha beta  rho ants   q0 rasrank elitistants
419  419       acs           3  2.39 2.72 0.46   55 0.37      NA          NA
446  446       acs           3  2.00 5.11 0.52   37 0.51      NA          NA
448  448       acs           3  2.32 2.74 0.45   48 0.49      NA          NA
    nnls dlb .PARENT. .RANK.  .WEIGHT.
419   13   1      305     30 0.5000000
446   17   1      400     32 0.3333333
448   18   1      358     34 0.1666667
