# 2025-05-13 13:47:35 -04: Reading parameter file '/home/dianag/PruebasPablo/irace-independent-executions/ACOTSP/Scenarios/E2-BL-SR/Runs/E2-BL-SR_seed_777000777/parameters.txt'.
# 2025-05-13 13:47:35 -04: 1 expression(s) specifying forbidden configurations read.
# 2025-05-13 13:47:36 -04: Initialization
# Elitist race
# Elitist new instances: 1
# Elitist limit: 2
# nbIterations: 5
# minNbSurvival: 5
# nbParameters: 11
# seed: 777000777
# confidence level: 0.95
# budget: 2750
# mu: 5
# deterministic: FALSE

# 2025-05-13 13:47:36 -04: Iteration 1 of 5
# experimentsUsed: 0
# remainingBudget: 2750
# currentBudget: 550
# nbConfigurations: 91
# Markers:
     x No test is performed.
     c Configurations are discarded only due to capping.
     - The test is performed and some configurations are discarded.
     = The test is performed but no configuration is discarded.
     ! The test is performed and configurations could be discarded but elite configurations are preserved.
     . All alive configurations are elite and nothing is discarded.

+-+-----------+-----------+-----------+----------------+-----------+--------+-----+----+------+
| |   Instance|      Alive|       Best|       Mean best| Exp so far|  W time|  rho|KenW|  Qvar|
+-+-----------+-----------+-----------+----------------+-----------+--------+-----+----+------+
|x|          1|         91|         22|     32662184.00|         91|00:02:23|   NA|  NA|    NA|
|x|          2|         91|         11|     32636784.00|        182|00:02:21|+0.98|0.99|0.0013|
|x|          3|         91|         11|     32711315.00|        273|00:02:25|+0.98|0.99|0.0013|
|x|          4|         91|         11|     32741296.75|        364|00:02:29|+0.98|0.99|0.0014|
|-|          5|          7|         11|     32683807.40|        455|00:02:34|+0.17|0.33|0.6882|
|-|          6|          4|         11|     32698692.33|        462|00:00:12|-0.03|0.14|0.7781|
+-+-----------+-----------+-----------+----------------+-----------+--------+-----+----+------+
Best-so-far configuration:          11    mean value:      32698692.33
Description of the best-so-far configuration:
   .ID. algorithm localsearch alpha beta  rho ants q0 rasrank elitistants nnls
11   11      mmas           3  1.46  1.7 0.64   38 NA      NA          NA   13
   dlb .PARENT.
11   1       NA

# 2025-05-13 14:00:03 -04: Elite configurations (first number is the configuration ID; listed from best to worst according to the sum of ranks):
   algorithm localsearch alpha beta  rho ants q0 rasrank elitistants nnls dlb
11      mmas           3  1.46 1.70 0.64   38 NA      NA          NA   13   1
22      mmas           2  0.99 5.14 0.91   65 NA      NA          NA    9   1
76       ras           3  2.67 1.78 0.23   63 NA      26          NA   10   1
68      mmas           3  1.10 1.15 0.41    9 NA      NA          NA   30   1
# 2025-05-13 14:00:03 -04: Iteration 2 of 5
# experimentsUsed: 462
# remainingBudget: 2288
# currentBudget: 572
# nbConfigurations: 85
# Markers:
     x No test is performed.
     c Configurations are discarded only due to capping.
     - The test is performed and some configurations are discarded.
     = The test is performed but no configuration is discarded.
     ! The test is performed and configurations could be discarded but elite configurations are preserved.
     . All alive configurations are elite and nothing is discarded.

+-+-----------+-----------+-----------+----------------+-----------+--------+-----+----+------+
| |   Instance|      Alive|       Best|       Mean best| Exp so far|  W time|  rho|KenW|  Qvar|
+-+-----------+-----------+-----------+----------------+-----------+--------+-----+----+------+
|x|          7|         85|         76|     32422913.00|         85|00:02:06|   NA|  NA|    NA|
|x|          1|         85|        130|     32577670.00|        166|00:01:59|+0.99|0.99|0.0023|
|x|          2|         85|        130|     32585353.67|        247|00:02:00|+0.99|0.99|0.0018|
|x|          4|         85|        141|     32632482.75|        328|00:02:00|+0.99|0.99|0.0019|
|-|          5|          7|        141|     32571998.60|        409|00:01:59|+0.01|0.21|0.8742|
|=|          3|          7|        141|     32621680.33|        412|00:00:18|+0.06|0.21|0.8100|
|=|          6|          7|        141|     32638391.86|        415|00:00:17|+0.15|0.27|0.7350|
|=|          8|          7|        141|     32627292.00|        422|00:00:16|+0.10|0.21|0.7696|
+-+-----------+-----------+-----------+----------------+-----------+--------+-----+----+------+
Best-so-far configuration:         141    mean value:      32627292.00
Description of the best-so-far configuration:
    .ID. algorithm localsearch alpha beta  rho ants   q0 rasrank elitistants
141  141       acs           3  4.86 5.64 0.78   56 0.25      NA          NA
    nnls dlb .PARENT.
141   11   1       76

# 2025-05-13 14:11:02 -04: Elite configurations (first number is the configuration ID; listed from best to worst according to the sum of ranks):
    algorithm localsearch alpha beta  rho ants   q0 rasrank elitistants nnls
141       acs           3  4.86 5.64 0.78   56 0.25      NA          NA   11
11       mmas           3  1.46 1.70 0.64   38   NA      NA          NA   13
130       acs           3  4.88 4.73 0.19   34 0.29      NA          NA    8
76        ras           3  2.67 1.78 0.23   63   NA      26          NA   10
22       mmas           2  0.99 5.14 0.91   65   NA      NA          NA    9
    dlb
141   1
11    1
130   1
76    1
22    1
# 2025-05-13 14:11:02 -04: Iteration 3 of 5
# experimentsUsed: 884
# remainingBudget: 1866
# currentBudget: 622
# nbConfigurations: 73
# Markers:
     x No test is performed.
     c Configurations are discarded only due to capping.
     - The test is performed and some configurations are discarded.
     = The test is performed but no configuration is discarded.
     ! The test is performed and configurations could be discarded but elite configurations are preserved.
     . All alive configurations are elite and nothing is discarded.

+-+-----------+-----------+-----------+----------------+-----------+--------+-----+----+------+
| |   Instance|      Alive|       Best|       Mean best| Exp so far|  W time|  rho|KenW|  Qvar|
+-+-----------+-----------+-----------+----------------+-----------+--------+-----+----+------+
|x|          9|         73|        239|     32252275.00|         73|00:01:43|   NA|  NA|    NA|
|x|          1|         73|        239|     32435507.50|        141|00:01:36|+0.94|0.97|0.0071|
|x|          3|         73|        239|     32549576.67|        209|00:01:37|+0.95|0.96|0.0060|
|x|          6|         73|        239|     32572836.50|        277|00:01:37|+0.95|0.97|0.0054|
|-|          2|         10|        239|     32570093.00|        345|00:01:36|+0.37|0.49|0.5086|
|-|          7|          6|        239|     32536847.50|        350|00:00:10|+0.46|0.55|0.3070|
|!|          4|          6|        239|     32561786.00|        351|00:00:10|+0.42|0.51|0.3427|
|!|          5|          6|        239|     32540955.00|        352|00:00:10|+0.42|0.50|0.3966|
|-|          8|          1|        239|     32527305.11|        353|00:00:10|   NA|  NA|    NA|
+-+-----------+-----------+-----------+----------------+-----------+--------+-----+----+------+
Best-so-far configuration:         239    mean value:      32527305.11
Description of the best-so-far configuration:
    .ID. algorithm localsearch alpha beta  rho ants   q0 rasrank elitistants
239  239       acs           3  4.96  7.8 0.06   42 0.68      NA          NA
    nnls dlb .PARENT.
239   27   1      130

# 2025-05-13 14:19:56 -04: Elite configurations (first number is the configuration ID; listed from best to worst according to the sum of ranks):
    algorithm localsearch alpha beta  rho ants   q0 rasrank elitistants nnls
239       acs           3  4.96  7.8 0.06   42 0.68      NA          NA   27
    dlb
239   1
# 2025-05-13 14:19:56 -04: Iteration 4 of 5
# experimentsUsed: 1237
# remainingBudget: 1513
# currentBudget: 756
# nbConfigurations: 76
# Markers:
     x No test is performed.
     c Configurations are discarded only due to capping.
     - The test is performed and some configurations are discarded.
     = The test is performed but no configuration is discarded.
     ! The test is performed and configurations could be discarded but elite configurations are preserved.
     . All alive configurations are elite and nothing is discarded.

+-+-----------+-----------+-----------+----------------+-----------+--------+-----+----+------+
| |   Instance|      Alive|       Best|       Mean best| Exp so far|  W time|  rho|KenW|  Qvar|
+-+-----------+-----------+-----------+----------------+-----------+--------+-----+----+------+
|x|         10|         76|        273|     32635805.00|         76|00:01:55|   NA|  NA|    NA|
|x|          3|         76|        298|     32726513.00|        151|00:01:55|+0.87|0.93|0.0082|
|x|          7|         76|        298|     32607329.33|        226|00:01:56|+0.89|0.93|0.0090|
|x|          6|         76|        298|     32621090.25|        301|00:01:55|+0.89|0.92|0.0081|
|-|          1|          9|        273|     32610012.20|        376|00:01:57|+0.20|0.36|0.8090|
|-|          8|          7|        298|     32588576.50|        384|00:00:10|-0.02|0.15|0.9317|
|=|          4|          7|        298|     32602679.00|        390|00:00:10|-0.04|0.11|0.9128|
|=|          5|          7|        298|     32572418.12|        396|00:00:10|-0.01|0.12|0.8878|
|=|          2|          7|        298|     32568810.67|        402|00:00:10|-0.02|0.09|0.8964|
|=|          9|          7|        298|     32541146.00|        408|00:00:10|-0.07|0.04|0.9148|
|=|         11|          7|        298|     32565392.64|        415|00:00:10|-0.04|0.05|0.9049|
+-+-----------+-----------+-----------+----------------+-----------+--------+-----+----+------+
Best-so-far configuration:         298    mean value:      32565392.64
Description of the best-so-far configuration:
    .ID. algorithm localsearch alpha beta  rho ants   q0 rasrank elitistants
298  298       acs           3   4.8 7.97 0.24   58 0.62      NA          NA
    nnls dlb .PARENT.
298   16   1      239

# 2025-05-13 14:30:39 -04: Elite configurations (first number is the configuration ID; listed from best to worst according to the sum of ranks):
    algorithm localsearch alpha beta  rho ants   q0 rasrank elitistants nnls
298       acs           3  4.80 7.97 0.24   58 0.62      NA          NA   16
270       acs           3  4.60 9.04 0.15   42 0.22      NA          NA   24
275       acs           3  4.16 8.97 0.13   42 0.56      NA          NA   21
239       acs           3  4.96 7.80 0.06   42 0.68      NA          NA   27
273       acs           3  3.82 7.67 0.26   55 0.69      NA          NA   14
    dlb
298   1
270   1
275   1
239   1
273   1
# 2025-05-13 14:30:39 -04: Iteration 5 of 5
# experimentsUsed: 1652
# remainingBudget: 1098
# currentBudget: 1098
# nbConfigurations: 96
# Markers:
     x No test is performed.
     c Configurations are discarded only due to capping.
     - The test is performed and some configurations are discarded.
     = The test is performed but no configuration is discarded.
     ! The test is performed and configurations could be discarded but elite configurations are preserved.
     . All alive configurations are elite and nothing is discarded.

+-+-----------+-----------+-----------+----------------+-----------+--------+-----+----+------+
| |   Instance|      Alive|       Best|       Mean best| Exp so far|  W time|  rho|KenW|  Qvar|
+-+-----------+-----------+-----------+----------------+-----------+--------+-----+----+------+
|x|         12|         96|        369|     32317523.00|         96|00:02:07|   NA|  NA|    NA|
|x|          3|         96|        354|     32535484.00|        187|00:02:04|+0.72|0.86|0.0949|
|x|          8|         96|        354|     32492296.33|        278|00:02:05|+0.67|0.78|0.1007|
|x|          7|         96|        354|     32461057.75|        369|00:02:04|+0.66|0.74|0.1029|
|-|          9|         28|        239|     32434556.40|        460|00:02:04|-0.07|0.14|1.0192|
|=|         11|         28|        385|     32489909.50|        483|00:00:31|-0.03|0.14|0.9823|
|=|          2|         28|        385|     32496714.57|        506|00:00:31|-0.01|0.14|0.9608|
|=|          6|         28|        354|     32521914.38|        529|00:00:31|-0.01|0.12|0.9676|
|=|         10|         28|        354|     32539948.89|        552|00:00:31|-0.02|0.10|0.9681|
|=|          1|         28|        328|     32549696.10|        575|00:00:31|-0.00|0.10|0.9536|
|=|          5|         28|        354|     32525341.36|        598|00:00:31|+0.02|0.11|0.9330|
|=|          4|         28|        354|     32539370.17|        621|00:00:31|+0.03|0.11|0.9257|
|=|         13|         28|        400|     32507383.62|        649|00:00:41|+0.03|0.10|0.9232|
+-+-----------+-----------+-----------+----------------+-----------+--------+-----+----+------+
Best-so-far configuration:         400    mean value:      32507383.62
Description of the best-so-far configuration:
    .ID. algorithm localsearch alpha beta  rho ants   q0 rasrank elitistants
400  400       acs           3  4.97 9.35 0.06   41 0.28      NA          NA
    nnls dlb .PARENT.
400   19   1      270

# 2025-05-13 14:45:27 -04: Elite configurations (first number is the configuration ID; listed from best to worst according to the sum of ranks):
    algorithm localsearch alpha beta  rho ants   q0 rasrank elitistants nnls
400       acs           3  4.97 9.35 0.06   41 0.28      NA          NA   19
354       acs           3  4.49 8.56 0.33   58 0.33      NA          NA   13
298       acs           3  4.80 7.97 0.24   58 0.62      NA          NA   16
348       acs           3  4.55 8.71 0.40   57 0.53      NA          NA   15
385       acs           3  4.97 7.80 0.46   67 0.42      NA          NA   20
    dlb
400   1
354   1
298   1
348   1
385   1
# 2025-05-13 14:45:27 -04: Iteration 6 of 6
# experimentsUsed: 2301
# remainingBudget: 449
# currentBudget: 449
# nbConfigurations: 36
# Markers:
     x No test is performed.
     c Configurations are discarded only due to capping.
     - The test is performed and some configurations are discarded.
     = The test is performed but no configuration is discarded.
     ! The test is performed and configurations could be discarded but elite configurations are preserved.
     . All alive configurations are elite and nothing is discarded.

+-+-----------+-----------+-----------+----------------+-----------+--------+-----+----+------+
| |   Instance|      Alive|       Best|       Mean best| Exp so far|  W time|  rho|KenW|  Qvar|
+-+-----------+-----------+-----------+----------------+-----------+--------+-----+----+------+
|x|         14|         36|        385|     32491158.00|         36|00:00:51|   NA|  NA|    NA|
|x|         13|         36|        432|     32301847.50|         67|00:00:41|+0.49|0.74|0.1892|
|x|          6|         36|        432|     32419974.67|         98|00:00:41|+0.34|0.56|0.2515|
|x|          3|         36|        298|     32505872.00|        129|00:00:41|+0.37|0.53|0.2180|
|-|         12|         21|        298|     32479484.40|        160|00:00:41|-0.09|0.13|1.0417|
|=|         10|         21|        426|     32518550.50|        176|00:00:21|-0.08|0.10|1.0172|
|=|          9|         21|        426|     32482435.43|        192|00:00:20|-0.06|0.09|0.9973|
|=|          4|         21|        426|     32513663.00|        208|00:00:20|-0.03|0.10|0.9748|
|=|         11|         21|        426|     32547456.44|        224|00:00:20|-0.02|0.09|0.9664|
|=|          2|         21|        426|     32546246.90|        240|00:00:20|-0.01|0.09|0.9399|
|=|          7|         21|        426|     32530873.64|        256|00:00:20|+0.02|0.11|0.9154|
|=|          8|         21|        426|     32522355.17|        272|00:00:20|+0.01|0.10|0.9217|
|=|          5|         21|        354|     32505594.77|        288|00:00:20|+0.02|0.10|0.9185|
|=|          1|         21|        354|     32511900.71|        304|00:00:20|+0.02|0.09|0.9181|
|=|         15|         21|        354|     32501101.53|        325|00:00:31|+0.04|0.10|0.8998|
+-+-----------+-----------+-----------+----------------+-----------+--------+-----+----+------+
Best-so-far configuration:         354    mean value:      32501101.53
Description of the best-so-far configuration:
    .ID. algorithm localsearch alpha beta  rho ants   q0 rasrank elitistants
354  354       acs           3  4.49 8.56 0.33   58 0.33      NA          NA
    nnls dlb .PARENT.
354   13   1      298

# 2025-05-13 14:52:45 -04: Elite configurations (first number is the configuration ID; listed from best to worst according to the sum of ranks):
    algorithm localsearch alpha beta  rho ants   q0 rasrank elitistants nnls
354       acs           3  4.49 8.56 0.33   58 0.33      NA          NA   13
400       acs           3  4.97 9.35 0.06   41 0.28      NA          NA   19
426       acs           3  4.65 9.49 0.34   57 0.15      NA          NA   13
385       acs           3  4.97 7.80 0.46   67 0.42      NA          NA   20
432       acs           3  4.59 9.99 0.50   65 0.66      NA          NA   16
    dlb
354   1
400   1
426   1
385   1
432   1
# 2025-05-13 14:52:45 -04: Iteration 7 of 7
# experimentsUsed: 2626
# remainingBudget: 124
# currentBudget: 124
# nbConfigurations: 12
# Markers:
     x No test is performed.
     c Configurations are discarded only due to capping.
     - The test is performed and some configurations are discarded.
     = The test is performed but no configuration is discarded.
     ! The test is performed and configurations could be discarded but elite configurations are preserved.
     . All alive configurations are elite and nothing is discarded.

+-+-----------+-----------+-----------+----------------+-----------+--------+-----+----+------+
| |   Instance|      Alive|       Best|       Mean best| Exp so far|  W time|  rho|KenW|  Qvar|
+-+-----------+-----------+-----------+----------------+-----------+--------+-----+----+------+
|x|         16|         12|        426|     32387211.00|         12|00:00:20|   NA|  NA|    NA|
|x|          6|         12|        354|     32535191.00|         19|00:00:10|+0.06|0.53|0.7566|
|x|         12|         12|        354|     32471353.00|         26|00:00:10|+0.31|0.54|0.4766|
|x|          3|         12|        354|     32535337.50|         33|00:00:10|+0.38|0.53|0.4183|
|-|          8|          7|        354|     32509454.20|         40|00:00:10|-0.04|0.17|0.8825|
|=|          1|          7|        354|     32523524.83|         42|00:00:10|+0.01|0.17|0.8900|
|=|          2|          7|        354|     32524314.86|         44|00:00:10|+0.01|0.15|0.8876|
|=|         15|          7|        354|     32502514.62|         46|00:00:10|+0.01|0.14|0.8953|
|=|         10|          7|        354|     32522704.67|         48|00:00:10|-0.01|0.10|0.8899|
|=|          4|          7|        354|     32539802.90|         50|00:00:10|-0.01|0.09|0.8900|
|=|         13|          7|        354|     32502125.64|         52|00:00:10|-0.02|0.08|0.8850|
|=|         14|          7|        354|     32507683.08|         54|00:00:10|-0.04|0.04|0.8986|
|=|          5|          7|        354|     32493656.46|         56|00:00:10|-0.03|0.05|0.8988|
|=|          7|          7|        354|     32484634.00|         58|00:00:10|-0.04|0.04|0.8906|
|=|         11|          7|        354|     32510041.33|         60|00:00:10|-0.04|0.03|0.8917|
|=|          9|          7|        354|     32496536.44|         62|00:00:10|-0.04|0.03|0.8771|
|=|         17|          7|        354|     32497904.24|         69|00:00:10|-0.03|0.03|0.8708|
+-+-----------+-----------+-----------+----------------+-----------+--------+-----+----+------+
Best-so-far configuration:         354    mean value:      32497904.24
Description of the best-so-far configuration:
    .ID. algorithm localsearch alpha beta  rho ants   q0 rasrank elitistants
354  354       acs           3  4.49 8.56 0.33   58 0.33      NA          NA
    nnls dlb .PARENT.
354   13   1      298

# 2025-05-13 14:55:54 -04: Elite configurations (first number is the configuration ID; listed from best to worst according to the sum of ranks):
    algorithm localsearch alpha beta  rho ants   q0 rasrank elitistants nnls
354       acs           3  4.49 8.56 0.33   58 0.33      NA          NA   13
443       acs           3  4.95 8.64 0.36   63 0.01      NA          NA   15
400       acs           3  4.97 9.35 0.06   41 0.28      NA          NA   19
426       acs           3  4.65 9.49 0.34   57 0.15      NA          NA   13
385       acs           3  4.97 7.80 0.46   67 0.42      NA          NA   20
    dlb
354   1
443   1
400   1
426   1
385   1
# 2025-05-13 14:55:54 -04: Iteration 8 of 8
# experimentsUsed: 2695
# remainingBudget: 55
# currentBudget: 55
# nbConfigurations: 7
# Markers:
     x No test is performed.
     c Configurations are discarded only due to capping.
     - The test is performed and some configurations are discarded.
     = The test is performed but no configuration is discarded.
     ! The test is performed and configurations could be discarded but elite configurations are preserved.
     . All alive configurations are elite and nothing is discarded.

+-+-----------+-----------+-----------+----------------+-----------+--------+-----+----+------+
| |   Instance|      Alive|       Best|       Mean best| Exp so far|  W time|  rho|KenW|  Qvar|
+-+-----------+-----------+-----------+----------------+-----------+--------+-----+----+------+
|x|         18|          7|        426|     32699546.00|          7|00:00:10|   NA|  NA|    NA|
|x|         15|          7|        354|     32543898.50|          9|00:00:10|+0.57|0.79|0.2773|
|x|          2|          7|        443|     32536613.33|         11|00:00:10|+0.69|0.79|0.2408|
|x|          8|          7|        354|     32505693.25|         13|00:00:10|+0.17|0.38|0.6703|
|=|          9|          7|        400|     32454813.20|         15|00:00:10|+0.19|0.35|0.6449|
|=|          3|          7|        354|     32507337.83|         17|00:00:10|+0.12|0.27|0.7053|
|=|         14|          7|        354|     32516120.29|         19|00:00:10|+0.11|0.24|0.7375|
|=|          5|          7|        354|     32492272.38|         21|00:00:10|+0.13|0.24|0.7104|
|-|         17|          6|        443|     32499841.56|         23|00:00:10|-0.06|0.06|0.8674|
|=|          1|          6|        354|     32505184.60|         24|00:00:10|-0.05|0.05|0.8738|
|=|         10|          6|        354|     32521461.00|         25|00:00:10|-0.07|0.02|0.8952|
|=|         13|          6|        354|     32488452.00|         26|00:00:10|-0.06|0.03|0.8818|
|=|          6|          6|        354|     32500288.15|         27|00:00:10|-0.04|0.04|0.8744|
|=|         11|          6|        354|     32526392.14|         28|00:00:10|-0.06|0.02|0.8884|
|=|          4|          6|        443|     32536277.93|         29|00:00:10|-0.05|0.02|0.8826|
|=|          7|          6|        443|     32525134.19|         30|00:00:10|-0.05|0.01|0.8762|
|=|         16|          6|        443|     32518378.82|         31|00:00:10|-0.05|0.01|0.8755|
|=|         12|          6|        443|     32509574.44|         32|00:00:10|-0.05|0.01|0.8697|
|=|         19|          6|        443|     32516178.74|         38|00:00:10|-0.04|0.02|0.8634|
+-+-----------+-----------+-----------+----------------+-----------+--------+-----+----+------+
Best-so-far configuration:         443    mean value:      32516178.74
Description of the best-so-far configuration:
    .ID. algorithm localsearch alpha beta  rho ants   q0 rasrank elitistants
443  443       acs           3  4.95 8.64 0.36   63 0.01      NA          NA
    nnls dlb .PARENT.
443   15   1      426

# 2025-05-13 14:59:13 -04: Elite configurations (first number is the configuration ID; listed from best to worst according to the sum of ranks):
    algorithm localsearch alpha beta  rho ants   q0 rasrank elitistants nnls
443       acs           3  4.95 8.64 0.36   63 0.01      NA          NA   15
354       acs           3  4.49 8.56 0.33   58 0.33      NA          NA   13
445       acs           3  4.86 9.70 0.37   59 0.13      NA          NA   11
426       acs           3  4.65 9.49 0.34   57 0.15      NA          NA   13
385       acs           3  4.97 7.80 0.46   67 0.42      NA          NA   20
    dlb
443   1
354   1
445   1
426   1
385   1
# 2025-05-13 14:59:13 -04: Stopped because there is not enough budget left to race more than the minimum (5).
# You may either increase the budget or set 'minNbSurvival' to a lower value.
# Iteration: 9
# nbIterations: 9
# experimentsUsed: 2733
# timeUsed: 0
# remainingBudget: 17
# currentBudget: 17
# number of elites: 5
# nbConfigurations: 5
# Total CPU user time: 29781.52, CPU sys time: 223.311, Wall-clock time: 4297.104
# 2025-05-13 14:59:13 -04: Starting post-selection:
# Configurations selected: 443, 354, 445, 426, 385, 400, 432, 298.
# Pending instances: 1, 1, 1, 1, 1, 1, 3, 5.
# 2025-05-13 14:59:13 -04: seed: 777000777
# Configurations: 8
# Available experiments: 17
# minSurvival: 1
# Markers:
     x No test is performed.
     c Configurations are discarded only due to capping.
     - The test is performed and some configurations are discarded.
     = The test is performed but no configuration is discarded.
     ! The test is performed and configurations could be discarded but elite configurations are preserved.
     . All alive configurations are elite and nothing is discarded.

+-+-----------+-----------+-----------+----------------+-----------+--------+-----+----+------+
| |   Instance|      Alive|       Best|       Mean best| Exp so far|  W time|  rho|KenW|  Qvar|
+-+-----------+-----------+-----------+----------------+-----------+--------+-----+----+------+
|.|         13|          8|        426|     32065420.00|          0|00:00:00|   NA|  NA|    NA|
|.|          3|          8|        426|     32405191.50|          0|00:00:00|+0.33|0.67|0.6871|
|.|          6|          8|        426|     32510499.33|          0|00:00:00|+0.12|0.41|0.7067|
|.|         12|          8|        426|     32469792.50|          0|00:00:00|-0.03|0.23|0.8139|
|x|         16|          8|        426|     32453276.20|          1|00:00:10|+0.10|0.28|0.7037|
|x|         19|          8|        354|     32480378.33|          3|00:00:10|+0.06|0.21|0.7384|
|.|          7|          8|        354|     32464230.29|          3|00:00:00|+0.02|0.16|0.8185|
|.|         15|          8|        354|     32449940.62|          3|00:00:00|+0.01|0.13|0.8546|
|.|          4|          8|        354|     32477023.56|          3|00:00:00|-0.03|0.08|0.8978|
|.|         14|          8|        354|     32486202.70|          3|00:00:00|-0.03|0.07|0.8976|
|x|         18|          8|        443|     32506484.27|          5|00:00:10|-0.01|0.08|0.8932|
|.|          2|          8|        443|     32507135.58|          5|00:00:00|+0.00|0.08|0.8744|
|x|         17|          8|        443|     32506509.00|          6|00:00:10|+0.03|0.10|0.8589|
|.|          1|          8|        443|     32514558.93|          6|00:00:00|+0.01|0.08|0.8789|
|.|         10|          8|        443|     32525956.40|          6|00:00:00|-0.01|0.05|0.8874|
|.|          5|          8|        443|     32515190.62|          6|00:00:00|+0.00|0.06|0.8815|
|.|          9|          8|        443|     32500802.24|          6|00:00:00|-0.01|0.05|0.8839|
|.|         11|          8|        443|     32519389.22|          6|00:00:00|-0.03|0.03|0.8967|
|.|          8|          8|        443|     32516178.74|          6|00:00:00|-0.03|0.02|0.9036|
|=|         20|          8|        443|     32509450.05|         14|00:00:10|-0.03|0.02|0.9003|
+-+-----------+-----------+-----------+----------------+-----------+--------+-----+----+------+
Best-so-far configuration:         443    mean value:      32509450.05
Description of the best-so-far configuration:
    .ID. algorithm localsearch alpha beta  rho ants   q0 rasrank elitistants
443  443       acs           3  4.95 8.64 0.36   63 0.01      NA          NA
    nnls dlb .PARENT.
443   15   1      426

# 2025-05-13 15:00:05 -04: Elite configurations (first number is the configuration ID; listed from best to worst according to the sum of ranks):
    algorithm localsearch alpha beta  rho ants   q0 rasrank elitistants nnls
443       acs           3  4.95 8.64 0.36   63 0.01      NA          NA   15
354       acs           3  4.49 8.56 0.33   58 0.33      NA          NA   13
385       acs           3  4.97 7.80 0.46   67 0.42      NA          NA   20
445       acs           3  4.86 9.70 0.37   59 0.13      NA          NA   11
426       acs           3  4.65 9.49 0.34   57 0.15      NA          NA   13
    dlb
443   1
354   1
385   1
445   1
426   1
# Total CPU user time: 29927.21, CPU sys time: 224.457, Wall-clock time: 4349.85
    .ID. algorithm localsearch alpha beta  rho ants   q0 rasrank elitistants
443  443       acs           3  4.95 8.64 0.36   63 0.01      NA          NA
354  354       acs           3  4.49 8.56 0.33   58 0.33      NA          NA
385  385       acs           3  4.97 7.80 0.46   67 0.42      NA          NA
445  445       acs           3  4.86 9.70 0.37   59 0.13      NA          NA
426  426       acs           3  4.65 9.49 0.34   57 0.15      NA          NA
    nnls dlb .PARENT. .RANK.   .WEIGHT.
443   15   1      426     76 0.33333333
354   13   1      298     84 0.26666667
385   20   1      298     89 0.20000000
445   11   1      426     90 0.13333333
426   13   1      354     91 0.06666667
