# 2025-05-26 21:46:47 -04: Reading parameter file '/home/dianag/PruebasPablo/irace-independent-executions/PSO-X/Scenarios/E6-BL-Multimodal-SR/Runs/E6-BL-Multimodal-SR_seed_4040404040/parameters.txt'.
# 2025-05-26 21:46:47 -04: 2 expression(s) specifying forbidden configurations read.
# 2025-05-26 21:46:48 -04: Initialization
# Elitist race
# Elitist new instances: 1
# Elitist limit: 2
# nbIterations: 5
# minNbSurvival: 5
# nbParameters: 8
# seed: 1933232689
# confidence level: 0.95
# budget: 2000
# mu: 5
# deterministic: FALSE

# 2025-05-26 21:46:48 -04: Iteration 1 of 5
# experimentsUsed: 0
# remainingBudget: 2000
# currentBudget: 400
# nbConfigurations: 66
# Markers:
     x No test is performed.
     c Configurations are discarded only due to capping.
     - The test is performed and some configurations are discarded.
     = The test is performed but no configuration is discarded.
     ! The test is performed and configurations could be discarded but elite configurations are preserved.
     . All alive configurations are elite and nothing is discarded.

+-+-----------+-----------+-----------+----------------+-----------+--------+-----+----+------+
| |   Instance|      Alive|       Best|       Mean best| Exp so far|  W time|  rho|KenW|  Qvar|
+-+-----------+-----------+-----------+----------------+-----------+--------+-----+----+------+
|x|          1|         66|         51|     89.42891922|         66|00:00:29|   NA|  NA|    NA|
|x|          2|         66|         23|     283.0765815|        132|00:00:26|+0.43|0.71|0.5251|
|x|          3|         66|          4|     322.7332045|        198|00:00:27|+0.53|0.69|0.3639|
|x|          4|         66|          4|     242.1365925|        264|00:00:28|+0.61|0.71|0.2930|
|-|          5|         24|         51|     159.8024645|        330|00:00:28|-0.07|0.15|1.0353|
|=|          6|         24|          4|     165.2936191|        354|00:00:05|-0.04|0.13|1.0085|
|=|          7|         24|         51|     27109.24940|        378|00:00:07|-0.05|0.10|0.9699|
+-+-----------+-----------+-----------+----------------+-----------+--------+-----+----+------+
Best-so-far configuration:          51    mean value:      27109.24940
Description of the best-so-far configuration:
   .ID. particles topology modInfluence branching tSchedule phi1 phi2 inertia
51   51        72        4            0        NA        NA  0.4 2.34    0.67
   .PARENT.
51       NA

# 2025-05-26 21:49:21 -04: Elite configurations (first number is the configuration ID; listed from best to worst according to the sum of ranks):
   particles topology modInfluence branching tSchedule phi1 phi2 inertia
51        72        4            0        NA        NA 0.40 2.34    0.67
4         44        4            0        NA        NA 2.23 0.66    0.85
56        10        4            0        NA        NA 0.86 2.49    0.61
5        119        4            2        NA        NA 0.04 0.97    0.74
40         4        1            2        NA        NA 1.41 1.64    0.13
# 2025-05-26 21:49:21 -04: Iteration 2 of 5
# experimentsUsed: 378
# remainingBudget: 1622
# currentBudget: 405
# nbConfigurations: 55
# Markers:
     x No test is performed.
     c Configurations are discarded only due to capping.
     - The test is performed and some configurations are discarded.
     = The test is performed but no configuration is discarded.
     ! The test is performed and configurations could be discarded but elite configurations are preserved.
     . All alive configurations are elite and nothing is discarded.

+-+-----------+-----------+-----------+----------------+-----------+--------+-----+----+------+
| |   Instance|      Alive|       Best|       Mean best| Exp so far|  W time|  rho|KenW|  Qvar|
+-+-----------+-----------+-----------+----------------+-----------+--------+-----+----+------+
|x|          8|         55|        116|    0.4397934855|         55|00:00:33|   NA|  NA|    NA|
|x|          6|         55|         90|     10.63754382|        105|00:00:21|+0.01|0.51|0.9183|
|x|          4|         55|         73|     7.316028626|        155|00:00:20|+0.07|0.38|0.8376|
|x|          7|         55|         90|     16172.53695|        205|00:00:29|+0.15|0.37|0.7543|
|-|          1|         22|         73|     67008.30146|        255|00:00:20|+0.05|0.24|0.8629|
|=|          5|         22|        116|     29653.49366|        272|00:00:09|-0.01|0.16|0.8605|
|=|          2|         22|         51|     27109.27239|        289|00:00:09|-0.03|0.12|0.8190|
|=|          3|         22|        116|     23163.29338|        306|00:00:09|-0.02|0.11|0.7702|
|=|          9|         22|         73|     37531.80173|        328|00:00:09|-0.02|0.09|0.8084|
+-+-----------+-----------+-----------+----------------+-----------+--------+-----+----+------+
Best-so-far configuration:          73    mean value:      37531.80173
Description of the best-so-far configuration:
   .ID. particles topology modInfluence branching tSchedule phi1 phi2 inertia
73   73       158        4            0        NA        NA 1.51 1.26    0.75
   .PARENT.
73        5

# 2025-05-26 21:52:06 -04: Elite configurations (first number is the configuration ID; listed from best to worst according to the sum of ranks):
    particles topology modInfluence branching tSchedule phi1 phi2 inertia
73        158        4            0        NA        NA 1.51 1.26    0.75
114        93        0            0        NA        NA 0.38 2.13    0.53
51         72        4            0        NA        NA 0.40 2.34    0.67
116       138        4            0        NA        NA 0.93 1.63    0.62
82         79        4            2        NA        NA 1.32 1.27    0.83
# 2025-05-26 21:52:06 -04: Iteration 3 of 5
# experimentsUsed: 706
# remainingBudget: 1294
# currentBudget: 431
# nbConfigurations: 47
# Markers:
     x No test is performed.
     c Configurations are discarded only due to capping.
     - The test is performed and some configurations are discarded.
     = The test is performed but no configuration is discarded.
     ! The test is performed and configurations could be discarded but elite configurations are preserved.
     . All alive configurations are elite and nothing is discarded.

+-+-----------+-----------+-----------+----------------+-----------+--------+-----+----+------+
| |   Instance|      Alive|       Best|       Mean best| Exp so far|  W time|  rho|KenW|  Qvar|
+-+-----------+-----------+-----------+----------------+-----------+--------+-----+----+------+
|x|         10|         47|         51|     166.6013993|         47|00:00:13|   NA|  NA|    NA|
|x|          9|         47|         73|     113.3874667|         89|00:00:13|+0.08|0.54|0.7817|
|x|          4|         47|        125|     74.39513298|        131|00:00:13|+0.29|0.53|0.5515|
|x|          1|         47|        125|     75.93890553|        173|00:00:13|+0.36|0.52|0.4659|
|-|          3|         19|        152|     57.51772814|        215|00:00:13|+0.01|0.21|0.9736|
|=|          7|         19|        152|     146856.8672|        229|00:00:04|+0.04|0.20|0.9500|
|=|          2|         19|        152|     125977.3363|        243|00:00:01|+0.02|0.16|0.9438|
|=|          6|         19|        152|     110232.7879|        257|00:00:02|+0.05|0.17|0.9263|
|-|          8|         12|        152|     97984.96199|        271|00:00:06|+0.03|0.14|0.8910|
|=|          5|         12|        152|     88186.47714|        278|00:00:01|+0.03|0.13|0.8902|
|=|         11|         12|        152|     80228.05102|        290|00:00:01|+0.04|0.13|0.8688|
+-+-----------+-----------+-----------+----------------+-----------+--------+-----+----+------+
Best-so-far configuration:         152    mean value:      80228.05102
Description of the best-so-far configuration:
    .ID. particles topology modInfluence branching tSchedule phi1 phi2 inertia
152  152        53        4            2        NA        NA 0.48 2.19    0.84
    .PARENT.
152       51

# 2025-05-26 21:53:33 -04: Elite configurations (first number is the configuration ID; listed from best to worst according to the sum of ranks):
    particles topology modInfluence branching tSchedule phi1 phi2 inertia
152        53        4            2        NA        NA 0.48 2.19    0.84
51         72        4            0        NA        NA 0.40 2.34    0.67
114        93        0            0        NA        NA 0.38 2.13    0.53
125       101        4            0        NA        NA 0.50 2.25    0.65
143        94        0            0        NA        NA 0.39 2.42    0.06
# 2025-05-26 21:53:33 -04: Iteration 4 of 5
# experimentsUsed: 996
# remainingBudget: 1004
# currentBudget: 502
# nbConfigurations: 46
# Markers:
     x No test is performed.
     c Configurations are discarded only due to capping.
     - The test is performed and some configurations are discarded.
     = The test is performed but no configuration is discarded.
     ! The test is performed and configurations could be discarded but elite configurations are preserved.
     . All alive configurations are elite and nothing is discarded.

+-+-----------+-----------+-----------+----------------+-----------+--------+-----+----+------+
| |   Instance|      Alive|       Best|       Mean best| Exp so far|  W time|  rho|KenW|  Qvar|
+-+-----------+-----------+-----------+----------------+-----------+--------+-----+----+------+
|x|         12|         46|        199|     1.869344067|         46|00:00:10|   NA|  NA|    NA|
|x|         10|         46|         51|     84.34418881|         87|00:00:10|+0.79|0.90|0.7928|
|x|          7|         46|        179|     45991.18989|        128|00:00:15|+0.08|0.39|0.9230|
|x|          1|         46|         51|     47300.72252|        169|00:00:10|+0.24|0.43|0.7144|
|=|          6|         46|        199|     30711.29138|        210|00:00:11|+0.09|0.27|0.8538|
|-|          2|         33|        199|     25660.89010|        251|00:00:09|-0.09|0.09|0.9840|
|=|          4|         33|        199|     21995.10820|        279|00:00:03|-0.04|0.11|0.9220|
|=|          3|         33|        176|     25277.43472|        307|00:00:03|-0.03|0.10|0.9595|
|=|          9|         33|        152|     97984.95230|        335|00:00:03|-0.03|0.09|0.9672|
|=|         11|         33|        199|     15414.03635|        363|00:00:02|-0.03|0.07|0.9830|
|=|          5|         33|        152|     80228.04309|        391|00:00:03|-0.02|0.07|0.9669|
|=|          8|         33|        179|     12668.72629|        419|00:00:09|-0.02|0.06|0.9753|
|=|         13|         33|        179|     11697.26929|        452|00:00:25|-0.03|0.05|0.9899|
+-+-----------+-----------+-----------+----------------+-----------+--------+-----+----+------+
Best-so-far configuration:         179    mean value:      11697.26929
Description of the best-so-far configuration:
    .ID. particles topology modInfluence branching tSchedule phi1 phi2 inertia
179  179        63        4            0        NA        NA 0.58 2.42    0.61
    .PARENT.
179       51

# 2025-05-26 21:55:33 -04: Elite configurations (first number is the configuration ID; listed from best to worst according to the sum of ranks):
    particles topology modInfluence branching tSchedule phi1 phi2 inertia
179        63        4            0        NA        NA 0.58 2.42    0.61
167        44        4            0        NA        NA 0.45 2.09    0.69
188        73        4            0        NA        NA 0.06 2.48    0.55
198        96        4            0        NA        NA 0.00 2.24    0.63
152        53        4            2        NA        NA 0.48 2.19    0.84
# 2025-05-26 21:55:33 -04: Iteration 5 of 5
# experimentsUsed: 1448
# remainingBudget: 552
# currentBudget: 552
# nbConfigurations: 44
# Markers:
     x No test is performed.
     c Configurations are discarded only due to capping.
     - The test is performed and some configurations are discarded.
     = The test is performed but no configuration is discarded.
     ! The test is performed and configurations could be discarded but elite configurations are preserved.
     . All alive configurations are elite and nothing is discarded.

+-+-----------+-----------+-----------+----------------+-----------+--------+-----+----+------+
| |   Instance|      Alive|       Best|       Mean best| Exp so far|  W time|  rho|KenW|  Qvar|
+-+-----------+-----------+-----------+----------------+-----------+--------+-----+----+------+
|x|         14|         44|        235|     22.34264557|         44|00:00:04|   NA|  NA|    NA|
|x|          7|         44|        202|     53992.06372|         83|00:00:09|+0.12|0.56|1.0511|
|x|          8|         44|        223|     37683.83955|        122|00:00:12|+0.13|0.42|0.7195|
|x|          1|         44|        202|     27016.96277|        161|00:00:04|-0.03|0.22|0.7448|
|=|         10|         44|        236|     20821.52670|        200|00:00:03|-0.00|0.20|0.7885|
|=|          3|         44|        223|     18894.82829|        239|00:00:03|-0.03|0.15|0.8477|
|=|         13|         44|        237|     16607.44713|        278|00:00:26|-0.02|0.13|0.8788|
|=|          9|         44|        201|     14065.52582|        317|00:00:04|-0.05|0.08|0.9716|
|=|          6|         44|        215|     15306.26119|        356|00:00:04|-0.03|0.09|0.9427|
|=|          5|         44|        237|     11629.40189|        395|00:00:04|-0.01|0.09|0.9098|
|=|          2|         44|        215|     12572.68455|        434|00:00:03|-0.01|0.08|0.9297|
|=|          4|         44|        237|     9753.463743|        473|00:00:04|-0.01|0.07|0.9292|
|=|         12|         44|        215|     10638.61029|        512|00:00:04|+0.02|0.09|0.8971|
|=|         11|         44|        215|     9910.632289|        551|00:00:03|+0.02|0.09|0.9177|
+-+-----------+-----------+-----------+----------------+-----------+--------+-----+----+------+
Best-so-far configuration:         215    mean value:      9910.632289
Description of the best-so-far configuration:
    .ID. particles topology modInfluence branching tSchedule phi1 phi2 inertia
215  215        58        4            0        NA        NA 0.37 2.48    0.57
    .PARENT.
215      179

# 2025-05-26 21:57:05 -04: Elite configurations (first number is the configuration ID; listed from best to worst according to the sum of ranks):
    particles topology modInfluence branching tSchedule phi1 phi2 inertia
215        58        4            0        NA        NA 0.37 2.48    0.57
237        69        4            0        NA        NA 0.58 2.48    0.63
206        67        4            0        NA        NA 0.89 2.35    0.55
234        55        4            0        NA        NA 0.60 2.25    0.60
218        82        4            0        NA        NA 0.28 2.40    0.61
# 2025-05-26 21:57:05 -04: Stopped because there is not enough budget left to race more than the minimum (5).
# You may either increase the budget or set 'minNbSurvival' to a lower value.
# Iteration: 6
# nbIterations: 6
# experimentsUsed: 1999
# timeUsed: 0
# remainingBudget: 1
# currentBudget: 1
# number of elites: 5
# nbConfigurations: 5
# Total CPU user time: 3777.2, CPU sys time: 59.894, Wall-clock time: 617.976
    .ID. particles topology modInfluence branching tSchedule phi1 phi2 inertia
215  215        58        4            0        NA        NA 0.37 2.48    0.57
237  237        69        4            0        NA        NA 0.58 2.48    0.63
206  206        67        4            0        NA        NA 0.89 2.35    0.55
234  234        55        4            0        NA        NA 0.60 2.25    0.60
218  218        82        4            0        NA        NA 0.28 2.40    0.61
    .PARENT. .RANK.   .WEIGHT.
215      179    221 0.33333333
237      179    237 0.26666667
206      179    238 0.20000000
234      179    254 0.13333333
218      188    257 0.06666667
