# 2025-06-11 11:39:09 -04: Reading parameter file '/home/dianag/PruebasPablo/irace-independent-executions/PSO-X/Scenarios/E4-BH-Mixed-SR/Runs/E4-BH-Mixed-SR_seed_20250512/parameters.txt'.
# 2025-06-11 11:39:09 -04: 2 expression(s) specifying forbidden configurations read.
# 2025-06-11 11:39:09 -04: Initialization
# Elitist race
# Elitist new instances: 1
# Elitist limit: 2
# nbIterations: 5
# minNbSurvival: 5
# nbParameters: 8
# seed: 20250512
# confidence level: 0.95
# budget: 4000
# mu: 5
# deterministic: FALSE

# 2025-06-11 11:39:09 -04: Iteration 1 of 5
# experimentsUsed: 0
# remainingBudget: 4000
# currentBudget: 800
# nbConfigurations: 133
# Markers:
     x No test is performed.
     c Configurations are discarded only due to capping.
     - The test is performed and some configurations are discarded.
     = The test is performed but no configuration is discarded.
     ! The test is performed and configurations could be discarded but elite configurations are preserved.
     . All alive configurations are elite and nothing is discarded.

+-+-----------+-----------+-----------+----------------+-----------+--------+-----+----+------+
| |   Instance|      Alive|       Best|       Mean best| Exp so far|  W time|  rho|KenW|  Qvar|
+-+-----------+-----------+-----------+----------------+-----------+--------+-----+----+------+
|x|          1|        133|          2|     29.64642500|        133|00:01:39|   NA|  NA|    NA|
|x|          2|        133|          2|     16.74153305|        266|00:00:36|+0.22|0.61|0.8117|
|x|          3|        133|          2|     314.2016446|        399|00:03:09|+0.36|0.58|0.6101|
|x|          4|        133|        109|     341.1909001|        532|00:02:08|+0.41|0.56|0.6165|
|-|          5|         56|        109|     378.5340918|        665|00:03:01|-0.09|0.13|1.0571|
|=|          6|         56|        109|     16024.56073|        721|00:00:12|-0.08|0.10|1.0458|
|=|          7|         56|        109|     13882.53041|        777|00:01:24|-0.06|0.09|1.0095|
+-+-----------+-----------+-----------+----------------+-----------+--------+-----+----+------+
Best-so-far configuration:         109    mean value:      13882.53041
Description of the best-so-far configuration:
    .ID. particles topology modInfluence branching tSchedule phi1 phi2 inertia
109  109        84        1            1        NA        NA 1.38 0.06    0.66
    .PARENT.
109       NA

# 2025-06-11 11:51:22 -04: Elite configurations (first number is the configuration ID; listed from best to worst according to the sum of ranks):
    particles topology modInfluence branching tSchedule phi1 phi2 inertia
109        84        1            1        NA        NA 1.38 0.06    0.66
124       180        5            0        NA         4 0.76 1.46    0.62
7          98        5            0        NA         5 2.02 1.25    0.77
2          73        0            0        NA        NA 1.71 2.19    0.43
118        47        0            0        NA        NA 2.47 0.21    0.61
# 2025-06-11 11:51:22 -04: Iteration 2 of 5
# experimentsUsed: 777
# remainingBudget: 3223
# currentBudget: 805
# nbConfigurations: 105
# Markers:
     x No test is performed.
     c Configurations are discarded only due to capping.
     - The test is performed and some configurations are discarded.
     = The test is performed but no configuration is discarded.
     ! The test is performed and configurations could be discarded but elite configurations are preserved.
     . All alive configurations are elite and nothing is discarded.

+-+-----------+-----------+-----------+----------------+-----------+--------+-----+----+------+
| |   Instance|      Alive|       Best|       Mean best| Exp so far|  W time|  rho|KenW|  Qvar|
+-+-----------+-----------+-----------+----------------+-----------+--------+-----+----+------+
|x|          8|        105|        150|     535.7677384|        105|00:02:16|   NA|  NA|    NA|
|x|          2|        105|        173|     270.4923370|        205|00:00:20|+0.34|0.67|0.5971|
|x|          1|        105|        173|     190.2192626|        305|00:01:04|+0.30|0.54|0.7243|
|x|          3|        105|          2|     370.4487544|        405|00:02:16|+0.32|0.49|0.6718|
|-|          7|         30|          2|     477.5542633|        505|00:02:32|-0.02|0.18|1.0678|
|=|          4|         30|          2|     602.8484911|        530|00:00:23|-0.07|0.11|1.0504|
|=|          5|         30|          2|     600.1430398|        555|00:00:35|-0.09|0.07|1.0163|
|=|          6|         30|        197|     10673.88118|        580|00:00:03|-0.06|0.07|0.9880|
|=|          9|         30|        197|     9550.169404|        610|00:00:37|-0.04|0.08|0.9653|
+-+-----------+-----------+-----------+----------------+-----------+--------+-----+----+------+
Best-so-far configuration:         197    mean value:      9550.169404
Description of the best-so-far configuration:
    .ID. particles topology modInfluence branching tSchedule phi1 phi2 inertia
197  197        78        1            1        NA        NA 1.76 1.51    0.59
    .PARENT.
197      109

# 2025-06-11 12:01:33 -04: Elite configurations (first number is the configuration ID; listed from best to worst according to the sum of ranks):
    particles topology modInfluence branching tSchedule phi1 phi2 inertia
197        78        1            1        NA        NA 1.76 1.51    0.59
2          73        0            0        NA        NA 1.71 2.19    0.43
217        98        5            0        NA         5 1.78 2.01    0.33
184        20        1            1        NA        NA 1.53 1.60    0.69
109        84        1            1        NA        NA 1.38 0.06    0.66
# 2025-06-11 12:01:33 -04: Iteration 3 of 5
# experimentsUsed: 1387
# remainingBudget: 2613
# currentBudget: 871
# nbConfigurations: 91
# Markers:
     x No test is performed.
     c Configurations are discarded only due to capping.
     - The test is performed and some configurations are discarded.
     = The test is performed but no configuration is discarded.
     ! The test is performed and configurations could be discarded but elite configurations are preserved.
     . All alive configurations are elite and nothing is discarded.

+-+-----------+-----------+-----------+----------------+-----------+--------+-----+----+------+
| |   Instance|      Alive|       Best|       Mean best| Exp so far|  W time|  rho|KenW|  Qvar|
+-+-----------+-----------+-----------+----------------+-----------+--------+-----+----+------+
|x|         10|         91|        253|     11.07102345|         91|00:00:22|   NA|  NA|    NA|
|x|          6|         91|        303|     41968.71559|        177|00:00:22|+0.26|0.63|0.3861|
|x|          2|         91|        311|     35002.66737|        263|00:00:22|+0.28|0.52|0.2877|
|x|          3|         91|        234|     27557.48161|        349|00:02:03|+0.24|0.43|0.2963|
|-|          5|         52|        303|     17051.48271|        435|00:01:58|-0.11|0.12|1.0109|
|=|          7|         52|        303|     14398.07303|        482|00:01:15|-0.08|0.10|1.0007|
|=|          4|         52|        293|     13765.73157|        529|00:00:46|-0.02|0.13|0.9537|
|=|          1|         52|        297|     12826.59776|        576|00:00:35|+0.00|0.13|0.9541|
|=|          8|         52|        253|     16194.38401|        623|00:01:07|+0.04|0.15|0.9176|
|-|          9|         37|          2|     20129.99411|        670|00:01:08|-0.03|0.07|0.9903|
|=|         11|         37|        297|     9510.184806|        707|00:00:50|-0.02|0.07|0.9758|
|=|         12|         37|        297|     8741.842651|        744|00:00:49|-0.02|0.06|0.9689|
+-+-----------+-----------+-----------+----------------+-----------+--------+-----+----+------+
Best-so-far configuration:         297    mean value:      8741.842651
Description of the best-so-far configuration:
    .ID. particles topology modInfluence branching tSchedule phi1 phi2 inertia
297  297        85        1            1        NA        NA 1.38 1.31    0.63
    .PARENT.
297      197

# 2025-06-11 12:13:15 -04: Elite configurations (first number is the configuration ID; listed from best to worst according to the sum of ranks):
    particles topology modInfluence branching tSchedule phi1 phi2 inertia
297        85        1            1        NA        NA 1.38 1.31    0.63
281       126        5            0        NA         4 2.28 1.83    0.42
217        98        5            0        NA         5 1.78 2.01    0.33
293        55        1            1        NA        NA 1.70 0.71    0.66
292        61        1            0        NA        NA 1.78 2.24    0.28
# 2025-06-11 12:13:15 -04: Iteration 4 of 5
# experimentsUsed: 2131
# remainingBudget: 1869
# currentBudget: 934
# nbConfigurations: 76
# Markers:
     x No test is performed.
     c Configurations are discarded only due to capping.
     - The test is performed and some configurations are discarded.
     = The test is performed but no configuration is discarded.
     ! The test is performed and configurations could be discarded but elite configurations are preserved.
     . All alive configurations are elite and nothing is discarded.

+-+-----------+-----------+-----------+----------------+-----------+--------+-----+----+------+
| |   Instance|      Alive|       Best|       Mean best| Exp so far|  W time|  rho|KenW|  Qvar|
+-+-----------+-----------+-----------+----------------+-----------+--------+-----+----+------+
|x|         13|         76|        374|     23.10994924|         76|00:00:12|   NA|  NA|    NA|
|x|          9|         76|        377|     295.1636364|        147|00:01:37|-0.17|0.42|0.4169|
|x|          5|         76|        359|     360.0149131|        218|00:01:36|+0.03|0.35|0.5179|
|x|          7|         76|        375|     486.3765033|        289|00:01:50|+0.06|0.30|0.5108|
|-|          3|         63|        359|     579.9379631|        360|00:01:38|-0.13|0.09|0.9847|
|=|         12|         63|        387|     531.2305025|        418|00:01:13|-0.08|0.10|0.9490|
|=|          8|         63|        387|     532.8520127|        476|00:01:14|-0.03|0.11|0.9140|
|=|          4|         63|        359|     511.2429989|        534|00:00:47|-0.02|0.11|0.8992|
|=|          2|         63|        387|     519.8403567|        592|00:00:05|+0.01|0.12|0.8680|
|=|         10|         63|        387|     469.2779063|        650|00:00:05|+0.02|0.12|0.8921|
|=|          6|         63|        355|     9082.125749|        708|00:00:05|+0.01|0.10|0.9075|
|=|         11|         63|        336|     7986.376986|        766|00:01:14|+0.02|0.10|0.8918|
|=|          1|         63|        337|     13944.41914|        824|00:00:34|+0.02|0.10|0.8995|
|=|         14|         63|        387|     13586.14585|        887|00:00:55|+0.02|0.09|0.9243|
+-+-----------+-----------+-----------+----------------+-----------+--------+-----+----+------+
Best-so-far configuration:         387    mean value:      13586.14585
Description of the best-so-far configuration:
    .ID. particles topology modInfluence branching tSchedule phi1 phi2 inertia
387  387       108        5            0        NA         5 1.83 1.73    0.41
    .PARENT.
387      281

# 2025-06-11 12:26:27 -04: Elite configurations (first number is the configuration ID; listed from best to worst according to the sum of ranks):
    particles topology modInfluence branching tSchedule phi1 phi2 inertia
387       108        5            0        NA         5 1.83 1.73    0.41
337        80        1            0        NA        NA 2.23 2.31    0.39
330       119        5            0        NA         3 2.27 1.52    0.59
297        85        1            1        NA        NA 1.38 1.31    0.63
217        98        5            0        NA         5 1.78 2.01    0.33
# 2025-06-11 12:26:27 -04: Iteration 5 of 5
# experimentsUsed: 3018
# remainingBudget: 982
# currentBudget: 982
# nbConfigurations: 70
# Markers:
     x No test is performed.
     c Configurations are discarded only due to capping.
     - The test is performed and some configurations are discarded.
     = The test is performed but no configuration is discarded.
     ! The test is performed and configurations could be discarded but elite configurations are preserved.
     . All alive configurations are elite and nothing is discarded.

+-+-----------+-----------+-----------+----------------+-----------+--------+-----+----+------+
| |   Instance|      Alive|       Best|       Mean best| Exp so far|  W time|  rho|KenW|  Qvar|
+-+-----------+-----------+-----------+----------------+-----------+--------+-----+----+------+
|x|         15|         70|        413|     7253.128413|         70|00:00:07|   NA|  NA|    NA|
|x|          2|         70|        437|     3691.372350|        135|00:00:06|-0.07|0.46|0.0338|
|x|         13|         70|        435|     2487.944058|        200|00:00:05|-0.14|0.24|0.0226|
|x|          3|         70|        435|     2093.846275|        265|00:01:28|-0.04|0.22|0.4373|
|=|          5|         70|        413|     1724.116610|        330|00:01:23|+0.04|0.23|0.4143|
|-|          8|         50|        435|     1565.608531|        395|00:01:24|-0.10|0.09|0.9893|
|=|          6|         50|        441|     14131.55465|        440|00:00:05|-0.06|0.09|0.9358|
|=|         11|         50|        393|     17892.15234|        485|00:01:02|-0.03|0.10|0.8968|
|=|          9|         50|        441|     11154.11483|        530|00:01:01|-0.02|0.09|0.9217|
|=|          4|         50|        441|     10125.66671|        575|00:00:39|+0.00|0.10|0.8787|
|=|          1|         50|        441|     9208.055366|        620|00:00:28|-0.01|0.08|0.9230|
|=|         10|         50|        441|     8441.820889|        665|00:00:04|+0.01|0.09|0.9272|
|=|         14|         50|        441|     7873.421117|        710|00:00:39|+0.00|0.08|0.9588|
|=|         12|         50|        441|     7331.275922|        755|00:01:00|+0.00|0.07|0.9553|
|=|          7|         50|        441|     6900.368953|        800|00:01:09|+0.01|0.07|0.9745|
|-|         16|         30|        441|     6479.796951|        850|00:00:05|-0.02|0.04|0.9678|
|=|         17|         30|        413|     10651.60042|        880|00:00:03|-0.01|0.05|0.9774|
|=|         18|         30|        413|     10073.67380|        910|00:00:35|-0.02|0.04|0.9799|
+-+-----------+-----------+-----------+----------------+-----------+--------+-----+----+------+
Best-so-far configuration:         413    mean value:      10073.67380
Description of the best-so-far configuration:
    .ID. particles topology modInfluence branching tSchedule phi1 phi2 inertia
413  413        76        1            0        NA        NA 2.16 2.47    0.46
    .PARENT.
413      337

# 2025-06-11 12:37:59 -04: Elite configurations (first number is the configuration ID; listed from best to worst according to the sum of ranks):
    particles topology modInfluence branching tSchedule phi1 phi2 inertia
413        76        1            0        NA        NA 2.16 2.47    0.46
418        78        1            0        NA        NA 2.01 2.49    0.48
441        93        1            0        NA        NA 2.16 2.29    0.46
393       101        1            0        NA        NA 2.47 2.49    0.42
395        85        1            0        NA        NA 2.13 2.40    0.46
# 2025-06-11 12:37:59 -04: Iteration 6 of 6
# experimentsUsed: 3928
# remainingBudget: 72
# currentBudget: 72
# nbConfigurations: 8
# Markers:
     x No test is performed.
     c Configurations are discarded only due to capping.
     - The test is performed and some configurations are discarded.
     = The test is performed but no configuration is discarded.
     ! The test is performed and configurations could be discarded but elite configurations are preserved.
     . All alive configurations are elite and nothing is discarded.

+-+-----------+-----------+-----------+----------------+-----------+--------+-----+----+------+
| |   Instance|      Alive|       Best|       Mean best| Exp so far|  W time|  rho|KenW|  Qvar|
+-+-----------+-----------+-----------+----------------+-----------+--------+-----+----+------+
|x|         19|          8|        418|     4.685946767|          8|00:00:01|   NA|  NA|    NA|
|x|         17|          8|        418|     15.91490071|         11|00:00:01|-0.05|0.48|0.8648|
|x|          6|          8|        418|     53653.53462|         14|00:00:01|+0.13|0.42|0.7319|
|x|          2|          8|        441|     22430.75559|         17|00:00:00|+0.06|0.29|0.8239|
|=|          1|          8|        441|     17950.99287|         20|00:00:06|-0.03|0.17|0.8641|
|=|          5|          8|        441|     15038.66496|         23|00:00:11|-0.08|0.10|0.8850|
|=|         11|          8|        418|     23199.58019|         26|00:00:12|-0.08|0.07|0.9561|
|=|         14|          8|        418|     20417.02501|         29|00:00:07|-0.08|0.06|0.9526|
|=|         15|          8|        441|     11050.63524|         32|00:00:00|-0.07|0.05|0.9166|
|=|          7|          8|        418|     17162.43034|         35|00:00:13|-0.03|0.07|0.8829|
|=|          3|          8|        418|     15684.85004|         38|00:00:12|-0.02|0.08|0.8678|
|=|         10|          8|        418|     14378.94923|         41|00:00:01|-0.01|0.07|0.8679|
|=|         18|          8|        418|     13292.84475|         44|00:00:12|-0.02|0.06|0.8699|
|=|         16|          8|        418|     12354.67614|         47|00:00:00|-0.03|0.04|0.8854|
|=|          9|          8|        418|     11568.17095|         50|00:00:12|-0.03|0.04|0.8858|
|=|          8|          8|        418|     10879.49575|         53|00:00:12|-0.02|0.04|0.8959|
|=|          4|          8|        418|     10290.43972|         56|00:00:08|-0.00|0.06|0.8771|
|=|         12|          8|        418|     9734.684981|         59|00:00:12|-0.03|0.03|0.8915|
|=|         13|          8|        457|     7934.989894|         62|00:00:01|-0.02|0.03|0.8883|
|=|         20|          8|        457|     7542.861883|         70|00:00:01|-0.03|0.02|0.8962|
+-+-----------+-----------+-----------+----------------+-----------+--------+-----+----+------+
Best-so-far configuration:         457    mean value:      7542.861883
Description of the best-so-far configuration:
    .ID. particles topology modInfluence branching tSchedule phi1 phi2 inertia
457  457        76        1            0        NA        NA 1.88 2.39    0.51
    .PARENT.
457      418

# 2025-06-11 12:40:12 -04: Elite configurations (first number is the configuration ID; listed from best to worst according to the sum of ranks):
    particles topology modInfluence branching tSchedule phi1 phi2 inertia
457        76        1            0        NA        NA 1.88 2.39    0.51
418        78        1            0        NA        NA 2.01 2.49    0.48
441        93        1            0        NA        NA 2.16 2.29    0.46
393       101        1            0        NA        NA 2.47 2.49    0.42
413        76        1            0        NA        NA 2.16 2.47    0.46
# 2025-06-11 12:40:12 -04: Stopped because there is not enough budget left to race more than the minimum (5).
# You may either increase the budget or set 'minNbSurvival' to a lower value.
# Iteration: 7
# nbIterations: 7
# experimentsUsed: 3998
# timeUsed: 0
# remainingBudget: 2
# currentBudget: 2
# number of elites: 5
# nbConfigurations: 5
# Total CPU user time: 32696.41, CPU sys time: 176.124, Wall-clock time: 3663.112
# 2025-06-11 12:40:12 -04: Starting post-selection:
# Configurations selected: 457, 418.
# Pending instances: 0, 0.
# 2025-06-11 12:40:12 -04: seed: 20250512
# Configurations: 2
# Available experiments: 2
# minSurvival: 1
# Markers:
     x No test is performed.
     c Configurations are discarded only due to capping.
     - The test is performed and some configurations are discarded.
     = The test is performed but no configuration is discarded.
     ! The test is performed and configurations could be discarded but elite configurations are preserved.
     . All alive configurations are elite and nothing is discarded.

+-+-----------+-----------+-----------+----------------+-----------+--------+-----+----+------+
| |   Instance|      Alive|       Best|       Mean best| Exp so far|  W time|  rho|KenW|  Qvar|
+-+-----------+-----------+-----------+----------------+-----------+--------+-----+----+------+
|.|          9|          2|        418|     557.0983558|          0|00:00:00|   NA|  NA|    NA|
|.|         13|          2|        418|     304.9078526|          0|00:00:00|-1.00|0.00|1.0000|
|.|         16|          2|        418|     256.0999751|          0|00:00:00|-0.33|0.11|0.6667|
|.|          5|          2|        418|     314.7546702|          0|00:00:00|-0.33|0.00|0.6667|
|.|          7|          2|        418|     425.0785884|          0|00:00:00|-0.20|0.04|0.6000|
|.|          6|          2|        418|     27175.69450|          0|00:00:00|-0.20|0.00|0.6000|
|.|          4|          2|        418|     23417.10146|          0|00:00:00|-0.14|0.02|0.5714|
|.|         14|          2|        418|     20607.35612|          0|00:00:00|-0.07|0.06|0.5357|
|.|          8|          2|        418|     18378.69075|          0|00:00:00|+0.00|0.11|0.5000|
|.|          1|          2|        418|     16544.02836|          0|00:00:00|-0.07|0.04|0.5333|
|.|         18|          2|        418|     15063.62496|          0|00:00:00|-0.02|0.07|0.5091|
|.|          2|          2|        418|     13808.71167|          0|00:00:00|+0.03|0.11|0.4848|
|.|         12|          2|        418|     12768.56881|          0|00:00:00|-0.03|0.05|0.5128|
|.|         10|          2|        418|     11857.53106|          0|00:00:00|+0.01|0.08|0.4945|
|.|         11|          2|        418|     11127.62941|          0|00:00:00|-0.03|0.04|0.5143|
|.|         20|          2|        418|     10437.70699|          0|00:00:00|-0.05|0.02|0.5250|
|.|         19|          2|        418|     9823.999873|          0|00:00:00|-0.06|0.00|0.5294|
|.|          3|          2|        418|     9328.724714|          0|00:00:00|-0.06|0.00|0.5294|
|.|         15|          2|        418|     9228.356520|          0|00:00:00|-0.05|0.00|0.5263|
|.|         17|          2|        418|     8768.295887|          0|00:00:00|-0.04|0.01|0.5211|
|=|         21|          2|        457|     7226.980073|          2|00:00:12|-0.03|0.02|0.5143|
+-+-----------+-----------+-----------+----------------+-----------+--------+-----+----+------+
Best-so-far configuration:         457    mean value:      7226.980073
Description of the best-so-far configuration:
    .ID. particles topology modInfluence branching tSchedule phi1 phi2 inertia
457  457        76        1            0        NA        NA 1.88 2.39    0.51
    .PARENT.
457      418

# 2025-06-11 12:40:24 -04: Elite configurations (first number is the configuration ID; listed from best to worst according to the sum of ranks):
    particles topology modInfluence branching tSchedule phi1 phi2 inertia
457        76        1            0        NA        NA 1.88 2.39    0.51
418        78        1            0        NA        NA 2.01 2.49    0.48
# Total CPU user time: 32721.6, CPU sys time: 176.245, Wall-clock time: 3675.792
    .ID. particles topology modInfluence branching tSchedule phi1 phi2 inertia
457  457        76        1            0        NA        NA 1.88 2.39    0.51
418  418        78        1            0        NA        NA 2.01 2.49    0.48
    .PARENT. .RANK.  .WEIGHT.
457      418     30 0.6666667
418      337     33 0.3333333
